#
# There is insufficient memory for the Java Runtime Environment to continue.
# Native memory allocation (mmap) failed to map 84934656 bytes for committing reserved memory.
# Possible reasons:
#   The system is out of physical RAM or swap space
#   In 32 bit mode, the process size limit was hit
# Possible solutions:
#   Reduce memory load on the system
#   Increase physical memory or swap space
#   Check if swap backing store is full
#   Use 64 bit Java on a 64 bit OS
#   Decrease Java heap size (-Xmx/-Xms)
#   Decrease number of Java threads
#   Decrease Java thread stack sizes (-Xss)
#   Set larger code cache with -XX:ReservedCodeCacheSize=
# This output file may be truncated or incomplete.
#
#  Out of Memory Error (os_linux.cpp:2627), pid=4813, tid=0x00007ff3c81e6700
#
# JRE version: OpenJDK Runtime Environment (8.0_112-b06) (build 1.8.0_112-release-b06)
# Java VM: OpenJDK 64-Bit Server VM (25.112-b06 mixed mode linux-amd64 compressed oops)
# Failed to write core dump. Core dumps have been disabled. To enable core dumping, try "ulimit -c unlimited" before starting Java again
#

---------------  T H R E A D  ---------------

Current thread (0x00007ff3c4077800):  VMThread [stack: 0x00007ff3c80e6000,0x00007ff3c81e7000] [id=4822]

Stack: [0x00007ff3c80e6000,0x00007ff3c81e7000],  sp=0x00007ff3c81e5520,  free space=1021k
Native frames: (J=compiled Java code, j=interpreted, Vv=VM code, C=native code)
V  [libjvm.so+0x9e465d]  VMError::report_and_die()+0x15d
V  [libjvm.so+0x4b6ada]  report_vm_out_of_memory(char const*, int, unsigned long, VMErrorType, char const*)+0x8a
V  [libjvm.so+0x84c860]  os::pd_commit_memory(char*, unsigned long, unsigned long, bool)+0xf0
V  [libjvm.so+0x84737f]  os::commit_memory(char*, unsigned long, unsigned long, bool)+0x1f
V  [libjvm.so+0x8bd3db]  PSVirtualSpace::expand_by(unsigned long)+0x5b
V  [libjvm.so+0x8ae1bb]  PSOldGen::expand_by(unsigned long) [clone .part.109]+0x1b
V  [libjvm.so+0x8ae37b]  PSOldGen::expand(unsigned long) [clone .part.111]+0xdb
V  [libjvm.so+0x8aec58]  PSOldGen::resize(unsigned long)+0x188
V  [libjvm.so+0x8b426c]  PSParallelCompact::invoke_no_policy(bool)+0x97c
V  [libjvm.so+0x8bb37d]  PSScavenge::invoke()+0x17d
V  [libjvm.so+0x9e62b5]  VM_ParallelGCSystemGC::doit()+0xf5
V  [libjvm.so+0x9ea537]  VM_Operation::evaluate()+0x47
V  [libjvm.so+0x9e8ff8]  VMThread::evaluate_operation(VM_Operation*)+0x2c8
V  [libjvm.so+0x9e9479]  VMThread::loop()+0x219
V  [libjvm.so+0x9e98c2]  VMThread::run()+0x72
V  [libjvm.so+0x849c82]  java_start(Thread*)+0xf2

VM_Operation (0x00007ff3a4abe180): ParallelGCSystemGC, mode: safepoint, requested by thread 0x00007ff361494800


---------------  P R O C E S S  ---------------

Java Threads: ( => current thread )
  0x00007ff34005c800 JavaThread "pool-5-thread-4" [_thread_blocked, id=4852, stack(0x00007ff3a44ba000,0x00007ff3a45bb000)]
  0x00007ff34005a800 JavaThread "pool-5-thread-3" [_thread_blocked, id=4851, stack(0x00007ff3a45bb000,0x00007ff3a46bc000)]
  0x00007ff340058800 JavaThread "pool-5-thread-2" [_thread_blocked, id=4850, stack(0x00007ff3a46bc000,0x00007ff3a47bd000)]
  0x00007ff340057000 JavaThread "pool-6-thread-1" [_thread_blocked, id=4849, stack(0x00007ff3a47bd000,0x00007ff3a48be000)]
  0x00007ff340056000 JavaThread "pool-5-thread-1" [_thread_blocked, id=4848, stack(0x00007ff3a48be000,0x00007ff3a49bf000)]
  0x00007ff361494800 JavaThread "pool-3-thread-1" [_thread_blocked, id=4847, stack(0x00007ff3a49bf000,0x00007ff3a4ac0000)]
  0x00007ff361070000 JavaThread "Cache update executor" [_thread_blocked, id=4846, stack(0x00007ff3a4cc0000,0x00007ff3a4dc1000)]
  0x00007ff360cbd800 JavaThread "pool-2-thread-1" [_thread_blocked, id=4845, stack(0x00007ff3a5ec6000,0x00007ff3a5fc7000)]
  0x00007ff360e0c000 JavaThread "File lock request listener" [_thread_in_native, id=4844, stack(0x00007ff3a66f7000,0x00007ff3a67f8000)]
  0x00007ff360d2c000 JavaThread "process reaper" daemon [_thread_blocked, id=4843, stack(0x00007ff3a6e3d000,0x00007ff3a6e76000)]
  0x00007ff3c4ca3800 JavaThread "pool-1-thread-1" [_thread_blocked, id=4840, stack(0x00007ff3a72ef000,0x00007ff3a73f0000)]
  0x00007ff360009800 JavaThread "Asynchronous log dispatcher for DefaultDaemonConnection: socket connection from /127.0.0.1:34704 to /127.0.0.1:33018" [_thread_blocked, id=4838, stack(0x00007ff3a74f1000,0x00007ff3a75f2000)]
  0x00007ff37400a000 JavaThread "Daemon worker" [_thread_blocked, id=4835, stack(0x00007ff3a75f2000,0x00007ff3a76f3000)]
  0x00007ff374007800 JavaThread "Cancel handler" [_thread_blocked, id=4834, stack(0x00007ff3a76f3000,0x00007ff3a77f4000)]
  0x00007ff374003800 JavaThread "Handler for socket connection from /127.0.0.1:34704 to /127.0.0.1:33018" [_thread_in_native, id=4833, stack(0x00007ff3a79f4000,0x00007ff3a7af5000)]
  0x00007ff370037800 JavaThread "Daemon" [_thread_blocked, id=4832, stack(0x00007ff3a7af5000,0x00007ff3a7bf6000)]
  0x00007ff3c4c43000 JavaThread "Incoming local TCP Connector on port 34704" [_thread_in_native, id=4831, stack(0x00007ff3ac03d000,0x00007ff3ac13e000)]
  0x00007ff3c40bf800 JavaThread "Service Thread" daemon [_thread_blocked, id=4829, stack(0x00007ff3b4621000,0x00007ff3b4722000)]
  0x00007ff3c40bc800 JavaThread "C1 CompilerThread2" daemon [_thread_blocked, id=4828, stack(0x00007ff3b4722000,0x00007ff3b4823000)]
  0x00007ff3c40ba800 JavaThread "C2 CompilerThread1" daemon [_thread_blocked, id=4827, stack(0x00007ff3b4823000,0x00007ff3b4924000)]
  0x00007ff3c40b7800 JavaThread "C2 CompilerThread0" daemon [_thread_blocked, id=4826, stack(0x00007ff3b4924000,0x00007ff3b4a25000)]
  0x00007ff3c40b6800 JavaThread "Signal Dispatcher" daemon [_thread_blocked, id=4825, stack(0x00007ff3b4a25000,0x00007ff3b4b26000)]
  0x00007ff3c4083800 JavaThread "Finalizer" daemon [_thread_blocked, id=4824, stack(0x00007ff3b4dfe000,0x00007ff3b4eff000)]
  0x00007ff3c407f000 JavaThread "Reference Handler" daemon [_thread_blocked, id=4823, stack(0x00007ff3b4eff000,0x00007ff3b5000000)]
  0x00007ff3c400a000 JavaThread "main" [_thread_blocked, id=4816, stack(0x00007ff3cd981000,0x00007ff3cda82000)]

Other Threads:
=>0x00007ff3c4077800 VMThread [stack: 0x00007ff3c80e6000,0x00007ff3c81e7000] [id=4822]
  0x00007ff3c40c2000 WatcherThread [stack: 0x00007ff3b4520000,0x00007ff3b4621000] [id=4830]

VM state:at safepoint (normal execution)

VM Mutex/Monitor currently owned by a thread:  ([mutex/lock_event])
[0x00007ff3c4005df0] ExpandHeap_lock - owner thread: 0x00007ff3c4077800
[0x00007ff3c4006470] Threads_lock - owner thread: 0x00007ff3c4077800
[0x00007ff3c4006970] Heap_lock - owner thread: 0x00007ff361494800

Heap:
 PSYoungGen      total 349696K, used 0K [0x00000000e0000000, 0x0000000100000000, 0x0000000100000000)
  eden space 175104K, 0% used [0x00000000e0000000,0x00000000e0000000,0x00000000eab00000)
  from space 174592K, 0% used [0x00000000eab00000,0x00000000eab00000,0x00000000f5580000)
  to   space 174592K, 0% used [0x00000000f5580000,0x00000000f5580000,0x0000000100000000)
 ParOldGen       total 907264K, used 712838K [0x00000000a0000000, 0x00000000d7600000, 0x00000000e0000000)
  object space 907264K, 78% used [0x00000000a0000000,0x00000000cb821a70,0x00000000d7600000)
 Metaspace       used 54058K, capacity 55754K, committed 55984K, reserved 1097728K
  class space    used 7113K, capacity 7503K, committed 7600K, reserved 1048576K

Card table byte_map: [0x00007ff3ca511000,0x00007ff3ca812000] byte_map_base: 0x00007ff3ca011000

Marking Bits: (ParMarkBitMap*) 0x00007ff3cce4e340
 Begin Bits: [0x00007ff3ad000000, 0x00007ff3ae800000)
 End Bits:   [0x00007ff3ae800000, 0x00007ff3b0000000)

Polling page: 0x00007ff3cdaa1000

CodeCache: size=245760Kb used=29984Kb max_used=29984Kb free=215775Kb
 bounds [0x00007ff3b5000000, 0x00007ff3b6db0000, 0x00007ff3c4000000]
 total_blobs=8785 nmethods=8034 adapters=664
 compilation: enabled

Compilation events (10 events):
Event: 65.333 Thread 0x00007ff3c40b7800 nmethod 9169 0x00007ff3b68d1250 code [0x00007ff3b68d13a0, 0x00007ff3b68d1478]
Event: 65.333 Thread 0x00007ff3c40b7800 9778       4       com.android.dx.cf.code.Merger::mergeLocals (122 bytes)
Event: 65.403 Thread 0x00007ff3c40ba800 nmethod 9773 0x00007ff3b6d8df90 code [0x00007ff3b6d8e320, 0x00007ff3b6d90990]
Event: 65.403 Thread 0x00007ff3c40ba800 9779   !   4       com.android.dx.cf.code.Ropper::processBlock (1101 bytes)
Event: 65.463 Thread 0x00007ff3c40b7800 nmethod 9778 0x00007ff3b6d98310 code [0x00007ff3b6d986a0, 0x00007ff3b6d9aee0]
Event: 65.463 Thread 0x00007ff3c40b7800 9782       4       java.util.concurrent.ConcurrentHashMap::comparableClassFor (105 bytes)
Event: 65.584 Thread 0x00007ff3c40b7800 nmethod 9782 0x00007ff3b6d8bc90 code [0x00007ff3b6d8bf00, 0x00007ff3b6d8d100]
Event: 65.584 Thread 0x00007ff3c40b7800 9783   !   4       java.lang.Class::getEnumConstantsShared (73 bytes)
Event: 65.667 Thread 0x00007ff3c40bc800 9785 %     3       com.android.dx.ssa.SsaBasicBlock::scheduleUseBeforeAssigned @ 56 (389 bytes)
Event: 65.674 Thread 0x00007ff3c40bc800 nmethod 9785% 0x00007ff3b6d9dc50 code [0x00007ff3b6d9e2c0, 0x00007ff3b6da2ae8]

GC Heap History (10 events):
Event: 63.514 GC heap after
Heap after GC invocations=54 (full 9):
 PSYoungGen      total 349696K, used 49139K [0x00000000e0000000, 0x0000000100000000, 0x0000000100000000)
  eden space 175104K, 0% used [0x00000000e0000000,0x00000000e0000000,0x00000000eab00000)
  from space 174592K, 28% used [0x00000000eab00000,0x00000000edafcc30,0x00000000f5580000)
  to   space 174592K, 0% used [0x00000000f5580000,0x00000000f5580000,0x0000000100000000)
 ParOldGen       total 907264K, used 744394K [0x00000000a0000000, 0x00000000d7600000, 0x00000000e0000000)
  object space 907264K, 82% used [0x00000000a0000000,0x00000000cd6f2978,0x00000000d7600000)
 Metaspace       used 54057K, capacity 55754K, committed 55984K, reserved 1097728K
  class space    used 7113K, capacity 7503K, committed 7600K, reserved 1048576K
}
Event: 64.083 GC heap before
{Heap before GC invocations=55 (full 9):
 PSYoungGen      total 349696K, used 224243K [0x00000000e0000000, 0x0000000100000000, 0x0000000100000000)
  eden space 175104K, 100% used [0x00000000e0000000,0x00000000eab00000,0x00000000eab00000)
  from space 174592K, 28% used [0x00000000eab00000,0x00000000edafcc30,0x00000000f5580000)
  to   space 174592K, 0% used [0x00000000f5580000,0x00000000f5580000,0x0000000100000000)
 ParOldGen       total 907264K, used 744394K [0x00000000a0000000, 0x00000000d7600000, 0x00000000e0000000)
  object space 907264K, 82% used [0x00000000a0000000,0x00000000cd6f2978,0x00000000d7600000)
 Metaspace       used 54058K, capacity 55754K, committed 55984K, reserved 1097728K
  class space    used 7113K, capacity 7503K, committed 7600K, reserved 1048576K
Event: 64.200 GC heap after
Heap after GC invocations=55 (full 9):
 PSYoungGen      total 349696K, used 66860K [0x00000000e0000000, 0x0000000100000000, 0x0000000100000000)
  eden space 175104K, 0% used [0x00000000e0000000,0x00000000e0000000,0x00000000eab00000)
  from space 174592K, 38% used [0x00000000f5580000,0x00000000f96cb0e0,0x0000000100000000)
  to   space 174592K, 0% used [0x00000000eab00000,0x00000000eab00000,0x00000000f5580000)
 ParOldGen       total 907264K, used 750679K [0x00000000a0000000, 0x00000000d7600000, 0x00000000e0000000)
  object space 907264K, 82% used [0x00000000a0000000,0x00000000cdd15fa0,0x00000000d7600000)
 Metaspace       used 54058K, capacity 55754K, committed 55984K, reserved 1097728K
  class space    used 7113K, capacity 7503K, committed 7600K, reserved 1048576K
}
Event: 64.549 GC heap before
{Heap before GC invocations=56 (full 9):
 PSYoungGen      total 349696K, used 241964K [0x00000000e0000000, 0x0000000100000000, 0x0000000100000000)
  eden space 175104K, 100% used [0x00000000e0000000,0x00000000eab00000,0x00000000eab00000)
  from space 174592K, 38% used [0x00000000f5580000,0x00000000f96cb0e0,0x0000000100000000)
  to   space 174592K, 0% used [0x00000000eab00000,0x00000000eab00000,0x00000000f5580000)
 ParOldGen       total 907264K, used 750679K [0x00000000a0000000, 0x00000000d7600000, 0x00000000e0000000)
  object space 907264K, 82% used [0x00000000a0000000,0x00000000cdd15fa0,0x00000000d7600000)
 Metaspace       used 54058K, capacity 55754K, committed 55984K, reserved 1097728K
  class space    used 7113K, capacity 7503K, committed 7600K, reserved 1048576K
Event: 64.694 GC heap after
Heap after GC invocations=56 (full 9):
 PSYoungGen      total 349696K, used 46096K [0x00000000e0000000, 0x0000000100000000, 0x0000000100000000)
  eden space 175104K, 0% used [0x00000000e0000000,0x00000000e0000000,0x00000000eab00000)
  from space 174592K, 26% used [0x00000000eab00000,0x00000000ed804020,0x00000000f5580000)
  to   space 174592K, 0% used [0x00000000f5580000,0x00000000f5580000,0x0000000100000000)
 ParOldGen       total 907264K, used 793361K [0x00000000a0000000, 0x00000000d7600000, 0x00000000e0000000)
  object space 907264K, 87% used [0x00000000a0000000,0x00000000d06c4728,0x00000000d7600000)
 Metaspace       used 54058K, capacity 55754K, committed 55984K, reserved 1097728K
  class space    used 7113K, capacity 7503K, committed 7600K, reserved 1048576K
}
Event: 65.150 GC heap before
{Heap before GC invocations=57 (full 9):
 PSYoungGen      total 349696K, used 221200K [0x00000000e0000000, 0x0000000100000000, 0x0000000100000000)
  eden space 175104K, 100% used [0x00000000e0000000,0x00000000eab00000,0x00000000eab00000)
  from space 174592K, 26% used [0x00000000eab00000,0x00000000ed804020,0x00000000f5580000)
  to   space 174592K, 0% used [0x00000000f5580000,0x00000000f5580000,0x0000000100000000)
 ParOldGen       total 907264K, used 793361K [0x00000000a0000000, 0x00000000d7600000, 0x00000000e0000000)
  object space 907264K, 87% used [0x00000000a0000000,0x00000000d06c4728,0x00000000d7600000)
 Metaspace       used 54058K, capacity 55754K, committed 55984K, reserved 1097728K
  class space    used 7113K, capacity 7503K, committed 7600K, reserved 1048576K
Event: 65.210 GC heap after
Heap after GC invocations=57 (full 9):
 PSYoungGen      total 349696K, used 28148K [0x00000000e0000000, 0x0000000100000000, 0x0000000100000000)
  eden space 175104K, 0% used [0x00000000e0000000,0x00000000e0000000,0x00000000eab00000)
  from space 174592K, 16% used [0x00000000f5580000,0x00000000f70fd3f0,0x0000000100000000)
  to   space 174592K, 0% used [0x00000000eab00000,0x00000000eab00000,0x00000000f5580000)
 ParOldGen       total 907264K, used 799521K [0x00000000a0000000, 0x00000000d7600000, 0x00000000e0000000)
  object space 907264K, 88% used [0x00000000a0000000,0x00000000d0cc8558,0x00000000d7600000)
 Metaspace       used 54058K, capacity 55754K, committed 55984K, reserved 1097728K
  class space    used 7113K, capacity 7503K, committed 7600K, reserved 1048576K
}
Event: 65.903 GC heap before
{Heap before GC invocations=58 (full 9):
 PSYoungGen      total 349696K, used 203252K [0x00000000e0000000, 0x0000000100000000, 0x0000000100000000)
  eden space 175104K, 100% used [0x00000000e0000000,0x00000000eab00000,0x00000000eab00000)
  from space 174592K, 16% used [0x00000000f5580000,0x00000000f70fd3f0,0x0000000100000000)
  to   space 174592K, 0% used [0x00000000eab00000,0x00000000eab00000,0x00000000f5580000)
 ParOldGen       total 907264K, used 801684K [0x00000000a0000000, 0x00000000d7600000, 0x00000000e0000000)
  object space 907264K, 88% used [0x00000000a0000000,0x00000000d0ee5308,0x00000000d7600000)
 Metaspace       used 54058K, capacity 55754K, committed 55984K, reserved 1097728K
  class space    used 7113K, capacity 7503K, committed 7600K, reserved 1048576K
Event: 66.030 GC heap after
Heap after GC invocations=58 (full 9):
 PSYoungGen      total 349696K, used 27254K [0x00000000e0000000, 0x0000000100000000, 0x0000000100000000)
  eden space 175104K, 0% used [0x00000000e0000000,0x00000000e0000000,0x00000000eab00000)
  from space 174592K, 15% used [0x00000000eab00000,0x00000000ec59d800,0x00000000f5580000)
  to   space 174592K, 0% used [0x00000000f5580000,0x00000000f5580000,0x0000000100000000)
 ParOldGen       total 907264K, used 829464K [0x00000000a0000000, 0x00000000d7600000, 0x00000000e0000000)
  object space 907264K, 91% used [0x00000000a0000000,0x00000000d2a06160,0x00000000d7600000)
 Metaspace       used 54058K, capacity 55754K, committed 55984K, reserved 1097728K
  class space    used 7113K, capacity 7503K, committed 7600K, reserved 1048576K
}
Event: 66.030 GC heap before
{Heap before GC invocations=59 (full 10):
 PSYoungGen      total 349696K, used 27254K [0x00000000e0000000, 0x0000000100000000, 0x0000000100000000)
  eden space 175104K, 0% used [0x00000000e0000000,0x00000000e0000000,0x00000000eab00000)
  from space 174592K, 15% used [0x00000000eab00000,0x00000000ec59d800,0x00000000f5580000)
  to   space 174592K, 0% used [0x00000000f5580000,0x00000000f5580000,0x0000000100000000)
 ParOldGen       total 907264K, used 829464K [0x00000000a0000000, 0x00000000d7600000, 0x00000000e0000000)
  object space 907264K, 91% used [0x00000000a0000000,0x00000000d2a06160,0x00000000d7600000)
 Metaspace       used 54058K, capacity 55754K, committed 55984K, reserved 1097728K
  class space    used 7113K, capacity 7503K, committed 7600K, reserved 1048576K

Deoptimization events (10 events):
Event: 58.965 Thread 0x00007ff340058800 Uncommon trap: reason=class_check action=maybe_recompile pc=0x00007ff3b51d3c10 method=com.android.dx.util.BitIntSet.merge(Lcom/android/dx/util/IntSet;)V @ 1
Event: 58.967 Thread 0x00007ff340058800 Uncommon trap: reason=class_check action=maybe_recompile pc=0x00007ff3b54cfef0 method=com.android.dx.ssa.back.InterferenceGraph.mergeInterferenceSet(ILcom/android/dx/util/IntSet;)V @ 20
Event: 58.967 Thread 0x00007ff340058800 Uncommon trap: reason=class_check action=maybe_recompile pc=0x00007ff3b51d3c10 method=com.android.dx.util.BitIntSet.merge(Lcom/android/dx/util/IntSet;)V @ 1
Event: 58.967 Thread 0x00007ff340058800 Uncommon trap: reason=class_check action=maybe_recompile pc=0x00007ff3b54cfef0 method=com.android.dx.ssa.back.InterferenceGraph.mergeInterferenceSet(ILcom/android/dx/util/IntSet;)V @ 20
Event: 58.967 Thread 0x00007ff340058800 Uncommon trap: reason=class_check action=maybe_recompile pc=0x00007ff3b51d3c10 method=com.android.dx.util.BitIntSet.merge(Lcom/android/dx/util/IntSet;)V @ 1
Event: 58.973 Thread 0x00007ff340058800 Uncommon trap: reason=class_check action=maybe_recompile pc=0x00007ff3b54cfef0 method=com.android.dx.ssa.back.InterferenceGraph.mergeInterferenceSet(ILcom/android/dx/util/IntSet;)V @ 20
Event: 58.973 Thread 0x00007ff340058800 Uncommon trap: reason=class_check action=maybe_recompile pc=0x00007ff3b51d3c10 method=com.android.dx.util.BitIntSet.merge(Lcom/android/dx/util/IntSet;)V @ 1
Event: 60.319 Thread 0x00007ff361494800 Uncommon trap: reason=unstable_if action=reinterpret pc=0x00007ff3b5a1420c method=com.android.dx.ssa.SCCP.replaceBranches()V @ 14
Event: 64.708 Thread 0x00007ff340058800 Uncommon trap: reason=unstable_if action=reinterpret pc=0x00007ff3b6d2d0b8 method=com.android.dx.cf.code.Ropper.processBlock(Lcom/android/dx/cf/code/ByteBlock;Lcom/android/dx/cf/code/Frame;[I)V @ 513
Event: 65.001 Thread 0x00007ff34005c800 Uncommon trap: reason=unstable_if action=reinterpret pc=0x00007ff3b5dcaf1c method=com.android.dx.cf.code.Ropper.addOrReplaceBlock(Lcom/android/dx/rop/code/BasicBlock;Lcom/android/dx/util/IntList;)Z @ 24

Internal exceptions (10 events):
Event: 22.081 Thread 0x00007ff37400a000 Exception <a 'java/lang/NoSuchMethodError': <clinit>> (0x00000000e2ff0e50) thrown at [/ssd/Android/AOSP-openjdk/external/jetbrains/jdk/hotspot/src/share/vm/prims/jni.cpp, line 1613]
Event: 22.081 Thread 0x00007ff37400a000 Exception <a 'java/lang/NoSuchMethodError': <clinit>> (0x00000000e2ff2ad0) thrown at [/ssd/Android/AOSP-openjdk/external/jetbrains/jdk/hotspot/src/share/vm/prims/jni.cpp, line 1613]
Event: 23.323 Thread 0x00007ff37400a000 Implicit null exception at 0x00007ff3b608508d to 0x00007ff3b6085ce5
Event: 25.618 Thread 0x00007ff340058800 Implicit null exception at 0x00007ff3b584c8e2 to 0x00007ff3b584c9db
Event: 25.767 Thread 0x00007ff340056000 Implicit null exception at 0x00007ff3b5f3253e to 0x00007ff3b5f33469
Event: 26.152 Thread 0x00007ff340058800 Implicit null exception at 0x00007ff3b54a6465 to 0x00007ff3b54a701d
Event: 26.311 Thread 0x00007ff34005a800 Implicit null exception at 0x00007ff3b6642f8d to 0x00007ff3b6643169
Event: 31.333 Thread 0x00007ff340058800 Implicit null exception at 0x00007ff3b670ebf1 to 0x00007ff3b67104e5
Event: 37.478 Thread 0x00007ff361494800 Implicit null exception at 0x00007ff3b54b9603 to 0x00007ff3b54b9c75
Event: 47.908 Thread 0x00007ff34005a800 Implicit null exception at 0x00007ff3b5ef5583 to 0x00007ff3b5ef67f1

Events (10 events):
Event: 65.075 Thread 0x00007ff340058800 DEOPT UNPACKING pc=0x00007ff3b5047373 sp=0x00007ff3a47baaf0 mode 0
Event: 65.139 Thread 0x00007ff340058800 DEOPT PACKING pc=0x00007ff3b694318c sp=0x00007ff3a47bad10
Event: 65.139 Thread 0x00007ff340058800 DEOPT UNPACKING pc=0x00007ff3b5047373 sp=0x00007ff3a47baaf0 mode 0
Event: 65.150 Executing VM operation: ParallelGCFailedAllocation
Event: 65.210 Executing VM operation: ParallelGCFailedAllocation done
Event: 65.333 Thread 0x00007ff34005c800 DEOPT PACKING pc=0x00007ff3b694318c sp=0x00007ff3a45b8d10
Event: 65.333 Thread 0x00007ff34005c800 DEOPT UNPACKING pc=0x00007ff3b5047373 sp=0x00007ff3a45b8af0 mode 0
Event: 65.876 Executing VM operation: ParallelGCFailedAllocation
Event: 65.877 Executing VM operation: ParallelGCFailedAllocation done
Event: 65.903 Executing VM operation: ParallelGCSystemGC


Dynamic libraries:
00400000-00401000 r-xp 00000000 08:07 1201464                            /home/chivu/Downloads/android-studio-p/jre/bin/java
00600000-00601000 r--p 00000000 08:07 1201464                            /home/chivu/Downloads/android-studio-p/jre/bin/java
00601000-00602000 rw-p 00001000 08:07 1201464                            /home/chivu/Downloads/android-studio-p/jre/bin/java
01755000-0179a000 rw-p 00000000 00:00 0                                  [heap]
a0000000-d7600000 rw-p 00000000 00:00 0 
dc700000-e0000000 ---p 00000000 00:00 0 
e0000000-100000000 rw-p 00000000 00:00 0 
100000000-10076c000 rw-p 00000000 00:00 0 
10076c000-140000000 ---p 00000000 00:00 0 
7ff330000000-7ff330027000 rw-p 00000000 00:00 0 
7ff330027000-7ff334000000 ---p 00000000 00:00 0 
7ff338000000-7ff338021000 rw-p 00000000 00:00 0 
7ff338021000-7ff33c000000 ---p 00000000 00:00 0 
7ff33c000000-7ff33c047000 rw-p 00000000 00:00 0 
7ff33c047000-7ff340000000 ---p 00000000 00:00 0 
7ff340000000-7ff340209000 rw-p 00000000 00:00 0 
7ff340209000-7ff344000000 ---p 00000000 00:00 0 
7ff344000000-7ff34404f000 rw-p 00000000 00:00 0 
7ff34404f000-7ff348000000 ---p 00000000 00:00 0 
7ff348000000-7ff348021000 rw-p 00000000 00:00 0 
7ff348021000-7ff34c000000 ---p 00000000 00:00 0 
7ff34c000000-7ff34c02f000 rw-p 00000000 00:00 0 
7ff34c02f000-7ff350000000 ---p 00000000 00:00 0 
7ff350000000-7ff350021000 rw-p 00000000 00:00 0 
7ff350021000-7ff354000000 ---p 00000000 00:00 0 
7ff354000000-7ff354021000 rw-p 00000000 00:00 0 
7ff354021000-7ff358000000 ---p 00000000 00:00 0 
7ff358000000-7ff358021000 rw-p 00000000 00:00 0 
7ff358021000-7ff35c000000 ---p 00000000 00:00 0 
7ff35c000000-7ff35c021000 rw-p 00000000 00:00 0 
7ff35c021000-7ff360000000 ---p 00000000 00:00 0 
7ff360000000-7ff3614c5000 rw-p 00000000 00:00 0 
7ff3614c5000-7ff364000000 ---p 00000000 00:00 0 
7ff364000000-7ff364021000 rw-p 00000000 00:00 0 
7ff364021000-7ff368000000 ---p 00000000 00:00 0 
7ff368000000-7ff368021000 rw-p 00000000 00:00 0 
7ff368021000-7ff36c000000 ---p 00000000 00:00 0 
7ff36c000000-7ff36c021000 rw-p 00000000 00:00 0 
7ff36c021000-7ff370000000 ---p 00000000 00:00 0 
7ff370000000-7ff370073000 rw-p 00000000 00:00 0 
7ff370073000-7ff374000000 ---p 00000000 00:00 0 
7ff374000000-7ff374021000 rw-p 00000000 00:00 0 
7ff374021000-7ff378000000 ---p 00000000 00:00 0 
7ff378000000-7ff378021000 rw-p 00000000 00:00 0 
7ff378021000-7ff37c000000 ---p 00000000 00:00 0 
7ff37c000000-7ff37c021000 rw-p 00000000 00:00 0 
7ff37c021000-7ff380000000 ---p 00000000 00:00 0 
7ff380000000-7ff38236d000 rw-p 00000000 00:00 0 
7ff38236d000-7ff384000000 ---p 00000000 00:00 0 
7ff384000000-7ff384c0f000 rw-p 00000000 00:00 0 
7ff384c0f000-7ff388000000 ---p 00000000 00:00 0 
7ff388000000-7ff388021000 rw-p 00000000 00:00 0 
7ff388021000-7ff38c000000 ---p 00000000 00:00 0 
7ff38c000000-7ff38e0f8000 rw-p 00000000 00:00 0 
7ff38e0f8000-7ff390000000 ---p 00000000 00:00 0 
7ff390000000-7ff390021000 rw-p 00000000 00:00 0 
7ff390021000-7ff394000000 ---p 00000000 00:00 0 
7ff394000000-7ff394021000 rw-p 00000000 00:00 0 
7ff394021000-7ff398000000 ---p 00000000 00:00 0 
7ff398000000-7ff398109000 rw-p 00000000 00:00 0 
7ff398109000-7ff39c000000 ---p 00000000 00:00 0 
7ff39c000000-7ff39c368000 rw-p 00000000 00:00 0 
7ff39c368000-7ff3a0000000 ---p 00000000 00:00 0 
7ff3a0000000-7ff3a013b000 rw-p 00000000 00:00 0 
7ff3a013b000-7ff3a4000000 ---p 00000000 00:00 0 
7ff3a42ba000-7ff3a43fa000 rw-p 00000000 00:00 0 
7ff3a43fa000-7ff3a44ba000 ---p 00000000 00:00 0 
7ff3a44ba000-7ff3a44bd000 ---p 00000000 00:00 0 
7ff3a44bd000-7ff3a45bb000 rw-p 00000000 00:00 0 
7ff3a45bb000-7ff3a45be000 ---p 00000000 00:00 0 
7ff3a45be000-7ff3a46bc000 rw-p 00000000 00:00 0 
7ff3a46bc000-7ff3a46bf000 ---p 00000000 00:00 0 
7ff3a46bf000-7ff3a47bd000 rw-p 00000000 00:00 0 
7ff3a47bd000-7ff3a47c0000 ---p 00000000 00:00 0 
7ff3a47c0000-7ff3a48be000 rw-p 00000000 00:00 0 
7ff3a48be000-7ff3a48c1000 ---p 00000000 00:00 0 
7ff3a48c1000-7ff3a49bf000 rw-p 00000000 00:00 0 
7ff3a49bf000-7ff3a49c2000 ---p 00000000 00:00 0 
7ff3a49c2000-7ff3a4cc0000 rw-p 00000000 00:00 0 
7ff3a4cc0000-7ff3a4cc3000 ---p 00000000 00:00 0 
7ff3a4cc3000-7ff3a4fc1000 rw-p 00000000 00:00 0 
7ff3a4fc1000-7ff3a51c1000 rw-p 00000000 00:00 0 
7ff3a51c1000-7ff3a53c1000 rw-p 00000000 00:00 0 
7ff3a53c1000-7ff3a55c1000 rw-p 00000000 00:00 0 
7ff3a55de000-7ff3a56b3000 r--s 00960000 08:07 1195715                    /home/chivu/Desktop/newsApp/app/build/intermediates/transforms/jarMerging/debug/jars/1/1f/combined.jar
7ff3a56b3000-7ff3a58b3000 rw-p 00000000 00:00 0 
7ff3a58b3000-7ff3a58c6000 r--s 00344000 08:07 1201558                    /home/chivu/Downloads/android-studio-p/jre/jre/lib/resources.jar
7ff3a58c6000-7ff3a5ac6000 rw-p 00000000 00:00 0 
7ff3a5ac6000-7ff3a5cc6000 rw-p 00000000 00:00 0 
7ff3a5cc6000-7ff3a5ec6000 rw-p 00000000 00:00 0 
7ff3a5ec6000-7ff3a5ec9000 ---p 00000000 00:00 0 
7ff3a5ec9000-7ff3a61c7000 rw-p 00000000 00:00 0 
7ff3a61c7000-7ff3a61c8000 r--s 00001000 08:07 1094992                    /home/chivu/.gradle/caches/jars-2/cmhx5eetujk7j30d3nllwxyrlnugzjw/annotations-25.3.3.jar
7ff3a61c8000-7ff3a61d0000 r--s 000a8000 08:07 932893                     /home/chivu/.gradle/caches/jars-2/lp0h431tl0554nh1vx6zomcvteflkp/lombok-ast-0.2.3.jar
7ff3a61d0000-7ff3a61e4000 r--s 000b4000 08:07 139376                     /home/chivu/.gradle/caches/jars-2/hgvw6szzawm3evod5l2d6iutfug31w0/uast-162.2228.14.jar
7ff3a61e4000-7ff3a61e6000 r--s 0000d000 08:07 932889                     /home/chivu/.gradle/caches/jars-2/7pwz1bowgakb1eux9ezb56jlturgsyi/commons-codec-1.4.jar
7ff3a61e6000-7ff3a61e8000 r--s 0000d000 08:07 932887                     /home/chivu/.gradle/caches/jars-2/9dj1m0eyooi5qt13735vz8fpkl3cnfy/commons-logging-1.1.1.jar
7ff3a61e8000-7ff3a61ed000 r--s 00028000 08:07 932885                     /home/chivu/.gradle/caches/jars-2/62lv0fe9b3xbqe57f6ljy5upwi7mf6k/httpcore-4.1.jar
7ff3a61ed000-7ff3a61f1000 r--s 0002f000 08:07 932883                     /home/chivu/.gradle/caches/jars-2/gsg5n52frsvw6sx0swqqe2hwijwdcf0/jimfs-1.1.jar
7ff3a61f1000-7ff3a61f2000 r--s 00004000 08:07 932881                     /home/chivu/.gradle/caches/jars-2/lxs252id0979odjrerlctkb26c2vj95/annotations-12.0.jar
7ff3a61f2000-7ff3a61f3000 r--s 00004000 08:07 932879                     /home/chivu/.gradle/caches/jars-2/9kn99dr0rulyl67sct1ephwcop56l61/asm-analysis-5.0.4.jar
7ff3a61f3000-7ff3a61f7000 r--s 00040000 08:07 1094991                    /home/chivu/.gradle/caches/jars-2/ccvn7yglm4blceovs70fngoac1eyn4f/lint-api-25.3.3.jar
7ff3a61f7000-7ff3a61f8000 r--s 0000a000 08:07 932875                     /home/chivu/.gradle/caches/jars-2/nwyg9io65lv6jvmwit2wq82xnnxd7ia/kxml2-2.3.0.jar
7ff3a61f8000-7ff3a61fa000 r--s 00005000 08:07 932873                     /home/chivu/.gradle/caches/jars-2/i6hc1uuj8e9ck59slmzdyz78ydn8sr6/httpmime-4.1.jar
7ff3a61fa000-7ff3a6202000 r--s 0004e000 08:07 932871                     /home/chivu/.gradle/caches/jars-2/7503wa5irssz0xxahv1xb82p2dl7rr2/httpclient-4.1.1.jar
7ff3a6202000-7ff3a6209000 r--s 00053000 08:07 932869                     /home/chivu/.gradle/caches/jars-2/jgkfvs4eqggj7qsyw1f5d3up57hanj1/commons-compress-1.8.1.jar
7ff3a6209000-7ff3a620e000 r--s 0002a000 08:07 932867                     /home/chivu/.gradle/caches/jars-2/je8f027qcr1z1egw08byp1ybxbp9kko/gson-2.2.4.jar
7ff3a620e000-7ff3a6213000 r--s 0002e000 08:07 1094990                    /home/chivu/.gradle/caches/jars-2/s427p2wh0tfza0xa8qijgx107eeevyl/repository-25.3.3.jar
7ff3a6213000-7ff3a6215000 r--s 00006000 08:07 1094989                    /home/chivu/.gradle/caches/jars-2/e2s952s6co8tps89l80r4riixwqo2oe/dvlib-25.3.3.jar
7ff3a6215000-7ff3a6217000 r--s 00013000 08:07 1094883                    /home/chivu/.gradle/caches/jars-2/s02k517nvrh8cbp2c8dz4slqska6dj9/layoutlib-api-25.3.3.jar
7ff3a6217000-7ff3a621c000 r--s 00058000 08:07 932859                     /home/chivu/.gradle/caches/jars-2/st159835qgxm0l87oqrnhayxos4lc1n/asm-debug-all-5.0.1.jar
7ff3a621c000-7ff3a622c000 r--s 000d5000 08:07 932857                     /home/chivu/.gradle/caches/jars-2/qzf32gp9kej4w4hlbabft6tplu74cj3/proguard-base-5.3.2.jar
7ff3a622c000-7ff3a622f000 r--s 00033000 08:07 932855                     /home/chivu/.gradle/caches/jars-2/nz9sndmr8b4xbj4xulkaciy5kdbyfiz/juniversalchardet-1.0.3.jar
7ff3a622f000-7ff3a6233000 r--s 0002a000 08:07 932853                     /home/chivu/.gradle/caches/jars-2/krbpn9xjn1qymukyx8cc5l799ty1v3h/commons-io-2.4.jar
7ff3a6233000-7ff3a624a000 r--s 00154000 08:07 932851                     /home/chivu/.gradle/caches/jars-2/sfeivjswzitn6n0fnjx3ueszz8gv8o1/antlr4-4.5.3.jar
7ff3a624a000-7ff3a624c000 r--s 00002000 08:07 1094881                    /home/chivu/.gradle/caches/jars-2/rh2ip1x2zziz26tr3qzudtz088pqsb2/baseLibrary-2.3.3.jar
7ff3a624c000-7ff3a6277000 r--s 001fc000 08:07 932847                     /home/chivu/.gradle/caches/jars-2/nxjrjftly2xksl8o0wqgivu5netfu2x/guava-18.0.jar
7ff3a6277000-7ff3a628a000 r--s 00241000 08:07 932845                     /home/chivu/.gradle/caches/jars-2/9yuekvg4qerfitq3xec0iyckuw3hwaq/ecj-4.6.1.jar
7ff3a628a000-7ff3a6291000 r--s 000d9000 08:07 1094862                    /home/chivu/.gradle/caches/jars-2/ak89aa8liqmr44u7r08njntn6oehe0z/lint-checks-25.3.3.jar
7ff3a6291000-7ff3a6293000 r--s 00006000 08:07 932841                     /home/chivu/.gradle/caches/jars-2/6phgj9ki3jl3p5epzkqoo8pr6kur40b/asm-tree-5.0.4.jar
7ff3a6293000-7ff3a62c6000 r--s 00203000 08:07 932839                     /home/chivu/.gradle/caches/jars-2/hj0bfvxu9cq7hkwmecvp0kg137or3hh/bcprov-jdk15on-1.48.jar
7ff3a62c6000-7ff3a62d4000 r--s 00081000 08:07 932837                     /home/chivu/.gradle/caches/jars-2/4r7xli0tz94y0wfjrdyjxlxar3g1pb9/bcpkix-jdk15on-1.48.jar
7ff3a62d4000-7ff3a62d6000 r--s 00002000 08:07 932835                     /home/chivu/.gradle/caches/jars-2/f32bh5uivuf69ecz2j8hl96ksnqdh7v/javawriter-2.5.0.jar
7ff3a62d6000-7ff3a62d8000 r--s 00004000 08:07 1094861                    /home/chivu/.gradle/caches/jars-2/j6s1upogkwo00sygdsekzj4fx0i75uy/tracker-25.3.3.jar
7ff3a62d8000-7ff3a62d9000 r--s 00005000 08:07 1094860                    /home/chivu/.gradle/caches/jars-2/4svya0t1s9wyo35ycd3atidsaoo6w7e/shared-25.3.3.jar
7ff3a62d9000-7ff3a62e7000 r--s 00147000 08:07 1094859                    /home/chivu/.gradle/caches/jars-2/qx6695c5ocd9swxv7wqtxor3plyb4b7/protos-25.3.3.jar
7ff3a62e7000-7ff3a62e8000 r--s 00001000 08:07 139356                     /home/chivu/.gradle/caches/jars-2/bqo69msswbvaagsh45hf1tq02v21sml/jill-api-0.10.0.jar
7ff3a62e8000-7ff3a62ee000 r--s 0004a000 08:07 1094853                    /home/chivu/.gradle/caches/jars-2/euoqfzf5y1sibp9ul8mcz0wovj380eo/ddmlib-25.3.3.jar
7ff3a62ee000-7ff3a62f7000 r--s 00089000 08:07 1094417                    /home/chivu/.gradle/caches/jars-2/m0t6h8af70sdgxvkj522jy01i14mnb8/sdk-common-25.3.3.jar
7ff3a62f7000-7ff3a64f7000 rw-p 00000000 00:00 0 
7ff3a64f7000-7ff3a66f7000 rw-p 00000000 00:00 0 
7ff3a66f7000-7ff3a66fa000 ---p 00000000 00:00 0 
7ff3a66fa000-7ff3a69f8000 rw-p 00000000 00:00 0 
7ff3a69f8000-7ff3a6bf8000 rw-p 00000000 00:00 0 
7ff3a6bf8000-7ff3a6df8000 rw-p 00000000 00:00 0 
7ff3a6df8000-7ff3a6dfa000 r--s 00003000 08:07 139354                     /home/chivu/.gradle/caches/jars-2/7pldadygbci34ql8thws797g29k1uhh/jack-api-0.13.0.jar
7ff3a6dfa000-7ff3a6dfd000 r--s 00022000 08:07 1094848                    /home/chivu/.gradle/caches/jars-2/a81bg2yxzmumashablwecaj0ksz6tmj/manifest-merger-25.3.3.jar
7ff3a6dfd000-7ff3a6e00000 r--s 0001c000 08:07 1094847                    /home/chivu/.gradle/caches/jars-2/l6cnyee1vojrkkbpp6qwgpf30shmrja/common-25.3.3.jar
7ff3a6e00000-7ff3a6e0a000 r--s 00098000 08:07 1094415                    /home/chivu/.gradle/caches/jars-2/28c9ykhc782k8jmlrnbnccai34hziki/sdklib-25.3.3.jar
7ff3a6e0a000-7ff3a6e0b000 r--s 00002000 08:07 1094389                    /home/chivu/.gradle/caches/jars-2/4dod7a1p5hoai4v37pxbcg65bbahvg2/builder-test-api-2.3.3.jar
7ff3a6e0b000-7ff3a6e0e000 r--s 00006000 08:07 1094385                    /home/chivu/.gradle/caches/jars-2/omk02asobup8sgd6qxom3ej5bg94z2r/builder-model-2.3.3.jar
7ff3a6e0e000-7ff3a6e1d000 r--s 00130000 08:07 932809                     /home/chivu/.gradle/caches/jars-2/cr6zkqpx14lor9zdtmo49qpc7y8r8p4/protobuf-java-3.0.0.jar
7ff3a6e1d000-7ff3a6e1f000 r--s 0000f000 08:07 932807                     /home/chivu/.gradle/caches/jars-2/rvfyugrlu5tbpz51p98og0qsxamjq4k/jopt-simple-4.9.jar
7ff3a6e1f000-7ff3a6e23000 r--s 0001f000 08:07 932805                     /home/chivu/.gradle/caches/jars-2/nq3fzqkrrm37ob61z4iu5qdbh368uat/org.jacoco.report-0.7.5.201505241946.jar
7ff3a6e23000-7ff3a6e27000 r--s 0001d000 08:07 932803                     /home/chivu/.gradle/caches/jars-2/3kxkmcckmk40ron92zhbm0qjo9l4bkl/org.jacoco.core-0.7.5.201505241946.jar
7ff3a6e27000-7ff3a6e3d000 r--s 00163000 08:07 1094347                    /home/chivu/.gradle/caches/jars-2/nyg71b5n2lzymmwh5vbtmvjiby07k4g/builder-2.3.3.jar
7ff3a6e3d000-7ff3a6e40000 ---p 00000000 00:00 0 
7ff3a6e40000-7ff3a7076000 rw-p 00000000 00:00 0 
7ff3a7076000-7ff3a70ef000 r--s 010ed000 08:07 1201473                    /home/chivu/Downloads/android-studio-p/jre/lib/tools.jar
7ff3a70ef000-7ff3a72ef000 rw-p 00000000 00:00 0 
7ff3a72ef000-7ff3a72f2000 ---p 00000000 00:00 0 
7ff3a72f2000-7ff3a73f0000 rw-p 00000000 00:00 0 
7ff3a73f0000-7ff3a73f3000 ---p 00000000 00:00 0 
7ff3a73f3000-7ff3a74f1000 rw-p 00000000 00:00 0 
7ff3a74f1000-7ff3a74f4000 ---p 00000000 00:00 0 
7ff3a74f4000-7ff3a75f2000 rw-p 00000000 00:00 0 
7ff3a75f2000-7ff3a75f5000 ---p 00000000 00:00 0 
7ff3a75f5000-7ff3a76f3000 rw-p 00000000 00:00 0 
7ff3a76f3000-7ff3a76f6000 ---p 00000000 00:00 0 
7ff3a76f6000-7ff3a79f4000 rw-p 00000000 00:00 0 
7ff3a79f4000-7ff3a79f7000 ---p 00000000 00:00 0 
7ff3a79f7000-7ff3a7af5000 rw-p 00000000 00:00 0 
7ff3a7af5000-7ff3a7af8000 ---p 00000000 00:00 0 
7ff3a7af8000-7ff3a7df6000 rw-p 00000000 00:00 0 
7ff3a7df6000-7ff3a7dff000 r-xp 00000000 08:07 1201548                    /home/chivu/Downloads/android-studio-p/jre/jre/lib/amd64/libmanagement.so
7ff3a7dff000-7ff3a7ffe000 ---p 00009000 08:07 1201548                    /home/chivu/Downloads/android-studio-p/jre/jre/lib/amd64/libmanagement.so
7ff3a7ffe000-7ff3a7fff000 r--p 00008000 08:07 1201548                    /home/chivu/Downloads/android-studio-p/jre/jre/lib/amd64/libmanagement.so
7ff3a7fff000-7ff3a8000000 rw-p 00009000 08:07 1201548                    /home/chivu/Downloads/android-studio-p/jre/jre/lib/amd64/libmanagement.so
7ff3a8000000-7ff3a8141000 rw-p 00000000 00:00 0 
7ff3a8141000-7ff3ac000000 ---p 00000000 00:00 0 
7ff3ac000000-7ff3ac002000 r--s 00002000 08:07 932801                     /home/chivu/.gradle/caches/jars-2/m4m0pzb4gmaeh0in5g2xc4bxeuwt828/proguard-gradle-5.3.2.jar
7ff3ac002000-7ff3ac004000 r--s 00009000 08:07 932799                     /home/chivu/.gradle/caches/jars-2/ajvcvdu66lc9e3tvvipxtuq48i9bbkc/asm-commons-5.0.4.jar
7ff3ac004000-7ff3ac006000 r--s 0000c000 08:07 932797                     /home/chivu/.gradle/caches/jars-2/1laz1ygmxoc408r7nwqs1q8uk8r236d/asm-5.0.4.jar
7ff3ac006000-7ff3ac00b000 r--s 0002c000 08:07 1094383                    /home/chivu/.gradle/caches/jars-2/3mlasgi8oo9o7oa12526198jui9zmp2/compilerCommon-2.3.3.jar
7ff3ac00b000-7ff3ac00c000 r--s 00002000 08:07 1094379                    /home/chivu/.gradle/caches/jars-2/73l309uzm0ila7rdaaxteq0ng4ayf2y/gradle-api-2.3.3.jar
7ff3ac00c000-7ff3ac00d000 r--s 00000000 08:07 139334                     /home/chivu/.gradle/caches/jars-2/tlyajppf8woug00g686fx5mchf8iv3o/transform-api-2.0.0-deprecated-use-gradle-api.jar
7ff3ac00d000-7ff3ac012000 r--s 0005e000 08:07 1094349                    /home/chivu/.gradle/caches/jars-2/k2xtosjt0in0zj7mpwvctw6iznt93uh/lint-25.3.3.jar
7ff3ac012000-7ff3ac031000 r--s 001ca000 08:07 1094310                    /home/chivu/.gradle/caches/jars-2/5fwyvjq1ai8mdh1mluqxidj1wo7rls8/gradle-core-2.3.3.jar
7ff3ac031000-7ff3ac033000 r--s 00007000 08:07 266240                     /home/chivu/.gradle/caches/modules-2/files-2.1/com.google.gms/google-services/3.1.0/166ae4e6acd03b7bbebe221ffa54bc039fece1b9/google-services-3.1.0.jar
7ff3ac033000-7ff3ac035000 r--s 0000d000 08:07 1094266                    /home/chivu/.gradle/caches/jars-2/mel54vauze7hczg2p6nebauqz8s53sj/gradle-2.3.3.jar
7ff3ac035000-7ff3ac036000 r--p 00000000 00:00 0 
7ff3ac036000-7ff3ac03d000 r--s 00000000 08:07 1591546                    /usr/lib/x86_64-linux-gnu/gconv/gconv-modules.cache
7ff3ac03d000-7ff3ac040000 ---p 00000000 00:00 0 
7ff3ac040000-7ff3ac13e000 rw-p 00000000 00:00 0 
7ff3ac13e000-7ff3ac143000 r--s 00098000 08:07 1201512                    /home/chivu/Downloads/android-studio-p/jre/jre/lib/jsse.jar
7ff3ac143000-7ff3ac145000 r--s 00007000 08:07 1189108                    /home/chivu/.gradle/wrapper/dists/gradle-3.3-all/55gk2rcmfc6p2dg9u9ohc3hw9/gradle-3.3/lib/plugins/gradle-tooling-api-builders-3.3.jar
7ff3ac145000-7ff3ac148000 r--s 00009000 08:07 1189101                    /home/chivu/.gradle/wrapper/dists/gradle-3.3-all/55gk2rcmfc6p2dg9u9ohc3hw9/gradle-3.3/lib/plugins/gradle-testing-native-3.3.jar
7ff3ac148000-7ff3ac14e000 r--s 00033000 08:07 1189176                    /home/chivu/.gradle/wrapper/dists/gradle-3.3-all/55gk2rcmfc6p2dg9u9ohc3hw9/gradle-3.3/lib/plugins/snakeyaml-1.6.jar
7ff3ac14e000-7ff3ac150000 r--s 00006000 08:07 1189175                    /home/chivu/.gradle/wrapper/dists/gradle-3.3-all/55gk2rcmfc6p2dg9u9ohc3hw9/gradle-3.3/lib/plugins/jcommander-1.12.jar
7ff3ac150000-7ff3ac155000 r--s 00040000 08:07 1189174                    /home/chivu/.gradle/wrapper/dists/gradle-3.3-all/55gk2rcmfc6p2dg9u9ohc3hw9/gradle-3.3/lib/plugins/bsh-2.0b4.jar
7ff3ac155000-7ff3ac157000 r--s 00009000 08:07 1189182                    /home/chivu/.gradle/wrapper/dists/gradle-3.3-all/55gk2rcmfc6p2dg9u9ohc3hw9/gradle-3.3/lib/plugins/hamcrest-core-1.3.jar
7ff3ac157000-7ff3ac160000 r--s 00089000 08:07 1189133                    /home/chivu/.gradle/wrapper/dists/gradle-3.3-all/55gk2rcmfc6p2dg9u9ohc3hw9/gradle-3.3/lib/plugins/testng-6.3.1.jar
7ff3ac160000-7ff3ac168000 r--s 00045000 08:07 1189132                    /home/chivu/.gradle/wrapper/dists/gradle-3.3-all/55gk2rcmfc6p2dg9u9ohc3hw9/gradle-3.3/lib/plugins/junit-4.12.jar
7ff3ac168000-7ff3ac16e000 r--s 0002e000 08:07 1189102                    /home/chivu/.gradle/wrapper/dists/gradle-3.3-all/55gk2rcmfc6p2dg9u9ohc3hw9/gradle-3.3/lib/plugins/gradle-testing-jvm-3.3.jar
7ff3ac16e000-7ff3ac172000 r--s 00016000 08:07 1189100                    /home/chivu/.gradle/wrapper/dists/gradle-3.3-all/55gk2rcmfc6p2dg9u9ohc3hw9/gradle-3.3/lib/plugins/gradle-testing-base-3.3.jar
7ff3ac172000-7ff3ac179000 r--s 00038000 08:07 1189127                    /home/chivu/.gradle/wrapper/dists/gradle-3.3-all/55gk2rcmfc6p2dg9u9ohc3hw9/gradle-3.3/lib/plugins/bcpg-jdk15on-1.51.jar
7ff3ac179000-7ff3ac17b000 r--s 0000c000 08:07 1189079                    /home/chivu/.gradle/wrapper/dists/gradle-3.3-all/55gk2rcmfc6p2dg9u9ohc3hw9/gradle-3.3/lib/plugins/gradle-signing-3.3.jar
7ff3ac17b000-7ff3ac17d000 r--s 00007000 08:07 1189078                    /home/chivu/.gradle/wrapper/dists/gradle-3.3-all/55gk2rcmfc6p2dg9u9ohc3hw9/gradle-3.3/lib/plugins/gradle-scala-3.3.jar
7ff3ac17d000-7ff3ac17e000 r--s 00004000 08:07 1189106                    /home/chivu/.gradle/wrapper/dists/gradle-3.3-all/55gk2rcmfc6p2dg9u9ohc3hw9/gradle-3.3/lib/plugins/gradle-resources-sftp-3.3.jar
7ff3ac17e000-7ff3ac18e000 r--s 00088000 08:07 1189143                    /home/chivu/.gradle/wrapper/dists/gradle-3.3-all/55gk2rcmfc6p2dg9u9ohc3hw9/gradle-3.3/lib/plugins/joda-time-2.8.2.jar
7ff3ac18e000-7ff3ac19f000 r--s 0010d000 08:07 1189142                    /home/chivu/.gradle/wrapper/dists/gradle-3.3-all/55gk2rcmfc6p2dg9u9ohc3hw9/gradle-3.3/lib/plugins/jackson-databind-2.6.6.jar
7ff3ac19f000-7ff3ac1a2000 r--s 00009000 08:07 1189141                    /home/chivu/.gradle/wrapper/dists/gradle-3.3-all/55gk2rcmfc6p2dg9u9ohc3hw9/gradle-3.3/lib/plugins/jackson-annotations-2.6.6.jar
7ff3ac1a2000-7ff3ac1a6000 r--s 0003c000 08:07 1189140                    /home/chivu/.gradle/wrapper/dists/gradle-3.3-all/55gk2rcmfc6p2dg9u9ohc3hw9/gradle-3.3/lib/plugins/jackson-core-2.6.6.jar
7ff3ac1a6000-7ff3ac1b4000 r--s 00087000 08:07 1189139                    /home/chivu/.gradle/wrapper/dists/gradle-3.3-all/55gk2rcmfc6p2dg9u9ohc3hw9/gradle-3.3/lib/plugins/aws-java-sdk-core-1.11.6.jar
7ff3ac1b4000-7ff3ac1bb000 r--s 00057000 08:07 1189138                    /home/chivu/.gradle/wrapper/dists/gradle-3.3-all/55gk2rcmfc6p2dg9u9ohc3hw9/gradle-3.3/lib/plugins/aws-java-sdk-kms-1.11.6.jar
7ff3ac1bb000-7ff3ac1c8000 r--s 0008e000 08:07 1189137                    /home/chivu/.gradle/wrapper/dists/gradle-3.3-all/55gk2rcmfc6p2dg9u9ohc3hw9/gradle-3.3/lib/plugins/aws-java-sdk-s3-1.11.6.jar
7ff3ac1c8000-7ff3ac1ca000 r--s 00004000 08:07 1189107                    /home/chivu/.gradle/wrapper/dists/gradle-3.3-all/55gk2rcmfc6p2dg9u9ohc3hw9/gradle-3.3/lib/plugins/gradle-resources-s3-3.3.jar
7ff3ac1ca000-7ff3ac1cc000 r--s 00005000 08:07 1189131                    /home/chivu/.gradle/wrapper/dists/gradle-3.3-all/55gk2rcmfc6p2dg9u9ohc3hw9/gradle-3.3/lib/plugins/jatl-0.2.2.jar
7ff3ac1cc000-7ff3ac1ce000 r--s 0000f000 08:07 1189084                    /home/chivu/.gradle/wrapper/dists/gradle-3.3-all/55gk2rcmfc6p2dg9u9ohc3hw9/gradle-3.3/lib/plugins/gradle-reporting-3.3.jar
7ff3ac1ce000-7ff3ac1d0000 r--s 00002000 08:07 1189085                    /home/chivu/.gradle/wrapper/dists/gradle-3.3-all/55gk2rcmfc6p2dg9u9ohc3hw9/gradle-3.3/lib/plugins/gradle-publish-3.3.jar
7ff3ac1d0000-7ff3ac1d2000 r--s 00009000 08:07 1189114                    /home/chivu/.gradle/wrapper/dists/gradle-3.3-all/55gk2rcmfc6p2dg9u9ohc3hw9/gradle-3.3/lib/plugins/commons-cli-1.2.jar
7ff3ac1d2000-7ff3ac1d8000 r--s 00031000 08:07 1189070                    /home/chivu/.gradle/wrapper/dists/gradle-3.3-all/55gk2rcmfc6p2dg9u9ohc3hw9/gradle-3.3/lib/plugins/gradle-plugins-3.3.jar
7ff3ac1d8000-7ff3ac1da000 r--s 00009000 08:07 1189103                    /home/chivu/.gradle/wrapper/dists/gradle-3.3-all/55gk2rcmfc6p2dg9u9ohc3hw9/gradle-3.3/lib/plugins/gradle-plugin-development-3.3.jar
7ff3ac1da000-7ff3ac1e0000 r--s 0002b000 08:07 1189096                    /home/chivu/.gradle/wrapper/dists/gradle-3.3-all/55gk2rcmfc6p2dg9u9ohc3hw9/gradle-3.3/lib/plugins/gradle-platform-play-3.3.jar
7ff3ac1e0000-7ff3ac1ee000 r--s 00055000 08:07 1189095                    /home/chivu/.gradle/wrapper/dists/gradle-3.3-all/55gk2rcmfc6p2dg9u9ohc3hw9/gradle-3.3/lib/plugins/gradle-platform-native-3.3.jar
7ff3ac1ee000-7ff3ac1f3000 r--s 0001f000 08:07 1189090                    /home/chivu/.gradle/wrapper/dists/gradle-3.3-all/55gk2rcmfc6p2dg9u9ohc3hw9/gradle-3.3/lib/plugins/gradle-platform-jvm-3.3.jar
7ff3ac1f3000-7ff3ac1fb000 r--s 00027000 08:07 1189089                    /home/chivu/.gradle/wrapper/dists/gradle-3.3-all/55gk2rcmfc6p2dg9u9ohc3hw9/gradle-3.3/lib/plugins/gradle-platform-base-3.3.jar
7ff3ac1fb000-7ff3ac223000 r--s 0021c000 08:07 1189122                    /home/chivu/.gradle/wrapper/dists/gradle-3.3-all/55gk2rcmfc6p2dg9u9ohc3hw9/gradle-3.3/lib/plugins/biz.aQute.bndlib-3.2.0.jar
7ff3ac223000-7ff3ac225000 r--s 00003000 08:07 1189074                    /home/chivu/.gradle/wrapper/dists/gradle-3.3-all/55gk2rcmfc6p2dg9u9ohc3hw9/gradle-3.3/lib/plugins/gradle-osgi-3.3.jar
7ff3ac225000-7ff3ac228000 r--s 0000c000 08:07 1189125                    /home/chivu/.gradle/wrapper/dists/gradle-3.3-all/55gk2rcmfc6p2dg9u9ohc3hw9/gradle-3.3/lib/plugins/pmaven-groovy-0.8-20100325.jar
7ff3ac228000-7ff3ac229000 r--s 00004000 08:07 1189124                    /home/chivu/.gradle/wrapper/dists/gradle-3.3-all/55gk2rcmfc6p2dg9u9ohc3hw9/gradle-3.3/lib/plugins/pmaven-common-0.8-20100325.jar
7ff3ac229000-7ff3ac22f000 r--s 00023000 08:07 1189075                    /home/chivu/.gradle/wrapper/dists/gradle-3.3-all/55gk2rcmfc6p2dg9u9ohc3hw9/gradle-3.3/lib/plugins/gradle-maven-3.3.jar
7ff3ac22f000-7ff3ac232000 r--s 0000b000 08:07 1189094                    /home/chivu/.gradle/wrapper/dists/gradle-3.3-all/55gk2rcmfc6p2dg9u9ohc3hw9/gradle-3.3/lib/plugins/gradle-language-scala-3.3.jar
7ff3ac232000-7ff3ac238000 r--s 0001a000 08:07 1189098                    /home/chivu/.gradle/wrapper/dists/gradle-3.3-all/55gk2rcmfc6p2dg9u9ohc3hw9/gradle-3.3/lib/plugins/gradle-language-native-3.3.jar
7ff3ac238000-7ff3ac23b000 r--s 00005000 08:07 1189091                    /home/chivu/.gradle/wrapper/dists/gradle-3.3-all/55gk2rcmfc6p2dg9u9ohc3hw9/gradle-3.3/lib/plugins/gradle-language-jvm-3.3.jar
7ff3ac23b000-7ff3ac241000 r--s 00027000 08:07 1189092                    /home/chivu/.gradle/wrapper/dists/gradle-3.3-all/55gk2rcmfc6p2dg9u9ohc3hw9/gradle-3.3/lib/plugins/gradle-language-java-3.3.jar
7ff3ac241000-7ff3ac243000 r--s 0000a000 08:07 1189093                    /home/chivu/.gradle/wrapper/dists/gradle-3.3-all/55gk2rcmfc6p2dg9u9ohc3hw9/gradle-3.3/lib/plugins/gradle-language-groovy-3.3.jar
7ff3ac243000-7ff3ac246000 r--s 0001e000 08:07 1189149                    /home/chivu/.gradle/wrapper/dists/gradle-3.3-all/55gk2rcmfc6p2dg9u9ohc3hw9/gradle-3.3/lib/plugins/jsp-api-2.1-6.1.14.jar
7ff3ac246000-7ff3ac269000 r--s 00344000 08:07 1189148                    /home/chivu/.gradle/wrapper/dists/gradle-3.3-all/55gk2rcmfc6p2dg9u9ohc3hw9/gradle-3.3/lib/plugins/core-3.1.1.jar
7ff3ac269000-7ff3ac26a000 r--s 00006000 08:07 1189147                    /home/chivu/.gradle/wrapper/dists/gradle-3.3-all/55gk2rcmfc6p2dg9u9ohc3hw9/gradle-3.3/lib/plugins/jetty-naming-6.1.26.jar
7ff3ac26a000-7ff3ac26b000 r--s 00002000 08:07 1189121                    /home/chivu/.gradle/wrapper/dists/gradle-3.3-all/55gk2rcmfc6p2dg9u9ohc3hw9/gradle-3.3/lib/plugins/geronimo-annotation_1.0_spec-1.0.jar
7ff3ac26b000-7ff3ac26d000 r--s 00002000 08:07 1189120                    /home/chivu/.gradle/wrapper/dists/gradle-3.3-all/55gk2rcmfc6p2dg9u9ohc3hw9/gradle-3.3/lib/plugins/jetty-annotations-6.1.26.jar
7ff3ac26d000-7ff3ac27e000 r--s 000ea000 08:07 1189119                    /home/chivu/.gradle/wrapper/dists/gradle-3.3-all/55gk2rcmfc6p2dg9u9ohc3hw9/gradle-3.3/lib/plugins/jsp-2.1-6.1.14.jar
7ff3ac27e000-7ff3ac280000 r--s 0000d000 08:07 1189118                    /home/chivu/.gradle/wrapper/dists/gradle-3.3-all/55gk2rcmfc6p2dg9u9ohc3hw9/gradle-3.3/lib/plugins/jetty-plus-6.1.26.jar
7ff3ac280000-7ff3ac282000 r--s 0001f000 08:07 1189117                    /home/chivu/.gradle/wrapper/dists/gradle-3.3-all/55gk2rcmfc6p2dg9u9ohc3hw9/gradle-3.3/lib/plugins/servlet-api-2.5-20081211.jar
7ff3ac282000-7ff3ac286000 r--s 00028000 08:07 1189116                    /home/chivu/.gradle/wrapper/dists/gradle-3.3-all/55gk2rcmfc6p2dg9u9ohc3hw9/gradle-3.3/lib/plugins/jetty-util-6.1.26.jar
7ff3ac286000-7ff3ac28d000 r--s 0007d000 08:07 1189115                    /home/chivu/.gradle/wrapper/dists/gradle-3.3-all/55gk2rcmfc6p2dg9u9ohc3hw9/gradle-3.3/lib/plugins/jetty-6.1.26.jar
7ff3ac28d000-7ff3ac28f000 r--s 0000a000 08:07 1189072                    /home/chivu/.gradle/wrapper/dists/gradle-3.3-all/55gk2rcmfc6p2dg9u9ohc3hw9/gradle-3.3/lib/plugins/gradle-jetty-3.3.jar
7ff3ac28f000-7ff3ac296000 r--s 00035000 08:07 1189130                    /home/chivu/.gradle/wrapper/dists/gradle-3.3-all/55gk2rcmfc6p2dg9u9ohc3hw9/gradle-3.3/lib/plugins/simple-4.1.21.jar
7ff3ac296000-7ff3ac2a2000 r--s 00100000 08:07 1189128                    /home/chivu/.gradle/wrapper/dists/gradle-3.3-all/55gk2rcmfc6p2dg9u9ohc3hw9/gradle-3.3/lib/plugins/rhino-1.7R3.jar
7ff3ac2a2000-7ff3ac2a6000 r--s 00012000 08:07 1189081                    /home/chivu/.gradle/wrapper/dists/gradle-3.3-all/55gk2rcmfc6p2dg9u9ohc3hw9/gradle-3.3/lib/plugins/gradle-javascript-3.3.jar
7ff3ac2a6000-7ff3ac2a8000 r--s 0000d000 08:07 1189087                    /home/chivu/.gradle/wrapper/dists/gradle-3.3-all/55gk2rcmfc6p2dg9u9ohc3hw9/gradle-3.3/lib/plugins/gradle-jacoco-3.3.jar
7ff3ac2a8000-7ff3ac2ab000 r--s 0000e000 08:07 1189086                    /home/chivu/.gradle/wrapper/dists/gradle-3.3-all/55gk2rcmfc6p2dg9u9ohc3hw9/gradle-3.3/lib/plugins/gradle-ivy-3.3.jar
7ff3ac2ab000-7ff3ac2ac000 r--s 00002000 08:07 1189097                    /home/chivu/.gradle/wrapper/dists/gradle-3.3-all/55gk2rcmfc6p2dg9u9ohc3hw9/gradle-3.3/lib/plugins/gradle-ide-play-3.3.jar
7ff3ac2ac000-7ff3ac2af000 r--s 00013000 08:07 1189099                    /home/chivu/.gradle/wrapper/dists/gradle-3.3-all/55gk2rcmfc6p2dg9u9ohc3hw9/gradle-3.3/lib/plugins/gradle-ide-native-3.3.jar
7ff3ac2af000-7ff3ac2b8000 r--s 00055000 08:07 1189076                    /home/chivu/.gradle/wrapper/dists/gradle-3.3-all/55gk2rcmfc6p2dg9u9ohc3hw9/gradle-3.3/lib/plugins/gradle-ide-3.3.jar
7ff3ac2b8000-7ff3ac2ba000 r--s 00007000 08:07 1189080                    /home/chivu/.gradle/wrapper/dists/gradle-3.3-all/55gk2rcmfc6p2dg9u9ohc3hw9/gradle-3.3/lib/plugins/gradle-ear-3.3.jar
7ff3ac2ba000-7ff3ac2c0000 r--s 00039000 08:07 1189083                    /home/chivu/.gradle/wrapper/dists/gradle-3.3-all/55gk2rcmfc6p2dg9u9ohc3hw9/gradle-3.3/lib/plugins/gradle-diagnostics-3.3.jar
7ff3ac2c0000-7ff3ac2c1000 r--s 00009000 08:07 1189109                    /home/chivu/.gradle/wrapper/dists/gradle-3.3-all/55gk2rcmfc6p2dg9u9ohc3hw9/gradle-3.3/lib/plugins/gradle-composite-builds-3.3.jar
7ff3ac2c1000-7ff3ac2c5000 r--s 00023000 08:07 1189071                    /home/chivu/.gradle/wrapper/dists/gradle-3.3-all/55gk2rcmfc6p2dg9u9ohc3hw9/gradle-3.3/lib/plugins/gradle-code-quality-3.3.jar
7ff3ac2c5000-7ff3ac2c9000 r--s 00022000 08:07 1189088                    /home/chivu/.gradle/wrapper/dists/gradle-3.3-all/55gk2rcmfc6p2dg9u9ohc3hw9/gradle-3.3/lib/plugins/gradle-build-init-3.3.jar
7ff3ac2c9000-7ff3ac2cf000 r--s 0008e000 08:07 1189082                    /home/chivu/.gradle/wrapper/dists/gradle-3.3-all/55gk2rcmfc6p2dg9u9ohc3hw9/gradle-3.3/lib/plugins/gradle-build-comparison-3.3.jar
7ff3ac2cf000-7ff3ac2d0000 r--s 00001000 08:07 1189110                    /home/chivu/.gradle/wrapper/dists/gradle-3.3-all/55gk2rcmfc6p2dg9u9ohc3hw9/gradle-3.3/lib/plugins/gradle-build-cache-http-3.3.jar
7ff3ac2d0000-7ff3ac2d2000 r--s 00008000 08:07 1189073                    /home/chivu/.gradle/wrapper/dists/gradle-3.3-all/55gk2rcmfc6p2dg9u9ohc3hw9/gradle-3.3/lib/plugins/gradle-antlr-3.3.jar
7ff3ac2d2000-7ff3ac2d4000 r--s 00004000 08:07 1189077                    /home/chivu/.gradle/wrapper/dists/gradle-3.3-all/55gk2rcmfc6p2dg9u9ohc3hw9/gradle-3.3/lib/plugins/gradle-announce-3.3.jar
7ff3ac2d4000-7ff3ac2ec000 r--s 00115000 08:07 1189179                    /home/chivu/.gradle/wrapper/dists/gradle-3.3-all/55gk2rcmfc6p2dg9u9ohc3hw9/gradle-3.3/lib/plugins/xercesImpl-2.9.1.jar
7ff3ac2ec000-7ff3ac2f4000 r--s 00028000 08:07 1189180                    /home/chivu/.gradle/wrapper/dists/gradle-3.3-all/55gk2rcmfc6p2dg9u9ohc3hw9/gradle-3.3/lib/plugins/xml-apis-1.3.04.jar
7ff3ac2f4000-7ff3ac2fa000 r--s 0005b000 08:07 1189178                    /home/chivu/.gradle/wrapper/dists/gradle-3.3-all/55gk2rcmfc6p2dg9u9ohc3hw9/gradle-3.3/lib/plugins/jcifs-1.3.17.jar
7ff3ac2fa000-7ff3ac300000 r--s 00033000 08:07 1189126                    /home/chivu/.gradle/wrapper/dists/gradle-3.3-all/55gk2rcmfc6p2dg9u9ohc3hw9/gradle-3.3/lib/plugins/commons-codec-1.6.jar
7ff3ac300000-7ff3ac307000 r--s 00049000 08:07 1189177                    /home/chivu/.gradle/wrapper/dists/gradle-3.3-all/55gk2rcmfc6p2dg9u9ohc3hw9/gradle-3.3/lib/plugins/httpcore-4.4.4.jar
7ff3ac307000-7ff3ac30a000 r--s 0001c000 08:07 1189135                    /home/chivu/.gradle/wrapper/dists/gradle-3.3-all/55gk2rcmfc6p2dg9u9ohc3hw9/gradle-3.3/lib/plugins/nekohtml-1.9.14.jar
7ff3ac30a000-7ff3ac317000 r--s 000a4000 08:07 1189134                    /home/chivu/.gradle/wrapper/dists/gradle-3.3-all/55gk2rcmfc6p2dg9u9ohc3hw9/gradle-3.3/lib/plugins/httpclient-4.4.1.jar
7ff3ac317000-7ff3ac31a000 r--s 0000a000 08:07 1189105                    /home/chivu/.gradle/wrapper/dists/gradle-3.3-all/55gk2rcmfc6p2dg9u9ohc3hw9/gradle-3.3/lib/plugins/gradle-resources-http-3.3.jar
7ff3ac31a000-7ff3ac31e000 r--s 00015000 08:07 1189104                    /home/chivu/.gradle/wrapper/dists/gradle-3.3-all/55gk2rcmfc6p2dg9u9ohc3hw9/gradle-3.3/lib/plugins/gradle-plugin-use-3.3.jar
7ff3ac31e000-7ff3ac31f000 r--s 00000000 08:07 1189016                    /home/chivu/.gradle/wrapper/dists/gradle-3.3-all/55gk2rcmfc6p2dg9u9ohc3hw9/gradle-3.3/lib/gradle-installation-beacon-3.3.jar
7ff3ac31f000-7ff3ac321000 r--s 00006000 08:07 1189173                    /home/chivu/.gradle/wrapper/dists/gradle-3.3-all/55gk2rcmfc6p2dg9u9ohc3hw9/gradle-3.3/lib/plugins/aether-connector-wagon-1.13.1.jar
7ff3ac321000-7ff3ac325000 r--s 0001c000 08:07 1189172                    /home/chivu/.gradle/wrapper/dists/gradle-3.3-all/55gk2rcmfc6p2dg9u9ohc3hw9/gradle-3.3/lib/plugins/aether-util-1.13.1.jar
7ff3ac325000-7ff3ac326000 r--s 00003000 08:07 1189171                    /home/chivu/.gradle/wrapper/dists/gradle-3.3-all/55gk2rcmfc6p2dg9u9ohc3hw9/gradle-3.3/lib/plugins/aether-spi-1.13.1.jar
7ff3ac326000-7ff3ac329000 r--s 0001d000 08:07 1189170                    /home/chivu/.gradle/wrapper/dists/gradle-3.3-all/55gk2rcmfc6p2dg9u9ohc3hw9/gradle-3.3/lib/plugins/aether-impl-1.13.1.jar
7ff3ac329000-7ff3ac32c000 r--s 00013000 08:07 1189169                    /home/chivu/.gradle/wrapper/dists/gradle-3.3-all/55gk2rcmfc6p2dg9u9ohc3hw9/gradle-3.3/lib/plugins/aether-api-1.13.1.jar
7ff3ac32c000-7ff3ac32d000 r--s 00007000 08:07 1189168                    /home/chivu/.gradle/wrapper/dists/gradle-3.3-all/55gk2rcmfc6p2dg9u9ohc3hw9/gradle-3.3/lib/plugins/wagon-http-shared4-2.4.jar
7ff3ac32d000-7ff3ac32f000 r--s 0000b000 08:07 1189167                    /home/chivu/.gradle/wrapper/dists/gradle-3.3-all/55gk2rcmfc6p2dg9u9ohc3hw9/gradle-3.3/lib/plugins/wagon-provider-api-2.4.jar
7ff3ac32f000-7ff3ac330000 r--s 00002000 08:07 1189166                    /home/chivu/.gradle/wrapper/dists/gradle-3.3-all/55gk2rcmfc6p2dg9u9ohc3hw9/gradle-3.3/lib/plugins/wagon-http-2.4.jar
7ff3ac330000-7ff3ac331000 r--s 00002000 08:07 1189165                    /home/chivu/.gradle/wrapper/dists/gradle-3.3-all/55gk2rcmfc6p2dg9u9ohc3hw9/gradle-3.3/lib/plugins/wagon-file-2.4.jar
7ff3ac331000-7ff3ac333000 r--s 0000c000 08:07 1189164                    /home/chivu/.gradle/wrapper/dists/gradle-3.3-all/55gk2rcmfc6p2dg9u9ohc3hw9/gradle-3.3/lib/plugins/maven-aether-provider-3.0.4.jar
7ff3ac333000-7ff3ac335000 r--s 0000b000 08:07 1189163                    /home/chivu/.gradle/wrapper/dists/gradle-3.3-all/55gk2rcmfc6p2dg9u9ohc3hw9/gradle-3.3/lib/plugins/maven-plugin-api-3.0.4.jar
7ff3ac335000-7ff3ac337000 r--s 00006000 08:07 1189162                    /home/chivu/.gradle/wrapper/dists/gradle-3.3-all/55gk2rcmfc6p2dg9u9ohc3hw9/gradle-3.3/lib/plugins/maven-repository-metadata-3.0.4.jar
7ff3ac337000-7ff3ac339000 r--s 0000b000 08:07 1189161                    /home/chivu/.gradle/wrapper/dists/gradle-3.3-all/55gk2rcmfc6p2dg9u9ohc3hw9/gradle-3.3/lib/plugins/maven-artifact-3.0.4.jar
7ff3ac339000-7ff3ac33b000 r--s 00026000 08:07 1189160                    /home/chivu/.gradle/wrapper/dists/gradle-3.3-all/55gk2rcmfc6p2dg9u9ohc3hw9/gradle-3.3/lib/plugins/maven-model-3.0.4.jar
7ff3ac33b000-7ff3ac33f000 r--s 00021000 08:07 1189159                    /home/chivu/.gradle/wrapper/dists/gradle-3.3-all/55gk2rcmfc6p2dg9u9ohc3hw9/gradle-3.3/lib/plugins/maven-model-builder-3.0.4.jar
7ff3ac33f000-7ff3ac345000 r--s 0003f000 08:07 1189158                    /home/chivu/.gradle/wrapper/dists/gradle-3.3-all/55gk2rcmfc6p2dg9u9ohc3hw9/gradle-3.3/lib/plugins/maven-compat-3.0.4.jar
7ff3ac345000-7ff3ac347000 r--s 00002000 08:07 1189156                    /home/chivu/.gradle/wrapper/dists/gradle-3.3-all/55gk2rcmfc6p2dg9u9ohc3hw9/gradle-3.3/lib/plugins/plexus-cipher-1.7.jar
7ff3ac347000-7ff3ac349000 r--s 0000a000 08:07 1189155                    /home/chivu/.gradle/wrapper/dists/gradle-3.3-all/55gk2rcmfc6p2dg9u9ohc3hw9/gradle-3.3/lib/plugins/plexus-classworlds-2.4.jar
7ff3ac349000-7ff3ac350000 r--s 0002e000 08:07 1189154                    /home/chivu/.gradle/wrapper/dists/gradle-3.3-all/55gk2rcmfc6p2dg9u9ohc3hw9/gradle-3.3/lib/plugins/plexus-container-default-1.5.5.jar
7ff3ac350000-7ff3ac366000 r-xp 00000000 08:07 529479                     /lib/x86_64-linux-gnu/libgcc_s.so.1
7ff3ac366000-7ff3ac565000 ---p 00016000 08:07 529479                     /lib/x86_64-linux-gnu/libgcc_s.so.1
7ff3ac565000-7ff3ac566000 rw-p 00015000 08:07 529479                     /lib/x86_64-linux-gnu/libgcc_s.so.1
7ff3ac566000-7ff3ac6d8000 r-xp 00000000 08:07 1312856                    /usr/lib/x86_64-linux-gnu/libstdc++.so.6.0.21
7ff3ac6d8000-7ff3ac8d8000 ---p 00172000 08:07 1312856                    /usr/lib/x86_64-linux-gnu/libstdc++.so.6.0.21
7ff3ac8d8000-7ff3ac8e2000 r--p 00172000 08:07 1312856                    /usr/lib/x86_64-linux-gnu/libstdc++.so.6.0.21
7ff3ac8e2000-7ff3ac8e4000 rw-p 0017c000 08:07 1312856                    /usr/lib/x86_64-linux-gnu/libstdc++.so.6.0.21
7ff3ac8e4000-7ff3ac8e8000 rw-p 00000000 00:00 0 
7ff3ac8e8000-7ff3ac8ed000 r-xp 00000000 08:07 932602                     /home/chivu/.gradle/native/23/linux-amd64/libnative-platform.so
7ff3ac8ed000-7ff3acaec000 ---p 00005000 08:07 932602                     /home/chivu/.gradle/native/23/linux-amd64/libnative-platform.so
7ff3acaec000-7ff3acaed000 rw-p 00004000 08:07 932602                     /home/chivu/.gradle/native/23/linux-amd64/libnative-platform.so
7ff3acaed000-7ff3acafe000 r-xp 00000000 08:07 1201545                    /home/chivu/Downloads/android-studio-p/jre/jre/lib/amd64/libnio.so
7ff3acafe000-7ff3accfd000 ---p 00011000 08:07 1201545                    /home/chivu/Downloads/android-studio-p/jre/jre/lib/amd64/libnio.so
7ff3accfd000-7ff3accfe000 r--p 00010000 08:07 1201545                    /home/chivu/Downloads/android-studio-p/jre/jre/lib/amd64/libnio.so
7ff3accfe000-7ff3accff000 rw-p 00011000 08:07 1201545                    /home/chivu/Downloads/android-studio-p/jre/jre/lib/amd64/libnio.so
7ff3accff000-7ff3b0000000 rw-p 00000000 00:00 0 
7ff3b0000000-7ff3b0130000 rw-p 00000000 00:00 0 
7ff3b0130000-7ff3b4000000 ---p 00000000 00:00 0 
7ff3b4000000-7ff3b4001000 r--s 00006000 08:07 1189157                    /home/chivu/.gradle/wrapper/dists/gradle-3.3-all/55gk2rcmfc6p2dg9u9ohc3hw9/gradle-3.3/lib/plugins/plexus-sec-dispatcher-1.3.jar
7ff3b4001000-7ff3b4003000 r--s 00000000 08:07 1189181                    /home/chivu/.gradle/wrapper/dists/gradle-3.3-all/55gk2rcmfc6p2dg9u9ohc3hw9/gradle-3.3/lib/plugins/plexus-component-annotations-1.5.5.jar
7ff3b4003000-7ff3b4005000 r--s 0000d000 08:07 1189153                    /home/chivu/.gradle/wrapper/dists/gradle-3.3-all/55gk2rcmfc6p2dg9u9ohc3hw9/gradle-3.3/lib/plugins/plexus-interpolation-1.14.jar
7ff3b4005000-7ff3b4009000 r--s 00033000 08:07 1189152                    /home/chivu/.gradle/wrapper/dists/gradle-3.3-all/55gk2rcmfc6p2dg9u9ohc3hw9/gradle-3.3/lib/plugins/plexus-utils-2.0.6.jar
7ff3b4009000-7ff3b400c000 r--s 00008000 08:07 1189151                    /home/chivu/.gradle/wrapper/dists/gradle-3.3-all/55gk2rcmfc6p2dg9u9ohc3hw9/gradle-3.3/lib/plugins/maven-settings-builder-3.0.4.jar
7ff3b400c000-7ff3b400e000 r--s 0000a000 08:07 1189150                    /home/chivu/.gradle/wrapper/dists/gradle-3.3-all/55gk2rcmfc6p2dg9u9ohc3hw9/gradle-3.3/lib/plugins/maven-settings-3.0.4.jar
7ff3b400e000-7ff3b4013000 r--s 00040000 08:07 1189136                    /home/chivu/.gradle/wrapper/dists/gradle-3.3-all/55gk2rcmfc6p2dg9u9ohc3hw9/gradle-3.3/lib/plugins/jsch-0.1.53.jar
7ff3b4013000-7ff3b4053000 r--s 00277000 08:07 1189146                    /home/chivu/.gradle/wrapper/dists/gradle-3.3-all/55gk2rcmfc6p2dg9u9ohc3hw9/gradle-3.3/lib/plugins/bcprov-jdk15on-1.51.jar
7ff3b4053000-7ff3b4057000 r--s 0001d000 08:07 1189145                    /home/chivu/.gradle/wrapper/dists/gradle-3.3-all/55gk2rcmfc6p2dg9u9ohc3hw9/gradle-3.3/lib/plugins/xbean-reflect-3.4.jar
7ff3b4057000-7ff3b4063000 r--s 0007d000 08:07 1189123                    /home/chivu/.gradle/wrapper/dists/gradle-3.3-all/55gk2rcmfc6p2dg9u9ohc3hw9/gradle-3.3/lib/plugins/maven-core-3.0.4.jar
7ff3b4063000-7ff3b4068000 r--s 00034000 08:07 1189129                    /home/chivu/.gradle/wrapper/dists/gradle-3.3-all/55gk2rcmfc6p2dg9u9ohc3hw9/gradle-3.3/lib/plugins/gson-2.7.jar
7ff3b4068000-7ff3b4077000 r--s 000d9000 08:07 1189144                    /home/chivu/.gradle/wrapper/dists/gradle-3.3-all/55gk2rcmfc6p2dg9u9ohc3hw9/gradle-3.3/lib/plugins/ivy-2.2.0.jar
7ff3b4077000-7ff3b4096000 r--s 000f6000 08:07 1189112                    /home/chivu/.gradle/wrapper/dists/gradle-3.3-all/55gk2rcmfc6p2dg9u9ohc3hw9/gradle-3.3/lib/plugins/gradle-dependency-management-3.3.jar
7ff3b4096000-7ff3b4098000 r--s 00005000 08:07 1189111                    /home/chivu/.gradle/wrapper/dists/gradle-3.3-all/55gk2rcmfc6p2dg9u9ohc3hw9/gradle-3.3/lib/plugins/gradle-workers-3.3.jar
7ff3b4098000-7ff3b40af000 r-xp 00000000 08:07 1201544                    /home/chivu/Downloads/android-studio-p/jre/jre/lib/amd64/libnet.so
7ff3b40af000-7ff3b42ae000 ---p 00017000 08:07 1201544                    /home/chivu/Downloads/android-studio-p/jre/jre/lib/amd64/libnet.so
7ff3b42ae000-7ff3b42af000 r--p 00016000 08:07 1201544                    /home/chivu/Downloads/android-studio-p/jre/jre/lib/amd64/libnet.so
7ff3b42af000-7ff3b42b0000 rw-p 00017000 08:07 1201544                    /home/chivu/Downloads/android-studio-p/jre/jre/lib/amd64/libnet.so
7ff3b42b0000-7ff3b42bd000 r--s 00041000 08:07 1189022                    /home/chivu/.gradle/wrapper/dists/gradle-3.3-all/55gk2rcmfc6p2dg9u9ohc3hw9/gradle-3.3/lib/gradle-tooling-api-3.3.jar
7ff3b42bd000-7ff3b42bf000 r--s 00002000 08:07 1189042                    /home/chivu/.gradle/wrapper/dists/gradle-3.3-all/55gk2rcmfc6p2dg9u9ohc3hw9/gradle-3.3/lib/gradle-open-api-3.3.jar
7ff3b42bf000-7ff3b42c5000 r--s 00032000 08:07 1189044                    /home/chivu/.gradle/wrapper/dists/gradle-3.3-all/55gk2rcmfc6p2dg9u9ohc3hw9/gradle-3.3/lib/jaxen-1.1.jar
7ff3b42c5000-7ff3b42ca000 r--s 00048000 08:07 1189043                    /home/chivu/.gradle/wrapper/dists/gradle-3.3-all/55gk2rcmfc6p2dg9u9ohc3hw9/gradle-3.3/lib/dom4j-1.6.1.jar
7ff3b42ca000-7ff3b42d5000 r--s 00059000 08:07 1189021                    /home/chivu/.gradle/wrapper/dists/gradle-3.3-all/55gk2rcmfc6p2dg9u9ohc3hw9/gradle-3.3/lib/gradle-ui-3.3.jar
7ff3b42d5000-7ff3b42de000 r--s 0008c000 08:07 1189013                    /home/chivu/.gradle/wrapper/dists/gradle-3.3-all/55gk2rcmfc6p2dg9u9ohc3hw9/gradle-3.3/lib/kotlin-stdlib-1.1-M02.jar
7ff3b42de000-7ff3b4312000 r--s 00256000 08:07 1189011                    /home/chivu/.gradle/wrapper/dists/gradle-3.3-all/55gk2rcmfc6p2dg9u9ohc3hw9/gradle-3.3/lib/kotlin-reflect-1.1-M02.jar
7ff3b4312000-7ff3b44a8000 r--s 0157e000 08:07 1189010                    /home/chivu/.gradle/wrapper/dists/gradle-3.3-all/55gk2rcmfc6p2dg9u9ohc3hw9/gradle-3.3/lib/kotlin-compiler-embeddable-1.1-M02.jar
7ff3b44a8000-7ff3b44b0000 r--s 0004e000 08:07 1189009                    /home/chivu/.gradle/wrapper/dists/gradle-3.3-all/55gk2rcmfc6p2dg9u9ohc3hw9/gradle-3.3/lib/gradle-script-kotlin-0.5.1.jar
7ff3b44b0000-7ff3b4520000 r--s 00641000 08:07 1189029                    /home/chivu/.gradle/wrapper/dists/gradle-3.3-all/55gk2rcmfc6p2dg9u9ohc3hw9/gradle-3.3/lib/groovy-all-2.4.7.jar
7ff3b4520000-7ff3b4521000 ---p 00000000 00:00 0 
7ff3b4521000-7ff3b4621000 rw-p 00000000 00:00 0 
7ff3b4621000-7ff3b4624000 ---p 00000000 00:00 0 
7ff3b4624000-7ff3b4722000 rw-p 00000000 00:00 0 
7ff3b4722000-7ff3b4725000 ---p 00000000 00:00 0 
7ff3b4725000-7ff3b4823000 rw-p 00000000 00:00 0 
7ff3b4823000-7ff3b4826000 ---p 00000000 00:00 0 
7ff3b4826000-7ff3b4924000 rw-p 00000000 00:00 0 
7ff3b4924000-7ff3b4927000 ---p 00000000 00:00 0 
7ff3b4927000-7ff3b4a25000 rw-p 00000000 00:00 0 
7ff3b4a25000-7ff3b4a28000 ---p 00000000 00:00 0 
7ff3b4a28000-7ff3b4b26000 rw-p 00000000 00:00 0 
7ff3b4b26000-7ff3b4dfe000 r--p 00000000 08:07 1375560                    /usr/lib/locale/locale-archive
7ff3b4dfe000-7ff3b4e01000 ---p 00000000 00:00 0 
7ff3b4e01000-7ff3b4eff000 rw-p 00000000 00:00 0 
7ff3b4eff000-7ff3b4f02000 ---p 00000000 00:00 0 
7ff3b4f02000-7ff3b5000000 rw-p 00000000 00:00 0 
7ff3b5000000-7ff3b6db0000 rwxp 00000000 00:00 0 
7ff3b6db0000-7ff3c4000000 ---p 00000000 00:00 0 
7ff3c4000000-7ff3c4cac000 rw-p 00000000 00:00 0 
7ff3c4cac000-7ff3c8000000 ---p 00000000 00:00 0 
7ff3c8000000-7ff3c8001000 r--s 00006000 08:07 1189015                    /home/chivu/.gradle/wrapper/dists/gradle-3.3-all/55gk2rcmfc6p2dg9u9ohc3hw9/gradle-3.3/lib/gradle-wrapper-3.3.jar
7ff3c8001000-7ff3c8007000 r--s 0002a000 08:07 1189012                    /home/chivu/.gradle/wrapper/dists/gradle-3.3-all/55gk2rcmfc6p2dg9u9ohc3hw9/gradle-3.3/lib/kotlin-runtime-1.1-M02.jar
7ff3c8007000-7ff3c800a000 r--s 0000b000 08:07 1189040                    /home/chivu/.gradle/wrapper/dists/gradle-3.3-all/55gk2rcmfc6p2dg9u9ohc3hw9/gradle-3.3/lib/gradle-resources-3.3.jar
7ff3c800a000-7ff3c800c000 r--s 00003000 08:07 1189049                    /home/chivu/.gradle/wrapper/dists/gradle-3.3-all/55gk2rcmfc6p2dg9u9ohc3hw9/gradle-3.3/lib/jcl-over-slf4j-1.7.10.jar
7ff3c800c000-7ff3c800d000 r--s 00005000 08:07 1189048                    /home/chivu/.gradle/wrapper/dists/gradle-3.3-all/55gk2rcmfc6p2dg9u9ohc3hw9/gradle-3.3/lib/log4j-over-slf4j-1.7.10.jar
7ff3c800d000-7ff3c800f000 r--s 00000000 08:07 1189047                    /home/chivu/.gradle/wrapper/dists/gradle-3.3-all/55gk2rcmfc6p2dg9u9ohc3hw9/gradle-3.3/lib/jul-to-slf4j-1.7.10.jar
7ff3c800f000-7ff3c8014000 r--s 0001e000 08:07 1189024                    /home/chivu/.gradle/wrapper/dists/gradle-3.3-all/55gk2rcmfc6p2dg9u9ohc3hw9/gradle-3.3/lib/gradle-logging-3.3.jar
7ff3c8014000-7ff3c8016000 r--s 00007000 08:07 1189068                    /home/chivu/.gradle/wrapper/dists/gradle-3.3-all/55gk2rcmfc6p2dg9u9ohc3hw9/gradle-3.3/lib/objenesis-1.2.jar
7ff3c8016000-7ff3c8018000 r--s 00000000 08:07 1189067                    /home/chivu/.gradle/wrapper/dists/gradle-3.3-all/55gk2rcmfc6p2dg9u9ohc3hw9/gradle-3.3/lib/minlog-1.2.jar
7ff3c8018000-7ff3c801a000 r--s 0000f000 08:07 1189066                    /home/chivu/.gradle/wrapper/dists/gradle-3.3-all/55gk2rcmfc6p2dg9u9ohc3hw9/gradle-3.3/lib/reflectasm-1.07-shaded.jar
7ff3c801a000-7ff3c801e000 r--s 00026000 08:07 1189051                    /home/chivu/.gradle/wrapper/dists/gradle-3.3-all/55gk2rcmfc6p2dg9u9ohc3hw9/gradle-3.3/lib/kryo-2.20.jar
7ff3c801e000-7ff3c8024000 r--s 00027000 08:07 1189039                    /home/chivu/.gradle/wrapper/dists/gradle-3.3-all/55gk2rcmfc6p2dg9u9ohc3hw9/gradle-3.3/lib/gradle-messaging-3.3.jar
7ff3c8024000-7ff3c8025000 r--s 00001000 08:07 1189065                    /home/chivu/.gradle/wrapper/dists/gradle-3.3-all/55gk2rcmfc6p2dg9u9ohc3hw9/gradle-3.3/lib/native-platform-linux-i386-ncurses6-0.12.jar
7ff3c8025000-7ff3c8026000 r--s 00001000 08:07 1189064                    /home/chivu/.gradle/wrapper/dists/gradle-3.3-all/55gk2rcmfc6p2dg9u9ohc3hw9/gradle-3.3/lib/native-platform-linux-i386-ncurses5-0.12.jar
7ff3c8026000-7ff3c8027000 r--s 00001000 08:07 1189063                    /home/chivu/.gradle/wrapper/dists/gradle-3.3-all/55gk2rcmfc6p2dg9u9ohc3hw9/gradle-3.3/lib/native-platform-linux-amd64-ncurses6-0.12.jar
7ff3c8027000-7ff3c8028000 r--s 00001000 08:07 1189062                    /home/chivu/.gradle/wrapper/dists/gradle-3.3-all/55gk2rcmfc6p2dg9u9ohc3hw9/gradle-3.3/lib/native-platform-linux-amd64-ncurses5-0.12.jar
7ff3c8028000-7ff3c8029000 r--s 0000b000 08:07 1189061                    /home/chivu/.gradle/wrapper/dists/gradle-3.3-all/55gk2rcmfc6p2dg9u9ohc3hw9/gradle-3.3/lib/native-platform-windows-i386-0.12.jar
7ff3c8029000-7ff3c802b000 r--s 0000b000 08:07 1189060                    /home/chivu/.gradle/wrapper/dists/gradle-3.3-all/55gk2rcmfc6p2dg9u9ohc3hw9/gradle-3.3/lib/native-platform-windows-amd64-0.12.jar
7ff3c802b000-7ff3c802d000 r--s 00002000 08:07 1189059                    /home/chivu/.gradle/wrapper/dists/gradle-3.3-all/55gk2rcmfc6p2dg9u9ohc3hw9/gradle-3.3/lib/native-platform-osx-i386-0.12.jar
7ff3c802d000-7ff3c802e000 r--s 00002000 08:07 1189058                    /home/chivu/.gradle/wrapper/dists/gradle-3.3-all/55gk2rcmfc6p2dg9u9ohc3hw9/gradle-3.3/lib/native-platform-osx-amd64-0.12.jar
7ff3c802e000-7ff3c802f000 r--s 00002000 08:07 1189057                    /home/chivu/.gradle/wrapper/dists/gradle-3.3-all/55gk2rcmfc6p2dg9u9ohc3hw9/gradle-3.3/lib/native-platform-linux-i386-0.12.jar
7ff3c802f000-7ff3c8030000 r--s 00002000 08:07 1189056                    /home/chivu/.gradle/wrapper/dists/gradle-3.3-all/55gk2rcmfc6p2dg9u9ohc3hw9/gradle-3.3/lib/native-platform-linux-amd64-0.12.jar
7ff3c8030000-7ff3c8031000 r--s 00003000 08:07 1189055                    /home/chivu/.gradle/wrapper/dists/gradle-3.3-all/55gk2rcmfc6p2dg9u9ohc3hw9/gradle-3.3/lib/native-platform-freebsd-i386-libstdcpp-0.12.jar
7ff3c8031000-7ff3c8032000 r--s 00004000 08:07 1189054                    /home/chivu/.gradle/wrapper/dists/gradle-3.3-all/55gk2rcmfc6p2dg9u9ohc3hw9/gradle-3.3/lib/native-platform-freebsd-i386-libcpp-0.12.jar
7ff3c8032000-7ff3c8034000 r--s 00003000 08:07 1189053                    /home/chivu/.gradle/wrapper/dists/gradle-3.3-all/55gk2rcmfc6p2dg9u9ohc3hw9/gradle-3.3/lib/native-platform-freebsd-amd64-libstdcpp-0.12.jar
7ff3c8034000-7ff3c8035000 r--s 00004000 08:07 1189052                    /home/chivu/.gradle/wrapper/dists/gradle-3.3-all/55gk2rcmfc6p2dg9u9ohc3hw9/gradle-3.3/lib/native-platform-freebsd-amd64-libcpp-0.12.jar
7ff3c8035000-7ff3c8038000 r--s 00023000 08:07 1189046                    /home/chivu/.gradle/wrapper/dists/gradle-3.3-all/55gk2rcmfc6p2dg9u9ohc3hw9/gradle-3.3/lib/jansi-1.14.jar
7ff3c8038000-7ff3c803c000 r--s 00011000 08:07 1189045                    /home/chivu/.gradle/wrapper/dists/gradle-3.3-all/55gk2rcmfc6p2dg9u9ohc3hw9/gradle-3.3/lib/native-platform-0.12.jar
7ff3c803c000-7ff3c803f000 r--s 0000a000 08:07 1189023                    /home/chivu/.gradle/wrapper/dists/gradle-3.3-all/55gk2rcmfc6p2dg9u9ohc3hw9/gradle-3.3/lib/gradle-native-3.3.jar
7ff3c803f000-7ff3c8041000 r--s 00005000 08:07 1189020                    /home/chivu/.gradle/wrapper/dists/gradle-3.3-all/55gk2rcmfc6p2dg9u9ohc3hw9/gradle-3.3/lib/gradle-cli-3.3.jar
7ff3c8041000-7ff3c8043000 r--s 00007000 08:07 1189031                    /home/chivu/.gradle/wrapper/dists/gradle-3.3-all/55gk2rcmfc6p2dg9u9ohc3hw9/gradle-3.3/lib/gradle-model-groovy-3.3.jar
7ff3c8043000-7ff3c8045000 r--s 00006000 08:07 1189038                    /home/chivu/.gradle/wrapper/dists/gradle-3.3-all/55gk2rcmfc6p2dg9u9ohc3hw9/gradle-3.3/lib/gradle-base-services-groovy-3.3.jar
7ff3c8045000-7ff3c8054000 r--s 0007f000 08:07 1189030                    /home/chivu/.gradle/wrapper/dists/gradle-3.3-all/55gk2rcmfc6p2dg9u9ohc3hw9/gradle-3.3/lib/gradle-model-core-3.3.jar
7ff3c8054000-7ff3c8055000 r--s 00002000 08:07 1189041                    /home/chivu/.gradle/wrapper/dists/gradle-3.3-all/55gk2rcmfc6p2dg9u9ohc3hw9/gradle-3.3/lib/gradle-docs-3.3.jar
7ff3c8055000-7ff3c8062000 r--s 00083000 08:07 1189034                    /home/chivu/.gradle/wrapper/dists/gradle-3.3-all/55gk2rcmfc6p2dg9u9ohc3hw9/gradle-3.3/lib/commons-collections-3.2.2.jar
7ff3c8062000-7ff3c808a000 r--s 001cf000 08:07 1189026                    /home/chivu/.gradle/wrapper/dists/gradle-3.3-all/55gk2rcmfc6p2dg9u9ohc3hw9/gradle-3.3/lib/guava-jdk5-17.0.jar
7ff3c808a000-7ff3c80a9000 r--s 001d1000 08:07 1189033                    /home/chivu/.gradle/wrapper/dists/gradle-3.3-all/55gk2rcmfc6p2dg9u9ohc3hw9/gradle-3.3/lib/ant-1.9.6.jar
7ff3c80a9000-7ff3c80e6000 r--s 001f8000 08:07 1189019                    /home/chivu/.gradle/wrapper/dists/gradle-3.3-all/55gk2rcmfc6p2dg9u9ohc3hw9/gradle-3.3/lib/gradle-core-3.3.jar
7ff3c80e6000-7ff3c80e7000 ---p 00000000 00:00 0 
7ff3c80e7000-7ff3c91c8000 rw-p 00000000 00:00 0 
7ff3c91c8000-7ff3c9397000 r--s 03c1b000 08:07 1201515                    /home/chivu/Downloads/android-studio-p/jre/jre/lib/rt.jar
7ff3c9397000-7ff3c9f0d000 rw-p 00000000 00:00 0 
7ff3c9f0d000-7ff3c9f0e000 ---p 00000000 00:00 0 
7ff3c9f0e000-7ff3ca00e000 rw-p 00000000 00:00 0 
7ff3ca00e000-7ff3ca00f000 ---p 00000000 00:00 0 
7ff3ca00f000-7ff3ca10f000 rw-p 00000000 00:00 0 
7ff3ca10f000-7ff3ca110000 ---p 00000000 00:00 0 
7ff3ca110000-7ff3ca210000 rw-p 00000000 00:00 0 
7ff3ca210000-7ff3ca211000 ---p 00000000 00:00 0 
7ff3ca211000-7ff3ca4cc000 rw-p 00000000 00:00 0 
7ff3ca4cc000-7ff3ca511000 ---p 00000000 00:00 0 
7ff3ca511000-7ff3ca6cc000 rw-p 00000000 00:00 0 
7ff3ca6cc000-7ff3ca711000 ---p 00000000 00:00 0 
7ff3ca711000-7ff3ca811000 rw-p 00000000 00:00 0 
7ff3ca811000-7ff3ca889000 rw-p 00000000 00:00 0 
7ff3ca889000-7ff3cabd2000 ---p 00000000 00:00 0 
7ff3cabd2000-7ff3cabec000 r-xp 00000000 08:07 1201530                    /home/chivu/Downloads/android-studio-p/jre/jre/lib/amd64/libzip.so
7ff3cabec000-7ff3cadec000 ---p 0001a000 08:07 1201530                    /home/chivu/Downloads/android-studio-p/jre/jre/lib/amd64/libzip.so
7ff3cadec000-7ff3caded000 r--p 0001a000 08:07 1201530                    /home/chivu/Downloads/android-studio-p/jre/jre/lib/amd64/libzip.so
7ff3caded000-7ff3cadee000 rw-p 0001b000 08:07 1201530                    /home/chivu/Downloads/android-studio-p/jre/jre/lib/amd64/libzip.so
7ff3cadee000-7ff3cadf9000 r-xp 00000000 08:07 524372                     /lib/x86_64-linux-gnu/libnss_files-2.23.so
7ff3cadf9000-7ff3caff8000 ---p 0000b000 08:07 524372                     /lib/x86_64-linux-gnu/libnss_files-2.23.so
7ff3caff8000-7ff3caff9000 r--p 0000a000 08:07 524372                     /lib/x86_64-linux-gnu/libnss_files-2.23.so
7ff3caff9000-7ff3caffa000 rw-p 0000b000 08:07 524372                     /lib/x86_64-linux-gnu/libnss_files-2.23.so
7ff3caffa000-7ff3cb000000 rw-p 00000000 00:00 0 
7ff3cb000000-7ff3cb00b000 r-xp 00000000 08:07 524375                     /lib/x86_64-linux-gnu/libnss_nis-2.23.so
7ff3cb00b000-7ff3cb20a000 ---p 0000b000 08:07 524375                     /lib/x86_64-linux-gnu/libnss_nis-2.23.so
7ff3cb20a000-7ff3cb20b000 r--p 0000a000 08:07 524375                     /lib/x86_64-linux-gnu/libnss_nis-2.23.so
7ff3cb20b000-7ff3cb20c000 rw-p 0000b000 08:07 524375                     /lib/x86_64-linux-gnu/libnss_nis-2.23.so
7ff3cb20c000-7ff3cb222000 r-xp 00000000 08:07 524302                     /lib/x86_64-linux-gnu/libnsl-2.23.so
7ff3cb222000-7ff3cb421000 ---p 00016000 08:07 524302                     /lib/x86_64-linux-gnu/libnsl-2.23.so
7ff3cb421000-7ff3cb422000 r--p 00015000 08:07 524302                     /lib/x86_64-linux-gnu/libnsl-2.23.so
7ff3cb422000-7ff3cb423000 rw-p 00016000 08:07 524302                     /lib/x86_64-linux-gnu/libnsl-2.23.so
7ff3cb423000-7ff3cb425000 rw-p 00000000 00:00 0 
7ff3cb425000-7ff3cb42d000 r-xp 00000000 08:07 524381                     /lib/x86_64-linux-gnu/libnss_compat-2.23.so
7ff3cb42d000-7ff3cb62c000 ---p 00008000 08:07 524381                     /lib/x86_64-linux-gnu/libnss_compat-2.23.so
7ff3cb62c000-7ff3cb62d000 r--p 00007000 08:07 524381                     /lib/x86_64-linux-gnu/libnss_compat-2.23.so
7ff3cb62d000-7ff3cb62e000 rw-p 00008000 08:07 524381                     /lib/x86_64-linux-gnu/libnss_compat-2.23.so
7ff3cb62e000-7ff3cb65b000 r-xp 00000000 08:07 1201547                    /home/chivu/Downloads/android-studio-p/jre/jre/lib/amd64/libjava.so
7ff3cb65b000-7ff3cb85a000 ---p 0002d000 08:07 1201547                    /home/chivu/Downloads/android-studio-p/jre/jre/lib/amd64/libjava.so
7ff3cb85a000-7ff3cb85b000 r--p 0002c000 08:07 1201547                    /home/chivu/Downloads/android-studio-p/jre/jre/lib/amd64/libjava.so
7ff3cb85b000-7ff3cb85d000 rw-p 0002d000 08:07 1201547                    /home/chivu/Downloads/android-studio-p/jre/jre/lib/amd64/libjava.so
7ff3cb85d000-7ff3cb86d000 r-xp 00000000 08:07 1201520                    /home/chivu/Downloads/android-studio-p/jre/jre/lib/amd64/libverify.so
7ff3cb86d000-7ff3cba6c000 ---p 00010000 08:07 1201520                    /home/chivu/Downloads/android-studio-p/jre/jre/lib/amd64/libverify.so
7ff3cba6c000-7ff3cba6e000 r--p 0000f000 08:07 1201520                    /home/chivu/Downloads/android-studio-p/jre/jre/lib/amd64/libverify.so
7ff3cba6e000-7ff3cba6f000 rw-p 00011000 08:07 1201520                    /home/chivu/Downloads/android-studio-p/jre/jre/lib/amd64/libverify.so
7ff3cba6f000-7ff3cba76000 r-xp 00000000 08:07 524377                     /lib/x86_64-linux-gnu/librt-2.23.so
7ff3cba76000-7ff3cbc75000 ---p 00007000 08:07 524377                     /lib/x86_64-linux-gnu/librt-2.23.so
7ff3cbc75000-7ff3cbc76000 r--p 00006000 08:07 524377                     /lib/x86_64-linux-gnu/librt-2.23.so
7ff3cbc76000-7ff3cbc77000 rw-p 00007000 08:07 524377                     /lib/x86_64-linux-gnu/librt-2.23.so
7ff3cbc77000-7ff3cbd7f000 r-xp 00000000 08:07 524386                     /lib/x86_64-linux-gnu/libm-2.23.so
7ff3cbd7f000-7ff3cbf7e000 ---p 00108000 08:07 524386                     /lib/x86_64-linux-gnu/libm-2.23.so
7ff3cbf7e000-7ff3cbf7f000 r--p 00107000 08:07 524386                     /lib/x86_64-linux-gnu/libm-2.23.so
7ff3cbf7f000-7ff3cbf80000 rw-p 00108000 08:07 524386                     /lib/x86_64-linux-gnu/libm-2.23.so
7ff3cbf80000-7ff3ccb71000 r-xp 00000000 08:07 1201528                    /home/chivu/Downloads/android-studio-p/jre/jre/lib/amd64/server/libjvm.so
7ff3ccb71000-7ff3ccd71000 ---p 00bf1000 08:07 1201528                    /home/chivu/Downloads/android-studio-p/jre/jre/lib/amd64/server/libjvm.so
7ff3ccd71000-7ff3cce10000 r--p 00bf1000 08:07 1201528                    /home/chivu/Downloads/android-studio-p/jre/jre/lib/amd64/server/libjvm.so
7ff3cce10000-7ff3cce39000 rw-p 00c90000 08:07 1201528                    /home/chivu/Downloads/android-studio-p/jre/jre/lib/amd64/server/libjvm.so
7ff3cce39000-7ff3cce7d000 rw-p 00000000 00:00 0 
7ff3cce7d000-7ff3cce95000 r-xp 00000000 08:07 524374                     /lib/x86_64-linux-gnu/libpthread-2.23.so
7ff3cce95000-7ff3cd094000 ---p 00018000 08:07 524374                     /lib/x86_64-linux-gnu/libpthread-2.23.so
7ff3cd094000-7ff3cd095000 r--p 00017000 08:07 524374                     /lib/x86_64-linux-gnu/libpthread-2.23.so
7ff3cd095000-7ff3cd096000 rw-p 00018000 08:07 524374                     /lib/x86_64-linux-gnu/libpthread-2.23.so
7ff3cd096000-7ff3cd09a000 rw-p 00000000 00:00 0 
7ff3cd09a000-7ff3cd09d000 r-xp 00000000 08:07 524380                     /lib/x86_64-linux-gnu/libdl-2.23.so
7ff3cd09d000-7ff3cd29c000 ---p 00003000 08:07 524380                     /lib/x86_64-linux-gnu/libdl-2.23.so
7ff3cd29c000-7ff3cd29d000 r--p 00002000 08:07 524380                     /lib/x86_64-linux-gnu/libdl-2.23.so
7ff3cd29d000-7ff3cd29e000 rw-p 00003000 08:07 524380                     /lib/x86_64-linux-gnu/libdl-2.23.so
7ff3cd29e000-7ff3cd45e000 r-xp 00000000 08:07 524518                     /lib/x86_64-linux-gnu/libc-2.23.so
7ff3cd45e000-7ff3cd65e000 ---p 001c0000 08:07 524518                     /lib/x86_64-linux-gnu/libc-2.23.so
7ff3cd65e000-7ff3cd662000 r--p 001c0000 08:07 524518                     /lib/x86_64-linux-gnu/libc-2.23.so
7ff3cd662000-7ff3cd664000 rw-p 001c4000 08:07 524518                     /lib/x86_64-linux-gnu/libc-2.23.so
7ff3cd664000-7ff3cd668000 rw-p 00000000 00:00 0 
7ff3cd668000-7ff3cd67e000 r-xp 00000000 08:07 1201477                    /home/chivu/Downloads/android-studio-p/jre/lib/amd64/jli/libjli.so
7ff3cd67e000-7ff3cd87d000 ---p 00016000 08:07 1201477                    /home/chivu/Downloads/android-studio-p/jre/lib/amd64/jli/libjli.so
7ff3cd87d000-7ff3cd87e000 r--p 00015000 08:07 1201477                    /home/chivu/Downloads/android-studio-p/jre/lib/amd64/jli/libjli.so
7ff3cd87e000-7ff3cd87f000 rw-p 00016000 08:07 1201477                    /home/chivu/Downloads/android-studio-p/jre/lib/amd64/jli/libjli.so
7ff3cd87f000-7ff3cd8a5000 r-xp 00000000 08:07 524305                     /lib/x86_64-linux-gnu/ld-2.23.so
7ff3cd8a5000-7ff3cd8a6000 r--s 00000000 08:07 1189037                    /home/chivu/.gradle/wrapper/dists/gradle-3.3-all/55gk2rcmfc6p2dg9u9ohc3hw9/gradle-3.3/lib/javax.inject-1.jar
7ff3cd8a6000-7ff3cd8a7000 r--s 00000000 08:07 1189036                    /home/chivu/.gradle/wrapper/dists/gradle-3.3-all/55gk2rcmfc6p2dg9u9ohc3hw9/gradle-3.3/lib/jcip-annotations-1.0.jar
7ff3cd8a7000-7ff3cd8ab000 r--s 00027000 08:07 1189035                    /home/chivu/.gradle/wrapper/dists/gradle-3.3-all/55gk2rcmfc6p2dg9u9ohc3hw9/gradle-3.3/lib/commons-io-2.2.jar
7ff3cd8ab000-7ff3cd8b0000 r--s 00038000 08:07 1189032                    /home/chivu/.gradle/wrapper/dists/gradle-3.3-all/55gk2rcmfc6p2dg9u9ohc3hw9/gradle-3.3/lib/asm-all-5.1.jar
7ff3cd8b0000-7ff3cd8b1000 r--s 00001000 08:07 1189028                    /home/chivu/.gradle/wrapper/dists/gradle-3.3-all/55gk2rcmfc6p2dg9u9ohc3hw9/gradle-3.3/lib/gradle-process-services-3.3.jar
7ff3cd8b1000-7ff3cd8b6000 r--s 00041000 08:07 1189027                    /home/chivu/.gradle/wrapper/dists/gradle-3.3-all/55gk2rcmfc6p2dg9u9ohc3hw9/gradle-3.3/lib/commons-lang-2.6.jar
7ff3cd8b6000-7ff3cd8bf000 r--s 00042000 08:07 1189017                    /home/chivu/.gradle/wrapper/dists/gradle-3.3-all/55gk2rcmfc6p2dg9u9ohc3hw9/gradle-3.3/lib/gradle-base-services-3.3.jar
7ff3cd8bf000-7ff3cd981000 rw-p 00000000 00:00 0 
7ff3cd981000-7ff3cd984000 ---p 00000000 00:00 0 
7ff3cd984000-7ff3cda86000 rw-p 00000000 00:00 0 
7ff3cda86000-7ff3cda88000 r--s 00000000 08:07 1189018                    /home/chivu/.gradle/wrapper/dists/gradle-3.3-all/55gk2rcmfc6p2dg9u9ohc3hw9/gradle-3.3/lib/gradle-jvm-services-3.3.jar
7ff3cda88000-7ff3cda89000 r--s 00000000 08:07 1189183                    /home/chivu/.gradle/wrapper/dists/gradle-3.3-all/55gk2rcmfc6p2dg9u9ohc3hw9/gradle-3.3/lib/gradle-version-info-3.3.jar
7ff3cda89000-7ff3cda8a000 r--s 00007000 08:07 1189025                    /home/chivu/.gradle/wrapper/dists/gradle-3.3-all/55gk2rcmfc6p2dg9u9ohc3hw9/gradle-3.3/lib/slf4j-api-1.7.10.jar
7ff3cda8a000-7ff3cda8b000 r--s 00004000 08:07 1189050                    /home/chivu/.gradle/wrapper/dists/gradle-3.3-all/55gk2rcmfc6p2dg9u9ohc3hw9/gradle-3.3/lib/ant-launcher-1.9.6.jar
7ff3cda8b000-7ff3cda98000 r--s 0005c000 08:07 1189014                    /home/chivu/.gradle/wrapper/dists/gradle-3.3-all/55gk2rcmfc6p2dg9u9ohc3hw9/gradle-3.3/lib/gradle-launcher-3.3.jar
7ff3cda98000-7ff3cdaa0000 rw-s 00000000 08:07 266467                     /tmp/hsperfdata_chivu/4813
7ff3cdaa0000-7ff3cdaa1000 rw-p 00000000 00:00 0 
7ff3cdaa1000-7ff3cdaa2000 ---p 00000000 00:00 0 
7ff3cdaa2000-7ff3cdaa4000 rw-p 00000000 00:00 0 
7ff3cdaa4000-7ff3cdaa5000 r--p 00025000 08:07 524305                     /lib/x86_64-linux-gnu/ld-2.23.so
7ff3cdaa5000-7ff3cdaa6000 rw-p 00026000 08:07 524305                     /lib/x86_64-linux-gnu/ld-2.23.so
7ff3cdaa6000-7ff3cdaa7000 rw-p 00000000 00:00 0 
7fff64934000-7fff64955000 rw-p 00000000 00:00 0                          [stack]
7fff649a1000-7fff649a3000 r--p 00000000 00:00 0                          [vvar]
7fff649a3000-7fff649a5000 r-xp 00000000 00:00 0                          [vdso]
ffffffffff600000-ffffffffff601000 r-xp 00000000 00:00 0                  [vsyscall]

VM Arguments:
jvm_args: -Xmx1536m -Dfile.encoding=UTF-8 -Duser.country=IN -Duser.language=en -Duser.variant 
java_command: org.gradle.launcher.daemon.bootstrap.GradleDaemon 3.3
java_class_path (initial): /home/chivu/.gradle/wrapper/dists/gradle-3.3-all/55gk2rcmfc6p2dg9u9ohc3hw9/gradle-3.3/lib/gradle-launcher-3.3.jar
Launcher Type: SUN_STANDARD

Environment Variables:
JAVA_HOME=/usr/lib/jvm/java-8-oracle
PATH=/home/chivu/bin:/home/chivu/.local/bin:/usr/local/sbin:/usr/local/bin:/usr/sbin:/usr/bin:/sbin:/bin:/usr/games:/usr/local/games:/snap/bin:/usr/lib/jvm/java-8-oracle/bin:/usr/lib/jvm/java-8-oracle/db/bin:/usr/lib/jvm/java-8-oracle/jre/bin
LD_LIBRARY_PATH=/home/chivu/Downloads/android-studio-p/bin:
SHELL=/bin/bash
DISPLAY=:0

Signal Handlers:
SIGSEGV: [libjvm.so+0x9e5150], sa_mask[0]=11111111011111111101111111111110, sa_flags=SA_RESTART|SA_SIGINFO
SIGBUS: [libjvm.so+0x9e5150], sa_mask[0]=11111111011111111101111111111110, sa_flags=SA_RESTART|SA_SIGINFO
SIGFPE: [libjvm.so+0x848450], sa_mask[0]=11111111011111111101111111111110, sa_flags=SA_RESTART|SA_SIGINFO
SIGPIPE: [libjvm.so+0x848450], sa_mask[0]=11111111011111111101111111111110, sa_flags=SA_RESTART|SA_SIGINFO
SIGXFSZ: [libjvm.so+0x848450], sa_mask[0]=11111111011111111101111111111110, sa_flags=SA_RESTART|SA_SIGINFO
SIGILL: [libjvm.so+0x848450], sa_mask[0]=11111111011111111101111111111110, sa_flags=SA_RESTART|SA_SIGINFO
SIGUSR1: SIG_DFL, sa_mask[0]=00000000000000000000000000000000, sa_flags=none
SIGUSR2: [libjvm.so+0x848320], sa_mask[0]=00100000000000000000000000000000, sa_flags=SA_RESTART|SA_SIGINFO
SIGHUP: [libjvm.so+0x848510], sa_mask[0]=11111111011111111101111111111110, sa_flags=SA_RESTART|SA_SIGINFO
SIGINT: [libjvm.so+0x848510], sa_mask[0]=11111111011111111101111111111110, sa_flags=SA_RESTART|SA_SIGINFO
SIGTERM: [libjvm.so+0x848510], sa_mask[0]=11111111011111111101111111111110, sa_flags=SA_RESTART|SA_SIGINFO
SIGQUIT: [libjvm.so+0x848510], sa_mask[0]=11111111011111111101111111111110, sa_flags=SA_RESTART|SA_SIGINFO


---------------  S Y S T E M  ---------------

OS:DISTRIB_ID=Ubuntu
DISTRIB_RELEASE=16.04
DISTRIB_CODENAME=xenial
DISTRIB_DESCRIPTION="Ubuntu 16.04.2 LTS"

uname:Linux 4.4.0-83-generic #106-Ubuntu SMP Mon Jun 26 17:54:43 UTC 2017 x86_64
libc:glibc 2.23 NPTL 2.23 
rlimit: STACK 8192k, CORE 0k, NPROC 15360, NOFILE 65536, AS infinity
load average:5.02 3.17 2.37

/proc/meminfo:
MemTotal:        3972820 kB
MemFree:          126108 kB
MemAvailable:      36404 kB
Buffers:            1564 kB
Cached:           234888 kB
SwapCached:          168 kB
Active:          2757060 kB
Inactive:         935004 kB
Active(anon):    2740844 kB
Inactive(anon):   921528 kB
Active(file):      16216 kB
Inactive(file):    13476 kB
Unevictable:         136 kB
Mlocked:             136 kB
SwapTotal:          1020 kB
SwapFree:              0 kB
Dirty:               540 kB
Writeback:             0 kB
AnonPages:       3456136 kB
Mapped:            67160 kB
Shmem:            206248 kB
Slab:              70640 kB
SReclaimable:      35892 kB
SUnreclaim:        34748 kB
KernelStack:        8480 kB
PageTables:        32260 kB
NFS_Unstable:          0 kB
Bounce:                0 kB
WritebackTmp:          0 kB
CommitLimit:     1987428 kB
Committed_AS:    6563288 kB
VmallocTotal:   34359738367 kB
VmallocUsed:           0 kB
VmallocChunk:          0 kB
HardwareCorrupted:     0 kB
AnonHugePages:   1869824 kB
CmaTotal:              0 kB
CmaFree:               0 kB
HugePages_Total:       0
HugePages_Free:        0
HugePages_Rsvd:        0
HugePages_Surp:        0
Hugepagesize:       2048 kB
DirectMap4k:      166656 kB
DirectMap2M:     3954688 kB
DirectMap1G:     1048576 kB


CPU:total 4 (2 cores per cpu, 2 threads per core) family 6 model 69 stepping 1, cmov, cx8, fxsr, mmx, sse, sse2, sse3, ssse3, sse4.1, sse4.2, popcnt, avx, avx2, aes, clmul, erms, lzcnt, ht, tsc, tscinvbit, bmi1, bmi2

/proc/cpuinfo:
processor	: 0
vendor_id	: GenuineIntel
cpu family	: 6
model		: 69
model name	: Intel(R) Core(TM) i3-4030U CPU @ 1.90GHz
stepping	: 1
microcode	: 0x1d
cpu MHz		: 1800.175
cache size	: 3072 KB
physical id	: 0
siblings	: 4
core id		: 0
cpu cores	: 2
apicid		: 0
initial apicid	: 0
fpu		: yes
fpu_exception	: yes
cpuid level	: 13
wp		: yes
flags		: fpu vme de pse tsc msr pae mce cx8 apic sep mtrr pge mca cmov pat pse36 clflush dts acpi mmx fxsr sse sse2 ss ht tm pbe syscall nx pdpe1gb rdtscp lm constant_tsc arch_perfmon pebs bts rep_good nopl xtopology nonstop_tsc aperfmperf eagerfpu pni pclmulqdq dtes64 monitor ds_cpl vmx est tm2 ssse3 sdbg fma cx16 xtpr pdcm pcid sse4_1 sse4_2 x2apic movbe popcnt tsc_deadline_timer aes xsave avx f16c rdrand lahf_lm abm epb tpr_shadow vnmi flexpriority ept vpid fsgsbase tsc_adjust bmi1 avx2 smep bmi2 erms invpcid xsaveopt dtherm arat pln pts
bugs		:
bogomips	: 3791.39
clflush size	: 64
cache_alignment	: 64
address sizes	: 39 bits physical, 48 bits virtual
power management:

processor	: 1
vendor_id	: GenuineIntel
cpu family	: 6
model		: 69
model name	: Intel(R) Core(TM) i3-4030U CPU @ 1.90GHz
stepping	: 1
microcode	: 0x1d
cpu MHz		: 1799.878
cache size	: 3072 KB
physical id	: 0
siblings	: 4
core id		: 0
cpu cores	: 2
apicid		: 1
initial apicid	: 1
fpu		: yes
fpu_exception	: yes
cpuid level	: 13
wp		: yes
flags		: fpu vme de pse tsc msr pae mce cx8 apic sep mtrr pge mca cmov pat pse36 clflush dts acpi mmx fxsr sse sse2 ss ht tm pbe syscall nx pdpe1gb rdtscp lm constant_tsc arch_perfmon pebs bts rep_good nopl xtopology nonstop_tsc aperfmperf eagerfpu pni pclmulqdq dtes64 monitor ds_cpl vmx est tm2 ssse3 sdbg fma cx16 xtpr pdcm pcid sse4_1 sse4_2 x2apic movbe popcnt tsc_deadline_timer aes xsave avx f16c rdrand lahf_lm abm epb tpr_shadow vnmi flexpriority ept vpid fsgsbase tsc_adjust bmi1 avx2 smep bmi2 erms invpcid xsaveopt dtherm arat pln pts
bugs		:
bogomips	: 3791.39
clflush size	: 64
cache_alignment	: 64
address sizes	: 39 bits physical, 48 bits virtual
power management:

processor	: 2
vendor_id	: GenuineIntel
cpu family	: 6
model		: 69
model name	: Intel(R) Core(TM) i3-4030U CPU @ 1.90GHz
stepping	: 1
microcode	: 0x1d
cpu MHz		: 1799.953
cache size	: 3072 KB
physical id	: 0
siblings	: 4
core id		: 1
cpu cores	: 2
apicid		: 2
initial apicid	: 2
fpu		: yes
fpu_exception	: yes
cpuid level	: 13
wp		: yes
flags		: fpu vme de pse tsc msr pae mce cx8 apic sep mtrr pge mca cmov pat pse36 clflush dts acpi mmx fxsr sse sse2 ss ht tm pbe syscall nx pdpe1gb rdtscp lm constant_tsc arch_perfmon pebs bts rep_good nopl xtopology nonstop_tsc aperfmperf eagerfpu pni pclmulqdq dtes64 monitor ds_cpl vmx est tm2 ssse3 sdbg fma cx16 xtpr pdcm pcid sse4_1 sse4_2 x2apic movbe popcnt tsc_deadline_timer aes xsave avx f16c rdrand lahf_lm abm epb tpr_shadow vnmi flexpriority ept vpid fsgsbase tsc_adjust bmi1 avx2 smep bmi2 erms invpcid xsaveopt dtherm arat pln pts
bugs		:
bogomips	: 3791.39
clflush size	: 64
cache_alignment	: 64
address sizes	: 39 bits physical, 48 bits virtual
power management:

processor	: 3
vendor_id	: GenuineIntel
cpu family	: 6
model		: 69
model name	: Intel(R) Core(TM) i3-4030U CPU @ 1.90GHz
stepping	: 1
microcode	: 0x1d
cpu MHz		: 1799.878
cache size	: 3072 KB
physical id	: 0
siblings	: 4
core id		: 1
cpu cores	: 2
apicid		: 3
initial apicid	: 3
fpu		: yes
fpu_exception	: yes
cpuid level	: 13
wp		: yes
flags		: fpu vme de pse tsc msr pae mce cx8 apic sep mtrr pge mca cmov pat pse36 clflush dts acpi mmx fxsr sse sse2 ss ht tm pbe syscall nx pdpe1gb rdtscp lm constant_tsc arch_perfmon pebs bts rep_good nopl xtopology nonstop_tsc aperfmperf eagerfpu pni pclmulqdq dtes64 monitor ds_cpl vmx est tm2 ssse3 sdbg fma cx16 xtpr pdcm pcid sse4_1 sse4_2 x2apic movbe popcnt tsc_deadline_timer aes xsave avx f16c rdrand lahf_lm abm epb tpr_shadow vnmi flexpriority ept vpid fsgsbase tsc_adjust bmi1 avx2 smep bmi2 erms invpcid xsaveopt dtherm arat pln pts
bugs		:
bogomips	: 3791.39
clflush size	: 64
cache_alignment	: 64
address sizes	: 39 bits physical, 48 bits virtual
power management:



Memory: 4k page, physical 3972820k(126108k free), swap 1020k(0k free)

vm_info: OpenJDK 64-Bit Server VM (25.112-b06) for linux-amd64 JRE (1.8.0_112-release-b06), built on Dec  6 2016 12:11:18 by "builder" with gcc 4.8.4

time: Mon Jul 24 13:22:04 2017
elapsed time: 68 seconds (0d 0h 1m 8s)

