#
# There is insufficient memory for the Java Runtime Environment to continue.
# Native memory allocation (mmap) failed to map 125829120 bytes for committing reserved memory.
# Possible reasons:
#   The system is out of physical RAM or swap space
#   In 32 bit mode, the process size limit was hit
# Possible solutions:
#   Reduce memory load on the system
#   Increase physical memory or swap space
#   Check if swap backing store is full
#   Use 64 bit Java on a 64 bit OS
#   Decrease Java heap size (-Xmx/-Xms)
#   Decrease number of Java threads
#   Decrease Java thread stack sizes (-Xss)
#   Set larger code cache with -XX:ReservedCodeCacheSize=
# This output file may be truncated or incomplete.
#
#  Out of Memory Error (os_linux.cpp:2627), pid=4383, tid=0x00007fc6f37f7700
#
# JRE version: OpenJDK Runtime Environment (8.0_112-b06) (build 1.8.0_112-release-b06)
# Java VM: OpenJDK 64-Bit Server VM (25.112-b06 mixed mode linux-amd64 compressed oops)
# Failed to write core dump. Core dumps have been disabled. To enable core dumping, try "ulimit -c unlimited" before starting Java again
#

---------------  T H R E A D  ---------------

Current thread (0x00007fc710077800):  VMThread [stack: 0x00007fc6f36f7000,0x00007fc6f37f8000] [id=4395]

Stack: [0x00007fc6f36f7000,0x00007fc6f37f8000],  sp=0x00007fc6f37f64d0,  free space=1021k
Native frames: (J=compiled Java code, j=interpreted, Vv=VM code, C=native code)
V  [libjvm.so+0x9e465d]  VMError::report_and_die()+0x15d
V  [libjvm.so+0x4b6ada]  report_vm_out_of_memory(char const*, int, unsigned long, VMErrorType, char const*)+0x8a
V  [libjvm.so+0x84c860]  os::pd_commit_memory(char*, unsigned long, unsigned long, bool)+0xf0
V  [libjvm.so+0x84737f]  os::commit_memory(char*, unsigned long, unsigned long, bool)+0x1f
V  [libjvm.so+0x8bd3db]  PSVirtualSpace::expand_by(unsigned long)+0x5b
V  [libjvm.so+0x8ae1bb]  PSOldGen::expand_by(unsigned long) [clone .part.109]+0x1b
V  [libjvm.so+0x8ae37b]  PSOldGen::expand(unsigned long) [clone .part.111]+0xdb
V  [libjvm.so+0x8aec58]  PSOldGen::resize(unsigned long)+0x188
V  [libjvm.so+0x8b426c]  PSParallelCompact::invoke_no_policy(bool)+0x97c
V  [libjvm.so+0x8bb37d]  PSScavenge::invoke()+0x17d
V  [libjvm.so+0x86fcf3]  ParallelScavengeHeap::failed_mem_allocate(unsigned long)+0x63
V  [libjvm.so+0x9e6124]  VM_ParallelGCFailedAllocation::doit()+0x84
V  [libjvm.so+0x9ea537]  VM_Operation::evaluate()+0x47
V  [libjvm.so+0x9e8ff8]  VMThread::evaluate_operation(VM_Operation*)+0x2c8
V  [libjvm.so+0x9e9479]  VMThread::loop()+0x219
V  [libjvm.so+0x9e98c2]  VMThread::run()+0x72
V  [libjvm.so+0x849c82]  java_start(Thread*)+0xf2

VM_Operation (0x00007fc6a19e8eb0): ParallelGCFailedAllocation, mode: safepoint, requested by thread 0x00007fc694009000


---------------  P R O C E S S  ---------------

Java Threads: ( => current thread )
  0x00007fc69404e000 JavaThread "pool-7-thread-4" [_thread_blocked, id=4728, stack(0x00007fc6a0af9000,0x00007fc6a0bfa000)]
  0x00007fc69404d000 JavaThread "pool-7-thread-3" [_thread_blocked, id=4727, stack(0x00007fc6a14e6000,0x00007fc6a15e7000)]
  0x00007fc69404c800 JavaThread "pool-7-thread-2" [_thread_blocked, id=4726, stack(0x00007fc6a16e8000,0x00007fc6a17e9000)]
  0x00007fc69404b800 JavaThread "pool-8-thread-1" [_thread_blocked, id=4725, stack(0x00007fc6a15e7000,0x00007fc6a16e8000)]
  0x00007fc694009000 JavaThread "pool-7-thread-1" [_thread_blocked, id=4724, stack(0x00007fc6a18ea000,0x00007fc6a19eb000)]
  0x00007fc6b423a000 JavaThread "pool-5-thread-1" [_thread_blocked, id=4723, stack(0x00007fc6a17e9000,0x00007fc6a18ea000)]
  0x00007fc688012800 JavaThread "process reaper" daemon [_thread_blocked, id=4685, stack(0x00007fc6f063b000,0x00007fc6f0674000)]
  0x00007fc6b402d800 JavaThread "Cache update executor" [_thread_blocked, id=4681, stack(0x00007fc6a1beb000,0x00007fc6a1cec000)]
  0x00007fc6b401c800 JavaThread "Stdin handler" [_thread_blocked, id=4679, stack(0x00007fc6f0ba9000,0x00007fc6f0caa000)]
  0x00007fc6b4018800 JavaThread "Asynchronous log dispatcher for DefaultDaemonConnection: socket connection from /127.0.0.1:44227 to /127.0.0.1:49420" [_thread_blocked, id=4676, stack(0x00007fc6f0caa000,0x00007fc6f0dab000)]
  0x00007fc6c0004000 JavaThread "Daemon worker Thread 2" [_thread_blocked, id=4675, stack(0x00007fc6f0eac000,0x00007fc6f0fad000)]
  0x00007fc6c0005800 JavaThread "Cancel handler" [_thread_blocked, id=4674, stack(0x00007fc6f11ad000,0x00007fc6f12ae000)]
  0x00007fc6c0007800 JavaThread "Handler for socket connection from /127.0.0.1:44227 to /127.0.0.1:49420" [_thread_in_native, id=4673, stack(0x00007fc6f0dab000,0x00007fc6f0eac000)]
  0x00007fc6bc03f000 JavaThread "Daemon Thread 2" [_thread_blocked, id=4672, stack(0x00007fc6f12ae000,0x00007fc6f13af000)]
  0x00007fc6ace3e800 JavaThread "pool-2-thread-1" [_thread_blocked, id=4420, stack(0x00007fc6a30ff000,0x00007fc6a3200000)]
  0x00007fc6ac363800 JavaThread "File lock request listener" [_thread_in_native, id=4414, stack(0x00007fc6f072e000,0x00007fc6f082f000)]
  0x00007fc710129000 JavaThread "pool-1-thread-1" [_thread_blocked, id=4413, stack(0x00007fc6f0aa8000,0x00007fc6f0ba9000)]
  0x00007fc710c77000 JavaThread "Incoming local TCP Connector on port 44227" [_thread_in_native, id=4404, stack(0x00007fc6f15b6000,0x00007fc6f16b7000)]
  0x00007fc7100bf800 JavaThread "Service Thread" daemon [_thread_blocked, id=4402, stack(0x00007fc6f2d18000,0x00007fc6f2e19000)]
  0x00007fc7100bc800 JavaThread "C1 CompilerThread2" daemon [_thread_blocked, id=4401, stack(0x00007fc6f2e19000,0x00007fc6f2f1a000)]
  0x00007fc7100ba800 JavaThread "C2 CompilerThread1" daemon [_thread_blocked, id=4400, stack(0x00007fc6f2f1a000,0x00007fc6f301b000)]
  0x00007fc7100b7800 JavaThread "C2 CompilerThread0" daemon [_thread_blocked, id=4399, stack(0x00007fc6f301b000,0x00007fc6f311c000)]
  0x00007fc7100b6800 JavaThread "Signal Dispatcher" daemon [_thread_blocked, id=4398, stack(0x00007fc6f311c000,0x00007fc6f321d000)]
  0x00007fc710083800 JavaThread "Finalizer" daemon [_thread_blocked, id=4397, stack(0x00007fc6f34f5000,0x00007fc6f35f6000)]
  0x00007fc71007f000 JavaThread "Reference Handler" daemon [_thread_blocked, id=4396, stack(0x00007fc6f35f6000,0x00007fc6f36f7000)]
  0x00007fc71000a000 JavaThread "main" [_thread_blocked, id=4389, stack(0x00007fc717103000,0x00007fc717204000)]

Other Threads:
=>0x00007fc710077800 VMThread [stack: 0x00007fc6f36f7000,0x00007fc6f37f8000] [id=4395]
  0x00007fc7100c2000 WatcherThread [stack: 0x00007fc6f2c17000,0x00007fc6f2d18000] [id=4403]

VM state:at safepoint (normal execution)

VM Mutex/Monitor currently owned by a thread:  ([mutex/lock_event])
[0x00007fc710005df0] ExpandHeap_lock - owner thread: 0x00007fc710077800
[0x00007fc710006470] Threads_lock - owner thread: 0x00007fc710077800
[0x00007fc710006970] Heap_lock - owner thread: 0x00007fc694009000

Heap:
 PSYoungGen      total 342528K, used 0K [0x00000000e0000000, 0x00000000f9180000, 0x0000000100000000)
  eden space 274944K, 0% used [0x00000000e0000000,0x00000000e0000000,0x00000000f0c80000)
  from space 67584K, 0% used [0x00000000f4c80000,0x00000000f4c80000,0x00000000f8e80000)
  to   space 65536K, 0% used [0x00000000f0c80000,0x00000000f0c80000,0x00000000f4c80000)
 ParOldGen       total 286720K, used 275908K [0x00000000a0000000, 0x00000000b1800000, 0x00000000e0000000)
  object space 286720K, 96% used [0x00000000a0000000,0x00000000b0d71350,0x00000000b1800000)
 Metaspace       used 71025K, capacity 73918K, committed 74240K, reserved 1114112K
  class space    used 9286K, capacity 9906K, committed 9984K, reserved 1048576K

Card table byte_map: [0x00007fc714054000,0x00007fc714355000] byte_map_base: 0x00007fc713b54000

Marking Bits: (ParMarkBitMap*) 0x00007fc7165d1340
 Begin Bits: [0x00007fc6f9000000, 0x00007fc6fa800000)
 End Bits:   [0x00007fc6fa800000, 0x00007fc6fc000000)

Polling page: 0x00007fc717223000

CodeCache: size=245760Kb used=40188Kb max_used=40212Kb free=205571Kb
 bounds [0x00007fc701000000, 0x00007fc703790000, 0x00007fc710000000]
 total_blobs=12461 nmethods=11672 adapters=701
 compilation: enabled

Compilation events (10 events):
Event: 662.231 Thread 0x00007fc7100bc800 14462       2       com.android.dx.cf.code.SwitchList::setDefaultTarget (51 bytes)
Event: 662.232 Thread 0x00007fc7100bc800 nmethod 14462 0x00007fc70307d510 code [0x00007fc70307d6c0, 0x00007fc70307da58]
Event: 662.232 Thread 0x00007fc7100bc800 14463       2       com.android.dx.cf.code.SwitchList::setImmutable (19 bytes)
Event: 662.232 Thread 0x00007fc7100bc800 nmethod 14463 0x00007fc702e972d0 code [0x00007fc702e97440, 0x00007fc702e975b0]
Event: 662.255 Thread 0x00007fc7100ba800 nmethod 14422 0x00007fc70377b410 code [0x00007fc70377b8e0, 0x00007fc70377f590]
Event: 662.255 Thread 0x00007fc7100ba800 14457       4       com.android.dx.rop.cst.Constant::compareTo (33 bytes)
Event: 662.258 Thread 0x00007fc7100ba800 nmethod 14457 0x00007fc703081250 code [0x00007fc7030813c0, 0x00007fc703081658]
Event: 662.258 Thread 0x00007fc7100ba800 14464       4       com.android.dx.ssa.back.FirstFitLocalCombiningAllocator::handleNormalUnassociated (99 bytes)
Event: 662.286 Thread 0x00007fc7100bc800 14469   !   2       java.util.EnumSet::clone (18 bytes)
Event: 662.286 Thread 0x00007fc7100bc800 nmethod 14469 0x00007fc702d82d50 code [0x00007fc702d82ee0, 0x00007fc702d83158]

GC Heap History (10 events):
Event: 658.206 GC heap after
Heap after GC invocations=42 (full 6):
 PSYoungGen      total 283648K, used 0K [0x00000000e0000000, 0x00000000f6c80000, 0x0000000100000000)
  eden space 209920K, 0% used [0x00000000e0000000,0x00000000e0000000,0x00000000ecd00000)
  from space 73728K, 0% used [0x00000000f1980000,0x00000000f1980000,0x00000000f6180000)
  to   space 78336K, 0% used [0x00000000ecd00000,0x00000000ecd00000,0x00000000f1980000)
 ParOldGen       total 286720K, used 172530K [0x00000000a0000000, 0x00000000b1800000, 0x00000000e0000000)
  object space 286720K, 60% used [0x00000000a0000000,0x00000000aa87c970,0x00000000b1800000)
 Metaspace       used 70996K, capacity 73854K, committed 74240K, reserved 1114112K
  class space    used 9285K, capacity 9906K, committed 9984K, reserved 1048576K
}
Event: 659.349 GC heap before
{Heap before GC invocations=43 (full 6):
 PSYoungGen      total 283648K, used 209920K [0x00000000e0000000, 0x00000000f6c80000, 0x0000000100000000)
  eden space 209920K, 100% used [0x00000000e0000000,0x00000000ecd00000,0x00000000ecd00000)
  from space 73728K, 0% used [0x00000000f1980000,0x00000000f1980000,0x00000000f6180000)
  to   space 78336K, 0% used [0x00000000ecd00000,0x00000000ecd00000,0x00000000f1980000)
 ParOldGen       total 286720K, used 172530K [0x00000000a0000000, 0x00000000b1800000, 0x00000000e0000000)
  object space 286720K, 60% used [0x00000000a0000000,0x00000000aa87c970,0x00000000b1800000)
 Metaspace       used 71011K, capacity 73918K, committed 74240K, reserved 1114112K
  class space    used 9285K, capacity 9906K, committed 9984K, reserved 1048576K
Event: 659.426 GC heap after
Heap after GC invocations=43 (full 6):
 PSYoungGen      total 288256K, used 31192K [0x00000000e0000000, 0x00000000f7a80000, 0x0000000100000000)
  eden space 209920K, 0% used [0x00000000e0000000,0x00000000e0000000,0x00000000ecd00000)
  from space 78336K, 39% used [0x00000000ecd00000,0x00000000eeb762f8,0x00000000f1980000)
  to   space 74240K, 0% used [0x00000000f3200000,0x00000000f3200000,0x00000000f7a80000)
 ParOldGen       total 286720K, used 172530K [0x00000000a0000000, 0x00000000b1800000, 0x00000000e0000000)
  object space 286720K, 60% used [0x00000000a0000000,0x00000000aa87c970,0x00000000b1800000)
 Metaspace       used 71011K, capacity 73918K, committed 74240K, reserved 1114112K
  class space    used 9285K, capacity 9906K, committed 9984K, reserved 1048576K
}
Event: 660.506 GC heap before
{Heap before GC invocations=44 (full 6):
 PSYoungGen      total 288256K, used 241112K [0x00000000e0000000, 0x00000000f7a80000, 0x0000000100000000)
  eden space 209920K, 100% used [0x00000000e0000000,0x00000000ecd00000,0x00000000ecd00000)
  from space 78336K, 39% used [0x00000000ecd00000,0x00000000eeb762f8,0x00000000f1980000)
  to   space 74240K, 0% used [0x00000000f3200000,0x00000000f3200000,0x00000000f7a80000)
 ParOldGen       total 286720K, used 172530K [0x00000000a0000000, 0x00000000b1800000, 0x00000000e0000000)
  object space 286720K, 60% used [0x00000000a0000000,0x00000000aa87c970,0x00000000b1800000)
 Metaspace       used 71012K, capacity 73918K, committed 74240K, reserved 1114112K
  class space    used 9285K, capacity 9906K, committed 9984K, reserved 1048576K
Event: 660.627 GC heap after
Heap after GC invocations=44 (full 6):
 PSYoungGen      total 305152K, used 28116K [0x00000000e0000000, 0x00000000f7280000, 0x0000000100000000)
  eden space 239104K, 0% used [0x00000000e0000000,0x00000000e0000000,0x00000000ee980000)
  from space 66048K, 42% used [0x00000000f3200000,0x00000000f4d753b0,0x00000000f7280000)
  to   space 70144K, 0% used [0x00000000ee980000,0x00000000ee980000,0x00000000f2e00000)
 ParOldGen       total 286720K, used 202706K [0x00000000a0000000, 0x00000000b1800000, 0x00000000e0000000)
  object space 286720K, 70% used [0x00000000a0000000,0x00000000ac5f4bf0,0x00000000b1800000)
 Metaspace       used 71012K, capacity 73918K, committed 74240K, reserved 1114112K
  class space    used 9285K, capacity 9906K, committed 9984K, reserved 1048576K
}
Event: 661.574 GC heap before
{Heap before GC invocations=45 (full 6):
 PSYoungGen      total 305152K, used 267220K [0x00000000e0000000, 0x00000000f7280000, 0x0000000100000000)
  eden space 239104K, 100% used [0x00000000e0000000,0x00000000ee980000,0x00000000ee980000)
  from space 66048K, 42% used [0x00000000f3200000,0x00000000f4d753b0,0x00000000f7280000)
  to   space 70144K, 0% used [0x00000000ee980000,0x00000000ee980000,0x00000000f2e00000)
 ParOldGen       total 286720K, used 202706K [0x00000000a0000000, 0x00000000b1800000, 0x00000000e0000000)
  object space 286720K, 70% used [0x00000000a0000000,0x00000000ac5f4bf0,0x00000000b1800000)
 Metaspace       used 71021K, capacity 73918K, committed 74240K, reserved 1114112K
  class space    used 9286K, capacity 9906K, committed 9984K, reserved 1048576K
Event: 661.696 GC heap after
Heap after GC invocations=45 (full 6):
 PSYoungGen      total 309248K, used 33425K [0x00000000e0000000, 0x00000000f8e80000, 0x0000000100000000)
  eden space 239104K, 0% used [0x00000000e0000000,0x00000000e0000000,0x00000000ee980000)
  from space 70144K, 47% used [0x00000000ee980000,0x00000000f0a246c0,0x00000000f2e00000)
  to   space 67584K, 0% used [0x00000000f4c80000,0x00000000f4c80000,0x00000000f8e80000)
 ParOldGen       total 286720K, used 229417K [0x00000000a0000000, 0x00000000b1800000, 0x00000000e0000000)
  object space 286720K, 80% used [0x00000000a0000000,0x00000000ae00a518,0x00000000b1800000)
 Metaspace       used 71021K, capacity 73918K, committed 74240K, reserved 1114112K
  class space    used 9286K, capacity 9906K, committed 9984K, reserved 1048576K
}
Event: 662.302 GC heap before
{Heap before GC invocations=46 (full 6):
 PSYoungGen      total 309248K, used 272529K [0x00000000e0000000, 0x00000000f8e80000, 0x0000000100000000)
  eden space 239104K, 100% used [0x00000000e0000000,0x00000000ee980000,0x00000000ee980000)
  from space 70144K, 47% used [0x00000000ee980000,0x00000000f0a246c0,0x00000000f2e00000)
  to   space 67584K, 0% used [0x00000000f4c80000,0x00000000f4c80000,0x00000000f8e80000)
 ParOldGen       total 286720K, used 229417K [0x00000000a0000000, 0x00000000b1800000, 0x00000000e0000000)
  object space 286720K, 80% used [0x00000000a0000000,0x00000000ae00a518,0x00000000b1800000)
 Metaspace       used 71025K, capacity 73918K, committed 74240K, reserved 1114112K
  class space    used 9286K, capacity 9906K, committed 9984K, reserved 1048576K
Event: 662.651 GC heap after
Heap after GC invocations=46 (full 6):
 PSYoungGen      total 342528K, used 19008K [0x00000000e0000000, 0x00000000f9180000, 0x0000000100000000)
  eden space 274944K, 0% used [0x00000000e0000000,0x00000000e0000000,0x00000000f0c80000)
  from space 67584K, 28% used [0x00000000f4c80000,0x00000000f5f10340,0x00000000f8e80000)
  to   space 65536K, 0% used [0x00000000f0c80000,0x00000000f0c80000,0x00000000f4c80000)
 ParOldGen       total 286720K, used 261694K [0x00000000a0000000, 0x00000000b1800000, 0x00000000e0000000)
  object space 286720K, 91% used [0x00000000a0000000,0x00000000aff8fa68,0x00000000b1800000)
 Metaspace       used 71025K, capacity 73918K, committed 74240K, reserved 1114112K
  class space    used 9286K, capacity 9906K, committed 9984K, reserved 1048576K
}
Event: 662.651 GC heap before
{Heap before GC invocations=47 (full 7):
 PSYoungGen      total 342528K, used 19008K [0x00000000e0000000, 0x00000000f9180000, 0x0000000100000000)
  eden space 274944K, 0% used [0x00000000e0000000,0x00000000e0000000,0x00000000f0c80000)
  from space 67584K, 28% used [0x00000000f4c80000,0x00000000f5f10340,0x00000000f8e80000)
  to   space 65536K, 0% used [0x00000000f0c80000,0x00000000f0c80000,0x00000000f4c80000)
 ParOldGen       total 286720K, used 261694K [0x00000000a0000000, 0x00000000b1800000, 0x00000000e0000000)
  object space 286720K, 91% used [0x00000000a0000000,0x00000000aff8fa68,0x00000000b1800000)
 Metaspace       used 71025K, capacity 73918K, committed 74240K, reserved 1114112K
  class space    used 9286K, capacity 9906K, committed 9984K, reserved 1048576K

Deoptimization events (10 events):
Event: 658.425 Thread 0x00007fc69404c800 Uncommon trap: reason=unstable_if action=reinterpret pc=0x00007fc701ccc348 method=java.util.concurrent.ConcurrentHashMap.transfer([Ljava/util/concurrent/ConcurrentHashMap$Node;[Ljava/util/concurrent/ConcurrentHashMap$Node;)V @ 277
Event: 658.431 Thread 0x00007fc69404d000 Uncommon trap: reason=unstable_if action=reinterpret pc=0x00007fc7036315d8 method=com.android.dx.cf.code.RopperMachine.updateReturnOp(Lcom/android/dx/rop/code/Rop;Lcom/android/dx/rop/code/SourcePosition;)V @ 106
Event: 658.517 Thread 0x00007fc69404c800 Uncommon trap: reason=unstable_if action=reinterpret pc=0x00007fc703145084 method=com.android.dx.rop.code.RegisterSpecSet.<init>(I)V @ 2
Event: 658.566 Thread 0x00007fc694009000 Uncommon trap: reason=unstable_if action=reinterpret pc=0x00007fc70367419c method=com.android.dx.rop.code.LocalVariableInfo.mergeStarts(ILcom/android/dx/rop/code/RegisterSpecSet;)Z @ 31
Event: 658.762 Thread 0x00007fc69404c800 Uncommon trap: reason=unstable_if action=reinterpret pc=0x00007fc7035edf84 method=com.android.dx.cf.code.ByteCatchList.listFor(I)Lcom/android/dx/cf/code/ByteCatchList; @ 47
Event: 661.304 Thread 0x00007fc6b423a000 Uncommon trap: reason=bimorphic action=maybe_recompile pc=0x00007fc7036f5934 method=com.android.dx.rop.code.RegisterSpec.withSimpleType()Lcom/android/dx/rop/code/RegisterSpec; @ 21
Event: 661.382 Thread 0x00007fc694009000 Uncommon trap: reason=bimorphic action=maybe_recompile pc=0x00007fc7036f5934 method=com.android.dx.rop.code.RegisterSpec.withSimpleType()Lcom/android/dx/rop/code/RegisterSpec; @ 21
Event: 661.382 Thread 0x00007fc694009000 Uncommon trap: reason=bimorphic action=maybe_recompile pc=0x00007fc7036f5934 method=com.android.dx.rop.code.RegisterSpec.withSimpleType()Lcom/android/dx/rop/code/RegisterSpec; @ 21
Event: 661.382 Thread 0x00007fc694009000 Uncommon trap: reason=bimorphic action=maybe_recompile pc=0x00007fc7036f5934 method=com.android.dx.rop.code.RegisterSpec.withSimpleType()Lcom/android/dx/rop/code/RegisterSpec; @ 21
Event: 661.718 Thread 0x00007fc69404e000 Uncommon trap: reason=unstable_if action=reinterpret pc=0x00007fc702f4de84 method=com.android.dx.rop.code.RegisterSpec.equals(ILcom/android/dx/rop/type/TypeBearer;Lcom/android/dx/rop/code/LocalItem;)Z @ 42

Internal exceptions (10 events):
Event: 624.698 Thread 0x00007fc6c0004000 Exception <a 'sun/nio/fs/UnixException'> (0x00000000e314a650) thrown at [/ssd/Android/AOSP-openjdk/external/jetbrains/jdk/hotspot/src/share/vm/prims/jni.cpp, line 709]
Event: 624.698 Thread 0x00007fc6c0004000 Exception <a 'sun/nio/fs/UnixException'> (0x00000000e314ba68) thrown at [/ssd/Android/AOSP-openjdk/external/jetbrains/jdk/hotspot/src/share/vm/prims/jni.cpp, line 709]
Event: 624.698 Thread 0x00007fc6c0004000 Exception <a 'sun/nio/fs/UnixException'> (0x00000000e314e418) thrown at [/ssd/Android/AOSP-openjdk/external/jetbrains/jdk/hotspot/src/share/vm/prims/jni.cpp, line 709]
Event: 624.698 Thread 0x00007fc6c0004000 Exception <a 'sun/nio/fs/UnixException'> (0x00000000e314f738) thrown at [/ssd/Android/AOSP-openjdk/external/jetbrains/jdk/hotspot/src/share/vm/prims/jni.cpp, line 709]
Event: 625.716 Thread 0x00007fc6c0004000 Implicit null exception at 0x00007fc7011f2d9a to 0x00007fc7011f30a5
Event: 634.657 Thread 0x00007fc6b402d800 Exception <a 'java/lang/NoSuchMethodError': <clinit>> (0x00000000e17d2230) thrown at [/ssd/Android/AOSP-openjdk/external/jetbrains/jdk/hotspot/src/share/vm/prims/jni.cpp, line 1613]
Event: 649.839 Thread 0x00007fc69404c800 Implicit null exception at 0x00007fc702f002fe to 0x00007fc702f01229
Event: 653.968 Thread 0x00007fc6b423a000 Implicit null exception at 0x00007fc703574e80 to 0x00007fc7035755f5
Event: 655.706 Thread 0x00007fc69404d000 Implicit null exception at 0x00007fc70326516d to 0x00007fc7032669ed
Event: 656.094 Thread 0x00007fc6ace3e800 Exception <a 'sun/nio/fs/UnixException'> (0x00000000e7872ec8) thrown at [/ssd/Android/AOSP-openjdk/external/jetbrains/jdk/hotspot/src/share/vm/prims/jni.cpp, line 709]

Events (10 events):
Event: 662.258 Thread 0x00007fc69404d000 DEOPT UNPACKING pc=0x00007fc701047373 sp=0x00007fc6a15e4d68 mode 0
Event: 662.265 Thread 0x00007fc69404c800 DEOPT PACKING pc=0x00007fc7033bc1f1 sp=0x00007fc6a17e70f0
Event: 662.265 Thread 0x00007fc69404c800 DEOPT UNPACKING pc=0x00007fc701047373 sp=0x00007fc6a17e6ea0 mode 0
Event: 662.279 Thread 0x00007fc69404d000 DEOPT PACKING pc=0x00007fc70316d030 sp=0x00007fc6a15e4f80
Event: 662.279 Thread 0x00007fc69404d000 DEOPT UNPACKING pc=0x00007fc701047373 sp=0x00007fc6a15e4d68 mode 0
Event: 662.279 Thread 0x00007fc69404e000 DEOPT PACKING pc=0x00007fc70313776c sp=0x00007fc6a0bf8190
Event: 662.279 Thread 0x00007fc69404e000 DEOPT UNPACKING pc=0x00007fc701047373 sp=0x00007fc6a0bf7e90 mode 0
Event: 662.285 Thread 0x00007fc694009000 DEOPT PACKING pc=0x00007fc702f76651 sp=0x00007fc6a19e9150
Event: 662.285 Thread 0x00007fc694009000 DEOPT UNPACKING pc=0x00007fc701047373 sp=0x00007fc6a19e8e88 mode 0
Event: 662.300 Executing VM operation: ParallelGCFailedAllocation


Dynamic libraries:
00400000-00401000 r-xp 00000000 08:07 1201464                            /home/chivu/Downloads/android-studio-p/jre/bin/java
00600000-00601000 r--p 00000000 08:07 1201464                            /home/chivu/Downloads/android-studio-p/jre/bin/java
00601000-00602000 rw-p 00001000 08:07 1201464                            /home/chivu/Downloads/android-studio-p/jre/bin/java
022b4000-022f7000 rw-p 00000000 00:00 0                                  [heap]
a0000000-b1800000 rw-p 00000000 00:00 0 
b9000000-e0000000 ---p 00000000 00:00 0 
e0000000-f9180000 rw-p 00000000 00:00 0 
f9180000-100000000 ---p 00000000 00:00 0 
100000000-1009c0000 rw-p 00000000 00:00 0 
1009c0000-140000000 ---p 00000000 00:00 0 
7fc678000000-7fc67802c000 rw-p 00000000 00:00 0 
7fc67802c000-7fc67c000000 ---p 00000000 00:00 0 
7fc680000000-7fc680031000 rw-p 00000000 00:00 0 
7fc680031000-7fc684000000 ---p 00000000 00:00 0 
7fc684000000-7fc684021000 rw-p 00000000 00:00 0 
7fc684021000-7fc688000000 ---p 00000000 00:00 0 
7fc688000000-7fc688023000 rw-p 00000000 00:00 0 
7fc688023000-7fc68c000000 ---p 00000000 00:00 0 
7fc68c000000-7fc68c021000 rw-p 00000000 00:00 0 
7fc68c021000-7fc690000000 ---p 00000000 00:00 0 
7fc690000000-7fc690021000 rw-p 00000000 00:00 0 
7fc690021000-7fc694000000 ---p 00000000 00:00 0 
7fc694000000-7fc694133000 rw-p 00000000 00:00 0 
7fc694133000-7fc698000000 ---p 00000000 00:00 0 
7fc698000000-7fc698021000 rw-p 00000000 00:00 0 
7fc698021000-7fc69c000000 ---p 00000000 00:00 0 
7fc69c000000-7fc69c021000 rw-p 00000000 00:00 0 
7fc69c021000-7fc6a0000000 ---p 00000000 00:00 0 
7fc6a08f9000-7fc6a09b9000 rw-p 00000000 00:00 0 
7fc6a09b9000-7fc6a0af9000 ---p 00000000 00:00 0 
7fc6a0af9000-7fc6a0afc000 ---p 00000000 00:00 0 
7fc6a0afc000-7fc6a0dfa000 rw-p 00000000 00:00 0 
7fc6a0dfa000-7fc6a0ffa000 rw-p 00000000 00:00 0 
7fc6a101d000-7fc6a10e6000 r--s 008fd000 08:07 1200109                    /home/chivu/Desktop/newsApp/app/build/intermediates/transforms/jarMerging/debug/jars/1/1f/combined.jar
7fc6a10e6000-7fc6a12e6000 rw-p 00000000 00:00 0 
7fc6a12e6000-7fc6a14e6000 rw-p 00000000 00:00 0 
7fc6a14e6000-7fc6a14e9000 ---p 00000000 00:00 0 
7fc6a14e9000-7fc6a15e7000 rw-p 00000000 00:00 0 
7fc6a15e7000-7fc6a15ea000 ---p 00000000 00:00 0 
7fc6a15ea000-7fc6a16e8000 rw-p 00000000 00:00 0 
7fc6a16e8000-7fc6a16eb000 ---p 00000000 00:00 0 
7fc6a16eb000-7fc6a17e9000 rw-p 00000000 00:00 0 
7fc6a17e9000-7fc6a17ec000 ---p 00000000 00:00 0 
7fc6a17ec000-7fc6a18ea000 rw-p 00000000 00:00 0 
7fc6a18ea000-7fc6a18ed000 ---p 00000000 00:00 0 
7fc6a18ed000-7fc6a1beb000 rw-p 00000000 00:00 0 
7fc6a1beb000-7fc6a1bee000 ---p 00000000 00:00 0 
7fc6a1bee000-7fc6a1eec000 rw-p 00000000 00:00 0 
7fc6a1eec000-7fc6a20ec000 rw-p 00000000 00:00 0 
7fc6a20ec000-7fc6a22ec000 rw-p 00000000 00:00 0 
7fc6a22ec000-7fc6a24ec000 rw-p 00000000 00:00 0 
7fc6a24ec000-7fc6a26ec000 rw-p 00000000 00:00 0 
7fc6a26ec000-7fc6a28ec000 rw-p 00000000 00:00 0 
7fc6a28ec000-7fc6a2aec000 rw-p 00000000 00:00 0 
7fc6a2aec000-7fc6a2aff000 r--s 00344000 08:07 1201558                    /home/chivu/Downloads/android-studio-p/jre/jre/lib/resources.jar
7fc6a2aff000-7fc6a2cff000 rw-p 00000000 00:00 0 
7fc6a2cff000-7fc6a2eff000 rw-p 00000000 00:00 0 
7fc6a2eff000-7fc6a30ff000 rw-p 00000000 00:00 0 
7fc6a30ff000-7fc6a3102000 ---p 00000000 00:00 0 
7fc6a3102000-7fc6a3400000 rw-p 00000000 00:00 0 
7fc6a3400000-7fc6a3600000 rw-p 00000000 00:00 0 
7fc6a3600000-7fc6a3800000 rw-p 00000000 00:00 0 
7fc6a3800000-7fc6a3a00000 rw-p 00000000 00:00 0 
7fc6a3a00000-7fc6a3c00000 rw-p 00000000 00:00 0 
7fc6a3c00000-7fc6a3e00000 rw-p 00000000 00:00 0 
7fc6a3e00000-7fc6a4000000 rw-p 00000000 00:00 0 
7fc6a4000000-7fc6a4021000 rw-p 00000000 00:00 0 
7fc6a4021000-7fc6a8000000 ---p 00000000 00:00 0 
7fc6a8000000-7fc6a8021000 rw-p 00000000 00:00 0 
7fc6a8021000-7fc6ac000000 ---p 00000000 00:00 0 
7fc6ac000000-7fc6ad62e000 rw-p 00000000 00:00 0 
7fc6ad62e000-7fc6b0000000 ---p 00000000 00:00 0 
7fc6b0000000-7fc6b0021000 rw-p 00000000 00:00 0 
7fc6b0021000-7fc6b4000000 ---p 00000000 00:00 0 
7fc6b4000000-7fc6b4456000 rw-p 00000000 00:00 0 
7fc6b4456000-7fc6b8000000 ---p 00000000 00:00 0 
7fc6b8000000-7fc6b8021000 rw-p 00000000 00:00 0 
7fc6b8021000-7fc6bc000000 ---p 00000000 00:00 0 
7fc6bc000000-7fc6bc073000 rw-p 00000000 00:00 0 
7fc6bc073000-7fc6c0000000 ---p 00000000 00:00 0 
7fc6c0000000-7fc6c0021000 rw-p 00000000 00:00 0 
7fc6c0021000-7fc6c4000000 ---p 00000000 00:00 0 
7fc6c4000000-7fc6c4021000 rw-p 00000000 00:00 0 
7fc6c4021000-7fc6c8000000 ---p 00000000 00:00 0 
7fc6c8000000-7fc6c8021000 rw-p 00000000 00:00 0 
7fc6c8021000-7fc6cc000000 ---p 00000000 00:00 0 
7fc6cc000000-7fc6ce146000 rw-p 00000000 00:00 0 
7fc6ce146000-7fc6d0000000 ---p 00000000 00:00 0 
7fc6d0000000-7fc6d0e3f000 rw-p 00000000 00:00 0 
7fc6d0e3f000-7fc6d4000000 ---p 00000000 00:00 0 
7fc6d4000000-7fc6d4021000 rw-p 00000000 00:00 0 
7fc6d4021000-7fc6d8000000 ---p 00000000 00:00 0 
7fc6d8000000-7fc6d9fcf000 rw-p 00000000 00:00 0 
7fc6d9fcf000-7fc6dc000000 ---p 00000000 00:00 0 
7fc6dc000000-7fc6dc021000 rw-p 00000000 00:00 0 
7fc6dc021000-7fc6e0000000 ---p 00000000 00:00 0 
7fc6e0000000-7fc6e0021000 rw-p 00000000 00:00 0 
7fc6e0021000-7fc6e4000000 ---p 00000000 00:00 0 
7fc6e4000000-7fc6e402c000 rw-p 00000000 00:00 0 
7fc6e402c000-7fc6e8000000 ---p 00000000 00:00 0 
7fc6e8000000-7fc6e83d0000 rw-p 00000000 00:00 0 
7fc6e83d0000-7fc6ec000000 ---p 00000000 00:00 0 
7fc6ec000000-7fc6ec02f000 rw-p 00000000 00:00 0 
7fc6ec02f000-7fc6f0000000 ---p 00000000 00:00 0 
7fc6f000a000-7fc6f000b000 r--s 00001000 08:07 1094992                    /home/chivu/.gradle/caches/jars-2/cmhx5eetujk7j30d3nllwxyrlnugzjw/annotations-25.3.3.jar
7fc6f000b000-7fc6f0013000 r--s 000a8000 08:07 932893                     /home/chivu/.gradle/caches/jars-2/lp0h431tl0554nh1vx6zomcvteflkp/lombok-ast-0.2.3.jar
7fc6f0013000-7fc6f0027000 r--s 000b4000 08:07 139376                     /home/chivu/.gradle/caches/jars-2/hgvw6szzawm3evod5l2d6iutfug31w0/uast-162.2228.14.jar
7fc6f0027000-7fc6f0029000 r--s 0000d000 08:07 932889                     /home/chivu/.gradle/caches/jars-2/7pwz1bowgakb1eux9ezb56jlturgsyi/commons-codec-1.4.jar
7fc6f0029000-7fc6f002b000 r--s 0000d000 08:07 932887                     /home/chivu/.gradle/caches/jars-2/9dj1m0eyooi5qt13735vz8fpkl3cnfy/commons-logging-1.1.1.jar
7fc6f002b000-7fc6f0030000 r--s 00028000 08:07 932885                     /home/chivu/.gradle/caches/jars-2/62lv0fe9b3xbqe57f6ljy5upwi7mf6k/httpcore-4.1.jar
7fc6f0030000-7fc6f0034000 r--s 0002f000 08:07 932883                     /home/chivu/.gradle/caches/jars-2/gsg5n52frsvw6sx0swqqe2hwijwdcf0/jimfs-1.1.jar
7fc6f0034000-7fc6f0035000 r--s 00004000 08:07 932881                     /home/chivu/.gradle/caches/jars-2/lxs252id0979odjrerlctkb26c2vj95/annotations-12.0.jar
7fc6f0035000-7fc6f0036000 r--s 00004000 08:07 932879                     /home/chivu/.gradle/caches/jars-2/9kn99dr0rulyl67sct1ephwcop56l61/asm-analysis-5.0.4.jar
7fc6f0036000-7fc6f003a000 r--s 00040000 08:07 1094991                    /home/chivu/.gradle/caches/jars-2/ccvn7yglm4blceovs70fngoac1eyn4f/lint-api-25.3.3.jar
7fc6f003a000-7fc6f003c000 r--s 00005000 08:07 932873                     /home/chivu/.gradle/caches/jars-2/i6hc1uuj8e9ck59slmzdyz78ydn8sr6/httpmime-4.1.jar
7fc6f003c000-7fc6f0044000 r--s 0004e000 08:07 932871                     /home/chivu/.gradle/caches/jars-2/7503wa5irssz0xxahv1xb82p2dl7rr2/httpclient-4.1.1.jar
7fc6f0044000-7fc6f004b000 r--s 00053000 08:07 932869                     /home/chivu/.gradle/caches/jars-2/jgkfvs4eqggj7qsyw1f5d3up57hanj1/commons-compress-1.8.1.jar
7fc6f004b000-7fc6f0050000 r--s 0002a000 08:07 932867                     /home/chivu/.gradle/caches/jars-2/je8f027qcr1z1egw08byp1ybxbp9kko/gson-2.2.4.jar
7fc6f0050000-7fc6f0055000 r--s 0002e000 08:07 1094990                    /home/chivu/.gradle/caches/jars-2/s427p2wh0tfza0xa8qijgx107eeevyl/repository-25.3.3.jar
7fc6f0055000-7fc6f0057000 r--s 00006000 08:07 1094989                    /home/chivu/.gradle/caches/jars-2/e2s952s6co8tps89l80r4riixwqo2oe/dvlib-25.3.3.jar
7fc6f0057000-7fc6f0059000 r--s 00013000 08:07 1094883                    /home/chivu/.gradle/caches/jars-2/s02k517nvrh8cbp2c8dz4slqska6dj9/layoutlib-api-25.3.3.jar
7fc6f0059000-7fc6f005e000 r--s 00058000 08:07 932859                     /home/chivu/.gradle/caches/jars-2/st159835qgxm0l87oqrnhayxos4lc1n/asm-debug-all-5.0.1.jar
7fc6f005e000-7fc6f006e000 r--s 000d5000 08:07 932857                     /home/chivu/.gradle/caches/jars-2/qzf32gp9kej4w4hlbabft6tplu74cj3/proguard-base-5.3.2.jar
7fc6f006e000-7fc6f0099000 r--s 001fc000 08:07 932847                     /home/chivu/.gradle/caches/jars-2/nxjrjftly2xksl8o0wqgivu5netfu2x/guava-18.0.jar
7fc6f0099000-7fc6f0299000 rw-p 00000000 00:00 0 
7fc6f0299000-7fc6f0499000 rw-p 00000000 00:00 0 
7fc6f0499000-7fc6f04a6000 r--s 00041000 08:07 932617                     /home/chivu/.gradle/caches/jars-2/dgtjvv7hz6uw97ja0np1f4qgb2lzw3b/gradle-tooling-api-3.2.jar
7fc6f04a6000-7fc6f04a7000 r--s 0000a000 08:07 932875                     /home/chivu/.gradle/caches/jars-2/nwyg9io65lv6jvmwit2wq82xnnxd7ia/kxml2-2.3.0.jar
7fc6f04a7000-7fc6f04aa000 r--s 00033000 08:07 932855                     /home/chivu/.gradle/caches/jars-2/nz9sndmr8b4xbj4xulkaciy5kdbyfiz/juniversalchardet-1.0.3.jar
7fc6f04aa000-7fc6f04ae000 r--s 0002a000 08:07 932853                     /home/chivu/.gradle/caches/jars-2/krbpn9xjn1qymukyx8cc5l799ty1v3h/commons-io-2.4.jar
7fc6f04ae000-7fc6f04c5000 r--s 00154000 08:07 932851                     /home/chivu/.gradle/caches/jars-2/sfeivjswzitn6n0fnjx3ueszz8gv8o1/antlr4-4.5.3.jar
7fc6f04c5000-7fc6f04c7000 r--s 00002000 08:07 1094881                    /home/chivu/.gradle/caches/jars-2/rh2ip1x2zziz26tr3qzudtz088pqsb2/baseLibrary-2.3.3.jar
7fc6f04c7000-7fc6f04da000 r--s 00241000 08:07 932845                     /home/chivu/.gradle/caches/jars-2/9yuekvg4qerfitq3xec0iyckuw3hwaq/ecj-4.6.1.jar
7fc6f04da000-7fc6f04e1000 r--s 000d9000 08:07 1094862                    /home/chivu/.gradle/caches/jars-2/ak89aa8liqmr44u7r08njntn6oehe0z/lint-checks-25.3.3.jar
7fc6f04e1000-7fc6f04e3000 r--s 00006000 08:07 932841                     /home/chivu/.gradle/caches/jars-2/6phgj9ki3jl3p5epzkqoo8pr6kur40b/asm-tree-5.0.4.jar
7fc6f04e3000-7fc6f0516000 r--s 00203000 08:07 932839                     /home/chivu/.gradle/caches/jars-2/hj0bfvxu9cq7hkwmecvp0kg137or3hh/bcprov-jdk15on-1.48.jar
7fc6f0516000-7fc6f0524000 r--s 00081000 08:07 932837                     /home/chivu/.gradle/caches/jars-2/4r7xli0tz94y0wfjrdyjxlxar3g1pb9/bcpkix-jdk15on-1.48.jar
7fc6f0524000-7fc6f0526000 r--s 00002000 08:07 932835                     /home/chivu/.gradle/caches/jars-2/f32bh5uivuf69ecz2j8hl96ksnqdh7v/javawriter-2.5.0.jar
7fc6f0526000-7fc6f0528000 r--s 00004000 08:07 1094861                    /home/chivu/.gradle/caches/jars-2/j6s1upogkwo00sygdsekzj4fx0i75uy/tracker-25.3.3.jar
7fc6f0528000-7fc6f0529000 r--s 00005000 08:07 1094860                    /home/chivu/.gradle/caches/jars-2/4svya0t1s9wyo35ycd3atidsaoo6w7e/shared-25.3.3.jar
7fc6f0529000-7fc6f0537000 r--s 00147000 08:07 1094859                    /home/chivu/.gradle/caches/jars-2/qx6695c5ocd9swxv7wqtxor3plyb4b7/protos-25.3.3.jar
7fc6f0537000-7fc6f0538000 r--s 00001000 08:07 139356                     /home/chivu/.gradle/caches/jars-2/bqo69msswbvaagsh45hf1tq02v21sml/jill-api-0.10.0.jar
7fc6f0538000-7fc6f053a000 r--s 00003000 08:07 139354                     /home/chivu/.gradle/caches/jars-2/7pldadygbci34ql8thws797g29k1uhh/jack-api-0.13.0.jar
7fc6f053a000-7fc6f0540000 r--s 0004a000 08:07 1094853                    /home/chivu/.gradle/caches/jars-2/euoqfzf5y1sibp9ul8mcz0wovj380eo/ddmlib-25.3.3.jar
7fc6f0540000-7fc6f0543000 r--s 00022000 08:07 1094848                    /home/chivu/.gradle/caches/jars-2/a81bg2yxzmumashablwecaj0ksz6tmj/manifest-merger-25.3.3.jar
7fc6f0543000-7fc6f0546000 r--s 0001c000 08:07 1094847                    /home/chivu/.gradle/caches/jars-2/l6cnyee1vojrkkbpp6qwgpf30shmrja/common-25.3.3.jar
7fc6f0546000-7fc6f054f000 r--s 00089000 08:07 1094417                    /home/chivu/.gradle/caches/jars-2/m0t6h8af70sdgxvkj522jy01i14mnb8/sdk-common-25.3.3.jar
7fc6f054f000-7fc6f0559000 r--s 00098000 08:07 1094415                    /home/chivu/.gradle/caches/jars-2/28c9ykhc782k8jmlrnbnccai34hziki/sdklib-25.3.3.jar
7fc6f0559000-7fc6f055a000 r--s 00002000 08:07 1094389                    /home/chivu/.gradle/caches/jars-2/4dod7a1p5hoai4v37pxbcg65bbahvg2/builder-test-api-2.3.3.jar
7fc6f055a000-7fc6f055d000 r--s 00006000 08:07 1094385                    /home/chivu/.gradle/caches/jars-2/omk02asobup8sgd6qxom3ej5bg94z2r/builder-model-2.3.3.jar
7fc6f055d000-7fc6f056c000 r--s 00130000 08:07 932809                     /home/chivu/.gradle/caches/jars-2/cr6zkqpx14lor9zdtmo49qpc7y8r8p4/protobuf-java-3.0.0.jar
7fc6f056c000-7fc6f056e000 r--s 0000f000 08:07 932807                     /home/chivu/.gradle/caches/jars-2/rvfyugrlu5tbpz51p98og0qsxamjq4k/jopt-simple-4.9.jar
7fc6f056e000-7fc6f0572000 r--s 0001f000 08:07 932805                     /home/chivu/.gradle/caches/jars-2/nq3fzqkrrm37ob61z4iu5qdbh368uat/org.jacoco.report-0.7.5.201505241946.jar
7fc6f0572000-7fc6f0576000 r--s 0001d000 08:07 932803                     /home/chivu/.gradle/caches/jars-2/3kxkmcckmk40ron92zhbm0qjo9l4bkl/org.jacoco.core-0.7.5.201505241946.jar
7fc6f0576000-7fc6f0578000 r--s 00002000 08:07 932801                     /home/chivu/.gradle/caches/jars-2/m4m0pzb4gmaeh0in5g2xc4bxeuwt828/proguard-gradle-5.3.2.jar
7fc6f0578000-7fc6f057a000 r--s 00009000 08:07 932799                     /home/chivu/.gradle/caches/jars-2/ajvcvdu66lc9e3tvvipxtuq48i9bbkc/asm-commons-5.0.4.jar
7fc6f057a000-7fc6f057c000 r--s 0000c000 08:07 932797                     /home/chivu/.gradle/caches/jars-2/1laz1ygmxoc408r7nwqs1q8uk8r236d/asm-5.0.4.jar
7fc6f057c000-7fc6f0581000 r--s 0002c000 08:07 1094383                    /home/chivu/.gradle/caches/jars-2/3mlasgi8oo9o7oa12526198jui9zmp2/compilerCommon-2.3.3.jar
7fc6f0581000-7fc6f0582000 r--s 00002000 08:07 1094379                    /home/chivu/.gradle/caches/jars-2/73l309uzm0ila7rdaaxteq0ng4ayf2y/gradle-api-2.3.3.jar
7fc6f0582000-7fc6f0583000 r--s 00000000 08:07 139334                     /home/chivu/.gradle/caches/jars-2/tlyajppf8woug00g686fx5mchf8iv3o/transform-api-2.0.0-deprecated-use-gradle-api.jar
7fc6f0583000-7fc6f0588000 r--s 0005e000 08:07 1094349                    /home/chivu/.gradle/caches/jars-2/k2xtosjt0in0zj7mpwvctw6iznt93uh/lint-25.3.3.jar
7fc6f0588000-7fc6f059e000 r--s 00163000 08:07 1094347                    /home/chivu/.gradle/caches/jars-2/nyg71b5n2lzymmwh5vbtmvjiby07k4g/builder-2.3.3.jar
7fc6f059e000-7fc6f05bd000 r--s 001ca000 08:07 1094310                    /home/chivu/.gradle/caches/jars-2/5fwyvjq1ai8mdh1mluqxidj1wo7rls8/gradle-core-2.3.3.jar
7fc6f05bd000-7fc6f05bf000 r--s 00007000 08:07 266240                     /home/chivu/.gradle/caches/modules-2/files-2.1/com.google.gms/google-services/3.1.0/166ae4e6acd03b7bbebe221ffa54bc039fece1b9/google-services-3.1.0.jar
7fc6f05bf000-7fc6f05c1000 r--s 0000d000 08:07 1094266                    /home/chivu/.gradle/caches/jars-2/mel54vauze7hczg2p6nebauqz8s53sj/gradle-2.3.3.jar
7fc6f05c1000-7fc6f0631000 r--s 00643000 08:07 932707                     /home/chivu/.gradle/caches/jars-2/8cxlnul3q31hn64oaeyb96yvefwfs4h/groovy-all-2.4.6.jar
7fc6f0631000-7fc6f0636000 r--s 0007a000 08:07 1093493                    /home/chivu/.gradle/caches/jars-2/grenzqfqt85mgjj0y0ira3t0y08jana/gradle-tooling-extension-impl.jar
7fc6f0636000-7fc6f063b000 r--s 00034000 08:07 932705                     /home/chivu/.gradle/caches/jars-2/c74d41v3l7o57dyhdc4xhdfblc3m2cw/gson-2.5.jar
7fc6f063b000-7fc6f063e000 ---p 00000000 00:00 0 
7fc6f063e000-7fc6f0674000 rw-p 00000000 00:00 0 
7fc6f0674000-7fc6f0675000 r--p 00000000 00:00 0 
7fc6f0675000-7fc6f0676000 r--s 00000000 08:07 932633                     /home/chivu/.gradle/caches/jars-2/dg22azhabc6tsc1i8xni15giz1bnssh/gradle-appengine-builder-model-0.1.0.jar
7fc6f0676000-7fc6f06b3000 r--s 00585000 08:07 1093392                    /home/chivu/.gradle/caches/jars-2/ilom8b20gb67xtnnupbkeqtne7b8kkb/sdk-tools.jar
7fc6f06b3000-7fc6f06b4000 r--s 00002000 08:07 1083683                    /home/chivu/.gradle/caches/jars-2/svwjsy9ijjnr8w6koqz6kn1bqvdhlg4/external-system-rt.jar
7fc6f06b4000-7fc6f06b6000 r--s 0000a000 08:07 947247                     /home/chivu/.gradle/caches/jars-2/7218vekn48fs59m3epgdn3toof1pltz/gradle-tooling-extension-api.jar
7fc6f06b6000-7fc6f06c3000 r--s 0017f000 08:07 947182                     /home/chivu/.gradle/caches/jars-2/f7cyhks7eq64d4l5pocpk32bt94v37r/velocity.jar
7fc6f06c3000-7fc6f06fd000 r--s 001e2000 08:07 932623                     /home/chivu/.gradle/caches/jars-2/gsc6q095kyxskeaqm5ejgrya5fy93e4/gradle-core-3.2.jar
7fc6f06fd000-7fc6f0706000 r--s 00041000 08:07 932621                     /home/chivu/.gradle/caches/jars-2/h9tlqcb3hm1v4dc2krttqmly48oj6dn/gradle-base-services-3.2.jar
7fc6f0706000-7fc6f072e000 r--s 001cf000 08:07 932619                     /home/chivu/.gradle/caches/jars-2/87eo0lrvp84r6dbxjq018wy66es2era/guava-jdk5-17.0.jar
7fc6f072e000-7fc6f0731000 ---p 00000000 00:00 0 
7fc6f0731000-7fc6f082f000 rw-p 00000000 00:00 0 
7fc6f082f000-7fc6f08a8000 r--s 010ed000 08:07 1201473                    /home/chivu/Downloads/android-studio-p/jre/lib/tools.jar
7fc6f08a8000-7fc6f0aa8000 rw-p 00000000 00:00 0 
7fc6f0aa8000-7fc6f0aab000 ---p 00000000 00:00 0 
7fc6f0aab000-7fc6f0ba9000 rw-p 00000000 00:00 0 
7fc6f0ba9000-7fc6f0bac000 ---p 00000000 00:00 0 
7fc6f0bac000-7fc6f0caa000 rw-p 00000000 00:00 0 
7fc6f0caa000-7fc6f0cad000 ---p 00000000 00:00 0 
7fc6f0cad000-7fc6f0dab000 rw-p 00000000 00:00 0 
7fc6f0dab000-7fc6f0dae000 ---p 00000000 00:00 0 
7fc6f0dae000-7fc6f0eac000 rw-p 00000000 00:00 0 
7fc6f0eac000-7fc6f0eaf000 ---p 00000000 00:00 0 
7fc6f0eaf000-7fc6f11ad000 rw-p 00000000 00:00 0 
7fc6f11ad000-7fc6f11b0000 ---p 00000000 00:00 0 
7fc6f11b0000-7fc6f12ae000 rw-p 00000000 00:00 0 
7fc6f12ae000-7fc6f12b1000 ---p 00000000 00:00 0 
7fc6f12b1000-7fc6f13af000 rw-p 00000000 00:00 0 
7fc6f13af000-7fc6f13b6000 r--s 00000000 08:07 1590595                    /usr/lib/x86_64-linux-gnu/gconv/gconv-modules.cache
7fc6f13b6000-7fc6f15b6000 rw-p 00000000 00:00 0 
7fc6f15b6000-7fc6f15b9000 ---p 00000000 00:00 0 
7fc6f15b9000-7fc6f16b7000 rw-p 00000000 00:00 0 
7fc6f16b7000-7fc6f16c0000 r-xp 00000000 08:07 1201548                    /home/chivu/Downloads/android-studio-p/jre/jre/lib/amd64/libmanagement.so
7fc6f16c0000-7fc6f18bf000 ---p 00009000 08:07 1201548                    /home/chivu/Downloads/android-studio-p/jre/jre/lib/amd64/libmanagement.so
7fc6f18bf000-7fc6f18c0000 r--p 00008000 08:07 1201548                    /home/chivu/Downloads/android-studio-p/jre/jre/lib/amd64/libmanagement.so
7fc6f18c0000-7fc6f18c1000 rw-p 00009000 08:07 1201548                    /home/chivu/Downloads/android-studio-p/jre/jre/lib/amd64/libmanagement.so
7fc6f18c1000-7fc6f18c6000 r--s 00098000 08:07 1201512                    /home/chivu/Downloads/android-studio-p/jre/jre/lib/jsse.jar
7fc6f18c6000-7fc6f18c8000 r--s 00007000 08:07 1189108                    /home/chivu/.gradle/wrapper/dists/gradle-3.3-all/55gk2rcmfc6p2dg9u9ohc3hw9/gradle-3.3/lib/plugins/gradle-tooling-api-builders-3.3.jar
7fc6f18c8000-7fc6f18cb000 r--s 00009000 08:07 1189101                    /home/chivu/.gradle/wrapper/dists/gradle-3.3-all/55gk2rcmfc6p2dg9u9ohc3hw9/gradle-3.3/lib/plugins/gradle-testing-native-3.3.jar
7fc6f18cb000-7fc6f18d1000 r--s 00033000 08:07 1189176                    /home/chivu/.gradle/wrapper/dists/gradle-3.3-all/55gk2rcmfc6p2dg9u9ohc3hw9/gradle-3.3/lib/plugins/snakeyaml-1.6.jar
7fc6f18d1000-7fc6f18d3000 r--s 00006000 08:07 1189175                    /home/chivu/.gradle/wrapper/dists/gradle-3.3-all/55gk2rcmfc6p2dg9u9ohc3hw9/gradle-3.3/lib/plugins/jcommander-1.12.jar
7fc6f18d3000-7fc6f18d8000 r--s 00040000 08:07 1189174                    /home/chivu/.gradle/wrapper/dists/gradle-3.3-all/55gk2rcmfc6p2dg9u9ohc3hw9/gradle-3.3/lib/plugins/bsh-2.0b4.jar
7fc6f18d8000-7fc6f18da000 r--s 00009000 08:07 1189182                    /home/chivu/.gradle/wrapper/dists/gradle-3.3-all/55gk2rcmfc6p2dg9u9ohc3hw9/gradle-3.3/lib/plugins/hamcrest-core-1.3.jar
7fc6f18da000-7fc6f18e3000 r--s 00089000 08:07 1189133                    /home/chivu/.gradle/wrapper/dists/gradle-3.3-all/55gk2rcmfc6p2dg9u9ohc3hw9/gradle-3.3/lib/plugins/testng-6.3.1.jar
7fc6f18e3000-7fc6f18eb000 r--s 00045000 08:07 1189132                    /home/chivu/.gradle/wrapper/dists/gradle-3.3-all/55gk2rcmfc6p2dg9u9ohc3hw9/gradle-3.3/lib/plugins/junit-4.12.jar
7fc6f18eb000-7fc6f18f1000 r--s 0002e000 08:07 1189102                    /home/chivu/.gradle/wrapper/dists/gradle-3.3-all/55gk2rcmfc6p2dg9u9ohc3hw9/gradle-3.3/lib/plugins/gradle-testing-jvm-3.3.jar
7fc6f18f1000-7fc6f18f5000 r--s 00016000 08:07 1189100                    /home/chivu/.gradle/wrapper/dists/gradle-3.3-all/55gk2rcmfc6p2dg9u9ohc3hw9/gradle-3.3/lib/plugins/gradle-testing-base-3.3.jar
7fc6f18f5000-7fc6f18fc000 r--s 00038000 08:07 1189127                    /home/chivu/.gradle/wrapper/dists/gradle-3.3-all/55gk2rcmfc6p2dg9u9ohc3hw9/gradle-3.3/lib/plugins/bcpg-jdk15on-1.51.jar
7fc6f18fc000-7fc6f18fe000 r--s 0000c000 08:07 1189079                    /home/chivu/.gradle/wrapper/dists/gradle-3.3-all/55gk2rcmfc6p2dg9u9ohc3hw9/gradle-3.3/lib/plugins/gradle-signing-3.3.jar
7fc6f18fe000-7fc6f1900000 r--s 00007000 08:07 1189078                    /home/chivu/.gradle/wrapper/dists/gradle-3.3-all/55gk2rcmfc6p2dg9u9ohc3hw9/gradle-3.3/lib/plugins/gradle-scala-3.3.jar
7fc6f1900000-7fc6f1901000 r--s 00004000 08:07 1189106                    /home/chivu/.gradle/wrapper/dists/gradle-3.3-all/55gk2rcmfc6p2dg9u9ohc3hw9/gradle-3.3/lib/plugins/gradle-resources-sftp-3.3.jar
7fc6f1901000-7fc6f1911000 r--s 00088000 08:07 1189143                    /home/chivu/.gradle/wrapper/dists/gradle-3.3-all/55gk2rcmfc6p2dg9u9ohc3hw9/gradle-3.3/lib/plugins/joda-time-2.8.2.jar
7fc6f1911000-7fc6f1922000 r--s 0010d000 08:07 1189142                    /home/chivu/.gradle/wrapper/dists/gradle-3.3-all/55gk2rcmfc6p2dg9u9ohc3hw9/gradle-3.3/lib/plugins/jackson-databind-2.6.6.jar
7fc6f1922000-7fc6f1925000 r--s 00009000 08:07 1189141                    /home/chivu/.gradle/wrapper/dists/gradle-3.3-all/55gk2rcmfc6p2dg9u9ohc3hw9/gradle-3.3/lib/plugins/jackson-annotations-2.6.6.jar
7fc6f1925000-7fc6f1929000 r--s 0003c000 08:07 1189140                    /home/chivu/.gradle/wrapper/dists/gradle-3.3-all/55gk2rcmfc6p2dg9u9ohc3hw9/gradle-3.3/lib/plugins/jackson-core-2.6.6.jar
7fc6f1929000-7fc6f1937000 r--s 00087000 08:07 1189139                    /home/chivu/.gradle/wrapper/dists/gradle-3.3-all/55gk2rcmfc6p2dg9u9ohc3hw9/gradle-3.3/lib/plugins/aws-java-sdk-core-1.11.6.jar
7fc6f1937000-7fc6f193e000 r--s 00057000 08:07 1189138                    /home/chivu/.gradle/wrapper/dists/gradle-3.3-all/55gk2rcmfc6p2dg9u9ohc3hw9/gradle-3.3/lib/plugins/aws-java-sdk-kms-1.11.6.jar
7fc6f193e000-7fc6f194b000 r--s 0008e000 08:07 1189137                    /home/chivu/.gradle/wrapper/dists/gradle-3.3-all/55gk2rcmfc6p2dg9u9ohc3hw9/gradle-3.3/lib/plugins/aws-java-sdk-s3-1.11.6.jar
7fc6f194b000-7fc6f194d000 r--s 00004000 08:07 1189107                    /home/chivu/.gradle/wrapper/dists/gradle-3.3-all/55gk2rcmfc6p2dg9u9ohc3hw9/gradle-3.3/lib/plugins/gradle-resources-s3-3.3.jar
7fc6f194d000-7fc6f194f000 r--s 00005000 08:07 1189131                    /home/chivu/.gradle/wrapper/dists/gradle-3.3-all/55gk2rcmfc6p2dg9u9ohc3hw9/gradle-3.3/lib/plugins/jatl-0.2.2.jar
7fc6f194f000-7fc6f1951000 r--s 0000f000 08:07 1189084                    /home/chivu/.gradle/wrapper/dists/gradle-3.3-all/55gk2rcmfc6p2dg9u9ohc3hw9/gradle-3.3/lib/plugins/gradle-reporting-3.3.jar
7fc6f1951000-7fc6f1953000 r--s 00002000 08:07 1189085                    /home/chivu/.gradle/wrapper/dists/gradle-3.3-all/55gk2rcmfc6p2dg9u9ohc3hw9/gradle-3.3/lib/plugins/gradle-publish-3.3.jar
7fc6f1953000-7fc6f1955000 r--s 00009000 08:07 1189114                    /home/chivu/.gradle/wrapper/dists/gradle-3.3-all/55gk2rcmfc6p2dg9u9ohc3hw9/gradle-3.3/lib/plugins/commons-cli-1.2.jar
7fc6f1955000-7fc6f195b000 r--s 00031000 08:07 1189070                    /home/chivu/.gradle/wrapper/dists/gradle-3.3-all/55gk2rcmfc6p2dg9u9ohc3hw9/gradle-3.3/lib/plugins/gradle-plugins-3.3.jar
7fc6f195b000-7fc6f195d000 r--s 00009000 08:07 1189103                    /home/chivu/.gradle/wrapper/dists/gradle-3.3-all/55gk2rcmfc6p2dg9u9ohc3hw9/gradle-3.3/lib/plugins/gradle-plugin-development-3.3.jar
7fc6f195d000-7fc6f1963000 r--s 0002b000 08:07 1189096                    /home/chivu/.gradle/wrapper/dists/gradle-3.3-all/55gk2rcmfc6p2dg9u9ohc3hw9/gradle-3.3/lib/plugins/gradle-platform-play-3.3.jar
7fc6f1963000-7fc6f1971000 r--s 00055000 08:07 1189095                    /home/chivu/.gradle/wrapper/dists/gradle-3.3-all/55gk2rcmfc6p2dg9u9ohc3hw9/gradle-3.3/lib/plugins/gradle-platform-native-3.3.jar
7fc6f1971000-7fc6f1976000 r--s 0001f000 08:07 1189090                    /home/chivu/.gradle/wrapper/dists/gradle-3.3-all/55gk2rcmfc6p2dg9u9ohc3hw9/gradle-3.3/lib/plugins/gradle-platform-jvm-3.3.jar
7fc6f1976000-7fc6f197e000 r--s 00027000 08:07 1189089                    /home/chivu/.gradle/wrapper/dists/gradle-3.3-all/55gk2rcmfc6p2dg9u9ohc3hw9/gradle-3.3/lib/plugins/gradle-platform-base-3.3.jar
7fc6f197e000-7fc6f19a6000 r--s 0021c000 08:07 1189122                    /home/chivu/.gradle/wrapper/dists/gradle-3.3-all/55gk2rcmfc6p2dg9u9ohc3hw9/gradle-3.3/lib/plugins/biz.aQute.bndlib-3.2.0.jar
7fc6f19a6000-7fc6f19a8000 r--s 00003000 08:07 1189074                    /home/chivu/.gradle/wrapper/dists/gradle-3.3-all/55gk2rcmfc6p2dg9u9ohc3hw9/gradle-3.3/lib/plugins/gradle-osgi-3.3.jar
7fc6f19a8000-7fc6f19ab000 r--s 0000c000 08:07 1189125                    /home/chivu/.gradle/wrapper/dists/gradle-3.3-all/55gk2rcmfc6p2dg9u9ohc3hw9/gradle-3.3/lib/plugins/pmaven-groovy-0.8-20100325.jar
7fc6f19ab000-7fc6f19ac000 r--s 00004000 08:07 1189124                    /home/chivu/.gradle/wrapper/dists/gradle-3.3-all/55gk2rcmfc6p2dg9u9ohc3hw9/gradle-3.3/lib/plugins/pmaven-common-0.8-20100325.jar
7fc6f19ac000-7fc6f19b2000 r--s 00023000 08:07 1189075                    /home/chivu/.gradle/wrapper/dists/gradle-3.3-all/55gk2rcmfc6p2dg9u9ohc3hw9/gradle-3.3/lib/plugins/gradle-maven-3.3.jar
7fc6f19b2000-7fc6f19b5000 r--s 0000b000 08:07 1189094                    /home/chivu/.gradle/wrapper/dists/gradle-3.3-all/55gk2rcmfc6p2dg9u9ohc3hw9/gradle-3.3/lib/plugins/gradle-language-scala-3.3.jar
7fc6f19b5000-7fc6f19bb000 r--s 0001a000 08:07 1189098                    /home/chivu/.gradle/wrapper/dists/gradle-3.3-all/55gk2rcmfc6p2dg9u9ohc3hw9/gradle-3.3/lib/plugins/gradle-language-native-3.3.jar
7fc6f19bb000-7fc6f19be000 r--s 00005000 08:07 1189091                    /home/chivu/.gradle/wrapper/dists/gradle-3.3-all/55gk2rcmfc6p2dg9u9ohc3hw9/gradle-3.3/lib/plugins/gradle-language-jvm-3.3.jar
7fc6f19be000-7fc6f19c4000 r--s 00027000 08:07 1189092                    /home/chivu/.gradle/wrapper/dists/gradle-3.3-all/55gk2rcmfc6p2dg9u9ohc3hw9/gradle-3.3/lib/plugins/gradle-language-java-3.3.jar
7fc6f19c4000-7fc6f19c6000 r--s 0000a000 08:07 1189093                    /home/chivu/.gradle/wrapper/dists/gradle-3.3-all/55gk2rcmfc6p2dg9u9ohc3hw9/gradle-3.3/lib/plugins/gradle-language-groovy-3.3.jar
7fc6f19c6000-7fc6f19c9000 r--s 0001e000 08:07 1189149                    /home/chivu/.gradle/wrapper/dists/gradle-3.3-all/55gk2rcmfc6p2dg9u9ohc3hw9/gradle-3.3/lib/plugins/jsp-api-2.1-6.1.14.jar
7fc6f19c9000-7fc6f19ec000 r--s 00344000 08:07 1189148                    /home/chivu/.gradle/wrapper/dists/gradle-3.3-all/55gk2rcmfc6p2dg9u9ohc3hw9/gradle-3.3/lib/plugins/core-3.1.1.jar
7fc6f19ec000-7fc6f19ed000 r--s 00006000 08:07 1189147                    /home/chivu/.gradle/wrapper/dists/gradle-3.3-all/55gk2rcmfc6p2dg9u9ohc3hw9/gradle-3.3/lib/plugins/jetty-naming-6.1.26.jar
7fc6f19ed000-7fc6f19ee000 r--s 00002000 08:07 1189121                    /home/chivu/.gradle/wrapper/dists/gradle-3.3-all/55gk2rcmfc6p2dg9u9ohc3hw9/gradle-3.3/lib/plugins/geronimo-annotation_1.0_spec-1.0.jar
7fc6f19ee000-7fc6f19f0000 r--s 00002000 08:07 1189120                    /home/chivu/.gradle/wrapper/dists/gradle-3.3-all/55gk2rcmfc6p2dg9u9ohc3hw9/gradle-3.3/lib/plugins/jetty-annotations-6.1.26.jar
7fc6f19f0000-7fc6f1a01000 r--s 000ea000 08:07 1189119                    /home/chivu/.gradle/wrapper/dists/gradle-3.3-all/55gk2rcmfc6p2dg9u9ohc3hw9/gradle-3.3/lib/plugins/jsp-2.1-6.1.14.jar
7fc6f1a01000-7fc6f1a03000 r--s 0000d000 08:07 1189118                    /home/chivu/.gradle/wrapper/dists/gradle-3.3-all/55gk2rcmfc6p2dg9u9ohc3hw9/gradle-3.3/lib/plugins/jetty-plus-6.1.26.jar
7fc6f1a03000-7fc6f1a05000 r--s 0001f000 08:07 1189117                    /home/chivu/.gradle/wrapper/dists/gradle-3.3-all/55gk2rcmfc6p2dg9u9ohc3hw9/gradle-3.3/lib/plugins/servlet-api-2.5-20081211.jar
7fc6f1a05000-7fc6f1a09000 r--s 00028000 08:07 1189116                    /home/chivu/.gradle/wrapper/dists/gradle-3.3-all/55gk2rcmfc6p2dg9u9ohc3hw9/gradle-3.3/lib/plugins/jetty-util-6.1.26.jar
7fc6f1a09000-7fc6f1a10000 r--s 0007d000 08:07 1189115                    /home/chivu/.gradle/wrapper/dists/gradle-3.3-all/55gk2rcmfc6p2dg9u9ohc3hw9/gradle-3.3/lib/plugins/jetty-6.1.26.jar
7fc6f1a10000-7fc6f1a12000 r--s 0000a000 08:07 1189072                    /home/chivu/.gradle/wrapper/dists/gradle-3.3-all/55gk2rcmfc6p2dg9u9ohc3hw9/gradle-3.3/lib/plugins/gradle-jetty-3.3.jar
7fc6f1a12000-7fc6f1a19000 r--s 00035000 08:07 1189130                    /home/chivu/.gradle/wrapper/dists/gradle-3.3-all/55gk2rcmfc6p2dg9u9ohc3hw9/gradle-3.3/lib/plugins/simple-4.1.21.jar
7fc6f1a19000-7fc6f1a25000 r--s 00100000 08:07 1189128                    /home/chivu/.gradle/wrapper/dists/gradle-3.3-all/55gk2rcmfc6p2dg9u9ohc3hw9/gradle-3.3/lib/plugins/rhino-1.7R3.jar
7fc6f1a25000-7fc6f1a29000 r--s 00012000 08:07 1189081                    /home/chivu/.gradle/wrapper/dists/gradle-3.3-all/55gk2rcmfc6p2dg9u9ohc3hw9/gradle-3.3/lib/plugins/gradle-javascript-3.3.jar
7fc6f1a29000-7fc6f1a2b000 r--s 0000d000 08:07 1189087                    /home/chivu/.gradle/wrapper/dists/gradle-3.3-all/55gk2rcmfc6p2dg9u9ohc3hw9/gradle-3.3/lib/plugins/gradle-jacoco-3.3.jar
7fc6f1a2b000-7fc6f1a2e000 r--s 0000e000 08:07 1189086                    /home/chivu/.gradle/wrapper/dists/gradle-3.3-all/55gk2rcmfc6p2dg9u9ohc3hw9/gradle-3.3/lib/plugins/gradle-ivy-3.3.jar
7fc6f1a2e000-7fc6f1a2f000 r--s 00002000 08:07 1189097                    /home/chivu/.gradle/wrapper/dists/gradle-3.3-all/55gk2rcmfc6p2dg9u9ohc3hw9/gradle-3.3/lib/plugins/gradle-ide-play-3.3.jar
7fc6f1a2f000-7fc6f1a32000 r--s 00013000 08:07 1189099                    /home/chivu/.gradle/wrapper/dists/gradle-3.3-all/55gk2rcmfc6p2dg9u9ohc3hw9/gradle-3.3/lib/plugins/gradle-ide-native-3.3.jar
7fc6f1a32000-7fc6f1a3b000 r--s 00055000 08:07 1189076                    /home/chivu/.gradle/wrapper/dists/gradle-3.3-all/55gk2rcmfc6p2dg9u9ohc3hw9/gradle-3.3/lib/plugins/gradle-ide-3.3.jar
7fc6f1a3b000-7fc6f1a3d000 r--s 00007000 08:07 1189080                    /home/chivu/.gradle/wrapper/dists/gradle-3.3-all/55gk2rcmfc6p2dg9u9ohc3hw9/gradle-3.3/lib/plugins/gradle-ear-3.3.jar
7fc6f1a3d000-7fc6f1a43000 r--s 00039000 08:07 1189083                    /home/chivu/.gradle/wrapper/dists/gradle-3.3-all/55gk2rcmfc6p2dg9u9ohc3hw9/gradle-3.3/lib/plugins/gradle-diagnostics-3.3.jar
7fc6f1a43000-7fc6f1a44000 r--s 00009000 08:07 1189109                    /home/chivu/.gradle/wrapper/dists/gradle-3.3-all/55gk2rcmfc6p2dg9u9ohc3hw9/gradle-3.3/lib/plugins/gradle-composite-builds-3.3.jar
7fc6f1a44000-7fc6f1a48000 r--s 00023000 08:07 1189071                    /home/chivu/.gradle/wrapper/dists/gradle-3.3-all/55gk2rcmfc6p2dg9u9ohc3hw9/gradle-3.3/lib/plugins/gradle-code-quality-3.3.jar
7fc6f1a48000-7fc6f1a4c000 r--s 00022000 08:07 1189088                    /home/chivu/.gradle/wrapper/dists/gradle-3.3-all/55gk2rcmfc6p2dg9u9ohc3hw9/gradle-3.3/lib/plugins/gradle-build-init-3.3.jar
7fc6f1a4c000-7fc6f1a52000 r--s 0008e000 08:07 1189082                    /home/chivu/.gradle/wrapper/dists/gradle-3.3-all/55gk2rcmfc6p2dg9u9ohc3hw9/gradle-3.3/lib/plugins/gradle-build-comparison-3.3.jar
7fc6f1a52000-7fc6f1a53000 r--s 00001000 08:07 1189110                    /home/chivu/.gradle/wrapper/dists/gradle-3.3-all/55gk2rcmfc6p2dg9u9ohc3hw9/gradle-3.3/lib/plugins/gradle-build-cache-http-3.3.jar
7fc6f1a53000-7fc6f1a55000 r--s 00008000 08:07 1189073                    /home/chivu/.gradle/wrapper/dists/gradle-3.3-all/55gk2rcmfc6p2dg9u9ohc3hw9/gradle-3.3/lib/plugins/gradle-antlr-3.3.jar
7fc6f1a55000-7fc6f1a57000 r--s 00004000 08:07 1189077                    /home/chivu/.gradle/wrapper/dists/gradle-3.3-all/55gk2rcmfc6p2dg9u9ohc3hw9/gradle-3.3/lib/plugins/gradle-announce-3.3.jar
7fc6f1a57000-7fc6f1a6f000 r--s 00115000 08:07 1189179                    /home/chivu/.gradle/wrapper/dists/gradle-3.3-all/55gk2rcmfc6p2dg9u9ohc3hw9/gradle-3.3/lib/plugins/xercesImpl-2.9.1.jar
7fc6f1a6f000-7fc6f1a77000 r--s 00028000 08:07 1189180                    /home/chivu/.gradle/wrapper/dists/gradle-3.3-all/55gk2rcmfc6p2dg9u9ohc3hw9/gradle-3.3/lib/plugins/xml-apis-1.3.04.jar
7fc6f1a77000-7fc6f1a7d000 r--s 0005b000 08:07 1189178                    /home/chivu/.gradle/wrapper/dists/gradle-3.3-all/55gk2rcmfc6p2dg9u9ohc3hw9/gradle-3.3/lib/plugins/jcifs-1.3.17.jar
7fc6f1a7d000-7fc6f1a83000 r--s 00033000 08:07 1189126                    /home/chivu/.gradle/wrapper/dists/gradle-3.3-all/55gk2rcmfc6p2dg9u9ohc3hw9/gradle-3.3/lib/plugins/commons-codec-1.6.jar
7fc6f1a83000-7fc6f1a8a000 r--s 00049000 08:07 1189177                    /home/chivu/.gradle/wrapper/dists/gradle-3.3-all/55gk2rcmfc6p2dg9u9ohc3hw9/gradle-3.3/lib/plugins/httpcore-4.4.4.jar
7fc6f1a8a000-7fc6f1a8d000 r--s 0001c000 08:07 1189135                    /home/chivu/.gradle/wrapper/dists/gradle-3.3-all/55gk2rcmfc6p2dg9u9ohc3hw9/gradle-3.3/lib/plugins/nekohtml-1.9.14.jar
7fc6f1a8d000-7fc6f1a9a000 r--s 000a4000 08:07 1189134                    /home/chivu/.gradle/wrapper/dists/gradle-3.3-all/55gk2rcmfc6p2dg9u9ohc3hw9/gradle-3.3/lib/plugins/httpclient-4.4.1.jar
7fc6f1a9a000-7fc6f1a9d000 r--s 0000a000 08:07 1189105                    /home/chivu/.gradle/wrapper/dists/gradle-3.3-all/55gk2rcmfc6p2dg9u9ohc3hw9/gradle-3.3/lib/plugins/gradle-resources-http-3.3.jar
7fc6f1a9d000-7fc6f1aa1000 r--s 00015000 08:07 1189104                    /home/chivu/.gradle/wrapper/dists/gradle-3.3-all/55gk2rcmfc6p2dg9u9ohc3hw9/gradle-3.3/lib/plugins/gradle-plugin-use-3.3.jar
7fc6f1aa1000-7fc6f1aa2000 r--s 00000000 08:07 1189016                    /home/chivu/.gradle/wrapper/dists/gradle-3.3-all/55gk2rcmfc6p2dg9u9ohc3hw9/gradle-3.3/lib/gradle-installation-beacon-3.3.jar
7fc6f1aa2000-7fc6f1aa4000 r--s 00006000 08:07 1189173                    /home/chivu/.gradle/wrapper/dists/gradle-3.3-all/55gk2rcmfc6p2dg9u9ohc3hw9/gradle-3.3/lib/plugins/aether-connector-wagon-1.13.1.jar
7fc6f1aa4000-7fc6f1aa8000 r--s 0001c000 08:07 1189172                    /home/chivu/.gradle/wrapper/dists/gradle-3.3-all/55gk2rcmfc6p2dg9u9ohc3hw9/gradle-3.3/lib/plugins/aether-util-1.13.1.jar
7fc6f1aa8000-7fc6f1aa9000 r--s 00003000 08:07 1189171                    /home/chivu/.gradle/wrapper/dists/gradle-3.3-all/55gk2rcmfc6p2dg9u9ohc3hw9/gradle-3.3/lib/plugins/aether-spi-1.13.1.jar
7fc6f1aa9000-7fc6f1aac000 r--s 0001d000 08:07 1189170                    /home/chivu/.gradle/wrapper/dists/gradle-3.3-all/55gk2rcmfc6p2dg9u9ohc3hw9/gradle-3.3/lib/plugins/aether-impl-1.13.1.jar
7fc6f1aac000-7fc6f1aaf000 r--s 00013000 08:07 1189169                    /home/chivu/.gradle/wrapper/dists/gradle-3.3-all/55gk2rcmfc6p2dg9u9ohc3hw9/gradle-3.3/lib/plugins/aether-api-1.13.1.jar
7fc6f1aaf000-7fc6f1ab0000 r--s 00007000 08:07 1189168                    /home/chivu/.gradle/wrapper/dists/gradle-3.3-all/55gk2rcmfc6p2dg9u9ohc3hw9/gradle-3.3/lib/plugins/wagon-http-shared4-2.4.jar
7fc6f1ab0000-7fc6f1ab2000 r--s 0000b000 08:07 1189167                    /home/chivu/.gradle/wrapper/dists/gradle-3.3-all/55gk2rcmfc6p2dg9u9ohc3hw9/gradle-3.3/lib/plugins/wagon-provider-api-2.4.jar
7fc6f1ab2000-7fc6f1ab3000 r--s 00002000 08:07 1189166                    /home/chivu/.gradle/wrapper/dists/gradle-3.3-all/55gk2rcmfc6p2dg9u9ohc3hw9/gradle-3.3/lib/plugins/wagon-http-2.4.jar
7fc6f1ab3000-7fc6f1ab4000 r--s 00002000 08:07 1189165                    /home/chivu/.gradle/wrapper/dists/gradle-3.3-all/55gk2rcmfc6p2dg9u9ohc3hw9/gradle-3.3/lib/plugins/wagon-file-2.4.jar
7fc6f1ab4000-7fc6f1ab6000 r--s 0000c000 08:07 1189164                    /home/chivu/.gradle/wrapper/dists/gradle-3.3-all/55gk2rcmfc6p2dg9u9ohc3hw9/gradle-3.3/lib/plugins/maven-aether-provider-3.0.4.jar
7fc6f1ab6000-7fc6f1ab8000 r--s 0000b000 08:07 1189163                    /home/chivu/.gradle/wrapper/dists/gradle-3.3-all/55gk2rcmfc6p2dg9u9ohc3hw9/gradle-3.3/lib/plugins/maven-plugin-api-3.0.4.jar
7fc6f1ab8000-7fc6f1aba000 r--s 00006000 08:07 1189162                    /home/chivu/.gradle/wrapper/dists/gradle-3.3-all/55gk2rcmfc6p2dg9u9ohc3hw9/gradle-3.3/lib/plugins/maven-repository-metadata-3.0.4.jar
7fc6f1aba000-7fc6f1abc000 r--s 0000b000 08:07 1189161                    /home/chivu/.gradle/wrapper/dists/gradle-3.3-all/55gk2rcmfc6p2dg9u9ohc3hw9/gradle-3.3/lib/plugins/maven-artifact-3.0.4.jar
7fc6f1abc000-7fc6f1abe000 r--s 00026000 08:07 1189160                    /home/chivu/.gradle/wrapper/dists/gradle-3.3-all/55gk2rcmfc6p2dg9u9ohc3hw9/gradle-3.3/lib/plugins/maven-model-3.0.4.jar
7fc6f1abe000-7fc6f1ac2000 r--s 00021000 08:07 1189159                    /home/chivu/.gradle/wrapper/dists/gradle-3.3-all/55gk2rcmfc6p2dg9u9ohc3hw9/gradle-3.3/lib/plugins/maven-model-builder-3.0.4.jar
7fc6f1ac2000-7fc6f1ac8000 r--s 0003f000 08:07 1189158                    /home/chivu/.gradle/wrapper/dists/gradle-3.3-all/55gk2rcmfc6p2dg9u9ohc3hw9/gradle-3.3/lib/plugins/maven-compat-3.0.4.jar
7fc6f1ac8000-7fc6f1ac9000 r--s 00006000 08:07 1189157                    /home/chivu/.gradle/wrapper/dists/gradle-3.3-all/55gk2rcmfc6p2dg9u9ohc3hw9/gradle-3.3/lib/plugins/plexus-sec-dispatcher-1.3.jar
7fc6f1ac9000-7fc6f1acb000 r--s 00002000 08:07 1189156                    /home/chivu/.gradle/wrapper/dists/gradle-3.3-all/55gk2rcmfc6p2dg9u9ohc3hw9/gradle-3.3/lib/plugins/plexus-cipher-1.7.jar
7fc6f1acb000-7fc6f1acd000 r--s 0000a000 08:07 1189155                    /home/chivu/.gradle/wrapper/dists/gradle-3.3-all/55gk2rcmfc6p2dg9u9ohc3hw9/gradle-3.3/lib/plugins/plexus-classworlds-2.4.jar
7fc6f1acd000-7fc6f1ad4000 r--s 0002e000 08:07 1189154                    /home/chivu/.gradle/wrapper/dists/gradle-3.3-all/55gk2rcmfc6p2dg9u9ohc3hw9/gradle-3.3/lib/plugins/plexus-container-default-1.5.5.jar
7fc6f1ad4000-7fc6f1ad6000 r--s 00000000 08:07 1189181                    /home/chivu/.gradle/wrapper/dists/gradle-3.3-all/55gk2rcmfc6p2dg9u9ohc3hw9/gradle-3.3/lib/plugins/plexus-component-annotations-1.5.5.jar
7fc6f1ad6000-7fc6f1ad8000 r--s 0000d000 08:07 1189153                    /home/chivu/.gradle/wrapper/dists/gradle-3.3-all/55gk2rcmfc6p2dg9u9ohc3hw9/gradle-3.3/lib/plugins/plexus-interpolation-1.14.jar
7fc6f1ad8000-7fc6f1adc000 r--s 00033000 08:07 1189152                    /home/chivu/.gradle/wrapper/dists/gradle-3.3-all/55gk2rcmfc6p2dg9u9ohc3hw9/gradle-3.3/lib/plugins/plexus-utils-2.0.6.jar
7fc6f1adc000-7fc6f1adf000 r--s 00008000 08:07 1189151                    /home/chivu/.gradle/wrapper/dists/gradle-3.3-all/55gk2rcmfc6p2dg9u9ohc3hw9/gradle-3.3/lib/plugins/maven-settings-builder-3.0.4.jar
7fc6f1adf000-7fc6f1ae4000 r--s 00040000 08:07 1189136                    /home/chivu/.gradle/wrapper/dists/gradle-3.3-all/55gk2rcmfc6p2dg9u9ohc3hw9/gradle-3.3/lib/plugins/jsch-0.1.53.jar
7fc6f1ae4000-7fc6f1b24000 r--s 00277000 08:07 1189146                    /home/chivu/.gradle/wrapper/dists/gradle-3.3-all/55gk2rcmfc6p2dg9u9ohc3hw9/gradle-3.3/lib/plugins/bcprov-jdk15on-1.51.jar
7fc6f1b24000-7fc6f1b30000 r--s 0007d000 08:07 1189123                    /home/chivu/.gradle/wrapper/dists/gradle-3.3-all/55gk2rcmfc6p2dg9u9ohc3hw9/gradle-3.3/lib/plugins/maven-core-3.0.4.jar
7fc6f1b30000-7fc6f1b4f000 r--s 000f6000 08:07 1189112                    /home/chivu/.gradle/wrapper/dists/gradle-3.3-all/55gk2rcmfc6p2dg9u9ohc3hw9/gradle-3.3/lib/plugins/gradle-dependency-management-3.3.jar
7fc6f1b4f000-7fc6f1b65000 r-xp 00000000 08:07 529479                     /lib/x86_64-linux-gnu/libgcc_s.so.1
7fc6f1b65000-7fc6f1d64000 ---p 00016000 08:07 529479                     /lib/x86_64-linux-gnu/libgcc_s.so.1
7fc6f1d64000-7fc6f1d65000 rw-p 00015000 08:07 529479                     /lib/x86_64-linux-gnu/libgcc_s.so.1
7fc6f1d65000-7fc6f1ed7000 r-xp 00000000 08:07 1312856                    /usr/lib/x86_64-linux-gnu/libstdc++.so.6.0.21
7fc6f1ed7000-7fc6f20d7000 ---p 00172000 08:07 1312856                    /usr/lib/x86_64-linux-gnu/libstdc++.so.6.0.21
7fc6f20d7000-7fc6f20e1000 r--p 00172000 08:07 1312856                    /usr/lib/x86_64-linux-gnu/libstdc++.so.6.0.21
7fc6f20e1000-7fc6f20e3000 rw-p 0017c000 08:07 1312856                    /usr/lib/x86_64-linux-gnu/libstdc++.so.6.0.21
7fc6f20e3000-7fc6f20e7000 rw-p 00000000 00:00 0 
7fc6f20e7000-7fc6f20e9000 r--s 0000a000 08:07 1189150                    /home/chivu/.gradle/wrapper/dists/gradle-3.3-all/55gk2rcmfc6p2dg9u9ohc3hw9/gradle-3.3/lib/plugins/maven-settings-3.0.4.jar
7fc6f20e9000-7fc6f20ed000 r--s 0001d000 08:07 1189145                    /home/chivu/.gradle/wrapper/dists/gradle-3.3-all/55gk2rcmfc6p2dg9u9ohc3hw9/gradle-3.3/lib/plugins/xbean-reflect-3.4.jar
7fc6f20ed000-7fc6f20f2000 r--s 00034000 08:07 1189129                    /home/chivu/.gradle/wrapper/dists/gradle-3.3-all/55gk2rcmfc6p2dg9u9ohc3hw9/gradle-3.3/lib/plugins/gson-2.7.jar
7fc6f20f2000-7fc6f2101000 r--s 000d9000 08:07 1189144                    /home/chivu/.gradle/wrapper/dists/gradle-3.3-all/55gk2rcmfc6p2dg9u9ohc3hw9/gradle-3.3/lib/plugins/ivy-2.2.0.jar
7fc6f2101000-7fc6f2103000 r--s 00005000 08:07 1189111                    /home/chivu/.gradle/wrapper/dists/gradle-3.3-all/55gk2rcmfc6p2dg9u9ohc3hw9/gradle-3.3/lib/plugins/gradle-workers-3.3.jar
7fc6f2103000-7fc6f2108000 r-xp 00000000 08:07 932602                     /home/chivu/.gradle/native/23/linux-amd64/libnative-platform.so
7fc6f2108000-7fc6f2307000 ---p 00005000 08:07 932602                     /home/chivu/.gradle/native/23/linux-amd64/libnative-platform.so
7fc6f2307000-7fc6f2308000 rw-p 00004000 08:07 932602                     /home/chivu/.gradle/native/23/linux-amd64/libnative-platform.so
7fc6f2308000-7fc6f2319000 r-xp 00000000 08:07 1201545                    /home/chivu/Downloads/android-studio-p/jre/jre/lib/amd64/libnio.so
7fc6f2319000-7fc6f2518000 ---p 00011000 08:07 1201545                    /home/chivu/Downloads/android-studio-p/jre/jre/lib/amd64/libnio.so
7fc6f2518000-7fc6f2519000 r--p 00010000 08:07 1201545                    /home/chivu/Downloads/android-studio-p/jre/jre/lib/amd64/libnio.so
7fc6f2519000-7fc6f251a000 rw-p 00011000 08:07 1201545                    /home/chivu/Downloads/android-studio-p/jre/jre/lib/amd64/libnio.so
7fc6f251a000-7fc6f281b000 rw-p 00000000 00:00 0 
7fc6f281b000-7fc6f2832000 r-xp 00000000 08:07 1201544                    /home/chivu/Downloads/android-studio-p/jre/jre/lib/amd64/libnet.so
7fc6f2832000-7fc6f2a31000 ---p 00017000 08:07 1201544                    /home/chivu/Downloads/android-studio-p/jre/jre/lib/amd64/libnet.so
7fc6f2a31000-7fc6f2a32000 r--p 00016000 08:07 1201544                    /home/chivu/Downloads/android-studio-p/jre/jre/lib/amd64/libnet.so
7fc6f2a32000-7fc6f2a33000 rw-p 00017000 08:07 1201544                    /home/chivu/Downloads/android-studio-p/jre/jre/lib/amd64/libnet.so
7fc6f2a33000-7fc6f2a40000 r--s 00041000 08:07 1189022                    /home/chivu/.gradle/wrapper/dists/gradle-3.3-all/55gk2rcmfc6p2dg9u9ohc3hw9/gradle-3.3/lib/gradle-tooling-api-3.3.jar
7fc6f2a40000-7fc6f2a42000 r--s 00002000 08:07 1189042                    /home/chivu/.gradle/wrapper/dists/gradle-3.3-all/55gk2rcmfc6p2dg9u9ohc3hw9/gradle-3.3/lib/gradle-open-api-3.3.jar
7fc6f2a42000-7fc6f2a48000 r--s 00032000 08:07 1189044                    /home/chivu/.gradle/wrapper/dists/gradle-3.3-all/55gk2rcmfc6p2dg9u9ohc3hw9/gradle-3.3/lib/jaxen-1.1.jar
7fc6f2a48000-7fc6f2a4d000 r--s 00048000 08:07 1189043                    /home/chivu/.gradle/wrapper/dists/gradle-3.3-all/55gk2rcmfc6p2dg9u9ohc3hw9/gradle-3.3/lib/dom4j-1.6.1.jar
7fc6f2a4d000-7fc6f2a81000 r--s 00256000 08:07 1189011                    /home/chivu/.gradle/wrapper/dists/gradle-3.3-all/55gk2rcmfc6p2dg9u9ohc3hw9/gradle-3.3/lib/kotlin-reflect-1.1-M02.jar
7fc6f2a81000-7fc6f2c17000 r--s 0157e000 08:07 1189010                    /home/chivu/.gradle/wrapper/dists/gradle-3.3-all/55gk2rcmfc6p2dg9u9ohc3hw9/gradle-3.3/lib/kotlin-compiler-embeddable-1.1-M02.jar
7fc6f2c17000-7fc6f2c18000 ---p 00000000 00:00 0 
7fc6f2c18000-7fc6f2d18000 rw-p 00000000 00:00 0 
7fc6f2d18000-7fc6f2d1b000 ---p 00000000 00:00 0 
7fc6f2d1b000-7fc6f2e19000 rw-p 00000000 00:00 0 
7fc6f2e19000-7fc6f2e1c000 ---p 00000000 00:00 0 
7fc6f2e1c000-7fc6f2f1a000 rw-p 00000000 00:00 0 
7fc6f2f1a000-7fc6f2f1d000 ---p 00000000 00:00 0 
7fc6f2f1d000-7fc6f301b000 rw-p 00000000 00:00 0 
7fc6f301b000-7fc6f301e000 ---p 00000000 00:00 0 
7fc6f301e000-7fc6f311c000 rw-p 00000000 00:00 0 
7fc6f311c000-7fc6f311f000 ---p 00000000 00:00 0 
7fc6f311f000-7fc6f321d000 rw-p 00000000 00:00 0 
7fc6f321d000-7fc6f34f5000 r--p 00000000 08:07 1311727                    /usr/lib/locale/locale-archive
7fc6f34f5000-7fc6f34f8000 ---p 00000000 00:00 0 
7fc6f34f8000-7fc6f35f6000 rw-p 00000000 00:00 0 
7fc6f35f6000-7fc6f35f9000 ---p 00000000 00:00 0 
7fc6f35f9000-7fc6f36f7000 rw-p 00000000 00:00 0 
7fc6f36f7000-7fc6f36f8000 ---p 00000000 00:00 0 
7fc6f36f8000-7fc6f4000000 rw-p 00000000 00:00 0 
7fc6f4000000-7fc6f404a000 rw-p 00000000 00:00 0 
7fc6f404a000-7fc6f8000000 ---p 00000000 00:00 0 
7fc6f8000000-7fc6f8001000 r--s 00006000 08:07 1189015                    /home/chivu/.gradle/wrapper/dists/gradle-3.3-all/55gk2rcmfc6p2dg9u9ohc3hw9/gradle-3.3/lib/gradle-wrapper-3.3.jar
7fc6f8001000-7fc6f800c000 r--s 00059000 08:07 1189021                    /home/chivu/.gradle/wrapper/dists/gradle-3.3-all/55gk2rcmfc6p2dg9u9ohc3hw9/gradle-3.3/lib/gradle-ui-3.3.jar
7fc6f800c000-7fc6f8015000 r--s 0008c000 08:07 1189013                    /home/chivu/.gradle/wrapper/dists/gradle-3.3-all/55gk2rcmfc6p2dg9u9ohc3hw9/gradle-3.3/lib/kotlin-stdlib-1.1-M02.jar
7fc6f8015000-7fc6f801b000 r--s 0002a000 08:07 1189012                    /home/chivu/.gradle/wrapper/dists/gradle-3.3-all/55gk2rcmfc6p2dg9u9ohc3hw9/gradle-3.3/lib/kotlin-runtime-1.1-M02.jar
7fc6f801b000-7fc6f8023000 r--s 0004e000 08:07 1189009                    /home/chivu/.gradle/wrapper/dists/gradle-3.3-all/55gk2rcmfc6p2dg9u9ohc3hw9/gradle-3.3/lib/gradle-script-kotlin-0.5.1.jar
7fc6f8023000-7fc6f8026000 r--s 0000b000 08:07 1189040                    /home/chivu/.gradle/wrapper/dists/gradle-3.3-all/55gk2rcmfc6p2dg9u9ohc3hw9/gradle-3.3/lib/gradle-resources-3.3.jar
7fc6f8026000-7fc6f8028000 r--s 00003000 08:07 1189049                    /home/chivu/.gradle/wrapper/dists/gradle-3.3-all/55gk2rcmfc6p2dg9u9ohc3hw9/gradle-3.3/lib/jcl-over-slf4j-1.7.10.jar
7fc6f8028000-7fc6f8029000 r--s 00005000 08:07 1189048                    /home/chivu/.gradle/wrapper/dists/gradle-3.3-all/55gk2rcmfc6p2dg9u9ohc3hw9/gradle-3.3/lib/log4j-over-slf4j-1.7.10.jar
7fc6f8029000-7fc6f802b000 r--s 00000000 08:07 1189047                    /home/chivu/.gradle/wrapper/dists/gradle-3.3-all/55gk2rcmfc6p2dg9u9ohc3hw9/gradle-3.3/lib/jul-to-slf4j-1.7.10.jar
7fc6f802b000-7fc6f8030000 r--s 0001e000 08:07 1189024                    /home/chivu/.gradle/wrapper/dists/gradle-3.3-all/55gk2rcmfc6p2dg9u9ohc3hw9/gradle-3.3/lib/gradle-logging-3.3.jar
7fc6f8030000-7fc6f8032000 r--s 00007000 08:07 1189068                    /home/chivu/.gradle/wrapper/dists/gradle-3.3-all/55gk2rcmfc6p2dg9u9ohc3hw9/gradle-3.3/lib/objenesis-1.2.jar
7fc6f8032000-7fc6f8034000 r--s 00000000 08:07 1189067                    /home/chivu/.gradle/wrapper/dists/gradle-3.3-all/55gk2rcmfc6p2dg9u9ohc3hw9/gradle-3.3/lib/minlog-1.2.jar
7fc6f8034000-7fc6f8036000 r--s 0000f000 08:07 1189066                    /home/chivu/.gradle/wrapper/dists/gradle-3.3-all/55gk2rcmfc6p2dg9u9ohc3hw9/gradle-3.3/lib/reflectasm-1.07-shaded.jar
7fc6f8036000-7fc6f803a000 r--s 00026000 08:07 1189051                    /home/chivu/.gradle/wrapper/dists/gradle-3.3-all/55gk2rcmfc6p2dg9u9ohc3hw9/gradle-3.3/lib/kryo-2.20.jar
7fc6f803a000-7fc6f8040000 r--s 00027000 08:07 1189039                    /home/chivu/.gradle/wrapper/dists/gradle-3.3-all/55gk2rcmfc6p2dg9u9ohc3hw9/gradle-3.3/lib/gradle-messaging-3.3.jar
7fc6f8040000-7fc6f8041000 r--s 00001000 08:07 1189065                    /home/chivu/.gradle/wrapper/dists/gradle-3.3-all/55gk2rcmfc6p2dg9u9ohc3hw9/gradle-3.3/lib/native-platform-linux-i386-ncurses6-0.12.jar
7fc6f8041000-7fc6f8042000 r--s 00001000 08:07 1189064                    /home/chivu/.gradle/wrapper/dists/gradle-3.3-all/55gk2rcmfc6p2dg9u9ohc3hw9/gradle-3.3/lib/native-platform-linux-i386-ncurses5-0.12.jar
7fc6f8042000-7fc6f8043000 r--s 00001000 08:07 1189063                    /home/chivu/.gradle/wrapper/dists/gradle-3.3-all/55gk2rcmfc6p2dg9u9ohc3hw9/gradle-3.3/lib/native-platform-linux-amd64-ncurses6-0.12.jar
7fc6f8043000-7fc6f8044000 r--s 00001000 08:07 1189062                    /home/chivu/.gradle/wrapper/dists/gradle-3.3-all/55gk2rcmfc6p2dg9u9ohc3hw9/gradle-3.3/lib/native-platform-linux-amd64-ncurses5-0.12.jar
7fc6f8044000-7fc6f8045000 r--s 0000b000 08:07 1189061                    /home/chivu/.gradle/wrapper/dists/gradle-3.3-all/55gk2rcmfc6p2dg9u9ohc3hw9/gradle-3.3/lib/native-platform-windows-i386-0.12.jar
7fc6f8045000-7fc6f8047000 r--s 0000b000 08:07 1189060                    /home/chivu/.gradle/wrapper/dists/gradle-3.3-all/55gk2rcmfc6p2dg9u9ohc3hw9/gradle-3.3/lib/native-platform-windows-amd64-0.12.jar
7fc6f8047000-7fc6f8049000 r--s 00002000 08:07 1189059                    /home/chivu/.gradle/wrapper/dists/gradle-3.3-all/55gk2rcmfc6p2dg9u9ohc3hw9/gradle-3.3/lib/native-platform-osx-i386-0.12.jar
7fc6f8049000-7fc6f804a000 r--s 00002000 08:07 1189058                    /home/chivu/.gradle/wrapper/dists/gradle-3.3-all/55gk2rcmfc6p2dg9u9ohc3hw9/gradle-3.3/lib/native-platform-osx-amd64-0.12.jar
7fc6f804a000-7fc6f804b000 r--s 00002000 08:07 1189057                    /home/chivu/.gradle/wrapper/dists/gradle-3.3-all/55gk2rcmfc6p2dg9u9ohc3hw9/gradle-3.3/lib/native-platform-linux-i386-0.12.jar
7fc6f804b000-7fc6f804c000 r--s 00002000 08:07 1189056                    /home/chivu/.gradle/wrapper/dists/gradle-3.3-all/55gk2rcmfc6p2dg9u9ohc3hw9/gradle-3.3/lib/native-platform-linux-amd64-0.12.jar
7fc6f804c000-7fc6f804d000 r--s 00003000 08:07 1189055                    /home/chivu/.gradle/wrapper/dists/gradle-3.3-all/55gk2rcmfc6p2dg9u9ohc3hw9/gradle-3.3/lib/native-platform-freebsd-i386-libstdcpp-0.12.jar
7fc6f804d000-7fc6f804f000 r--s 00003000 08:07 1189053                    /home/chivu/.gradle/wrapper/dists/gradle-3.3-all/55gk2rcmfc6p2dg9u9ohc3hw9/gradle-3.3/lib/native-platform-freebsd-amd64-libstdcpp-0.12.jar
7fc6f804f000-7fc6f8052000 r--s 00023000 08:07 1189046                    /home/chivu/.gradle/wrapper/dists/gradle-3.3-all/55gk2rcmfc6p2dg9u9ohc3hw9/gradle-3.3/lib/jansi-1.14.jar
7fc6f8052000-7fc6f8061000 r--s 0007f000 08:07 1189030                    /home/chivu/.gradle/wrapper/dists/gradle-3.3-all/55gk2rcmfc6p2dg9u9ohc3hw9/gradle-3.3/lib/gradle-model-core-3.3.jar
7fc6f8061000-7fc6f80d1000 r--s 00641000 08:07 1189029                    /home/chivu/.gradle/wrapper/dists/gradle-3.3-all/55gk2rcmfc6p2dg9u9ohc3hw9/gradle-3.3/lib/groovy-all-2.4.7.jar
7fc6f80d1000-7fc6f80f9000 r--s 001cf000 08:07 1189026                    /home/chivu/.gradle/wrapper/dists/gradle-3.3-all/55gk2rcmfc6p2dg9u9ohc3hw9/gradle-3.3/lib/guava-jdk5-17.0.jar
7fc6f80f9000-7fc6fc000000 rw-p 00000000 00:00 0 
7fc6fc000000-7fc6fc03d000 rw-p 00000000 00:00 0 
7fc6fc03d000-7fc700000000 ---p 00000000 00:00 0 
7fc700000000-7fc700001000 r--s 00004000 08:07 1189054                    /home/chivu/.gradle/wrapper/dists/gradle-3.3-all/55gk2rcmfc6p2dg9u9ohc3hw9/gradle-3.3/lib/native-platform-freebsd-i386-libcpp-0.12.jar
7fc700001000-7fc700005000 r--s 00011000 08:07 1189045                    /home/chivu/.gradle/wrapper/dists/gradle-3.3-all/55gk2rcmfc6p2dg9u9ohc3hw9/gradle-3.3/lib/native-platform-0.12.jar
7fc700005000-7fc700008000 r--s 0000a000 08:07 1189023                    /home/chivu/.gradle/wrapper/dists/gradle-3.3-all/55gk2rcmfc6p2dg9u9ohc3hw9/gradle-3.3/lib/gradle-native-3.3.jar
7fc700008000-7fc70000a000 r--s 00005000 08:07 1189020                    /home/chivu/.gradle/wrapper/dists/gradle-3.3-all/55gk2rcmfc6p2dg9u9ohc3hw9/gradle-3.3/lib/gradle-cli-3.3.jar
7fc70000a000-7fc700017000 r--s 00083000 08:07 1189034                    /home/chivu/.gradle/wrapper/dists/gradle-3.3-all/55gk2rcmfc6p2dg9u9ohc3hw9/gradle-3.3/lib/commons-collections-3.2.2.jar
7fc700017000-7fc700036000 r--s 001d1000 08:07 1189033                    /home/chivu/.gradle/wrapper/dists/gradle-3.3-all/55gk2rcmfc6p2dg9u9ohc3hw9/gradle-3.3/lib/ant-1.9.6.jar
7fc700036000-7fc700073000 r--s 001f8000 08:07 1189019                    /home/chivu/.gradle/wrapper/dists/gradle-3.3-all/55gk2rcmfc6p2dg9u9ohc3hw9/gradle-3.3/lib/gradle-core-3.3.jar
7fc700073000-7fc7000f7000 rw-p 00000000 00:00 0 
7fc7000f7000-7fc7002c6000 r--s 03c1b000 08:07 1201515                    /home/chivu/Downloads/android-studio-p/jre/jre/lib/rt.jar
7fc7002c6000-7fc70063c000 rw-p 00000000 00:00 0 
7fc70063c000-7fc70063d000 ---p 00000000 00:00 0 
7fc70063d000-7fc70073d000 rw-p 00000000 00:00 0 
7fc70073d000-7fc70073e000 ---p 00000000 00:00 0 
7fc70073e000-7fc70083e000 rw-p 00000000 00:00 0 
7fc70083e000-7fc70083f000 ---p 00000000 00:00 0 
7fc70083f000-7fc70093f000 rw-p 00000000 00:00 0 
7fc70093f000-7fc700940000 ---p 00000000 00:00 0 
7fc700940000-7fc700acc000 rw-p 00000000 00:00 0 
7fc700acc000-7fc700c40000 ---p 00000000 00:00 0 
7fc700c40000-7fc700cdf000 rw-p 00000000 00:00 0 
7fc700cdf000-7fc701000000 ---p 00000000 00:00 0 
7fc701000000-7fc703790000 rwxp 00000000 00:00 0 
7fc703790000-7fc710000000 ---p 00000000 00:00 0 
7fc710000000-7fc710cca000 rw-p 00000000 00:00 0 
7fc710cca000-7fc714000000 ---p 00000000 00:00 0 
7fc714000000-7fc714001000 r--s 00004000 08:07 1189052                    /home/chivu/.gradle/wrapper/dists/gradle-3.3-all/55gk2rcmfc6p2dg9u9ohc3hw9/gradle-3.3/lib/native-platform-freebsd-amd64-libcpp-0.12.jar
7fc714001000-7fc714003000 r--s 00007000 08:07 1189031                    /home/chivu/.gradle/wrapper/dists/gradle-3.3-all/55gk2rcmfc6p2dg9u9ohc3hw9/gradle-3.3/lib/gradle-model-groovy-3.3.jar
7fc714003000-7fc714005000 r--s 00006000 08:07 1189038                    /home/chivu/.gradle/wrapper/dists/gradle-3.3-all/55gk2rcmfc6p2dg9u9ohc3hw9/gradle-3.3/lib/gradle-base-services-groovy-3.3.jar
7fc714005000-7fc714006000 r--s 00002000 08:07 1189041                    /home/chivu/.gradle/wrapper/dists/gradle-3.3-all/55gk2rcmfc6p2dg9u9ohc3hw9/gradle-3.3/lib/gradle-docs-3.3.jar
7fc714006000-7fc7140e0000 rw-p 00000000 00:00 0 
7fc7140e0000-7fc714254000 ---p 00000000 00:00 0 
7fc714254000-7fc71431d000 rw-p 00000000 00:00 0 
7fc71431d000-7fc714354000 ---p 00000000 00:00 0 
7fc714354000-7fc714355000 rw-p 00000000 00:00 0 
7fc714355000-7fc71436f000 r-xp 00000000 08:07 1201530                    /home/chivu/Downloads/android-studio-p/jre/jre/lib/amd64/libzip.so
7fc71436f000-7fc71456f000 ---p 0001a000 08:07 1201530                    /home/chivu/Downloads/android-studio-p/jre/jre/lib/amd64/libzip.so
7fc71456f000-7fc714570000 r--p 0001a000 08:07 1201530                    /home/chivu/Downloads/android-studio-p/jre/jre/lib/amd64/libzip.so
7fc714570000-7fc714571000 rw-p 0001b000 08:07 1201530                    /home/chivu/Downloads/android-studio-p/jre/jre/lib/amd64/libzip.so
7fc714571000-7fc71457c000 r-xp 00000000 08:07 541944                     /lib/x86_64-linux-gnu/libnss_files-2.23.so
7fc71457c000-7fc71477b000 ---p 0000b000 08:07 541944                     /lib/x86_64-linux-gnu/libnss_files-2.23.so
7fc71477b000-7fc71477c000 r--p 0000a000 08:07 541944                     /lib/x86_64-linux-gnu/libnss_files-2.23.so
7fc71477c000-7fc71477d000 rw-p 0000b000 08:07 541944                     /lib/x86_64-linux-gnu/libnss_files-2.23.so
7fc71477d000-7fc714783000 rw-p 00000000 00:00 0 
7fc714783000-7fc71478e000 r-xp 00000000 08:07 541937                     /lib/x86_64-linux-gnu/libnss_nis-2.23.so
7fc71478e000-7fc71498d000 ---p 0000b000 08:07 541937                     /lib/x86_64-linux-gnu/libnss_nis-2.23.so
7fc71498d000-7fc71498e000 r--p 0000a000 08:07 541937                     /lib/x86_64-linux-gnu/libnss_nis-2.23.so
7fc71498e000-7fc71498f000 rw-p 0000b000 08:07 541937                     /lib/x86_64-linux-gnu/libnss_nis-2.23.so
7fc71498f000-7fc7149a5000 r-xp 00000000 08:07 541939                     /lib/x86_64-linux-gnu/libnsl-2.23.so
7fc7149a5000-7fc714ba4000 ---p 00016000 08:07 541939                     /lib/x86_64-linux-gnu/libnsl-2.23.so
7fc714ba4000-7fc714ba5000 r--p 00015000 08:07 541939                     /lib/x86_64-linux-gnu/libnsl-2.23.so
7fc714ba5000-7fc714ba6000 rw-p 00016000 08:07 541939                     /lib/x86_64-linux-gnu/libnsl-2.23.so
7fc714ba6000-7fc714ba8000 rw-p 00000000 00:00 0 
7fc714ba8000-7fc714bb0000 r-xp 00000000 08:07 541946                     /lib/x86_64-linux-gnu/libnss_compat-2.23.so
7fc714bb0000-7fc714daf000 ---p 00008000 08:07 541946                     /lib/x86_64-linux-gnu/libnss_compat-2.23.so
7fc714daf000-7fc714db0000 r--p 00007000 08:07 541946                     /lib/x86_64-linux-gnu/libnss_compat-2.23.so
7fc714db0000-7fc714db1000 rw-p 00008000 08:07 541946                     /lib/x86_64-linux-gnu/libnss_compat-2.23.so
7fc714db1000-7fc714dde000 r-xp 00000000 08:07 1201547                    /home/chivu/Downloads/android-studio-p/jre/jre/lib/amd64/libjava.so
7fc714dde000-7fc714fdd000 ---p 0002d000 08:07 1201547                    /home/chivu/Downloads/android-studio-p/jre/jre/lib/amd64/libjava.so
7fc714fdd000-7fc714fde000 r--p 0002c000 08:07 1201547                    /home/chivu/Downloads/android-studio-p/jre/jre/lib/amd64/libjava.so
7fc714fde000-7fc714fe0000 rw-p 0002d000 08:07 1201547                    /home/chivu/Downloads/android-studio-p/jre/jre/lib/amd64/libjava.so
7fc714fe0000-7fc714ff0000 r-xp 00000000 08:07 1201520                    /home/chivu/Downloads/android-studio-p/jre/jre/lib/amd64/libverify.so
7fc714ff0000-7fc7151ef000 ---p 00010000 08:07 1201520                    /home/chivu/Downloads/android-studio-p/jre/jre/lib/amd64/libverify.so
7fc7151ef000-7fc7151f1000 r--p 0000f000 08:07 1201520                    /home/chivu/Downloads/android-studio-p/jre/jre/lib/amd64/libverify.so
7fc7151f1000-7fc7151f2000 rw-p 00011000 08:07 1201520                    /home/chivu/Downloads/android-studio-p/jre/jre/lib/amd64/libverify.so
7fc7151f2000-7fc7151f9000 r-xp 00000000 08:07 541947                     /lib/x86_64-linux-gnu/librt-2.23.so
7fc7151f9000-7fc7153f8000 ---p 00007000 08:07 541947                     /lib/x86_64-linux-gnu/librt-2.23.so
7fc7153f8000-7fc7153f9000 r--p 00006000 08:07 541947                     /lib/x86_64-linux-gnu/librt-2.23.so
7fc7153f9000-7fc7153fa000 rw-p 00007000 08:07 541947                     /lib/x86_64-linux-gnu/librt-2.23.so
7fc7153fa000-7fc715502000 r-xp 00000000 08:07 541938                     /lib/x86_64-linux-gnu/libm-2.23.so
7fc715502000-7fc715701000 ---p 00108000 08:07 541938                     /lib/x86_64-linux-gnu/libm-2.23.so
7fc715701000-7fc715702000 r--p 00107000 08:07 541938                     /lib/x86_64-linux-gnu/libm-2.23.so
7fc715702000-7fc715703000 rw-p 00108000 08:07 541938                     /lib/x86_64-linux-gnu/libm-2.23.so
7fc715703000-7fc7162f4000 r-xp 00000000 08:07 1201528                    /home/chivu/Downloads/android-studio-p/jre/jre/lib/amd64/server/libjvm.so
7fc7162f4000-7fc7164f4000 ---p 00bf1000 08:07 1201528                    /home/chivu/Downloads/android-studio-p/jre/jre/lib/amd64/server/libjvm.so
7fc7164f4000-7fc716593000 r--p 00bf1000 08:07 1201528                    /home/chivu/Downloads/android-studio-p/jre/jre/lib/amd64/server/libjvm.so
7fc716593000-7fc7165bc000 rw-p 00c90000 08:07 1201528                    /home/chivu/Downloads/android-studio-p/jre/jre/lib/amd64/server/libjvm.so
7fc7165bc000-7fc716600000 rw-p 00000000 00:00 0 
7fc716600000-7fc716618000 r-xp 00000000 08:07 541951                     /lib/x86_64-linux-gnu/libpthread-2.23.so
7fc716618000-7fc716817000 ---p 00018000 08:07 541951                     /lib/x86_64-linux-gnu/libpthread-2.23.so
7fc716817000-7fc716818000 r--p 00017000 08:07 541951                     /lib/x86_64-linux-gnu/libpthread-2.23.so
7fc716818000-7fc716819000 rw-p 00018000 08:07 541951                     /lib/x86_64-linux-gnu/libpthread-2.23.so
7fc716819000-7fc71681d000 rw-p 00000000 00:00 0 
7fc71681d000-7fc716820000 r-xp 00000000 08:07 541936                     /lib/x86_64-linux-gnu/libdl-2.23.so
7fc716820000-7fc716a1f000 ---p 00003000 08:07 541936                     /lib/x86_64-linux-gnu/libdl-2.23.so
7fc716a1f000-7fc716a20000 r--p 00002000 08:07 541936                     /lib/x86_64-linux-gnu/libdl-2.23.so
7fc716a20000-7fc716a21000 rw-p 00003000 08:07 541936                     /lib/x86_64-linux-gnu/libdl-2.23.so
7fc716a21000-7fc716be0000 r-xp 00000000 08:07 541940                     /lib/x86_64-linux-gnu/libc-2.23.so
7fc716be0000-7fc716de0000 ---p 001bf000 08:07 541940                     /lib/x86_64-linux-gnu/libc-2.23.so
7fc716de0000-7fc716de4000 r--p 001bf000 08:07 541940                     /lib/x86_64-linux-gnu/libc-2.23.so
7fc716de4000-7fc716de6000 rw-p 001c3000 08:07 541940                     /lib/x86_64-linux-gnu/libc-2.23.so
7fc716de6000-7fc716dea000 rw-p 00000000 00:00 0 
7fc716dea000-7fc716e00000 r-xp 00000000 08:07 1201477                    /home/chivu/Downloads/android-studio-p/jre/lib/amd64/jli/libjli.so
7fc716e00000-7fc716fff000 ---p 00016000 08:07 1201477                    /home/chivu/Downloads/android-studio-p/jre/lib/amd64/jli/libjli.so
7fc716fff000-7fc717000000 r--p 00015000 08:07 1201477                    /home/chivu/Downloads/android-studio-p/jre/lib/amd64/jli/libjli.so
7fc717000000-7fc717001000 rw-p 00016000 08:07 1201477                    /home/chivu/Downloads/android-studio-p/jre/lib/amd64/jli/libjli.so
7fc717001000-7fc717027000 r-xp 00000000 08:07 541941                     /lib/x86_64-linux-gnu/ld-2.23.so
7fc717027000-7fc717028000 r--s 00000000 08:07 1189037                    /home/chivu/.gradle/wrapper/dists/gradle-3.3-all/55gk2rcmfc6p2dg9u9ohc3hw9/gradle-3.3/lib/javax.inject-1.jar
7fc717028000-7fc717029000 r--s 00000000 08:07 1189036                    /home/chivu/.gradle/wrapper/dists/gradle-3.3-all/55gk2rcmfc6p2dg9u9ohc3hw9/gradle-3.3/lib/jcip-annotations-1.0.jar
7fc717029000-7fc71702d000 r--s 00027000 08:07 1189035                    /home/chivu/.gradle/wrapper/dists/gradle-3.3-all/55gk2rcmfc6p2dg9u9ohc3hw9/gradle-3.3/lib/commons-io-2.2.jar
7fc71702d000-7fc717032000 r--s 00038000 08:07 1189032                    /home/chivu/.gradle/wrapper/dists/gradle-3.3-all/55gk2rcmfc6p2dg9u9ohc3hw9/gradle-3.3/lib/asm-all-5.1.jar
7fc717032000-7fc717033000 r--s 00001000 08:07 1189028                    /home/chivu/.gradle/wrapper/dists/gradle-3.3-all/55gk2rcmfc6p2dg9u9ohc3hw9/gradle-3.3/lib/gradle-process-services-3.3.jar
7fc717033000-7fc717038000 r--s 00041000 08:07 1189027                    /home/chivu/.gradle/wrapper/dists/gradle-3.3-all/55gk2rcmfc6p2dg9u9ohc3hw9/gradle-3.3/lib/commons-lang-2.6.jar
7fc717038000-7fc717041000 r--s 00042000 08:07 1189017                    /home/chivu/.gradle/wrapper/dists/gradle-3.3-all/55gk2rcmfc6p2dg9u9ohc3hw9/gradle-3.3/lib/gradle-base-services-3.3.jar
7fc717041000-7fc717103000 rw-p 00000000 00:00 0 
7fc717103000-7fc717106000 ---p 00000000 00:00 0 
7fc717106000-7fc717208000 rw-p 00000000 00:00 0 
7fc717208000-7fc71720a000 r--s 00000000 08:07 1189018                    /home/chivu/.gradle/wrapper/dists/gradle-3.3-all/55gk2rcmfc6p2dg9u9ohc3hw9/gradle-3.3/lib/gradle-jvm-services-3.3.jar
7fc71720a000-7fc71720b000 r--s 00000000 08:07 1189183                    /home/chivu/.gradle/wrapper/dists/gradle-3.3-all/55gk2rcmfc6p2dg9u9ohc3hw9/gradle-3.3/lib/gradle-version-info-3.3.jar
7fc71720b000-7fc71720c000 r--s 00007000 08:07 1189025                    /home/chivu/.gradle/wrapper/dists/gradle-3.3-all/55gk2rcmfc6p2dg9u9ohc3hw9/gradle-3.3/lib/slf4j-api-1.7.10.jar
7fc71720c000-7fc71720d000 r--s 00004000 08:07 1189050                    /home/chivu/.gradle/wrapper/dists/gradle-3.3-all/55gk2rcmfc6p2dg9u9ohc3hw9/gradle-3.3/lib/ant-launcher-1.9.6.jar
7fc71720d000-7fc71721a000 r--s 0005c000 08:07 1189014                    /home/chivu/.gradle/wrapper/dists/gradle-3.3-all/55gk2rcmfc6p2dg9u9ohc3hw9/gradle-3.3/lib/gradle-launcher-3.3.jar
7fc71721a000-7fc717222000 rw-s 00000000 08:07 266471                     /tmp/hsperfdata_chivu/4383
7fc717222000-7fc717223000 rw-p 00000000 00:00 0 
7fc717223000-7fc717224000 ---p 00000000 00:00 0 
7fc717224000-7fc717226000 rw-p 00000000 00:00 0 
7fc717226000-7fc717227000 r--p 00025000 08:07 541941                     /lib/x86_64-linux-gnu/ld-2.23.so
7fc717227000-7fc717228000 rw-p 00026000 08:07 541941                     /lib/x86_64-linux-gnu/ld-2.23.so
7fc717228000-7fc717229000 rw-p 00000000 00:00 0 
7ffc23357000-7ffc23378000 rw-p 00000000 00:00 0                          [stack]
7ffc233d9000-7ffc233db000 r--p 00000000 00:00 0                          [vvar]
7ffc233db000-7ffc233dd000 r-xp 00000000 00:00 0                          [vdso]
ffffffffff600000-ffffffffff601000 r-xp 00000000 00:00 0                  [vsyscall]

VM Arguments:
jvm_args: -Xmx1536m -Dfile.encoding=UTF-8 -Duser.country=IN -Duser.language=en -Duser.variant 
java_command: org.gradle.launcher.daemon.bootstrap.GradleDaemon 3.3
java_class_path (initial): /home/chivu/.gradle/wrapper/dists/gradle-3.3-all/55gk2rcmfc6p2dg9u9ohc3hw9/gradle-3.3/lib/gradle-launcher-3.3.jar
Launcher Type: SUN_STANDARD

Environment Variables:
JAVA_HOME=/usr/lib/jvm/java-8-oracle
PATH=/home/chivu/bin:/home/chivu/.local/bin:/usr/local/sbin:/usr/local/bin:/usr/sbin:/usr/bin:/sbin:/bin:/usr/games:/usr/local/games:/snap/bin:/usr/lib/jvm/java-8-oracle/bin:/usr/lib/jvm/java-8-oracle/db/bin:/usr/lib/jvm/java-8-oracle/jre/bin
LD_LIBRARY_PATH=/home/chivu/Downloads/android-studio-p/bin:
SHELL=/bin/bash
DISPLAY=:0

Signal Handlers:
SIGSEGV: [libjvm.so+0x9e5150], sa_mask[0]=11111111011111111101111111111110, sa_flags=SA_RESTART|SA_SIGINFO
SIGBUS: [libjvm.so+0x9e5150], sa_mask[0]=11111111011111111101111111111110, sa_flags=SA_RESTART|SA_SIGINFO
SIGFPE: [libjvm.so+0x848450], sa_mask[0]=11111111011111111101111111111110, sa_flags=SA_RESTART|SA_SIGINFO
SIGPIPE: [libjvm.so+0x848450], sa_mask[0]=11111111011111111101111111111110, sa_flags=SA_RESTART|SA_SIGINFO
SIGXFSZ: [libjvm.so+0x848450], sa_mask[0]=11111111011111111101111111111110, sa_flags=SA_RESTART|SA_SIGINFO
SIGILL: [libjvm.so+0x848450], sa_mask[0]=11111111011111111101111111111110, sa_flags=SA_RESTART|SA_SIGINFO
SIGUSR1: SIG_DFL, sa_mask[0]=00000000000000000000000000000000, sa_flags=none
SIGUSR2: [libjvm.so+0x848320], sa_mask[0]=00100000000000000000000000000000, sa_flags=SA_RESTART|SA_SIGINFO
SIGHUP: [libjvm.so+0x848510], sa_mask[0]=11111111011111111101111111111110, sa_flags=SA_RESTART|SA_SIGINFO
SIGINT: [libjvm.so+0x848510], sa_mask[0]=11111111011111111101111111111110, sa_flags=SA_RESTART|SA_SIGINFO
SIGTERM: [libjvm.so+0x848510], sa_mask[0]=11111111011111111101111111111110, sa_flags=SA_RESTART|SA_SIGINFO
SIGQUIT: [libjvm.so+0x848510], sa_mask[0]=11111111011111111101111111111110, sa_flags=SA_RESTART|SA_SIGINFO


---------------  S Y S T E M  ---------------

OS:DISTRIB_ID=Ubuntu
DISTRIB_RELEASE=16.04
DISTRIB_CODENAME=xenial
DISTRIB_DESCRIPTION="Ubuntu 16.04.2 LTS"

uname:Linux 4.4.0-79-generic #100-Ubuntu SMP Wed May 17 19:58:14 UTC 2017 x86_64
libc:glibc 2.23 NPTL 2.23 
rlimit: STACK 8192k, CORE 0k, NPROC 15361, NOFILE 65536, AS infinity
load average:3.96 2.38 2.20

/proc/meminfo:
MemTotal:        3972820 kB
MemFree:          115484 kB
MemAvailable:      54028 kB
Buffers:            5068 kB
Cached:           258532 kB
SwapCached:          464 kB
Active:          2784296 kB
Inactive:         904940 kB
Active(anon):    2744180 kB
Inactive(anon):   868776 kB
Active(file):      40116 kB
Inactive(file):    36164 kB
Unevictable:         136 kB
Mlocked:             136 kB
SwapTotal:          1020 kB
SwapFree:              0 kB
Dirty:              6428 kB
Writeback:             0 kB
AnonPages:       3425556 kB
Mapped:           102388 kB
Shmem:            187132 kB
Slab:              80640 kB
SReclaimable:      45812 kB
SUnreclaim:        34828 kB
KernelStack:        9776 kB
PageTables:        35500 kB
NFS_Unstable:          0 kB
Bounce:                0 kB
WritebackTmp:          0 kB
CommitLimit:     1987428 kB
Committed_AS:    7298396 kB
VmallocTotal:   34359738367 kB
VmallocUsed:           0 kB
VmallocChunk:          0 kB
HardwareCorrupted:     0 kB
AnonHugePages:   1452032 kB
CmaTotal:              0 kB
CmaFree:               0 kB
HugePages_Total:       0
HugePages_Free:        0
HugePages_Rsvd:        0
HugePages_Surp:        0
Hugepagesize:       2048 kB
DirectMap4k:      131840 kB
DirectMap2M:     2940928 kB
DirectMap1G:     2097152 kB


CPU:total 4 (2 cores per cpu, 2 threads per core) family 6 model 69 stepping 1, cmov, cx8, fxsr, mmx, sse, sse2, sse3, ssse3, sse4.1, sse4.2, popcnt, avx, avx2, aes, clmul, erms, lzcnt, ht, tsc, tscinvbit, bmi1, bmi2

/proc/cpuinfo:
processor	: 0
vendor_id	: GenuineIntel
cpu family	: 6
model		: 69
model name	: Intel(R) Core(TM) i3-4030U CPU @ 1.90GHz
stepping	: 1
microcode	: 0x1d
cpu MHz		: 1800.027
cache size	: 3072 KB
physical id	: 0
siblings	: 4
core id		: 0
cpu cores	: 2
apicid		: 0
initial apicid	: 0
fpu		: yes
fpu_exception	: yes
cpuid level	: 13
wp		: yes
flags		: fpu vme de pse tsc msr pae mce cx8 apic sep mtrr pge mca cmov pat pse36 clflush dts acpi mmx fxsr sse sse2 ss ht tm pbe syscall nx pdpe1gb rdtscp lm constant_tsc arch_perfmon pebs bts rep_good nopl xtopology nonstop_tsc aperfmperf eagerfpu pni pclmulqdq dtes64 monitor ds_cpl vmx est tm2 ssse3 sdbg fma cx16 xtpr pdcm pcid sse4_1 sse4_2 x2apic movbe popcnt tsc_deadline_timer aes xsave avx f16c rdrand lahf_lm abm epb tpr_shadow vnmi flexpriority ept vpid fsgsbase tsc_adjust bmi1 avx2 smep bmi2 erms invpcid xsaveopt dtherm arat pln pts
bugs		:
bogomips	: 3791.30
clflush size	: 64
cache_alignment	: 64
address sizes	: 39 bits physical, 48 bits virtual
power management:

processor	: 1
vendor_id	: GenuineIntel
cpu family	: 6
model		: 69
model name	: Intel(R) Core(TM) i3-4030U CPU @ 1.90GHz
stepping	: 1
microcode	: 0x1d
cpu MHz		: 1799.953
cache size	: 3072 KB
physical id	: 0
siblings	: 4
core id		: 0
cpu cores	: 2
apicid		: 1
initial apicid	: 1
fpu		: yes
fpu_exception	: yes
cpuid level	: 13
wp		: yes
flags		: fpu vme de pse tsc msr pae mce cx8 apic sep mtrr pge mca cmov pat pse36 clflush dts acpi mmx fxsr sse sse2 ss ht tm pbe syscall nx pdpe1gb rdtscp lm constant_tsc arch_perfmon pebs bts rep_good nopl xtopology nonstop_tsc aperfmperf eagerfpu pni pclmulqdq dtes64 monitor ds_cpl vmx est tm2 ssse3 sdbg fma cx16 xtpr pdcm pcid sse4_1 sse4_2 x2apic movbe popcnt tsc_deadline_timer aes xsave avx f16c rdrand lahf_lm abm epb tpr_shadow vnmi flexpriority ept vpid fsgsbase tsc_adjust bmi1 avx2 smep bmi2 erms invpcid xsaveopt dtherm arat pln pts
bugs		:
bogomips	: 3791.30
clflush size	: 64
cache_alignment	: 64
address sizes	: 39 bits physical, 48 bits virtual
power management:

processor	: 2
vendor_id	: GenuineIntel
cpu family	: 6
model		: 69
model name	: Intel(R) Core(TM) i3-4030U CPU @ 1.90GHz
stepping	: 1
microcode	: 0x1d
cpu MHz		: 1799.953
cache size	: 3072 KB
physical id	: 0
siblings	: 4
core id		: 1
cpu cores	: 2
apicid		: 2
initial apicid	: 2
fpu		: yes
fpu_exception	: yes
cpuid level	: 13
wp		: yes
flags		: fpu vme de pse tsc msr pae mce cx8 apic sep mtrr pge mca cmov pat pse36 clflush dts acpi mmx fxsr sse sse2 ss ht tm pbe syscall nx pdpe1gb rdtscp lm constant_tsc arch_perfmon pebs bts rep_good nopl xtopology nonstop_tsc aperfmperf eagerfpu pni pclmulqdq dtes64 monitor ds_cpl vmx est tm2 ssse3 sdbg fma cx16 xtpr pdcm pcid sse4_1 sse4_2 x2apic movbe popcnt tsc_deadline_timer aes xsave avx f16c rdrand lahf_lm abm epb tpr_shadow vnmi flexpriority ept vpid fsgsbase tsc_adjust bmi1 avx2 smep bmi2 erms invpcid xsaveopt dtherm arat pln pts
bugs		:
bogomips	: 3791.30
clflush size	: 64
cache_alignment	: 64
address sizes	: 39 bits physical, 48 bits virtual
power management:

processor	: 3
vendor_id	: GenuineIntel
cpu family	: 6
model		: 69
model name	: Intel(R) Core(TM) i3-4030U CPU @ 1.90GHz
stepping	: 1
microcode	: 0x1d
cpu MHz		: 1799.953
cache size	: 3072 KB
physical id	: 0
siblings	: 4
core id		: 1
cpu cores	: 2
apicid		: 3
initial apicid	: 3
fpu		: yes
fpu_exception	: yes
cpuid level	: 13
wp		: yes
flags		: fpu vme de pse tsc msr pae mce cx8 apic sep mtrr pge mca cmov pat pse36 clflush dts acpi mmx fxsr sse sse2 ss ht tm pbe syscall nx pdpe1gb rdtscp lm constant_tsc arch_perfmon pebs bts rep_good nopl xtopology nonstop_tsc aperfmperf eagerfpu pni pclmulqdq dtes64 monitor ds_cpl vmx est tm2 ssse3 sdbg fma cx16 xtpr pdcm pcid sse4_1 sse4_2 x2apic movbe popcnt tsc_deadline_timer aes xsave avx f16c rdrand lahf_lm abm epb tpr_shadow vnmi flexpriority ept vpid fsgsbase tsc_adjust bmi1 avx2 smep bmi2 erms invpcid xsaveopt dtherm arat pln pts
bugs		:
bogomips	: 3791.30
clflush size	: 64
cache_alignment	: 64
address sizes	: 39 bits physical, 48 bits virtual
power management:



Memory: 4k page, physical 3972820k(115484k free), swap 1020k(0k free)

vm_info: OpenJDK 64-Bit Server VM (25.112-b06) for linux-amd64 JRE (1.8.0_112-release-b06), built on Dec  6 2016 12:11:18 by "builder" with gcc 4.8.4

time: Sun Jul 16 14:00:43 2017
elapsed time: 665 seconds (0d 0h 11m 5s)

