#
# There is insufficient memory for the Java Runtime Environment to continue.
# Native memory allocation (mmap) failed to map 248512512 bytes for committing reserved memory.
# Possible reasons:
#   The system is out of physical RAM or swap space
#   In 32 bit mode, the process size limit was hit
# Possible solutions:
#   Reduce memory load on the system
#   Increase physical memory or swap space
#   Check if swap backing store is full
#   Use 64 bit Java on a 64 bit OS
#   Decrease Java heap size (-Xmx/-Xms)
#   Decrease number of Java threads
#   Decrease Java thread stack sizes (-Xss)
#   Set larger code cache with -XX:ReservedCodeCacheSize=
# This output file may be truncated or incomplete.
#
#  Out of Memory Error (os_linux.cpp:2627), pid=3376, tid=0x00007f67f4cfc700
#
# JRE version: OpenJDK Runtime Environment (8.0_112-b06) (build 1.8.0_112-release-b06)
# Java VM: OpenJDK 64-Bit Server VM (25.112-b06 mixed mode linux-amd64 compressed oops)
# Failed to write core dump. Core dumps have been disabled. To enable core dumping, try "ulimit -c unlimited" before starting Java again
#

---------------  T H R E A D  ---------------

Current thread (0x00007f6804077800):  VMThread [stack: 0x00007f67f4bfc000,0x00007f67f4cfd000] [id=3384]

Stack: [0x00007f67f4bfc000,0x00007f67f4cfd000],  sp=0x00007f67f4cfb4d0,  free space=1021k
Native frames: (J=compiled Java code, j=interpreted, Vv=VM code, C=native code)
V  [libjvm.so+0x9e465d]  VMError::report_and_die()+0x15d
V  [libjvm.so+0x4b6ada]  report_vm_out_of_memory(char const*, int, unsigned long, VMErrorType, char const*)+0x8a
V  [libjvm.so+0x84c860]  os::pd_commit_memory(char*, unsigned long, unsigned long, bool)+0xf0
V  [libjvm.so+0x84737f]  os::commit_memory(char*, unsigned long, unsigned long, bool)+0x1f
V  [libjvm.so+0x8bd3db]  PSVirtualSpace::expand_by(unsigned long)+0x5b
V  [libjvm.so+0x8ae1bb]  PSOldGen::expand_by(unsigned long) [clone .part.109]+0x1b
V  [libjvm.so+0x8ae37b]  PSOldGen::expand(unsigned long) [clone .part.111]+0xdb
V  [libjvm.so+0x8aec58]  PSOldGen::resize(unsigned long)+0x188
V  [libjvm.so+0x8b426c]  PSParallelCompact::invoke_no_policy(bool)+0x97c
V  [libjvm.so+0x8bb37d]  PSScavenge::invoke()+0x17d
V  [libjvm.so+0x86fcf3]  ParallelScavengeHeap::failed_mem_allocate(unsigned long)+0x63
V  [libjvm.so+0x9e6124]  VM_ParallelGCFailedAllocation::doit()+0x84
V  [libjvm.so+0x9ea537]  VM_Operation::evaluate()+0x47
V  [libjvm.so+0x9e8ff8]  VMThread::evaluate_operation(VM_Operation*)+0x2c8
V  [libjvm.so+0x9e9479]  VMThread::loop()+0x219
V  [libjvm.so+0x9e98c2]  VMThread::run()+0x72
V  [libjvm.so+0x849c82]  java_start(Thread*)+0xf2

VM_Operation (0x00007f67b8769070): ParallelGCFailedAllocation, mode: safepoint, requested by thread 0x00007f677805e000


---------------  P R O C E S S  ---------------

Java Threads: ( => current thread )
  0x00007f6778065800 JavaThread "pool-6-thread-4" [_thread_blocked, id=3579, stack(0x00007f677378d000,0x00007f677388e000)]
  0x00007f6778064800 JavaThread "pool-6-thread-3" [_thread_blocked, id=3578, stack(0x00007f67b8468000,0x00007f67b8569000)]
  0x00007f6778063800 JavaThread "pool-6-thread-2" [_thread_blocked, id=3577, stack(0x00007f67b8367000,0x00007f67b8468000)]
  0x00007f6778063000 JavaThread "pool-7-thread-1" [_thread_blocked, id=3576, stack(0x00007f67b8266000,0x00007f67b8367000)]
  0x00007f677805e000 JavaThread "pool-6-thread-1" [_thread_blocked, id=3575, stack(0x00007f67b866a000,0x00007f67b876b000)]
  0x00007f67a8f91000 JavaThread "pool-4-thread-1" [_thread_blocked, id=3574, stack(0x00007f67b8569000,0x00007f67b866a000)]
  0x00007f67a903f800 JavaThread "Cache update executor" [_thread_blocked, id=3449, stack(0x00007f67b896b000,0x00007f67b8a6c000)]
  0x00007f67a8a1d000 JavaThread "pool-2-thread-1" [_thread_blocked, id=3441, stack(0x00007f67b9a7f000,0x00007f67b9b80000)]
  0x00007f67a84d0800 JavaThread "File lock request listener" [_thread_in_native, id=3407, stack(0x00007f67ba2f6000,0x00007f67ba3f7000)]
  0x00007f67a8d78800 JavaThread "process reaper" daemon [_thread_blocked, id=3405, stack(0x00007f67ba3f7000,0x00007f67ba430000)]
  0x00007f67a8006000 JavaThread "Asynchronous log dispatcher for DefaultDaemonConnection: socket connection from /127.0.0.1:41187 to /127.0.0.1:41082" [_thread_blocked, id=3399, stack(0x00007f67bafdf000,0x00007f67bb0e0000)]
  0x00007f6804d19000 JavaThread "pool-1-thread-1" [_thread_blocked, id=3398, stack(0x00007f67bb0e0000,0x00007f67bb1e1000)]
  0x00007f67ac009800 JavaThread "Daemon worker" [_thread_blocked, id=3397, stack(0x00007f67bb1e1000,0x00007f67bb2e2000)]
  0x00007f67ac006800 JavaThread "Cancel handler" [_thread_blocked, id=3396, stack(0x00007f67bb2e2000,0x00007f67bb3e3000)]
  0x00007f67ac007800 JavaThread "Handler for socket connection from /127.0.0.1:41187 to /127.0.0.1:41082" [_thread_in_native, id=3395, stack(0x00007f67bb5e3000,0x00007f67bb6e4000)]
  0x00007f67b4010800 JavaThread "Daemon" [_thread_blocked, id=3394, stack(0x00007f67bb6e4000,0x00007f67bb7e5000)]
  0x00007f6804cc5000 JavaThread "Incoming local TCP Connector on port 41187" [_thread_in_native, id=3393, stack(0x00007f67bb9ec000,0x00007f67bbaed000)]
  0x00007f68040d1800 JavaThread "Service Thread" daemon [_thread_blocked, id=3391, stack(0x00007f67f421d000,0x00007f67f431e000)]
  0x00007f68040bc800 JavaThread "C1 CompilerThread2" daemon [_thread_blocked, id=3390, stack(0x00007f67f431e000,0x00007f67f441f000)]
  0x00007f68040ba800 JavaThread "C2 CompilerThread1" daemon [_thread_blocked, id=3389, stack(0x00007f67f441f000,0x00007f67f4520000)]
  0x00007f68040b7800 JavaThread "C2 CompilerThread0" daemon [_thread_in_native, id=3388, stack(0x00007f67f4520000,0x00007f67f4621000)]
  0x00007f68040b6800 JavaThread "Signal Dispatcher" daemon [_thread_blocked, id=3387, stack(0x00007f67f4621000,0x00007f67f4722000)]
  0x00007f6804083800 JavaThread "Finalizer" daemon [_thread_blocked, id=3386, stack(0x00007f67f49fa000,0x00007f67f4afb000)]
  0x00007f680407f000 JavaThread "Reference Handler" daemon [_thread_blocked, id=3385, stack(0x00007f67f4afb000,0x00007f67f4bfc000)]
  0x00007f680400a000 JavaThread "main" [_thread_blocked, id=3377, stack(0x00007f680d539000,0x00007f680d63a000)]

Other Threads:
=>0x00007f6804077800 VMThread [stack: 0x00007f67f4bfc000,0x00007f67f4cfd000] [id=3384]
  0x00007f68040d4000 WatcherThread [stack: 0x00007f67f411c000,0x00007f67f421d000] [id=3392]

VM state:at safepoint (normal execution)

VM Mutex/Monitor currently owned by a thread:  ([mutex/lock_event])
[0x00007f6804005df0] ExpandHeap_lock - owner thread: 0x00007f6804077800
[0x00007f6804006470] Threads_lock - owner thread: 0x00007f6804077800
[0x00007f6804006970] Heap_lock - owner thread: 0x00007f677805e000

Heap:
 PSYoungGen      total 349696K, used 10534K [0x00000000e0000000, 0x0000000100000000, 0x0000000100000000)
  eden space 229376K, 0% used [0x00000000e0000000,0x00000000e0000000,0x00000000ee000000)
  from space 120320K, 8% used [0x00000000ee000000,0x00000000eea49ad8,0x00000000f5580000)
  to   space 160768K, 0% used [0x00000000f6300000,0x00000000f6300000,0x0000000100000000)
 ParOldGen       total 646656K, used 646322K [0x00000000a0000000, 0x00000000c7780000, 0x00000000e0000000)
  object space 646656K, 99% used [0x00000000a0000000,0x00000000c772c9e8,0x00000000c7780000)
 Metaspace       used 62507K, capacity 64354K, committed 64432K, reserved 1105920K
  class space    used 8153K, capacity 8561K, committed 8624K, reserved 1048576K

Card table byte_map: [0x00007f680a0ca000,0x00007f680a3cb000] byte_map_base: 0x00007f6809bca000

Marking Bits: (ParMarkBitMap*) 0x00007f680ca07340
 Begin Bits: [0x00007f67e1000000, 0x00007f67e2800000)
 End Bits:   [0x00007f67e2800000, 0x00007f67e4000000)

Polling page: 0x00007f680d659000

CodeCache: size=245760Kb used=37252Kb max_used=37252Kb free=208507Kb
 bounds [0x00007f67f5000000, 0x00007f67f74e0000, 0x00007f6804000000]
 total_blobs=11125 nmethods=10344 adapters=692
 compilation: enabled

Compilation events (10 events):
Event: 91.525 Thread 0x00007f68040bc800 13280       2       com.android.dx.ssa.InterferenceRegisterMapper::interferes (78 bytes)
Event: 91.526 Thread 0x00007f68040bc800 nmethod 13280 0x00007f67f6cf6cd0 code [0x00007f67f6cf6e80, 0x00007f67f6cf7248]
Event: 91.602 Thread 0x00007f68040bc800 13283 %     2       com.android.dx.ssa.back.RegisterAllocator::insertMoveBefore @ 198 (240 bytes)
Event: 91.605 Thread 0x00007f68040bc800 nmethod 13283% 0x00007f67f74cd790 code [0x00007f67f74cdac0, 0x00007f67f74ceb88]
Event: 91.605 Thread 0x00007f68040bc800 13284       2       com.android.dx.ssa.back.RegisterAllocator::insertMoveBefore (240 bytes)
Event: 91.608 Thread 0x00007f68040bc800 nmethod 13284 0x00007f67f74d4210 code [0x00007f67f74d4540, 0x00007f67f74d5508]
Event: 91.784 Thread 0x00007f68040bc800 13287 %     3       java.util.DualPivotQuicksort::sort @ 25 (1195 bytes)
Event: 91.790 Thread 0x00007f68040bc800 nmethod 13287% 0x00007f67f74d6c50 code [0x00007f67f74d7020, 0x00007f67f74d91c8]
Event: 91.791 Thread 0x00007f68040bc800 13288       3       java.util.DualPivotQuicksort::sort (1195 bytes)
Event: 91.795 Thread 0x00007f68040bc800 nmethod 13288 0x00007f67f74db5d0 code [0x00007f67f74db980, 0x00007f67f74dda28]

GC Heap History (10 events):
Event: 81.399 GC heap after
Heap after GC invocations=32 (full 7):
 PSYoungGen      total 419840K, used 0K [0x00000000e0000000, 0x0000000100000000, 0x0000000100000000)
  eden space 315392K, 0% used [0x00000000e0000000,0x00000000e0000000,0x00000000f3400000)
  from space 104448K, 0% used [0x00000000f3400000,0x00000000f3400000,0x00000000f9a00000)
  to   space 101376K, 0% used [0x00000000f9d00000,0x00000000f9d00000,0x0000000100000000)
 ParOldGen       total 646656K, used 445635K [0x00000000a0000000, 0x00000000c7780000, 0x00000000e0000000)
  object space 646656K, 68% used [0x00000000a0000000,0x00000000bb330f68,0x00000000c7780000)
 Metaspace       used 62492K, capacity 64354K, committed 64432K, reserved 1105920K
  class space    used 8152K, capacity 8561K, committed 8624K, reserved 1048576K
}
Event: 83.241 GC heap before
{Heap before GC invocations=33 (full 7):
 PSYoungGen      total 419840K, used 315392K [0x00000000e0000000, 0x0000000100000000, 0x0000000100000000)
  eden space 315392K, 100% used [0x00000000e0000000,0x00000000f3400000,0x00000000f3400000)
  from space 104448K, 0% used [0x00000000f3400000,0x00000000f3400000,0x00000000f9a00000)
  to   space 101376K, 0% used [0x00000000f9d00000,0x00000000f9d00000,0x0000000100000000)
 ParOldGen       total 646656K, used 445635K [0x00000000a0000000, 0x00000000c7780000, 0x00000000e0000000)
  object space 646656K, 68% used [0x00000000a0000000,0x00000000bb330f68,0x00000000c7780000)
 Metaspace       used 62496K, capacity 64354K, committed 64432K, reserved 1105920K
  class space    used 8152K, capacity 8561K, committed 8624K, reserved 1048576K
Event: 83.338 GC heap after
Heap after GC invocations=33 (full 7):
 PSYoungGen      total 408576K, used 47606K [0x00000000e0000000, 0x00000000ff500000, 0x0000000100000000)
  eden space 318464K, 0% used [0x00000000e0000000,0x00000000e0000000,0x00000000f3700000)
  from space 90112K, 52% used [0x00000000f9d00000,0x00000000fcb7dad0,0x00000000ff500000)
  to   space 97280K, 0% used [0x00000000f3700000,0x00000000f3700000,0x00000000f9600000)
 ParOldGen       total 646656K, used 445635K [0x00000000a0000000, 0x00000000c7780000, 0x00000000e0000000)
  object space 646656K, 68% used [0x00000000a0000000,0x00000000bb330f68,0x00000000c7780000)
 Metaspace       used 62496K, capacity 64354K, committed 64432K, reserved 1105920K
  class space    used 8152K, capacity 8561K, committed 8624K, reserved 1048576K
}
Event: 85.146 GC heap before
{Heap before GC invocations=34 (full 7):
 PSYoungGen      total 408576K, used 366070K [0x00000000e0000000, 0x00000000ff500000, 0x0000000100000000)
  eden space 318464K, 100% used [0x00000000e0000000,0x00000000f3700000,0x00000000f3700000)
  from space 90112K, 52% used [0x00000000f9d00000,0x00000000fcb7dad0,0x00000000ff500000)
  to   space 97280K, 0% used [0x00000000f3700000,0x00000000f3700000,0x00000000f9600000)
 ParOldGen       total 646656K, used 445635K [0x00000000a0000000, 0x00000000c7780000, 0x00000000e0000000)
  object space 646656K, 68% used [0x00000000a0000000,0x00000000bb330f68,0x00000000c7780000)
 Metaspace       used 62498K, capacity 64354K, committed 64432K, reserved 1105920K
  class space    used 8152K, capacity 8561K, committed 8624K, reserved 1048576K
Event: 85.370 GC heap after
Heap after GC invocations=34 (full 7):
 PSYoungGen      total 414208K, used 95284K [0x00000000e0000000, 0x0000000100000000, 0x0000000100000000)
  eden space 318464K, 0% used [0x00000000e0000000,0x00000000e0000000,0x00000000f3700000)
  from space 95744K, 99% used [0x00000000f3700000,0x00000000f940d088,0x00000000f9480000)
  to   space 110080K, 0% used [0x00000000f9480000,0x00000000f9480000,0x0000000100000000)
 ParOldGen       total 646656K, used 445635K [0x00000000a0000000, 0x00000000c7780000, 0x00000000e0000000)
  object space 646656K, 68% used [0x00000000a0000000,0x00000000bb330f68,0x00000000c7780000)
 Metaspace       used 62498K, capacity 64354K, committed 64432K, reserved 1105920K
  class space    used 8152K, capacity 8561K, committed 8624K, reserved 1048576K
}
Event: 89.467 GC heap before
{Heap before GC invocations=35 (full 7):
 PSYoungGen      total 414208K, used 413748K [0x00000000e0000000, 0x0000000100000000, 0x0000000100000000)
  eden space 318464K, 100% used [0x00000000e0000000,0x00000000f3700000,0x00000000f3700000)
  from space 95744K, 99% used [0x00000000f3700000,0x00000000f940d088,0x00000000f9480000)
  to   space 110080K, 0% used [0x00000000f9480000,0x00000000f9480000,0x0000000100000000)
 ParOldGen       total 646656K, used 445635K [0x00000000a0000000, 0x00000000c7780000, 0x00000000e0000000)
  object space 646656K, 68% used [0x00000000a0000000,0x00000000bb330f68,0x00000000c7780000)
 Metaspace       used 62498K, capacity 64354K, committed 64432K, reserved 1105920K
  class space    used 8152K, capacity 8561K, committed 8624K, reserved 1048576K
Event: 90.148 GC heap after
Heap after GC invocations=35 (full 7):
 PSYoungGen      total 339456K, used 110074K [0x00000000e0000000, 0x0000000100000000, 0x0000000100000000)
  eden space 229376K, 0% used [0x00000000e0000000,0x00000000e0000000,0x00000000ee000000)
  from space 110080K, 99% used [0x00000000f9480000,0x00000000ffffea28,0x0000000100000000)
  to   space 147456K, 0% used [0x00000000ee000000,0x00000000ee000000,0x00000000f7000000)
 ParOldGen       total 646656K, used 497921K [0x00000000a0000000, 0x00000000c7780000, 0x00000000e0000000)
  object space 646656K, 76% used [0x00000000a0000000,0x00000000be640408,0x00000000c7780000)
 Metaspace       used 62498K, capacity 64354K, committed 64432K, reserved 1105920K
  class space    used 8152K, capacity 8561K, committed 8624K, reserved 1048576K
}
Event: 92.009 GC heap before
{Heap before GC invocations=36 (full 7):
 PSYoungGen      total 339456K, used 339450K [0x00000000e0000000, 0x0000000100000000, 0x0000000100000000)
  eden space 229376K, 100% used [0x00000000e0000000,0x00000000ee000000,0x00000000ee000000)
  from space 110080K, 99% used [0x00000000f9480000,0x00000000ffffea28,0x0000000100000000)
  to   space 147456K, 0% used [0x00000000ee000000,0x00000000ee000000,0x00000000f7000000)
 ParOldGen       total 646656K, used 497921K [0x00000000a0000000, 0x00000000c7780000, 0x00000000e0000000)
  object space 646656K, 76% used [0x00000000a0000000,0x00000000be640408,0x00000000c7780000)
 Metaspace       used 62507K, capacity 64354K, committed 64432K, reserved 1105920K
  class space    used 8153K, capacity 8561K, committed 8624K, reserved 1048576K
Event: 92.528 GC heap after
Heap after GC invocations=36 (full 7):
 PSYoungGen      total 349696K, used 120202K [0x00000000e0000000, 0x0000000100000000, 0x0000000100000000)
  eden space 229376K, 0% used [0x00000000e0000000,0x00000000e0000000,0x00000000ee000000)
  from space 120320K, 99% used [0x00000000ee000000,0x00000000f5562ab0,0x00000000f5580000)
  to   space 160768K, 0% used [0x00000000f6300000,0x00000000f6300000,0x0000000100000000)
 ParOldGen       total 646656K, used 585168K [0x00000000a0000000, 0x00000000c7780000, 0x00000000e0000000)
  object space 646656K, 90% used [0x00000000a0000000,0x00000000c3b74048,0x00000000c7780000)
 Metaspace       used 62507K, capacity 64354K, committed 64432K, reserved 1105920K
  class space    used 8153K, capacity 8561K, committed 8624K, reserved 1048576K
}
Event: 92.528 GC heap before
{Heap before GC invocations=37 (full 8):
 PSYoungGen      total 349696K, used 120202K [0x00000000e0000000, 0x0000000100000000, 0x0000000100000000)
  eden space 229376K, 0% used [0x00000000e0000000,0x00000000e0000000,0x00000000ee000000)
  from space 120320K, 99% used [0x00000000ee000000,0x00000000f5562ab0,0x00000000f5580000)
  to   space 160768K, 0% used [0x00000000f6300000,0x00000000f6300000,0x0000000100000000)
 ParOldGen       total 646656K, used 585168K [0x00000000a0000000, 0x00000000c7780000, 0x00000000e0000000)
  object space 646656K, 90% used [0x00000000a0000000,0x00000000c3b74048,0x00000000c7780000)
 Metaspace       used 62507K, capacity 64354K, committed 64432K, reserved 1105920K
  class space    used 8153K, capacity 8561K, committed 8624K, reserved 1048576K

Deoptimization events (10 events):
Event: 90.505 Thread 0x00007f67a8f91000 Uncommon trap: reason=class_check action=maybe_recompile pc=0x00007f67f6f44130 method=com.android.dx.ssa.back.InterferenceGraph.add(II)V @ 19
Event: 90.663 Thread 0x00007f67a8f91000 Uncommon trap: reason=class_check action=maybe_recompile pc=0x00007f67f72d4960 method=com.android.dx.ssa.back.InterferenceGraph.mergeInterferenceSet(ILcom/android/dx/util/IntSet;)V @ 20
Event: 90.663 Thread 0x00007f67a8f91000 Uncommon trap: reason=class_check action=maybe_recompile pc=0x00007f67f67b16d0 method=com.android.dx.util.BitIntSet.merge(Lcom/android/dx/util/IntSet;)V @ 1
Event: 90.664 Thread 0x00007f67a8f91000 Uncommon trap: reason=class_check action=maybe_recompile pc=0x00007f67f72d4960 method=com.android.dx.ssa.back.InterferenceGraph.mergeInterferenceSet(ILcom/android/dx/util/IntSet;)V @ 20
Event: 90.664 Thread 0x00007f67a8f91000 Uncommon trap: reason=class_check action=maybe_recompile pc=0x00007f67f67b16d0 method=com.android.dx.util.BitIntSet.merge(Lcom/android/dx/util/IntSet;)V @ 1
Event: 90.665 Thread 0x00007f67a8f91000 Uncommon trap: reason=class_check action=maybe_recompile pc=0x00007f67f72d4960 method=com.android.dx.ssa.back.InterferenceGraph.mergeInterferenceSet(ILcom/android/dx/util/IntSet;)V @ 20
Event: 90.665 Thread 0x00007f67a8f91000 Uncommon trap: reason=class_check action=maybe_recompile pc=0x00007f67f67b16d0 method=com.android.dx.util.BitIntSet.merge(Lcom/android/dx/util/IntSet;)V @ 1
Event: 90.677 Thread 0x00007f67a8f91000 Uncommon trap: reason=class_check action=maybe_recompile pc=0x00007f67f72d4960 method=com.android.dx.ssa.back.InterferenceGraph.mergeInterferenceSet(ILcom/android/dx/util/IntSet;)V @ 20
Event: 90.677 Thread 0x00007f67a8f91000 Uncommon trap: reason=class_check action=maybe_recompile pc=0x00007f67f67b16d0 method=com.android.dx.util.BitIntSet.merge(Lcom/android/dx/util/IntSet;)V @ 1
Event: 91.311 Thread 0x00007f67a8f91000 Uncommon trap: reason=unstable_if action=reinterpret pc=0x00007f67f74c327c method=com.android.dx.rop.cst.CstInterfaceMethodRef.toMethodRef()Lcom/android/dx/rop/cst/CstMethodRef; @ 4

Internal exceptions (10 events):
Event: 22.337 Thread 0x00007f67ac009800 Exception <a 'java/lang/NoSuchMethodError': <clinit>> (0x00000000e1244c28) thrown at [/ssd/Android/AOSP-openjdk/external/jetbrains/jdk/hotspot/src/share/vm/prims/jni.cpp, line 1613]
Event: 23.925 Thread 0x00007f67ac009800 Implicit null exception at 0x00007f67f60d744d to 0x00007f67f60d80a5
Event: 26.094 Thread 0x00007f67ac009800 Exception <a 'java/lang/NoSuchMethodError': java.lang.Object.lambda$negate$1(Ljava/lang/Object;)Z> (0x00000000e414bdb0) thrown at [/ssd/Android/AOSP-openjdk/external/jetbrains/jdk/hotspot/src/share/vm/interpreter/linkResolver.cpp, line 582]
Event: 40.096 Thread 0x00007f67ac009800 Implicit null exception at 0x00007f67f66ad38b to 0x00007f67f66adaad
Event: 40.104 Thread 0x00007f67ac009800 Implicit null exception at 0x00007f67f668f0bf to 0x00007f67f668f821
Event: 45.984 Thread 0x00007f67a903f800 Exception <a 'java/lang/NoSuchMethodError': <clinit>> (0x00000000e20f91a0) thrown at [/ssd/Android/AOSP-openjdk/external/jetbrains/jdk/hotspot/src/share/vm/prims/jni.cpp, line 1613]
Event: 56.673 Thread 0x00007f6778064800 Implicit null exception at 0x00007f67f6bd9362 to 0x00007f67f6bd945b
Event: 58.250 Thread 0x00007f6778065800 Implicit null exception at 0x00007f67f5d35efc to 0x00007f67f5d36b0d
Event: 82.353 Thread 0x00007f67a8f91000 Implicit null exception at 0x00007f67f6e5ca68 to 0x00007f67f6e612fd
Event: 83.821 Thread 0x00007f6778065800 Implicit null exception at 0x00007f67f6cb8d26 to 0x00007f67f6cb9bd9

Events (10 events):
Event: 91.163 Thread 0x00007f6778065800 DEOPT PACKING pc=0x00007f67f67b906c sp=0x00007f677388bff0
Event: 91.163 Thread 0x00007f6778065800 DEOPT UNPACKING pc=0x00007f67f5047373 sp=0x00007f677388bd48 mode 0
Event: 91.311 Thread 0x00007f67a8f91000 Uncommon trap: trap_request=0xffffff65 fr.pc=0x00007f67f74c327c
Event: 91.311 Thread 0x00007f67a8f91000 DEOPT PACKING pc=0x00007f67f74c327c sp=0x00007f67b86670f0
Event: 91.311 Thread 0x00007f67a8f91000 DEOPT UNPACKING pc=0x00007f67f5004f69 sp=0x00007f67b86670a8 mode 2
Event: 91.795 Thread 0x00007f67a8f91000 DEOPT PACKING pc=0x00007f67f70a4722 sp=0x00007f67b86676d0
Event: 91.795 Thread 0x00007f67a8f91000 DEOPT UNPACKING pc=0x00007f67f5047373 sp=0x00007f67b86673d8 mode 0
Event: 91.828 Thread 0x00007f67a8f91000 DEOPT PACKING pc=0x00007f67f67b906c sp=0x00007f67b8667360
Event: 91.828 Thread 0x00007f67a8f91000 DEOPT UNPACKING pc=0x00007f67f5047373 sp=0x00007f67b86670b8 mode 0
Event: 92.003 Executing VM operation: ParallelGCFailedAllocation


Dynamic libraries:
00400000-00401000 r-xp 00000000 08:07 1201464                            /home/chivu/Downloads/android-studio-p/jre/bin/java
00600000-00601000 r--p 00000000 08:07 1201464                            /home/chivu/Downloads/android-studio-p/jre/bin/java
00601000-00602000 rw-p 00001000 08:07 1201464                            /home/chivu/Downloads/android-studio-p/jre/bin/java
01fda000-01ffb000 rw-p 00000000 00:00 0                                  [heap]
a0000000-c7780000 rw-p 00000000 00:00 0 
d6480000-e0000000 ---p 00000000 00:00 0 
e0000000-100000000 rw-p 00000000 00:00 0 
100000000-10086c000 rw-p 00000000 00:00 0 
10086c000-140000000 ---p 00000000 00:00 0 
7f677358d000-7f677360d000 rw-p 00000000 00:00 0 
7f677360d000-7f677378d000 ---p 00000000 00:00 0 
7f677378d000-7f6773790000 ---p 00000000 00:00 0 
7f6773790000-7f677388e000 rw-p 00000000 00:00 0 
7f677388e000-7f6773963000 r--s 0095c000 08:07 1200353                    /home/chivu/Desktop/newsApp/app/build/intermediates/transforms/jarMerging/debug/jars/1/1f/combined.jar
7f6773963000-7f6773b63000 rw-p 00000000 00:00 0 
7f6773b63000-7f6773d63000 rw-p 00000000 00:00 0 
7f6773d63000-7f6773f63000 rw-p 00000000 00:00 0 
7f6774000000-7f6774044000 rw-p 00000000 00:00 0 
7f6774044000-7f6778000000 ---p 00000000 00:00 0 
7f6778000000-7f67781ff000 rw-p 00000000 00:00 0 
7f67781ff000-7f677c000000 ---p 00000000 00:00 0 
7f677c000000-7f677c021000 rw-p 00000000 00:00 0 
7f677c021000-7f6780000000 ---p 00000000 00:00 0 
7f6780000000-7f6780038000 rw-p 00000000 00:00 0 
7f6780038000-7f6784000000 ---p 00000000 00:00 0 
7f6784000000-7f678402e000 rw-p 00000000 00:00 0 
7f678402e000-7f6788000000 ---p 00000000 00:00 0 
7f6788000000-7f678803b000 rw-p 00000000 00:00 0 
7f678803b000-7f678c000000 ---p 00000000 00:00 0 
7f678c000000-7f678c021000 rw-p 00000000 00:00 0 
7f678c021000-7f6790000000 ---p 00000000 00:00 0 
7f6790000000-7f6790021000 rw-p 00000000 00:00 0 
7f6790021000-7f6794000000 ---p 00000000 00:00 0 
7f6794000000-7f6794021000 rw-p 00000000 00:00 0 
7f6794021000-7f6798000000 ---p 00000000 00:00 0 
7f6798000000-7f6798021000 rw-p 00000000 00:00 0 
7f6798021000-7f679c000000 ---p 00000000 00:00 0 
7f679c000000-7f679c021000 rw-p 00000000 00:00 0 
7f679c021000-7f67a0000000 ---p 00000000 00:00 0 
7f67a0000000-7f67a0021000 rw-p 00000000 00:00 0 
7f67a0021000-7f67a4000000 ---p 00000000 00:00 0 
7f67a4000000-7f67a4021000 rw-p 00000000 00:00 0 
7f67a4021000-7f67a8000000 ---p 00000000 00:00 0 
7f67a8000000-7f67a95fb000 rw-p 00000000 00:00 0 
7f67a95fb000-7f67ac000000 ---p 00000000 00:00 0 
7f67ac000000-7f67ac021000 rw-p 00000000 00:00 0 
7f67ac021000-7f67b0000000 ---p 00000000 00:00 0 
7f67b0000000-7f67b0021000 rw-p 00000000 00:00 0 
7f67b0021000-7f67b4000000 ---p 00000000 00:00 0 
7f67b4000000-7f67b4073000 rw-p 00000000 00:00 0 
7f67b4073000-7f67b8000000 ---p 00000000 00:00 0 
7f67b8066000-7f67b8266000 rw-p 00000000 00:00 0 
7f67b8266000-7f67b8269000 ---p 00000000 00:00 0 
7f67b8269000-7f67b8367000 rw-p 00000000 00:00 0 
7f67b8367000-7f67b836a000 ---p 00000000 00:00 0 
7f67b836a000-7f67b8468000 rw-p 00000000 00:00 0 
7f67b8468000-7f67b846b000 ---p 00000000 00:00 0 
7f67b846b000-7f67b8569000 rw-p 00000000 00:00 0 
7f67b8569000-7f67b856c000 ---p 00000000 00:00 0 
7f67b856c000-7f67b866a000 rw-p 00000000 00:00 0 
7f67b866a000-7f67b866d000 ---p 00000000 00:00 0 
7f67b866d000-7f67b896b000 rw-p 00000000 00:00 0 
7f67b896b000-7f67b896e000 ---p 00000000 00:00 0 
7f67b896e000-7f67b8c6c000 rw-p 00000000 00:00 0 
7f67b8c6c000-7f67b8e6c000 rw-p 00000000 00:00 0 
7f67b8e6c000-7f67b906c000 rw-p 00000000 00:00 0 
7f67b906c000-7f67b926c000 rw-p 00000000 00:00 0 
7f67b926c000-7f67b927f000 r--s 00344000 08:07 1201558                    /home/chivu/Downloads/android-studio-p/jre/jre/lib/resources.jar
7f67b927f000-7f67b947f000 rw-p 00000000 00:00 0 
7f67b947f000-7f67b967f000 rw-p 00000000 00:00 0 
7f67b967f000-7f67b987f000 rw-p 00000000 00:00 0 
7f67b987f000-7f67b9a7f000 rw-p 00000000 00:00 0 
7f67b9a7f000-7f67b9a82000 ---p 00000000 00:00 0 
7f67b9a82000-7f67b9d80000 rw-p 00000000 00:00 0 
7f67b9d80000-7f67b9d81000 r--s 00001000 08:07 1094992                    /home/chivu/.gradle/caches/jars-2/cmhx5eetujk7j30d3nllwxyrlnugzjw/annotations-25.3.3.jar
7f67b9d81000-7f67b9d89000 r--s 000a8000 08:07 932893                     /home/chivu/.gradle/caches/jars-2/lp0h431tl0554nh1vx6zomcvteflkp/lombok-ast-0.2.3.jar
7f67b9d89000-7f67b9d9d000 r--s 000b4000 08:07 139376                     /home/chivu/.gradle/caches/jars-2/hgvw6szzawm3evod5l2d6iutfug31w0/uast-162.2228.14.jar
7f67b9d9d000-7f67b9d9f000 r--s 0000d000 08:07 932889                     /home/chivu/.gradle/caches/jars-2/7pwz1bowgakb1eux9ezb56jlturgsyi/commons-codec-1.4.jar
7f67b9d9f000-7f67b9da1000 r--s 0000d000 08:07 932887                     /home/chivu/.gradle/caches/jars-2/9dj1m0eyooi5qt13735vz8fpkl3cnfy/commons-logging-1.1.1.jar
7f67b9da1000-7f67b9da6000 r--s 00028000 08:07 932885                     /home/chivu/.gradle/caches/jars-2/62lv0fe9b3xbqe57f6ljy5upwi7mf6k/httpcore-4.1.jar
7f67b9da6000-7f67b9daa000 r--s 0002f000 08:07 932883                     /home/chivu/.gradle/caches/jars-2/gsg5n52frsvw6sx0swqqe2hwijwdcf0/jimfs-1.1.jar
7f67b9daa000-7f67b9dab000 r--s 00004000 08:07 932881                     /home/chivu/.gradle/caches/jars-2/lxs252id0979odjrerlctkb26c2vj95/annotations-12.0.jar
7f67b9dab000-7f67b9dac000 r--s 00004000 08:07 932879                     /home/chivu/.gradle/caches/jars-2/9kn99dr0rulyl67sct1ephwcop56l61/asm-analysis-5.0.4.jar
7f67b9dac000-7f67b9db0000 r--s 00040000 08:07 1094991                    /home/chivu/.gradle/caches/jars-2/ccvn7yglm4blceovs70fngoac1eyn4f/lint-api-25.3.3.jar
7f67b9db0000-7f67b9db1000 r--s 0000a000 08:07 932875                     /home/chivu/.gradle/caches/jars-2/nwyg9io65lv6jvmwit2wq82xnnxd7ia/kxml2-2.3.0.jar
7f67b9db1000-7f67b9db3000 r--s 00005000 08:07 932873                     /home/chivu/.gradle/caches/jars-2/i6hc1uuj8e9ck59slmzdyz78ydn8sr6/httpmime-4.1.jar
7f67b9db3000-7f67b9dbb000 r--s 0004e000 08:07 932871                     /home/chivu/.gradle/caches/jars-2/7503wa5irssz0xxahv1xb82p2dl7rr2/httpclient-4.1.1.jar
7f67b9dbb000-7f67b9dc2000 r--s 00053000 08:07 932869                     /home/chivu/.gradle/caches/jars-2/jgkfvs4eqggj7qsyw1f5d3up57hanj1/commons-compress-1.8.1.jar
7f67b9dc2000-7f67b9dc7000 r--s 0002a000 08:07 932867                     /home/chivu/.gradle/caches/jars-2/je8f027qcr1z1egw08byp1ybxbp9kko/gson-2.2.4.jar
7f67b9dc7000-7f67b9dcc000 r--s 0002e000 08:07 1094990                    /home/chivu/.gradle/caches/jars-2/s427p2wh0tfza0xa8qijgx107eeevyl/repository-25.3.3.jar
7f67b9dcc000-7f67b9dce000 r--s 00006000 08:07 1094989                    /home/chivu/.gradle/caches/jars-2/e2s952s6co8tps89l80r4riixwqo2oe/dvlib-25.3.3.jar
7f67b9dce000-7f67b9dd0000 r--s 00013000 08:07 1094883                    /home/chivu/.gradle/caches/jars-2/s02k517nvrh8cbp2c8dz4slqska6dj9/layoutlib-api-25.3.3.jar
7f67b9dd0000-7f67b9dd5000 r--s 00058000 08:07 932859                     /home/chivu/.gradle/caches/jars-2/st159835qgxm0l87oqrnhayxos4lc1n/asm-debug-all-5.0.1.jar
7f67b9dd5000-7f67b9de5000 r--s 000d5000 08:07 932857                     /home/chivu/.gradle/caches/jars-2/qzf32gp9kej4w4hlbabft6tplu74cj3/proguard-base-5.3.2.jar
7f67b9de5000-7f67b9de8000 r--s 00033000 08:07 932855                     /home/chivu/.gradle/caches/jars-2/nz9sndmr8b4xbj4xulkaciy5kdbyfiz/juniversalchardet-1.0.3.jar
7f67b9de8000-7f67b9dec000 r--s 0002a000 08:07 932853                     /home/chivu/.gradle/caches/jars-2/krbpn9xjn1qymukyx8cc5l799ty1v3h/commons-io-2.4.jar
7f67b9dec000-7f67b9e03000 r--s 00154000 08:07 932851                     /home/chivu/.gradle/caches/jars-2/sfeivjswzitn6n0fnjx3ueszz8gv8o1/antlr4-4.5.3.jar
7f67b9e03000-7f67b9e05000 r--s 00002000 08:07 1094881                    /home/chivu/.gradle/caches/jars-2/rh2ip1x2zziz26tr3qzudtz088pqsb2/baseLibrary-2.3.3.jar
7f67b9e05000-7f67b9e30000 r--s 001fc000 08:07 932847                     /home/chivu/.gradle/caches/jars-2/nxjrjftly2xksl8o0wqgivu5netfu2x/guava-18.0.jar
7f67b9e30000-7f67b9e43000 r--s 00241000 08:07 932845                     /home/chivu/.gradle/caches/jars-2/9yuekvg4qerfitq3xec0iyckuw3hwaq/ecj-4.6.1.jar
7f67b9e43000-7f67b9e4a000 r--s 000d9000 08:07 1094862                    /home/chivu/.gradle/caches/jars-2/ak89aa8liqmr44u7r08njntn6oehe0z/lint-checks-25.3.3.jar
7f67b9e4a000-7f67b9e4c000 r--s 00006000 08:07 932841                     /home/chivu/.gradle/caches/jars-2/6phgj9ki3jl3p5epzkqoo8pr6kur40b/asm-tree-5.0.4.jar
7f67b9e4c000-7f67b9e7f000 r--s 00203000 08:07 932839                     /home/chivu/.gradle/caches/jars-2/hj0bfvxu9cq7hkwmecvp0kg137or3hh/bcprov-jdk15on-1.48.jar
7f67b9e7f000-7f67b9e8d000 r--s 00081000 08:07 932837                     /home/chivu/.gradle/caches/jars-2/4r7xli0tz94y0wfjrdyjxlxar3g1pb9/bcpkix-jdk15on-1.48.jar
7f67b9e8d000-7f67b9e8f000 r--s 00002000 08:07 932835                     /home/chivu/.gradle/caches/jars-2/f32bh5uivuf69ecz2j8hl96ksnqdh7v/javawriter-2.5.0.jar
7f67b9e8f000-7f67b9e91000 r--s 00004000 08:07 1094861                    /home/chivu/.gradle/caches/jars-2/j6s1upogkwo00sygdsekzj4fx0i75uy/tracker-25.3.3.jar
7f67b9e91000-7f67b9e92000 r--s 00005000 08:07 1094860                    /home/chivu/.gradle/caches/jars-2/4svya0t1s9wyo35ycd3atidsaoo6w7e/shared-25.3.3.jar
7f67b9e92000-7f67b9ea0000 r--s 00147000 08:07 1094859                    /home/chivu/.gradle/caches/jars-2/qx6695c5ocd9swxv7wqtxor3plyb4b7/protos-25.3.3.jar
7f67b9ea0000-7f67b9ea1000 r--s 00001000 08:07 139356                     /home/chivu/.gradle/caches/jars-2/bqo69msswbvaagsh45hf1tq02v21sml/jill-api-0.10.0.jar
7f67b9ea1000-7f67b9ea3000 r--s 00003000 08:07 139354                     /home/chivu/.gradle/caches/jars-2/7pldadygbci34ql8thws797g29k1uhh/jack-api-0.13.0.jar
7f67b9ea3000-7f67b9ea9000 r--s 0004a000 08:07 1094853                    /home/chivu/.gradle/caches/jars-2/euoqfzf5y1sibp9ul8mcz0wovj380eo/ddmlib-25.3.3.jar
7f67b9ea9000-7f67b9eac000 r--s 00022000 08:07 1094848                    /home/chivu/.gradle/caches/jars-2/a81bg2yxzmumashablwecaj0ksz6tmj/manifest-merger-25.3.3.jar
7f67b9eac000-7f67b9eaf000 r--s 0001c000 08:07 1094847                    /home/chivu/.gradle/caches/jars-2/l6cnyee1vojrkkbpp6qwgpf30shmrja/common-25.3.3.jar
7f67b9eaf000-7f67b9eb8000 r--s 00089000 08:07 1094417                    /home/chivu/.gradle/caches/jars-2/m0t6h8af70sdgxvkj522jy01i14mnb8/sdk-common-25.3.3.jar
7f67b9eb8000-7f67b9ec2000 r--s 00098000 08:07 1094415                    /home/chivu/.gradle/caches/jars-2/28c9ykhc782k8jmlrnbnccai34hziki/sdklib-25.3.3.jar
7f67b9ec2000-7f67b9ec5000 r--s 00006000 08:07 1094385                    /home/chivu/.gradle/caches/jars-2/omk02asobup8sgd6qxom3ej5bg94z2r/builder-model-2.3.3.jar
7f67b9ec5000-7f67b9ed4000 r--s 00130000 08:07 932809                     /home/chivu/.gradle/caches/jars-2/cr6zkqpx14lor9zdtmo49qpc7y8r8p4/protobuf-java-3.0.0.jar
7f67b9ed4000-7f67b9ed6000 r--s 0000f000 08:07 932807                     /home/chivu/.gradle/caches/jars-2/rvfyugrlu5tbpz51p98og0qsxamjq4k/jopt-simple-4.9.jar
7f67b9ed6000-7f67b9eda000 r--s 0001f000 08:07 932805                     /home/chivu/.gradle/caches/jars-2/nq3fzqkrrm37ob61z4iu5qdbh368uat/org.jacoco.report-0.7.5.201505241946.jar
7f67b9eda000-7f67b9ede000 r--s 0001d000 08:07 932803                     /home/chivu/.gradle/caches/jars-2/3kxkmcckmk40ron92zhbm0qjo9l4bkl/org.jacoco.core-0.7.5.201505241946.jar
7f67b9ede000-7f67b9ee0000 r--s 00002000 08:07 932801                     /home/chivu/.gradle/caches/jars-2/m4m0pzb4gmaeh0in5g2xc4bxeuwt828/proguard-gradle-5.3.2.jar
7f67b9ee0000-7f67b9ef6000 r--s 00163000 08:07 1094347                    /home/chivu/.gradle/caches/jars-2/nyg71b5n2lzymmwh5vbtmvjiby07k4g/builder-2.3.3.jar
7f67b9ef6000-7f67ba0f6000 rw-p 00000000 00:00 0 
7f67ba0f6000-7f67ba2f6000 rw-p 00000000 00:00 0 
7f67ba2f6000-7f67ba2f9000 ---p 00000000 00:00 0 
7f67ba2f9000-7f67ba3f7000 rw-p 00000000 00:00 0 
7f67ba3f7000-7f67ba3fa000 ---p 00000000 00:00 0 
7f67ba3fa000-7f67ba630000 rw-p 00000000 00:00 0 
7f67ba630000-7f67ba830000 rw-p 00000000 00:00 0 
7f67ba830000-7f67baa30000 rw-p 00000000 00:00 0 
7f67baa30000-7f67baa31000 r--s 00002000 08:07 1094389                    /home/chivu/.gradle/caches/jars-2/4dod7a1p5hoai4v37pxbcg65bbahvg2/builder-test-api-2.3.3.jar
7f67baa31000-7f67baa33000 r--s 00009000 08:07 932799                     /home/chivu/.gradle/caches/jars-2/ajvcvdu66lc9e3tvvipxtuq48i9bbkc/asm-commons-5.0.4.jar
7f67baa33000-7f67baa35000 r--s 0000c000 08:07 932797                     /home/chivu/.gradle/caches/jars-2/1laz1ygmxoc408r7nwqs1q8uk8r236d/asm-5.0.4.jar
7f67baa35000-7f67baa3a000 r--s 0002c000 08:07 1094383                    /home/chivu/.gradle/caches/jars-2/3mlasgi8oo9o7oa12526198jui9zmp2/compilerCommon-2.3.3.jar
7f67baa3a000-7f67baa3b000 r--s 00002000 08:07 1094379                    /home/chivu/.gradle/caches/jars-2/73l309uzm0ila7rdaaxteq0ng4ayf2y/gradle-api-2.3.3.jar
7f67baa3b000-7f67baa3c000 r--s 00000000 08:07 139334                     /home/chivu/.gradle/caches/jars-2/tlyajppf8woug00g686fx5mchf8iv3o/transform-api-2.0.0-deprecated-use-gradle-api.jar
7f67baa3c000-7f67baa41000 r--s 0005e000 08:07 1094349                    /home/chivu/.gradle/caches/jars-2/k2xtosjt0in0zj7mpwvctw6iznt93uh/lint-25.3.3.jar
7f67baa41000-7f67baa60000 r--s 001ca000 08:07 1094310                    /home/chivu/.gradle/caches/jars-2/5fwyvjq1ai8mdh1mluqxidj1wo7rls8/gradle-core-2.3.3.jar
7f67baa60000-7f67baa62000 r--s 00007000 08:07 266240                     /home/chivu/.gradle/caches/modules-2/files-2.1/com.google.gms/google-services/3.1.0/166ae4e6acd03b7bbebe221ffa54bc039fece1b9/google-services-3.1.0.jar
7f67baa62000-7f67baa64000 r--s 0000d000 08:07 1094266                    /home/chivu/.gradle/caches/jars-2/mel54vauze7hczg2p6nebauqz8s53sj/gradle-2.3.3.jar
7f67baa64000-7f67baa65000 r--p 00000000 00:00 0 
7f67baa65000-7f67bac65000 rw-p 00000000 00:00 0 
7f67bac65000-7f67bacde000 r--s 010ed000 08:07 1201473                    /home/chivu/Downloads/android-studio-p/jre/lib/tools.jar
7f67bacde000-7f67baede000 rw-p 00000000 00:00 0 
7f67baede000-7f67baee1000 ---p 00000000 00:00 0 
7f67baee1000-7f67bafdf000 rw-p 00000000 00:00 0 
7f67bafdf000-7f67bafe2000 ---p 00000000 00:00 0 
7f67bafe2000-7f67bb0e0000 rw-p 00000000 00:00 0 
7f67bb0e0000-7f67bb0e3000 ---p 00000000 00:00 0 
7f67bb0e3000-7f67bb1e1000 rw-p 00000000 00:00 0 
7f67bb1e1000-7f67bb1e4000 ---p 00000000 00:00 0 
7f67bb1e4000-7f67bb2e2000 rw-p 00000000 00:00 0 
7f67bb2e2000-7f67bb2e5000 ---p 00000000 00:00 0 
7f67bb2e5000-7f67bb5e3000 rw-p 00000000 00:00 0 
7f67bb5e3000-7f67bb5e6000 ---p 00000000 00:00 0 
7f67bb5e6000-7f67bb6e4000 rw-p 00000000 00:00 0 
7f67bb6e4000-7f67bb6e7000 ---p 00000000 00:00 0 
7f67bb6e7000-7f67bb7e5000 rw-p 00000000 00:00 0 
7f67bb7e5000-7f67bb7ec000 r--s 00000000 08:07 1590595                    /usr/lib/x86_64-linux-gnu/gconv/gconv-modules.cache
7f67bb7ec000-7f67bb9ec000 rw-p 00000000 00:00 0 
7f67bb9ec000-7f67bb9ef000 ---p 00000000 00:00 0 
7f67bb9ef000-7f67bbaed000 rw-p 00000000 00:00 0 
7f67bbaed000-7f67bbaf6000 r-xp 00000000 08:07 1201548                    /home/chivu/Downloads/android-studio-p/jre/jre/lib/amd64/libmanagement.so
7f67bbaf6000-7f67bbcf5000 ---p 00009000 08:07 1201548                    /home/chivu/Downloads/android-studio-p/jre/jre/lib/amd64/libmanagement.so
7f67bbcf5000-7f67bbcf6000 r--p 00008000 08:07 1201548                    /home/chivu/Downloads/android-studio-p/jre/jre/lib/amd64/libmanagement.so
7f67bbcf6000-7f67bbcf7000 rw-p 00009000 08:07 1201548                    /home/chivu/Downloads/android-studio-p/jre/jre/lib/amd64/libmanagement.so
7f67bbcf7000-7f67bbcfc000 r--s 00098000 08:07 1201512                    /home/chivu/Downloads/android-studio-p/jre/jre/lib/jsse.jar
7f67bbcfc000-7f67bbcfe000 r--s 00007000 08:07 1189108                    /home/chivu/.gradle/wrapper/dists/gradle-3.3-all/55gk2rcmfc6p2dg9u9ohc3hw9/gradle-3.3/lib/plugins/gradle-tooling-api-builders-3.3.jar
7f67bbcfe000-7f67bbd01000 r--s 00009000 08:07 1189101                    /home/chivu/.gradle/wrapper/dists/gradle-3.3-all/55gk2rcmfc6p2dg9u9ohc3hw9/gradle-3.3/lib/plugins/gradle-testing-native-3.3.jar
7f67bbd01000-7f67bbd07000 r--s 00033000 08:07 1189176                    /home/chivu/.gradle/wrapper/dists/gradle-3.3-all/55gk2rcmfc6p2dg9u9ohc3hw9/gradle-3.3/lib/plugins/snakeyaml-1.6.jar
7f67bbd07000-7f67bbd09000 r--s 00006000 08:07 1189175                    /home/chivu/.gradle/wrapper/dists/gradle-3.3-all/55gk2rcmfc6p2dg9u9ohc3hw9/gradle-3.3/lib/plugins/jcommander-1.12.jar
7f67bbd09000-7f67bbd0e000 r--s 00040000 08:07 1189174                    /home/chivu/.gradle/wrapper/dists/gradle-3.3-all/55gk2rcmfc6p2dg9u9ohc3hw9/gradle-3.3/lib/plugins/bsh-2.0b4.jar
7f67bbd0e000-7f67bbd10000 r--s 00009000 08:07 1189182                    /home/chivu/.gradle/wrapper/dists/gradle-3.3-all/55gk2rcmfc6p2dg9u9ohc3hw9/gradle-3.3/lib/plugins/hamcrest-core-1.3.jar
7f67bbd10000-7f67bbd19000 r--s 00089000 08:07 1189133                    /home/chivu/.gradle/wrapper/dists/gradle-3.3-all/55gk2rcmfc6p2dg9u9ohc3hw9/gradle-3.3/lib/plugins/testng-6.3.1.jar
7f67bbd19000-7f67bbd21000 r--s 00045000 08:07 1189132                    /home/chivu/.gradle/wrapper/dists/gradle-3.3-all/55gk2rcmfc6p2dg9u9ohc3hw9/gradle-3.3/lib/plugins/junit-4.12.jar
7f67bbd21000-7f67bbd27000 r--s 0002e000 08:07 1189102                    /home/chivu/.gradle/wrapper/dists/gradle-3.3-all/55gk2rcmfc6p2dg9u9ohc3hw9/gradle-3.3/lib/plugins/gradle-testing-jvm-3.3.jar
7f67bbd27000-7f67bbd2b000 r--s 00016000 08:07 1189100                    /home/chivu/.gradle/wrapper/dists/gradle-3.3-all/55gk2rcmfc6p2dg9u9ohc3hw9/gradle-3.3/lib/plugins/gradle-testing-base-3.3.jar
7f67bbd2b000-7f67bbd32000 r--s 00038000 08:07 1189127                    /home/chivu/.gradle/wrapper/dists/gradle-3.3-all/55gk2rcmfc6p2dg9u9ohc3hw9/gradle-3.3/lib/plugins/bcpg-jdk15on-1.51.jar
7f67bbd32000-7f67bbd34000 r--s 0000c000 08:07 1189079                    /home/chivu/.gradle/wrapper/dists/gradle-3.3-all/55gk2rcmfc6p2dg9u9ohc3hw9/gradle-3.3/lib/plugins/gradle-signing-3.3.jar
7f67bbd34000-7f67bbd36000 r--s 00007000 08:07 1189078                    /home/chivu/.gradle/wrapper/dists/gradle-3.3-all/55gk2rcmfc6p2dg9u9ohc3hw9/gradle-3.3/lib/plugins/gradle-scala-3.3.jar
7f67bbd36000-7f67bbd37000 r--s 00004000 08:07 1189106                    /home/chivu/.gradle/wrapper/dists/gradle-3.3-all/55gk2rcmfc6p2dg9u9ohc3hw9/gradle-3.3/lib/plugins/gradle-resources-sftp-3.3.jar
7f67bbd37000-7f67bbd47000 r--s 00088000 08:07 1189143                    /home/chivu/.gradle/wrapper/dists/gradle-3.3-all/55gk2rcmfc6p2dg9u9ohc3hw9/gradle-3.3/lib/plugins/joda-time-2.8.2.jar
7f67bbd47000-7f67bbd58000 r--s 0010d000 08:07 1189142                    /home/chivu/.gradle/wrapper/dists/gradle-3.3-all/55gk2rcmfc6p2dg9u9ohc3hw9/gradle-3.3/lib/plugins/jackson-databind-2.6.6.jar
7f67bbd58000-7f67bbd5b000 r--s 00009000 08:07 1189141                    /home/chivu/.gradle/wrapper/dists/gradle-3.3-all/55gk2rcmfc6p2dg9u9ohc3hw9/gradle-3.3/lib/plugins/jackson-annotations-2.6.6.jar
7f67bbd5b000-7f67bbd5f000 r--s 0003c000 08:07 1189140                    /home/chivu/.gradle/wrapper/dists/gradle-3.3-all/55gk2rcmfc6p2dg9u9ohc3hw9/gradle-3.3/lib/plugins/jackson-core-2.6.6.jar
7f67bbd5f000-7f67bbd6d000 r--s 00087000 08:07 1189139                    /home/chivu/.gradle/wrapper/dists/gradle-3.3-all/55gk2rcmfc6p2dg9u9ohc3hw9/gradle-3.3/lib/plugins/aws-java-sdk-core-1.11.6.jar
7f67bbd6d000-7f67bbd74000 r--s 00057000 08:07 1189138                    /home/chivu/.gradle/wrapper/dists/gradle-3.3-all/55gk2rcmfc6p2dg9u9ohc3hw9/gradle-3.3/lib/plugins/aws-java-sdk-kms-1.11.6.jar
7f67bbd74000-7f67bbd81000 r--s 0008e000 08:07 1189137                    /home/chivu/.gradle/wrapper/dists/gradle-3.3-all/55gk2rcmfc6p2dg9u9ohc3hw9/gradle-3.3/lib/plugins/aws-java-sdk-s3-1.11.6.jar
7f67bbd81000-7f67bbd83000 r--s 00004000 08:07 1189107                    /home/chivu/.gradle/wrapper/dists/gradle-3.3-all/55gk2rcmfc6p2dg9u9ohc3hw9/gradle-3.3/lib/plugins/gradle-resources-s3-3.3.jar
7f67bbd83000-7f67bbd85000 r--s 00005000 08:07 1189131                    /home/chivu/.gradle/wrapper/dists/gradle-3.3-all/55gk2rcmfc6p2dg9u9ohc3hw9/gradle-3.3/lib/plugins/jatl-0.2.2.jar
7f67bbd85000-7f67bbd87000 r--s 0000f000 08:07 1189084                    /home/chivu/.gradle/wrapper/dists/gradle-3.3-all/55gk2rcmfc6p2dg9u9ohc3hw9/gradle-3.3/lib/plugins/gradle-reporting-3.3.jar
7f67bbd87000-7f67bbd89000 r--s 00002000 08:07 1189085                    /home/chivu/.gradle/wrapper/dists/gradle-3.3-all/55gk2rcmfc6p2dg9u9ohc3hw9/gradle-3.3/lib/plugins/gradle-publish-3.3.jar
7f67bbd89000-7f67bbd8b000 r--s 00009000 08:07 1189114                    /home/chivu/.gradle/wrapper/dists/gradle-3.3-all/55gk2rcmfc6p2dg9u9ohc3hw9/gradle-3.3/lib/plugins/commons-cli-1.2.jar
7f67bbd8b000-7f67bbd91000 r--s 00031000 08:07 1189070                    /home/chivu/.gradle/wrapper/dists/gradle-3.3-all/55gk2rcmfc6p2dg9u9ohc3hw9/gradle-3.3/lib/plugins/gradle-plugins-3.3.jar
7f67bbd91000-7f67bbd93000 r--s 00009000 08:07 1189103                    /home/chivu/.gradle/wrapper/dists/gradle-3.3-all/55gk2rcmfc6p2dg9u9ohc3hw9/gradle-3.3/lib/plugins/gradle-plugin-development-3.3.jar
7f67bbd93000-7f67bbd99000 r--s 0002b000 08:07 1189096                    /home/chivu/.gradle/wrapper/dists/gradle-3.3-all/55gk2rcmfc6p2dg9u9ohc3hw9/gradle-3.3/lib/plugins/gradle-platform-play-3.3.jar
7f67bbd99000-7f67bbda7000 r--s 00055000 08:07 1189095                    /home/chivu/.gradle/wrapper/dists/gradle-3.3-all/55gk2rcmfc6p2dg9u9ohc3hw9/gradle-3.3/lib/plugins/gradle-platform-native-3.3.jar
7f67bbda7000-7f67bbdac000 r--s 0001f000 08:07 1189090                    /home/chivu/.gradle/wrapper/dists/gradle-3.3-all/55gk2rcmfc6p2dg9u9ohc3hw9/gradle-3.3/lib/plugins/gradle-platform-jvm-3.3.jar
7f67bbdac000-7f67bbdb4000 r--s 00027000 08:07 1189089                    /home/chivu/.gradle/wrapper/dists/gradle-3.3-all/55gk2rcmfc6p2dg9u9ohc3hw9/gradle-3.3/lib/plugins/gradle-platform-base-3.3.jar
7f67bbdb4000-7f67bbddc000 r--s 0021c000 08:07 1189122                    /home/chivu/.gradle/wrapper/dists/gradle-3.3-all/55gk2rcmfc6p2dg9u9ohc3hw9/gradle-3.3/lib/plugins/biz.aQute.bndlib-3.2.0.jar
7f67bbddc000-7f67bbdde000 r--s 00003000 08:07 1189074                    /home/chivu/.gradle/wrapper/dists/gradle-3.3-all/55gk2rcmfc6p2dg9u9ohc3hw9/gradle-3.3/lib/plugins/gradle-osgi-3.3.jar
7f67bbdde000-7f67bbde1000 r--s 0000c000 08:07 1189125                    /home/chivu/.gradle/wrapper/dists/gradle-3.3-all/55gk2rcmfc6p2dg9u9ohc3hw9/gradle-3.3/lib/plugins/pmaven-groovy-0.8-20100325.jar
7f67bbde1000-7f67bbde7000 r--s 00023000 08:07 1189075                    /home/chivu/.gradle/wrapper/dists/gradle-3.3-all/55gk2rcmfc6p2dg9u9ohc3hw9/gradle-3.3/lib/plugins/gradle-maven-3.3.jar
7f67bbde7000-7f67bbdea000 r--s 0000b000 08:07 1189094                    /home/chivu/.gradle/wrapper/dists/gradle-3.3-all/55gk2rcmfc6p2dg9u9ohc3hw9/gradle-3.3/lib/plugins/gradle-language-scala-3.3.jar
7f67bbdea000-7f67bbe00000 r-xp 00000000 08:07 529479                     /lib/x86_64-linux-gnu/libgcc_s.so.1
7f67bbe00000-7f67bbfff000 ---p 00016000 08:07 529479                     /lib/x86_64-linux-gnu/libgcc_s.so.1
7f67bbfff000-7f67bc000000 rw-p 00015000 08:07 529479                     /lib/x86_64-linux-gnu/libgcc_s.so.1
7f67bc000000-7f67bc021000 rw-p 00000000 00:00 0 
7f67bc021000-7f67c0000000 ---p 00000000 00:00 0 
7f67c0000000-7f67c0021000 rw-p 00000000 00:00 0 
7f67c0021000-7f67c4000000 ---p 00000000 00:00 0 
7f67c4000000-7f67c634b000 rw-p 00000000 00:00 0 
7f67c634b000-7f67c8000000 ---p 00000000 00:00 0 
7f67c8000000-7f67c8e44000 rw-p 00000000 00:00 0 
7f67c8e44000-7f67cc000000 ---p 00000000 00:00 0 
7f67cc000000-7f67cc021000 rw-p 00000000 00:00 0 
7f67cc021000-7f67d0000000 ---p 00000000 00:00 0 
7f67d0000000-7f67d1fcc000 rw-p 00000000 00:00 0 
7f67d1fcc000-7f67d4000000 ---p 00000000 00:00 0 
7f67d4000000-7f67d4021000 rw-p 00000000 00:00 0 
7f67d4021000-7f67d8000000 ---p 00000000 00:00 0 
7f67d8000000-7f67d8021000 rw-p 00000000 00:00 0 
7f67d8021000-7f67dc000000 ---p 00000000 00:00 0 
7f67dc000000-7f67dc286000 rw-p 00000000 00:00 0 
7f67dc286000-7f67e0000000 ---p 00000000 00:00 0 
7f67e0000000-7f67e0001000 r--s 00004000 08:07 1189124                    /home/chivu/.gradle/wrapper/dists/gradle-3.3-all/55gk2rcmfc6p2dg9u9ohc3hw9/gradle-3.3/lib/plugins/pmaven-common-0.8-20100325.jar
7f67e0001000-7f67e0007000 r--s 0001a000 08:07 1189098                    /home/chivu/.gradle/wrapper/dists/gradle-3.3-all/55gk2rcmfc6p2dg9u9ohc3hw9/gradle-3.3/lib/plugins/gradle-language-native-3.3.jar
7f67e0007000-7f67e000a000 r--s 00005000 08:07 1189091                    /home/chivu/.gradle/wrapper/dists/gradle-3.3-all/55gk2rcmfc6p2dg9u9ohc3hw9/gradle-3.3/lib/plugins/gradle-language-jvm-3.3.jar
7f67e000a000-7f67e0010000 r--s 00027000 08:07 1189092                    /home/chivu/.gradle/wrapper/dists/gradle-3.3-all/55gk2rcmfc6p2dg9u9ohc3hw9/gradle-3.3/lib/plugins/gradle-language-java-3.3.jar
7f67e0010000-7f67e0012000 r--s 0000a000 08:07 1189093                    /home/chivu/.gradle/wrapper/dists/gradle-3.3-all/55gk2rcmfc6p2dg9u9ohc3hw9/gradle-3.3/lib/plugins/gradle-language-groovy-3.3.jar
7f67e0012000-7f67e0015000 r--s 0001e000 08:07 1189149                    /home/chivu/.gradle/wrapper/dists/gradle-3.3-all/55gk2rcmfc6p2dg9u9ohc3hw9/gradle-3.3/lib/plugins/jsp-api-2.1-6.1.14.jar
7f67e0015000-7f67e0038000 r--s 00344000 08:07 1189148                    /home/chivu/.gradle/wrapper/dists/gradle-3.3-all/55gk2rcmfc6p2dg9u9ohc3hw9/gradle-3.3/lib/plugins/core-3.1.1.jar
7f67e0038000-7f67e0039000 r--s 00006000 08:07 1189147                    /home/chivu/.gradle/wrapper/dists/gradle-3.3-all/55gk2rcmfc6p2dg9u9ohc3hw9/gradle-3.3/lib/plugins/jetty-naming-6.1.26.jar
7f67e0039000-7f67e003a000 r--s 00002000 08:07 1189121                    /home/chivu/.gradle/wrapper/dists/gradle-3.3-all/55gk2rcmfc6p2dg9u9ohc3hw9/gradle-3.3/lib/plugins/geronimo-annotation_1.0_spec-1.0.jar
7f67e003a000-7f67e003c000 r--s 00002000 08:07 1189120                    /home/chivu/.gradle/wrapper/dists/gradle-3.3-all/55gk2rcmfc6p2dg9u9ohc3hw9/gradle-3.3/lib/plugins/jetty-annotations-6.1.26.jar
7f67e003c000-7f67e004d000 r--s 000ea000 08:07 1189119                    /home/chivu/.gradle/wrapper/dists/gradle-3.3-all/55gk2rcmfc6p2dg9u9ohc3hw9/gradle-3.3/lib/plugins/jsp-2.1-6.1.14.jar
7f67e004d000-7f67e004f000 r--s 0000d000 08:07 1189118                    /home/chivu/.gradle/wrapper/dists/gradle-3.3-all/55gk2rcmfc6p2dg9u9ohc3hw9/gradle-3.3/lib/plugins/jetty-plus-6.1.26.jar
7f67e004f000-7f67e0051000 r--s 0001f000 08:07 1189117                    /home/chivu/.gradle/wrapper/dists/gradle-3.3-all/55gk2rcmfc6p2dg9u9ohc3hw9/gradle-3.3/lib/plugins/servlet-api-2.5-20081211.jar
7f67e0051000-7f67e0055000 r--s 00028000 08:07 1189116                    /home/chivu/.gradle/wrapper/dists/gradle-3.3-all/55gk2rcmfc6p2dg9u9ohc3hw9/gradle-3.3/lib/plugins/jetty-util-6.1.26.jar
7f67e0055000-7f67e005c000 r--s 0007d000 08:07 1189115                    /home/chivu/.gradle/wrapper/dists/gradle-3.3-all/55gk2rcmfc6p2dg9u9ohc3hw9/gradle-3.3/lib/plugins/jetty-6.1.26.jar
7f67e005c000-7f67e005e000 r--s 0000a000 08:07 1189072                    /home/chivu/.gradle/wrapper/dists/gradle-3.3-all/55gk2rcmfc6p2dg9u9ohc3hw9/gradle-3.3/lib/plugins/gradle-jetty-3.3.jar
7f67e005e000-7f67e0065000 r--s 00035000 08:07 1189130                    /home/chivu/.gradle/wrapper/dists/gradle-3.3-all/55gk2rcmfc6p2dg9u9ohc3hw9/gradle-3.3/lib/plugins/simple-4.1.21.jar
7f67e0065000-7f67e0071000 r--s 00100000 08:07 1189128                    /home/chivu/.gradle/wrapper/dists/gradle-3.3-all/55gk2rcmfc6p2dg9u9ohc3hw9/gradle-3.3/lib/plugins/rhino-1.7R3.jar
7f67e0071000-7f67e0075000 r--s 00012000 08:07 1189081                    /home/chivu/.gradle/wrapper/dists/gradle-3.3-all/55gk2rcmfc6p2dg9u9ohc3hw9/gradle-3.3/lib/plugins/gradle-javascript-3.3.jar
7f67e0075000-7f67e0077000 r--s 0000d000 08:07 1189087                    /home/chivu/.gradle/wrapper/dists/gradle-3.3-all/55gk2rcmfc6p2dg9u9ohc3hw9/gradle-3.3/lib/plugins/gradle-jacoco-3.3.jar
7f67e0077000-7f67e007a000 r--s 0000e000 08:07 1189086                    /home/chivu/.gradle/wrapper/dists/gradle-3.3-all/55gk2rcmfc6p2dg9u9ohc3hw9/gradle-3.3/lib/plugins/gradle-ivy-3.3.jar
7f67e007a000-7f67e007b000 r--s 00002000 08:07 1189097                    /home/chivu/.gradle/wrapper/dists/gradle-3.3-all/55gk2rcmfc6p2dg9u9ohc3hw9/gradle-3.3/lib/plugins/gradle-ide-play-3.3.jar
7f67e007b000-7f67e007e000 r--s 00013000 08:07 1189099                    /home/chivu/.gradle/wrapper/dists/gradle-3.3-all/55gk2rcmfc6p2dg9u9ohc3hw9/gradle-3.3/lib/plugins/gradle-ide-native-3.3.jar
7f67e007e000-7f67e0087000 r--s 00055000 08:07 1189076                    /home/chivu/.gradle/wrapper/dists/gradle-3.3-all/55gk2rcmfc6p2dg9u9ohc3hw9/gradle-3.3/lib/plugins/gradle-ide-3.3.jar
7f67e0087000-7f67e0089000 r--s 00007000 08:07 1189080                    /home/chivu/.gradle/wrapper/dists/gradle-3.3-all/55gk2rcmfc6p2dg9u9ohc3hw9/gradle-3.3/lib/plugins/gradle-ear-3.3.jar
7f67e0089000-7f67e008f000 r--s 00039000 08:07 1189083                    /home/chivu/.gradle/wrapper/dists/gradle-3.3-all/55gk2rcmfc6p2dg9u9ohc3hw9/gradle-3.3/lib/plugins/gradle-diagnostics-3.3.jar
7f67e008f000-7f67e0090000 r--s 00009000 08:07 1189109                    /home/chivu/.gradle/wrapper/dists/gradle-3.3-all/55gk2rcmfc6p2dg9u9ohc3hw9/gradle-3.3/lib/plugins/gradle-composite-builds-3.3.jar
7f67e0090000-7f67e0094000 r--s 00023000 08:07 1189071                    /home/chivu/.gradle/wrapper/dists/gradle-3.3-all/55gk2rcmfc6p2dg9u9ohc3hw9/gradle-3.3/lib/plugins/gradle-code-quality-3.3.jar
7f67e0094000-7f67e0098000 r--s 00022000 08:07 1189088                    /home/chivu/.gradle/wrapper/dists/gradle-3.3-all/55gk2rcmfc6p2dg9u9ohc3hw9/gradle-3.3/lib/plugins/gradle-build-init-3.3.jar
7f67e0098000-7f67e009e000 r--s 0008e000 08:07 1189082                    /home/chivu/.gradle/wrapper/dists/gradle-3.3-all/55gk2rcmfc6p2dg9u9ohc3hw9/gradle-3.3/lib/plugins/gradle-build-comparison-3.3.jar
7f67e009e000-7f67e009f000 r--s 00001000 08:07 1189110                    /home/chivu/.gradle/wrapper/dists/gradle-3.3-all/55gk2rcmfc6p2dg9u9ohc3hw9/gradle-3.3/lib/plugins/gradle-build-cache-http-3.3.jar
7f67e009f000-7f67e00a1000 r--s 00008000 08:07 1189073                    /home/chivu/.gradle/wrapper/dists/gradle-3.3-all/55gk2rcmfc6p2dg9u9ohc3hw9/gradle-3.3/lib/plugins/gradle-antlr-3.3.jar
7f67e00a1000-7f67e00a3000 r--s 00004000 08:07 1189077                    /home/chivu/.gradle/wrapper/dists/gradle-3.3-all/55gk2rcmfc6p2dg9u9ohc3hw9/gradle-3.3/lib/plugins/gradle-announce-3.3.jar
7f67e00a3000-7f67e00bb000 r--s 00115000 08:07 1189179                    /home/chivu/.gradle/wrapper/dists/gradle-3.3-all/55gk2rcmfc6p2dg9u9ohc3hw9/gradle-3.3/lib/plugins/xercesImpl-2.9.1.jar
7f67e00bb000-7f67e00c3000 r--s 00028000 08:07 1189180                    /home/chivu/.gradle/wrapper/dists/gradle-3.3-all/55gk2rcmfc6p2dg9u9ohc3hw9/gradle-3.3/lib/plugins/xml-apis-1.3.04.jar
7f67e00c3000-7f67e00c9000 r--s 0005b000 08:07 1189178                    /home/chivu/.gradle/wrapper/dists/gradle-3.3-all/55gk2rcmfc6p2dg9u9ohc3hw9/gradle-3.3/lib/plugins/jcifs-1.3.17.jar
7f67e00c9000-7f67e00cf000 r--s 00033000 08:07 1189126                    /home/chivu/.gradle/wrapper/dists/gradle-3.3-all/55gk2rcmfc6p2dg9u9ohc3hw9/gradle-3.3/lib/plugins/commons-codec-1.6.jar
7f67e00cf000-7f67e00d6000 r--s 00049000 08:07 1189177                    /home/chivu/.gradle/wrapper/dists/gradle-3.3-all/55gk2rcmfc6p2dg9u9ohc3hw9/gradle-3.3/lib/plugins/httpcore-4.4.4.jar
7f67e00d6000-7f67e00d9000 r--s 0001c000 08:07 1189135                    /home/chivu/.gradle/wrapper/dists/gradle-3.3-all/55gk2rcmfc6p2dg9u9ohc3hw9/gradle-3.3/lib/plugins/nekohtml-1.9.14.jar
7f67e00d9000-7f67e00e6000 r--s 000a4000 08:07 1189134                    /home/chivu/.gradle/wrapper/dists/gradle-3.3-all/55gk2rcmfc6p2dg9u9ohc3hw9/gradle-3.3/lib/plugins/httpclient-4.4.1.jar
7f67e00e6000-7f67e00e9000 r--s 0000a000 08:07 1189105                    /home/chivu/.gradle/wrapper/dists/gradle-3.3-all/55gk2rcmfc6p2dg9u9ohc3hw9/gradle-3.3/lib/plugins/gradle-resources-http-3.3.jar
7f67e00e9000-7f67e00ed000 r--s 00015000 08:07 1189104                    /home/chivu/.gradle/wrapper/dists/gradle-3.3-all/55gk2rcmfc6p2dg9u9ohc3hw9/gradle-3.3/lib/plugins/gradle-plugin-use-3.3.jar
7f67e00ed000-7f67e00ee000 r--s 00000000 08:07 1189016                    /home/chivu/.gradle/wrapper/dists/gradle-3.3-all/55gk2rcmfc6p2dg9u9ohc3hw9/gradle-3.3/lib/gradle-installation-beacon-3.3.jar
7f67e00ee000-7f67e00f0000 r--s 00006000 08:07 1189173                    /home/chivu/.gradle/wrapper/dists/gradle-3.3-all/55gk2rcmfc6p2dg9u9ohc3hw9/gradle-3.3/lib/plugins/aether-connector-wagon-1.13.1.jar
7f67e00f0000-7f67e00f4000 r--s 0001c000 08:07 1189172                    /home/chivu/.gradle/wrapper/dists/gradle-3.3-all/55gk2rcmfc6p2dg9u9ohc3hw9/gradle-3.3/lib/plugins/aether-util-1.13.1.jar
7f67e00f4000-7f67e00f5000 r--s 00003000 08:07 1189171                    /home/chivu/.gradle/wrapper/dists/gradle-3.3-all/55gk2rcmfc6p2dg9u9ohc3hw9/gradle-3.3/lib/plugins/aether-spi-1.13.1.jar
7f67e00f5000-7f67e00f8000 r--s 0001d000 08:07 1189170                    /home/chivu/.gradle/wrapper/dists/gradle-3.3-all/55gk2rcmfc6p2dg9u9ohc3hw9/gradle-3.3/lib/plugins/aether-impl-1.13.1.jar
7f67e00f8000-7f67e00fb000 r--s 00013000 08:07 1189169                    /home/chivu/.gradle/wrapper/dists/gradle-3.3-all/55gk2rcmfc6p2dg9u9ohc3hw9/gradle-3.3/lib/plugins/aether-api-1.13.1.jar
7f67e00fb000-7f67e00fc000 r--s 00007000 08:07 1189168                    /home/chivu/.gradle/wrapper/dists/gradle-3.3-all/55gk2rcmfc6p2dg9u9ohc3hw9/gradle-3.3/lib/plugins/wagon-http-shared4-2.4.jar
7f67e00fc000-7f67e00fe000 r--s 0000b000 08:07 1189167                    /home/chivu/.gradle/wrapper/dists/gradle-3.3-all/55gk2rcmfc6p2dg9u9ohc3hw9/gradle-3.3/lib/plugins/wagon-provider-api-2.4.jar
7f67e00fe000-7f67e00ff000 r--s 00002000 08:07 1189166                    /home/chivu/.gradle/wrapper/dists/gradle-3.3-all/55gk2rcmfc6p2dg9u9ohc3hw9/gradle-3.3/lib/plugins/wagon-http-2.4.jar
7f67e00ff000-7f67e0100000 r--s 00002000 08:07 1189165                    /home/chivu/.gradle/wrapper/dists/gradle-3.3-all/55gk2rcmfc6p2dg9u9ohc3hw9/gradle-3.3/lib/plugins/wagon-file-2.4.jar
7f67e0100000-7f67e0102000 r--s 0000c000 08:07 1189164                    /home/chivu/.gradle/wrapper/dists/gradle-3.3-all/55gk2rcmfc6p2dg9u9ohc3hw9/gradle-3.3/lib/plugins/maven-aether-provider-3.0.4.jar
7f67e0102000-7f67e0104000 r--s 0000b000 08:07 1189163                    /home/chivu/.gradle/wrapper/dists/gradle-3.3-all/55gk2rcmfc6p2dg9u9ohc3hw9/gradle-3.3/lib/plugins/maven-plugin-api-3.0.4.jar
7f67e0104000-7f67e0106000 r--s 00006000 08:07 1189162                    /home/chivu/.gradle/wrapper/dists/gradle-3.3-all/55gk2rcmfc6p2dg9u9ohc3hw9/gradle-3.3/lib/plugins/maven-repository-metadata-3.0.4.jar
7f67e0106000-7f67e0108000 r--s 0000b000 08:07 1189161                    /home/chivu/.gradle/wrapper/dists/gradle-3.3-all/55gk2rcmfc6p2dg9u9ohc3hw9/gradle-3.3/lib/plugins/maven-artifact-3.0.4.jar
7f67e0108000-7f67e010a000 r--s 00026000 08:07 1189160                    /home/chivu/.gradle/wrapper/dists/gradle-3.3-all/55gk2rcmfc6p2dg9u9ohc3hw9/gradle-3.3/lib/plugins/maven-model-3.0.4.jar
7f67e010a000-7f67e010e000 r--s 00021000 08:07 1189159                    /home/chivu/.gradle/wrapper/dists/gradle-3.3-all/55gk2rcmfc6p2dg9u9ohc3hw9/gradle-3.3/lib/plugins/maven-model-builder-3.0.4.jar
7f67e010e000-7f67e0114000 r--s 0003f000 08:07 1189158                    /home/chivu/.gradle/wrapper/dists/gradle-3.3-all/55gk2rcmfc6p2dg9u9ohc3hw9/gradle-3.3/lib/plugins/maven-compat-3.0.4.jar
7f67e0114000-7f67e0115000 r--s 00006000 08:07 1189157                    /home/chivu/.gradle/wrapper/dists/gradle-3.3-all/55gk2rcmfc6p2dg9u9ohc3hw9/gradle-3.3/lib/plugins/plexus-sec-dispatcher-1.3.jar
7f67e0115000-7f67e0117000 r--s 00002000 08:07 1189156                    /home/chivu/.gradle/wrapper/dists/gradle-3.3-all/55gk2rcmfc6p2dg9u9ohc3hw9/gradle-3.3/lib/plugins/plexus-cipher-1.7.jar
7f67e0117000-7f67e0119000 r--s 0000a000 08:07 1189155                    /home/chivu/.gradle/wrapper/dists/gradle-3.3-all/55gk2rcmfc6p2dg9u9ohc3hw9/gradle-3.3/lib/plugins/plexus-classworlds-2.4.jar
7f67e0119000-7f67e0120000 r--s 0002e000 08:07 1189154                    /home/chivu/.gradle/wrapper/dists/gradle-3.3-all/55gk2rcmfc6p2dg9u9ohc3hw9/gradle-3.3/lib/plugins/plexus-container-default-1.5.5.jar
7f67e0120000-7f67e0122000 r--s 00000000 08:07 1189181                    /home/chivu/.gradle/wrapper/dists/gradle-3.3-all/55gk2rcmfc6p2dg9u9ohc3hw9/gradle-3.3/lib/plugins/plexus-component-annotations-1.5.5.jar
7f67e0122000-7f67e0124000 r--s 0000d000 08:07 1189153                    /home/chivu/.gradle/wrapper/dists/gradle-3.3-all/55gk2rcmfc6p2dg9u9ohc3hw9/gradle-3.3/lib/plugins/plexus-interpolation-1.14.jar
7f67e0124000-7f67e0128000 r--s 00033000 08:07 1189152                    /home/chivu/.gradle/wrapper/dists/gradle-3.3-all/55gk2rcmfc6p2dg9u9ohc3hw9/gradle-3.3/lib/plugins/plexus-utils-2.0.6.jar
7f67e0128000-7f67e012b000 r--s 00008000 08:07 1189151                    /home/chivu/.gradle/wrapper/dists/gradle-3.3-all/55gk2rcmfc6p2dg9u9ohc3hw9/gradle-3.3/lib/plugins/maven-settings-builder-3.0.4.jar
7f67e012b000-7f67e0130000 r--s 00040000 08:07 1189136                    /home/chivu/.gradle/wrapper/dists/gradle-3.3-all/55gk2rcmfc6p2dg9u9ohc3hw9/gradle-3.3/lib/plugins/jsch-0.1.53.jar
7f67e0130000-7f67e0170000 r--s 00277000 08:07 1189146                    /home/chivu/.gradle/wrapper/dists/gradle-3.3-all/55gk2rcmfc6p2dg9u9ohc3hw9/gradle-3.3/lib/plugins/bcprov-jdk15on-1.51.jar
7f67e0170000-7f67e017c000 r--s 0007d000 08:07 1189123                    /home/chivu/.gradle/wrapper/dists/gradle-3.3-all/55gk2rcmfc6p2dg9u9ohc3hw9/gradle-3.3/lib/plugins/maven-core-3.0.4.jar
7f67e017c000-7f67e019b000 r--s 000f6000 08:07 1189112                    /home/chivu/.gradle/wrapper/dists/gradle-3.3-all/55gk2rcmfc6p2dg9u9ohc3hw9/gradle-3.3/lib/plugins/gradle-dependency-management-3.3.jar
7f67e019b000-7f67e030d000 r-xp 00000000 08:07 1312856                    /usr/lib/x86_64-linux-gnu/libstdc++.so.6.0.21
7f67e030d000-7f67e050d000 ---p 00172000 08:07 1312856                    /usr/lib/x86_64-linux-gnu/libstdc++.so.6.0.21
7f67e050d000-7f67e0517000 r--p 00172000 08:07 1312856                    /usr/lib/x86_64-linux-gnu/libstdc++.so.6.0.21
7f67e0517000-7f67e0519000 rw-p 0017c000 08:07 1312856                    /usr/lib/x86_64-linux-gnu/libstdc++.so.6.0.21
7f67e0519000-7f67e051d000 rw-p 00000000 00:00 0 
7f67e051d000-7f67e051f000 r--s 0000a000 08:07 1189150                    /home/chivu/.gradle/wrapper/dists/gradle-3.3-all/55gk2rcmfc6p2dg9u9ohc3hw9/gradle-3.3/lib/plugins/maven-settings-3.0.4.jar
7f67e051f000-7f67e0523000 r--s 0001d000 08:07 1189145                    /home/chivu/.gradle/wrapper/dists/gradle-3.3-all/55gk2rcmfc6p2dg9u9ohc3hw9/gradle-3.3/lib/plugins/xbean-reflect-3.4.jar
7f67e0523000-7f67e0528000 r--s 00034000 08:07 1189129                    /home/chivu/.gradle/wrapper/dists/gradle-3.3-all/55gk2rcmfc6p2dg9u9ohc3hw9/gradle-3.3/lib/plugins/gson-2.7.jar
7f67e0528000-7f67e0537000 r--s 000d9000 08:07 1189144                    /home/chivu/.gradle/wrapper/dists/gradle-3.3-all/55gk2rcmfc6p2dg9u9ohc3hw9/gradle-3.3/lib/plugins/ivy-2.2.0.jar
7f67e0537000-7f67e0539000 r--s 00005000 08:07 1189111                    /home/chivu/.gradle/wrapper/dists/gradle-3.3-all/55gk2rcmfc6p2dg9u9ohc3hw9/gradle-3.3/lib/plugins/gradle-workers-3.3.jar
7f67e0539000-7f67e053e000 r-xp 00000000 08:07 932602                     /home/chivu/.gradle/native/23/linux-amd64/libnative-platform.so
7f67e053e000-7f67e073d000 ---p 00005000 08:07 932602                     /home/chivu/.gradle/native/23/linux-amd64/libnative-platform.so
7f67e073d000-7f67e073e000 rw-p 00004000 08:07 932602                     /home/chivu/.gradle/native/23/linux-amd64/libnative-platform.so
7f67e073e000-7f67e074f000 r-xp 00000000 08:07 1201545                    /home/chivu/Downloads/android-studio-p/jre/jre/lib/amd64/libnio.so
7f67e074f000-7f67e094e000 ---p 00011000 08:07 1201545                    /home/chivu/Downloads/android-studio-p/jre/jre/lib/amd64/libnio.so
7f67e094e000-7f67e094f000 r--p 00010000 08:07 1201545                    /home/chivu/Downloads/android-studio-p/jre/jre/lib/amd64/libnio.so
7f67e094f000-7f67e0950000 rw-p 00011000 08:07 1201545                    /home/chivu/Downloads/android-studio-p/jre/jre/lib/amd64/libnio.so
7f67e0950000-7f67e0c51000 rw-p 00000000 00:00 0 
7f67e0c51000-7f67e0c68000 r-xp 00000000 08:07 1201544                    /home/chivu/Downloads/android-studio-p/jre/jre/lib/amd64/libnet.so
7f67e0c68000-7f67e0e67000 ---p 00017000 08:07 1201544                    /home/chivu/Downloads/android-studio-p/jre/jre/lib/amd64/libnet.so
7f67e0e67000-7f67e0e68000 r--p 00016000 08:07 1201544                    /home/chivu/Downloads/android-studio-p/jre/jre/lib/amd64/libnet.so
7f67e0e68000-7f67e0e69000 rw-p 00017000 08:07 1201544                    /home/chivu/Downloads/android-studio-p/jre/jre/lib/amd64/libnet.so
7f67e0e69000-7f67e0e6a000 r--s 00006000 08:07 1189015                    /home/chivu/.gradle/wrapper/dists/gradle-3.3-all/55gk2rcmfc6p2dg9u9ohc3hw9/gradle-3.3/lib/gradle-wrapper-3.3.jar
7f67e0e6a000-7f67e1000000 r--s 0157e000 08:07 1189010                    /home/chivu/.gradle/wrapper/dists/gradle-3.3-all/55gk2rcmfc6p2dg9u9ohc3hw9/gradle-3.3/lib/kotlin-compiler-embeddable-1.1-M02.jar
7f67e1000000-7f67e4000000 rw-p 00000000 00:00 0 
7f67e4000000-7f67e4033000 rw-p 00000000 00:00 0 
7f67e4033000-7f67e8000000 ---p 00000000 00:00 0 
7f67e8000000-7f67e8116000 rw-p 00000000 00:00 0 
7f67e8116000-7f67ec000000 ---p 00000000 00:00 0 
7f67ec000000-7f67ec136000 rw-p 00000000 00:00 0 
7f67ec136000-7f67f0000000 ---p 00000000 00:00 0 
7f67f0000000-7f67f0021000 rw-p 00000000 00:00 0 
7f67f0021000-7f67f4000000 ---p 00000000 00:00 0 
7f67f4000000-7f67f400d000 r--s 00041000 08:07 1189022                    /home/chivu/.gradle/wrapper/dists/gradle-3.3-all/55gk2rcmfc6p2dg9u9ohc3hw9/gradle-3.3/lib/gradle-tooling-api-3.3.jar
7f67f400d000-7f67f400f000 r--s 00002000 08:07 1189042                    /home/chivu/.gradle/wrapper/dists/gradle-3.3-all/55gk2rcmfc6p2dg9u9ohc3hw9/gradle-3.3/lib/gradle-open-api-3.3.jar
7f67f400f000-7f67f4015000 r--s 00032000 08:07 1189044                    /home/chivu/.gradle/wrapper/dists/gradle-3.3-all/55gk2rcmfc6p2dg9u9ohc3hw9/gradle-3.3/lib/jaxen-1.1.jar
7f67f4015000-7f67f401a000 r--s 00048000 08:07 1189043                    /home/chivu/.gradle/wrapper/dists/gradle-3.3-all/55gk2rcmfc6p2dg9u9ohc3hw9/gradle-3.3/lib/dom4j-1.6.1.jar
7f67f401a000-7f67f4025000 r--s 00059000 08:07 1189021                    /home/chivu/.gradle/wrapper/dists/gradle-3.3-all/55gk2rcmfc6p2dg9u9ohc3hw9/gradle-3.3/lib/gradle-ui-3.3.jar
7f67f4025000-7f67f402e000 r--s 0008c000 08:07 1189013                    /home/chivu/.gradle/wrapper/dists/gradle-3.3-all/55gk2rcmfc6p2dg9u9ohc3hw9/gradle-3.3/lib/kotlin-stdlib-1.1-M02.jar
7f67f402e000-7f67f4034000 r--s 0002a000 08:07 1189012                    /home/chivu/.gradle/wrapper/dists/gradle-3.3-all/55gk2rcmfc6p2dg9u9ohc3hw9/gradle-3.3/lib/kotlin-runtime-1.1-M02.jar
7f67f4034000-7f67f4068000 r--s 00256000 08:07 1189011                    /home/chivu/.gradle/wrapper/dists/gradle-3.3-all/55gk2rcmfc6p2dg9u9ohc3hw9/gradle-3.3/lib/kotlin-reflect-1.1-M02.jar
7f67f4068000-7f67f4070000 r--s 0004e000 08:07 1189009                    /home/chivu/.gradle/wrapper/dists/gradle-3.3-all/55gk2rcmfc6p2dg9u9ohc3hw9/gradle-3.3/lib/gradle-script-kotlin-0.5.1.jar
7f67f4070000-7f67f4073000 r--s 0000b000 08:07 1189040                    /home/chivu/.gradle/wrapper/dists/gradle-3.3-all/55gk2rcmfc6p2dg9u9ohc3hw9/gradle-3.3/lib/gradle-resources-3.3.jar
7f67f4073000-7f67f4075000 r--s 00003000 08:07 1189049                    /home/chivu/.gradle/wrapper/dists/gradle-3.3-all/55gk2rcmfc6p2dg9u9ohc3hw9/gradle-3.3/lib/jcl-over-slf4j-1.7.10.jar
7f67f4075000-7f67f4076000 r--s 00005000 08:07 1189048                    /home/chivu/.gradle/wrapper/dists/gradle-3.3-all/55gk2rcmfc6p2dg9u9ohc3hw9/gradle-3.3/lib/log4j-over-slf4j-1.7.10.jar
7f67f4076000-7f67f4078000 r--s 00000000 08:07 1189047                    /home/chivu/.gradle/wrapper/dists/gradle-3.3-all/55gk2rcmfc6p2dg9u9ohc3hw9/gradle-3.3/lib/jul-to-slf4j-1.7.10.jar
7f67f4078000-7f67f407d000 r--s 0001e000 08:07 1189024                    /home/chivu/.gradle/wrapper/dists/gradle-3.3-all/55gk2rcmfc6p2dg9u9ohc3hw9/gradle-3.3/lib/gradle-logging-3.3.jar
7f67f407d000-7f67f407f000 r--s 00007000 08:07 1189068                    /home/chivu/.gradle/wrapper/dists/gradle-3.3-all/55gk2rcmfc6p2dg9u9ohc3hw9/gradle-3.3/lib/objenesis-1.2.jar
7f67f407f000-7f67f4081000 r--s 00000000 08:07 1189067                    /home/chivu/.gradle/wrapper/dists/gradle-3.3-all/55gk2rcmfc6p2dg9u9ohc3hw9/gradle-3.3/lib/minlog-1.2.jar
7f67f4081000-7f67f4083000 r--s 0000f000 08:07 1189066                    /home/chivu/.gradle/wrapper/dists/gradle-3.3-all/55gk2rcmfc6p2dg9u9ohc3hw9/gradle-3.3/lib/reflectasm-1.07-shaded.jar
7f67f4083000-7f67f4087000 r--s 00026000 08:07 1189051                    /home/chivu/.gradle/wrapper/dists/gradle-3.3-all/55gk2rcmfc6p2dg9u9ohc3hw9/gradle-3.3/lib/kryo-2.20.jar
7f67f4087000-7f67f408d000 r--s 00027000 08:07 1189039                    /home/chivu/.gradle/wrapper/dists/gradle-3.3-all/55gk2rcmfc6p2dg9u9ohc3hw9/gradle-3.3/lib/gradle-messaging-3.3.jar
7f67f408d000-7f67f408e000 r--s 00001000 08:07 1189065                    /home/chivu/.gradle/wrapper/dists/gradle-3.3-all/55gk2rcmfc6p2dg9u9ohc3hw9/gradle-3.3/lib/native-platform-linux-i386-ncurses6-0.12.jar
7f67f408e000-7f67f408f000 r--s 00001000 08:07 1189064                    /home/chivu/.gradle/wrapper/dists/gradle-3.3-all/55gk2rcmfc6p2dg9u9ohc3hw9/gradle-3.3/lib/native-platform-linux-i386-ncurses5-0.12.jar
7f67f408f000-7f67f4090000 r--s 00001000 08:07 1189063                    /home/chivu/.gradle/wrapper/dists/gradle-3.3-all/55gk2rcmfc6p2dg9u9ohc3hw9/gradle-3.3/lib/native-platform-linux-amd64-ncurses6-0.12.jar
7f67f4090000-7f67f4091000 r--s 00001000 08:07 1189062                    /home/chivu/.gradle/wrapper/dists/gradle-3.3-all/55gk2rcmfc6p2dg9u9ohc3hw9/gradle-3.3/lib/native-platform-linux-amd64-ncurses5-0.12.jar
7f67f4091000-7f67f4092000 r--s 0000b000 08:07 1189061                    /home/chivu/.gradle/wrapper/dists/gradle-3.3-all/55gk2rcmfc6p2dg9u9ohc3hw9/gradle-3.3/lib/native-platform-windows-i386-0.12.jar
7f67f4092000-7f67f4094000 r--s 0000b000 08:07 1189060                    /home/chivu/.gradle/wrapper/dists/gradle-3.3-all/55gk2rcmfc6p2dg9u9ohc3hw9/gradle-3.3/lib/native-platform-windows-amd64-0.12.jar
7f67f4094000-7f67f4096000 r--s 00002000 08:07 1189059                    /home/chivu/.gradle/wrapper/dists/gradle-3.3-all/55gk2rcmfc6p2dg9u9ohc3hw9/gradle-3.3/lib/native-platform-osx-i386-0.12.jar
7f67f4096000-7f67f4097000 r--s 00002000 08:07 1189058                    /home/chivu/.gradle/wrapper/dists/gradle-3.3-all/55gk2rcmfc6p2dg9u9ohc3hw9/gradle-3.3/lib/native-platform-osx-amd64-0.12.jar
7f67f4097000-7f67f4098000 r--s 00002000 08:07 1189057                    /home/chivu/.gradle/wrapper/dists/gradle-3.3-all/55gk2rcmfc6p2dg9u9ohc3hw9/gradle-3.3/lib/native-platform-linux-i386-0.12.jar
7f67f4098000-7f67f4099000 r--s 00002000 08:07 1189056                    /home/chivu/.gradle/wrapper/dists/gradle-3.3-all/55gk2rcmfc6p2dg9u9ohc3hw9/gradle-3.3/lib/native-platform-linux-amd64-0.12.jar
7f67f4099000-7f67f409a000 r--s 00003000 08:07 1189055                    /home/chivu/.gradle/wrapper/dists/gradle-3.3-all/55gk2rcmfc6p2dg9u9ohc3hw9/gradle-3.3/lib/native-platform-freebsd-i386-libstdcpp-0.12.jar
7f67f409a000-7f67f409b000 r--s 00004000 08:07 1189054                    /home/chivu/.gradle/wrapper/dists/gradle-3.3-all/55gk2rcmfc6p2dg9u9ohc3hw9/gradle-3.3/lib/native-platform-freebsd-i386-libcpp-0.12.jar
7f67f409b000-7f67f409d000 r--s 00003000 08:07 1189053                    /home/chivu/.gradle/wrapper/dists/gradle-3.3-all/55gk2rcmfc6p2dg9u9ohc3hw9/gradle-3.3/lib/native-platform-freebsd-amd64-libstdcpp-0.12.jar
7f67f409d000-7f67f409e000 r--s 00004000 08:07 1189052                    /home/chivu/.gradle/wrapper/dists/gradle-3.3-all/55gk2rcmfc6p2dg9u9ohc3hw9/gradle-3.3/lib/native-platform-freebsd-amd64-libcpp-0.12.jar
7f67f409e000-7f67f40a1000 r--s 00023000 08:07 1189046                    /home/chivu/.gradle/wrapper/dists/gradle-3.3-all/55gk2rcmfc6p2dg9u9ohc3hw9/gradle-3.3/lib/jansi-1.14.jar
7f67f40a1000-7f67f40a5000 r--s 00011000 08:07 1189045                    /home/chivu/.gradle/wrapper/dists/gradle-3.3-all/55gk2rcmfc6p2dg9u9ohc3hw9/gradle-3.3/lib/native-platform-0.12.jar
7f67f40a5000-7f67f40a8000 r--s 0000a000 08:07 1189023                    /home/chivu/.gradle/wrapper/dists/gradle-3.3-all/55gk2rcmfc6p2dg9u9ohc3hw9/gradle-3.3/lib/gradle-native-3.3.jar
7f67f40a8000-7f67f40aa000 r--s 00005000 08:07 1189020                    /home/chivu/.gradle/wrapper/dists/gradle-3.3-all/55gk2rcmfc6p2dg9u9ohc3hw9/gradle-3.3/lib/gradle-cli-3.3.jar
7f67f40aa000-7f67f40ac000 r--s 00007000 08:07 1189031                    /home/chivu/.gradle/wrapper/dists/gradle-3.3-all/55gk2rcmfc6p2dg9u9ohc3hw9/gradle-3.3/lib/gradle-model-groovy-3.3.jar
7f67f40ac000-7f67f411c000 r--s 00641000 08:07 1189029                    /home/chivu/.gradle/wrapper/dists/gradle-3.3-all/55gk2rcmfc6p2dg9u9ohc3hw9/gradle-3.3/lib/groovy-all-2.4.7.jar
7f67f411c000-7f67f411d000 ---p 00000000 00:00 0 
7f67f411d000-7f67f421d000 rw-p 00000000 00:00 0 
7f67f421d000-7f67f4220000 ---p 00000000 00:00 0 
7f67f4220000-7f67f431e000 rw-p 00000000 00:00 0 
7f67f431e000-7f67f4321000 ---p 00000000 00:00 0 
7f67f4321000-7f67f441f000 rw-p 00000000 00:00 0 
7f67f441f000-7f67f4422000 ---p 00000000 00:00 0 
7f67f4422000-7f67f4520000 rw-p 00000000 00:00 0 
7f67f4520000-7f67f4523000 ---p 00000000 00:00 0 
7f67f4523000-7f67f4621000 rw-p 00000000 00:00 0 
7f67f4621000-7f67f4624000 ---p 00000000 00:00 0 
7f67f4624000-7f67f4722000 rw-p 00000000 00:00 0 
7f67f4722000-7f67f49fa000 r--p 00000000 08:07 1311727                    /usr/lib/locale/locale-archive
7f67f49fa000-7f67f49fd000 ---p 00000000 00:00 0 
7f67f49fd000-7f67f4afb000 rw-p 00000000 00:00 0 
7f67f4afb000-7f67f4afe000 ---p 00000000 00:00 0 
7f67f4afe000-7f67f4bfc000 rw-p 00000000 00:00 0 
7f67f4bfc000-7f67f4bfd000 ---p 00000000 00:00 0 
7f67f4bfd000-7f67f5000000 rw-p 00000000 00:00 0 
7f67f5000000-7f67f74e0000 rwxp 00000000 00:00 0 
7f67f74e0000-7f6804000000 ---p 00000000 00:00 0 
7f6804000000-7f6804d2b000 rw-p 00000000 00:00 0 
7f6804d2b000-7f6808000000 ---p 00000000 00:00 0 
7f6808000000-7f6808002000 r--s 00006000 08:07 1189038                    /home/chivu/.gradle/wrapper/dists/gradle-3.3-all/55gk2rcmfc6p2dg9u9ohc3hw9/gradle-3.3/lib/gradle-base-services-groovy-3.3.jar
7f6808002000-7f6808011000 r--s 0007f000 08:07 1189030                    /home/chivu/.gradle/wrapper/dists/gradle-3.3-all/55gk2rcmfc6p2dg9u9ohc3hw9/gradle-3.3/lib/gradle-model-core-3.3.jar
7f6808011000-7f6808012000 r--s 00002000 08:07 1189041                    /home/chivu/.gradle/wrapper/dists/gradle-3.3-all/55gk2rcmfc6p2dg9u9ohc3hw9/gradle-3.3/lib/gradle-docs-3.3.jar
7f6808012000-7f680801f000 r--s 00083000 08:07 1189034                    /home/chivu/.gradle/wrapper/dists/gradle-3.3-all/55gk2rcmfc6p2dg9u9ohc3hw9/gradle-3.3/lib/commons-collections-3.2.2.jar
7f680801f000-7f6808047000 r--s 001cf000 08:07 1189026                    /home/chivu/.gradle/wrapper/dists/gradle-3.3-all/55gk2rcmfc6p2dg9u9ohc3hw9/gradle-3.3/lib/guava-jdk5-17.0.jar
7f6808047000-7f6808066000 r--s 001d1000 08:07 1189033                    /home/chivu/.gradle/wrapper/dists/gradle-3.3-all/55gk2rcmfc6p2dg9u9ohc3hw9/gradle-3.3/lib/ant-1.9.6.jar
7f6808066000-7f68080a3000 r--s 001f8000 08:07 1189019                    /home/chivu/.gradle/wrapper/dists/gradle-3.3-all/55gk2rcmfc6p2dg9u9ohc3hw9/gradle-3.3/lib/gradle-core-3.3.jar
7f68080a3000-7f6808d81000 rw-p 00000000 00:00 0 
7f6808d81000-7f6808f50000 r--s 03c1b000 08:07 1201515                    /home/chivu/Downloads/android-studio-p/jre/jre/lib/rt.jar
7f6808f50000-7f6809ac6000 rw-p 00000000 00:00 0 
7f6809ac6000-7f6809ac7000 ---p 00000000 00:00 0 
7f6809ac7000-7f6809bc7000 rw-p 00000000 00:00 0 
7f6809bc7000-7f6809bc8000 ---p 00000000 00:00 0 
7f6809bc8000-7f6809cc8000 rw-p 00000000 00:00 0 
7f6809cc8000-7f6809cc9000 ---p 00000000 00:00 0 
7f6809cc9000-7f6809dc9000 rw-p 00000000 00:00 0 
7f6809dc9000-7f6809dca000 ---p 00000000 00:00 0 
7f6809dca000-7f680a006000 rw-p 00000000 00:00 0 
7f680a006000-7f680a0ca000 ---p 00000000 00:00 0 
7f680a0ca000-7f680a206000 rw-p 00000000 00:00 0 
7f680a206000-7f680a2ca000 ---p 00000000 00:00 0 
7f680a2ca000-7f680a3ca000 rw-p 00000000 00:00 0 
7f680a3ca000-7f680a45f000 rw-p 00000000 00:00 0 
7f680a45f000-7f680a78b000 ---p 00000000 00:00 0 
7f680a78b000-7f680a7a5000 r-xp 00000000 08:07 1201530                    /home/chivu/Downloads/android-studio-p/jre/jre/lib/amd64/libzip.so
7f680a7a5000-7f680a9a5000 ---p 0001a000 08:07 1201530                    /home/chivu/Downloads/android-studio-p/jre/jre/lib/amd64/libzip.so
7f680a9a5000-7f680a9a6000 r--p 0001a000 08:07 1201530                    /home/chivu/Downloads/android-studio-p/jre/jre/lib/amd64/libzip.so
7f680a9a6000-7f680a9a7000 rw-p 0001b000 08:07 1201530                    /home/chivu/Downloads/android-studio-p/jre/jre/lib/amd64/libzip.so
7f680a9a7000-7f680a9b2000 r-xp 00000000 08:07 541944                     /lib/x86_64-linux-gnu/libnss_files-2.23.so
7f680a9b2000-7f680abb1000 ---p 0000b000 08:07 541944                     /lib/x86_64-linux-gnu/libnss_files-2.23.so
7f680abb1000-7f680abb2000 r--p 0000a000 08:07 541944                     /lib/x86_64-linux-gnu/libnss_files-2.23.so
7f680abb2000-7f680abb3000 rw-p 0000b000 08:07 541944                     /lib/x86_64-linux-gnu/libnss_files-2.23.so
7f680abb3000-7f680abb9000 rw-p 00000000 00:00 0 
7f680abb9000-7f680abc4000 r-xp 00000000 08:07 541937                     /lib/x86_64-linux-gnu/libnss_nis-2.23.so
7f680abc4000-7f680adc3000 ---p 0000b000 08:07 541937                     /lib/x86_64-linux-gnu/libnss_nis-2.23.so
7f680adc3000-7f680adc4000 r--p 0000a000 08:07 541937                     /lib/x86_64-linux-gnu/libnss_nis-2.23.so
7f680adc4000-7f680adc5000 rw-p 0000b000 08:07 541937                     /lib/x86_64-linux-gnu/libnss_nis-2.23.so
7f680adc5000-7f680addb000 r-xp 00000000 08:07 541939                     /lib/x86_64-linux-gnu/libnsl-2.23.so
7f680addb000-7f680afda000 ---p 00016000 08:07 541939                     /lib/x86_64-linux-gnu/libnsl-2.23.so
7f680afda000-7f680afdb000 r--p 00015000 08:07 541939                     /lib/x86_64-linux-gnu/libnsl-2.23.so
7f680afdb000-7f680afdc000 rw-p 00016000 08:07 541939                     /lib/x86_64-linux-gnu/libnsl-2.23.so
7f680afdc000-7f680afde000 rw-p 00000000 00:00 0 
7f680afde000-7f680afe6000 r-xp 00000000 08:07 541946                     /lib/x86_64-linux-gnu/libnss_compat-2.23.so
7f680afe6000-7f680b1e5000 ---p 00008000 08:07 541946                     /lib/x86_64-linux-gnu/libnss_compat-2.23.so
7f680b1e5000-7f680b1e6000 r--p 00007000 08:07 541946                     /lib/x86_64-linux-gnu/libnss_compat-2.23.so
7f680b1e6000-7f680b1e7000 rw-p 00008000 08:07 541946                     /lib/x86_64-linux-gnu/libnss_compat-2.23.so
7f680b1e7000-7f680b214000 r-xp 00000000 08:07 1201547                    /home/chivu/Downloads/android-studio-p/jre/jre/lib/amd64/libjava.so
7f680b214000-7f680b413000 ---p 0002d000 08:07 1201547                    /home/chivu/Downloads/android-studio-p/jre/jre/lib/amd64/libjava.so
7f680b413000-7f680b414000 r--p 0002c000 08:07 1201547                    /home/chivu/Downloads/android-studio-p/jre/jre/lib/amd64/libjava.so
7f680b414000-7f680b416000 rw-p 0002d000 08:07 1201547                    /home/chivu/Downloads/android-studio-p/jre/jre/lib/amd64/libjava.so
7f680b416000-7f680b426000 r-xp 00000000 08:07 1201520                    /home/chivu/Downloads/android-studio-p/jre/jre/lib/amd64/libverify.so
7f680b426000-7f680b625000 ---p 00010000 08:07 1201520                    /home/chivu/Downloads/android-studio-p/jre/jre/lib/amd64/libverify.so
7f680b625000-7f680b627000 r--p 0000f000 08:07 1201520                    /home/chivu/Downloads/android-studio-p/jre/jre/lib/amd64/libverify.so
7f680b627000-7f680b628000 rw-p 00011000 08:07 1201520                    /home/chivu/Downloads/android-studio-p/jre/jre/lib/amd64/libverify.so
7f680b628000-7f680b62f000 r-xp 00000000 08:07 541947                     /lib/x86_64-linux-gnu/librt-2.23.so
7f680b62f000-7f680b82e000 ---p 00007000 08:07 541947                     /lib/x86_64-linux-gnu/librt-2.23.so
7f680b82e000-7f680b82f000 r--p 00006000 08:07 541947                     /lib/x86_64-linux-gnu/librt-2.23.so
7f680b82f000-7f680b830000 rw-p 00007000 08:07 541947                     /lib/x86_64-linux-gnu/librt-2.23.so
7f680b830000-7f680b938000 r-xp 00000000 08:07 541938                     /lib/x86_64-linux-gnu/libm-2.23.so
7f680b938000-7f680bb37000 ---p 00108000 08:07 541938                     /lib/x86_64-linux-gnu/libm-2.23.so
7f680bb37000-7f680bb38000 r--p 00107000 08:07 541938                     /lib/x86_64-linux-gnu/libm-2.23.so
7f680bb38000-7f680bb39000 rw-p 00108000 08:07 541938                     /lib/x86_64-linux-gnu/libm-2.23.so
7f680bb39000-7f680c72a000 r-xp 00000000 08:07 1201528                    /home/chivu/Downloads/android-studio-p/jre/jre/lib/amd64/server/libjvm.so
7f680c72a000-7f680c92a000 ---p 00bf1000 08:07 1201528                    /home/chivu/Downloads/android-studio-p/jre/jre/lib/amd64/server/libjvm.so
7f680c92a000-7f680c9c9000 r--p 00bf1000 08:07 1201528                    /home/chivu/Downloads/android-studio-p/jre/jre/lib/amd64/server/libjvm.so
7f680c9c9000-7f680c9f2000 rw-p 00c90000 08:07 1201528                    /home/chivu/Downloads/android-studio-p/jre/jre/lib/amd64/server/libjvm.so
7f680c9f2000-7f680ca36000 rw-p 00000000 00:00 0 
7f680ca36000-7f680ca4e000 r-xp 00000000 08:07 541951                     /lib/x86_64-linux-gnu/libpthread-2.23.so
7f680ca4e000-7f680cc4d000 ---p 00018000 08:07 541951                     /lib/x86_64-linux-gnu/libpthread-2.23.so
7f680cc4d000-7f680cc4e000 r--p 00017000 08:07 541951                     /lib/x86_64-linux-gnu/libpthread-2.23.so
7f680cc4e000-7f680cc4f000 rw-p 00018000 08:07 541951                     /lib/x86_64-linux-gnu/libpthread-2.23.so
7f680cc4f000-7f680cc53000 rw-p 00000000 00:00 0 
7f680cc53000-7f680cc56000 r-xp 00000000 08:07 541936                     /lib/x86_64-linux-gnu/libdl-2.23.so
7f680cc56000-7f680ce55000 ---p 00003000 08:07 541936                     /lib/x86_64-linux-gnu/libdl-2.23.so
7f680ce55000-7f680ce56000 r--p 00002000 08:07 541936                     /lib/x86_64-linux-gnu/libdl-2.23.so
7f680ce56000-7f680ce57000 rw-p 00003000 08:07 541936                     /lib/x86_64-linux-gnu/libdl-2.23.so
7f680ce57000-7f680d016000 r-xp 00000000 08:07 541940                     /lib/x86_64-linux-gnu/libc-2.23.so
7f680d016000-7f680d216000 ---p 001bf000 08:07 541940                     /lib/x86_64-linux-gnu/libc-2.23.so
7f680d216000-7f680d21a000 r--p 001bf000 08:07 541940                     /lib/x86_64-linux-gnu/libc-2.23.so
7f680d21a000-7f680d21c000 rw-p 001c3000 08:07 541940                     /lib/x86_64-linux-gnu/libc-2.23.so
7f680d21c000-7f680d220000 rw-p 00000000 00:00 0 
7f680d220000-7f680d236000 r-xp 00000000 08:07 1201477                    /home/chivu/Downloads/android-studio-p/jre/lib/amd64/jli/libjli.so
7f680d236000-7f680d435000 ---p 00016000 08:07 1201477                    /home/chivu/Downloads/android-studio-p/jre/lib/amd64/jli/libjli.so
7f680d435000-7f680d436000 r--p 00015000 08:07 1201477                    /home/chivu/Downloads/android-studio-p/jre/lib/amd64/jli/libjli.so
7f680d436000-7f680d437000 rw-p 00016000 08:07 1201477                    /home/chivu/Downloads/android-studio-p/jre/lib/amd64/jli/libjli.so
7f680d437000-7f680d45d000 r-xp 00000000 08:07 541941                     /lib/x86_64-linux-gnu/ld-2.23.so
7f680d45d000-7f680d45e000 r--s 00000000 08:07 1189037                    /home/chivu/.gradle/wrapper/dists/gradle-3.3-all/55gk2rcmfc6p2dg9u9ohc3hw9/gradle-3.3/lib/javax.inject-1.jar
7f680d45e000-7f680d45f000 r--s 00000000 08:07 1189036                    /home/chivu/.gradle/wrapper/dists/gradle-3.3-all/55gk2rcmfc6p2dg9u9ohc3hw9/gradle-3.3/lib/jcip-annotations-1.0.jar
7f680d45f000-7f680d463000 r--s 00027000 08:07 1189035                    /home/chivu/.gradle/wrapper/dists/gradle-3.3-all/55gk2rcmfc6p2dg9u9ohc3hw9/gradle-3.3/lib/commons-io-2.2.jar
7f680d463000-7f680d468000 r--s 00038000 08:07 1189032                    /home/chivu/.gradle/wrapper/dists/gradle-3.3-all/55gk2rcmfc6p2dg9u9ohc3hw9/gradle-3.3/lib/asm-all-5.1.jar
7f680d468000-7f680d469000 r--s 00001000 08:07 1189028                    /home/chivu/.gradle/wrapper/dists/gradle-3.3-all/55gk2rcmfc6p2dg9u9ohc3hw9/gradle-3.3/lib/gradle-process-services-3.3.jar
7f680d469000-7f680d46e000 r--s 00041000 08:07 1189027                    /home/chivu/.gradle/wrapper/dists/gradle-3.3-all/55gk2rcmfc6p2dg9u9ohc3hw9/gradle-3.3/lib/commons-lang-2.6.jar
7f680d46e000-7f680d477000 r--s 00042000 08:07 1189017                    /home/chivu/.gradle/wrapper/dists/gradle-3.3-all/55gk2rcmfc6p2dg9u9ohc3hw9/gradle-3.3/lib/gradle-base-services-3.3.jar
7f680d477000-7f680d539000 rw-p 00000000 00:00 0 
7f680d539000-7f680d53c000 ---p 00000000 00:00 0 
7f680d53c000-7f680d63e000 rw-p 00000000 00:00 0 
7f680d63e000-7f680d640000 r--s 00000000 08:07 1189018                    /home/chivu/.gradle/wrapper/dists/gradle-3.3-all/55gk2rcmfc6p2dg9u9ohc3hw9/gradle-3.3/lib/gradle-jvm-services-3.3.jar
7f680d640000-7f680d641000 r--s 00000000 08:07 1189183                    /home/chivu/.gradle/wrapper/dists/gradle-3.3-all/55gk2rcmfc6p2dg9u9ohc3hw9/gradle-3.3/lib/gradle-version-info-3.3.jar
7f680d641000-7f680d642000 r--s 00007000 08:07 1189025                    /home/chivu/.gradle/wrapper/dists/gradle-3.3-all/55gk2rcmfc6p2dg9u9ohc3hw9/gradle-3.3/lib/slf4j-api-1.7.10.jar
7f680d642000-7f680d643000 r--s 00004000 08:07 1189050                    /home/chivu/.gradle/wrapper/dists/gradle-3.3-all/55gk2rcmfc6p2dg9u9ohc3hw9/gradle-3.3/lib/ant-launcher-1.9.6.jar
7f680d643000-7f680d650000 r--s 0005c000 08:07 1189014                    /home/chivu/.gradle/wrapper/dists/gradle-3.3-all/55gk2rcmfc6p2dg9u9ohc3hw9/gradle-3.3/lib/gradle-launcher-3.3.jar
7f680d650000-7f680d658000 rw-s 00000000 08:07 262185                     /tmp/hsperfdata_chivu/3376
7f680d658000-7f680d659000 rw-p 00000000 00:00 0 
7f680d659000-7f680d65a000 ---p 00000000 00:00 0 
7f680d65a000-7f680d65c000 rw-p 00000000 00:00 0 
7f680d65c000-7f680d65d000 r--p 00025000 08:07 541941                     /lib/x86_64-linux-gnu/ld-2.23.so
7f680d65d000-7f680d65e000 rw-p 00026000 08:07 541941                     /lib/x86_64-linux-gnu/ld-2.23.so
7f680d65e000-7f680d65f000 rw-p 00000000 00:00 0 
7fff350c2000-7fff350e3000 rw-p 00000000 00:00 0                          [stack]
7fff350e9000-7fff350eb000 r--p 00000000 00:00 0                          [vvar]
7fff350eb000-7fff350ed000 r-xp 00000000 00:00 0                          [vdso]
ffffffffff600000-ffffffffff601000 r-xp 00000000 00:00 0                  [vsyscall]

VM Arguments:
jvm_args: -Xmx1536m -Dfile.encoding=UTF-8 -Duser.country=IN -Duser.language=en -Duser.variant 
java_command: org.gradle.launcher.daemon.bootstrap.GradleDaemon 3.3
java_class_path (initial): /home/chivu/.gradle/wrapper/dists/gradle-3.3-all/55gk2rcmfc6p2dg9u9ohc3hw9/gradle-3.3/lib/gradle-launcher-3.3.jar
Launcher Type: SUN_STANDARD

Environment Variables:
JAVA_HOME=/usr/lib/jvm/java-8-oracle
PATH=/home/chivu/bin:/home/chivu/.local/bin:/usr/local/sbin:/usr/local/bin:/usr/sbin:/usr/bin:/sbin:/bin:/usr/games:/usr/local/games:/snap/bin:/usr/lib/jvm/java-8-oracle/bin:/usr/lib/jvm/java-8-oracle/db/bin:/usr/lib/jvm/java-8-oracle/jre/bin
LD_LIBRARY_PATH=/home/chivu/Downloads/android-studio-p/bin:
SHELL=/bin/bash
DISPLAY=:0

Signal Handlers:
SIGSEGV: [libjvm.so+0x9e5150], sa_mask[0]=11111111011111111101111111111110, sa_flags=SA_RESTART|SA_SIGINFO
SIGBUS: [libjvm.so+0x9e5150], sa_mask[0]=11111111011111111101111111111110, sa_flags=SA_RESTART|SA_SIGINFO
SIGFPE: [libjvm.so+0x848450], sa_mask[0]=11111111011111111101111111111110, sa_flags=SA_RESTART|SA_SIGINFO
SIGPIPE: [libjvm.so+0x848450], sa_mask[0]=11111111011111111101111111111110, sa_flags=SA_RESTART|SA_SIGINFO
SIGXFSZ: [libjvm.so+0x848450], sa_mask[0]=11111111011111111101111111111110, sa_flags=SA_RESTART|SA_SIGINFO
SIGILL: [libjvm.so+0x848450], sa_mask[0]=11111111011111111101111111111110, sa_flags=SA_RESTART|SA_SIGINFO
SIGUSR1: SIG_DFL, sa_mask[0]=00000000000000000000000000000000, sa_flags=none
SIGUSR2: [libjvm.so+0x848320], sa_mask[0]=00100000000000000000000000000000, sa_flags=SA_RESTART|SA_SIGINFO
SIGHUP: [libjvm.so+0x848510], sa_mask[0]=11111111011111111101111111111110, sa_flags=SA_RESTART|SA_SIGINFO
SIGINT: [libjvm.so+0x848510], sa_mask[0]=11111111011111111101111111111110, sa_flags=SA_RESTART|SA_SIGINFO
SIGTERM: [libjvm.so+0x848510], sa_mask[0]=11111111011111111101111111111110, sa_flags=SA_RESTART|SA_SIGINFO
SIGQUIT: [libjvm.so+0x848510], sa_mask[0]=11111111011111111101111111111110, sa_flags=SA_RESTART|SA_SIGINFO


---------------  S Y S T E M  ---------------

OS:DISTRIB_ID=Ubuntu
DISTRIB_RELEASE=16.04
DISTRIB_CODENAME=xenial
DISTRIB_DESCRIPTION="Ubuntu 16.04.2 LTS"

uname:Linux 4.4.0-79-generic #100-Ubuntu SMP Wed May 17 19:58:14 UTC 2017 x86_64
libc:glibc 2.23 NPTL 2.23 
rlimit: STACK 8192k, CORE 0k, NPROC 15361, NOFILE 65536, AS infinity
load average:6.82 4.00 2.18

/proc/meminfo:
MemTotal:        3972820 kB
MemFree:          128160 kB
MemAvailable:      41624 kB
Buffers:            1080 kB
Cached:           170432 kB
SwapCached:           52 kB
Active:          2615956 kB
Inactive:        1066160 kB
Active(anon):    2604836 kB
Inactive(anon):  1046580 kB
Active(file):      11120 kB
Inactive(file):    19580 kB
Unevictable:         136 kB
Mlocked:             136 kB
SwapTotal:          1020 kB
SwapFree:              0 kB
Dirty:               952 kB
Writeback:             0 kB
AnonPages:       3511048 kB
Mapped:            66056 kB
Shmem:            140452 kB
Slab:              75648 kB
SReclaimable:      41232 kB
SUnreclaim:        34416 kB
KernelStack:        9536 kB
PageTables:        36392 kB
NFS_Unstable:          0 kB
Bounce:                0 kB
WritebackTmp:          0 kB
CommitLimit:     1987428 kB
Committed_AS:    7137440 kB
VmallocTotal:   34359738367 kB
VmallocUsed:           0 kB
VmallocChunk:          0 kB
HardwareCorrupted:     0 kB
AnonHugePages:    798720 kB
CmaTotal:              0 kB
CmaFree:               0 kB
HugePages_Total:       0
HugePages_Free:        0
HugePages_Rsvd:        0
HugePages_Surp:        0
Hugepagesize:       2048 kB
DirectMap4k:      133888 kB
DirectMap2M:     3987456 kB
DirectMap1G:     1048576 kB


CPU:total 4 (2 cores per cpu, 2 threads per core) family 6 model 69 stepping 1, cmov, cx8, fxsr, mmx, sse, sse2, sse3, ssse3, sse4.1, sse4.2, popcnt, avx, avx2, aes, clmul, erms, lzcnt, ht, tsc, tscinvbit, bmi1, bmi2

/proc/cpuinfo:
processor	: 0
vendor_id	: GenuineIntel
cpu family	: 6
model		: 69
model name	: Intel(R) Core(TM) i3-4030U CPU @ 1.90GHz
stepping	: 1
microcode	: 0x1d
cpu MHz		: 1799.953
cache size	: 3072 KB
physical id	: 0
siblings	: 4
core id		: 0
cpu cores	: 2
apicid		: 0
initial apicid	: 0
fpu		: yes
fpu_exception	: yes
cpuid level	: 13
wp		: yes
flags		: fpu vme de pse tsc msr pae mce cx8 apic sep mtrr pge mca cmov pat pse36 clflush dts acpi mmx fxsr sse sse2 ss ht tm pbe syscall nx pdpe1gb rdtscp lm constant_tsc arch_perfmon pebs bts rep_good nopl xtopology nonstop_tsc aperfmperf eagerfpu pni pclmulqdq dtes64 monitor ds_cpl vmx est tm2 ssse3 sdbg fma cx16 xtpr pdcm pcid sse4_1 sse4_2 x2apic movbe popcnt tsc_deadline_timer aes xsave avx f16c rdrand lahf_lm abm epb tpr_shadow vnmi flexpriority ept vpid fsgsbase tsc_adjust bmi1 avx2 smep bmi2 erms invpcid xsaveopt dtherm arat pln pts
bugs		:
bogomips	: 3791.34
clflush size	: 64
cache_alignment	: 64
address sizes	: 39 bits physical, 48 bits virtual
power management:

processor	: 1
vendor_id	: GenuineIntel
cpu family	: 6
model		: 69
model name	: Intel(R) Core(TM) i3-4030U CPU @ 1.90GHz
stepping	: 1
microcode	: 0x1d
cpu MHz		: 1800.027
cache size	: 3072 KB
physical id	: 0
siblings	: 4
core id		: 0
cpu cores	: 2
apicid		: 1
initial apicid	: 1
fpu		: yes
fpu_exception	: yes
cpuid level	: 13
wp		: yes
flags		: fpu vme de pse tsc msr pae mce cx8 apic sep mtrr pge mca cmov pat pse36 clflush dts acpi mmx fxsr sse sse2 ss ht tm pbe syscall nx pdpe1gb rdtscp lm constant_tsc arch_perfmon pebs bts rep_good nopl xtopology nonstop_tsc aperfmperf eagerfpu pni pclmulqdq dtes64 monitor ds_cpl vmx est tm2 ssse3 sdbg fma cx16 xtpr pdcm pcid sse4_1 sse4_2 x2apic movbe popcnt tsc_deadline_timer aes xsave avx f16c rdrand lahf_lm abm epb tpr_shadow vnmi flexpriority ept vpid fsgsbase tsc_adjust bmi1 avx2 smep bmi2 erms invpcid xsaveopt dtherm arat pln pts
bugs		:
bogomips	: 3791.34
clflush size	: 64
cache_alignment	: 64
address sizes	: 39 bits physical, 48 bits virtual
power management:

processor	: 2
vendor_id	: GenuineIntel
cpu family	: 6
model		: 69
model name	: Intel(R) Core(TM) i3-4030U CPU @ 1.90GHz
stepping	: 1
microcode	: 0x1d
cpu MHz		: 1799.953
cache size	: 3072 KB
physical id	: 0
siblings	: 4
core id		: 1
cpu cores	: 2
apicid		: 2
initial apicid	: 2
fpu		: yes
fpu_exception	: yes
cpuid level	: 13
wp		: yes
flags		: fpu vme de pse tsc msr pae mce cx8 apic sep mtrr pge mca cmov pat pse36 clflush dts acpi mmx fxsr sse sse2 ss ht tm pbe syscall nx pdpe1gb rdtscp lm constant_tsc arch_perfmon pebs bts rep_good nopl xtopology nonstop_tsc aperfmperf eagerfpu pni pclmulqdq dtes64 monitor ds_cpl vmx est tm2 ssse3 sdbg fma cx16 xtpr pdcm pcid sse4_1 sse4_2 x2apic movbe popcnt tsc_deadline_timer aes xsave avx f16c rdrand lahf_lm abm epb tpr_shadow vnmi flexpriority ept vpid fsgsbase tsc_adjust bmi1 avx2 smep bmi2 erms invpcid xsaveopt dtherm arat pln pts
bugs		:
bogomips	: 3791.34
clflush size	: 64
cache_alignment	: 64
address sizes	: 39 bits physical, 48 bits virtual
power management:

processor	: 3
vendor_id	: GenuineIntel
cpu family	: 6
model		: 69
model name	: Intel(R) Core(TM) i3-4030U CPU @ 1.90GHz
stepping	: 1
microcode	: 0x1d
cpu MHz		: 1799.953
cache size	: 3072 KB
physical id	: 0
siblings	: 4
core id		: 1
cpu cores	: 2
apicid		: 3
initial apicid	: 3
fpu		: yes
fpu_exception	: yes
cpuid level	: 13
wp		: yes
flags		: fpu vme de pse tsc msr pae mce cx8 apic sep mtrr pge mca cmov pat pse36 clflush dts acpi mmx fxsr sse sse2 ss ht tm pbe syscall nx pdpe1gb rdtscp lm constant_tsc arch_perfmon pebs bts rep_good nopl xtopology nonstop_tsc aperfmperf eagerfpu pni pclmulqdq dtes64 monitor ds_cpl vmx est tm2 ssse3 sdbg fma cx16 xtpr pdcm pcid sse4_1 sse4_2 x2apic movbe popcnt tsc_deadline_timer aes xsave avx f16c rdrand lahf_lm abm epb tpr_shadow vnmi flexpriority ept vpid fsgsbase tsc_adjust bmi1 avx2 smep bmi2 erms invpcid xsaveopt dtherm arat pln pts
bugs		:
bogomips	: 3791.34
clflush size	: 64
cache_alignment	: 64
address sizes	: 39 bits physical, 48 bits virtual
power management:



Memory: 4k page, physical 3972820k(128160k free), swap 1020k(0k free)

vm_info: OpenJDK 64-Bit Server VM (25.112-b06) for linux-amd64 JRE (1.8.0_112-release-b06), built on Dec  6 2016 12:11:18 by "builder" with gcc 4.8.4

time: Mon Jul 17 09:50:40 2017
elapsed time: 101 seconds (0d 0h 1m 41s)

