#
# There is insufficient memory for the Java Runtime Environment to continue.
# Native memory allocation (mmap) failed to map 148897792 bytes for committing reserved memory.
# Possible reasons:
#   The system is out of physical RAM or swap space
#   In 32 bit mode, the process size limit was hit
# Possible solutions:
#   Reduce memory load on the system
#   Increase physical memory or swap space
#   Check if swap backing store is full
#   Use 64 bit Java on a 64 bit OS
#   Decrease Java heap size (-Xmx/-Xms)
#   Decrease number of Java threads
#   Decrease Java thread stack sizes (-Xss)
#   Set larger code cache with -XX:ReservedCodeCacheSize=
# This output file may be truncated or incomplete.
#
#  Out of Memory Error (os_linux.cpp:2627), pid=2763, tid=0x00007f0102ad1700
#
# JRE version: OpenJDK Runtime Environment (8.0_112-b06) (build 1.8.0_112-release-b06)
# Java VM: OpenJDK 64-Bit Server VM (25.112-b06 mixed mode linux-amd64 compressed oops)
# Failed to write core dump. Core dumps have been disabled. To enable core dumping, try "ulimit -c unlimited" before starting Java again
#

---------------  T H R E A D  ---------------

Current thread (0x00007f0124077800):  VMThread [stack: 0x00007f01029d1000,0x00007f0102ad2000] [id=2771]

Stack: [0x00007f01029d1000,0x00007f0102ad2000],  sp=0x00007f0102ad04d0,  free space=1021k
Native frames: (J=compiled Java code, j=interpreted, Vv=VM code, C=native code)
V  [libjvm.so+0x9e465d]  VMError::report_and_die()+0x15d
V  [libjvm.so+0x4b6ada]  report_vm_out_of_memory(char const*, int, unsigned long, VMErrorType, char const*)+0x8a
V  [libjvm.so+0x84c860]  os::pd_commit_memory(char*, unsigned long, unsigned long, bool)+0xf0
V  [libjvm.so+0x84737f]  os::commit_memory(char*, unsigned long, unsigned long, bool)+0x1f
V  [libjvm.so+0x8bd3db]  PSVirtualSpace::expand_by(unsigned long)+0x5b
V  [libjvm.so+0x8ae1bb]  PSOldGen::expand_by(unsigned long) [clone .part.109]+0x1b
V  [libjvm.so+0x8ae37b]  PSOldGen::expand(unsigned long) [clone .part.111]+0xdb
V  [libjvm.so+0x8aec58]  PSOldGen::resize(unsigned long)+0x188
V  [libjvm.so+0x8b426c]  PSParallelCompact::invoke_no_policy(bool)+0x97c
V  [libjvm.so+0x8bb37d]  PSScavenge::invoke()+0x17d
V  [libjvm.so+0x86fcf3]  ParallelScavengeHeap::failed_mem_allocate(unsigned long)+0x63
V  [libjvm.so+0x9e6124]  VM_ParallelGCFailedAllocation::doit()+0x84
V  [libjvm.so+0x9ea537]  VM_Operation::evaluate()+0x47
V  [libjvm.so+0x9e8ff8]  VMThread::evaluate_operation(VM_Operation*)+0x2c8
V  [libjvm.so+0x9e9479]  VMThread::loop()+0x219
V  [libjvm.so+0x9e98c2]  VMThread::run()+0x72
V  [libjvm.so+0x849c82]  java_start(Thread*)+0xf2

VM_Operation (0x00007f00c4cde110): ParallelGCFailedAllocation, mode: safepoint, requested by thread 0x00007f0090009000


---------------  P R O C E S S  ---------------

Java Threads: ( => current thread )
  0x00007f0090013800 JavaThread "pool-16-thread-4" [_thread_blocked, id=3123, stack(0x00007f008f839000,0x00007f008f93a000)]
  0x00007f0090013000 JavaThread "pool-16-thread-3" [_thread_blocked, id=3122, stack(0x00007f00c52a9000,0x00007f00c53aa000)]
  0x00007f0090012000 JavaThread "pool-16-thread-2" [_thread_blocked, id=3121, stack(0x00007f00c7bfc000,0x00007f00c7cfd000)]
  0x00007f0090009800 JavaThread "pool-17-thread-1" [_thread_blocked, id=3120, stack(0x00007f00c4091000,0x00007f00c4192000)]
  0x00007f0090009000 JavaThread "pool-16-thread-1" [_thread_blocked, id=3119, stack(0x00007f00c4bdf000,0x00007f00c4ce0000)]
  0x00007f00b908b000 JavaThread "pool-4-thread-2" [_thread_blocked, id=3118, stack(0x00007f00c4fa6000,0x00007f00c50a7000)]
  0x00007f00a402c800 JavaThread "process reaper" daemon [_thread_blocked, id=3092, stack(0x00007f00c733f000,0x00007f00c7378000)]
  0x00007f00b8fdf000 JavaThread "pool-13-thread-1" [_thread_blocked, id=3088, stack(0x00007f00c53aa000,0x00007f00c54ab000)]
  0x00007f00b8fe5800 JavaThread "Cache update executor" [_thread_blocked, id=3085, stack(0x00007f00c50a7000,0x00007f00c51a8000)]
  0x00007f00b8006000 JavaThread "Stdin handler" [_thread_blocked, id=3080, stack(0x00007f00c56ab000,0x00007f00c57ac000)]
  0x00007f00b8e66000 JavaThread "Asynchronous log dispatcher for DefaultDaemonConnection: socket connection from /127.0.0.1:45861 to /127.0.0.1:40788" [_thread_blocked, id=3078, stack(0x00007f00c7cfd000,0x00007f00c7dfe000)]
  0x00007f00d400b000 JavaThread "Daemon worker Thread 3" [_thread_blocked, id=3077, stack(0x00007f0100323000,0x00007f0100424000)]
  0x00007f00d4008000 JavaThread "Cancel handler" [_thread_blocked, id=3076, stack(0x00007f00c7dfe000,0x00007f00c7eff000)]
  0x00007f00d4005800 JavaThread "Handler for socket connection from /127.0.0.1:45861 to /127.0.0.1:40788" [_thread_in_native, id=3075, stack(0x00007f0100022000,0x00007f0100123000)]
  0x00007f00d000f800 JavaThread "Daemon Thread 3" [_thread_blocked, id=3074, stack(0x00007f0100424000,0x00007f0100525000)]
  0x00007f00b8ff9800 JavaThread "pool-4-thread-1" [_thread_blocked, id=2827, stack(0x00007f00c51a8000,0x00007f00c52a9000)]
  0x00007f00b84f0000 JavaThread "pool-2-thread-1" [_thread_blocked, id=2794, stack(0x00007f00c67bf000,0x00007f00c68c0000)]
  0x00007f00b8ddc800 JavaThread "File lock request listener" [_thread_in_native, id=2793, stack(0x00007f00c703e000,0x00007f00c713f000)]
  0x00007f0124d80800 JavaThread "pool-1-thread-1" [_thread_blocked, id=2784, stack(0x00007f00c7eff000,0x00007f00c8000000)]
  0x00007f0124d1d000 JavaThread "Incoming local TCP Connector on port 45861" [_thread_in_native, id=2780, stack(0x00007f010072c000,0x00007f010082d000)]
  0x00007f01240c7800 JavaThread "Service Thread" daemon [_thread_blocked, id=2778, stack(0x00007f0101ff2000,0x00007f01020f3000)]
  0x00007f01240bc800 JavaThread "C1 CompilerThread2" daemon [_thread_blocked, id=2777, stack(0x00007f01020f3000,0x00007f01021f4000)]
  0x00007f01240ba800 JavaThread "C2 CompilerThread1" daemon [_thread_blocked, id=2776, stack(0x00007f01021f4000,0x00007f01022f5000)]
  0x00007f01240b7800 JavaThread "C2 CompilerThread0" daemon [_thread_blocked, id=2775, stack(0x00007f01022f5000,0x00007f01023f6000)]
  0x00007f01240b6800 JavaThread "Signal Dispatcher" daemon [_thread_blocked, id=2774, stack(0x00007f01023f6000,0x00007f01024f7000)]
  0x00007f0124083800 JavaThread "Finalizer" daemon [_thread_blocked, id=2773, stack(0x00007f01027cf000,0x00007f01028d0000)]
  0x00007f012407f000 JavaThread "Reference Handler" daemon [_thread_blocked, id=2772, stack(0x00007f01028d0000,0x00007f01029d1000)]
  0x00007f012400a000 JavaThread "main" [_thread_blocked, id=2766, stack(0x00007f012a279000,0x00007f012a37a000)]

Other Threads:
=>0x00007f0124077800 VMThread [stack: 0x00007f01029d1000,0x00007f0102ad2000] [id=2771]
  0x00007f01240ca000 WatcherThread [stack: 0x00007f0101ef1000,0x00007f0101ff2000] [id=2779]

VM state:at safepoint (normal execution)

VM Mutex/Monitor currently owned by a thread:  ([mutex/lock_event])
[0x00007f0124005df0] ExpandHeap_lock - owner thread: 0x00007f0124077800
[0x00007f0124006470] Threads_lock - owner thread: 0x00007f0124077800
[0x00007f0124006970] Heap_lock - owner thread: 0x00007f0090009000

Heap:
 PSYoungGen      total 349696K, used 0K [0x00000000e0000000, 0x0000000100000000, 0x0000000100000000)
  eden space 175104K, 0% used [0x00000000e0000000,0x00000000e0000000,0x00000000eab00000)
  from space 174592K, 0% used [0x00000000f5580000,0x00000000f5580000,0x0000000100000000)
  to   space 174592K, 0% used [0x00000000eab00000,0x00000000eab00000,0x00000000f5580000)
 ParOldGen       total 857600K, used 664868K [0x00000000a0000000, 0x00000000d4580000, 0x00000000e0000000)
  object space 857600K, 77% used [0x00000000a0000000,0x00000000c8949248,0x00000000d4580000)
 Metaspace       used 68425K, capacity 70678K, committed 70912K, reserved 1112064K
  class space    used 8718K, capacity 9172K, committed 9216K, reserved 1048576K

Card table byte_map: [0x00007f0113cb4000,0x00007f0113fb5000] byte_map_base: 0x00007f01137b4000

Marking Bits: (ParMarkBitMap*) 0x00007f0129747340
 Begin Bits: [0x00007f01107b1000, 0x00007f0111fb1000)
 End Bits:   [0x00007f0111fb1000, 0x00007f01137b1000)

Polling page: 0x00007f012a399000

CodeCache: size=245760Kb used=47472Kb max_used=47729Kb free=198287Kb
 bounds [0x00007f0114375000, 0x00007f0117265000, 0x00007f0123375000]
 total_blobs=14005 nmethods=13216 adapters=700
 compilation: enabled

Compilation events (10 events):
Event: 483.936 Thread 0x00007f01240bc800 17676       3       com.android.dx.util.IntList::insert (115 bytes)
Event: 483.937 Thread 0x00007f01240bc800 nmethod 17676 0x00007f01152ed550 code [0x00007f01152ed700, 0x00007f01152edc28]
Event: 483.944 Thread 0x00007f01240ba800 17677       4       com.android.dx.util.IntList::insert (115 bytes)
Event: 483.976 Thread 0x00007f01240ba800 nmethod 17677 0x00007f0117224e10 code [0x00007f0117224f80, 0x00007f01172253b8]
Event: 484.563 Thread 0x00007f01240b7800 17678       4       com.android.dx.rop.code.Rops::opXor (21 bytes)
Event: 484.569 Thread 0x00007f01240b7800 nmethod 17678 0x00007f01158afe50 code [0x00007f01158affe0, 0x00007f01158b0208]
Event: 484.689 Thread 0x00007f01240ba800 17679       4       java.util.ArrayList$SubList::get (23 bytes)
Event: 484.691 Thread 0x00007f01240ba800 nmethod 17679 0x00007f01146e7290 code [0x00007f01146e73e0, 0x00007f01146e74f8]
Event: 484.724 Thread 0x00007f01240ba800 17680       4       com.android.dx.ssa.SsaMethod$1::visitMoveInsn (17 bytes)
Event: 484.727 Thread 0x00007f01240ba800 nmethod 17680 0x00007f0115b10210 code [0x00007f0115b10360, 0x00007f0115b10478]

GC Heap History (10 events):
Event: 483.178 GC heap after
Heap after GC invocations=86 (full 12):
 PSYoungGen      total 349696K, used 0K [0x00000000e0000000, 0x0000000100000000, 0x0000000100000000)
  eden space 175104K, 0% used [0x00000000e0000000,0x00000000e0000000,0x00000000eab00000)
  from space 174592K, 0% used [0x00000000f5580000,0x00000000f5580000,0x0000000100000000)
  to   space 174592K, 0% used [0x00000000eab00000,0x00000000eab00000,0x00000000f5580000)
 ParOldGen       total 857600K, used 572379K [0x00000000a0000000, 0x00000000d4580000, 0x00000000e0000000)
  object space 857600K, 66% used [0x00000000a0000000,0x00000000c2ef6c38,0x00000000d4580000)
 Metaspace       used 68424K, capacity 70678K, committed 70912K, reserved 1112064K
  class space    used 8718K, capacity 9172K, committed 9216K, reserved 1048576K
}
Event: 483.697 GC heap before
{Heap before GC invocations=87 (full 12):
 PSYoungGen      total 349696K, used 175104K [0x00000000e0000000, 0x0000000100000000, 0x0000000100000000)
  eden space 175104K, 100% used [0x00000000e0000000,0x00000000eab00000,0x00000000eab00000)
  from space 174592K, 0% used [0x00000000f5580000,0x00000000f5580000,0x0000000100000000)
  to   space 174592K, 0% used [0x00000000eab00000,0x00000000eab00000,0x00000000f5580000)
 ParOldGen       total 857600K, used 572379K [0x00000000a0000000, 0x00000000d4580000, 0x00000000e0000000)
  object space 857600K, 66% used [0x00000000a0000000,0x00000000c2ef6c38,0x00000000d4580000)
 Metaspace       used 68425K, capacity 70678K, committed 70912K, reserved 1112064K
  class space    used 8718K, capacity 9172K, committed 9216K, reserved 1048576K
Event: 483.747 GC heap after
Heap after GC invocations=87 (full 12):
 PSYoungGen      total 349696K, used 63077K [0x00000000e0000000, 0x0000000100000000, 0x0000000100000000)
  eden space 175104K, 0% used [0x00000000e0000000,0x00000000e0000000,0x00000000eab00000)
  from space 174592K, 36% used [0x00000000eab00000,0x00000000ee8997e8,0x00000000f5580000)
  to   space 174592K, 0% used [0x00000000f5580000,0x00000000f5580000,0x0000000100000000)
 ParOldGen       total 857600K, used 572379K [0x00000000a0000000, 0x00000000d4580000, 0x00000000e0000000)
  object space 857600K, 66% used [0x00000000a0000000,0x00000000c2ef6c38,0x00000000d4580000)
 Metaspace       used 68425K, capacity 70678K, committed 70912K, reserved 1112064K
  class space    used 8718K, capacity 9172K, committed 9216K, reserved 1048576K
}
Event: 484.020 GC heap before
{Heap before GC invocations=88 (full 12):
 PSYoungGen      total 349696K, used 238181K [0x00000000e0000000, 0x0000000100000000, 0x0000000100000000)
  eden space 175104K, 100% used [0x00000000e0000000,0x00000000eab00000,0x00000000eab00000)
  from space 174592K, 36% used [0x00000000eab00000,0x00000000ee8997e8,0x00000000f5580000)
  to   space 174592K, 0% used [0x00000000f5580000,0x00000000f5580000,0x0000000100000000)
 ParOldGen       total 857600K, used 572379K [0x00000000a0000000, 0x00000000d4580000, 0x00000000e0000000)
  object space 857600K, 66% used [0x00000000a0000000,0x00000000c2ef6c38,0x00000000d4580000)
 Metaspace       used 68425K, capacity 70678K, committed 70912K, reserved 1112064K
  class space    used 8718K, capacity 9172K, committed 9216K, reserved 1048576K
Event: 484.139 GC heap after
Heap after GC invocations=88 (full 12):
 PSYoungGen      total 349696K, used 74189K [0x00000000e0000000, 0x0000000100000000, 0x0000000100000000)
  eden space 175104K, 0% used [0x00000000e0000000,0x00000000e0000000,0x00000000eab00000)
  from space 174592K, 42% used [0x00000000f5580000,0x00000000f9df3440,0x0000000100000000)
  to   space 174592K, 0% used [0x00000000eab00000,0x00000000eab00000,0x00000000f5580000)
 ParOldGen       total 857600K, used 634188K [0x00000000a0000000, 0x00000000d4580000, 0x00000000e0000000)
  object space 857600K, 73% used [0x00000000a0000000,0x00000000c6b53280,0x00000000d4580000)
 Metaspace       used 68425K, capacity 70678K, committed 70912K, reserved 1112064K
  class space    used 8718K, capacity 9172K, committed 9216K, reserved 1048576K
}
Event: 484.386 GC heap before
{Heap before GC invocations=89 (full 12):
 PSYoungGen      total 349696K, used 249293K [0x00000000e0000000, 0x0000000100000000, 0x0000000100000000)
  eden space 175104K, 100% used [0x00000000e0000000,0x00000000eab00000,0x00000000eab00000)
  from space 174592K, 42% used [0x00000000f5580000,0x00000000f9df3440,0x0000000100000000)
  to   space 174592K, 0% used [0x00000000eab00000,0x00000000eab00000,0x00000000f5580000)
 ParOldGen       total 857600K, used 634188K [0x00000000a0000000, 0x00000000d4580000, 0x00000000e0000000)
  object space 857600K, 73% used [0x00000000a0000000,0x00000000c6b53280,0x00000000d4580000)
 Metaspace       used 68425K, capacity 70678K, committed 70912K, reserved 1112064K
  class space    used 8718K, capacity 9172K, committed 9216K, reserved 1048576K
Event: 484.492 GC heap after
Heap after GC invocations=89 (full 12):
 PSYoungGen      total 349696K, used 63160K [0x00000000e0000000, 0x0000000100000000, 0x0000000100000000)
  eden space 175104K, 0% used [0x00000000e0000000,0x00000000e0000000,0x00000000eab00000)
  from space 174592K, 36% used [0x00000000eab00000,0x00000000ee8ae1d0,0x00000000f5580000)
  to   space 174592K, 0% used [0x00000000f5580000,0x00000000f5580000,0x0000000100000000)
 ParOldGen       total 857600K, used 708316K [0x00000000a0000000, 0x00000000d4580000, 0x00000000e0000000)
  object space 857600K, 82% used [0x00000000a0000000,0x00000000cb3b7050,0x00000000d4580000)
 Metaspace       used 68425K, capacity 70678K, committed 70912K, reserved 1112064K
  class space    used 8718K, capacity 9172K, committed 9216K, reserved 1048576K
}
Event: 484.901 GC heap before
{Heap before GC invocations=90 (full 12):
 PSYoungGen      total 349696K, used 238264K [0x00000000e0000000, 0x0000000100000000, 0x0000000100000000)
  eden space 175104K, 100% used [0x00000000e0000000,0x00000000eab00000,0x00000000eab00000)
  from space 174592K, 36% used [0x00000000eab00000,0x00000000ee8ae1d0,0x00000000f5580000)
  to   space 174592K, 0% used [0x00000000f5580000,0x00000000f5580000,0x0000000100000000)
 ParOldGen       total 857600K, used 708316K [0x00000000a0000000, 0x00000000d4580000, 0x00000000e0000000)
  object space 857600K, 82% used [0x00000000a0000000,0x00000000cb3b7050,0x00000000d4580000)
 Metaspace       used 68425K, capacity 70678K, committed 70912K, reserved 1112064K
  class space    used 8718K, capacity 9172K, committed 9216K, reserved 1048576K
Event: 485.024 GC heap after
Heap after GC invocations=90 (full 12):
 PSYoungGen      total 349696K, used 74226K [0x00000000e0000000, 0x0000000100000000, 0x0000000100000000)
  eden space 175104K, 0% used [0x00000000e0000000,0x00000000e0000000,0x00000000eab00000)
  from space 174592K, 42% used [0x00000000f5580000,0x00000000f9dfcb70,0x0000000100000000)
  to   space 174592K, 0% used [0x00000000eab00000,0x00000000eab00000,0x00000000f5580000)
 ParOldGen       total 857600K, used 768246K [0x00000000a0000000, 0x00000000d4580000, 0x00000000e0000000)
  object space 857600K, 89% used [0x00000000a0000000,0x00000000cee3db20,0x00000000d4580000)
 Metaspace       used 68425K, capacity 70678K, committed 70912K, reserved 1112064K
  class space    used 8718K, capacity 9172K, committed 9216K, reserved 1048576K
}
Event: 485.024 GC heap before
{Heap before GC invocations=91 (full 13):
 PSYoungGen      total 349696K, used 74226K [0x00000000e0000000, 0x0000000100000000, 0x0000000100000000)
  eden space 175104K, 0% used [0x00000000e0000000,0x00000000e0000000,0x00000000eab00000)
  from space 174592K, 42% used [0x00000000f5580000,0x00000000f9dfcb70,0x0000000100000000)
  to   space 174592K, 0% used [0x00000000eab00000,0x00000000eab00000,0x00000000f5580000)
 ParOldGen       total 857600K, used 768246K [0x00000000a0000000, 0x00000000d4580000, 0x00000000e0000000)
  object space 857600K, 89% used [0x00000000a0000000,0x00000000cee3db20,0x00000000d4580000)
 Metaspace       used 68425K, capacity 70678K, committed 70912K, reserved 1112064K
  class space    used 8718K, capacity 9172K, committed 9216K, reserved 1048576K

Deoptimization events (10 events):
Event: 471.866 Thread 0x00007f00b908b000 Uncommon trap: reason=unstable_if action=reinterpret pc=0x00007f0115e13a54 method=com.android.dx.ssa.back.SsaToRop.convertBasicBlock(Lcom/android/dx/ssa/SsaBasicBlock;)Lcom/android/dx/rop/code/BasicBlock; @ 21
Event: 471.866 Thread 0x00007f00b908b000 Uncommon trap: reason=unstable_if action=reinterpret pc=0x00007f0115cd1d44 method=com.android.dx.ssa.back.SsaToRop.convertBasicBlock(Lcom/android/dx/ssa/SsaBasicBlock;)Lcom/android/dx/rop/code/BasicBlock; @ 21
Event: 471.869 Thread 0x00007f0090012000 Uncommon trap: reason=unstable_if action=reinterpret pc=0x00007f01170f21c8 method=com.android.dx.cf.code.BasicBlocker.visitNoArgs(IIILcom/android/dx/rop/type/Type;)V @ 277
Event: 472.371 Thread 0x00007f0090013800 Uncommon trap: reason=unstable_if action=reinterpret pc=0x00007f01163c35a0 method=com.android.dx.rop.code.LocalVariableExtractor.processBlock(I)V @ 208
Event: 476.977 Thread 0x00007f00b908b000 Uncommon trap: reason=bimorphic action=maybe_recompile pc=0x00007f01170d181c method=com.android.dx.cf.code.BytecodeArray.parseInstruction(ILcom/android/dx/cf/code/BytecodeArray$Visitor;)I @ 891
Event: 476.977 Thread 0x00007f00b908b000 Uncommon trap: reason=bimorphic action=maybe_recompile pc=0x00007f01170d181c method=com.android.dx.cf.code.BytecodeArray.parseInstruction(ILcom/android/dx/cf/code/BytecodeArray$Visitor;)I @ 891
Event: 477.798 Thread 0x00007f0090013000 Uncommon trap: reason=unstable_if action=reinterpret pc=0x00007f01170e91d4 method=com.android.dx.rop.code.Insn.contentEquals(Lcom/android/dx/rop/code/Insn;)Z @ 47
Event: 478.303 Thread 0x00007f0090012000 Uncommon trap: reason=unstable_if action=reinterpret pc=0x00007f01170bfeb0 method=com.android.dx.cf.code.Simulator$SimVisitor.visitNoArgs(IIILcom/android/dx/rop/type/Type;)V @ 1133
Event: 478.303 Thread 0x00007f0090012000 Uncommon trap: reason=unstable_if action=reinterpret pc=0x00007f0116342500 method=com.android.dx.rop.code.Rops.ropFor(ILcom/android/dx/rop/type/TypeBearer;Lcom/android/dx/rop/type/TypeList;Lcom/android/dx/rop/cst/Constant;)Lcom/android/dx/rop/code/Rop; @ 
Event: 483.184 Thread 0x00007f0090009000 Uncommon trap: reason=unstable_if action=reinterpret pc=0x00007f01156b7680 method=java.util.DualPivotQuicksort.sort([IIIZ)V @ 11

Internal exceptions (10 events):
Event: 454.200 Thread 0x00007f00d400b000 Exception <a 'sun/nio/fs/UnixException'> (0x00000000e16fc900) thrown at [/ssd/Android/AOSP-openjdk/external/jetbrains/jdk/hotspot/src/share/vm/prims/jni.cpp, line 709]
Event: 454.201 Thread 0x00007f00d400b000 Exception <a 'sun/nio/fs/UnixException'> (0x00000000e16fdd18) thrown at [/ssd/Android/AOSP-openjdk/external/jetbrains/jdk/hotspot/src/share/vm/prims/jni.cpp, line 709]
Event: 454.201 Thread 0x00007f00d400b000 Exception <a 'sun/nio/fs/UnixException'> (0x00000000e17006a8) thrown at [/ssd/Android/AOSP-openjdk/external/jetbrains/jdk/hotspot/src/share/vm/prims/jni.cpp, line 709]
Event: 454.201 Thread 0x00007f00d400b000 Exception <a 'sun/nio/fs/UnixException'> (0x00000000e17019c8) thrown at [/ssd/Android/AOSP-openjdk/external/jetbrains/jdk/hotspot/src/share/vm/prims/jni.cpp, line 709]
Event: 455.605 Thread 0x00007f00d400b000 Implicit null exception at 0x00007f0116915873 to 0x00007f01169162b9
Event: 455.699 Thread 0x00007f00d400b000 Implicit null exception at 0x00007f01169a0f7f to 0x00007f01169a717d
Event: 455.699 Thread 0x00007f00d400b000 Implicit null exception at 0x00007f0116995e57 to 0x00007f0116996ddd
Event: 457.187 Thread 0x00007f00d400b000 Implicit null exception at 0x00007f0116baee90 to 0x00007f0116baf26d
Event: 457.791 Thread 0x00007f00d400b000 Implicit null exception at 0x00007f01159d03fe to 0x00007f01159d06c1
Event: 467.011 Thread 0x00007f0090013000 Implicit null exception at 0x00007f0116451db9 to 0x00007f0116453995

Events (10 events):
Event: 483.939 Thread 0x00007f01240bc800 flushing nmethod 0x00007f0116030790
Event: 483.940 Thread 0x00007f01240bc800 flushing nmethod 0x00007f01160b9150
Event: 484.019 Executing VM operation: ParallelGCFailedAllocation
Event: 484.139 Executing VM operation: ParallelGCFailedAllocation done
Event: 484.386 Executing VM operation: ParallelGCFailedAllocation
Event: 484.492 Executing VM operation: ParallelGCFailedAllocation done
Event: 484.691 Thread 0x00007f01240ba800 flushing nmethod 0x00007f0116a6ac50
Event: 484.729 Thread 0x00007f01240ba800 flushing nmethod 0x00007f01170030d0
Event: 484.729 Thread 0x00007f01240ba800 flushing nmethod 0x00007f0117029850
Event: 484.900 Executing VM operation: ParallelGCFailedAllocation


Dynamic libraries:
00400000-00401000 r-xp 00000000 08:07 1201464                            /home/chivu/Downloads/android-studio-p/jre/bin/java
00600000-00601000 r--p 00000000 08:07 1201464                            /home/chivu/Downloads/android-studio-p/jre/bin/java
00601000-00602000 rw-p 00001000 08:07 1201464                            /home/chivu/Downloads/android-studio-p/jre/bin/java
01873000-018bb000 rw-p 00000000 00:00 0                                  [heap]
a0000000-d4580000 rw-p 00000000 00:00 0 
dd380000-e0000000 ---p 00000000 00:00 0 
e0000000-100000000 rw-p 00000000 00:00 0 
100000000-100900000 rw-p 00000000 00:00 0 
100900000-140000000 ---p 00000000 00:00 0 
7f008f839000-7f008f83c000 ---p 00000000 00:00 0 
7f008f83c000-7f008f93a000 rw-p 00000000 00:00 0 
7f008f93a000-7f008fa00000 r--s 008d6000 08:07 2143686                    /home/chivu/Desktop/newsApp/app/build/intermediates/transforms/jarMerging/debug/jars/1/1f/combined.jar
7f008fa00000-7f008fa40000 rw-p 00000000 00:00 0 
7f008fa40000-7f008fc00000 ---p 00000000 00:00 0 
7f008fc00000-7f008fe00000 rw-p 00000000 00:00 0 
7f008fe00000-7f0090000000 rw-p 00000000 00:00 0 
7f0090000000-7f00900fd000 rw-p 00000000 00:00 0 
7f00900fd000-7f0094000000 ---p 00000000 00:00 0 
7f0094000000-7f0094115000 rw-p 00000000 00:00 0 
7f0094115000-7f0098000000 ---p 00000000 00:00 0 
7f0098000000-7f009830e000 rw-p 00000000 00:00 0 
7f009830e000-7f009c000000 ---p 00000000 00:00 0 
7f009c000000-7f009c16f000 rw-p 00000000 00:00 0 
7f009c16f000-7f00a0000000 ---p 00000000 00:00 0 
7f00a0000000-7f00a0031000 rw-p 00000000 00:00 0 
7f00a0031000-7f00a4000000 ---p 00000000 00:00 0 
7f00a4000000-7f00a4057000 rw-p 00000000 00:00 0 
7f00a4057000-7f00a8000000 ---p 00000000 00:00 0 
7f00a8000000-7f00a8021000 rw-p 00000000 00:00 0 
7f00a8021000-7f00ac000000 ---p 00000000 00:00 0 
7f00ac000000-7f00ac021000 rw-p 00000000 00:00 0 
7f00ac021000-7f00b0000000 ---p 00000000 00:00 0 
7f00b0000000-7f00b0021000 rw-p 00000000 00:00 0 
7f00b0021000-7f00b4000000 ---p 00000000 00:00 0 
7f00b4000000-7f00b4021000 rw-p 00000000 00:00 0 
7f00b4021000-7f00b8000000 ---p 00000000 00:00 0 
7f00b8000000-7f00b988f000 rw-p 00000000 00:00 0 
7f00b988f000-7f00bc000000 ---p 00000000 00:00 0 
7f00bc000000-7f00bc02d000 rw-p 00000000 00:00 0 
7f00bc02d000-7f00c0000000 ---p 00000000 00:00 0 
7f00c0000000-7f00c0021000 rw-p 00000000 00:00 0 
7f00c0021000-7f00c4000000 ---p 00000000 00:00 0 
7f00c4091000-7f00c4094000 ---p 00000000 00:00 0 
7f00c4094000-7f00c4392000 rw-p 00000000 00:00 0 
7f00c4392000-7f00c4592000 rw-p 00000000 00:00 0 
7f00c4592000-7f00c45c8000 r-xp 00000000 08:07 1201552                    /home/chivu/Downloads/android-studio-p/jre/jre/lib/amd64/libsunec.so
7f00c45c8000-7f00c47c7000 ---p 00036000 08:07 1201552                    /home/chivu/Downloads/android-studio-p/jre/jre/lib/amd64/libsunec.so
7f00c47c7000-7f00c47cc000 r--p 00035000 08:07 1201552                    /home/chivu/Downloads/android-studio-p/jre/jre/lib/amd64/libsunec.so
7f00c47cc000-7f00c47ce000 rw-p 0003a000 08:07 1201552                    /home/chivu/Downloads/android-studio-p/jre/jre/lib/amd64/libsunec.so
7f00c47ce000-7f00c49df000 rw-p 00000000 00:00 0 
7f00c49df000-7f00c4bdf000 rw-p 00000000 00:00 0 
7f00c4bdf000-7f00c4be2000 ---p 00000000 00:00 0 
7f00c4be2000-7f00c4ce0000 rw-p 00000000 00:00 0 
7f00c4d9d000-7f00c4da2000 r--s 0003b000 08:07 1201577                    /home/chivu/Downloads/android-studio-p/jre/jre/lib/ext/sunjce_provider.jar
7f00c4da2000-7f00c4da3000 r--s 00008000 08:07 1201575                    /home/chivu/Downloads/android-studio-p/jre/jre/lib/ext/sunec.jar
7f00c4da3000-7f00c4da6000 r--s 00015000 08:07 1201493                    /home/chivu/Downloads/android-studio-p/jre/jre/lib/jce.jar
7f00c4da6000-7f00c4fa6000 rw-p 00000000 00:00 0 
7f00c4fa6000-7f00c4fa9000 ---p 00000000 00:00 0 
7f00c4fa9000-7f00c50a7000 rw-p 00000000 00:00 0 
7f00c50a7000-7f00c50aa000 ---p 00000000 00:00 0 
7f00c50aa000-7f00c51a8000 rw-p 00000000 00:00 0 
7f00c51a8000-7f00c51ab000 ---p 00000000 00:00 0 
7f00c51ab000-7f00c52a9000 rw-p 00000000 00:00 0 
7f00c52a9000-7f00c52ac000 ---p 00000000 00:00 0 
7f00c52ac000-7f00c53aa000 rw-p 00000000 00:00 0 
7f00c53aa000-7f00c53ad000 ---p 00000000 00:00 0 
7f00c53ad000-7f00c56ab000 rw-p 00000000 00:00 0 
7f00c56ab000-7f00c56ae000 ---p 00000000 00:00 0 
7f00c56ae000-7f00c59ac000 rw-p 00000000 00:00 0 
7f00c59ac000-7f00c5bac000 rw-p 00000000 00:00 0 
7f00c5bac000-7f00c5dac000 rw-p 00000000 00:00 0 
7f00c5dac000-7f00c5fac000 rw-p 00000000 00:00 0 
7f00c5fac000-7f00c5fbf000 r--s 00344000 08:07 1201558                    /home/chivu/Downloads/android-studio-p/jre/jre/lib/resources.jar
7f00c5fbf000-7f00c61bf000 rw-p 00000000 00:00 0 
7f00c61bf000-7f00c63bf000 rw-p 00000000 00:00 0 
7f00c63bf000-7f00c65bf000 rw-p 00000000 00:00 0 
7f00c65bf000-7f00c67bf000 rw-p 00000000 00:00 0 
7f00c67bf000-7f00c67c2000 ---p 00000000 00:00 0 
7f00c67c2000-7f00c6ac0000 rw-p 00000000 00:00 0 
7f00c6ac0000-7f00c6ac1000 r--s 00001000 08:07 1094992                    /home/chivu/.gradle/caches/jars-2/cmhx5eetujk7j30d3nllwxyrlnugzjw/annotations-25.3.3.jar
7f00c6ac1000-7f00c6ac9000 r--s 000a8000 08:07 932893                     /home/chivu/.gradle/caches/jars-2/lp0h431tl0554nh1vx6zomcvteflkp/lombok-ast-0.2.3.jar
7f00c6ac9000-7f00c6add000 r--s 000b4000 08:07 139376                     /home/chivu/.gradle/caches/jars-2/hgvw6szzawm3evod5l2d6iutfug31w0/uast-162.2228.14.jar
7f00c6add000-7f00c6adf000 r--s 0000d000 08:07 932889                     /home/chivu/.gradle/caches/jars-2/7pwz1bowgakb1eux9ezb56jlturgsyi/commons-codec-1.4.jar
7f00c6adf000-7f00c6ae1000 r--s 0000d000 08:07 932887                     /home/chivu/.gradle/caches/jars-2/9dj1m0eyooi5qt13735vz8fpkl3cnfy/commons-logging-1.1.1.jar
7f00c6ae1000-7f00c6ae6000 r--s 00028000 08:07 932885                     /home/chivu/.gradle/caches/jars-2/62lv0fe9b3xbqe57f6ljy5upwi7mf6k/httpcore-4.1.jar
7f00c6ae6000-7f00c6aea000 r--s 0002f000 08:07 932883                     /home/chivu/.gradle/caches/jars-2/gsg5n52frsvw6sx0swqqe2hwijwdcf0/jimfs-1.1.jar
7f00c6aea000-7f00c6aeb000 r--s 00004000 08:07 932881                     /home/chivu/.gradle/caches/jars-2/lxs252id0979odjrerlctkb26c2vj95/annotations-12.0.jar
7f00c6aeb000-7f00c6aec000 r--s 00004000 08:07 932879                     /home/chivu/.gradle/caches/jars-2/9kn99dr0rulyl67sct1ephwcop56l61/asm-analysis-5.0.4.jar
7f00c6aec000-7f00c6af0000 r--s 00040000 08:07 1094991                    /home/chivu/.gradle/caches/jars-2/ccvn7yglm4blceovs70fngoac1eyn4f/lint-api-25.3.3.jar
7f00c6af0000-7f00c6af1000 r--s 0000a000 08:07 932875                     /home/chivu/.gradle/caches/jars-2/nwyg9io65lv6jvmwit2wq82xnnxd7ia/kxml2-2.3.0.jar
7f00c6af1000-7f00c6af3000 r--s 00005000 08:07 932873                     /home/chivu/.gradle/caches/jars-2/i6hc1uuj8e9ck59slmzdyz78ydn8sr6/httpmime-4.1.jar
7f00c6af3000-7f00c6afb000 r--s 0004e000 08:07 932871                     /home/chivu/.gradle/caches/jars-2/7503wa5irssz0xxahv1xb82p2dl7rr2/httpclient-4.1.1.jar
7f00c6afb000-7f00c6b02000 r--s 00053000 08:07 932869                     /home/chivu/.gradle/caches/jars-2/jgkfvs4eqggj7qsyw1f5d3up57hanj1/commons-compress-1.8.1.jar
7f00c6b02000-7f00c6b07000 r--s 0002a000 08:07 932867                     /home/chivu/.gradle/caches/jars-2/je8f027qcr1z1egw08byp1ybxbp9kko/gson-2.2.4.jar
7f00c6b07000-7f00c6b0c000 r--s 0002e000 08:07 1094990                    /home/chivu/.gradle/caches/jars-2/s427p2wh0tfza0xa8qijgx107eeevyl/repository-25.3.3.jar
7f00c6b0c000-7f00c6b0e000 r--s 00006000 08:07 1094989                    /home/chivu/.gradle/caches/jars-2/e2s952s6co8tps89l80r4riixwqo2oe/dvlib-25.3.3.jar
7f00c6b0e000-7f00c6b10000 r--s 00013000 08:07 1094883                    /home/chivu/.gradle/caches/jars-2/s02k517nvrh8cbp2c8dz4slqska6dj9/layoutlib-api-25.3.3.jar
7f00c6b10000-7f00c6b15000 r--s 00058000 08:07 932859                     /home/chivu/.gradle/caches/jars-2/st159835qgxm0l87oqrnhayxos4lc1n/asm-debug-all-5.0.1.jar
7f00c6b15000-7f00c6b25000 r--s 000d5000 08:07 932857                     /home/chivu/.gradle/caches/jars-2/qzf32gp9kej4w4hlbabft6tplu74cj3/proguard-base-5.3.2.jar
7f00c6b25000-7f00c6b28000 r--s 00033000 08:07 932855                     /home/chivu/.gradle/caches/jars-2/nz9sndmr8b4xbj4xulkaciy5kdbyfiz/juniversalchardet-1.0.3.jar
7f00c6b28000-7f00c6b2c000 r--s 0002a000 08:07 932853                     /home/chivu/.gradle/caches/jars-2/krbpn9xjn1qymukyx8cc5l799ty1v3h/commons-io-2.4.jar
7f00c6b2c000-7f00c6b43000 r--s 00154000 08:07 932851                     /home/chivu/.gradle/caches/jars-2/sfeivjswzitn6n0fnjx3ueszz8gv8o1/antlr4-4.5.3.jar
7f00c6b43000-7f00c6b45000 r--s 00002000 08:07 1094881                    /home/chivu/.gradle/caches/jars-2/rh2ip1x2zziz26tr3qzudtz088pqsb2/baseLibrary-2.3.3.jar
7f00c6b45000-7f00c6b70000 r--s 001fc000 08:07 932847                     /home/chivu/.gradle/caches/jars-2/nxjrjftly2xksl8o0wqgivu5netfu2x/guava-18.0.jar
7f00c6b70000-7f00c6b83000 r--s 00241000 08:07 932845                     /home/chivu/.gradle/caches/jars-2/9yuekvg4qerfitq3xec0iyckuw3hwaq/ecj-4.6.1.jar
7f00c6b83000-7f00c6b8a000 r--s 000d9000 08:07 1094862                    /home/chivu/.gradle/caches/jars-2/ak89aa8liqmr44u7r08njntn6oehe0z/lint-checks-25.3.3.jar
7f00c6b8a000-7f00c6b8c000 r--s 00006000 08:07 932841                     /home/chivu/.gradle/caches/jars-2/6phgj9ki3jl3p5epzkqoo8pr6kur40b/asm-tree-5.0.4.jar
7f00c6b8c000-7f00c6bbf000 r--s 00203000 08:07 932839                     /home/chivu/.gradle/caches/jars-2/hj0bfvxu9cq7hkwmecvp0kg137or3hh/bcprov-jdk15on-1.48.jar
7f00c6bbf000-7f00c6bcd000 r--s 00081000 08:07 932837                     /home/chivu/.gradle/caches/jars-2/4r7xli0tz94y0wfjrdyjxlxar3g1pb9/bcpkix-jdk15on-1.48.jar
7f00c6bcd000-7f00c6bcf000 r--s 00002000 08:07 932835                     /home/chivu/.gradle/caches/jars-2/f32bh5uivuf69ecz2j8hl96ksnqdh7v/javawriter-2.5.0.jar
7f00c6bcf000-7f00c6bd1000 r--s 00004000 08:07 1094861                    /home/chivu/.gradle/caches/jars-2/j6s1upogkwo00sygdsekzj4fx0i75uy/tracker-25.3.3.jar
7f00c6bd1000-7f00c6bd2000 r--s 00005000 08:07 1094860                    /home/chivu/.gradle/caches/jars-2/4svya0t1s9wyo35ycd3atidsaoo6w7e/shared-25.3.3.jar
7f00c6bd2000-7f00c6be0000 r--s 00147000 08:07 1094859                    /home/chivu/.gradle/caches/jars-2/qx6695c5ocd9swxv7wqtxor3plyb4b7/protos-25.3.3.jar
7f00c6be0000-7f00c6be1000 r--s 00001000 08:07 139356                     /home/chivu/.gradle/caches/jars-2/bqo69msswbvaagsh45hf1tq02v21sml/jill-api-0.10.0.jar
7f00c6be1000-7f00c6be3000 r--s 00003000 08:07 139354                     /home/chivu/.gradle/caches/jars-2/7pldadygbci34ql8thws797g29k1uhh/jack-api-0.13.0.jar
7f00c6be3000-7f00c6be9000 r--s 0004a000 08:07 1094853                    /home/chivu/.gradle/caches/jars-2/euoqfzf5y1sibp9ul8mcz0wovj380eo/ddmlib-25.3.3.jar
7f00c6be9000-7f00c6bec000 r--s 00022000 08:07 1094848                    /home/chivu/.gradle/caches/jars-2/a81bg2yxzmumashablwecaj0ksz6tmj/manifest-merger-25.3.3.jar
7f00c6bec000-7f00c6bef000 r--s 0001c000 08:07 1094847                    /home/chivu/.gradle/caches/jars-2/l6cnyee1vojrkkbpp6qwgpf30shmrja/common-25.3.3.jar
7f00c6bef000-7f00c6bf8000 r--s 00089000 08:07 1094417                    /home/chivu/.gradle/caches/jars-2/m0t6h8af70sdgxvkj522jy01i14mnb8/sdk-common-25.3.3.jar
7f00c6bf8000-7f00c6c02000 r--s 00098000 08:07 1094415                    /home/chivu/.gradle/caches/jars-2/28c9ykhc782k8jmlrnbnccai34hziki/sdklib-25.3.3.jar
7f00c6c02000-7f00c6c03000 r--s 00002000 08:07 1094389                    /home/chivu/.gradle/caches/jars-2/4dod7a1p5hoai4v37pxbcg65bbahvg2/builder-test-api-2.3.3.jar
7f00c6c03000-7f00c6c06000 r--s 00006000 08:07 1094385                    /home/chivu/.gradle/caches/jars-2/omk02asobup8sgd6qxom3ej5bg94z2r/builder-model-2.3.3.jar
7f00c6c06000-7f00c6c15000 r--s 00130000 08:07 932809                     /home/chivu/.gradle/caches/jars-2/cr6zkqpx14lor9zdtmo49qpc7y8r8p4/protobuf-java-3.0.0.jar
7f00c6c15000-7f00c6c17000 r--s 0000f000 08:07 932807                     /home/chivu/.gradle/caches/jars-2/rvfyugrlu5tbpz51p98og0qsxamjq4k/jopt-simple-4.9.jar
7f00c6c17000-7f00c6c1b000 r--s 0001f000 08:07 932805                     /home/chivu/.gradle/caches/jars-2/nq3fzqkrrm37ob61z4iu5qdbh368uat/org.jacoco.report-0.7.5.201505241946.jar
7f00c6c1b000-7f00c6c1f000 r--s 0001d000 08:07 932803                     /home/chivu/.gradle/caches/jars-2/3kxkmcckmk40ron92zhbm0qjo9l4bkl/org.jacoco.core-0.7.5.201505241946.jar
7f00c6c1f000-7f00c6c3e000 r--s 001ca000 08:07 1094310                    /home/chivu/.gradle/caches/jars-2/5fwyvjq1ai8mdh1mluqxidj1wo7rls8/gradle-core-2.3.3.jar
7f00c6c3e000-7f00c6e3e000 rw-p 00000000 00:00 0 
7f00c6e3e000-7f00c703e000 rw-p 00000000 00:00 0 
7f00c703e000-7f00c7041000 ---p 00000000 00:00 0 
7f00c7041000-7f00c733f000 rw-p 00000000 00:00 0 
7f00c733f000-7f00c7342000 ---p 00000000 00:00 0 
7f00c7342000-7f00c7578000 rw-p 00000000 00:00 0 
7f00c7578000-7f00c7778000 rw-p 00000000 00:00 0 
7f00c7778000-7f00c777a000 r--s 00002000 08:07 932801                     /home/chivu/.gradle/caches/jars-2/m4m0pzb4gmaeh0in5g2xc4bxeuwt828/proguard-gradle-5.3.2.jar
7f00c777a000-7f00c777c000 r--s 00009000 08:07 932799                     /home/chivu/.gradle/caches/jars-2/ajvcvdu66lc9e3tvvipxtuq48i9bbkc/asm-commons-5.0.4.jar
7f00c777c000-7f00c777e000 r--s 0000c000 08:07 932797                     /home/chivu/.gradle/caches/jars-2/1laz1ygmxoc408r7nwqs1q8uk8r236d/asm-5.0.4.jar
7f00c777e000-7f00c7783000 r--s 0002c000 08:07 1094383                    /home/chivu/.gradle/caches/jars-2/3mlasgi8oo9o7oa12526198jui9zmp2/compilerCommon-2.3.3.jar
7f00c7783000-7f00c7983000 rw-p 00000000 00:00 0 
7f00c7983000-7f00c79fc000 r--s 010ed000 08:07 1201473                    /home/chivu/Downloads/android-studio-p/jre/lib/tools.jar
7f00c79fc000-7f00c7bfc000 rw-p 00000000 00:00 0 
7f00c7bfc000-7f00c7bff000 ---p 00000000 00:00 0 
7f00c7bff000-7f00c7cfd000 rw-p 00000000 00:00 0 
7f00c7cfd000-7f00c7d00000 ---p 00000000 00:00 0 
7f00c7d00000-7f00c7dfe000 rw-p 00000000 00:00 0 
7f00c7dfe000-7f00c7e01000 ---p 00000000 00:00 0 
7f00c7e01000-7f00c7eff000 rw-p 00000000 00:00 0 
7f00c7eff000-7f00c7f02000 ---p 00000000 00:00 0 
7f00c7f02000-7f00c8000000 rw-p 00000000 00:00 0 
7f00c8000000-7f00c8423000 rw-p 00000000 00:00 0 
7f00c8423000-7f00cc000000 ---p 00000000 00:00 0 
7f00cc000000-7f00cc021000 rw-p 00000000 00:00 0 
7f00cc021000-7f00d0000000 ---p 00000000 00:00 0 
7f00d0000000-7f00d0071000 rw-p 00000000 00:00 0 
7f00d0071000-7f00d4000000 ---p 00000000 00:00 0 
7f00d4000000-7f00d4021000 rw-p 00000000 00:00 0 
7f00d4021000-7f00d8000000 ---p 00000000 00:00 0 
7f00d8000000-7f00d8021000 rw-p 00000000 00:00 0 
7f00d8021000-7f00dc000000 ---p 00000000 00:00 0 
7f00dc000000-7f00dc021000 rw-p 00000000 00:00 0 
7f00dc021000-7f00e0000000 ---p 00000000 00:00 0 
7f00e0000000-7f00e2696000 rw-p 00000000 00:00 0 
7f00e2696000-7f00e4000000 ---p 00000000 00:00 0 
7f00e4000000-7f00e52b4000 rw-p 00000000 00:00 0 
7f00e52b4000-7f00e8000000 ---p 00000000 00:00 0 
7f00e8000000-7f00e8021000 rw-p 00000000 00:00 0 
7f00e8021000-7f00ec000000 ---p 00000000 00:00 0 
7f00ec000000-7f00ee4ca000 rw-p 00000000 00:00 0 
7f00ee4ca000-7f00f0000000 ---p 00000000 00:00 0 
7f00f0000000-7f00f0021000 rw-p 00000000 00:00 0 
7f00f0021000-7f00f4000000 ---p 00000000 00:00 0 
7f00f4000000-7f00f4021000 rw-p 00000000 00:00 0 
7f00f4021000-7f00f8000000 ---p 00000000 00:00 0 
7f00f8000000-7f00f82c7000 rw-p 00000000 00:00 0 
7f00f82c7000-7f00fc000000 ---p 00000000 00:00 0 
7f00fc000000-7f00fc021000 rw-p 00000000 00:00 0 
7f00fc021000-7f0100000000 ---p 00000000 00:00 0 
7f0100000000-7f0100001000 r--s 00002000 08:07 1094379                    /home/chivu/.gradle/caches/jars-2/73l309uzm0ila7rdaaxteq0ng4ayf2y/gradle-api-2.3.3.jar
7f0100001000-7f0100002000 r--s 00000000 08:07 139334                     /home/chivu/.gradle/caches/jars-2/tlyajppf8woug00g686fx5mchf8iv3o/transform-api-2.0.0-deprecated-use-gradle-api.jar
7f0100002000-7f0100007000 r--s 0005e000 08:07 1094349                    /home/chivu/.gradle/caches/jars-2/k2xtosjt0in0zj7mpwvctw6iznt93uh/lint-25.3.3.jar
7f0100007000-7f010001d000 r--s 00163000 08:07 1094347                    /home/chivu/.gradle/caches/jars-2/nyg71b5n2lzymmwh5vbtmvjiby07k4g/builder-2.3.3.jar
7f010001d000-7f010001f000 r--s 00007000 08:07 266240                     /home/chivu/.gradle/caches/modules-2/files-2.1/com.google.gms/google-services/3.1.0/166ae4e6acd03b7bbebe221ffa54bc039fece1b9/google-services-3.1.0.jar
7f010001f000-7f0100021000 r--s 0000d000 08:07 1094266                    /home/chivu/.gradle/caches/jars-2/mel54vauze7hczg2p6nebauqz8s53sj/gradle-2.3.3.jar
7f0100021000-7f0100022000 r--p 00000000 00:00 0 
7f0100022000-7f0100025000 ---p 00000000 00:00 0 
7f0100025000-7f0100323000 rw-p 00000000 00:00 0 
7f0100323000-7f0100326000 ---p 00000000 00:00 0 
7f0100326000-7f0100424000 rw-p 00000000 00:00 0 
7f0100424000-7f0100427000 ---p 00000000 00:00 0 
7f0100427000-7f0100525000 rw-p 00000000 00:00 0 
7f0100525000-7f010052c000 r--s 00000000 08:07 1590595                    /usr/lib/x86_64-linux-gnu/gconv/gconv-modules.cache
7f010052c000-7f010072c000 rw-p 00000000 00:00 0 
7f010072c000-7f010072f000 ---p 00000000 00:00 0 
7f010072f000-7f010082d000 rw-p 00000000 00:00 0 
7f010082d000-7f0100836000 r-xp 00000000 08:07 1201548                    /home/chivu/Downloads/android-studio-p/jre/jre/lib/amd64/libmanagement.so
7f0100836000-7f0100a35000 ---p 00009000 08:07 1201548                    /home/chivu/Downloads/android-studio-p/jre/jre/lib/amd64/libmanagement.so
7f0100a35000-7f0100a36000 r--p 00008000 08:07 1201548                    /home/chivu/Downloads/android-studio-p/jre/jre/lib/amd64/libmanagement.so
7f0100a36000-7f0100a37000 rw-p 00009000 08:07 1201548                    /home/chivu/Downloads/android-studio-p/jre/jre/lib/amd64/libmanagement.so
7f0100a37000-7f0100a3c000 r--s 00098000 08:07 1201512                    /home/chivu/Downloads/android-studio-p/jre/jre/lib/jsse.jar
7f0100a3c000-7f0100a3e000 r--s 00007000 08:07 1189108                    /home/chivu/.gradle/wrapper/dists/gradle-3.3-all/55gk2rcmfc6p2dg9u9ohc3hw9/gradle-3.3/lib/plugins/gradle-tooling-api-builders-3.3.jar
7f0100a3e000-7f0100a41000 r--s 00009000 08:07 1189101                    /home/chivu/.gradle/wrapper/dists/gradle-3.3-all/55gk2rcmfc6p2dg9u9ohc3hw9/gradle-3.3/lib/plugins/gradle-testing-native-3.3.jar
7f0100a41000-7f0100a47000 r--s 00033000 08:07 1189176                    /home/chivu/.gradle/wrapper/dists/gradle-3.3-all/55gk2rcmfc6p2dg9u9ohc3hw9/gradle-3.3/lib/plugins/snakeyaml-1.6.jar
7f0100a47000-7f0100a49000 r--s 00006000 08:07 1189175                    /home/chivu/.gradle/wrapper/dists/gradle-3.3-all/55gk2rcmfc6p2dg9u9ohc3hw9/gradle-3.3/lib/plugins/jcommander-1.12.jar
7f0100a49000-7f0100a4e000 r--s 00040000 08:07 1189174                    /home/chivu/.gradle/wrapper/dists/gradle-3.3-all/55gk2rcmfc6p2dg9u9ohc3hw9/gradle-3.3/lib/plugins/bsh-2.0b4.jar
7f0100a4e000-7f0100a50000 r--s 00009000 08:07 1189182                    /home/chivu/.gradle/wrapper/dists/gradle-3.3-all/55gk2rcmfc6p2dg9u9ohc3hw9/gradle-3.3/lib/plugins/hamcrest-core-1.3.jar
7f0100a50000-7f0100a59000 r--s 00089000 08:07 1189133                    /home/chivu/.gradle/wrapper/dists/gradle-3.3-all/55gk2rcmfc6p2dg9u9ohc3hw9/gradle-3.3/lib/plugins/testng-6.3.1.jar
7f0100a59000-7f0100a61000 r--s 00045000 08:07 1189132                    /home/chivu/.gradle/wrapper/dists/gradle-3.3-all/55gk2rcmfc6p2dg9u9ohc3hw9/gradle-3.3/lib/plugins/junit-4.12.jar
7f0100a61000-7f0100a67000 r--s 0002e000 08:07 1189102                    /home/chivu/.gradle/wrapper/dists/gradle-3.3-all/55gk2rcmfc6p2dg9u9ohc3hw9/gradle-3.3/lib/plugins/gradle-testing-jvm-3.3.jar
7f0100a67000-7f0100a6b000 r--s 00016000 08:07 1189100                    /home/chivu/.gradle/wrapper/dists/gradle-3.3-all/55gk2rcmfc6p2dg9u9ohc3hw9/gradle-3.3/lib/plugins/gradle-testing-base-3.3.jar
7f0100a6b000-7f0100a72000 r--s 00038000 08:07 1189127                    /home/chivu/.gradle/wrapper/dists/gradle-3.3-all/55gk2rcmfc6p2dg9u9ohc3hw9/gradle-3.3/lib/plugins/bcpg-jdk15on-1.51.jar
7f0100a72000-7f0100a74000 r--s 0000c000 08:07 1189079                    /home/chivu/.gradle/wrapper/dists/gradle-3.3-all/55gk2rcmfc6p2dg9u9ohc3hw9/gradle-3.3/lib/plugins/gradle-signing-3.3.jar
7f0100a74000-7f0100a76000 r--s 00007000 08:07 1189078                    /home/chivu/.gradle/wrapper/dists/gradle-3.3-all/55gk2rcmfc6p2dg9u9ohc3hw9/gradle-3.3/lib/plugins/gradle-scala-3.3.jar
7f0100a76000-7f0100a77000 r--s 00004000 08:07 1189106                    /home/chivu/.gradle/wrapper/dists/gradle-3.3-all/55gk2rcmfc6p2dg9u9ohc3hw9/gradle-3.3/lib/plugins/gradle-resources-sftp-3.3.jar
7f0100a77000-7f0100a87000 r--s 00088000 08:07 1189143                    /home/chivu/.gradle/wrapper/dists/gradle-3.3-all/55gk2rcmfc6p2dg9u9ohc3hw9/gradle-3.3/lib/plugins/joda-time-2.8.2.jar
7f0100a87000-7f0100a98000 r--s 0010d000 08:07 1189142                    /home/chivu/.gradle/wrapper/dists/gradle-3.3-all/55gk2rcmfc6p2dg9u9ohc3hw9/gradle-3.3/lib/plugins/jackson-databind-2.6.6.jar
7f0100a98000-7f0100a9b000 r--s 00009000 08:07 1189141                    /home/chivu/.gradle/wrapper/dists/gradle-3.3-all/55gk2rcmfc6p2dg9u9ohc3hw9/gradle-3.3/lib/plugins/jackson-annotations-2.6.6.jar
7f0100a9b000-7f0100a9f000 r--s 0003c000 08:07 1189140                    /home/chivu/.gradle/wrapper/dists/gradle-3.3-all/55gk2rcmfc6p2dg9u9ohc3hw9/gradle-3.3/lib/plugins/jackson-core-2.6.6.jar
7f0100a9f000-7f0100aad000 r--s 00087000 08:07 1189139                    /home/chivu/.gradle/wrapper/dists/gradle-3.3-all/55gk2rcmfc6p2dg9u9ohc3hw9/gradle-3.3/lib/plugins/aws-java-sdk-core-1.11.6.jar
7f0100aad000-7f0100ab4000 r--s 00057000 08:07 1189138                    /home/chivu/.gradle/wrapper/dists/gradle-3.3-all/55gk2rcmfc6p2dg9u9ohc3hw9/gradle-3.3/lib/plugins/aws-java-sdk-kms-1.11.6.jar
7f0100ab4000-7f0100ac1000 r--s 0008e000 08:07 1189137                    /home/chivu/.gradle/wrapper/dists/gradle-3.3-all/55gk2rcmfc6p2dg9u9ohc3hw9/gradle-3.3/lib/plugins/aws-java-sdk-s3-1.11.6.jar
7f0100ac1000-7f0100ac3000 r--s 00004000 08:07 1189107                    /home/chivu/.gradle/wrapper/dists/gradle-3.3-all/55gk2rcmfc6p2dg9u9ohc3hw9/gradle-3.3/lib/plugins/gradle-resources-s3-3.3.jar
7f0100ac3000-7f0100ac5000 r--s 00005000 08:07 1189131                    /home/chivu/.gradle/wrapper/dists/gradle-3.3-all/55gk2rcmfc6p2dg9u9ohc3hw9/gradle-3.3/lib/plugins/jatl-0.2.2.jar
7f0100ac5000-7f0100ac7000 r--s 0000f000 08:07 1189084                    /home/chivu/.gradle/wrapper/dists/gradle-3.3-all/55gk2rcmfc6p2dg9u9ohc3hw9/gradle-3.3/lib/plugins/gradle-reporting-3.3.jar
7f0100ac7000-7f0100ac9000 r--s 00002000 08:07 1189085                    /home/chivu/.gradle/wrapper/dists/gradle-3.3-all/55gk2rcmfc6p2dg9u9ohc3hw9/gradle-3.3/lib/plugins/gradle-publish-3.3.jar
7f0100ac9000-7f0100acb000 r--s 00009000 08:07 1189114                    /home/chivu/.gradle/wrapper/dists/gradle-3.3-all/55gk2rcmfc6p2dg9u9ohc3hw9/gradle-3.3/lib/plugins/commons-cli-1.2.jar
7f0100acb000-7f0100ad1000 r--s 00031000 08:07 1189070                    /home/chivu/.gradle/wrapper/dists/gradle-3.3-all/55gk2rcmfc6p2dg9u9ohc3hw9/gradle-3.3/lib/plugins/gradle-plugins-3.3.jar
7f0100ad1000-7f0100ad3000 r--s 00009000 08:07 1189103                    /home/chivu/.gradle/wrapper/dists/gradle-3.3-all/55gk2rcmfc6p2dg9u9ohc3hw9/gradle-3.3/lib/plugins/gradle-plugin-development-3.3.jar
7f0100ad3000-7f0100ad9000 r--s 0002b000 08:07 1189096                    /home/chivu/.gradle/wrapper/dists/gradle-3.3-all/55gk2rcmfc6p2dg9u9ohc3hw9/gradle-3.3/lib/plugins/gradle-platform-play-3.3.jar
7f0100ad9000-7f0100ae7000 r--s 00055000 08:07 1189095                    /home/chivu/.gradle/wrapper/dists/gradle-3.3-all/55gk2rcmfc6p2dg9u9ohc3hw9/gradle-3.3/lib/plugins/gradle-platform-native-3.3.jar
7f0100ae7000-7f0100aec000 r--s 0001f000 08:07 1189090                    /home/chivu/.gradle/wrapper/dists/gradle-3.3-all/55gk2rcmfc6p2dg9u9ohc3hw9/gradle-3.3/lib/plugins/gradle-platform-jvm-3.3.jar
7f0100aec000-7f0100af4000 r--s 00027000 08:07 1189089                    /home/chivu/.gradle/wrapper/dists/gradle-3.3-all/55gk2rcmfc6p2dg9u9ohc3hw9/gradle-3.3/lib/plugins/gradle-platform-base-3.3.jar
7f0100af4000-7f0100b1c000 r--s 0021c000 08:07 1189122                    /home/chivu/.gradle/wrapper/dists/gradle-3.3-all/55gk2rcmfc6p2dg9u9ohc3hw9/gradle-3.3/lib/plugins/biz.aQute.bndlib-3.2.0.jar
7f0100b1c000-7f0100b1e000 r--s 00003000 08:07 1189074                    /home/chivu/.gradle/wrapper/dists/gradle-3.3-all/55gk2rcmfc6p2dg9u9ohc3hw9/gradle-3.3/lib/plugins/gradle-osgi-3.3.jar
7f0100b1e000-7f0100b21000 r--s 0000c000 08:07 1189125                    /home/chivu/.gradle/wrapper/dists/gradle-3.3-all/55gk2rcmfc6p2dg9u9ohc3hw9/gradle-3.3/lib/plugins/pmaven-groovy-0.8-20100325.jar
7f0100b21000-7f0100b22000 r--s 00004000 08:07 1189124                    /home/chivu/.gradle/wrapper/dists/gradle-3.3-all/55gk2rcmfc6p2dg9u9ohc3hw9/gradle-3.3/lib/plugins/pmaven-common-0.8-20100325.jar
7f0100b22000-7f0100b28000 r--s 00023000 08:07 1189075                    /home/chivu/.gradle/wrapper/dists/gradle-3.3-all/55gk2rcmfc6p2dg9u9ohc3hw9/gradle-3.3/lib/plugins/gradle-maven-3.3.jar
7f0100b28000-7f0100b2b000 r--s 0000b000 08:07 1189094                    /home/chivu/.gradle/wrapper/dists/gradle-3.3-all/55gk2rcmfc6p2dg9u9ohc3hw9/gradle-3.3/lib/plugins/gradle-language-scala-3.3.jar
7f0100b2b000-7f0100b31000 r--s 0001a000 08:07 1189098                    /home/chivu/.gradle/wrapper/dists/gradle-3.3-all/55gk2rcmfc6p2dg9u9ohc3hw9/gradle-3.3/lib/plugins/gradle-language-native-3.3.jar
7f0100b31000-7f0100b34000 r--s 00005000 08:07 1189091                    /home/chivu/.gradle/wrapper/dists/gradle-3.3-all/55gk2rcmfc6p2dg9u9ohc3hw9/gradle-3.3/lib/plugins/gradle-language-jvm-3.3.jar
7f0100b34000-7f0100b3a000 r--s 00027000 08:07 1189092                    /home/chivu/.gradle/wrapper/dists/gradle-3.3-all/55gk2rcmfc6p2dg9u9ohc3hw9/gradle-3.3/lib/plugins/gradle-language-java-3.3.jar
7f0100b3a000-7f0100b3c000 r--s 0000a000 08:07 1189093                    /home/chivu/.gradle/wrapper/dists/gradle-3.3-all/55gk2rcmfc6p2dg9u9ohc3hw9/gradle-3.3/lib/plugins/gradle-language-groovy-3.3.jar
7f0100b3c000-7f0100b3f000 r--s 0001e000 08:07 1189149                    /home/chivu/.gradle/wrapper/dists/gradle-3.3-all/55gk2rcmfc6p2dg9u9ohc3hw9/gradle-3.3/lib/plugins/jsp-api-2.1-6.1.14.jar
7f0100b3f000-7f0100b62000 r--s 00344000 08:07 1189148                    /home/chivu/.gradle/wrapper/dists/gradle-3.3-all/55gk2rcmfc6p2dg9u9ohc3hw9/gradle-3.3/lib/plugins/core-3.1.1.jar
7f0100b62000-7f0100b63000 r--s 00006000 08:07 1189147                    /home/chivu/.gradle/wrapper/dists/gradle-3.3-all/55gk2rcmfc6p2dg9u9ohc3hw9/gradle-3.3/lib/plugins/jetty-naming-6.1.26.jar
7f0100b63000-7f0100b64000 r--s 00002000 08:07 1189121                    /home/chivu/.gradle/wrapper/dists/gradle-3.3-all/55gk2rcmfc6p2dg9u9ohc3hw9/gradle-3.3/lib/plugins/geronimo-annotation_1.0_spec-1.0.jar
7f0100b64000-7f0100b66000 r--s 00002000 08:07 1189120                    /home/chivu/.gradle/wrapper/dists/gradle-3.3-all/55gk2rcmfc6p2dg9u9ohc3hw9/gradle-3.3/lib/plugins/jetty-annotations-6.1.26.jar
7f0100b66000-7f0100b77000 r--s 000ea000 08:07 1189119                    /home/chivu/.gradle/wrapper/dists/gradle-3.3-all/55gk2rcmfc6p2dg9u9ohc3hw9/gradle-3.3/lib/plugins/jsp-2.1-6.1.14.jar
7f0100b77000-7f0100b79000 r--s 0000d000 08:07 1189118                    /home/chivu/.gradle/wrapper/dists/gradle-3.3-all/55gk2rcmfc6p2dg9u9ohc3hw9/gradle-3.3/lib/plugins/jetty-plus-6.1.26.jar
7f0100b79000-7f0100b7b000 r--s 0001f000 08:07 1189117                    /home/chivu/.gradle/wrapper/dists/gradle-3.3-all/55gk2rcmfc6p2dg9u9ohc3hw9/gradle-3.3/lib/plugins/servlet-api-2.5-20081211.jar
7f0100b7b000-7f0100b7f000 r--s 00028000 08:07 1189116                    /home/chivu/.gradle/wrapper/dists/gradle-3.3-all/55gk2rcmfc6p2dg9u9ohc3hw9/gradle-3.3/lib/plugins/jetty-util-6.1.26.jar
7f0100b7f000-7f0100b86000 r--s 0007d000 08:07 1189115                    /home/chivu/.gradle/wrapper/dists/gradle-3.3-all/55gk2rcmfc6p2dg9u9ohc3hw9/gradle-3.3/lib/plugins/jetty-6.1.26.jar
7f0100b86000-7f0100b88000 r--s 0000a000 08:07 1189072                    /home/chivu/.gradle/wrapper/dists/gradle-3.3-all/55gk2rcmfc6p2dg9u9ohc3hw9/gradle-3.3/lib/plugins/gradle-jetty-3.3.jar
7f0100b88000-7f0100b8f000 r--s 00035000 08:07 1189130                    /home/chivu/.gradle/wrapper/dists/gradle-3.3-all/55gk2rcmfc6p2dg9u9ohc3hw9/gradle-3.3/lib/plugins/simple-4.1.21.jar
7f0100b8f000-7f0100b9b000 r--s 00100000 08:07 1189128                    /home/chivu/.gradle/wrapper/dists/gradle-3.3-all/55gk2rcmfc6p2dg9u9ohc3hw9/gradle-3.3/lib/plugins/rhino-1.7R3.jar
7f0100b9b000-7f0100b9f000 r--s 00012000 08:07 1189081                    /home/chivu/.gradle/wrapper/dists/gradle-3.3-all/55gk2rcmfc6p2dg9u9ohc3hw9/gradle-3.3/lib/plugins/gradle-javascript-3.3.jar
7f0100b9f000-7f0100ba1000 r--s 0000d000 08:07 1189087                    /home/chivu/.gradle/wrapper/dists/gradle-3.3-all/55gk2rcmfc6p2dg9u9ohc3hw9/gradle-3.3/lib/plugins/gradle-jacoco-3.3.jar
7f0100ba1000-7f0100ba4000 r--s 0000e000 08:07 1189086                    /home/chivu/.gradle/wrapper/dists/gradle-3.3-all/55gk2rcmfc6p2dg9u9ohc3hw9/gradle-3.3/lib/plugins/gradle-ivy-3.3.jar
7f0100ba4000-7f0100ba5000 r--s 00002000 08:07 1189097                    /home/chivu/.gradle/wrapper/dists/gradle-3.3-all/55gk2rcmfc6p2dg9u9ohc3hw9/gradle-3.3/lib/plugins/gradle-ide-play-3.3.jar
7f0100ba5000-7f0100ba8000 r--s 00013000 08:07 1189099                    /home/chivu/.gradle/wrapper/dists/gradle-3.3-all/55gk2rcmfc6p2dg9u9ohc3hw9/gradle-3.3/lib/plugins/gradle-ide-native-3.3.jar
7f0100ba8000-7f0100bb1000 r--s 00055000 08:07 1189076                    /home/chivu/.gradle/wrapper/dists/gradle-3.3-all/55gk2rcmfc6p2dg9u9ohc3hw9/gradle-3.3/lib/plugins/gradle-ide-3.3.jar
7f0100bb1000-7f0100bb3000 r--s 00007000 08:07 1189080                    /home/chivu/.gradle/wrapper/dists/gradle-3.3-all/55gk2rcmfc6p2dg9u9ohc3hw9/gradle-3.3/lib/plugins/gradle-ear-3.3.jar
7f0100bb3000-7f0100bb9000 r--s 00039000 08:07 1189083                    /home/chivu/.gradle/wrapper/dists/gradle-3.3-all/55gk2rcmfc6p2dg9u9ohc3hw9/gradle-3.3/lib/plugins/gradle-diagnostics-3.3.jar
7f0100bb9000-7f0100bba000 r--s 00009000 08:07 1189109                    /home/chivu/.gradle/wrapper/dists/gradle-3.3-all/55gk2rcmfc6p2dg9u9ohc3hw9/gradle-3.3/lib/plugins/gradle-composite-builds-3.3.jar
7f0100bba000-7f0100bbe000 r--s 00023000 08:07 1189071                    /home/chivu/.gradle/wrapper/dists/gradle-3.3-all/55gk2rcmfc6p2dg9u9ohc3hw9/gradle-3.3/lib/plugins/gradle-code-quality-3.3.jar
7f0100bbe000-7f0100bc2000 r--s 00022000 08:07 1189088                    /home/chivu/.gradle/wrapper/dists/gradle-3.3-all/55gk2rcmfc6p2dg9u9ohc3hw9/gradle-3.3/lib/plugins/gradle-build-init-3.3.jar
7f0100bc2000-7f0100bc8000 r--s 0008e000 08:07 1189082                    /home/chivu/.gradle/wrapper/dists/gradle-3.3-all/55gk2rcmfc6p2dg9u9ohc3hw9/gradle-3.3/lib/plugins/gradle-build-comparison-3.3.jar
7f0100bc8000-7f0100bc9000 r--s 00001000 08:07 1189110                    /home/chivu/.gradle/wrapper/dists/gradle-3.3-all/55gk2rcmfc6p2dg9u9ohc3hw9/gradle-3.3/lib/plugins/gradle-build-cache-http-3.3.jar
7f0100bc9000-7f0100bcb000 r--s 00008000 08:07 1189073                    /home/chivu/.gradle/wrapper/dists/gradle-3.3-all/55gk2rcmfc6p2dg9u9ohc3hw9/gradle-3.3/lib/plugins/gradle-antlr-3.3.jar
7f0100bcb000-7f0100bcd000 r--s 00004000 08:07 1189077                    /home/chivu/.gradle/wrapper/dists/gradle-3.3-all/55gk2rcmfc6p2dg9u9ohc3hw9/gradle-3.3/lib/plugins/gradle-announce-3.3.jar
7f0100bcd000-7f0100be5000 r--s 00115000 08:07 1189179                    /home/chivu/.gradle/wrapper/dists/gradle-3.3-all/55gk2rcmfc6p2dg9u9ohc3hw9/gradle-3.3/lib/plugins/xercesImpl-2.9.1.jar
7f0100be5000-7f0100bed000 r--s 00028000 08:07 1189180                    /home/chivu/.gradle/wrapper/dists/gradle-3.3-all/55gk2rcmfc6p2dg9u9ohc3hw9/gradle-3.3/lib/plugins/xml-apis-1.3.04.jar
7f0100bed000-7f0100bf3000 r--s 0005b000 08:07 1189178                    /home/chivu/.gradle/wrapper/dists/gradle-3.3-all/55gk2rcmfc6p2dg9u9ohc3hw9/gradle-3.3/lib/plugins/jcifs-1.3.17.jar
7f0100bf3000-7f0100bf9000 r--s 00033000 08:07 1189126                    /home/chivu/.gradle/wrapper/dists/gradle-3.3-all/55gk2rcmfc6p2dg9u9ohc3hw9/gradle-3.3/lib/plugins/commons-codec-1.6.jar
7f0100bf9000-7f0100c00000 r--s 00049000 08:07 1189177                    /home/chivu/.gradle/wrapper/dists/gradle-3.3-all/55gk2rcmfc6p2dg9u9ohc3hw9/gradle-3.3/lib/plugins/httpcore-4.4.4.jar
7f0100c00000-7f0100c03000 r--s 0001c000 08:07 1189135                    /home/chivu/.gradle/wrapper/dists/gradle-3.3-all/55gk2rcmfc6p2dg9u9ohc3hw9/gradle-3.3/lib/plugins/nekohtml-1.9.14.jar
7f0100c03000-7f0100c10000 r--s 000a4000 08:07 1189134                    /home/chivu/.gradle/wrapper/dists/gradle-3.3-all/55gk2rcmfc6p2dg9u9ohc3hw9/gradle-3.3/lib/plugins/httpclient-4.4.1.jar
7f0100c10000-7f0100c13000 r--s 0000a000 08:07 1189105                    /home/chivu/.gradle/wrapper/dists/gradle-3.3-all/55gk2rcmfc6p2dg9u9ohc3hw9/gradle-3.3/lib/plugins/gradle-resources-http-3.3.jar
7f0100c13000-7f0100c17000 r--s 00015000 08:07 1189104                    /home/chivu/.gradle/wrapper/dists/gradle-3.3-all/55gk2rcmfc6p2dg9u9ohc3hw9/gradle-3.3/lib/plugins/gradle-plugin-use-3.3.jar
7f0100c17000-7f0100c18000 r--s 00000000 08:07 1189016                    /home/chivu/.gradle/wrapper/dists/gradle-3.3-all/55gk2rcmfc6p2dg9u9ohc3hw9/gradle-3.3/lib/gradle-installation-beacon-3.3.jar
7f0100c18000-7f0100c1a000 r--s 00006000 08:07 1189173                    /home/chivu/.gradle/wrapper/dists/gradle-3.3-all/55gk2rcmfc6p2dg9u9ohc3hw9/gradle-3.3/lib/plugins/aether-connector-wagon-1.13.1.jar
7f0100c1a000-7f0100c1e000 r--s 0001c000 08:07 1189172                    /home/chivu/.gradle/wrapper/dists/gradle-3.3-all/55gk2rcmfc6p2dg9u9ohc3hw9/gradle-3.3/lib/plugins/aether-util-1.13.1.jar
7f0100c1e000-7f0100c1f000 r--s 00003000 08:07 1189171                    /home/chivu/.gradle/wrapper/dists/gradle-3.3-all/55gk2rcmfc6p2dg9u9ohc3hw9/gradle-3.3/lib/plugins/aether-spi-1.13.1.jar
7f0100c1f000-7f0100c22000 r--s 0001d000 08:07 1189170                    /home/chivu/.gradle/wrapper/dists/gradle-3.3-all/55gk2rcmfc6p2dg9u9ohc3hw9/gradle-3.3/lib/plugins/aether-impl-1.13.1.jar
7f0100c22000-7f0100c25000 r--s 00013000 08:07 1189169                    /home/chivu/.gradle/wrapper/dists/gradle-3.3-all/55gk2rcmfc6p2dg9u9ohc3hw9/gradle-3.3/lib/plugins/aether-api-1.13.1.jar
7f0100c25000-7f0100c26000 r--s 00007000 08:07 1189168                    /home/chivu/.gradle/wrapper/dists/gradle-3.3-all/55gk2rcmfc6p2dg9u9ohc3hw9/gradle-3.3/lib/plugins/wagon-http-shared4-2.4.jar
7f0100c26000-7f0100c28000 r--s 0000b000 08:07 1189167                    /home/chivu/.gradle/wrapper/dists/gradle-3.3-all/55gk2rcmfc6p2dg9u9ohc3hw9/gradle-3.3/lib/plugins/wagon-provider-api-2.4.jar
7f0100c28000-7f0100c29000 r--s 00002000 08:07 1189166                    /home/chivu/.gradle/wrapper/dists/gradle-3.3-all/55gk2rcmfc6p2dg9u9ohc3hw9/gradle-3.3/lib/plugins/wagon-http-2.4.jar
7f0100c29000-7f0100c2a000 r--s 00002000 08:07 1189165                    /home/chivu/.gradle/wrapper/dists/gradle-3.3-all/55gk2rcmfc6p2dg9u9ohc3hw9/gradle-3.3/lib/plugins/wagon-file-2.4.jar
7f0100c2a000-7f0100c2c000 r--s 0000c000 08:07 1189164                    /home/chivu/.gradle/wrapper/dists/gradle-3.3-all/55gk2rcmfc6p2dg9u9ohc3hw9/gradle-3.3/lib/plugins/maven-aether-provider-3.0.4.jar
7f0100c2c000-7f0100c2e000 r--s 0000b000 08:07 1189163                    /home/chivu/.gradle/wrapper/dists/gradle-3.3-all/55gk2rcmfc6p2dg9u9ohc3hw9/gradle-3.3/lib/plugins/maven-plugin-api-3.0.4.jar
7f0100c2e000-7f0100c30000 r--s 00006000 08:07 1189162                    /home/chivu/.gradle/wrapper/dists/gradle-3.3-all/55gk2rcmfc6p2dg9u9ohc3hw9/gradle-3.3/lib/plugins/maven-repository-metadata-3.0.4.jar
7f0100c30000-7f0100c32000 r--s 0000b000 08:07 1189161                    /home/chivu/.gradle/wrapper/dists/gradle-3.3-all/55gk2rcmfc6p2dg9u9ohc3hw9/gradle-3.3/lib/plugins/maven-artifact-3.0.4.jar
7f0100c32000-7f0100c34000 r--s 00026000 08:07 1189160                    /home/chivu/.gradle/wrapper/dists/gradle-3.3-all/55gk2rcmfc6p2dg9u9ohc3hw9/gradle-3.3/lib/plugins/maven-model-3.0.4.jar
7f0100c34000-7f0100c38000 r--s 00021000 08:07 1189159                    /home/chivu/.gradle/wrapper/dists/gradle-3.3-all/55gk2rcmfc6p2dg9u9ohc3hw9/gradle-3.3/lib/plugins/maven-model-builder-3.0.4.jar
7f0100c38000-7f0100c3e000 r--s 0003f000 08:07 1189158                    /home/chivu/.gradle/wrapper/dists/gradle-3.3-all/55gk2rcmfc6p2dg9u9ohc3hw9/gradle-3.3/lib/plugins/maven-compat-3.0.4.jar
7f0100c3e000-7f0100c3f000 r--s 00006000 08:07 1189157                    /home/chivu/.gradle/wrapper/dists/gradle-3.3-all/55gk2rcmfc6p2dg9u9ohc3hw9/gradle-3.3/lib/plugins/plexus-sec-dispatcher-1.3.jar
7f0100c3f000-7f0100c41000 r--s 00002000 08:07 1189156                    /home/chivu/.gradle/wrapper/dists/gradle-3.3-all/55gk2rcmfc6p2dg9u9ohc3hw9/gradle-3.3/lib/plugins/plexus-cipher-1.7.jar
7f0100c41000-7f0100c43000 r--s 0000a000 08:07 1189155                    /home/chivu/.gradle/wrapper/dists/gradle-3.3-all/55gk2rcmfc6p2dg9u9ohc3hw9/gradle-3.3/lib/plugins/plexus-classworlds-2.4.jar
7f0100c43000-7f0100c4a000 r--s 0002e000 08:07 1189154                    /home/chivu/.gradle/wrapper/dists/gradle-3.3-all/55gk2rcmfc6p2dg9u9ohc3hw9/gradle-3.3/lib/plugins/plexus-container-default-1.5.5.jar
7f0100c4a000-7f0100c4c000 r--s 00000000 08:07 1189181                    /home/chivu/.gradle/wrapper/dists/gradle-3.3-all/55gk2rcmfc6p2dg9u9ohc3hw9/gradle-3.3/lib/plugins/plexus-component-annotations-1.5.5.jar
7f0100c4c000-7f0100c4e000 r--s 0000d000 08:07 1189153                    /home/chivu/.gradle/wrapper/dists/gradle-3.3-all/55gk2rcmfc6p2dg9u9ohc3hw9/gradle-3.3/lib/plugins/plexus-interpolation-1.14.jar
7f0100c4e000-7f0100c52000 r--s 00033000 08:07 1189152                    /home/chivu/.gradle/wrapper/dists/gradle-3.3-all/55gk2rcmfc6p2dg9u9ohc3hw9/gradle-3.3/lib/plugins/plexus-utils-2.0.6.jar
7f0100c52000-7f0100c55000 r--s 00008000 08:07 1189151                    /home/chivu/.gradle/wrapper/dists/gradle-3.3-all/55gk2rcmfc6p2dg9u9ohc3hw9/gradle-3.3/lib/plugins/maven-settings-builder-3.0.4.jar
7f0100c55000-7f0100c5a000 r--s 00040000 08:07 1189136                    /home/chivu/.gradle/wrapper/dists/gradle-3.3-all/55gk2rcmfc6p2dg9u9ohc3hw9/gradle-3.3/lib/plugins/jsch-0.1.53.jar
7f0100c5a000-7f0100c9a000 r--s 00277000 08:07 1189146                    /home/chivu/.gradle/wrapper/dists/gradle-3.3-all/55gk2rcmfc6p2dg9u9ohc3hw9/gradle-3.3/lib/plugins/bcprov-jdk15on-1.51.jar
7f0100c9a000-7f0100ca6000 r--s 0007d000 08:07 1189123                    /home/chivu/.gradle/wrapper/dists/gradle-3.3-all/55gk2rcmfc6p2dg9u9ohc3hw9/gradle-3.3/lib/plugins/maven-core-3.0.4.jar
7f0100ca6000-7f0100cc5000 r--s 000f6000 08:07 1189112                    /home/chivu/.gradle/wrapper/dists/gradle-3.3-all/55gk2rcmfc6p2dg9u9ohc3hw9/gradle-3.3/lib/plugins/gradle-dependency-management-3.3.jar
7f0100cc5000-7f0100cdb000 r-xp 00000000 08:07 529479                     /lib/x86_64-linux-gnu/libgcc_s.so.1
7f0100cdb000-7f0100eda000 ---p 00016000 08:07 529479                     /lib/x86_64-linux-gnu/libgcc_s.so.1
7f0100eda000-7f0100edb000 rw-p 00015000 08:07 529479                     /lib/x86_64-linux-gnu/libgcc_s.so.1
7f0100edb000-7f010104d000 r-xp 00000000 08:07 1312856                    /usr/lib/x86_64-linux-gnu/libstdc++.so.6.0.21
7f010104d000-7f010124d000 ---p 00172000 08:07 1312856                    /usr/lib/x86_64-linux-gnu/libstdc++.so.6.0.21
7f010124d000-7f0101257000 r--p 00172000 08:07 1312856                    /usr/lib/x86_64-linux-gnu/libstdc++.so.6.0.21
7f0101257000-7f0101259000 rw-p 0017c000 08:07 1312856                    /usr/lib/x86_64-linux-gnu/libstdc++.so.6.0.21
7f0101259000-7f010125d000 rw-p 00000000 00:00 0 
7f010125d000-7f010125f000 r--s 0000a000 08:07 1189150                    /home/chivu/.gradle/wrapper/dists/gradle-3.3-all/55gk2rcmfc6p2dg9u9ohc3hw9/gradle-3.3/lib/plugins/maven-settings-3.0.4.jar
7f010125f000-7f0101263000 r--s 0001d000 08:07 1189145                    /home/chivu/.gradle/wrapper/dists/gradle-3.3-all/55gk2rcmfc6p2dg9u9ohc3hw9/gradle-3.3/lib/plugins/xbean-reflect-3.4.jar
7f0101263000-7f0101268000 r--s 00034000 08:07 1189129                    /home/chivu/.gradle/wrapper/dists/gradle-3.3-all/55gk2rcmfc6p2dg9u9ohc3hw9/gradle-3.3/lib/plugins/gson-2.7.jar
7f0101268000-7f0101277000 r--s 000d9000 08:07 1189144                    /home/chivu/.gradle/wrapper/dists/gradle-3.3-all/55gk2rcmfc6p2dg9u9ohc3hw9/gradle-3.3/lib/plugins/ivy-2.2.0.jar
7f0101277000-7f0101279000 r--s 00005000 08:07 1189111                    /home/chivu/.gradle/wrapper/dists/gradle-3.3-all/55gk2rcmfc6p2dg9u9ohc3hw9/gradle-3.3/lib/plugins/gradle-workers-3.3.jar
7f0101279000-7f010127e000 r-xp 00000000 08:07 932602                     /home/chivu/.gradle/native/23/linux-amd64/libnative-platform.so
7f010127e000-7f010147d000 ---p 00005000 08:07 932602                     /home/chivu/.gradle/native/23/linux-amd64/libnative-platform.so
7f010147d000-7f010147e000 rw-p 00004000 08:07 932602                     /home/chivu/.gradle/native/23/linux-amd64/libnative-platform.so
7f010147e000-7f010148f000 r-xp 00000000 08:07 1201545                    /home/chivu/Downloads/android-studio-p/jre/jre/lib/amd64/libnio.so
7f010148f000-7f010168e000 ---p 00011000 08:07 1201545                    /home/chivu/Downloads/android-studio-p/jre/jre/lib/amd64/libnio.so
7f010168e000-7f010168f000 r--p 00010000 08:07 1201545                    /home/chivu/Downloads/android-studio-p/jre/jre/lib/amd64/libnio.so
7f010168f000-7f0101690000 rw-p 00011000 08:07 1201545                    /home/chivu/Downloads/android-studio-p/jre/jre/lib/amd64/libnio.so
7f0101690000-7f0101991000 rw-p 00000000 00:00 0 
7f0101991000-7f01019a8000 r-xp 00000000 08:07 1201544                    /home/chivu/Downloads/android-studio-p/jre/jre/lib/amd64/libnet.so
7f01019a8000-7f0101ba7000 ---p 00017000 08:07 1201544                    /home/chivu/Downloads/android-studio-p/jre/jre/lib/amd64/libnet.so
7f0101ba7000-7f0101ba8000 r--p 00016000 08:07 1201544                    /home/chivu/Downloads/android-studio-p/jre/jre/lib/amd64/libnet.so
7f0101ba8000-7f0101ba9000 rw-p 00017000 08:07 1201544                    /home/chivu/Downloads/android-studio-p/jre/jre/lib/amd64/libnet.so
7f0101ba9000-7f0101baa000 r--s 00006000 08:07 1189015                    /home/chivu/.gradle/wrapper/dists/gradle-3.3-all/55gk2rcmfc6p2dg9u9ohc3hw9/gradle-3.3/lib/gradle-wrapper-3.3.jar
7f0101baa000-7f0101bb7000 r--s 00041000 08:07 1189022                    /home/chivu/.gradle/wrapper/dists/gradle-3.3-all/55gk2rcmfc6p2dg9u9ohc3hw9/gradle-3.3/lib/gradle-tooling-api-3.3.jar
7f0101bb7000-7f0101bb9000 r--s 00002000 08:07 1189042                    /home/chivu/.gradle/wrapper/dists/gradle-3.3-all/55gk2rcmfc6p2dg9u9ohc3hw9/gradle-3.3/lib/gradle-open-api-3.3.jar
7f0101bb9000-7f0101bbf000 r--s 00032000 08:07 1189044                    /home/chivu/.gradle/wrapper/dists/gradle-3.3-all/55gk2rcmfc6p2dg9u9ohc3hw9/gradle-3.3/lib/jaxen-1.1.jar
7f0101bbf000-7f0101bc4000 r--s 00048000 08:07 1189043                    /home/chivu/.gradle/wrapper/dists/gradle-3.3-all/55gk2rcmfc6p2dg9u9ohc3hw9/gradle-3.3/lib/dom4j-1.6.1.jar
7f0101bc4000-7f0101bcf000 r--s 00059000 08:07 1189021                    /home/chivu/.gradle/wrapper/dists/gradle-3.3-all/55gk2rcmfc6p2dg9u9ohc3hw9/gradle-3.3/lib/gradle-ui-3.3.jar
7f0101bcf000-7f0101bd8000 r--s 0008c000 08:07 1189013                    /home/chivu/.gradle/wrapper/dists/gradle-3.3-all/55gk2rcmfc6p2dg9u9ohc3hw9/gradle-3.3/lib/kotlin-stdlib-1.1-M02.jar
7f0101bd8000-7f0101bde000 r--s 0002a000 08:07 1189012                    /home/chivu/.gradle/wrapper/dists/gradle-3.3-all/55gk2rcmfc6p2dg9u9ohc3hw9/gradle-3.3/lib/kotlin-runtime-1.1-M02.jar
7f0101bde000-7f0101c12000 r--s 00256000 08:07 1189011                    /home/chivu/.gradle/wrapper/dists/gradle-3.3-all/55gk2rcmfc6p2dg9u9ohc3hw9/gradle-3.3/lib/kotlin-reflect-1.1-M02.jar
7f0101c12000-7f0101da8000 r--s 0157e000 08:07 1189010                    /home/chivu/.gradle/wrapper/dists/gradle-3.3-all/55gk2rcmfc6p2dg9u9ohc3hw9/gradle-3.3/lib/kotlin-compiler-embeddable-1.1-M02.jar
7f0101da8000-7f0101db0000 r--s 0004e000 08:07 1189009                    /home/chivu/.gradle/wrapper/dists/gradle-3.3-all/55gk2rcmfc6p2dg9u9ohc3hw9/gradle-3.3/lib/gradle-script-kotlin-0.5.1.jar
7f0101db0000-7f0101db3000 r--s 0000b000 08:07 1189040                    /home/chivu/.gradle/wrapper/dists/gradle-3.3-all/55gk2rcmfc6p2dg9u9ohc3hw9/gradle-3.3/lib/gradle-resources-3.3.jar
7f0101db3000-7f0101db5000 r--s 00003000 08:07 1189049                    /home/chivu/.gradle/wrapper/dists/gradle-3.3-all/55gk2rcmfc6p2dg9u9ohc3hw9/gradle-3.3/lib/jcl-over-slf4j-1.7.10.jar
7f0101db5000-7f0101db6000 r--s 00005000 08:07 1189048                    /home/chivu/.gradle/wrapper/dists/gradle-3.3-all/55gk2rcmfc6p2dg9u9ohc3hw9/gradle-3.3/lib/log4j-over-slf4j-1.7.10.jar
7f0101db6000-7f0101db8000 r--s 00000000 08:07 1189047                    /home/chivu/.gradle/wrapper/dists/gradle-3.3-all/55gk2rcmfc6p2dg9u9ohc3hw9/gradle-3.3/lib/jul-to-slf4j-1.7.10.jar
7f0101db8000-7f0101dbd000 r--s 0001e000 08:07 1189024                    /home/chivu/.gradle/wrapper/dists/gradle-3.3-all/55gk2rcmfc6p2dg9u9ohc3hw9/gradle-3.3/lib/gradle-logging-3.3.jar
7f0101dbd000-7f0101dbf000 r--s 00007000 08:07 1189068                    /home/chivu/.gradle/wrapper/dists/gradle-3.3-all/55gk2rcmfc6p2dg9u9ohc3hw9/gradle-3.3/lib/objenesis-1.2.jar
7f0101dbf000-7f0101dc1000 r--s 00000000 08:07 1189067                    /home/chivu/.gradle/wrapper/dists/gradle-3.3-all/55gk2rcmfc6p2dg9u9ohc3hw9/gradle-3.3/lib/minlog-1.2.jar
7f0101dc1000-7f0101dc3000 r--s 0000f000 08:07 1189066                    /home/chivu/.gradle/wrapper/dists/gradle-3.3-all/55gk2rcmfc6p2dg9u9ohc3hw9/gradle-3.3/lib/reflectasm-1.07-shaded.jar
7f0101dc3000-7f0101dc7000 r--s 00026000 08:07 1189051                    /home/chivu/.gradle/wrapper/dists/gradle-3.3-all/55gk2rcmfc6p2dg9u9ohc3hw9/gradle-3.3/lib/kryo-2.20.jar
7f0101dc7000-7f0101dcd000 r--s 00027000 08:07 1189039                    /home/chivu/.gradle/wrapper/dists/gradle-3.3-all/55gk2rcmfc6p2dg9u9ohc3hw9/gradle-3.3/lib/gradle-messaging-3.3.jar
7f0101dcd000-7f0101dce000 r--s 00001000 08:07 1189065                    /home/chivu/.gradle/wrapper/dists/gradle-3.3-all/55gk2rcmfc6p2dg9u9ohc3hw9/gradle-3.3/lib/native-platform-linux-i386-ncurses6-0.12.jar
7f0101dce000-7f0101dcf000 r--s 00001000 08:07 1189064                    /home/chivu/.gradle/wrapper/dists/gradle-3.3-all/55gk2rcmfc6p2dg9u9ohc3hw9/gradle-3.3/lib/native-platform-linux-i386-ncurses5-0.12.jar
7f0101dcf000-7f0101dd0000 r--s 00001000 08:07 1189063                    /home/chivu/.gradle/wrapper/dists/gradle-3.3-all/55gk2rcmfc6p2dg9u9ohc3hw9/gradle-3.3/lib/native-platform-linux-amd64-ncurses6-0.12.jar
7f0101dd0000-7f0101dd1000 r--s 00001000 08:07 1189062                    /home/chivu/.gradle/wrapper/dists/gradle-3.3-all/55gk2rcmfc6p2dg9u9ohc3hw9/gradle-3.3/lib/native-platform-linux-amd64-ncurses5-0.12.jar
7f0101dd1000-7f0101dd2000 r--s 0000b000 08:07 1189061                    /home/chivu/.gradle/wrapper/dists/gradle-3.3-all/55gk2rcmfc6p2dg9u9ohc3hw9/gradle-3.3/lib/native-platform-windows-i386-0.12.jar
7f0101dd2000-7f0101dd4000 r--s 0000b000 08:07 1189060                    /home/chivu/.gradle/wrapper/dists/gradle-3.3-all/55gk2rcmfc6p2dg9u9ohc3hw9/gradle-3.3/lib/native-platform-windows-amd64-0.12.jar
7f0101dd4000-7f0101dd6000 r--s 00002000 08:07 1189059                    /home/chivu/.gradle/wrapper/dists/gradle-3.3-all/55gk2rcmfc6p2dg9u9ohc3hw9/gradle-3.3/lib/native-platform-osx-i386-0.12.jar
7f0101dd6000-7f0101dd7000 r--s 00002000 08:07 1189058                    /home/chivu/.gradle/wrapper/dists/gradle-3.3-all/55gk2rcmfc6p2dg9u9ohc3hw9/gradle-3.3/lib/native-platform-osx-amd64-0.12.jar
7f0101dd7000-7f0101dd8000 r--s 00002000 08:07 1189057                    /home/chivu/.gradle/wrapper/dists/gradle-3.3-all/55gk2rcmfc6p2dg9u9ohc3hw9/gradle-3.3/lib/native-platform-linux-i386-0.12.jar
7f0101dd8000-7f0101dd9000 r--s 00002000 08:07 1189056                    /home/chivu/.gradle/wrapper/dists/gradle-3.3-all/55gk2rcmfc6p2dg9u9ohc3hw9/gradle-3.3/lib/native-platform-linux-amd64-0.12.jar
7f0101dd9000-7f0101dda000 r--s 00003000 08:07 1189055                    /home/chivu/.gradle/wrapper/dists/gradle-3.3-all/55gk2rcmfc6p2dg9u9ohc3hw9/gradle-3.3/lib/native-platform-freebsd-i386-libstdcpp-0.12.jar
7f0101dda000-7f0101ddb000 r--s 00004000 08:07 1189054                    /home/chivu/.gradle/wrapper/dists/gradle-3.3-all/55gk2rcmfc6p2dg9u9ohc3hw9/gradle-3.3/lib/native-platform-freebsd-i386-libcpp-0.12.jar
7f0101ddb000-7f0101ddd000 r--s 00003000 08:07 1189053                    /home/chivu/.gradle/wrapper/dists/gradle-3.3-all/55gk2rcmfc6p2dg9u9ohc3hw9/gradle-3.3/lib/native-platform-freebsd-amd64-libstdcpp-0.12.jar
7f0101ddd000-7f0101dde000 r--s 00004000 08:07 1189052                    /home/chivu/.gradle/wrapper/dists/gradle-3.3-all/55gk2rcmfc6p2dg9u9ohc3hw9/gradle-3.3/lib/native-platform-freebsd-amd64-libcpp-0.12.jar
7f0101dde000-7f0101de1000 r--s 00023000 08:07 1189046                    /home/chivu/.gradle/wrapper/dists/gradle-3.3-all/55gk2rcmfc6p2dg9u9ohc3hw9/gradle-3.3/lib/jansi-1.14.jar
7f0101de1000-7f0101df0000 r--s 0007f000 08:07 1189030                    /home/chivu/.gradle/wrapper/dists/gradle-3.3-all/55gk2rcmfc6p2dg9u9ohc3hw9/gradle-3.3/lib/gradle-model-core-3.3.jar
7f0101df0000-7f0101dfd000 r--s 00083000 08:07 1189034                    /home/chivu/.gradle/wrapper/dists/gradle-3.3-all/55gk2rcmfc6p2dg9u9ohc3hw9/gradle-3.3/lib/commons-collections-3.2.2.jar
7f0101dfd000-7f0101e6d000 r--s 00641000 08:07 1189029                    /home/chivu/.gradle/wrapper/dists/gradle-3.3-all/55gk2rcmfc6p2dg9u9ohc3hw9/gradle-3.3/lib/groovy-all-2.4.7.jar
7f0101e6d000-7f0101e95000 r--s 001cf000 08:07 1189026                    /home/chivu/.gradle/wrapper/dists/gradle-3.3-all/55gk2rcmfc6p2dg9u9ohc3hw9/gradle-3.3/lib/guava-jdk5-17.0.jar
7f0101e95000-7f0101eb4000 r--s 001d1000 08:07 1189033                    /home/chivu/.gradle/wrapper/dists/gradle-3.3-all/55gk2rcmfc6p2dg9u9ohc3hw9/gradle-3.3/lib/ant-1.9.6.jar
7f0101eb4000-7f0101ef1000 r--s 001f8000 08:07 1189019                    /home/chivu/.gradle/wrapper/dists/gradle-3.3-all/55gk2rcmfc6p2dg9u9ohc3hw9/gradle-3.3/lib/gradle-core-3.3.jar
7f0101ef1000-7f0101ef2000 ---p 00000000 00:00 0 
7f0101ef2000-7f0101ff2000 rw-p 00000000 00:00 0 
7f0101ff2000-7f0101ff5000 ---p 00000000 00:00 0 
7f0101ff5000-7f01020f3000 rw-p 00000000 00:00 0 
7f01020f3000-7f01020f6000 ---p 00000000 00:00 0 
7f01020f6000-7f01021f4000 rw-p 00000000 00:00 0 
7f01021f4000-7f01021f7000 ---p 00000000 00:00 0 
7f01021f7000-7f01022f5000 rw-p 00000000 00:00 0 
7f01022f5000-7f01022f8000 ---p 00000000 00:00 0 
7f01022f8000-7f01023f6000 rw-p 00000000 00:00 0 
7f01023f6000-7f01023f9000 ---p 00000000 00:00 0 
7f01023f9000-7f01024f7000 rw-p 00000000 00:00 0 
7f01024f7000-7f01027cf000 r--p 00000000 08:07 1311727                    /usr/lib/locale/locale-archive
7f01027cf000-7f01027d2000 ---p 00000000 00:00 0 
7f01027d2000-7f01028d0000 rw-p 00000000 00:00 0 
7f01028d0000-7f01028d3000 ---p 00000000 00:00 0 
7f01028d3000-7f01029d1000 rw-p 00000000 00:00 0 
7f01029d1000-7f01029d2000 ---p 00000000 00:00 0 
7f01029d2000-7f0104000000 rw-p 00000000 00:00 0 
7f0104000000-7f0104139000 rw-p 00000000 00:00 0 
7f0104139000-7f0108000000 ---p 00000000 00:00 0 
7f0108000000-7f010833f000 rw-p 00000000 00:00 0 
7f010833f000-7f010c000000 ---p 00000000 00:00 0 
7f010c000000-7f010c321000 rw-p 00000000 00:00 0 
7f010c321000-7f0110000000 ---p 00000000 00:00 0 
7f0110000000-7f0110004000 r--s 00011000 08:07 1189045                    /home/chivu/.gradle/wrapper/dists/gradle-3.3-all/55gk2rcmfc6p2dg9u9ohc3hw9/gradle-3.3/lib/native-platform-0.12.jar
7f0110004000-7f0110007000 r--s 0000a000 08:07 1189023                    /home/chivu/.gradle/wrapper/dists/gradle-3.3-all/55gk2rcmfc6p2dg9u9ohc3hw9/gradle-3.3/lib/gradle-native-3.3.jar
7f0110007000-7f011026c000 rw-p 00000000 00:00 0 
7f011026c000-7f011043b000 r--s 03c1b000 08:07 1201515                    /home/chivu/Downloads/android-studio-p/jre/jre/lib/rt.jar
7f011043b000-7f01137b1000 rw-p 00000000 00:00 0 
7f01137b1000-7f01137b2000 ---p 00000000 00:00 0 
7f01137b2000-7f01138b2000 rw-p 00000000 00:00 0 
7f01138b2000-7f01138b3000 ---p 00000000 00:00 0 
7f01138b3000-7f01139b3000 rw-p 00000000 00:00 0 
7f01139b3000-7f01139b4000 ---p 00000000 00:00 0 
7f01139b4000-7f0113c57000 rw-p 00000000 00:00 0 
7f0113c57000-7f0113cb4000 ---p 00000000 00:00 0 
7f0113cb4000-7f0113e57000 rw-p 00000000 00:00 0 
7f0113e57000-7f0113eb4000 ---p 00000000 00:00 0 
7f0113eb4000-7f0113fb4000 rw-p 00000000 00:00 0 
7f0113fb4000-7f0114071000 rw-p 00000000 00:00 0 
7f0114071000-7f0114375000 ---p 00000000 00:00 0 
7f0114375000-7f0117265000 rwxp 00000000 00:00 0 
7f0117265000-7f0123375000 ---p 00000000 00:00 0 
7f0123375000-7f012338f000 r-xp 00000000 08:07 1201530                    /home/chivu/Downloads/android-studio-p/jre/jre/lib/amd64/libzip.so
7f012338f000-7f012358f000 ---p 0001a000 08:07 1201530                    /home/chivu/Downloads/android-studio-p/jre/jre/lib/amd64/libzip.so
7f012358f000-7f0123590000 r--p 0001a000 08:07 1201530                    /home/chivu/Downloads/android-studio-p/jre/jre/lib/amd64/libzip.so
7f0123590000-7f0123591000 rw-p 0001b000 08:07 1201530                    /home/chivu/Downloads/android-studio-p/jre/jre/lib/amd64/libzip.so
7f0123591000-7f012359c000 r-xp 00000000 08:07 541944                     /lib/x86_64-linux-gnu/libnss_files-2.23.so
7f012359c000-7f012379b000 ---p 0000b000 08:07 541944                     /lib/x86_64-linux-gnu/libnss_files-2.23.so
7f012379b000-7f012379c000 r--p 0000a000 08:07 541944                     /lib/x86_64-linux-gnu/libnss_files-2.23.so
7f012379c000-7f012379d000 rw-p 0000b000 08:07 541944                     /lib/x86_64-linux-gnu/libnss_files-2.23.so
7f012379d000-7f01237a3000 rw-p 00000000 00:00 0 
7f01237a3000-7f01237ae000 r-xp 00000000 08:07 541937                     /lib/x86_64-linux-gnu/libnss_nis-2.23.so
7f01237ae000-7f01239ad000 ---p 0000b000 08:07 541937                     /lib/x86_64-linux-gnu/libnss_nis-2.23.so
7f01239ad000-7f01239ae000 r--p 0000a000 08:07 541937                     /lib/x86_64-linux-gnu/libnss_nis-2.23.so
7f01239ae000-7f01239af000 rw-p 0000b000 08:07 541937                     /lib/x86_64-linux-gnu/libnss_nis-2.23.so
7f01239af000-7f01239c5000 r-xp 00000000 08:07 541939                     /lib/x86_64-linux-gnu/libnsl-2.23.so
7f01239c5000-7f0123bc4000 ---p 00016000 08:07 541939                     /lib/x86_64-linux-gnu/libnsl-2.23.so
7f0123bc4000-7f0123bc5000 r--p 00015000 08:07 541939                     /lib/x86_64-linux-gnu/libnsl-2.23.so
7f0123bc5000-7f0123bc6000 rw-p 00016000 08:07 541939                     /lib/x86_64-linux-gnu/libnsl-2.23.so
7f0123bc6000-7f0123bc8000 rw-p 00000000 00:00 0 
7f0123bc8000-7f0123bd0000 r-xp 00000000 08:07 541946                     /lib/x86_64-linux-gnu/libnss_compat-2.23.so
7f0123bd0000-7f0123dcf000 ---p 00008000 08:07 541946                     /lib/x86_64-linux-gnu/libnss_compat-2.23.so
7f0123dcf000-7f0123dd0000 r--p 00007000 08:07 541946                     /lib/x86_64-linux-gnu/libnss_compat-2.23.so
7f0123dd0000-7f0123dd1000 rw-p 00008000 08:07 541946                     /lib/x86_64-linux-gnu/libnss_compat-2.23.so
7f0123dd1000-7f0123dfe000 r-xp 00000000 08:07 1201547                    /home/chivu/Downloads/android-studio-p/jre/jre/lib/amd64/libjava.so
7f0123dfe000-7f0123ffd000 ---p 0002d000 08:07 1201547                    /home/chivu/Downloads/android-studio-p/jre/jre/lib/amd64/libjava.so
7f0123ffd000-7f0123ffe000 r--p 0002c000 08:07 1201547                    /home/chivu/Downloads/android-studio-p/jre/jre/lib/amd64/libjava.so
7f0123ffe000-7f0124000000 rw-p 0002d000 08:07 1201547                    /home/chivu/Downloads/android-studio-p/jre/jre/lib/amd64/libjava.so
7f0124000000-7f0124d8a000 rw-p 00000000 00:00 0 
7f0124d8a000-7f0128000000 ---p 00000000 00:00 0 
7f0128000000-7f0128002000 r--s 00005000 08:07 1189020                    /home/chivu/.gradle/wrapper/dists/gradle-3.3-all/55gk2rcmfc6p2dg9u9ohc3hw9/gradle-3.3/lib/gradle-cli-3.3.jar
7f0128002000-7f0128004000 r--s 00007000 08:07 1189031                    /home/chivu/.gradle/wrapper/dists/gradle-3.3-all/55gk2rcmfc6p2dg9u9ohc3hw9/gradle-3.3/lib/gradle-model-groovy-3.3.jar
7f0128004000-7f0128006000 r--s 00006000 08:07 1189038                    /home/chivu/.gradle/wrapper/dists/gradle-3.3-all/55gk2rcmfc6p2dg9u9ohc3hw9/gradle-3.3/lib/gradle-base-services-groovy-3.3.jar
7f0128006000-7f0128007000 r--s 00002000 08:07 1189041                    /home/chivu/.gradle/wrapper/dists/gradle-3.3-all/55gk2rcmfc6p2dg9u9ohc3hw9/gradle-3.3/lib/gradle-docs-3.3.jar
7f0128007000-7f0128055000 rw-p 00000000 00:00 0 
7f0128055000-7f0128056000 ---p 00000000 00:00 0 
7f0128056000-7f0128156000 rw-p 00000000 00:00 0 
7f0128156000-7f0128166000 r-xp 00000000 08:07 1201520                    /home/chivu/Downloads/android-studio-p/jre/jre/lib/amd64/libverify.so
7f0128166000-7f0128365000 ---p 00010000 08:07 1201520                    /home/chivu/Downloads/android-studio-p/jre/jre/lib/amd64/libverify.so
7f0128365000-7f0128367000 r--p 0000f000 08:07 1201520                    /home/chivu/Downloads/android-studio-p/jre/jre/lib/amd64/libverify.so
7f0128367000-7f0128368000 rw-p 00011000 08:07 1201520                    /home/chivu/Downloads/android-studio-p/jre/jre/lib/amd64/libverify.so
7f0128368000-7f012836f000 r-xp 00000000 08:07 541947                     /lib/x86_64-linux-gnu/librt-2.23.so
7f012836f000-7f012856e000 ---p 00007000 08:07 541947                     /lib/x86_64-linux-gnu/librt-2.23.so
7f012856e000-7f012856f000 r--p 00006000 08:07 541947                     /lib/x86_64-linux-gnu/librt-2.23.so
7f012856f000-7f0128570000 rw-p 00007000 08:07 541947                     /lib/x86_64-linux-gnu/librt-2.23.so
7f0128570000-7f0128678000 r-xp 00000000 08:07 541938                     /lib/x86_64-linux-gnu/libm-2.23.so
7f0128678000-7f0128877000 ---p 00108000 08:07 541938                     /lib/x86_64-linux-gnu/libm-2.23.so
7f0128877000-7f0128878000 r--p 00107000 08:07 541938                     /lib/x86_64-linux-gnu/libm-2.23.so
7f0128878000-7f0128879000 rw-p 00108000 08:07 541938                     /lib/x86_64-linux-gnu/libm-2.23.so
7f0128879000-7f012946a000 r-xp 00000000 08:07 1201528                    /home/chivu/Downloads/android-studio-p/jre/jre/lib/amd64/server/libjvm.so
7f012946a000-7f012966a000 ---p 00bf1000 08:07 1201528                    /home/chivu/Downloads/android-studio-p/jre/jre/lib/amd64/server/libjvm.so
7f012966a000-7f0129709000 r--p 00bf1000 08:07 1201528                    /home/chivu/Downloads/android-studio-p/jre/jre/lib/amd64/server/libjvm.so
7f0129709000-7f0129732000 rw-p 00c90000 08:07 1201528                    /home/chivu/Downloads/android-studio-p/jre/jre/lib/amd64/server/libjvm.so
7f0129732000-7f0129776000 rw-p 00000000 00:00 0 
7f0129776000-7f012978e000 r-xp 00000000 08:07 541951                     /lib/x86_64-linux-gnu/libpthread-2.23.so
7f012978e000-7f012998d000 ---p 00018000 08:07 541951                     /lib/x86_64-linux-gnu/libpthread-2.23.so
7f012998d000-7f012998e000 r--p 00017000 08:07 541951                     /lib/x86_64-linux-gnu/libpthread-2.23.so
7f012998e000-7f012998f000 rw-p 00018000 08:07 541951                     /lib/x86_64-linux-gnu/libpthread-2.23.so
7f012998f000-7f0129993000 rw-p 00000000 00:00 0 
7f0129993000-7f0129996000 r-xp 00000000 08:07 541936                     /lib/x86_64-linux-gnu/libdl-2.23.so
7f0129996000-7f0129b95000 ---p 00003000 08:07 541936                     /lib/x86_64-linux-gnu/libdl-2.23.so
7f0129b95000-7f0129b96000 r--p 00002000 08:07 541936                     /lib/x86_64-linux-gnu/libdl-2.23.so
7f0129b96000-7f0129b97000 rw-p 00003000 08:07 541936                     /lib/x86_64-linux-gnu/libdl-2.23.so
7f0129b97000-7f0129d56000 r-xp 00000000 08:07 541940                     /lib/x86_64-linux-gnu/libc-2.23.so
7f0129d56000-7f0129f56000 ---p 001bf000 08:07 541940                     /lib/x86_64-linux-gnu/libc-2.23.so
7f0129f56000-7f0129f5a000 r--p 001bf000 08:07 541940                     /lib/x86_64-linux-gnu/libc-2.23.so
7f0129f5a000-7f0129f5c000 rw-p 001c3000 08:07 541940                     /lib/x86_64-linux-gnu/libc-2.23.so
7f0129f5c000-7f0129f60000 rw-p 00000000 00:00 0 
7f0129f60000-7f0129f76000 r-xp 00000000 08:07 1201477                    /home/chivu/Downloads/android-studio-p/jre/lib/amd64/jli/libjli.so
7f0129f76000-7f012a175000 ---p 00016000 08:07 1201477                    /home/chivu/Downloads/android-studio-p/jre/lib/amd64/jli/libjli.so
7f012a175000-7f012a176000 r--p 00015000 08:07 1201477                    /home/chivu/Downloads/android-studio-p/jre/lib/amd64/jli/libjli.so
7f012a176000-7f012a177000 rw-p 00016000 08:07 1201477                    /home/chivu/Downloads/android-studio-p/jre/lib/amd64/jli/libjli.so
7f012a177000-7f012a19d000 r-xp 00000000 08:07 541941                     /lib/x86_64-linux-gnu/ld-2.23.so
7f012a19d000-7f012a19e000 r--s 00000000 08:07 1189037                    /home/chivu/.gradle/wrapper/dists/gradle-3.3-all/55gk2rcmfc6p2dg9u9ohc3hw9/gradle-3.3/lib/javax.inject-1.jar
7f012a19e000-7f012a19f000 r--s 00000000 08:07 1189036                    /home/chivu/.gradle/wrapper/dists/gradle-3.3-all/55gk2rcmfc6p2dg9u9ohc3hw9/gradle-3.3/lib/jcip-annotations-1.0.jar
7f012a19f000-7f012a1a3000 r--s 00027000 08:07 1189035                    /home/chivu/.gradle/wrapper/dists/gradle-3.3-all/55gk2rcmfc6p2dg9u9ohc3hw9/gradle-3.3/lib/commons-io-2.2.jar
7f012a1a3000-7f012a1a8000 r--s 00038000 08:07 1189032                    /home/chivu/.gradle/wrapper/dists/gradle-3.3-all/55gk2rcmfc6p2dg9u9ohc3hw9/gradle-3.3/lib/asm-all-5.1.jar
7f012a1a8000-7f012a1a9000 r--s 00001000 08:07 1189028                    /home/chivu/.gradle/wrapper/dists/gradle-3.3-all/55gk2rcmfc6p2dg9u9ohc3hw9/gradle-3.3/lib/gradle-process-services-3.3.jar
7f012a1a9000-7f012a1ae000 r--s 00041000 08:07 1189027                    /home/chivu/.gradle/wrapper/dists/gradle-3.3-all/55gk2rcmfc6p2dg9u9ohc3hw9/gradle-3.3/lib/commons-lang-2.6.jar
7f012a1ae000-7f012a1b7000 r--s 00042000 08:07 1189017                    /home/chivu/.gradle/wrapper/dists/gradle-3.3-all/55gk2rcmfc6p2dg9u9ohc3hw9/gradle-3.3/lib/gradle-base-services-3.3.jar
7f012a1b7000-7f012a279000 rw-p 00000000 00:00 0 
7f012a279000-7f012a27c000 ---p 00000000 00:00 0 
7f012a27c000-7f012a37e000 rw-p 00000000 00:00 0 
7f012a37e000-7f012a380000 r--s 00000000 08:07 1189018                    /home/chivu/.gradle/wrapper/dists/gradle-3.3-all/55gk2rcmfc6p2dg9u9ohc3hw9/gradle-3.3/lib/gradle-jvm-services-3.3.jar
7f012a380000-7f012a381000 r--s 00000000 08:07 1189183                    /home/chivu/.gradle/wrapper/dists/gradle-3.3-all/55gk2rcmfc6p2dg9u9ohc3hw9/gradle-3.3/lib/gradle-version-info-3.3.jar
7f012a381000-7f012a382000 r--s 00007000 08:07 1189025                    /home/chivu/.gradle/wrapper/dists/gradle-3.3-all/55gk2rcmfc6p2dg9u9ohc3hw9/gradle-3.3/lib/slf4j-api-1.7.10.jar
7f012a382000-7f012a383000 r--s 00004000 08:07 1189050                    /home/chivu/.gradle/wrapper/dists/gradle-3.3-all/55gk2rcmfc6p2dg9u9ohc3hw9/gradle-3.3/lib/ant-launcher-1.9.6.jar
7f012a383000-7f012a390000 r--s 0005c000 08:07 1189014                    /home/chivu/.gradle/wrapper/dists/gradle-3.3-all/55gk2rcmfc6p2dg9u9ohc3hw9/gradle-3.3/lib/gradle-launcher-3.3.jar
7f012a390000-7f012a398000 rw-s 00000000 08:07 266243                     /tmp/hsperfdata_chivu/2763
7f012a398000-7f012a399000 rw-p 00000000 00:00 0 
7f012a399000-7f012a39a000 ---p 00000000 00:00 0 
7f012a39a000-7f012a39c000 rw-p 00000000 00:00 0 
7f012a39c000-7f012a39d000 r--p 00025000 08:07 541941                     /lib/x86_64-linux-gnu/ld-2.23.so
7f012a39d000-7f012a39e000 rw-p 00026000 08:07 541941                     /lib/x86_64-linux-gnu/ld-2.23.so
7f012a39e000-7f012a39f000 rw-p 00000000 00:00 0 
7ffcf58bc000-7ffcf58dd000 rw-p 00000000 00:00 0                          [stack]
7ffcf58ef000-7ffcf58f1000 r--p 00000000 00:00 0                          [vvar]
7ffcf58f1000-7ffcf58f3000 r-xp 00000000 00:00 0                          [vdso]
ffffffffff600000-ffffffffff601000 r-xp 00000000 00:00 0                  [vsyscall]

VM Arguments:
jvm_args: -Xmx1536m -Dfile.encoding=UTF-8 -Duser.country=IN -Duser.language=en -Duser.variant 
java_command: org.gradle.launcher.daemon.bootstrap.GradleDaemon 3.3
java_class_path (initial): /home/chivu/.gradle/wrapper/dists/gradle-3.3-all/55gk2rcmfc6p2dg9u9ohc3hw9/gradle-3.3/lib/gradle-launcher-3.3.jar
Launcher Type: SUN_STANDARD

Environment Variables:
JAVA_HOME=/usr/lib/jvm/java-8-oracle
PATH=/home/chivu/bin:/home/chivu/.local/bin:/usr/local/sbin:/usr/local/bin:/usr/sbin:/usr/bin:/sbin:/bin:/usr/games:/usr/local/games:/snap/bin:/usr/lib/jvm/java-8-oracle/bin:/usr/lib/jvm/java-8-oracle/db/bin:/usr/lib/jvm/java-8-oracle/jre/bin
LD_LIBRARY_PATH=/home/chivu/Downloads/android-studio-p/bin:
SHELL=/bin/bash
DISPLAY=:0

Signal Handlers:
SIGSEGV: [libjvm.so+0x9e5150], sa_mask[0]=11111111011111111101111111111110, sa_flags=SA_RESTART|SA_SIGINFO
SIGBUS: [libjvm.so+0x9e5150], sa_mask[0]=11111111011111111101111111111110, sa_flags=SA_RESTART|SA_SIGINFO
SIGFPE: [libjvm.so+0x848450], sa_mask[0]=11111111011111111101111111111110, sa_flags=SA_RESTART|SA_SIGINFO
SIGPIPE: [libjvm.so+0x848450], sa_mask[0]=11111111011111111101111111111110, sa_flags=SA_RESTART|SA_SIGINFO
SIGXFSZ: [libjvm.so+0x848450], sa_mask[0]=11111111011111111101111111111110, sa_flags=SA_RESTART|SA_SIGINFO
SIGILL: [libjvm.so+0x848450], sa_mask[0]=11111111011111111101111111111110, sa_flags=SA_RESTART|SA_SIGINFO
SIGUSR1: SIG_DFL, sa_mask[0]=00000000000000000000000000000000, sa_flags=none
SIGUSR2: [libjvm.so+0x848320], sa_mask[0]=00100000000000000000000000000000, sa_flags=SA_RESTART|SA_SIGINFO
SIGHUP: [libjvm.so+0x848510], sa_mask[0]=11111111011111111101111111111110, sa_flags=SA_RESTART|SA_SIGINFO
SIGINT: [libjvm.so+0x848510], sa_mask[0]=11111111011111111101111111111110, sa_flags=SA_RESTART|SA_SIGINFO
SIGTERM: [libjvm.so+0x848510], sa_mask[0]=11111111011111111101111111111110, sa_flags=SA_RESTART|SA_SIGINFO
SIGQUIT: [libjvm.so+0x848510], sa_mask[0]=11111111011111111101111111111110, sa_flags=SA_RESTART|SA_SIGINFO


---------------  S Y S T E M  ---------------

OS:DISTRIB_ID=Ubuntu
DISTRIB_RELEASE=16.04
DISTRIB_CODENAME=xenial
DISTRIB_DESCRIPTION="Ubuntu 16.04.2 LTS"

uname:Linux 4.4.0-79-generic #100-Ubuntu SMP Wed May 17 19:58:14 UTC 2017 x86_64
libc:glibc 2.23 NPTL 2.23 
rlimit: STACK 8192k, CORE 0k, NPROC 15361, NOFILE 65536, AS infinity
load average:3.97 2.99 1.91

/proc/meminfo:
MemTotal:        3972820 kB
MemFree:          126696 kB
MemAvailable:      77268 kB
Buffers:            3336 kB
Cached:           228856 kB
SwapCached:           60 kB
Active:          2595060 kB
Inactive:        1093136 kB
Active(anon):    2544868 kB
Inactive(anon):  1040592 kB
Active(file):      50192 kB
Inactive(file):    52544 kB
Unevictable:         136 kB
Mlocked:             136 kB
SwapTotal:          1020 kB
SwapFree:              0 kB
Dirty:               272 kB
Writeback:             0 kB
AnonPages:       3456444 kB
Mapped:            81396 kB
Shmem:            129240 kB
Slab:              76472 kB
SReclaimable:      43416 kB
SUnreclaim:        33056 kB
KernelStack:        8480 kB
PageTables:        31272 kB
NFS_Unstable:          0 kB
Bounce:                0 kB
WritebackTmp:          0 kB
CommitLimit:     1987428 kB
Committed_AS:    6490664 kB
VmallocTotal:   34359738367 kB
VmallocUsed:           0 kB
VmallocChunk:          0 kB
HardwareCorrupted:     0 kB
AnonHugePages:   1548288 kB
CmaTotal:              0 kB
CmaFree:               0 kB
HugePages_Total:       0
HugePages_Free:        0
HugePages_Rsvd:        0
HugePages_Surp:        0
Hugepagesize:       2048 kB
DirectMap4k:      142080 kB
DirectMap2M:     3979264 kB
DirectMap1G:     1048576 kB


CPU:total 4 (2 cores per cpu, 2 threads per core) family 6 model 69 stepping 1, cmov, cx8, fxsr, mmx, sse, sse2, sse3, ssse3, sse4.1, sse4.2, popcnt, avx, avx2, aes, clmul, erms, lzcnt, ht, tsc, tscinvbit, bmi1, bmi2

/proc/cpuinfo:
processor	: 0
vendor_id	: GenuineIntel
cpu family	: 6
model		: 69
model name	: Intel(R) Core(TM) i3-4030U CPU @ 1.90GHz
stepping	: 1
microcode	: 0x1d
cpu MHz		: 1745.253
cache size	: 3072 KB
physical id	: 0
siblings	: 4
core id		: 0
cpu cores	: 2
apicid		: 0
initial apicid	: 0
fpu		: yes
fpu_exception	: yes
cpuid level	: 13
wp		: yes
flags		: fpu vme de pse tsc msr pae mce cx8 apic sep mtrr pge mca cmov pat pse36 clflush dts acpi mmx fxsr sse sse2 ss ht tm pbe syscall nx pdpe1gb rdtscp lm constant_tsc arch_perfmon pebs bts rep_good nopl xtopology nonstop_tsc aperfmperf eagerfpu pni pclmulqdq dtes64 monitor ds_cpl vmx est tm2 ssse3 sdbg fma cx16 xtpr pdcm pcid sse4_1 sse4_2 x2apic movbe popcnt tsc_deadline_timer aes xsave avx f16c rdrand lahf_lm abm epb tpr_shadow vnmi flexpriority ept vpid fsgsbase tsc_adjust bmi1 avx2 smep bmi2 erms invpcid xsaveopt dtherm arat pln pts
bugs		:
bogomips	: 3791.28
clflush size	: 64
cache_alignment	: 64
address sizes	: 39 bits physical, 48 bits virtual
power management:

processor	: 1
vendor_id	: GenuineIntel
cpu family	: 6
model		: 69
model name	: Intel(R) Core(TM) i3-4030U CPU @ 1.90GHz
stepping	: 1
microcode	: 0x1d
cpu MHz		: 1799.953
cache size	: 3072 KB
physical id	: 0
siblings	: 4
core id		: 0
cpu cores	: 2
apicid		: 1
initial apicid	: 1
fpu		: yes
fpu_exception	: yes
cpuid level	: 13
wp		: yes
flags		: fpu vme de pse tsc msr pae mce cx8 apic sep mtrr pge mca cmov pat pse36 clflush dts acpi mmx fxsr sse sse2 ss ht tm pbe syscall nx pdpe1gb rdtscp lm constant_tsc arch_perfmon pebs bts rep_good nopl xtopology nonstop_tsc aperfmperf eagerfpu pni pclmulqdq dtes64 monitor ds_cpl vmx est tm2 ssse3 sdbg fma cx16 xtpr pdcm pcid sse4_1 sse4_2 x2apic movbe popcnt tsc_deadline_timer aes xsave avx f16c rdrand lahf_lm abm epb tpr_shadow vnmi flexpriority ept vpid fsgsbase tsc_adjust bmi1 avx2 smep bmi2 erms invpcid xsaveopt dtherm arat pln pts
bugs		:
bogomips	: 3791.28
clflush size	: 64
cache_alignment	: 64
address sizes	: 39 bits physical, 48 bits virtual
power management:

processor	: 2
vendor_id	: GenuineIntel
cpu family	: 6
model		: 69
model name	: Intel(R) Core(TM) i3-4030U CPU @ 1.90GHz
stepping	: 1
microcode	: 0x1d
cpu MHz		: 1799.953
cache size	: 3072 KB
physical id	: 0
siblings	: 4
core id		: 1
cpu cores	: 2
apicid		: 2
initial apicid	: 2
fpu		: yes
fpu_exception	: yes
cpuid level	: 13
wp		: yes
flags		: fpu vme de pse tsc msr pae mce cx8 apic sep mtrr pge mca cmov pat pse36 clflush dts acpi mmx fxsr sse sse2 ss ht tm pbe syscall nx pdpe1gb rdtscp lm constant_tsc arch_perfmon pebs bts rep_good nopl xtopology nonstop_tsc aperfmperf eagerfpu pni pclmulqdq dtes64 monitor ds_cpl vmx est tm2 ssse3 sdbg fma cx16 xtpr pdcm pcid sse4_1 sse4_2 x2apic movbe popcnt tsc_deadline_timer aes xsave avx f16c rdrand lahf_lm abm epb tpr_shadow vnmi flexpriority ept vpid fsgsbase tsc_adjust bmi1 avx2 smep bmi2 erms invpcid xsaveopt dtherm arat pln pts
bugs		:
bogomips	: 3791.28
clflush size	: 64
cache_alignment	: 64
address sizes	: 39 bits physical, 48 bits virtual
power management:

processor	: 3
vendor_id	: GenuineIntel
cpu family	: 6
model		: 69
model name	: Intel(R) Core(TM) i3-4030U CPU @ 1.90GHz
stepping	: 1
microcode	: 0x1d
cpu MHz		: 1799.878
cache size	: 3072 KB
physical id	: 0
siblings	: 4
core id		: 1
cpu cores	: 2
apicid		: 3
initial apicid	: 3
fpu		: yes
fpu_exception	: yes
cpuid level	: 13
wp		: yes
flags		: fpu vme de pse tsc msr pae mce cx8 apic sep mtrr pge mca cmov pat pse36 clflush dts acpi mmx fxsr sse sse2 ss ht tm pbe syscall nx pdpe1gb rdtscp lm constant_tsc arch_perfmon pebs bts rep_good nopl xtopology nonstop_tsc aperfmperf eagerfpu pni pclmulqdq dtes64 monitor ds_cpl vmx est tm2 ssse3 sdbg fma cx16 xtpr pdcm pcid sse4_1 sse4_2 x2apic movbe popcnt tsc_deadline_timer aes xsave avx f16c rdrand lahf_lm abm epb tpr_shadow vnmi flexpriority ept vpid fsgsbase tsc_adjust bmi1 avx2 smep bmi2 erms invpcid xsaveopt dtherm arat pln pts
bugs		:
bogomips	: 3791.28
clflush size	: 64
cache_alignment	: 64
address sizes	: 39 bits physical, 48 bits virtual
power management:



Memory: 4k page, physical 3972820k(126696k free), swap 1020k(0k free)

vm_info: OpenJDK 64-Bit Server VM (25.112-b06) for linux-amd64 JRE (1.8.0_112-release-b06), built on Dec  6 2016 12:11:18 by "builder" with gcc 4.8.4

time: Mon Jul 10 12:17:56 2017
elapsed time: 487 seconds (0d 0h 8m 7s)

