#
# There is insufficient memory for the Java Runtime Environment to continue.
# Native memory allocation (mmap) failed to map 148373504 bytes for committing reserved memory.
# Possible reasons:
#   The system is out of physical RAM or swap space
#   In 32 bit mode, the process size limit was hit
# Possible solutions:
#   Reduce memory load on the system
#   Increase physical memory or swap space
#   Check if swap backing store is full
#   Use 64 bit Java on a 64 bit OS
#   Decrease Java heap size (-Xmx/-Xms)
#   Decrease number of Java threads
#   Decrease Java thread stack sizes (-Xss)
#   Set larger code cache with -XX:ReservedCodeCacheSize=
# This output file may be truncated or incomplete.
#
#  Out of Memory Error (os_linux.cpp:2627), pid=4741, tid=0x00007f4ee4bfb700
#
# JRE version: OpenJDK Runtime Environment (8.0_112-b06) (build 1.8.0_112-release-b06)
# Java VM: OpenJDK 64-Bit Server VM (25.112-b06 mixed mode linux-amd64 compressed oops)
# Failed to write core dump. Core dumps have been disabled. To enable core dumping, try "ulimit -c unlimited" before starting Java again
#

---------------  T H R E A D  ---------------

Current thread (0x00007f4efc077800):  VMThread [stack: 0x00007f4ee4afb000,0x00007f4ee4bfc000] [id=4749]

Stack: [0x00007f4ee4afb000,0x00007f4ee4bfc000],  sp=0x00007f4ee4bfa4d0,  free space=1021k
Native frames: (J=compiled Java code, j=interpreted, Vv=VM code, C=native code)
V  [libjvm.so+0x9e465d]  VMError::report_and_die()+0x15d
V  [libjvm.so+0x4b6ada]  report_vm_out_of_memory(char const*, int, unsigned long, VMErrorType, char const*)+0x8a
V  [libjvm.so+0x84c860]  os::pd_commit_memory(char*, unsigned long, unsigned long, bool)+0xf0
V  [libjvm.so+0x84737f]  os::commit_memory(char*, unsigned long, unsigned long, bool)+0x1f
V  [libjvm.so+0x8bd3db]  PSVirtualSpace::expand_by(unsigned long)+0x5b
V  [libjvm.so+0x8ae1bb]  PSOldGen::expand_by(unsigned long) [clone .part.109]+0x1b
V  [libjvm.so+0x8ae37b]  PSOldGen::expand(unsigned long) [clone .part.111]+0xdb
V  [libjvm.so+0x8aec58]  PSOldGen::resize(unsigned long)+0x188
V  [libjvm.so+0x8b426c]  PSParallelCompact::invoke_no_policy(bool)+0x97c
V  [libjvm.so+0x8bb37d]  PSScavenge::invoke()+0x17d
V  [libjvm.so+0x86fcf3]  ParallelScavengeHeap::failed_mem_allocate(unsigned long)+0x63
V  [libjvm.so+0x9e6124]  VM_ParallelGCFailedAllocation::doit()+0x84
V  [libjvm.so+0x9ea537]  VM_Operation::evaluate()+0x47
V  [libjvm.so+0x9e8ff8]  VMThread::evaluate_operation(VM_Operation*)+0x2c8
V  [libjvm.so+0x9e9479]  VMThread::loop()+0x219
V  [libjvm.so+0x9e98c2]  VMThread::run()+0x72
V  [libjvm.so+0x849c82]  java_start(Thread*)+0xf2

VM_Operation (0x00007f4e871f9fb0): ParallelGCFailedAllocation, mode: safepoint, requested by thread 0x00007f4e7c035000


---------------  P R O C E S S  ---------------

Java Threads: ( => current thread )
  0x00007f4e7c038000 JavaThread "pool-12-thread-4" [_thread_blocked, id=5382, stack(0x00007f4e869cc000,0x00007f4e86acd000)]
  0x00007f4e7c037800 JavaThread "pool-12-thread-3" [_thread_blocked, id=5381, stack(0x00007f4e868cb000,0x00007f4e869cc000)]
  0x00007f4e7c036800 JavaThread "pool-12-thread-2" [_thread_blocked, id=5380, stack(0x00007f4e871fc000,0x00007f4e872fd000)]
  0x00007f4e7c036000 JavaThread "pool-13-thread-1" [_thread_blocked, id=5379, stack(0x00007f4e873fe000,0x00007f4e874ff000)]
  0x00007f4e7c035000 JavaThread "pool-12-thread-1" [_thread_blocked, id=5378, stack(0x00007f4e870fb000,0x00007f4e871fc000)]
  0x00007f4ea0034000 JavaThread "pool-5-thread-2" [_thread_blocked, id=5377, stack(0x00007f4e874ff000,0x00007f4e87600000)]
  0x00007f4e74013800 JavaThread "process reaper" daemon [_thread_blocked, id=5337, stack(0x00007f4edd383000,0x00007f4edd3bc000)]
  0x00007f4ea001d000 JavaThread "Cache update executor" [_thread_blocked, id=5333, stack(0x00007f4edc0c3000,0x00007f4edc1c4000)]
  0x00007f4ea0016000 JavaThread "Stdin handler" [_thread_blocked, id=5326, stack(0x00007f4eddf37000,0x00007f4ede038000)]
  0x00007f4ea0015000 JavaThread "Asynchronous log dispatcher for DefaultDaemonConnection: socket connection from /127.0.0.1:44284 to /127.0.0.1:49944" [_thread_blocked, id=5325, stack(0x00007f4ede038000,0x00007f4ede139000)]
  0x00007f4eac015800 JavaThread "Daemon worker Thread 2" [_thread_blocked, id=5324, stack(0x00007f4ede23a000,0x00007f4ede33b000)]
  0x00007f4eac00a000 JavaThread "Cancel handler" [_thread_blocked, id=5323, stack(0x00007f4ede53b000,0x00007f4ede63c000)]
  0x00007f4eac005800 JavaThread "Handler for socket connection from /127.0.0.1:44284 to /127.0.0.1:49944" [_thread_in_native, id=5322, stack(0x00007f4ede139000,0x00007f4ede23a000)]
  0x00007f4ea804c800 JavaThread "Daemon Thread 2" [_thread_blocked, id=5321, stack(0x00007f4ede63c000,0x00007f4ede73d000)]
  0x00007f4e78004000 JavaThread "pool-5-thread-1" [_thread_blocked, id=4792, stack(0x00007f4e872fd000,0x00007f4e873fe000)]
  0x00007f4e98592800 JavaThread "pool-2-thread-1" [_thread_blocked, id=4774, stack(0x00007f4edc9d7000,0x00007f4edcad8000)]
  0x00007f4e98e12800 JavaThread "File lock request listener" [_thread_in_native, id=4771, stack(0x00007f4edd282000,0x00007f4edd383000)]
  0x00007f4efcc56000 JavaThread "pool-1-thread-1" [_thread_blocked, id=4768, stack(0x00007f4edde36000,0x00007f4eddf37000)]
  0x00007f4efcbfd000 JavaThread "Incoming local TCP Connector on port 44284" [_thread_in_native, id=4759, stack(0x00007f4ede944000,0x00007f4edea45000)]
  0x00007f4efc0bf800 JavaThread "Service Thread" daemon [_thread_blocked, id=4756, stack(0x00007f4ee411c000,0x00007f4ee421d000)]
  0x00007f4efc0bc800 JavaThread "C1 CompilerThread2" daemon [_thread_blocked, id=4755, stack(0x00007f4ee421d000,0x00007f4ee431e000)]
  0x00007f4efc0ba800 JavaThread "C2 CompilerThread1" daemon [_thread_in_native, id=4754, stack(0x00007f4ee431e000,0x00007f4ee441f000)]
  0x00007f4efc0b7800 JavaThread "C2 CompilerThread0" daemon [_thread_blocked, id=4753, stack(0x00007f4ee441f000,0x00007f4ee4520000)]
  0x00007f4efc0b6800 JavaThread "Signal Dispatcher" daemon [_thread_blocked, id=4752, stack(0x00007f4ee4520000,0x00007f4ee4621000)]
  0x00007f4efc083800 JavaThread "Finalizer" daemon [_thread_blocked, id=4751, stack(0x00007f4ee48f9000,0x00007f4ee49fa000)]
  0x00007f4efc07f000 JavaThread "Reference Handler" daemon [_thread_blocked, id=4750, stack(0x00007f4ee49fa000,0x00007f4ee4afb000)]
  0x00007f4efc00a000 JavaThread "main" [_thread_blocked, id=4744, stack(0x00007f4f04491000,0x00007f4f04592000)]

Other Threads:
=>0x00007f4efc077800 VMThread [stack: 0x00007f4ee4afb000,0x00007f4ee4bfc000] [id=4749]
  0x00007f4efc0c2000 WatcherThread [stack: 0x00007f4ee401b000,0x00007f4ee411c000] [id=4757]

VM state:at safepoint (normal execution)

VM Mutex/Monitor currently owned by a thread:  ([mutex/lock_event])
[0x00007f4efc005df0] ExpandHeap_lock - owner thread: 0x00007f4efc077800
[0x00007f4efc006470] Threads_lock - owner thread: 0x00007f4efc077800
[0x00007f4efc006970] Heap_lock - owner thread: 0x00007f4e7c035000

Heap:
 PSYoungGen      total 438272K, used 6513K [0x00000000e0000000, 0x0000000100000000, 0x0000000100000000)
  eden space 360448K, 0% used [0x00000000e0000000,0x00000000e0000000,0x00000000f6000000)
  from space 77824K, 8% used [0x00000000faf00000,0x00000000fb55c678,0x00000000ffb00000)
  to   space 80896K, 0% used [0x00000000f6000000,0x00000000f6000000,0x00000000faf00000)
 ParOldGen       total 308736K, used 308472K [0x00000000a0000000, 0x00000000b2d80000, 0x00000000e0000000)
  object space 308736K, 99% used [0x00000000a0000000,0x00000000b2d3e328,0x00000000b2d80000)
 Metaspace       used 67118K, capacity 69148K, committed 69808K, reserved 1110016K
  class space    used 8583K, capacity 8973K, committed 9136K, reserved 1048576K

Card table byte_map: [0x00007f4f01022000,0x00007f4f01323000] byte_map_base: 0x00007f4f00b22000

Marking Bits: (ParMarkBitMap*) 0x00007f4f0395f340
 Begin Bits: [0x00007f4ee5000000, 0x00007f4ee6800000)
 End Bits:   [0x00007f4ee6800000, 0x00007f4ee8000000)

Polling page: 0x00007f4f045b1000

CodeCache: size=245760Kb used=41965Kb max_used=41992Kb free=203794Kb
 bounds [0x00007f4eed000000, 0x00007f4eef9d0000, 0x00007f4efc000000]
 total_blobs=13048 nmethods=12254 adapters=705
 compilation: enabled

Compilation events (10 events):
Event: 1687.866 Thread 0x00007f4efc0bc800 15369   !   2       com.android.dx.cf.code.BytecodeArray::parseInstruction (2764 bytes)
Event: 1687.886 Thread 0x00007f4efc0bc800 nmethod 15369 0x00007f4eef99c5d0 code [0x00007f4eef99d500, 0x00007f4eef9a3848]
Event: 1687.900 Thread 0x00007f4efc0bc800 15370  s    1       java.io.ByteArrayOutputStream::reset (6 bytes)
Event: 1687.901 Thread 0x00007f4efc0bc800 nmethod 15370 0x00007f4eee58b850 code [0x00007f4eee58b9a0, 0x00007f4eee58bc10]
Event: 1687.904 Thread 0x00007f4efc0bc800 15371 % !   3       com.android.dx.dex.cf.CfTranslator::processMethods @ 24 (596 bytes)
Event: 1687.918 Thread 0x00007f4efc0bc800 nmethod 15371% 0x00007f4eef9af7d0 code [0x00007f4eef9aff80, 0x00007f4eef9b6168]
Event: 1687.945 Thread 0x00007f4efc0b7800 nmethod 15061 0x00007f4eef9bbd90 code [0x00007f4eef9bc2c0, 0x00007f4eef9c02b0]
Event: 1687.945 Thread 0x00007f4efc0b7800 15373   !   4       com.android.dx.cf.code.BytecodeArray::parseInstruction (2764 bytes)
Event: 1687.999 Thread 0x00007f4efc0bc800 15374       2       com.android.dx.dex.code.SwitchData::shouldPack (50 bytes)
Event: 1688.000 Thread 0x00007f4efc0bc800 nmethod 15374 0x00007f4eef2e4310 code [0x00007f4eef2e4480, 0x00007f4eef2e46a8]

GC Heap History (10 events):
Event: 1683.361 GC heap after
Heap after GC invocations=29 (full 4):
 PSYoungGen      total 435200K, used 56283K [0x00000000e0000000, 0x0000000100000000, 0x0000000100000000)
  eden space 378880K, 0% used [0x00000000e0000000,0x00000000e0000000,0x00000000f7200000)
  from space 56320K, 99% used [0x00000000f7200000,0x00000000fa8f6dc8,0x00000000fa900000)
  to   space 79360K, 0% used [0x00000000fb280000,0x00000000fb280000,0x0000000100000000)
 ParOldGen       total 223744K, used 222747K [0x00000000a0000000, 0x00000000ada80000, 0x00000000e0000000)
  object space 223744K, 99% used [0x00000000a0000000,0x00000000ad986fa0,0x00000000ada80000)
 Metaspace       used 67103K, capacity 69148K, committed 69808K, reserved 1110016K
  class space    used 8582K, capacity 8973K, committed 9136K, reserved 1048576K
}
Event: 1683.361 GC heap before
{Heap before GC invocations=30 (full 5):
 PSYoungGen      total 435200K, used 56283K [0x00000000e0000000, 0x0000000100000000, 0x0000000100000000)
  eden space 378880K, 0% used [0x00000000e0000000,0x00000000e0000000,0x00000000f7200000)
  from space 56320K, 99% used [0x00000000f7200000,0x00000000fa8f6dc8,0x00000000fa900000)
  to   space 79360K, 0% used [0x00000000fb280000,0x00000000fb280000,0x0000000100000000)
 ParOldGen       total 223744K, used 222747K [0x00000000a0000000, 0x00000000ada80000, 0x00000000e0000000)
  object space 223744K, 99% used [0x00000000a0000000,0x00000000ad986fa0,0x00000000ada80000)
 Metaspace       used 67103K, capacity 69148K, committed 69808K, reserved 1110016K
  class space    used 8582K, capacity 8973K, committed 9136K, reserved 1048576K
Event: 1684.526 GC heap after
Heap after GC invocations=30 (full 5):
 PSYoungGen      total 435200K, used 0K [0x00000000e0000000, 0x0000000100000000, 0x0000000100000000)
  eden space 378880K, 0% used [0x00000000e0000000,0x00000000e0000000,0x00000000f7200000)
  from space 56320K, 0% used [0x00000000f7200000,0x00000000f7200000,0x00000000fa900000)
  to   space 79360K, 0% used [0x00000000fb280000,0x00000000fb280000,0x0000000100000000)
 ParOldGen       total 308736K, used 189115K [0x00000000a0000000, 0x00000000b2d80000, 0x00000000e0000000)
  object space 308736K, 61% used [0x00000000a0000000,0x00000000ab8aed78,0x00000000b2d80000)
 Metaspace       used 67103K, capacity 69148K, committed 69808K, reserved 1110016K
  class space    used 8582K, capacity 8973K, committed 9136K, reserved 1048576K
}
Event: 1685.596 GC heap before
{Heap before GC invocations=31 (full 5):
 PSYoungGen      total 435200K, used 378880K [0x00000000e0000000, 0x0000000100000000, 0x0000000100000000)
  eden space 378880K, 100% used [0x00000000e0000000,0x00000000f7200000,0x00000000f7200000)
  from space 56320K, 0% used [0x00000000f7200000,0x00000000f7200000,0x00000000fa900000)
  to   space 79360K, 0% used [0x00000000fb280000,0x00000000fb280000,0x0000000100000000)
 ParOldGen       total 308736K, used 189115K [0x00000000a0000000, 0x00000000b2d80000, 0x00000000e0000000)
  object space 308736K, 61% used [0x00000000a0000000,0x00000000ab8aed78,0x00000000b2d80000)
 Metaspace       used 67110K, capacity 69148K, committed 69808K, reserved 1110016K
  class space    used 8583K, capacity 8973K, committed 9136K, reserved 1048576K
Event: 1685.700 GC heap after
Heap after GC invocations=31 (full 5):
 PSYoungGen      total 440832K, used 48831K [0x00000000e0000000, 0x0000000100000000, 0x0000000100000000)
  eden space 361472K, 0% used [0x00000000e0000000,0x00000000e0000000,0x00000000f6100000)
  from space 79360K, 61% used [0x00000000fb280000,0x00000000fe22ffc0,0x0000000100000000)
  to   space 81408K, 0% used [0x00000000f6100000,0x00000000f6100000,0x00000000fb080000)
 ParOldGen       total 308736K, used 189123K [0x00000000a0000000, 0x00000000b2d80000, 0x00000000e0000000)
  object space 308736K, 61% used [0x00000000a0000000,0x00000000ab8b0d78,0x00000000b2d80000)
 Metaspace       used 67110K, capacity 69148K, committed 69808K, reserved 1110016K
  class space    used 8583K, capacity 8973K, committed 9136K, reserved 1048576K
}
Event: 1686.553 GC heap before
{Heap before GC invocations=32 (full 5):
 PSYoungGen      total 440832K, used 410303K [0x00000000e0000000, 0x0000000100000000, 0x0000000100000000)
  eden space 361472K, 100% used [0x00000000e0000000,0x00000000f6100000,0x00000000f6100000)
  from space 79360K, 61% used [0x00000000fb280000,0x00000000fe22ffc0,0x0000000100000000)
  to   space 81408K, 0% used [0x00000000f6100000,0x00000000f6100000,0x00000000fb080000)
 ParOldGen       total 308736K, used 189123K [0x00000000a0000000, 0x00000000b2d80000, 0x00000000e0000000)
  object space 308736K, 61% used [0x00000000a0000000,0x00000000ab8b0d78,0x00000000b2d80000)
 Metaspace       used 67113K, capacity 69148K, committed 69808K, reserved 1110016K
  class space    used 8583K, capacity 8973K, committed 9136K, reserved 1048576K
Event: 1686.676 GC heap after
Heap after GC invocations=32 (full 5):
 PSYoungGen      total 396288K, used 34692K [0x00000000e0000000, 0x00000000ffb00000, 0x0000000100000000)
  eden space 361472K, 0% used [0x00000000e0000000,0x00000000e0000000,0x00000000f6100000)
  from space 34816K, 99% used [0x00000000f6100000,0x00000000f82e1120,0x00000000f8300000)
  to   space 77824K, 0% used [0x00000000faf00000,0x00000000faf00000,0x00000000ffb00000)
 ParOldGen       total 308736K, used 236422K [0x00000000a0000000, 0x00000000b2d80000, 0x00000000e0000000)
  object space 308736K, 76% used [0x00000000a0000000,0x00000000ae6e1988,0x00000000b2d80000)
 Metaspace       used 67113K, capacity 69148K, committed 69808K, reserved 1110016K
  class space    used 8583K, capacity 8973K, committed 9136K, reserved 1048576K
}
Event: 1688.020 GC heap before
{Heap before GC invocations=33 (full 5):
 PSYoungGen      total 396288K, used 396164K [0x00000000e0000000, 0x00000000ffb00000, 0x0000000100000000)
  eden space 361472K, 100% used [0x00000000e0000000,0x00000000f6100000,0x00000000f6100000)
  from space 34816K, 99% used [0x00000000f6100000,0x00000000f82e1120,0x00000000f8300000)
  to   space 77824K, 0% used [0x00000000faf00000,0x00000000faf00000,0x00000000ffb00000)
 ParOldGen       total 308736K, used 236422K [0x00000000a0000000, 0x00000000b2d80000, 0x00000000e0000000)
  object space 308736K, 76% used [0x00000000a0000000,0x00000000ae6e1988,0x00000000b2d80000)
 Metaspace       used 67118K, capacity 69148K, committed 69808K, reserved 1110016K
  class space    used 8583K, capacity 8973K, committed 9136K, reserved 1048576K
Event: 1688.192 GC heap after
Heap after GC invocations=33 (full 5):
 PSYoungGen      total 438272K, used 52802K [0x00000000e0000000, 0x0000000100000000, 0x0000000100000000)
  eden space 360448K, 0% used [0x00000000e0000000,0x00000000e0000000,0x00000000f6000000)
  from space 77824K, 67% used [0x00000000faf00000,0x00000000fe290a08,0x00000000ffb00000)
  to   space 80896K, 0% used [0x00000000f6000000,0x00000000f6000000,0x00000000faf00000)
 ParOldGen       total 308736K, used 269035K [0x00000000a0000000, 0x00000000b2d80000, 0x00000000e0000000)
  object space 308736K, 87% used [0x00000000a0000000,0x00000000b06bafc0,0x00000000b2d80000)
 Metaspace       used 67118K, capacity 69148K, committed 69808K, reserved 1110016K
  class space    used 8583K, capacity 8973K, committed 9136K, reserved 1048576K
}
Event: 1688.193 GC heap before
{Heap before GC invocations=34 (full 6):
 PSYoungGen      total 438272K, used 52802K [0x00000000e0000000, 0x0000000100000000, 0x0000000100000000)
  eden space 360448K, 0% used [0x00000000e0000000,0x00000000e0000000,0x00000000f6000000)
  from space 77824K, 67% used [0x00000000faf00000,0x00000000fe290a08,0x00000000ffb00000)
  to   space 80896K, 0% used [0x00000000f6000000,0x00000000f6000000,0x00000000faf00000)
 ParOldGen       total 308736K, used 269035K [0x00000000a0000000, 0x00000000b2d80000, 0x00000000e0000000)
  object space 308736K, 87% used [0x00000000a0000000,0x00000000b06bafc0,0x00000000b2d80000)
 Metaspace       used 67118K, capacity 69148K, committed 69808K, reserved 1110016K
  class space    used 8583K, capacity 8973K, committed 9136K, reserved 1048576K

Deoptimization events (10 events):
Event: 1685.563 Thread 0x00007f4e7c036800 Uncommon trap: reason=class_check action=maybe_recompile pc=0x00007f4eef91351c method=com.android.dx.cf.code.BytecodeArray.parseInstruction(ILcom/android/dx/cf/code/BytecodeArray$Visitor;)I @ 1687
Event: 1685.564 Thread 0x00007f4e7c036800 Uncommon trap: reason=class_check action=maybe_recompile pc=0x00007f4eef91351c method=com.android.dx.cf.code.BytecodeArray.parseInstruction(ILcom/android/dx/cf/code/BytecodeArray$Visitor;)I @ 1687
Event: 1685.565 Thread 0x00007f4e7c036800 Uncommon trap: reason=class_check action=maybe_recompile pc=0x00007f4eef91351c method=com.android.dx.cf.code.BytecodeArray.parseInstruction(ILcom/android/dx/cf/code/BytecodeArray$Visitor;)I @ 1687
Event: 1686.710 Thread 0x00007f4ea0034000 Uncommon trap: reason=bimorphic action=maybe_recompile pc=0x00007f4eef94d064 method=com.android.dx.cf.code.BytecodeArray.parseInstruction(ILcom/android/dx/cf/code/BytecodeArray$Visitor;)I @ 1357
Event: 1686.710 Thread 0x00007f4ea0034000 Uncommon trap: reason=bimorphic action=maybe_recompile pc=0x00007f4eef94d064 method=com.android.dx.cf.code.BytecodeArray.parseInstruction(ILcom/android/dx/cf/code/BytecodeArray$Visitor;)I @ 1357
Event: 1687.542 Thread 0x00007f4e7c038000 Uncommon trap: reason=class_check action=maybe_recompile pc=0x00007f4eef98cbec method=com.android.dx.cf.code.BytecodeArray.parseInstruction(ILcom/android/dx/cf/code/BytecodeArray$Visitor;)I @ 1019
Event: 1687.763 Thread 0x00007f4e7c037800 Uncommon trap: reason=unstable_if action=reinterpret pc=0x00007f4eed1591d4 method=java.util.concurrent.ConcurrentHashMap.get(Ljava/lang/Object;)Ljava/lang/Object; @ 86
Event: 1687.766 Thread 0x00007f4e7c037800 Uncommon trap: reason=unstable_if action=reinterpret pc=0x00007f4eed3bc9c8 method=java.util.concurrent.ConcurrentHashMap.transfer([Ljava/util/concurrent/ConcurrentHashMap$Node;[Ljava/util/concurrent/ConcurrentHashMap$Node;)V @ 277
Event: 1687.766 Thread 0x00007f4e7c035000 Uncommon trap: reason=unstable_if action=reinterpret pc=0x00007f4eed3bc9c8 method=java.util.concurrent.ConcurrentHashMap.transfer([Ljava/util/concurrent/ConcurrentHashMap$Node;[Ljava/util/concurrent/ConcurrentHashMap$Node;)V @ 277
Event: 1687.866 Thread 0x00007f4e7c038000 Uncommon trap: reason=class_check action=maybe_recompile pc=0x00007f4eef98cbec method=com.android.dx.cf.code.BytecodeArray.parseInstruction(ILcom/android/dx/cf/code/BytecodeArray$Visitor;)I @ 1019

Internal exceptions (10 events):
Event: 1645.023 Thread 0x00007f4eac015800 Exception <a 'sun/nio/fs/UnixException'> (0x00000000ec9e44d8) thrown at [/ssd/Android/AOSP-openjdk/external/jetbrains/jdk/hotspot/src/share/vm/prims/jni.cpp, line 709]
Event: 1645.023 Thread 0x00007f4eac015800 Exception <a 'sun/nio/fs/UnixException'> (0x00000000ec9e57f8) thrown at [/ssd/Android/AOSP-openjdk/external/jetbrains/jdk/hotspot/src/share/vm/prims/jni.cpp, line 709]
Event: 1673.992 Thread 0x00007f4eac015800 Implicit null exception at 0x00007f4eee1a83be to 0x00007f4eee1af6bd
Event: 1674.007 Thread 0x00007f4eac015800 Implicit null exception at 0x00007f4eee8186bc to 0x00007f4eee819ba9
Event: 1674.031 Thread 0x00007f4eac015800 Implicit null exception at 0x00007f4eedcf7d63 to 0x00007f4eedcf8301
Event: 1674.031 Thread 0x00007f4eac015800 Implicit null exception at 0x00007f4eed760180 to 0x00007f4eed760619
Event: 1674.032 Thread 0x00007f4eac015800 Implicit null exception at 0x00007f4eed2d58db to 0x00007f4eed2d5eb1
Event: 1678.629 Thread 0x00007f4e7c035000 Implicit null exception at 0x00007f4eef245613 to 0x00007f4eef246671
Event: 1678.694 Thread 0x00007f4e7c036800 Implicit null exception at 0x00007f4eee951e47 to 0x00007f4eee9524f5
Event: 1682.356 Thread 0x00007f4ea0034000 Implicit null exception at 0x00007f4eef74fbc0 to 0x00007f4eef750375

Events (10 events):
Event: 1687.881 Thread 0x00007f4e7c038000 DEOPT UNPACKING pc=0x00007f4eed047373 sp=0x00007f4e86acaee0 mode 0
Event: 1687.922 Thread 0x00007f4e7c038000 DEOPT PACKING pc=0x00007f4eee8fe210 sp=0x00007f4e86acb050
Event: 1687.922 Thread 0x00007f4e7c038000 DEOPT UNPACKING pc=0x00007f4eed047373 sp=0x00007f4e86acae50 mode 0
Event: 1687.962 Thread 0x00007f4e7c036800 DEOPT PACKING pc=0x00007f4eee8fe210 sp=0x00007f4e872fb050
Event: 1687.962 Thread 0x00007f4e7c036800 DEOPT UNPACKING pc=0x00007f4eed047373 sp=0x00007f4e872fae50 mode 0
Event: 1687.981 Thread 0x00007f4e7c035000 DEOPT PACKING pc=0x00007f4eef2a5cec sp=0x00007f4e871fa1e0
Event: 1687.981 Thread 0x00007f4e7c035000 DEOPT UNPACKING pc=0x00007f4eed047373 sp=0x00007f4e871f9ee0 mode 0
Event: 1687.996 Thread 0x00007f4ea0034000 DEOPT PACKING pc=0x00007f4eee8fe210 sp=0x00007f4e875fd5b0
Event: 1687.996 Thread 0x00007f4ea0034000 DEOPT UNPACKING pc=0x00007f4eed047373 sp=0x00007f4e875fd3b0 mode 0
Event: 1688.017 Executing VM operation: ParallelGCFailedAllocation


Dynamic libraries:
00400000-00401000 r-xp 00000000 08:07 1201464                            /home/chivu/Downloads/android-studio-p/jre/bin/java
00600000-00601000 r--p 00000000 08:07 1201464                            /home/chivu/Downloads/android-studio-p/jre/bin/java
00601000-00602000 rw-p 00001000 08:07 1201464                            /home/chivu/Downloads/android-studio-p/jre/bin/java
02580000-025a1000 rw-p 00000000 00:00 0                                  [heap]
a0000000-b2d80000 rw-p 00000000 00:00 0 
bbb00000-e0000000 ---p 00000000 00:00 0 
e0000000-100000000 rw-p 00000000 00:00 0 
100000000-1008ec000 rw-p 00000000 00:00 0 
1008ec000-140000000 ---p 00000000 00:00 0 
7f4e64000000-7f4e64021000 rw-p 00000000 00:00 0 
7f4e64021000-7f4e68000000 ---p 00000000 00:00 0 
7f4e6c000000-7f4e6c0e3000 rw-p 00000000 00:00 0 
7f4e6c0e3000-7f4e70000000 ---p 00000000 00:00 0 
7f4e70000000-7f4e70033000 rw-p 00000000 00:00 0 
7f4e70033000-7f4e74000000 ---p 00000000 00:00 0 
7f4e74000000-7f4e74041000 rw-p 00000000 00:00 0 
7f4e74041000-7f4e78000000 ---p 00000000 00:00 0 
7f4e78000000-7f4e78027000 rw-p 00000000 00:00 0 
7f4e78027000-7f4e7c000000 ---p 00000000 00:00 0 
7f4e7c000000-7f4e7c7f8000 rw-p 00000000 00:00 0 
7f4e7c7f8000-7f4e80000000 ---p 00000000 00:00 0 
7f4e80000000-7f4e80084000 rw-p 00000000 00:00 0 
7f4e80084000-7f4e84000000 ---p 00000000 00:00 0 
7f4e85ab5000-7f4e85b7b000 r--s 008d6000 08:07 2146635                    /home/chivu/Desktop/newsApp/app/build/intermediates/transforms/jarMerging/debug/jars/1/1f/combined.jar
7f4e85b7b000-7f4e85cbb000 rw-p 00000000 00:00 0 
7f4e85cbb000-7f4e85d7b000 ---p 00000000 00:00 0 
7f4e85d7b000-7f4e85f7b000 rw-p 00000000 00:00 0 
7f4e85f7b000-7f4e8617b000 rw-p 00000000 00:00 0 
7f4e8617b000-7f4e861b1000 r-xp 00000000 08:07 1201552                    /home/chivu/Downloads/android-studio-p/jre/jre/lib/amd64/libsunec.so
7f4e861b1000-7f4e863b0000 ---p 00036000 08:07 1201552                    /home/chivu/Downloads/android-studio-p/jre/jre/lib/amd64/libsunec.so
7f4e863b0000-7f4e863b5000 r--p 00035000 08:07 1201552                    /home/chivu/Downloads/android-studio-p/jre/jre/lib/amd64/libsunec.so
7f4e863b5000-7f4e863b7000 rw-p 0003a000 08:07 1201552                    /home/chivu/Downloads/android-studio-p/jre/jre/lib/amd64/libsunec.so
7f4e863b7000-7f4e865c8000 rw-p 00000000 00:00 0 
7f4e865c8000-7f4e865cb000 ---p 00000000 00:00 0 
7f4e865cb000-7f4e866c9000 rw-p 00000000 00:00 0 
7f4e866c9000-7f4e866cc000 ---p 00000000 00:00 0 
7f4e866cc000-7f4e867ca000 rw-p 00000000 00:00 0 
7f4e867ca000-7f4e867cd000 ---p 00000000 00:00 0 
7f4e867cd000-7f4e868cb000 rw-p 00000000 00:00 0 
7f4e868cb000-7f4e868ce000 ---p 00000000 00:00 0 
7f4e868ce000-7f4e869cc000 rw-p 00000000 00:00 0 
7f4e869cc000-7f4e869cf000 ---p 00000000 00:00 0 
7f4e869cf000-7f4e86ccd000 rw-p 00000000 00:00 0 
7f4e86ccd000-7f4e86ecd000 rw-p 00000000 00:00 0 
7f4e86efb000-7f4e870fb000 rw-p 00000000 00:00 0 
7f4e870fb000-7f4e870fe000 ---p 00000000 00:00 0 
7f4e870fe000-7f4e871fc000 rw-p 00000000 00:00 0 
7f4e871fc000-7f4e871ff000 ---p 00000000 00:00 0 
7f4e871ff000-7f4e872fd000 rw-p 00000000 00:00 0 
7f4e872fd000-7f4e87300000 ---p 00000000 00:00 0 
7f4e87300000-7f4e873fe000 rw-p 00000000 00:00 0 
7f4e873fe000-7f4e87401000 ---p 00000000 00:00 0 
7f4e87401000-7f4e874ff000 rw-p 00000000 00:00 0 
7f4e874ff000-7f4e87502000 ---p 00000000 00:00 0 
7f4e87502000-7f4e87800000 rw-p 00000000 00:00 0 
7f4e87800000-7f4e87a00000 rw-p 00000000 00:00 0 
7f4e87a00000-7f4e87c00000 rw-p 00000000 00:00 0 
7f4e87c00000-7f4e87e00000 rw-p 00000000 00:00 0 
7f4e87e00000-7f4e88000000 rw-p 00000000 00:00 0 
7f4e88000000-7f4e88027000 rw-p 00000000 00:00 0 
7f4e88027000-7f4e8c000000 ---p 00000000 00:00 0 
7f4e8c000000-7f4e8c043000 rw-p 00000000 00:00 0 
7f4e8c043000-7f4e90000000 ---p 00000000 00:00 0 
7f4e90000000-7f4e90021000 rw-p 00000000 00:00 0 
7f4e90021000-7f4e94000000 ---p 00000000 00:00 0 
7f4e94000000-7f4e94021000 rw-p 00000000 00:00 0 
7f4e94021000-7f4e98000000 ---p 00000000 00:00 0 
7f4e98000000-7f4e99a28000 rw-p 00000000 00:00 0 
7f4e99a28000-7f4e9c000000 ---p 00000000 00:00 0 
7f4e9c000000-7f4e9c021000 rw-p 00000000 00:00 0 
7f4e9c021000-7f4ea0000000 ---p 00000000 00:00 0 
7f4ea0000000-7f4ea0228000 rw-p 00000000 00:00 0 
7f4ea0228000-7f4ea4000000 ---p 00000000 00:00 0 
7f4ea4000000-7f4ea4021000 rw-p 00000000 00:00 0 
7f4ea4021000-7f4ea8000000 ---p 00000000 00:00 0 
7f4ea8000000-7f4ea8075000 rw-p 00000000 00:00 0 
7f4ea8075000-7f4eac000000 ---p 00000000 00:00 0 
7f4eac000000-7f4eac021000 rw-p 00000000 00:00 0 
7f4eac021000-7f4eb0000000 ---p 00000000 00:00 0 
7f4eb0000000-7f4eb0021000 rw-p 00000000 00:00 0 
7f4eb0021000-7f4eb4000000 ---p 00000000 00:00 0 
7f4eb4000000-7f4eb4021000 rw-p 00000000 00:00 0 
7f4eb4021000-7f4eb8000000 ---p 00000000 00:00 0 
7f4eb8000000-7f4eba652000 rw-p 00000000 00:00 0 
7f4eba652000-7f4ebc000000 ---p 00000000 00:00 0 
7f4ebc000000-7f4ebce94000 rw-p 00000000 00:00 0 
7f4ebce94000-7f4ec0000000 ---p 00000000 00:00 0 
7f4ec0000000-7f4ec0021000 rw-p 00000000 00:00 0 
7f4ec0021000-7f4ec4000000 ---p 00000000 00:00 0 
7f4ec4000000-7f4ec5c0f000 rw-p 00000000 00:00 0 
7f4ec5c0f000-7f4ec8000000 ---p 00000000 00:00 0 
7f4ec8000000-7f4ec8021000 rw-p 00000000 00:00 0 
7f4ec8021000-7f4ecc000000 ---p 00000000 00:00 0 
7f4ecc000000-7f4ecc021000 rw-p 00000000 00:00 0 
7f4ecc021000-7f4ed0000000 ---p 00000000 00:00 0 
7f4ed0000000-7f4ed002b000 rw-p 00000000 00:00 0 
7f4ed002b000-7f4ed4000000 ---p 00000000 00:00 0 
7f4ed4000000-7f4ed455a000 rw-p 00000000 00:00 0 
7f4ed455a000-7f4ed8000000 ---p 00000000 00:00 0 
7f4ed8000000-7f4ed8021000 rw-p 00000000 00:00 0 
7f4ed8021000-7f4edc000000 ---p 00000000 00:00 0 
7f4edc0ba000-7f4edc0bf000 r--s 0003b000 08:07 1201577                    /home/chivu/Downloads/android-studio-p/jre/jre/lib/ext/sunjce_provider.jar
7f4edc0bf000-7f4edc0c0000 r--s 00008000 08:07 1201575                    /home/chivu/Downloads/android-studio-p/jre/jre/lib/ext/sunec.jar
7f4edc0c0000-7f4edc0c3000 r--s 00015000 08:07 1201493                    /home/chivu/Downloads/android-studio-p/jre/jre/lib/jce.jar
7f4edc0c3000-7f4edc0c6000 ---p 00000000 00:00 0 
7f4edc0c6000-7f4edc1c4000 rw-p 00000000 00:00 0 
7f4edc1c4000-7f4edc1d7000 r--s 00344000 08:07 1201558                    /home/chivu/Downloads/android-studio-p/jre/jre/lib/resources.jar
7f4edc1d7000-7f4edc3d7000 rw-p 00000000 00:00 0 
7f4edc3d7000-7f4edc5d7000 rw-p 00000000 00:00 0 
7f4edc5d7000-7f4edc7d7000 rw-p 00000000 00:00 0 
7f4edc7d7000-7f4edc9d7000 rw-p 00000000 00:00 0 
7f4edc9d7000-7f4edc9da000 ---p 00000000 00:00 0 
7f4edc9da000-7f4edccd8000 rw-p 00000000 00:00 0 
7f4edccd8000-7f4edccd9000 r--s 00001000 08:07 1094992                    /home/chivu/.gradle/caches/jars-2/cmhx5eetujk7j30d3nllwxyrlnugzjw/annotations-25.3.3.jar
7f4edccd9000-7f4edcce1000 r--s 000a8000 08:07 932893                     /home/chivu/.gradle/caches/jars-2/lp0h431tl0554nh1vx6zomcvteflkp/lombok-ast-0.2.3.jar
7f4edcce1000-7f4edccf5000 r--s 000b4000 08:07 139376                     /home/chivu/.gradle/caches/jars-2/hgvw6szzawm3evod5l2d6iutfug31w0/uast-162.2228.14.jar
7f4edccf5000-7f4edccf7000 r--s 0000d000 08:07 932889                     /home/chivu/.gradle/caches/jars-2/7pwz1bowgakb1eux9ezb56jlturgsyi/commons-codec-1.4.jar
7f4edccf7000-7f4edccf9000 r--s 0000d000 08:07 932887                     /home/chivu/.gradle/caches/jars-2/9dj1m0eyooi5qt13735vz8fpkl3cnfy/commons-logging-1.1.1.jar
7f4edccf9000-7f4edccfe000 r--s 00028000 08:07 932885                     /home/chivu/.gradle/caches/jars-2/62lv0fe9b3xbqe57f6ljy5upwi7mf6k/httpcore-4.1.jar
7f4edccfe000-7f4edcd02000 r--s 0002f000 08:07 932883                     /home/chivu/.gradle/caches/jars-2/gsg5n52frsvw6sx0swqqe2hwijwdcf0/jimfs-1.1.jar
7f4edcd02000-7f4edcd03000 r--s 00004000 08:07 932881                     /home/chivu/.gradle/caches/jars-2/lxs252id0979odjrerlctkb26c2vj95/annotations-12.0.jar
7f4edcd03000-7f4edcd04000 r--s 00004000 08:07 932879                     /home/chivu/.gradle/caches/jars-2/9kn99dr0rulyl67sct1ephwcop56l61/asm-analysis-5.0.4.jar
7f4edcd04000-7f4edcd08000 r--s 00040000 08:07 1094991                    /home/chivu/.gradle/caches/jars-2/ccvn7yglm4blceovs70fngoac1eyn4f/lint-api-25.3.3.jar
7f4edcd08000-7f4edcd09000 r--s 0000a000 08:07 932875                     /home/chivu/.gradle/caches/jars-2/nwyg9io65lv6jvmwit2wq82xnnxd7ia/kxml2-2.3.0.jar
7f4edcd09000-7f4edcd0b000 r--s 00005000 08:07 932873                     /home/chivu/.gradle/caches/jars-2/i6hc1uuj8e9ck59slmzdyz78ydn8sr6/httpmime-4.1.jar
7f4edcd0b000-7f4edcd13000 r--s 0004e000 08:07 932871                     /home/chivu/.gradle/caches/jars-2/7503wa5irssz0xxahv1xb82p2dl7rr2/httpclient-4.1.1.jar
7f4edcd13000-7f4edcd1a000 r--s 00053000 08:07 932869                     /home/chivu/.gradle/caches/jars-2/jgkfvs4eqggj7qsyw1f5d3up57hanj1/commons-compress-1.8.1.jar
7f4edcd1a000-7f4edcd1f000 r--s 0002a000 08:07 932867                     /home/chivu/.gradle/caches/jars-2/je8f027qcr1z1egw08byp1ybxbp9kko/gson-2.2.4.jar
7f4edcd1f000-7f4edcd24000 r--s 0002e000 08:07 1094990                    /home/chivu/.gradle/caches/jars-2/s427p2wh0tfza0xa8qijgx107eeevyl/repository-25.3.3.jar
7f4edcd24000-7f4edcd26000 r--s 00006000 08:07 1094989                    /home/chivu/.gradle/caches/jars-2/e2s952s6co8tps89l80r4riixwqo2oe/dvlib-25.3.3.jar
7f4edcd26000-7f4edcd28000 r--s 00013000 08:07 1094883                    /home/chivu/.gradle/caches/jars-2/s02k517nvrh8cbp2c8dz4slqska6dj9/layoutlib-api-25.3.3.jar
7f4edcd28000-7f4edcd2d000 r--s 00058000 08:07 932859                     /home/chivu/.gradle/caches/jars-2/st159835qgxm0l87oqrnhayxos4lc1n/asm-debug-all-5.0.1.jar
7f4edcd2d000-7f4edcd3d000 r--s 000d5000 08:07 932857                     /home/chivu/.gradle/caches/jars-2/qzf32gp9kej4w4hlbabft6tplu74cj3/proguard-base-5.3.2.jar
7f4edcd3d000-7f4edcd40000 r--s 00033000 08:07 932855                     /home/chivu/.gradle/caches/jars-2/nz9sndmr8b4xbj4xulkaciy5kdbyfiz/juniversalchardet-1.0.3.jar
7f4edcd40000-7f4edcd44000 r--s 0002a000 08:07 932853                     /home/chivu/.gradle/caches/jars-2/krbpn9xjn1qymukyx8cc5l799ty1v3h/commons-io-2.4.jar
7f4edcd44000-7f4edcd5b000 r--s 00154000 08:07 932851                     /home/chivu/.gradle/caches/jars-2/sfeivjswzitn6n0fnjx3ueszz8gv8o1/antlr4-4.5.3.jar
7f4edcd5b000-7f4edcd5d000 r--s 00002000 08:07 1094881                    /home/chivu/.gradle/caches/jars-2/rh2ip1x2zziz26tr3qzudtz088pqsb2/baseLibrary-2.3.3.jar
7f4edcd5d000-7f4edcd88000 r--s 001fc000 08:07 932847                     /home/chivu/.gradle/caches/jars-2/nxjrjftly2xksl8o0wqgivu5netfu2x/guava-18.0.jar
7f4edcd88000-7f4edcd9b000 r--s 00241000 08:07 932845                     /home/chivu/.gradle/caches/jars-2/9yuekvg4qerfitq3xec0iyckuw3hwaq/ecj-4.6.1.jar
7f4edcd9b000-7f4edcda2000 r--s 000d9000 08:07 1094862                    /home/chivu/.gradle/caches/jars-2/ak89aa8liqmr44u7r08njntn6oehe0z/lint-checks-25.3.3.jar
7f4edcda2000-7f4edcda4000 r--s 00006000 08:07 932841                     /home/chivu/.gradle/caches/jars-2/6phgj9ki3jl3p5epzkqoo8pr6kur40b/asm-tree-5.0.4.jar
7f4edcda4000-7f4edcdd7000 r--s 00203000 08:07 932839                     /home/chivu/.gradle/caches/jars-2/hj0bfvxu9cq7hkwmecvp0kg137or3hh/bcprov-jdk15on-1.48.jar
7f4edcdd7000-7f4edcde5000 r--s 00081000 08:07 932837                     /home/chivu/.gradle/caches/jars-2/4r7xli0tz94y0wfjrdyjxlxar3g1pb9/bcpkix-jdk15on-1.48.jar
7f4edcde5000-7f4edcde7000 r--s 00002000 08:07 932835                     /home/chivu/.gradle/caches/jars-2/f32bh5uivuf69ecz2j8hl96ksnqdh7v/javawriter-2.5.0.jar
7f4edcde7000-7f4edcde9000 r--s 00004000 08:07 1094861                    /home/chivu/.gradle/caches/jars-2/j6s1upogkwo00sygdsekzj4fx0i75uy/tracker-25.3.3.jar
7f4edcde9000-7f4edcdea000 r--s 00005000 08:07 1094860                    /home/chivu/.gradle/caches/jars-2/4svya0t1s9wyo35ycd3atidsaoo6w7e/shared-25.3.3.jar
7f4edcdea000-7f4edcdf8000 r--s 00147000 08:07 1094859                    /home/chivu/.gradle/caches/jars-2/qx6695c5ocd9swxv7wqtxor3plyb4b7/protos-25.3.3.jar
7f4edcdf8000-7f4edcdf9000 r--s 00001000 08:07 139356                     /home/chivu/.gradle/caches/jars-2/bqo69msswbvaagsh45hf1tq02v21sml/jill-api-0.10.0.jar
7f4edcdf9000-7f4edcdfb000 r--s 00003000 08:07 139354                     /home/chivu/.gradle/caches/jars-2/7pldadygbci34ql8thws797g29k1uhh/jack-api-0.13.0.jar
7f4edcdfb000-7f4edce01000 r--s 0004a000 08:07 1094853                    /home/chivu/.gradle/caches/jars-2/euoqfzf5y1sibp9ul8mcz0wovj380eo/ddmlib-25.3.3.jar
7f4edce01000-7f4edce04000 r--s 00022000 08:07 1094848                    /home/chivu/.gradle/caches/jars-2/a81bg2yxzmumashablwecaj0ksz6tmj/manifest-merger-25.3.3.jar
7f4edce04000-7f4edce07000 r--s 0001c000 08:07 1094847                    /home/chivu/.gradle/caches/jars-2/l6cnyee1vojrkkbpp6qwgpf30shmrja/common-25.3.3.jar
7f4edce07000-7f4edce10000 r--s 00089000 08:07 1094417                    /home/chivu/.gradle/caches/jars-2/m0t6h8af70sdgxvkj522jy01i14mnb8/sdk-common-25.3.3.jar
7f4edce10000-7f4edce1a000 r--s 00098000 08:07 1094415                    /home/chivu/.gradle/caches/jars-2/28c9ykhc782k8jmlrnbnccai34hziki/sdklib-25.3.3.jar
7f4edce1a000-7f4edce1b000 r--s 00002000 08:07 1094389                    /home/chivu/.gradle/caches/jars-2/4dod7a1p5hoai4v37pxbcg65bbahvg2/builder-test-api-2.3.3.jar
7f4edce1b000-7f4edce1e000 r--s 00006000 08:07 1094385                    /home/chivu/.gradle/caches/jars-2/omk02asobup8sgd6qxom3ej5bg94z2r/builder-model-2.3.3.jar
7f4edce1e000-7f4edce2d000 r--s 00130000 08:07 932809                     /home/chivu/.gradle/caches/jars-2/cr6zkqpx14lor9zdtmo49qpc7y8r8p4/protobuf-java-3.0.0.jar
7f4edce2d000-7f4edce2f000 r--s 0000f000 08:07 932807                     /home/chivu/.gradle/caches/jars-2/rvfyugrlu5tbpz51p98og0qsxamjq4k/jopt-simple-4.9.jar
7f4edce2f000-7f4edce33000 r--s 0001f000 08:07 932805                     /home/chivu/.gradle/caches/jars-2/nq3fzqkrrm37ob61z4iu5qdbh368uat/org.jacoco.report-0.7.5.201505241946.jar
7f4edce33000-7f4edce37000 r--s 0001d000 08:07 932803                     /home/chivu/.gradle/caches/jars-2/3kxkmcckmk40ron92zhbm0qjo9l4bkl/org.jacoco.core-0.7.5.201505241946.jar
7f4edce37000-7f4edce39000 r--s 00002000 08:07 932801                     /home/chivu/.gradle/caches/jars-2/m4m0pzb4gmaeh0in5g2xc4bxeuwt828/proguard-gradle-5.3.2.jar
7f4edce39000-7f4edce3b000 r--s 00009000 08:07 932799                     /home/chivu/.gradle/caches/jars-2/ajvcvdu66lc9e3tvvipxtuq48i9bbkc/asm-commons-5.0.4.jar
7f4edce3b000-7f4edce3d000 r--s 0000c000 08:07 932797                     /home/chivu/.gradle/caches/jars-2/1laz1ygmxoc408r7nwqs1q8uk8r236d/asm-5.0.4.jar
7f4edce3d000-7f4edce42000 r--s 0002c000 08:07 1094383                    /home/chivu/.gradle/caches/jars-2/3mlasgi8oo9o7oa12526198jui9zmp2/compilerCommon-2.3.3.jar
7f4edce42000-7f4edce43000 r--s 00002000 08:07 1094379                    /home/chivu/.gradle/caches/jars-2/73l309uzm0ila7rdaaxteq0ng4ayf2y/gradle-api-2.3.3.jar
7f4edce43000-7f4edce44000 r--s 00000000 08:07 139334                     /home/chivu/.gradle/caches/jars-2/tlyajppf8woug00g686fx5mchf8iv3o/transform-api-2.0.0-deprecated-use-gradle-api.jar
7f4edce44000-7f4edce49000 r--s 0005e000 08:07 1094349                    /home/chivu/.gradle/caches/jars-2/k2xtosjt0in0zj7mpwvctw6iznt93uh/lint-25.3.3.jar
7f4edce49000-7f4edce5f000 r--s 00163000 08:07 1094347                    /home/chivu/.gradle/caches/jars-2/nyg71b5n2lzymmwh5vbtmvjiby07k4g/builder-2.3.3.jar
7f4edce5f000-7f4edce7e000 r--s 001ca000 08:07 1094310                    /home/chivu/.gradle/caches/jars-2/5fwyvjq1ai8mdh1mluqxidj1wo7rls8/gradle-core-2.3.3.jar
7f4edce7e000-7f4edce80000 r--s 00007000 08:07 266240                     /home/chivu/.gradle/caches/modules-2/files-2.1/com.google.gms/google-services/3.1.0/166ae4e6acd03b7bbebe221ffa54bc039fece1b9/google-services-3.1.0.jar
7f4edce80000-7f4edce82000 r--s 0000d000 08:07 1094266                    /home/chivu/.gradle/caches/jars-2/mel54vauze7hczg2p6nebauqz8s53sj/gradle-2.3.3.jar
7f4edce82000-7f4edd082000 rw-p 00000000 00:00 0 
7f4edd082000-7f4edd282000 rw-p 00000000 00:00 0 
7f4edd282000-7f4edd285000 ---p 00000000 00:00 0 
7f4edd285000-7f4edd383000 rw-p 00000000 00:00 0 
7f4edd383000-7f4edd386000 ---p 00000000 00:00 0 
7f4edd386000-7f4edd3bc000 rw-p 00000000 00:00 0 
7f4edd3bc000-7f4edd3bd000 r--p 00000000 00:00 0 
7f4edd3bd000-7f4edd5bd000 rw-p 00000000 00:00 0 
7f4edd5bd000-7f4edd7bd000 rw-p 00000000 00:00 0 
7f4edd7bd000-7f4edd9bd000 rw-p 00000000 00:00 0 
7f4edd9bd000-7f4eddbbd000 rw-p 00000000 00:00 0 
7f4eddbbd000-7f4eddc36000 r--s 010ed000 08:07 1201473                    /home/chivu/Downloads/android-studio-p/jre/lib/tools.jar
7f4eddc36000-7f4edde36000 rw-p 00000000 00:00 0 
7f4edde36000-7f4edde39000 ---p 00000000 00:00 0 
7f4edde39000-7f4eddf37000 rw-p 00000000 00:00 0 
7f4eddf37000-7f4eddf3a000 ---p 00000000 00:00 0 
7f4eddf3a000-7f4ede038000 rw-p 00000000 00:00 0 
7f4ede038000-7f4ede03b000 ---p 00000000 00:00 0 
7f4ede03b000-7f4ede139000 rw-p 00000000 00:00 0 
7f4ede139000-7f4ede13c000 ---p 00000000 00:00 0 
7f4ede13c000-7f4ede23a000 rw-p 00000000 00:00 0 
7f4ede23a000-7f4ede23d000 ---p 00000000 00:00 0 
7f4ede23d000-7f4ede53b000 rw-p 00000000 00:00 0 
7f4ede53b000-7f4ede53e000 ---p 00000000 00:00 0 
7f4ede53e000-7f4ede63c000 rw-p 00000000 00:00 0 
7f4ede63c000-7f4ede63f000 ---p 00000000 00:00 0 
7f4ede63f000-7f4ede73d000 rw-p 00000000 00:00 0 
7f4ede73d000-7f4ede744000 r--s 00000000 08:07 1590595                    /usr/lib/x86_64-linux-gnu/gconv/gconv-modules.cache
7f4ede744000-7f4ede944000 rw-p 00000000 00:00 0 
7f4ede944000-7f4ede947000 ---p 00000000 00:00 0 
7f4ede947000-7f4edea45000 rw-p 00000000 00:00 0 
7f4edea45000-7f4edea4e000 r-xp 00000000 08:07 1201548                    /home/chivu/Downloads/android-studio-p/jre/jre/lib/amd64/libmanagement.so
7f4edea4e000-7f4edec4d000 ---p 00009000 08:07 1201548                    /home/chivu/Downloads/android-studio-p/jre/jre/lib/amd64/libmanagement.so
7f4edec4d000-7f4edec4e000 r--p 00008000 08:07 1201548                    /home/chivu/Downloads/android-studio-p/jre/jre/lib/amd64/libmanagement.so
7f4edec4e000-7f4edec4f000 rw-p 00009000 08:07 1201548                    /home/chivu/Downloads/android-studio-p/jre/jre/lib/amd64/libmanagement.so
7f4edec4f000-7f4edec54000 r--s 00098000 08:07 1201512                    /home/chivu/Downloads/android-studio-p/jre/jre/lib/jsse.jar
7f4edec54000-7f4edec56000 r--s 00007000 08:07 1189108                    /home/chivu/.gradle/wrapper/dists/gradle-3.3-all/55gk2rcmfc6p2dg9u9ohc3hw9/gradle-3.3/lib/plugins/gradle-tooling-api-builders-3.3.jar
7f4edec56000-7f4edec59000 r--s 00009000 08:07 1189101                    /home/chivu/.gradle/wrapper/dists/gradle-3.3-all/55gk2rcmfc6p2dg9u9ohc3hw9/gradle-3.3/lib/plugins/gradle-testing-native-3.3.jar
7f4edec59000-7f4edec5f000 r--s 00033000 08:07 1189176                    /home/chivu/.gradle/wrapper/dists/gradle-3.3-all/55gk2rcmfc6p2dg9u9ohc3hw9/gradle-3.3/lib/plugins/snakeyaml-1.6.jar
7f4edec5f000-7f4edec61000 r--s 00006000 08:07 1189175                    /home/chivu/.gradle/wrapper/dists/gradle-3.3-all/55gk2rcmfc6p2dg9u9ohc3hw9/gradle-3.3/lib/plugins/jcommander-1.12.jar
7f4edec61000-7f4edec66000 r--s 00040000 08:07 1189174                    /home/chivu/.gradle/wrapper/dists/gradle-3.3-all/55gk2rcmfc6p2dg9u9ohc3hw9/gradle-3.3/lib/plugins/bsh-2.0b4.jar
7f4edec66000-7f4edec68000 r--s 00009000 08:07 1189182                    /home/chivu/.gradle/wrapper/dists/gradle-3.3-all/55gk2rcmfc6p2dg9u9ohc3hw9/gradle-3.3/lib/plugins/hamcrest-core-1.3.jar
7f4edec68000-7f4edec71000 r--s 00089000 08:07 1189133                    /home/chivu/.gradle/wrapper/dists/gradle-3.3-all/55gk2rcmfc6p2dg9u9ohc3hw9/gradle-3.3/lib/plugins/testng-6.3.1.jar
7f4edec71000-7f4edec79000 r--s 00045000 08:07 1189132                    /home/chivu/.gradle/wrapper/dists/gradle-3.3-all/55gk2rcmfc6p2dg9u9ohc3hw9/gradle-3.3/lib/plugins/junit-4.12.jar
7f4edec79000-7f4edec7f000 r--s 0002e000 08:07 1189102                    /home/chivu/.gradle/wrapper/dists/gradle-3.3-all/55gk2rcmfc6p2dg9u9ohc3hw9/gradle-3.3/lib/plugins/gradle-testing-jvm-3.3.jar
7f4edec7f000-7f4edec83000 r--s 00016000 08:07 1189100                    /home/chivu/.gradle/wrapper/dists/gradle-3.3-all/55gk2rcmfc6p2dg9u9ohc3hw9/gradle-3.3/lib/plugins/gradle-testing-base-3.3.jar
7f4edec83000-7f4edec8a000 r--s 00038000 08:07 1189127                    /home/chivu/.gradle/wrapper/dists/gradle-3.3-all/55gk2rcmfc6p2dg9u9ohc3hw9/gradle-3.3/lib/plugins/bcpg-jdk15on-1.51.jar
7f4edec8a000-7f4edec8c000 r--s 0000c000 08:07 1189079                    /home/chivu/.gradle/wrapper/dists/gradle-3.3-all/55gk2rcmfc6p2dg9u9ohc3hw9/gradle-3.3/lib/plugins/gradle-signing-3.3.jar
7f4edec8c000-7f4edec8e000 r--s 00007000 08:07 1189078                    /home/chivu/.gradle/wrapper/dists/gradle-3.3-all/55gk2rcmfc6p2dg9u9ohc3hw9/gradle-3.3/lib/plugins/gradle-scala-3.3.jar
7f4edec8e000-7f4edec8f000 r--s 00004000 08:07 1189106                    /home/chivu/.gradle/wrapper/dists/gradle-3.3-all/55gk2rcmfc6p2dg9u9ohc3hw9/gradle-3.3/lib/plugins/gradle-resources-sftp-3.3.jar
7f4edec8f000-7f4edec9f000 r--s 00088000 08:07 1189143                    /home/chivu/.gradle/wrapper/dists/gradle-3.3-all/55gk2rcmfc6p2dg9u9ohc3hw9/gradle-3.3/lib/plugins/joda-time-2.8.2.jar
7f4edec9f000-7f4edecb0000 r--s 0010d000 08:07 1189142                    /home/chivu/.gradle/wrapper/dists/gradle-3.3-all/55gk2rcmfc6p2dg9u9ohc3hw9/gradle-3.3/lib/plugins/jackson-databind-2.6.6.jar
7f4edecb0000-7f4edecb3000 r--s 00009000 08:07 1189141                    /home/chivu/.gradle/wrapper/dists/gradle-3.3-all/55gk2rcmfc6p2dg9u9ohc3hw9/gradle-3.3/lib/plugins/jackson-annotations-2.6.6.jar
7f4edecb3000-7f4edecb7000 r--s 0003c000 08:07 1189140                    /home/chivu/.gradle/wrapper/dists/gradle-3.3-all/55gk2rcmfc6p2dg9u9ohc3hw9/gradle-3.3/lib/plugins/jackson-core-2.6.6.jar
7f4edecb7000-7f4edecc5000 r--s 00087000 08:07 1189139                    /home/chivu/.gradle/wrapper/dists/gradle-3.3-all/55gk2rcmfc6p2dg9u9ohc3hw9/gradle-3.3/lib/plugins/aws-java-sdk-core-1.11.6.jar
7f4edecc5000-7f4edeccc000 r--s 00057000 08:07 1189138                    /home/chivu/.gradle/wrapper/dists/gradle-3.3-all/55gk2rcmfc6p2dg9u9ohc3hw9/gradle-3.3/lib/plugins/aws-java-sdk-kms-1.11.6.jar
7f4edeccc000-7f4edecd9000 r--s 0008e000 08:07 1189137                    /home/chivu/.gradle/wrapper/dists/gradle-3.3-all/55gk2rcmfc6p2dg9u9ohc3hw9/gradle-3.3/lib/plugins/aws-java-sdk-s3-1.11.6.jar
7f4edecd9000-7f4edecdb000 r--s 00004000 08:07 1189107                    /home/chivu/.gradle/wrapper/dists/gradle-3.3-all/55gk2rcmfc6p2dg9u9ohc3hw9/gradle-3.3/lib/plugins/gradle-resources-s3-3.3.jar
7f4edecdb000-7f4edecdd000 r--s 00005000 08:07 1189131                    /home/chivu/.gradle/wrapper/dists/gradle-3.3-all/55gk2rcmfc6p2dg9u9ohc3hw9/gradle-3.3/lib/plugins/jatl-0.2.2.jar
7f4edecdd000-7f4edecdf000 r--s 0000f000 08:07 1189084                    /home/chivu/.gradle/wrapper/dists/gradle-3.3-all/55gk2rcmfc6p2dg9u9ohc3hw9/gradle-3.3/lib/plugins/gradle-reporting-3.3.jar
7f4edecdf000-7f4edece1000 r--s 00002000 08:07 1189085                    /home/chivu/.gradle/wrapper/dists/gradle-3.3-all/55gk2rcmfc6p2dg9u9ohc3hw9/gradle-3.3/lib/plugins/gradle-publish-3.3.jar
7f4edece1000-7f4edece3000 r--s 00009000 08:07 1189114                    /home/chivu/.gradle/wrapper/dists/gradle-3.3-all/55gk2rcmfc6p2dg9u9ohc3hw9/gradle-3.3/lib/plugins/commons-cli-1.2.jar
7f4edece3000-7f4edece9000 r--s 00031000 08:07 1189070                    /home/chivu/.gradle/wrapper/dists/gradle-3.3-all/55gk2rcmfc6p2dg9u9ohc3hw9/gradle-3.3/lib/plugins/gradle-plugins-3.3.jar
7f4edece9000-7f4edeceb000 r--s 00009000 08:07 1189103                    /home/chivu/.gradle/wrapper/dists/gradle-3.3-all/55gk2rcmfc6p2dg9u9ohc3hw9/gradle-3.3/lib/plugins/gradle-plugin-development-3.3.jar
7f4edeceb000-7f4edecf1000 r--s 0002b000 08:07 1189096                    /home/chivu/.gradle/wrapper/dists/gradle-3.3-all/55gk2rcmfc6p2dg9u9ohc3hw9/gradle-3.3/lib/plugins/gradle-platform-play-3.3.jar
7f4edecf1000-7f4edecff000 r--s 00055000 08:07 1189095                    /home/chivu/.gradle/wrapper/dists/gradle-3.3-all/55gk2rcmfc6p2dg9u9ohc3hw9/gradle-3.3/lib/plugins/gradle-platform-native-3.3.jar
7f4edecff000-7f4eded04000 r--s 0001f000 08:07 1189090                    /home/chivu/.gradle/wrapper/dists/gradle-3.3-all/55gk2rcmfc6p2dg9u9ohc3hw9/gradle-3.3/lib/plugins/gradle-platform-jvm-3.3.jar
7f4eded04000-7f4eded0c000 r--s 00027000 08:07 1189089                    /home/chivu/.gradle/wrapper/dists/gradle-3.3-all/55gk2rcmfc6p2dg9u9ohc3hw9/gradle-3.3/lib/plugins/gradle-platform-base-3.3.jar
7f4eded0c000-7f4eded34000 r--s 0021c000 08:07 1189122                    /home/chivu/.gradle/wrapper/dists/gradle-3.3-all/55gk2rcmfc6p2dg9u9ohc3hw9/gradle-3.3/lib/plugins/biz.aQute.bndlib-3.2.0.jar
7f4eded34000-7f4eded36000 r--s 00003000 08:07 1189074                    /home/chivu/.gradle/wrapper/dists/gradle-3.3-all/55gk2rcmfc6p2dg9u9ohc3hw9/gradle-3.3/lib/plugins/gradle-osgi-3.3.jar
7f4eded36000-7f4eded39000 r--s 0000c000 08:07 1189125                    /home/chivu/.gradle/wrapper/dists/gradle-3.3-all/55gk2rcmfc6p2dg9u9ohc3hw9/gradle-3.3/lib/plugins/pmaven-groovy-0.8-20100325.jar
7f4eded39000-7f4eded3a000 r--s 00004000 08:07 1189124                    /home/chivu/.gradle/wrapper/dists/gradle-3.3-all/55gk2rcmfc6p2dg9u9ohc3hw9/gradle-3.3/lib/plugins/pmaven-common-0.8-20100325.jar
7f4eded3a000-7f4eded40000 r--s 00023000 08:07 1189075                    /home/chivu/.gradle/wrapper/dists/gradle-3.3-all/55gk2rcmfc6p2dg9u9ohc3hw9/gradle-3.3/lib/plugins/gradle-maven-3.3.jar
7f4eded40000-7f4eded43000 r--s 0000b000 08:07 1189094                    /home/chivu/.gradle/wrapper/dists/gradle-3.3-all/55gk2rcmfc6p2dg9u9ohc3hw9/gradle-3.3/lib/plugins/gradle-language-scala-3.3.jar
7f4eded43000-7f4eded49000 r--s 0001a000 08:07 1189098                    /home/chivu/.gradle/wrapper/dists/gradle-3.3-all/55gk2rcmfc6p2dg9u9ohc3hw9/gradle-3.3/lib/plugins/gradle-language-native-3.3.jar
7f4eded49000-7f4eded4c000 r--s 00005000 08:07 1189091                    /home/chivu/.gradle/wrapper/dists/gradle-3.3-all/55gk2rcmfc6p2dg9u9ohc3hw9/gradle-3.3/lib/plugins/gradle-language-jvm-3.3.jar
7f4eded4c000-7f4eded52000 r--s 00027000 08:07 1189092                    /home/chivu/.gradle/wrapper/dists/gradle-3.3-all/55gk2rcmfc6p2dg9u9ohc3hw9/gradle-3.3/lib/plugins/gradle-language-java-3.3.jar
7f4eded52000-7f4eded54000 r--s 0000a000 08:07 1189093                    /home/chivu/.gradle/wrapper/dists/gradle-3.3-all/55gk2rcmfc6p2dg9u9ohc3hw9/gradle-3.3/lib/plugins/gradle-language-groovy-3.3.jar
7f4eded54000-7f4eded57000 r--s 0001e000 08:07 1189149                    /home/chivu/.gradle/wrapper/dists/gradle-3.3-all/55gk2rcmfc6p2dg9u9ohc3hw9/gradle-3.3/lib/plugins/jsp-api-2.1-6.1.14.jar
7f4eded57000-7f4eded7a000 r--s 00344000 08:07 1189148                    /home/chivu/.gradle/wrapper/dists/gradle-3.3-all/55gk2rcmfc6p2dg9u9ohc3hw9/gradle-3.3/lib/plugins/core-3.1.1.jar
7f4eded7a000-7f4eded7b000 r--s 00006000 08:07 1189147                    /home/chivu/.gradle/wrapper/dists/gradle-3.3-all/55gk2rcmfc6p2dg9u9ohc3hw9/gradle-3.3/lib/plugins/jetty-naming-6.1.26.jar
7f4eded7b000-7f4eded7c000 r--s 00002000 08:07 1189121                    /home/chivu/.gradle/wrapper/dists/gradle-3.3-all/55gk2rcmfc6p2dg9u9ohc3hw9/gradle-3.3/lib/plugins/geronimo-annotation_1.0_spec-1.0.jar
7f4eded7c000-7f4eded7e000 r--s 00002000 08:07 1189120                    /home/chivu/.gradle/wrapper/dists/gradle-3.3-all/55gk2rcmfc6p2dg9u9ohc3hw9/gradle-3.3/lib/plugins/jetty-annotations-6.1.26.jar
7f4eded7e000-7f4eded8f000 r--s 000ea000 08:07 1189119                    /home/chivu/.gradle/wrapper/dists/gradle-3.3-all/55gk2rcmfc6p2dg9u9ohc3hw9/gradle-3.3/lib/plugins/jsp-2.1-6.1.14.jar
7f4eded8f000-7f4eded91000 r--s 0000d000 08:07 1189118                    /home/chivu/.gradle/wrapper/dists/gradle-3.3-all/55gk2rcmfc6p2dg9u9ohc3hw9/gradle-3.3/lib/plugins/jetty-plus-6.1.26.jar
7f4eded91000-7f4eded93000 r--s 0001f000 08:07 1189117                    /home/chivu/.gradle/wrapper/dists/gradle-3.3-all/55gk2rcmfc6p2dg9u9ohc3hw9/gradle-3.3/lib/plugins/servlet-api-2.5-20081211.jar
7f4eded93000-7f4eded97000 r--s 00028000 08:07 1189116                    /home/chivu/.gradle/wrapper/dists/gradle-3.3-all/55gk2rcmfc6p2dg9u9ohc3hw9/gradle-3.3/lib/plugins/jetty-util-6.1.26.jar
7f4eded97000-7f4eded9e000 r--s 0007d000 08:07 1189115                    /home/chivu/.gradle/wrapper/dists/gradle-3.3-all/55gk2rcmfc6p2dg9u9ohc3hw9/gradle-3.3/lib/plugins/jetty-6.1.26.jar
7f4eded9e000-7f4ededa0000 r--s 0000a000 08:07 1189072                    /home/chivu/.gradle/wrapper/dists/gradle-3.3-all/55gk2rcmfc6p2dg9u9ohc3hw9/gradle-3.3/lib/plugins/gradle-jetty-3.3.jar
7f4ededa0000-7f4ededa7000 r--s 00035000 08:07 1189130                    /home/chivu/.gradle/wrapper/dists/gradle-3.3-all/55gk2rcmfc6p2dg9u9ohc3hw9/gradle-3.3/lib/plugins/simple-4.1.21.jar
7f4ededa7000-7f4ededb3000 r--s 00100000 08:07 1189128                    /home/chivu/.gradle/wrapper/dists/gradle-3.3-all/55gk2rcmfc6p2dg9u9ohc3hw9/gradle-3.3/lib/plugins/rhino-1.7R3.jar
7f4ededb3000-7f4ededb7000 r--s 00012000 08:07 1189081                    /home/chivu/.gradle/wrapper/dists/gradle-3.3-all/55gk2rcmfc6p2dg9u9ohc3hw9/gradle-3.3/lib/plugins/gradle-javascript-3.3.jar
7f4ededb7000-7f4ededb9000 r--s 0000d000 08:07 1189087                    /home/chivu/.gradle/wrapper/dists/gradle-3.3-all/55gk2rcmfc6p2dg9u9ohc3hw9/gradle-3.3/lib/plugins/gradle-jacoco-3.3.jar
7f4ededb9000-7f4ededbc000 r--s 0000e000 08:07 1189086                    /home/chivu/.gradle/wrapper/dists/gradle-3.3-all/55gk2rcmfc6p2dg9u9ohc3hw9/gradle-3.3/lib/plugins/gradle-ivy-3.3.jar
7f4ededbc000-7f4ededbd000 r--s 00002000 08:07 1189097                    /home/chivu/.gradle/wrapper/dists/gradle-3.3-all/55gk2rcmfc6p2dg9u9ohc3hw9/gradle-3.3/lib/plugins/gradle-ide-play-3.3.jar
7f4ededbd000-7f4ededc0000 r--s 00013000 08:07 1189099                    /home/chivu/.gradle/wrapper/dists/gradle-3.3-all/55gk2rcmfc6p2dg9u9ohc3hw9/gradle-3.3/lib/plugins/gradle-ide-native-3.3.jar
7f4ededc0000-7f4ededc9000 r--s 00055000 08:07 1189076                    /home/chivu/.gradle/wrapper/dists/gradle-3.3-all/55gk2rcmfc6p2dg9u9ohc3hw9/gradle-3.3/lib/plugins/gradle-ide-3.3.jar
7f4ededc9000-7f4ededcb000 r--s 00007000 08:07 1189080                    /home/chivu/.gradle/wrapper/dists/gradle-3.3-all/55gk2rcmfc6p2dg9u9ohc3hw9/gradle-3.3/lib/plugins/gradle-ear-3.3.jar
7f4ededcb000-7f4ededd1000 r--s 00039000 08:07 1189083                    /home/chivu/.gradle/wrapper/dists/gradle-3.3-all/55gk2rcmfc6p2dg9u9ohc3hw9/gradle-3.3/lib/plugins/gradle-diagnostics-3.3.jar
7f4ededd1000-7f4ededd2000 r--s 00009000 08:07 1189109                    /home/chivu/.gradle/wrapper/dists/gradle-3.3-all/55gk2rcmfc6p2dg9u9ohc3hw9/gradle-3.3/lib/plugins/gradle-composite-builds-3.3.jar
7f4ededd2000-7f4ededd6000 r--s 00023000 08:07 1189071                    /home/chivu/.gradle/wrapper/dists/gradle-3.3-all/55gk2rcmfc6p2dg9u9ohc3hw9/gradle-3.3/lib/plugins/gradle-code-quality-3.3.jar
7f4ededd6000-7f4ededda000 r--s 00022000 08:07 1189088                    /home/chivu/.gradle/wrapper/dists/gradle-3.3-all/55gk2rcmfc6p2dg9u9ohc3hw9/gradle-3.3/lib/plugins/gradle-build-init-3.3.jar
7f4ededda000-7f4edede0000 r--s 0008e000 08:07 1189082                    /home/chivu/.gradle/wrapper/dists/gradle-3.3-all/55gk2rcmfc6p2dg9u9ohc3hw9/gradle-3.3/lib/plugins/gradle-build-comparison-3.3.jar
7f4edede0000-7f4edede1000 r--s 00001000 08:07 1189110                    /home/chivu/.gradle/wrapper/dists/gradle-3.3-all/55gk2rcmfc6p2dg9u9ohc3hw9/gradle-3.3/lib/plugins/gradle-build-cache-http-3.3.jar
7f4edede1000-7f4edede3000 r--s 00008000 08:07 1189073                    /home/chivu/.gradle/wrapper/dists/gradle-3.3-all/55gk2rcmfc6p2dg9u9ohc3hw9/gradle-3.3/lib/plugins/gradle-antlr-3.3.jar
7f4edede3000-7f4edede5000 r--s 00004000 08:07 1189077                    /home/chivu/.gradle/wrapper/dists/gradle-3.3-all/55gk2rcmfc6p2dg9u9ohc3hw9/gradle-3.3/lib/plugins/gradle-announce-3.3.jar
7f4edede5000-7f4ededfd000 r--s 00115000 08:07 1189179                    /home/chivu/.gradle/wrapper/dists/gradle-3.3-all/55gk2rcmfc6p2dg9u9ohc3hw9/gradle-3.3/lib/plugins/xercesImpl-2.9.1.jar
7f4ededfd000-7f4edee05000 r--s 00028000 08:07 1189180                    /home/chivu/.gradle/wrapper/dists/gradle-3.3-all/55gk2rcmfc6p2dg9u9ohc3hw9/gradle-3.3/lib/plugins/xml-apis-1.3.04.jar
7f4edee05000-7f4edee0b000 r--s 0005b000 08:07 1189178                    /home/chivu/.gradle/wrapper/dists/gradle-3.3-all/55gk2rcmfc6p2dg9u9ohc3hw9/gradle-3.3/lib/plugins/jcifs-1.3.17.jar
7f4edee0b000-7f4edee11000 r--s 00033000 08:07 1189126                    /home/chivu/.gradle/wrapper/dists/gradle-3.3-all/55gk2rcmfc6p2dg9u9ohc3hw9/gradle-3.3/lib/plugins/commons-codec-1.6.jar
7f4edee11000-7f4edee18000 r--s 00049000 08:07 1189177                    /home/chivu/.gradle/wrapper/dists/gradle-3.3-all/55gk2rcmfc6p2dg9u9ohc3hw9/gradle-3.3/lib/plugins/httpcore-4.4.4.jar
7f4edee18000-7f4edee1b000 r--s 0001c000 08:07 1189135                    /home/chivu/.gradle/wrapper/dists/gradle-3.3-all/55gk2rcmfc6p2dg9u9ohc3hw9/gradle-3.3/lib/plugins/nekohtml-1.9.14.jar
7f4edee1b000-7f4edee28000 r--s 000a4000 08:07 1189134                    /home/chivu/.gradle/wrapper/dists/gradle-3.3-all/55gk2rcmfc6p2dg9u9ohc3hw9/gradle-3.3/lib/plugins/httpclient-4.4.1.jar
7f4edee28000-7f4edee2b000 r--s 0000a000 08:07 1189105                    /home/chivu/.gradle/wrapper/dists/gradle-3.3-all/55gk2rcmfc6p2dg9u9ohc3hw9/gradle-3.3/lib/plugins/gradle-resources-http-3.3.jar
7f4edee2b000-7f4edee2f000 r--s 00015000 08:07 1189104                    /home/chivu/.gradle/wrapper/dists/gradle-3.3-all/55gk2rcmfc6p2dg9u9ohc3hw9/gradle-3.3/lib/plugins/gradle-plugin-use-3.3.jar
7f4edee2f000-7f4edee30000 r--s 00000000 08:07 1189016                    /home/chivu/.gradle/wrapper/dists/gradle-3.3-all/55gk2rcmfc6p2dg9u9ohc3hw9/gradle-3.3/lib/gradle-installation-beacon-3.3.jar
7f4edee30000-7f4edee32000 r--s 00006000 08:07 1189173                    /home/chivu/.gradle/wrapper/dists/gradle-3.3-all/55gk2rcmfc6p2dg9u9ohc3hw9/gradle-3.3/lib/plugins/aether-connector-wagon-1.13.1.jar
7f4edee32000-7f4edee36000 r--s 0001c000 08:07 1189172                    /home/chivu/.gradle/wrapper/dists/gradle-3.3-all/55gk2rcmfc6p2dg9u9ohc3hw9/gradle-3.3/lib/plugins/aether-util-1.13.1.jar
7f4edee36000-7f4edee37000 r--s 00003000 08:07 1189171                    /home/chivu/.gradle/wrapper/dists/gradle-3.3-all/55gk2rcmfc6p2dg9u9ohc3hw9/gradle-3.3/lib/plugins/aether-spi-1.13.1.jar
7f4edee37000-7f4edee3a000 r--s 0001d000 08:07 1189170                    /home/chivu/.gradle/wrapper/dists/gradle-3.3-all/55gk2rcmfc6p2dg9u9ohc3hw9/gradle-3.3/lib/plugins/aether-impl-1.13.1.jar
7f4edee3a000-7f4edee3d000 r--s 00013000 08:07 1189169                    /home/chivu/.gradle/wrapper/dists/gradle-3.3-all/55gk2rcmfc6p2dg9u9ohc3hw9/gradle-3.3/lib/plugins/aether-api-1.13.1.jar
7f4edee3d000-7f4edee3e000 r--s 00007000 08:07 1189168                    /home/chivu/.gradle/wrapper/dists/gradle-3.3-all/55gk2rcmfc6p2dg9u9ohc3hw9/gradle-3.3/lib/plugins/wagon-http-shared4-2.4.jar
7f4edee3e000-7f4edee40000 r--s 0000b000 08:07 1189167                    /home/chivu/.gradle/wrapper/dists/gradle-3.3-all/55gk2rcmfc6p2dg9u9ohc3hw9/gradle-3.3/lib/plugins/wagon-provider-api-2.4.jar
7f4edee40000-7f4edee41000 r--s 00002000 08:07 1189166                    /home/chivu/.gradle/wrapper/dists/gradle-3.3-all/55gk2rcmfc6p2dg9u9ohc3hw9/gradle-3.3/lib/plugins/wagon-http-2.4.jar
7f4edee41000-7f4edee42000 r--s 00002000 08:07 1189165                    /home/chivu/.gradle/wrapper/dists/gradle-3.3-all/55gk2rcmfc6p2dg9u9ohc3hw9/gradle-3.3/lib/plugins/wagon-file-2.4.jar
7f4edee42000-7f4edee44000 r--s 0000c000 08:07 1189164                    /home/chivu/.gradle/wrapper/dists/gradle-3.3-all/55gk2rcmfc6p2dg9u9ohc3hw9/gradle-3.3/lib/plugins/maven-aether-provider-3.0.4.jar
7f4edee44000-7f4edee46000 r--s 0000b000 08:07 1189163                    /home/chivu/.gradle/wrapper/dists/gradle-3.3-all/55gk2rcmfc6p2dg9u9ohc3hw9/gradle-3.3/lib/plugins/maven-plugin-api-3.0.4.jar
7f4edee46000-7f4edee48000 r--s 00006000 08:07 1189162                    /home/chivu/.gradle/wrapper/dists/gradle-3.3-all/55gk2rcmfc6p2dg9u9ohc3hw9/gradle-3.3/lib/plugins/maven-repository-metadata-3.0.4.jar
7f4edee48000-7f4edee4a000 r--s 0000b000 08:07 1189161                    /home/chivu/.gradle/wrapper/dists/gradle-3.3-all/55gk2rcmfc6p2dg9u9ohc3hw9/gradle-3.3/lib/plugins/maven-artifact-3.0.4.jar
7f4edee4a000-7f4edee4c000 r--s 00026000 08:07 1189160                    /home/chivu/.gradle/wrapper/dists/gradle-3.3-all/55gk2rcmfc6p2dg9u9ohc3hw9/gradle-3.3/lib/plugins/maven-model-3.0.4.jar
7f4edee4c000-7f4edee50000 r--s 00021000 08:07 1189159                    /home/chivu/.gradle/wrapper/dists/gradle-3.3-all/55gk2rcmfc6p2dg9u9ohc3hw9/gradle-3.3/lib/plugins/maven-model-builder-3.0.4.jar
7f4edee50000-7f4edee56000 r--s 0003f000 08:07 1189158                    /home/chivu/.gradle/wrapper/dists/gradle-3.3-all/55gk2rcmfc6p2dg9u9ohc3hw9/gradle-3.3/lib/plugins/maven-compat-3.0.4.jar
7f4edee56000-7f4edee57000 r--s 00006000 08:07 1189157                    /home/chivu/.gradle/wrapper/dists/gradle-3.3-all/55gk2rcmfc6p2dg9u9ohc3hw9/gradle-3.3/lib/plugins/plexus-sec-dispatcher-1.3.jar
7f4edee57000-7f4edee59000 r--s 00002000 08:07 1189156                    /home/chivu/.gradle/wrapper/dists/gradle-3.3-all/55gk2rcmfc6p2dg9u9ohc3hw9/gradle-3.3/lib/plugins/plexus-cipher-1.7.jar
7f4edee59000-7f4edee5b000 r--s 0000a000 08:07 1189155                    /home/chivu/.gradle/wrapper/dists/gradle-3.3-all/55gk2rcmfc6p2dg9u9ohc3hw9/gradle-3.3/lib/plugins/plexus-classworlds-2.4.jar
7f4edee5b000-7f4edee62000 r--s 0002e000 08:07 1189154                    /home/chivu/.gradle/wrapper/dists/gradle-3.3-all/55gk2rcmfc6p2dg9u9ohc3hw9/gradle-3.3/lib/plugins/plexus-container-default-1.5.5.jar
7f4edee62000-7f4edee64000 r--s 00000000 08:07 1189181                    /home/chivu/.gradle/wrapper/dists/gradle-3.3-all/55gk2rcmfc6p2dg9u9ohc3hw9/gradle-3.3/lib/plugins/plexus-component-annotations-1.5.5.jar
7f4edee64000-7f4edee66000 r--s 0000d000 08:07 1189153                    /home/chivu/.gradle/wrapper/dists/gradle-3.3-all/55gk2rcmfc6p2dg9u9ohc3hw9/gradle-3.3/lib/plugins/plexus-interpolation-1.14.jar
7f4edee66000-7f4edee6a000 r--s 00033000 08:07 1189152                    /home/chivu/.gradle/wrapper/dists/gradle-3.3-all/55gk2rcmfc6p2dg9u9ohc3hw9/gradle-3.3/lib/plugins/plexus-utils-2.0.6.jar
7f4edee6a000-7f4edee6d000 r--s 00008000 08:07 1189151                    /home/chivu/.gradle/wrapper/dists/gradle-3.3-all/55gk2rcmfc6p2dg9u9ohc3hw9/gradle-3.3/lib/plugins/maven-settings-builder-3.0.4.jar
7f4edee6d000-7f4edee72000 r--s 00040000 08:07 1189136                    /home/chivu/.gradle/wrapper/dists/gradle-3.3-all/55gk2rcmfc6p2dg9u9ohc3hw9/gradle-3.3/lib/plugins/jsch-0.1.53.jar
7f4edee72000-7f4edeeb2000 r--s 00277000 08:07 1189146                    /home/chivu/.gradle/wrapper/dists/gradle-3.3-all/55gk2rcmfc6p2dg9u9ohc3hw9/gradle-3.3/lib/plugins/bcprov-jdk15on-1.51.jar
7f4edeeb2000-7f4edeebe000 r--s 0007d000 08:07 1189123                    /home/chivu/.gradle/wrapper/dists/gradle-3.3-all/55gk2rcmfc6p2dg9u9ohc3hw9/gradle-3.3/lib/plugins/maven-core-3.0.4.jar
7f4edeebe000-7f4edeedd000 r--s 000f6000 08:07 1189112                    /home/chivu/.gradle/wrapper/dists/gradle-3.3-all/55gk2rcmfc6p2dg9u9ohc3hw9/gradle-3.3/lib/plugins/gradle-dependency-management-3.3.jar
7f4edeedd000-7f4edeef3000 r-xp 00000000 08:07 529479                     /lib/x86_64-linux-gnu/libgcc_s.so.1
7f4edeef3000-7f4edf0f2000 ---p 00016000 08:07 529479                     /lib/x86_64-linux-gnu/libgcc_s.so.1
7f4edf0f2000-7f4edf0f3000 rw-p 00015000 08:07 529479                     /lib/x86_64-linux-gnu/libgcc_s.so.1
7f4edf0f3000-7f4edf265000 r-xp 00000000 08:07 1312856                    /usr/lib/x86_64-linux-gnu/libstdc++.so.6.0.21
7f4edf265000-7f4edf465000 ---p 00172000 08:07 1312856                    /usr/lib/x86_64-linux-gnu/libstdc++.so.6.0.21
7f4edf465000-7f4edf46f000 r--p 00172000 08:07 1312856                    /usr/lib/x86_64-linux-gnu/libstdc++.so.6.0.21
7f4edf46f000-7f4edf471000 rw-p 0017c000 08:07 1312856                    /usr/lib/x86_64-linux-gnu/libstdc++.so.6.0.21
7f4edf471000-7f4edf475000 rw-p 00000000 00:00 0 
7f4edf475000-7f4edf477000 r--s 0000a000 08:07 1189150                    /home/chivu/.gradle/wrapper/dists/gradle-3.3-all/55gk2rcmfc6p2dg9u9ohc3hw9/gradle-3.3/lib/plugins/maven-settings-3.0.4.jar
7f4edf477000-7f4edf47b000 r--s 0001d000 08:07 1189145                    /home/chivu/.gradle/wrapper/dists/gradle-3.3-all/55gk2rcmfc6p2dg9u9ohc3hw9/gradle-3.3/lib/plugins/xbean-reflect-3.4.jar
7f4edf47b000-7f4edf480000 r--s 00034000 08:07 1189129                    /home/chivu/.gradle/wrapper/dists/gradle-3.3-all/55gk2rcmfc6p2dg9u9ohc3hw9/gradle-3.3/lib/plugins/gson-2.7.jar
7f4edf480000-7f4edf48f000 r--s 000d9000 08:07 1189144                    /home/chivu/.gradle/wrapper/dists/gradle-3.3-all/55gk2rcmfc6p2dg9u9ohc3hw9/gradle-3.3/lib/plugins/ivy-2.2.0.jar
7f4edf48f000-7f4edf491000 r--s 00005000 08:07 1189111                    /home/chivu/.gradle/wrapper/dists/gradle-3.3-all/55gk2rcmfc6p2dg9u9ohc3hw9/gradle-3.3/lib/plugins/gradle-workers-3.3.jar
7f4edf491000-7f4edf496000 r-xp 00000000 08:07 932602                     /home/chivu/.gradle/native/23/linux-amd64/libnative-platform.so
7f4edf496000-7f4edf695000 ---p 00005000 08:07 932602                     /home/chivu/.gradle/native/23/linux-amd64/libnative-platform.so
7f4edf695000-7f4edf696000 rw-p 00004000 08:07 932602                     /home/chivu/.gradle/native/23/linux-amd64/libnative-platform.so
7f4edf696000-7f4edf6a7000 r-xp 00000000 08:07 1201545                    /home/chivu/Downloads/android-studio-p/jre/jre/lib/amd64/libnio.so
7f4edf6a7000-7f4edf8a6000 ---p 00011000 08:07 1201545                    /home/chivu/Downloads/android-studio-p/jre/jre/lib/amd64/libnio.so
7f4edf8a6000-7f4edf8a7000 r--p 00010000 08:07 1201545                    /home/chivu/Downloads/android-studio-p/jre/jre/lib/amd64/libnio.so
7f4edf8a7000-7f4edf8a8000 rw-p 00011000 08:07 1201545                    /home/chivu/Downloads/android-studio-p/jre/jre/lib/amd64/libnio.so
7f4edf8a8000-7f4edfba9000 rw-p 00000000 00:00 0 
7f4edfba9000-7f4edfbc0000 r-xp 00000000 08:07 1201544                    /home/chivu/Downloads/android-studio-p/jre/jre/lib/amd64/libnet.so
7f4edfbc0000-7f4edfdbf000 ---p 00017000 08:07 1201544                    /home/chivu/Downloads/android-studio-p/jre/jre/lib/amd64/libnet.so
7f4edfdbf000-7f4edfdc0000 r--p 00016000 08:07 1201544                    /home/chivu/Downloads/android-studio-p/jre/jre/lib/amd64/libnet.so
7f4edfdc0000-7f4edfdc1000 rw-p 00017000 08:07 1201544                    /home/chivu/Downloads/android-studio-p/jre/jre/lib/amd64/libnet.so
7f4edfdc1000-7f4edfdc2000 r--s 00006000 08:07 1189015                    /home/chivu/.gradle/wrapper/dists/gradle-3.3-all/55gk2rcmfc6p2dg9u9ohc3hw9/gradle-3.3/lib/gradle-wrapper-3.3.jar
7f4edfdc2000-7f4edfdcf000 r--s 00041000 08:07 1189022                    /home/chivu/.gradle/wrapper/dists/gradle-3.3-all/55gk2rcmfc6p2dg9u9ohc3hw9/gradle-3.3/lib/gradle-tooling-api-3.3.jar
7f4edfdcf000-7f4edfdd1000 r--s 00002000 08:07 1189042                    /home/chivu/.gradle/wrapper/dists/gradle-3.3-all/55gk2rcmfc6p2dg9u9ohc3hw9/gradle-3.3/lib/gradle-open-api-3.3.jar
7f4edfdd1000-7f4edfdd7000 r--s 00032000 08:07 1189044                    /home/chivu/.gradle/wrapper/dists/gradle-3.3-all/55gk2rcmfc6p2dg9u9ohc3hw9/gradle-3.3/lib/jaxen-1.1.jar
7f4edfdd7000-7f4edfddc000 r--s 00048000 08:07 1189043                    /home/chivu/.gradle/wrapper/dists/gradle-3.3-all/55gk2rcmfc6p2dg9u9ohc3hw9/gradle-3.3/lib/dom4j-1.6.1.jar
7f4edfddc000-7f4edfde7000 r--s 00059000 08:07 1189021                    /home/chivu/.gradle/wrapper/dists/gradle-3.3-all/55gk2rcmfc6p2dg9u9ohc3hw9/gradle-3.3/lib/gradle-ui-3.3.jar
7f4edfde7000-7f4edfdf0000 r--s 0008c000 08:07 1189013                    /home/chivu/.gradle/wrapper/dists/gradle-3.3-all/55gk2rcmfc6p2dg9u9ohc3hw9/gradle-3.3/lib/kotlin-stdlib-1.1-M02.jar
7f4edfdf0000-7f4edfdf6000 r--s 0002a000 08:07 1189012                    /home/chivu/.gradle/wrapper/dists/gradle-3.3-all/55gk2rcmfc6p2dg9u9ohc3hw9/gradle-3.3/lib/kotlin-runtime-1.1-M02.jar
7f4edfdf6000-7f4edfe2a000 r--s 00256000 08:07 1189011                    /home/chivu/.gradle/wrapper/dists/gradle-3.3-all/55gk2rcmfc6p2dg9u9ohc3hw9/gradle-3.3/lib/kotlin-reflect-1.1-M02.jar
7f4edfe2a000-7f4edffc0000 r--s 0157e000 08:07 1189010                    /home/chivu/.gradle/wrapper/dists/gradle-3.3-all/55gk2rcmfc6p2dg9u9ohc3hw9/gradle-3.3/lib/kotlin-compiler-embeddable-1.1-M02.jar
7f4edffc0000-7f4edffc8000 r--s 0004e000 08:07 1189009                    /home/chivu/.gradle/wrapper/dists/gradle-3.3-all/55gk2rcmfc6p2dg9u9ohc3hw9/gradle-3.3/lib/gradle-script-kotlin-0.5.1.jar
7f4edffc8000-7f4edffcb000 r--s 0000b000 08:07 1189040                    /home/chivu/.gradle/wrapper/dists/gradle-3.3-all/55gk2rcmfc6p2dg9u9ohc3hw9/gradle-3.3/lib/gradle-resources-3.3.jar
7f4edffcb000-7f4edffcd000 r--s 00003000 08:07 1189049                    /home/chivu/.gradle/wrapper/dists/gradle-3.3-all/55gk2rcmfc6p2dg9u9ohc3hw9/gradle-3.3/lib/jcl-over-slf4j-1.7.10.jar
7f4edffcd000-7f4edffce000 r--s 00005000 08:07 1189048                    /home/chivu/.gradle/wrapper/dists/gradle-3.3-all/55gk2rcmfc6p2dg9u9ohc3hw9/gradle-3.3/lib/log4j-over-slf4j-1.7.10.jar
7f4edffce000-7f4edffd0000 r--s 00000000 08:07 1189047                    /home/chivu/.gradle/wrapper/dists/gradle-3.3-all/55gk2rcmfc6p2dg9u9ohc3hw9/gradle-3.3/lib/jul-to-slf4j-1.7.10.jar
7f4edffd0000-7f4edffd5000 r--s 0001e000 08:07 1189024                    /home/chivu/.gradle/wrapper/dists/gradle-3.3-all/55gk2rcmfc6p2dg9u9ohc3hw9/gradle-3.3/lib/gradle-logging-3.3.jar
7f4edffd5000-7f4edffd7000 r--s 00007000 08:07 1189068                    /home/chivu/.gradle/wrapper/dists/gradle-3.3-all/55gk2rcmfc6p2dg9u9ohc3hw9/gradle-3.3/lib/objenesis-1.2.jar
7f4edffd7000-7f4edffd9000 r--s 00000000 08:07 1189067                    /home/chivu/.gradle/wrapper/dists/gradle-3.3-all/55gk2rcmfc6p2dg9u9ohc3hw9/gradle-3.3/lib/minlog-1.2.jar
7f4edffd9000-7f4edffdb000 r--s 0000f000 08:07 1189066                    /home/chivu/.gradle/wrapper/dists/gradle-3.3-all/55gk2rcmfc6p2dg9u9ohc3hw9/gradle-3.3/lib/reflectasm-1.07-shaded.jar
7f4edffdb000-7f4edffdf000 r--s 00026000 08:07 1189051                    /home/chivu/.gradle/wrapper/dists/gradle-3.3-all/55gk2rcmfc6p2dg9u9ohc3hw9/gradle-3.3/lib/kryo-2.20.jar
7f4edffdf000-7f4edffe5000 r--s 00027000 08:07 1189039                    /home/chivu/.gradle/wrapper/dists/gradle-3.3-all/55gk2rcmfc6p2dg9u9ohc3hw9/gradle-3.3/lib/gradle-messaging-3.3.jar
7f4edffe5000-7f4edffe6000 r--s 00001000 08:07 1189065                    /home/chivu/.gradle/wrapper/dists/gradle-3.3-all/55gk2rcmfc6p2dg9u9ohc3hw9/gradle-3.3/lib/native-platform-linux-i386-ncurses6-0.12.jar
7f4edffe6000-7f4edffe7000 r--s 00001000 08:07 1189064                    /home/chivu/.gradle/wrapper/dists/gradle-3.3-all/55gk2rcmfc6p2dg9u9ohc3hw9/gradle-3.3/lib/native-platform-linux-i386-ncurses5-0.12.jar
7f4edffe7000-7f4edffe8000 r--s 00001000 08:07 1189063                    /home/chivu/.gradle/wrapper/dists/gradle-3.3-all/55gk2rcmfc6p2dg9u9ohc3hw9/gradle-3.3/lib/native-platform-linux-amd64-ncurses6-0.12.jar
7f4edffe8000-7f4edffe9000 r--s 00001000 08:07 1189062                    /home/chivu/.gradle/wrapper/dists/gradle-3.3-all/55gk2rcmfc6p2dg9u9ohc3hw9/gradle-3.3/lib/native-platform-linux-amd64-ncurses5-0.12.jar
7f4edffe9000-7f4edffea000 r--s 0000b000 08:07 1189061                    /home/chivu/.gradle/wrapper/dists/gradle-3.3-all/55gk2rcmfc6p2dg9u9ohc3hw9/gradle-3.3/lib/native-platform-windows-i386-0.12.jar
7f4edffea000-7f4edffec000 r--s 0000b000 08:07 1189060                    /home/chivu/.gradle/wrapper/dists/gradle-3.3-all/55gk2rcmfc6p2dg9u9ohc3hw9/gradle-3.3/lib/native-platform-windows-amd64-0.12.jar
7f4edffec000-7f4edffee000 r--s 00002000 08:07 1189059                    /home/chivu/.gradle/wrapper/dists/gradle-3.3-all/55gk2rcmfc6p2dg9u9ohc3hw9/gradle-3.3/lib/native-platform-osx-i386-0.12.jar
7f4edffee000-7f4edffef000 r--s 00002000 08:07 1189058                    /home/chivu/.gradle/wrapper/dists/gradle-3.3-all/55gk2rcmfc6p2dg9u9ohc3hw9/gradle-3.3/lib/native-platform-osx-amd64-0.12.jar
7f4edffef000-7f4edfff0000 r--s 00002000 08:07 1189057                    /home/chivu/.gradle/wrapper/dists/gradle-3.3-all/55gk2rcmfc6p2dg9u9ohc3hw9/gradle-3.3/lib/native-platform-linux-i386-0.12.jar
7f4edfff0000-7f4edfff1000 r--s 00002000 08:07 1189056                    /home/chivu/.gradle/wrapper/dists/gradle-3.3-all/55gk2rcmfc6p2dg9u9ohc3hw9/gradle-3.3/lib/native-platform-linux-amd64-0.12.jar
7f4edfff1000-7f4ee0000000 r--s 0007f000 08:07 1189030                    /home/chivu/.gradle/wrapper/dists/gradle-3.3-all/55gk2rcmfc6p2dg9u9ohc3hw9/gradle-3.3/lib/gradle-model-core-3.3.jar
7f4ee0000000-7f4ee0036000 rw-p 00000000 00:00 0 
7f4ee0036000-7f4ee4000000 ---p 00000000 00:00 0 
7f4ee4000000-7f4ee4001000 r--s 00003000 08:07 1189055                    /home/chivu/.gradle/wrapper/dists/gradle-3.3-all/55gk2rcmfc6p2dg9u9ohc3hw9/gradle-3.3/lib/native-platform-freebsd-i386-libstdcpp-0.12.jar
7f4ee4001000-7f4ee4002000 r--s 00004000 08:07 1189054                    /home/chivu/.gradle/wrapper/dists/gradle-3.3-all/55gk2rcmfc6p2dg9u9ohc3hw9/gradle-3.3/lib/native-platform-freebsd-i386-libcpp-0.12.jar
7f4ee4002000-7f4ee4004000 r--s 00003000 08:07 1189053                    /home/chivu/.gradle/wrapper/dists/gradle-3.3-all/55gk2rcmfc6p2dg9u9ohc3hw9/gradle-3.3/lib/native-platform-freebsd-amd64-libstdcpp-0.12.jar
7f4ee4004000-7f4ee4007000 r--s 00023000 08:07 1189046                    /home/chivu/.gradle/wrapper/dists/gradle-3.3-all/55gk2rcmfc6p2dg9u9ohc3hw9/gradle-3.3/lib/jansi-1.14.jar
7f4ee4007000-7f4ee400b000 r--s 00011000 08:07 1189045                    /home/chivu/.gradle/wrapper/dists/gradle-3.3-all/55gk2rcmfc6p2dg9u9ohc3hw9/gradle-3.3/lib/native-platform-0.12.jar
7f4ee400b000-7f4ee400e000 r--s 0000a000 08:07 1189023                    /home/chivu/.gradle/wrapper/dists/gradle-3.3-all/55gk2rcmfc6p2dg9u9ohc3hw9/gradle-3.3/lib/gradle-native-3.3.jar
7f4ee400e000-7f4ee401b000 r--s 00083000 08:07 1189034                    /home/chivu/.gradle/wrapper/dists/gradle-3.3-all/55gk2rcmfc6p2dg9u9ohc3hw9/gradle-3.3/lib/commons-collections-3.2.2.jar
7f4ee401b000-7f4ee401c000 ---p 00000000 00:00 0 
7f4ee401c000-7f4ee411c000 rw-p 00000000 00:00 0 
7f4ee411c000-7f4ee411f000 ---p 00000000 00:00 0 
7f4ee411f000-7f4ee421d000 rw-p 00000000 00:00 0 
7f4ee421d000-7f4ee4220000 ---p 00000000 00:00 0 
7f4ee4220000-7f4ee431e000 rw-p 00000000 00:00 0 
7f4ee431e000-7f4ee4321000 ---p 00000000 00:00 0 
7f4ee4321000-7f4ee441f000 rw-p 00000000 00:00 0 
7f4ee441f000-7f4ee4422000 ---p 00000000 00:00 0 
7f4ee4422000-7f4ee4520000 rw-p 00000000 00:00 0 
7f4ee4520000-7f4ee4523000 ---p 00000000 00:00 0 
7f4ee4523000-7f4ee4621000 rw-p 00000000 00:00 0 
7f4ee4621000-7f4ee48f9000 r--p 00000000 08:07 1311727                    /usr/lib/locale/locale-archive
7f4ee48f9000-7f4ee48fc000 ---p 00000000 00:00 0 
7f4ee48fc000-7f4ee49fa000 rw-p 00000000 00:00 0 
7f4ee49fa000-7f4ee49fd000 ---p 00000000 00:00 0 
7f4ee49fd000-7f4ee4afb000 rw-p 00000000 00:00 0 
7f4ee4afb000-7f4ee4afc000 ---p 00000000 00:00 0 
7f4ee4afc000-7f4ee8000000 rw-p 00000000 00:00 0 
7f4ee8000000-7f4ee8036000 rw-p 00000000 00:00 0 
7f4ee8036000-7f4eec000000 ---p 00000000 00:00 0 
7f4eec000000-7f4eec001000 r--s 00004000 08:07 1189052                    /home/chivu/.gradle/wrapper/dists/gradle-3.3-all/55gk2rcmfc6p2dg9u9ohc3hw9/gradle-3.3/lib/native-platform-freebsd-amd64-libcpp-0.12.jar
7f4eec001000-7f4eec003000 r--s 00005000 08:07 1189020                    /home/chivu/.gradle/wrapper/dists/gradle-3.3-all/55gk2rcmfc6p2dg9u9ohc3hw9/gradle-3.3/lib/gradle-cli-3.3.jar
7f4eec003000-7f4eec005000 r--s 00007000 08:07 1189031                    /home/chivu/.gradle/wrapper/dists/gradle-3.3-all/55gk2rcmfc6p2dg9u9ohc3hw9/gradle-3.3/lib/gradle-model-groovy-3.3.jar
7f4eec005000-7f4eec075000 r--s 00641000 08:07 1189029                    /home/chivu/.gradle/wrapper/dists/gradle-3.3-all/55gk2rcmfc6p2dg9u9ohc3hw9/gradle-3.3/lib/groovy-all-2.4.7.jar
7f4eec075000-7f4eec09d000 r--s 001cf000 08:07 1189026                    /home/chivu/.gradle/wrapper/dists/gradle-3.3-all/55gk2rcmfc6p2dg9u9ohc3hw9/gradle-3.3/lib/guava-jdk5-17.0.jar
7f4eec09d000-7f4eec0bc000 r--s 001d1000 08:07 1189033                    /home/chivu/.gradle/wrapper/dists/gradle-3.3-all/55gk2rcmfc6p2dg9u9ohc3hw9/gradle-3.3/lib/ant-1.9.6.jar
7f4eec0bc000-7f4eec0f9000 r--s 001f8000 08:07 1189019                    /home/chivu/.gradle/wrapper/dists/gradle-3.3-all/55gk2rcmfc6p2dg9u9ohc3hw9/gradle-3.3/lib/gradle-core-3.3.jar
7f4eec0f9000-7f4eed000000 rw-p 00000000 00:00 0 
7f4eed000000-7f4eef9d0000 rwxp 00000000 00:00 0 
7f4eef9d0000-7f4efc000000 ---p 00000000 00:00 0 
7f4efc000000-7f4efcc5b000 rw-p 00000000 00:00 0 
7f4efcc5b000-7f4f00000000 ---p 00000000 00:00 0 
7f4f00000000-7f4f00002000 r--s 00006000 08:07 1189038                    /home/chivu/.gradle/wrapper/dists/gradle-3.3-all/55gk2rcmfc6p2dg9u9ohc3hw9/gradle-3.3/lib/gradle-base-services-groovy-3.3.jar
7f4f00002000-7f4f00003000 r--s 00002000 08:07 1189041                    /home/chivu/.gradle/wrapper/dists/gradle-3.3-all/55gk2rcmfc6p2dg9u9ohc3hw9/gradle-3.3/lib/gradle-docs-3.3.jar
7f4f00003000-7f4f004d9000 rw-p 00000000 00:00 0 
7f4f004d9000-7f4f006a8000 r--s 03c1b000 08:07 1201515                    /home/chivu/Downloads/android-studio-p/jre/jre/lib/rt.jar
7f4f006a8000-7f4f00a1e000 rw-p 00000000 00:00 0 
7f4f00a1e000-7f4f00a1f000 ---p 00000000 00:00 0 
7f4f00a1f000-7f4f00b1f000 rw-p 00000000 00:00 0 
7f4f00b1f000-7f4f00b20000 ---p 00000000 00:00 0 
7f4f00b20000-7f4f00c20000 rw-p 00000000 00:00 0 
7f4f00c20000-7f4f00c21000 ---p 00000000 00:00 0 
7f4f00c21000-7f4f00d21000 rw-p 00000000 00:00 0 
7f4f00d21000-7f4f00d22000 ---p 00000000 00:00 0 
7f4f00d22000-7f4f00eb9000 rw-p 00000000 00:00 0 
7f4f00eb9000-7f4f01022000 ---p 00000000 00:00 0 
7f4f01022000-7f4f010b9000 rw-p 00000000 00:00 0 
7f4f010b9000-7f4f01222000 ---p 00000000 00:00 0 
7f4f01222000-7f4f01322000 rw-p 00000000 00:00 0 
7f4f01322000-7f4f013cb000 rw-p 00000000 00:00 0 
7f4f013cb000-7f4f016e3000 ---p 00000000 00:00 0 
7f4f016e3000-7f4f016fd000 r-xp 00000000 08:07 1201530                    /home/chivu/Downloads/android-studio-p/jre/jre/lib/amd64/libzip.so
7f4f016fd000-7f4f018fd000 ---p 0001a000 08:07 1201530                    /home/chivu/Downloads/android-studio-p/jre/jre/lib/amd64/libzip.so
7f4f018fd000-7f4f018fe000 r--p 0001a000 08:07 1201530                    /home/chivu/Downloads/android-studio-p/jre/jre/lib/amd64/libzip.so
7f4f018fe000-7f4f018ff000 rw-p 0001b000 08:07 1201530                    /home/chivu/Downloads/android-studio-p/jre/jre/lib/amd64/libzip.so
7f4f018ff000-7f4f0190a000 r-xp 00000000 08:07 541944                     /lib/x86_64-linux-gnu/libnss_files-2.23.so
7f4f0190a000-7f4f01b09000 ---p 0000b000 08:07 541944                     /lib/x86_64-linux-gnu/libnss_files-2.23.so
7f4f01b09000-7f4f01b0a000 r--p 0000a000 08:07 541944                     /lib/x86_64-linux-gnu/libnss_files-2.23.so
7f4f01b0a000-7f4f01b0b000 rw-p 0000b000 08:07 541944                     /lib/x86_64-linux-gnu/libnss_files-2.23.so
7f4f01b0b000-7f4f01b11000 rw-p 00000000 00:00 0 
7f4f01b11000-7f4f01b1c000 r-xp 00000000 08:07 541937                     /lib/x86_64-linux-gnu/libnss_nis-2.23.so
7f4f01b1c000-7f4f01d1b000 ---p 0000b000 08:07 541937                     /lib/x86_64-linux-gnu/libnss_nis-2.23.so
7f4f01d1b000-7f4f01d1c000 r--p 0000a000 08:07 541937                     /lib/x86_64-linux-gnu/libnss_nis-2.23.so
7f4f01d1c000-7f4f01d1d000 rw-p 0000b000 08:07 541937                     /lib/x86_64-linux-gnu/libnss_nis-2.23.so
7f4f01d1d000-7f4f01d33000 r-xp 00000000 08:07 541939                     /lib/x86_64-linux-gnu/libnsl-2.23.so
7f4f01d33000-7f4f01f32000 ---p 00016000 08:07 541939                     /lib/x86_64-linux-gnu/libnsl-2.23.so
7f4f01f32000-7f4f01f33000 r--p 00015000 08:07 541939                     /lib/x86_64-linux-gnu/libnsl-2.23.so
7f4f01f33000-7f4f01f34000 rw-p 00016000 08:07 541939                     /lib/x86_64-linux-gnu/libnsl-2.23.so
7f4f01f34000-7f4f01f36000 rw-p 00000000 00:00 0 
7f4f01f36000-7f4f01f3e000 r-xp 00000000 08:07 541946                     /lib/x86_64-linux-gnu/libnss_compat-2.23.so
7f4f01f3e000-7f4f0213d000 ---p 00008000 08:07 541946                     /lib/x86_64-linux-gnu/libnss_compat-2.23.so
7f4f0213d000-7f4f0213e000 r--p 00007000 08:07 541946                     /lib/x86_64-linux-gnu/libnss_compat-2.23.so
7f4f0213e000-7f4f0213f000 rw-p 00008000 08:07 541946                     /lib/x86_64-linux-gnu/libnss_compat-2.23.so
7f4f0213f000-7f4f0216c000 r-xp 00000000 08:07 1201547                    /home/chivu/Downloads/android-studio-p/jre/jre/lib/amd64/libjava.so
7f4f0216c000-7f4f0236b000 ---p 0002d000 08:07 1201547                    /home/chivu/Downloads/android-studio-p/jre/jre/lib/amd64/libjava.so
7f4f0236b000-7f4f0236c000 r--p 0002c000 08:07 1201547                    /home/chivu/Downloads/android-studio-p/jre/jre/lib/amd64/libjava.so
7f4f0236c000-7f4f0236e000 rw-p 0002d000 08:07 1201547                    /home/chivu/Downloads/android-studio-p/jre/jre/lib/amd64/libjava.so
7f4f0236e000-7f4f0237e000 r-xp 00000000 08:07 1201520                    /home/chivu/Downloads/android-studio-p/jre/jre/lib/amd64/libverify.so
7f4f0237e000-7f4f0257d000 ---p 00010000 08:07 1201520                    /home/chivu/Downloads/android-studio-p/jre/jre/lib/amd64/libverify.so
7f4f0257d000-7f4f0257f000 r--p 0000f000 08:07 1201520                    /home/chivu/Downloads/android-studio-p/jre/jre/lib/amd64/libverify.so
7f4f0257f000-7f4f02580000 rw-p 00011000 08:07 1201520                    /home/chivu/Downloads/android-studio-p/jre/jre/lib/amd64/libverify.so
7f4f02580000-7f4f02587000 r-xp 00000000 08:07 541947                     /lib/x86_64-linux-gnu/librt-2.23.so
7f4f02587000-7f4f02786000 ---p 00007000 08:07 541947                     /lib/x86_64-linux-gnu/librt-2.23.so
7f4f02786000-7f4f02787000 r--p 00006000 08:07 541947                     /lib/x86_64-linux-gnu/librt-2.23.so
7f4f02787000-7f4f02788000 rw-p 00007000 08:07 541947                     /lib/x86_64-linux-gnu/librt-2.23.so
7f4f02788000-7f4f02890000 r-xp 00000000 08:07 541938                     /lib/x86_64-linux-gnu/libm-2.23.so
7f4f02890000-7f4f02a8f000 ---p 00108000 08:07 541938                     /lib/x86_64-linux-gnu/libm-2.23.so
7f4f02a8f000-7f4f02a90000 r--p 00107000 08:07 541938                     /lib/x86_64-linux-gnu/libm-2.23.so
7f4f02a90000-7f4f02a91000 rw-p 00108000 08:07 541938                     /lib/x86_64-linux-gnu/libm-2.23.so
7f4f02a91000-7f4f03682000 r-xp 00000000 08:07 1201528                    /home/chivu/Downloads/android-studio-p/jre/jre/lib/amd64/server/libjvm.so
7f4f03682000-7f4f03882000 ---p 00bf1000 08:07 1201528                    /home/chivu/Downloads/android-studio-p/jre/jre/lib/amd64/server/libjvm.so
7f4f03882000-7f4f03921000 r--p 00bf1000 08:07 1201528                    /home/chivu/Downloads/android-studio-p/jre/jre/lib/amd64/server/libjvm.so
7f4f03921000-7f4f0394a000 rw-p 00c90000 08:07 1201528                    /home/chivu/Downloads/android-studio-p/jre/jre/lib/amd64/server/libjvm.so
7f4f0394a000-7f4f0398e000 rw-p 00000000 00:00 0 
7f4f0398e000-7f4f039a6000 r-xp 00000000 08:07 541951                     /lib/x86_64-linux-gnu/libpthread-2.23.so
7f4f039a6000-7f4f03ba5000 ---p 00018000 08:07 541951                     /lib/x86_64-linux-gnu/libpthread-2.23.so
7f4f03ba5000-7f4f03ba6000 r--p 00017000 08:07 541951                     /lib/x86_64-linux-gnu/libpthread-2.23.so
7f4f03ba6000-7f4f03ba7000 rw-p 00018000 08:07 541951                     /lib/x86_64-linux-gnu/libpthread-2.23.so
7f4f03ba7000-7f4f03bab000 rw-p 00000000 00:00 0 
7f4f03bab000-7f4f03bae000 r-xp 00000000 08:07 541936                     /lib/x86_64-linux-gnu/libdl-2.23.so
7f4f03bae000-7f4f03dad000 ---p 00003000 08:07 541936                     /lib/x86_64-linux-gnu/libdl-2.23.so
7f4f03dad000-7f4f03dae000 r--p 00002000 08:07 541936                     /lib/x86_64-linux-gnu/libdl-2.23.so
7f4f03dae000-7f4f03daf000 rw-p 00003000 08:07 541936                     /lib/x86_64-linux-gnu/libdl-2.23.so
7f4f03daf000-7f4f03f6e000 r-xp 00000000 08:07 541940                     /lib/x86_64-linux-gnu/libc-2.23.so
7f4f03f6e000-7f4f0416e000 ---p 001bf000 08:07 541940                     /lib/x86_64-linux-gnu/libc-2.23.so
7f4f0416e000-7f4f04172000 r--p 001bf000 08:07 541940                     /lib/x86_64-linux-gnu/libc-2.23.so
7f4f04172000-7f4f04174000 rw-p 001c3000 08:07 541940                     /lib/x86_64-linux-gnu/libc-2.23.so
7f4f04174000-7f4f04178000 rw-p 00000000 00:00 0 
7f4f04178000-7f4f0418e000 r-xp 00000000 08:07 1201477                    /home/chivu/Downloads/android-studio-p/jre/lib/amd64/jli/libjli.so
7f4f0418e000-7f4f0438d000 ---p 00016000 08:07 1201477                    /home/chivu/Downloads/android-studio-p/jre/lib/amd64/jli/libjli.so
7f4f0438d000-7f4f0438e000 r--p 00015000 08:07 1201477                    /home/chivu/Downloads/android-studio-p/jre/lib/amd64/jli/libjli.so
7f4f0438e000-7f4f0438f000 rw-p 00016000 08:07 1201477                    /home/chivu/Downloads/android-studio-p/jre/lib/amd64/jli/libjli.so
7f4f0438f000-7f4f043b5000 r-xp 00000000 08:07 541941                     /lib/x86_64-linux-gnu/ld-2.23.so
7f4f043b5000-7f4f043b6000 r--s 00000000 08:07 1189037                    /home/chivu/.gradle/wrapper/dists/gradle-3.3-all/55gk2rcmfc6p2dg9u9ohc3hw9/gradle-3.3/lib/javax.inject-1.jar
7f4f043b6000-7f4f043b7000 r--s 00000000 08:07 1189036                    /home/chivu/.gradle/wrapper/dists/gradle-3.3-all/55gk2rcmfc6p2dg9u9ohc3hw9/gradle-3.3/lib/jcip-annotations-1.0.jar
7f4f043b7000-7f4f043bb000 r--s 00027000 08:07 1189035                    /home/chivu/.gradle/wrapper/dists/gradle-3.3-all/55gk2rcmfc6p2dg9u9ohc3hw9/gradle-3.3/lib/commons-io-2.2.jar
7f4f043bb000-7f4f043c0000 r--s 00038000 08:07 1189032                    /home/chivu/.gradle/wrapper/dists/gradle-3.3-all/55gk2rcmfc6p2dg9u9ohc3hw9/gradle-3.3/lib/asm-all-5.1.jar
7f4f043c0000-7f4f043c1000 r--s 00001000 08:07 1189028                    /home/chivu/.gradle/wrapper/dists/gradle-3.3-all/55gk2rcmfc6p2dg9u9ohc3hw9/gradle-3.3/lib/gradle-process-services-3.3.jar
7f4f043c1000-7f4f043c6000 r--s 00041000 08:07 1189027                    /home/chivu/.gradle/wrapper/dists/gradle-3.3-all/55gk2rcmfc6p2dg9u9ohc3hw9/gradle-3.3/lib/commons-lang-2.6.jar
7f4f043c6000-7f4f043cf000 r--s 00042000 08:07 1189017                    /home/chivu/.gradle/wrapper/dists/gradle-3.3-all/55gk2rcmfc6p2dg9u9ohc3hw9/gradle-3.3/lib/gradle-base-services-3.3.jar
7f4f043cf000-7f4f04491000 rw-p 00000000 00:00 0 
7f4f04491000-7f4f04494000 ---p 00000000 00:00 0 
7f4f04494000-7f4f04596000 rw-p 00000000 00:00 0 
7f4f04596000-7f4f04598000 r--s 00000000 08:07 1189018                    /home/chivu/.gradle/wrapper/dists/gradle-3.3-all/55gk2rcmfc6p2dg9u9ohc3hw9/gradle-3.3/lib/gradle-jvm-services-3.3.jar
7f4f04598000-7f4f04599000 r--s 00000000 08:07 1189183                    /home/chivu/.gradle/wrapper/dists/gradle-3.3-all/55gk2rcmfc6p2dg9u9ohc3hw9/gradle-3.3/lib/gradle-version-info-3.3.jar
7f4f04599000-7f4f0459a000 r--s 00007000 08:07 1189025                    /home/chivu/.gradle/wrapper/dists/gradle-3.3-all/55gk2rcmfc6p2dg9u9ohc3hw9/gradle-3.3/lib/slf4j-api-1.7.10.jar
7f4f0459a000-7f4f0459b000 r--s 00004000 08:07 1189050                    /home/chivu/.gradle/wrapper/dists/gradle-3.3-all/55gk2rcmfc6p2dg9u9ohc3hw9/gradle-3.3/lib/ant-launcher-1.9.6.jar
7f4f0459b000-7f4f045a8000 r--s 0005c000 08:07 1189014                    /home/chivu/.gradle/wrapper/dists/gradle-3.3-all/55gk2rcmfc6p2dg9u9ohc3hw9/gradle-3.3/lib/gradle-launcher-3.3.jar
7f4f045a8000-7f4f045b0000 rw-s 00000000 08:07 266236                     /tmp/hsperfdata_chivu/4741
7f4f045b0000-7f4f045b1000 rw-p 00000000 00:00 0 
7f4f045b1000-7f4f045b2000 ---p 00000000 00:00 0 
7f4f045b2000-7f4f045b4000 rw-p 00000000 00:00 0 
7f4f045b4000-7f4f045b5000 r--p 00025000 08:07 541941                     /lib/x86_64-linux-gnu/ld-2.23.so
7f4f045b5000-7f4f045b6000 rw-p 00026000 08:07 541941                     /lib/x86_64-linux-gnu/ld-2.23.so
7f4f045b6000-7f4f045b7000 rw-p 00000000 00:00 0 
7ffff120e000-7ffff122f000 rw-p 00000000 00:00 0                          [stack]
7ffff131c000-7ffff131e000 r--p 00000000 00:00 0                          [vvar]
7ffff131e000-7ffff1320000 r-xp 00000000 00:00 0                          [vdso]
ffffffffff600000-ffffffffff601000 r-xp 00000000 00:00 0                  [vsyscall]

VM Arguments:
jvm_args: -Xmx1536m -Dfile.encoding=UTF-8 -Duser.country=IN -Duser.language=en -Duser.variant 
java_command: org.gradle.launcher.daemon.bootstrap.GradleDaemon 3.3
java_class_path (initial): /home/chivu/.gradle/wrapper/dists/gradle-3.3-all/55gk2rcmfc6p2dg9u9ohc3hw9/gradle-3.3/lib/gradle-launcher-3.3.jar
Launcher Type: SUN_STANDARD

Environment Variables:
JAVA_HOME=/usr/lib/jvm/java-8-oracle
PATH=/home/chivu/bin:/home/chivu/.local/bin:/usr/local/sbin:/usr/local/bin:/usr/sbin:/usr/bin:/sbin:/bin:/usr/games:/usr/local/games:/snap/bin:/usr/lib/jvm/java-8-oracle/bin:/usr/lib/jvm/java-8-oracle/db/bin:/usr/lib/jvm/java-8-oracle/jre/bin
LD_LIBRARY_PATH=/home/chivu/Downloads/android-studio-p/bin:
SHELL=/bin/bash
DISPLAY=:0

Signal Handlers:
SIGSEGV: [libjvm.so+0x9e5150], sa_mask[0]=11111111011111111101111111111110, sa_flags=SA_RESTART|SA_SIGINFO
SIGBUS: [libjvm.so+0x9e5150], sa_mask[0]=11111111011111111101111111111110, sa_flags=SA_RESTART|SA_SIGINFO
SIGFPE: [libjvm.so+0x848450], sa_mask[0]=11111111011111111101111111111110, sa_flags=SA_RESTART|SA_SIGINFO
SIGPIPE: [libjvm.so+0x848450], sa_mask[0]=11111111011111111101111111111110, sa_flags=SA_RESTART|SA_SIGINFO
SIGXFSZ: [libjvm.so+0x848450], sa_mask[0]=11111111011111111101111111111110, sa_flags=SA_RESTART|SA_SIGINFO
SIGILL: [libjvm.so+0x848450], sa_mask[0]=11111111011111111101111111111110, sa_flags=SA_RESTART|SA_SIGINFO
SIGUSR1: SIG_DFL, sa_mask[0]=00000000000000000000000000000000, sa_flags=none
SIGUSR2: [libjvm.so+0x848320], sa_mask[0]=00100000000000000000000000000000, sa_flags=SA_RESTART|SA_SIGINFO
SIGHUP: [libjvm.so+0x848510], sa_mask[0]=11111111011111111101111111111110, sa_flags=SA_RESTART|SA_SIGINFO
SIGINT: [libjvm.so+0x848510], sa_mask[0]=11111111011111111101111111111110, sa_flags=SA_RESTART|SA_SIGINFO
SIGTERM: [libjvm.so+0x848510], sa_mask[0]=11111111011111111101111111111110, sa_flags=SA_RESTART|SA_SIGINFO
SIGQUIT: [libjvm.so+0x848510], sa_mask[0]=11111111011111111101111111111110, sa_flags=SA_RESTART|SA_SIGINFO


---------------  S Y S T E M  ---------------

OS:DISTRIB_ID=Ubuntu
DISTRIB_RELEASE=16.04
DISTRIB_CODENAME=xenial
DISTRIB_DESCRIPTION="Ubuntu 16.04.2 LTS"

uname:Linux 4.4.0-79-generic #100-Ubuntu SMP Wed May 17 19:58:14 UTC 2017 x86_64
libc:glibc 2.23 NPTL 2.23 
rlimit: STACK 8192k, CORE 0k, NPROC 15361, NOFILE 65536, AS infinity
load average:3.61 2.30 1.99

/proc/meminfo:
MemTotal:        3972820 kB
MemFree:          128560 kB
MemAvailable:      50568 kB
Buffers:            1992 kB
Cached:           227588 kB
SwapCached:          616 kB
Active:          2792620 kB
Inactive:         891440 kB
Active(anon):    2764848 kB
Inactive(anon):   869336 kB
Active(file):      27772 kB
Inactive(file):    22104 kB
Unevictable:         136 kB
Mlocked:             136 kB
SwapTotal:          1020 kB
SwapFree:              0 kB
Dirty:                40 kB
Writeback:             0 kB
AnonPages:       3454388 kB
Mapped:            90664 kB
Shmem:            179356 kB
Slab:              73144 kB
SReclaimable:      39144 kB
SUnreclaim:        34000 kB
KernelStack:        9440 kB
PageTables:        34332 kB
NFS_Unstable:          0 kB
Bounce:                0 kB
WritebackTmp:          0 kB
CommitLimit:     1987428 kB
Committed_AS:    7310056 kB
VmallocTotal:   34359738367 kB
VmallocUsed:           0 kB
VmallocChunk:          0 kB
HardwareCorrupted:     0 kB
AnonHugePages:   1765376 kB
CmaTotal:              0 kB
CmaFree:               0 kB
HugePages_Total:       0
HugePages_Free:        0
HugePages_Rsvd:        0
HugePages_Surp:        0
Hugepagesize:       2048 kB
DirectMap4k:      135936 kB
DirectMap2M:     2936832 kB
DirectMap1G:     2097152 kB


CPU:total 4 (2 cores per cpu, 2 threads per core) family 6 model 69 stepping 1, cmov, cx8, fxsr, mmx, sse, sse2, sse3, ssse3, sse4.1, sse4.2, popcnt, avx, avx2, aes, clmul, erms, lzcnt, ht, tsc, tscinvbit, bmi1, bmi2

/proc/cpuinfo:
processor	: 0
vendor_id	: GenuineIntel
cpu family	: 6
model		: 69
model name	: Intel(R) Core(TM) i3-4030U CPU @ 1.90GHz
stepping	: 1
microcode	: 0x1d
cpu MHz		: 1799.953
cache size	: 3072 KB
physical id	: 0
siblings	: 4
core id		: 0
cpu cores	: 2
apicid		: 0
initial apicid	: 0
fpu		: yes
fpu_exception	: yes
cpuid level	: 13
wp		: yes
flags		: fpu vme de pse tsc msr pae mce cx8 apic sep mtrr pge mca cmov pat pse36 clflush dts acpi mmx fxsr sse sse2 ss ht tm pbe syscall nx pdpe1gb rdtscp lm constant_tsc arch_perfmon pebs bts rep_good nopl xtopology nonstop_tsc aperfmperf eagerfpu pni pclmulqdq dtes64 monitor ds_cpl vmx est tm2 ssse3 sdbg fma cx16 xtpr pdcm pcid sse4_1 sse4_2 x2apic movbe popcnt tsc_deadline_timer aes xsave avx f16c rdrand lahf_lm abm epb tpr_shadow vnmi flexpriority ept vpid fsgsbase tsc_adjust bmi1 avx2 smep bmi2 erms invpcid xsaveopt dtherm arat pln pts
bugs		:
bogomips	: 3791.26
clflush size	: 64
cache_alignment	: 64
address sizes	: 39 bits physical, 48 bits virtual
power management:

processor	: 1
vendor_id	: GenuineIntel
cpu family	: 6
model		: 69
model name	: Intel(R) Core(TM) i3-4030U CPU @ 1.90GHz
stepping	: 1
microcode	: 0x1d
cpu MHz		: 1799.953
cache size	: 3072 KB
physical id	: 0
siblings	: 4
core id		: 0
cpu cores	: 2
apicid		: 1
initial apicid	: 1
fpu		: yes
fpu_exception	: yes
cpuid level	: 13
wp		: yes
flags		: fpu vme de pse tsc msr pae mce cx8 apic sep mtrr pge mca cmov pat pse36 clflush dts acpi mmx fxsr sse sse2 ss ht tm pbe syscall nx pdpe1gb rdtscp lm constant_tsc arch_perfmon pebs bts rep_good nopl xtopology nonstop_tsc aperfmperf eagerfpu pni pclmulqdq dtes64 monitor ds_cpl vmx est tm2 ssse3 sdbg fma cx16 xtpr pdcm pcid sse4_1 sse4_2 x2apic movbe popcnt tsc_deadline_timer aes xsave avx f16c rdrand lahf_lm abm epb tpr_shadow vnmi flexpriority ept vpid fsgsbase tsc_adjust bmi1 avx2 smep bmi2 erms invpcid xsaveopt dtherm arat pln pts
bugs		:
bogomips	: 3791.26
clflush size	: 64
cache_alignment	: 64
address sizes	: 39 bits physical, 48 bits virtual
power management:

processor	: 2
vendor_id	: GenuineIntel
cpu family	: 6
model		: 69
model name	: Intel(R) Core(TM) i3-4030U CPU @ 1.90GHz
stepping	: 1
microcode	: 0x1d
cpu MHz		: 1799.878
cache size	: 3072 KB
physical id	: 0
siblings	: 4
core id		: 1
cpu cores	: 2
apicid		: 2
initial apicid	: 2
fpu		: yes
fpu_exception	: yes
cpuid level	: 13
wp		: yes
flags		: fpu vme de pse tsc msr pae mce cx8 apic sep mtrr pge mca cmov pat pse36 clflush dts acpi mmx fxsr sse sse2 ss ht tm pbe syscall nx pdpe1gb rdtscp lm constant_tsc arch_perfmon pebs bts rep_good nopl xtopology nonstop_tsc aperfmperf eagerfpu pni pclmulqdq dtes64 monitor ds_cpl vmx est tm2 ssse3 sdbg fma cx16 xtpr pdcm pcid sse4_1 sse4_2 x2apic movbe popcnt tsc_deadline_timer aes xsave avx f16c rdrand lahf_lm abm epb tpr_shadow vnmi flexpriority ept vpid fsgsbase tsc_adjust bmi1 avx2 smep bmi2 erms invpcid xsaveopt dtherm arat pln pts
bugs		:
bogomips	: 3791.26
clflush size	: 64
cache_alignment	: 64
address sizes	: 39 bits physical, 48 bits virtual
power management:

processor	: 3
vendor_id	: GenuineIntel
cpu family	: 6
model		: 69
model name	: Intel(R) Core(TM) i3-4030U CPU @ 1.90GHz
stepping	: 1
microcode	: 0x1d
cpu MHz		: 1799.953
cache size	: 3072 KB
physical id	: 0
siblings	: 4
core id		: 1
cpu cores	: 2
apicid		: 3
initial apicid	: 3
fpu		: yes
fpu_exception	: yes
cpuid level	: 13
wp		: yes
flags		: fpu vme de pse tsc msr pae mce cx8 apic sep mtrr pge mca cmov pat pse36 clflush dts acpi mmx fxsr sse sse2 ss ht tm pbe syscall nx pdpe1gb rdtscp lm constant_tsc arch_perfmon pebs bts rep_good nopl xtopology nonstop_tsc aperfmperf eagerfpu pni pclmulqdq dtes64 monitor ds_cpl vmx est tm2 ssse3 sdbg fma cx16 xtpr pdcm pcid sse4_1 sse4_2 x2apic movbe popcnt tsc_deadline_timer aes xsave avx f16c rdrand lahf_lm abm epb tpr_shadow vnmi flexpriority ept vpid fsgsbase tsc_adjust bmi1 avx2 smep bmi2 erms invpcid xsaveopt dtherm arat pln pts
bugs		:
bogomips	: 3791.26
clflush size	: 64
cache_alignment	: 64
address sizes	: 39 bits physical, 48 bits virtual
power management:



Memory: 4k page, physical 3972820k(128560k free), swap 1020k(0k free)

vm_info: OpenJDK 64-Bit Server VM (25.112-b06) for linux-amd64 JRE (1.8.0_112-release-b06), built on Dec  6 2016 12:11:18 by "builder" with gcc 4.8.4

time: Sun Jul  9 12:58:02 2017
elapsed time: 1690 seconds (0d 0h 28m 10s)

