#
# There is insufficient memory for the Java Runtime Environment to continue.
# Native memory allocation (mmap) failed to map 210239488 bytes for committing reserved memory.
# Possible reasons:
#   The system is out of physical RAM or swap space
#   In 32 bit mode, the process size limit was hit
# Possible solutions:
#   Reduce memory load on the system
#   Increase physical memory or swap space
#   Check if swap backing store is full
#   Use 64 bit Java on a 64 bit OS
#   Decrease Java heap size (-Xmx/-Xms)
#   Decrease number of Java threads
#   Decrease Java thread stack sizes (-Xss)
#   Set larger code cache with -XX:ReservedCodeCacheSize=
# This output file may be truncated or incomplete.
#
#  Out of Memory Error (os_linux.cpp:2627), pid=4328, tid=0x00007f875befe700
#
# JRE version: OpenJDK Runtime Environment (8.0_112-b06) (build 1.8.0_112-release-b06)
# Java VM: OpenJDK 64-Bit Server VM (25.112-b06 mixed mode linux-amd64 compressed oops)
# Failed to write core dump. Core dumps have been disabled. To enable core dumping, try "ulimit -c unlimited" before starting Java again
#

---------------  T H R E A D  ---------------

Current thread (0x00007f8778077800):  VMThread [stack: 0x00007f875bdfe000,0x00007f875beff000] [id=4340]

Stack: [0x00007f875bdfe000,0x00007f875beff000],  sp=0x00007f875befd4d0,  free space=1021k
Native frames: (J=compiled Java code, j=interpreted, Vv=VM code, C=native code)
V  [libjvm.so+0x9e465d]  VMError::report_and_die()+0x15d
V  [libjvm.so+0x4b6ada]  report_vm_out_of_memory(char const*, int, unsigned long, VMErrorType, char const*)+0x8a
V  [libjvm.so+0x84c860]  os::pd_commit_memory(char*, unsigned long, unsigned long, bool)+0xf0
V  [libjvm.so+0x84737f]  os::commit_memory(char*, unsigned long, unsigned long, bool)+0x1f
V  [libjvm.so+0x8bd3db]  PSVirtualSpace::expand_by(unsigned long)+0x5b
V  [libjvm.so+0x8ae1bb]  PSOldGen::expand_by(unsigned long) [clone .part.109]+0x1b
V  [libjvm.so+0x8ae37b]  PSOldGen::expand(unsigned long) [clone .part.111]+0xdb
V  [libjvm.so+0x8aec58]  PSOldGen::resize(unsigned long)+0x188
V  [libjvm.so+0x8b426c]  PSParallelCompact::invoke_no_policy(bool)+0x97c
V  [libjvm.so+0x8bb37d]  PSScavenge::invoke()+0x17d
V  [libjvm.so+0x86fcf3]  ParallelScavengeHeap::failed_mem_allocate(unsigned long)+0x63
V  [libjvm.so+0x9e6124]  VM_ParallelGCFailedAllocation::doit()+0x84
V  [libjvm.so+0x9ea537]  VM_Operation::evaluate()+0x47
V  [libjvm.so+0x9e8ff8]  VMThread::evaluate_operation(VM_Operation*)+0x2c8
V  [libjvm.so+0x9e9479]  VMThread::loop()+0x219
V  [libjvm.so+0x9e98c2]  VMThread::run()+0x72
V  [libjvm.so+0x849c82]  java_start(Thread*)+0xf2

VM_Operation (0x00007f8702748030): ParallelGCFailedAllocation, mode: safepoint, requested by thread 0x00007f86f8070000


---------------  P R O C E S S  ---------------

Java Threads: ( => current thread )
  0x00007f86f8071000 JavaThread "pool-6-thread-4" [_thread_blocked, id=4410, stack(0x00007f8701c55000,0x00007f8701d56000)]
  0x00007f86f8070000 JavaThread "pool-6-thread-3" [_thread_blocked, id=4409, stack(0x00007f8702649000,0x00007f870274a000)]
  0x00007f86f806f000 JavaThread "pool-6-thread-2" [_thread_blocked, id=4408, stack(0x00007f870274a000,0x00007f870284b000)]
  0x00007f86f806d800 JavaThread "pool-7-thread-1" [_thread_blocked, id=4407, stack(0x00007f8702447000,0x00007f8702548000)]
  0x00007f86f806a800 JavaThread "pool-6-thread-1" [_thread_blocked, id=4406, stack(0x00007f8702548000,0x00007f8702649000)]
  0x00007f8714c57000 JavaThread "pool-4-thread-1" [_thread_blocked, id=4405, stack(0x00007f870284b000,0x00007f870294c000)]
  0x00007f8714978800 JavaThread "Cache update executor" [_thread_blocked, id=4372, stack(0x00007f8702b4c000,0x00007f8702c4d000)]
  0x00007f8714ff9800 JavaThread "pool-2-thread-1" [_thread_blocked, id=4370, stack(0x00007f8703c60000,0x00007f8703d61000)]
  0x00007f8714c67000 JavaThread "File lock request listener" [_thread_in_native, id=4369, stack(0x00007f875850b000,0x00007f875860c000)]
  0x00007f8714dc5800 JavaThread "process reaper" daemon [_thread_blocked, id=4368, stack(0x00007f875860c000,0x00007f8758645000)]
  0x00007f8778ced000 JavaThread "pool-1-thread-1" [_thread_blocked, id=4366, stack(0x00007f87590bf000,0x00007f87591c0000)]
  0x00007f8714008000 JavaThread "Asynchronous log dispatcher for DefaultDaemonConnection: socket connection from /127.0.0.1:35480 to /127.0.0.1:40918" [_thread_blocked, id=4364, stack(0x00007f87592c1000,0x00007f87593c2000)]
  0x00007f8728009800 JavaThread "Daemon worker" [_thread_blocked, id=4361, stack(0x00007f87593c2000,0x00007f87594c3000)]
  0x00007f8728004000 JavaThread "Cancel handler" [_thread_blocked, id=4360, stack(0x00007f87594c3000,0x00007f87595c4000)]
  0x00007f8728005800 JavaThread "Handler for socket connection from /127.0.0.1:35480 to /127.0.0.1:40918" [_thread_in_native, id=4359, stack(0x00007f87597c4000,0x00007f87598c5000)]
  0x00007f8724037800 JavaThread "Daemon" [_thread_blocked, id=4358, stack(0x00007f87598c5000,0x00007f87599c6000)]
  0x00007f8778c6c000 JavaThread "Incoming local TCP Connector on port 35480" [_thread_in_native, id=4357, stack(0x00007f8759bcd000,0x00007f8759cce000)]
  0x00007f87780bf800 JavaThread "Service Thread" daemon [_thread_blocked, id=4350, stack(0x00007f875b41f000,0x00007f875b520000)]
  0x00007f87780bc800 JavaThread "C1 CompilerThread2" daemon [_thread_blocked, id=4349, stack(0x00007f875b520000,0x00007f875b621000)]
  0x00007f87780ba800 JavaThread "C2 CompilerThread1" daemon [_thread_in_native, id=4348, stack(0x00007f875b621000,0x00007f875b722000)]
  0x00007f87780b7800 JavaThread "C2 CompilerThread0" daemon [_thread_blocked, id=4347, stack(0x00007f875b722000,0x00007f875b823000)]
  0x00007f87780b6800 JavaThread "Signal Dispatcher" daemon [_thread_blocked, id=4346, stack(0x00007f875b823000,0x00007f875b924000)]
  0x00007f8778083800 JavaThread "Finalizer" daemon [_thread_blocked, id=4345, stack(0x00007f875bbfc000,0x00007f875bcfd000)]
  0x00007f877807f000 JavaThread "Reference Handler" daemon [_thread_blocked, id=4343, stack(0x00007f875bcfd000,0x00007f875bdfe000)]
  0x00007f877800a000 JavaThread "main" [_thread_blocked, id=4331, stack(0x00007f877f71a000,0x00007f877f81b000)]

Other Threads:
=>0x00007f8778077800 VMThread [stack: 0x00007f875bdfe000,0x00007f875beff000] [id=4340]
  0x00007f87780c2000 WatcherThread [stack: 0x00007f875b31e000,0x00007f875b41f000] [id=4351]

VM state:at safepoint (normal execution)

VM Mutex/Monitor currently owned by a thread:  ([mutex/lock_event])
[0x00007f8778005df0] ExpandHeap_lock - owner thread: 0x00007f8778077800
[0x00007f8778006470] Threads_lock - owner thread: 0x00007f8778077800
[0x00007f8778006970] Heap_lock - owner thread: 0x00007f86f8070000

Heap:
 PSYoungGen      total 349696K, used 133447K [0x00000000e0000000, 0x0000000100000000, 0x0000000100000000)
  eden space 175104K, 0% used [0x00000000e0000000,0x00000000e0000000,0x00000000eab00000)
  from space 174592K, 76% used [0x00000000eab00000,0x00000000f2d51e48,0x00000000f5580000)
  to   space 174592K, 0% used [0x00000000f5580000,0x00000000f5580000,0x0000000100000000)
 ParOldGen       total 536576K, used 536212K [0x00000000a0000000, 0x00000000c0c00000, 0x00000000e0000000)
  object space 536576K, 99% used [0x00000000a0000000,0x00000000c0ba5058,0x00000000c0c00000)
 Metaspace       used 62102K, capacity 63826K, committed 64128K, reserved 1105920K
  class space    used 8151K, capacity 8557K, committed 8576K, reserved 1048576K

Card table byte_map: [0x00007f877c2ab000,0x00007f877c5ac000] byte_map_base: 0x00007f877bdab000

Marking Bits: (ParMarkBitMap*) 0x00007f877ebe8340
 Begin Bits: [0x00007f8761000000, 0x00007f8762800000)
 End Bits:   [0x00007f8762800000, 0x00007f8764000000)

Polling page: 0x00007f877f83a000

CodeCache: size=245760Kb used=35149Kb max_used=35149Kb free=210610Kb
 bounds [0x00007f8769000000, 0x00007f876b2b0000, 0x00007f8778000000]
 total_blobs=10717 nmethods=9936 adapters=692
 compilation: enabled

Compilation events (10 events):
Event: 68.970 Thread 0x00007f87780bc800 12586       2       com.android.dx.ssa.back.RegisterAllocator::insertMoveBefore (240 bytes)
Event: 68.973 Thread 0x00007f87780bc800 nmethod 12586 0x00007f876ae7a810 code [0x00007f876ae7ab40, 0x00007f876ae7bb08]
Event: 69.679 Thread 0x00007f87780bc800 12589       2       com.android.dx.cf.code.BytecodeArray$ConstantParserVisitor::visitLocal (5 bytes)
Event: 69.679 Thread 0x00007f87780bc800 nmethod 12589 0x00007f876b166390 code [0x00007f876b1664e0, 0x00007f876b166630]
Event: 69.682 Thread 0x00007f87780bc800 12590       3       com.android.dx.ssa.SCCP::run (298 bytes)
Event: 69.687 Thread 0x00007f87780bc800 nmethod 12590 0x00007f876b29d790 code [0x00007f876b29db60, 0x00007f876b2a0328]
Event: 69.726 Thread 0x00007f87780bc800 12593       2       java.util.concurrent.ConcurrentHashMap$TreeBin::lockRoot (20 bytes)
Event: 69.727 Thread 0x00007f87780bc800 nmethod 12593 0x00007f876a8dc2d0 code [0x00007f876a8dc440, 0x00007f876a8dc5e8]
Event: 69.965 Thread 0x00007f87780bc800 12596       2       com.android.dx.ssa.Dominators::make (17 bytes)
Event: 69.966 Thread 0x00007f87780bc800 nmethod 12596 0x00007f876aab48d0 code [0x00007f876aab4a40, 0x00007f876aab4c18]

GC Heap History (10 events):
Event: 64.332 GC heap after
Heap after GC invocations=58 (full 7):
 PSYoungGen      total 358400K, used 127462K [0x00000000e0000000, 0x0000000100000000, 0x0000000100000000)
  eden space 230912K, 0% used [0x00000000e0000000,0x00000000e0000000,0x00000000ee180000)
  from space 127488K, 99% used [0x00000000ee180000,0x00000000f5df9a08,0x00000000f5e00000)
  to   space 146432K, 0% used [0x00000000f7100000,0x00000000f7100000,0x0000000100000000)
 ParOldGen       total 536576K, used 372150K [0x00000000a0000000, 0x00000000c0c00000, 0x00000000e0000000)
  object space 536576K, 69% used [0x00000000a0000000,0x00000000b6b6d9d0,0x00000000c0c00000)
 Metaspace       used 62093K, capacity 63826K, committed 64128K, reserved 1105920K
  class space    used 8150K, capacity 8557K, committed 8576K, reserved 1048576K
}
Event: 65.218 GC heap before
{Heap before GC invocations=59 (full 7):
 PSYoungGen      total 358400K, used 358374K [0x00000000e0000000, 0x0000000100000000, 0x0000000100000000)
  eden space 230912K, 100% used [0x00000000e0000000,0x00000000ee180000,0x00000000ee180000)
  from space 127488K, 99% used [0x00000000ee180000,0x00000000f5df9a08,0x00000000f5e00000)
  to   space 146432K, 0% used [0x00000000f7100000,0x00000000f7100000,0x0000000100000000)
 ParOldGen       total 536576K, used 372150K [0x00000000a0000000, 0x00000000c0c00000, 0x00000000e0000000)
  object space 536576K, 69% used [0x00000000a0000000,0x00000000b6b6d9d0,0x00000000c0c00000)
 Metaspace       used 62093K, capacity 63826K, committed 64128K, reserved 1105920K
  class space    used 8150K, capacity 8557K, committed 8576K, reserved 1048576K
Event: 65.494 GC heap after
Heap after GC invocations=59 (full 7):
 PSYoungGen      total 368640K, used 100395K [0x00000000e0000000, 0x0000000100000000, 0x0000000100000000)
  eden space 222208K, 0% used [0x00000000e0000000,0x00000000e0000000,0x00000000ed900000)
  from space 146432K, 68% used [0x00000000f7100000,0x00000000fd30ac00,0x0000000100000000)
  to   space 151040K, 0% used [0x00000000ed900000,0x00000000ed900000,0x00000000f6c80000)
 ParOldGen       total 536576K, used 434118K [0x00000000a0000000, 0x00000000c0c00000, 0x00000000e0000000)
  object space 536576K, 80% used [0x00000000a0000000,0x00000000ba7f1be0,0x00000000c0c00000)
 Metaspace       used 62093K, capacity 63826K, committed 64128K, reserved 1105920K
  class space    used 8150K, capacity 8557K, committed 8576K, reserved 1048576K
}
Event: 66.548 GC heap before
{Heap before GC invocations=60 (full 7):
 PSYoungGen      total 368640K, used 322603K [0x00000000e0000000, 0x0000000100000000, 0x0000000100000000)
  eden space 222208K, 100% used [0x00000000e0000000,0x00000000ed900000,0x00000000ed900000)
  from space 146432K, 68% used [0x00000000f7100000,0x00000000fd30ac00,0x0000000100000000)
  to   space 151040K, 0% used [0x00000000ed900000,0x00000000ed900000,0x00000000f6c80000)
 ParOldGen       total 536576K, used 434118K [0x00000000a0000000, 0x00000000c0c00000, 0x00000000e0000000)
  object space 536576K, 80% used [0x00000000a0000000,0x00000000ba7f1be0,0x00000000c0c00000)
 Metaspace       used 62093K, capacity 63826K, committed 64128K, reserved 1105920K
  class space    used 8150K, capacity 8557K, committed 8576K, reserved 1048576K
Event: 66.758 GC heap after
Heap after GC invocations=60 (full 7):
 PSYoungGen      total 357376K, used 134857K [0x00000000e0000000, 0x0000000100000000, 0x0000000100000000)
  eden space 222208K, 0% used [0x00000000e0000000,0x00000000e0000000,0x00000000ed900000)
  from space 135168K, 99% used [0x00000000ed900000,0x00000000f5cb2540,0x00000000f5d00000)
  to   space 166912K, 0% used [0x00000000f5d00000,0x00000000f5d00000,0x0000000100000000)
 ParOldGen       total 536576K, used 434118K [0x00000000a0000000, 0x00000000c0c00000, 0x00000000e0000000)
  object space 536576K, 80% used [0x00000000a0000000,0x00000000ba7f1be0,0x00000000c0c00000)
 Metaspace       used 62093K, capacity 63826K, committed 64128K, reserved 1105920K
  class space    used 8150K, capacity 8557K, committed 8576K, reserved 1048576K
}
Event: 69.036 GC heap before
{Heap before GC invocations=61 (full 7):
 PSYoungGen      total 357376K, used 357065K [0x00000000e0000000, 0x0000000100000000, 0x0000000100000000)
  eden space 222208K, 100% used [0x00000000e0000000,0x00000000ed900000,0x00000000ed900000)
  from space 135168K, 99% used [0x00000000ed900000,0x00000000f5cb2540,0x00000000f5d00000)
  to   space 166912K, 0% used [0x00000000f5d00000,0x00000000f5d00000,0x0000000100000000)
 ParOldGen       total 536576K, used 434118K [0x00000000a0000000, 0x00000000c0c00000, 0x00000000e0000000)
  object space 536576K, 80% used [0x00000000a0000000,0x00000000ba7f1be0,0x00000000c0c00000)
 Metaspace       used 62102K, capacity 63826K, committed 64128K, reserved 1105920K
  class space    used 8151K, capacity 8557K, committed 8576K, reserved 1048576K
Event: 69.325 GC heap after
Heap after GC invocations=61 (full 7):
 PSYoungGen      total 342016K, used 164810K [0x00000000e0000000, 0x0000000100000000, 0x0000000100000000)
  eden space 175104K, 0% used [0x00000000e0000000,0x00000000e0000000,0x00000000eab00000)
  from space 166912K, 98% used [0x00000000f5d00000,0x00000000ffdf2870,0x0000000100000000)
  to   space 174592K, 0% used [0x00000000eab00000,0x00000000eab00000,0x00000000f5580000)
 ParOldGen       total 536576K, used 434118K [0x00000000a0000000, 0x00000000c0c00000, 0x00000000e0000000)
  object space 536576K, 80% used [0x00000000a0000000,0x00000000ba7f1be0,0x00000000c0c00000)
 Metaspace       used 62102K, capacity 63826K, committed 64128K, reserved 1105920K
  class space    used 8151K, capacity 8557K, committed 8576K, reserved 1048576K
}
Event: 70.004 GC heap before
{Heap before GC invocations=62 (full 7):
 PSYoungGen      total 342016K, used 339914K [0x00000000e0000000, 0x0000000100000000, 0x0000000100000000)
  eden space 175104K, 100% used [0x00000000e0000000,0x00000000eab00000,0x00000000eab00000)
  from space 166912K, 98% used [0x00000000f5d00000,0x00000000ffdf2870,0x0000000100000000)
  to   space 174592K, 0% used [0x00000000eab00000,0x00000000eab00000,0x00000000f5580000)
 ParOldGen       total 536576K, used 434118K [0x00000000a0000000, 0x00000000c0c00000, 0x00000000e0000000)
  object space 536576K, 80% used [0x00000000a0000000,0x00000000ba7f1be0,0x00000000c0c00000)
 Metaspace       used 62102K, capacity 63826K, committed 64128K, reserved 1105920K
  class space    used 8151K, capacity 8557K, committed 8576K, reserved 1048576K
Event: 70.359 GC heap after
Heap after GC invocations=62 (full 7):
 PSYoungGen      total 349696K, used 174466K [0x00000000e0000000, 0x0000000100000000, 0x0000000100000000)
  eden space 175104K, 0% used [0x00000000e0000000,0x00000000e0000000,0x00000000eab00000)
  from space 174592K, 99% used [0x00000000eab00000,0x00000000f5560910,0x00000000f5580000)
  to   space 174592K, 0% used [0x00000000f5580000,0x00000000f5580000,0x0000000100000000)
 ParOldGen       total 536576K, used 499918K [0x00000000a0000000, 0x00000000c0c00000, 0x00000000e0000000)
  object space 536576K, 93% used [0x00000000a0000000,0x00000000be833be0,0x00000000c0c00000)
 Metaspace       used 62102K, capacity 63826K, committed 64128K, reserved 1105920K
  class space    used 8151K, capacity 8557K, committed 8576K, reserved 1048576K
}
Event: 70.359 GC heap before
{Heap before GC invocations=63 (full 8):
 PSYoungGen      total 349696K, used 174466K [0x00000000e0000000, 0x0000000100000000, 0x0000000100000000)
  eden space 175104K, 0% used [0x00000000e0000000,0x00000000e0000000,0x00000000eab00000)
  from space 174592K, 99% used [0x00000000eab00000,0x00000000f5560910,0x00000000f5580000)
  to   space 174592K, 0% used [0x00000000f5580000,0x00000000f5580000,0x0000000100000000)
 ParOldGen       total 536576K, used 499918K [0x00000000a0000000, 0x00000000c0c00000, 0x00000000e0000000)
  object space 536576K, 93% used [0x00000000a0000000,0x00000000be833be0,0x00000000c0c00000)
 Metaspace       used 62102K, capacity 63826K, committed 64128K, reserved 1105920K
  class space    used 8151K, capacity 8557K, committed 8576K, reserved 1048576K

Deoptimization events (10 events):
Event: 68.457 Thread 0x00007f8714c57000 Uncommon trap: reason=class_check action=maybe_recompile pc=0x00007f876af4fad4 method=com.android.dx.util.BitIntSet.merge(Lcom/android/dx/util/IntSet;)V @ 1
Event: 68.457 Thread 0x00007f8714c57000 Uncommon trap: reason=class_check action=maybe_recompile pc=0x00007f876af93378 method=com.android.dx.ssa.back.InterferenceGraph.mergeInterferenceSet(ILcom/android/dx/util/IntSet;)V @ 20
Event: 68.457 Thread 0x00007f8714c57000 Uncommon trap: reason=class_check action=maybe_recompile pc=0x00007f876af4fad4 method=com.android.dx.util.BitIntSet.merge(Lcom/android/dx/util/IntSet;)V @ 1
Event: 68.463 Thread 0x00007f8714c57000 Uncommon trap: reason=class_check action=maybe_recompile pc=0x00007f876af93378 method=com.android.dx.ssa.back.InterferenceGraph.mergeInterferenceSet(ILcom/android/dx/util/IntSet;)V @ 20
Event: 68.463 Thread 0x00007f8714c57000 Uncommon trap: reason=class_check action=maybe_recompile pc=0x00007f876af4fad4 method=com.android.dx.util.BitIntSet.merge(Lcom/android/dx/util/IntSet;)V @ 1
Event: 68.590 Thread 0x00007f8714c57000 Uncommon trap: reason=unstable_if action=reinterpret pc=0x00007f876b282f8c method=com.android.dx.rop.cst.CstInterfaceMethodRef.toMethodRef()Lcom/android/dx/rop/cst/CstMethodRef; @ 4
Event: 68.652 Thread 0x00007f8714c57000 Uncommon trap: reason=unstable_if action=reinterpret pc=0x00007f876ab03818 method=com.android.dx.cf.code.Ropper.addOrReplaceBlock(Lcom/android/dx/rop/code/BasicBlock;Lcom/android/dx/util/IntList;)Z @ 24
Event: 68.961 Thread 0x00007f8714c57000 Uncommon trap: reason=unstable_if action=reinterpret pc=0x00007f876ab2c194 method=com.android.dx.rop.code.BasicBlockList.preferredSuccessorOf(Lcom/android/dx/rop/code/BasicBlock;)Lcom/android/dx/rop/code/BasicBlock; @ 58
Event: 69.682 Thread 0x00007f8714c57000 Uncommon trap: reason=unstable_if action=reinterpret pc=0x00007f876ac4210c method=com.android.dx.ssa.SCCP.run()V @ 179
Event: 69.687 Thread 0x00007f86f806a800 Uncommon trap: reason=predicate action=maybe_recompile pc=0x00007f8769910898 method=com.android.dx.ssa.DomFront.run()[Lcom/android/dx/ssa/DomFront$DomInfo; @ 32

Internal exceptions (10 events):
Event: 23.052 Thread 0x00007f8728009800 Exception <a 'java/lang/NoSuchMethodError': <clinit>> (0x00000000e318d9e8) thrown at [/ssd/Android/AOSP-openjdk/external/jetbrains/jdk/hotspot/src/share/vm/prims/jni.cpp, line 1613]
Event: 23.054 Thread 0x00007f8728009800 Exception <a 'java/lang/NoSuchMethodError': <clinit>> (0x00000000e31a6740) thrown at [/ssd/Android/AOSP-openjdk/external/jetbrains/jdk/hotspot/src/share/vm/prims/jni.cpp, line 1613]
Event: 23.054 Thread 0x00007f8728009800 Exception <a 'java/lang/NoSuchMethodError': <clinit>> (0x00000000e31a83c0) thrown at [/ssd/Android/AOSP-openjdk/external/jetbrains/jdk/hotspot/src/share/vm/prims/jni.cpp, line 1613]
Event: 24.943 Thread 0x00007f8728009800 Exception <a 'java/lang/NoSuchMethodError': java.lang.Object.lambda$negate$1(Ljava/lang/Object;)Z> (0x00000000e145bfd0) thrown at [/ssd/Android/AOSP-openjdk/external/jetbrains/jdk/hotspot/src/share/vm/interpreter/linkResolver.cpp, line 582]
Event: 34.845 Thread 0x00007f8714978800 Exception <a 'java/lang/NoSuchMethodError': <clinit>> (0x00000000e0b02128) thrown at [/ssd/Android/AOSP-openjdk/external/jetbrains/jdk/hotspot/src/share/vm/prims/jni.cpp, line 1613]
Event: 43.286 Thread 0x00007f86f8070000 Implicit null exception at 0x00007f876a3b9262 to 0x00007f876a3b935b
Event: 43.433 Thread 0x00007f86f8071000 Implicit null exception at 0x00007f8769444c3d to 0x00007f8769445b59
Event: 43.721 Thread 0x00007f86f8070000 Implicit null exception at 0x00007f876a5e4525 to 0x00007f876a5e5101
Event: 43.928 Thread 0x00007f86f8071000 Implicit null exception at 0x00007f876a55968d to 0x00007f876a559869
Event: 64.082 Thread 0x00007f86f8070000 Implicit null exception at 0x00007f876ac90032 to 0x00007f876ac90a71

Events (10 events):
Event: 69.725 Thread 0x00007f8714c57000 DEOPT UNPACKING pc=0x00007f8769047373 sp=0x00007f87029492e8 mode 0
Event: 69.774 Thread 0x00007f8714c57000 DEOPT PACKING pc=0x00007f876b29ffe1 sp=0x00007f8702949660
Event: 69.774 Thread 0x00007f8714c57000 DEOPT UNPACKING pc=0x00007f8769047373 sp=0x00007f8702949410 mode 0
Event: 69.827 Thread 0x00007f86f806a800 DEOPT PACKING pc=0x00007f876b29ffe1 sp=0x00007f87026471b0
Event: 69.827 Thread 0x00007f86f806a800 DEOPT UNPACKING pc=0x00007f8769047373 sp=0x00007f8702646f60 mode 0
Event: 69.834 Thread 0x00007f8714c57000 DEOPT PACKING pc=0x00007f87694354cd sp=0x00007f8702949680
Event: 69.834 Thread 0x00007f8714c57000 DEOPT UNPACKING pc=0x00007f8769047373 sp=0x00007f8702949410 mode 0
Event: 69.967 Thread 0x00007f8714c57000 DEOPT PACKING pc=0x00007f87694354cd sp=0x00007f8702949680
Event: 69.967 Thread 0x00007f8714c57000 DEOPT UNPACKING pc=0x00007f8769047373 sp=0x00007f8702949410 mode 0
Event: 70.003 Executing VM operation: ParallelGCFailedAllocation


Dynamic libraries:
00400000-00401000 r-xp 00000000 08:07 1201464                            /home/chivu/Downloads/android-studio-p/jre/bin/java
00600000-00601000 r--p 00000000 08:07 1201464                            /home/chivu/Downloads/android-studio-p/jre/bin/java
00601000-00602000 rw-p 00001000 08:07 1201464                            /home/chivu/Downloads/android-studio-p/jre/bin/java
021ff000-02269000 rw-p 00000000 00:00 0                                  [heap]
a0000000-c0c00000 rw-p 00000000 00:00 0 
cd480000-e0000000 ---p 00000000 00:00 0 
e0000000-100000000 rw-p 00000000 00:00 0 
100000000-100860000 rw-p 00000000 00:00 0 
100860000-140000000 ---p 00000000 00:00 0 
7f86e4000000-7f86e405a000 rw-p 00000000 00:00 0 
7f86e405a000-7f86e8000000 ---p 00000000 00:00 0 
7f86e8000000-7f86e8021000 rw-p 00000000 00:00 0 
7f86e8021000-7f86ec000000 ---p 00000000 00:00 0 
7f86ec000000-7f86ec04c000 rw-p 00000000 00:00 0 
7f86ec04c000-7f86f0000000 ---p 00000000 00:00 0 
7f86f0000000-7f86f005a000 rw-p 00000000 00:00 0 
7f86f005a000-7f86f4000000 ---p 00000000 00:00 0 
7f86f4000000-7f86f402d000 rw-p 00000000 00:00 0 
7f86f402d000-7f86f8000000 ---p 00000000 00:00 0 
7f86f8000000-7f86f820d000 rw-p 00000000 00:00 0 
7f86f820d000-7f86fc000000 ---p 00000000 00:00 0 
7f86fc000000-7f86fc021000 rw-p 00000000 00:00 0 
7f86fc021000-7f8700000000 ---p 00000000 00:00 0 
7f8701855000-7f8701895000 rw-p 00000000 00:00 0 
7f8701895000-7f8701a55000 ---p 00000000 00:00 0 
7f8701a55000-7f8701c55000 rw-p 00000000 00:00 0 
7f8701c55000-7f8701c58000 ---p 00000000 00:00 0 
7f8701c58000-7f8701f56000 rw-p 00000000 00:00 0 
7f8701f56000-7f8702156000 rw-p 00000000 00:00 0 
7f8702181000-7f8702247000 r--s 008d6000 08:07 2143686                    /home/chivu/Desktop/newsApp/app/build/intermediates/transforms/jarMerging/debug/jars/1/1f/combined.jar
7f8702247000-7f8702447000 rw-p 00000000 00:00 0 
7f8702447000-7f870244a000 ---p 00000000 00:00 0 
7f870244a000-7f8702548000 rw-p 00000000 00:00 0 
7f8702548000-7f870254b000 ---p 00000000 00:00 0 
7f870254b000-7f8702649000 rw-p 00000000 00:00 0 
7f8702649000-7f870264c000 ---p 00000000 00:00 0 
7f870264c000-7f870274a000 rw-p 00000000 00:00 0 
7f870274a000-7f870274d000 ---p 00000000 00:00 0 
7f870274d000-7f870284b000 rw-p 00000000 00:00 0 
7f870284b000-7f870284e000 ---p 00000000 00:00 0 
7f870284e000-7f8702b4c000 rw-p 00000000 00:00 0 
7f8702b4c000-7f8702b4f000 ---p 00000000 00:00 0 
7f8702b4f000-7f8702e4d000 rw-p 00000000 00:00 0 
7f8702e4d000-7f870304d000 rw-p 00000000 00:00 0 
7f870304d000-7f870324d000 rw-p 00000000 00:00 0 
7f870324d000-7f870344d000 rw-p 00000000 00:00 0 
7f870344d000-7f8703460000 r--s 00344000 08:07 1201558                    /home/chivu/Downloads/android-studio-p/jre/jre/lib/resources.jar
7f8703460000-7f8703660000 rw-p 00000000 00:00 0 
7f8703660000-7f8703860000 rw-p 00000000 00:00 0 
7f8703860000-7f8703a60000 rw-p 00000000 00:00 0 
7f8703a60000-7f8703c60000 rw-p 00000000 00:00 0 
7f8703c60000-7f8703c63000 ---p 00000000 00:00 0 
7f8703c63000-7f8703f61000 rw-p 00000000 00:00 0 
7f8703f61000-7f8703f62000 r--s 00001000 08:07 1094992                    /home/chivu/.gradle/caches/jars-2/cmhx5eetujk7j30d3nllwxyrlnugzjw/annotations-25.3.3.jar
7f8703f62000-7f8703f6a000 r--s 000a8000 08:07 932893                     /home/chivu/.gradle/caches/jars-2/lp0h431tl0554nh1vx6zomcvteflkp/lombok-ast-0.2.3.jar
7f8703f6a000-7f8703f7e000 r--s 000b4000 08:07 139376                     /home/chivu/.gradle/caches/jars-2/hgvw6szzawm3evod5l2d6iutfug31w0/uast-162.2228.14.jar
7f8703f7e000-7f8703f80000 r--s 0000d000 08:07 932889                     /home/chivu/.gradle/caches/jars-2/7pwz1bowgakb1eux9ezb56jlturgsyi/commons-codec-1.4.jar
7f8703f80000-7f8703f82000 r--s 0000d000 08:07 932887                     /home/chivu/.gradle/caches/jars-2/9dj1m0eyooi5qt13735vz8fpkl3cnfy/commons-logging-1.1.1.jar
7f8703f82000-7f8703f87000 r--s 00028000 08:07 932885                     /home/chivu/.gradle/caches/jars-2/62lv0fe9b3xbqe57f6ljy5upwi7mf6k/httpcore-4.1.jar
7f8703f87000-7f8703f8b000 r--s 0002f000 08:07 932883                     /home/chivu/.gradle/caches/jars-2/gsg5n52frsvw6sx0swqqe2hwijwdcf0/jimfs-1.1.jar
7f8703f8b000-7f8703f8c000 r--s 00004000 08:07 932881                     /home/chivu/.gradle/caches/jars-2/lxs252id0979odjrerlctkb26c2vj95/annotations-12.0.jar
7f8703f8c000-7f8703f8d000 r--s 00004000 08:07 932879                     /home/chivu/.gradle/caches/jars-2/9kn99dr0rulyl67sct1ephwcop56l61/asm-analysis-5.0.4.jar
7f8703f8d000-7f8703f91000 r--s 00040000 08:07 1094991                    /home/chivu/.gradle/caches/jars-2/ccvn7yglm4blceovs70fngoac1eyn4f/lint-api-25.3.3.jar
7f8703f91000-7f8703f93000 r--s 00005000 08:07 932873                     /home/chivu/.gradle/caches/jars-2/i6hc1uuj8e9ck59slmzdyz78ydn8sr6/httpmime-4.1.jar
7f8703f93000-7f8703f9b000 r--s 0004e000 08:07 932871                     /home/chivu/.gradle/caches/jars-2/7503wa5irssz0xxahv1xb82p2dl7rr2/httpclient-4.1.1.jar
7f8703f9b000-7f8703fa2000 r--s 00053000 08:07 932869                     /home/chivu/.gradle/caches/jars-2/jgkfvs4eqggj7qsyw1f5d3up57hanj1/commons-compress-1.8.1.jar
7f8703fa2000-7f8703fa7000 r--s 0002a000 08:07 932867                     /home/chivu/.gradle/caches/jars-2/je8f027qcr1z1egw08byp1ybxbp9kko/gson-2.2.4.jar
7f8703fa7000-7f8703fac000 r--s 0002e000 08:07 1094990                    /home/chivu/.gradle/caches/jars-2/s427p2wh0tfza0xa8qijgx107eeevyl/repository-25.3.3.jar
7f8703fac000-7f8703fae000 r--s 00006000 08:07 1094989                    /home/chivu/.gradle/caches/jars-2/e2s952s6co8tps89l80r4riixwqo2oe/dvlib-25.3.3.jar
7f8703fae000-7f8703fbe000 r--s 000d5000 08:07 932857                     /home/chivu/.gradle/caches/jars-2/qzf32gp9kej4w4hlbabft6tplu74cj3/proguard-base-5.3.2.jar
7f8703fbe000-7f8703fd5000 r--s 00154000 08:07 932851                     /home/chivu/.gradle/caches/jars-2/sfeivjswzitn6n0fnjx3ueszz8gv8o1/antlr4-4.5.3.jar
7f8703fd5000-7f8704000000 r--s 001fc000 08:07 932847                     /home/chivu/.gradle/caches/jars-2/nxjrjftly2xksl8o0wqgivu5netfu2x/guava-18.0.jar
7f8704000000-7f8704021000 rw-p 00000000 00:00 0 
7f8704021000-7f8708000000 ---p 00000000 00:00 0 
7f8708000000-7f8708021000 rw-p 00000000 00:00 0 
7f8708021000-7f870c000000 ---p 00000000 00:00 0 
7f870c000000-7f870c021000 rw-p 00000000 00:00 0 
7f870c021000-7f8710000000 ---p 00000000 00:00 0 
7f8710000000-7f8710021000 rw-p 00000000 00:00 0 
7f8710021000-7f8714000000 ---p 00000000 00:00 0 
7f8714000000-7f87153c2000 rw-p 00000000 00:00 0 
7f87153c2000-7f8718000000 ---p 00000000 00:00 0 
7f8718000000-7f8718021000 rw-p 00000000 00:00 0 
7f8718021000-7f871c000000 ---p 00000000 00:00 0 
7f871c000000-7f871c021000 rw-p 00000000 00:00 0 
7f871c021000-7f8720000000 ---p 00000000 00:00 0 
7f8720000000-7f8720021000 rw-p 00000000 00:00 0 
7f8720021000-7f8724000000 ---p 00000000 00:00 0 
7f8724000000-7f8724073000 rw-p 00000000 00:00 0 
7f8724073000-7f8728000000 ---p 00000000 00:00 0 
7f8728000000-7f8728021000 rw-p 00000000 00:00 0 
7f8728021000-7f872c000000 ---p 00000000 00:00 0 
7f872c000000-7f872c021000 rw-p 00000000 00:00 0 
7f872c021000-7f8730000000 ---p 00000000 00:00 0 
7f8730000000-7f8730021000 rw-p 00000000 00:00 0 
7f8730021000-7f8734000000 ---p 00000000 00:00 0 
7f8734000000-7f8735d35000 rw-p 00000000 00:00 0 
7f8735d35000-7f8738000000 ---p 00000000 00:00 0 
7f8738000000-7f87395ea000 rw-p 00000000 00:00 0 
7f87395ea000-7f873c000000 ---p 00000000 00:00 0 
7f873c000000-7f873c021000 rw-p 00000000 00:00 0 
7f873c021000-7f8740000000 ---p 00000000 00:00 0 
7f8740000000-7f874216b000 rw-p 00000000 00:00 0 
7f874216b000-7f8744000000 ---p 00000000 00:00 0 
7f8744000000-7f8744021000 rw-p 00000000 00:00 0 
7f8744021000-7f8748000000 ---p 00000000 00:00 0 
7f8748000000-7f8748021000 rw-p 00000000 00:00 0 
7f8748021000-7f874c000000 ---p 00000000 00:00 0 
7f874c000000-7f874c13a000 rw-p 00000000 00:00 0 
7f874c13a000-7f8750000000 ---p 00000000 00:00 0 
7f8750000000-7f8750398000 rw-p 00000000 00:00 0 
7f8750398000-7f8754000000 ---p 00000000 00:00 0 
7f8754000000-7f8754033000 rw-p 00000000 00:00 0 
7f8754033000-7f8758000000 ---p 00000000 00:00 0 
7f8758000000-7f8758001000 r--s 0000a000 08:07 932875                     /home/chivu/.gradle/caches/jars-2/nwyg9io65lv6jvmwit2wq82xnnxd7ia/kxml2-2.3.0.jar
7f8758001000-7f8758003000 r--s 00013000 08:07 1094883                    /home/chivu/.gradle/caches/jars-2/s02k517nvrh8cbp2c8dz4slqska6dj9/layoutlib-api-25.3.3.jar
7f8758003000-7f8758008000 r--s 00058000 08:07 932859                     /home/chivu/.gradle/caches/jars-2/st159835qgxm0l87oqrnhayxos4lc1n/asm-debug-all-5.0.1.jar
7f8758008000-7f875800b000 r--s 00033000 08:07 932855                     /home/chivu/.gradle/caches/jars-2/nz9sndmr8b4xbj4xulkaciy5kdbyfiz/juniversalchardet-1.0.3.jar
7f875800b000-7f875800f000 r--s 0002a000 08:07 932853                     /home/chivu/.gradle/caches/jars-2/krbpn9xjn1qymukyx8cc5l799ty1v3h/commons-io-2.4.jar
7f875800f000-7f8758011000 r--s 00002000 08:07 1094881                    /home/chivu/.gradle/caches/jars-2/rh2ip1x2zziz26tr3qzudtz088pqsb2/baseLibrary-2.3.3.jar
7f8758011000-7f8758024000 r--s 00241000 08:07 932845                     /home/chivu/.gradle/caches/jars-2/9yuekvg4qerfitq3xec0iyckuw3hwaq/ecj-4.6.1.jar
7f8758024000-7f875802b000 r--s 000d9000 08:07 1094862                    /home/chivu/.gradle/caches/jars-2/ak89aa8liqmr44u7r08njntn6oehe0z/lint-checks-25.3.3.jar
7f875802b000-7f875802d000 r--s 00006000 08:07 932841                     /home/chivu/.gradle/caches/jars-2/6phgj9ki3jl3p5epzkqoo8pr6kur40b/asm-tree-5.0.4.jar
7f875802d000-7f8758060000 r--s 00203000 08:07 932839                     /home/chivu/.gradle/caches/jars-2/hj0bfvxu9cq7hkwmecvp0kg137or3hh/bcprov-jdk15on-1.48.jar
7f8758060000-7f875806e000 r--s 00081000 08:07 932837                     /home/chivu/.gradle/caches/jars-2/4r7xli0tz94y0wfjrdyjxlxar3g1pb9/bcpkix-jdk15on-1.48.jar
7f875806e000-7f8758070000 r--s 00002000 08:07 932835                     /home/chivu/.gradle/caches/jars-2/f32bh5uivuf69ecz2j8hl96ksnqdh7v/javawriter-2.5.0.jar
7f8758070000-7f8758072000 r--s 00004000 08:07 1094861                    /home/chivu/.gradle/caches/jars-2/j6s1upogkwo00sygdsekzj4fx0i75uy/tracker-25.3.3.jar
7f8758072000-7f8758073000 r--s 00005000 08:07 1094860                    /home/chivu/.gradle/caches/jars-2/4svya0t1s9wyo35ycd3atidsaoo6w7e/shared-25.3.3.jar
7f8758073000-7f8758081000 r--s 00147000 08:07 1094859                    /home/chivu/.gradle/caches/jars-2/qx6695c5ocd9swxv7wqtxor3plyb4b7/protos-25.3.3.jar
7f8758081000-7f8758082000 r--s 00001000 08:07 139356                     /home/chivu/.gradle/caches/jars-2/bqo69msswbvaagsh45hf1tq02v21sml/jill-api-0.10.0.jar
7f8758082000-7f8758084000 r--s 00003000 08:07 139354                     /home/chivu/.gradle/caches/jars-2/7pldadygbci34ql8thws797g29k1uhh/jack-api-0.13.0.jar
7f8758084000-7f875808a000 r--s 0004a000 08:07 1094853                    /home/chivu/.gradle/caches/jars-2/euoqfzf5y1sibp9ul8mcz0wovj380eo/ddmlib-25.3.3.jar
7f875808a000-7f875808d000 r--s 00022000 08:07 1094848                    /home/chivu/.gradle/caches/jars-2/a81bg2yxzmumashablwecaj0ksz6tmj/manifest-merger-25.3.3.jar
7f875808d000-7f8758090000 r--s 0001c000 08:07 1094847                    /home/chivu/.gradle/caches/jars-2/l6cnyee1vojrkkbpp6qwgpf30shmrja/common-25.3.3.jar
7f8758090000-7f8758099000 r--s 00089000 08:07 1094417                    /home/chivu/.gradle/caches/jars-2/m0t6h8af70sdgxvkj522jy01i14mnb8/sdk-common-25.3.3.jar
7f8758099000-7f87580a3000 r--s 00098000 08:07 1094415                    /home/chivu/.gradle/caches/jars-2/28c9ykhc782k8jmlrnbnccai34hziki/sdklib-25.3.3.jar
7f87580a3000-7f87580a4000 r--s 00002000 08:07 1094389                    /home/chivu/.gradle/caches/jars-2/4dod7a1p5hoai4v37pxbcg65bbahvg2/builder-test-api-2.3.3.jar
7f87580a4000-7f87580a7000 r--s 00006000 08:07 1094385                    /home/chivu/.gradle/caches/jars-2/omk02asobup8sgd6qxom3ej5bg94z2r/builder-model-2.3.3.jar
7f87580a7000-7f87580b6000 r--s 00130000 08:07 932809                     /home/chivu/.gradle/caches/jars-2/cr6zkqpx14lor9zdtmo49qpc7y8r8p4/protobuf-java-3.0.0.jar
7f87580b6000-7f87580b8000 r--s 0000f000 08:07 932807                     /home/chivu/.gradle/caches/jars-2/rvfyugrlu5tbpz51p98og0qsxamjq4k/jopt-simple-4.9.jar
7f87580b8000-7f87580bc000 r--s 0001f000 08:07 932805                     /home/chivu/.gradle/caches/jars-2/nq3fzqkrrm37ob61z4iu5qdbh368uat/org.jacoco.report-0.7.5.201505241946.jar
7f87580bc000-7f87580c0000 r--s 0001d000 08:07 932803                     /home/chivu/.gradle/caches/jars-2/3kxkmcckmk40ron92zhbm0qjo9l4bkl/org.jacoco.core-0.7.5.201505241946.jar
7f87580c0000-7f87580c2000 r--s 00002000 08:07 932801                     /home/chivu/.gradle/caches/jars-2/m4m0pzb4gmaeh0in5g2xc4bxeuwt828/proguard-gradle-5.3.2.jar
7f87580c2000-7f87580c4000 r--s 00009000 08:07 932799                     /home/chivu/.gradle/caches/jars-2/ajvcvdu66lc9e3tvvipxtuq48i9bbkc/asm-commons-5.0.4.jar
7f87580c4000-7f87580c6000 r--s 0000c000 08:07 932797                     /home/chivu/.gradle/caches/jars-2/1laz1ygmxoc408r7nwqs1q8uk8r236d/asm-5.0.4.jar
7f87580c6000-7f87580cb000 r--s 0002c000 08:07 1094383                    /home/chivu/.gradle/caches/jars-2/3mlasgi8oo9o7oa12526198jui9zmp2/compilerCommon-2.3.3.jar
7f87580cb000-7f87580cc000 r--s 00002000 08:07 1094379                    /home/chivu/.gradle/caches/jars-2/73l309uzm0ila7rdaaxteq0ng4ayf2y/gradle-api-2.3.3.jar
7f87580cc000-7f87580cd000 r--s 00000000 08:07 139334                     /home/chivu/.gradle/caches/jars-2/tlyajppf8woug00g686fx5mchf8iv3o/transform-api-2.0.0-deprecated-use-gradle-api.jar
7f87580cd000-7f87580d2000 r--s 0005e000 08:07 1094349                    /home/chivu/.gradle/caches/jars-2/k2xtosjt0in0zj7mpwvctw6iznt93uh/lint-25.3.3.jar
7f87580d2000-7f87580e8000 r--s 00163000 08:07 1094347                    /home/chivu/.gradle/caches/jars-2/nyg71b5n2lzymmwh5vbtmvjiby07k4g/builder-2.3.3.jar
7f87580e8000-7f8758107000 r--s 001ca000 08:07 1094310                    /home/chivu/.gradle/caches/jars-2/5fwyvjq1ai8mdh1mluqxidj1wo7rls8/gradle-core-2.3.3.jar
7f8758107000-7f8758109000 r--s 00007000 08:07 266240                     /home/chivu/.gradle/caches/modules-2/files-2.1/com.google.gms/google-services/3.1.0/166ae4e6acd03b7bbebe221ffa54bc039fece1b9/google-services-3.1.0.jar
7f8758109000-7f875810b000 r--s 0000d000 08:07 1094266                    /home/chivu/.gradle/caches/jars-2/mel54vauze7hczg2p6nebauqz8s53sj/gradle-2.3.3.jar
7f875810b000-7f875830b000 rw-p 00000000 00:00 0 
7f875830b000-7f875850b000 rw-p 00000000 00:00 0 
7f875850b000-7f875850e000 ---p 00000000 00:00 0 
7f875850e000-7f875860c000 rw-p 00000000 00:00 0 
7f875860c000-7f875860f000 ---p 00000000 00:00 0 
7f875860f000-7f8758645000 rw-p 00000000 00:00 0 
7f8758645000-7f8758646000 r--p 00000000 00:00 0 
7f8758646000-7f8758846000 rw-p 00000000 00:00 0 
7f8758846000-7f8758a46000 rw-p 00000000 00:00 0 
7f8758a46000-7f8758c46000 rw-p 00000000 00:00 0 
7f8758c46000-7f8758e46000 rw-p 00000000 00:00 0 
7f8758e46000-7f8758ebf000 r--s 010ed000 08:07 1201473                    /home/chivu/Downloads/android-studio-p/jre/lib/tools.jar
7f8758ebf000-7f87590bf000 rw-p 00000000 00:00 0 
7f87590bf000-7f87590c2000 ---p 00000000 00:00 0 
7f87590c2000-7f87591c0000 rw-p 00000000 00:00 0 
7f87591c0000-7f87591c3000 ---p 00000000 00:00 0 
7f87591c3000-7f87592c1000 rw-p 00000000 00:00 0 
7f87592c1000-7f87592c4000 ---p 00000000 00:00 0 
7f87592c4000-7f87593c2000 rw-p 00000000 00:00 0 
7f87593c2000-7f87593c5000 ---p 00000000 00:00 0 
7f87593c5000-7f87594c3000 rw-p 00000000 00:00 0 
7f87594c3000-7f87594c6000 ---p 00000000 00:00 0 
7f87594c6000-7f87597c4000 rw-p 00000000 00:00 0 
7f87597c4000-7f87597c7000 ---p 00000000 00:00 0 
7f87597c7000-7f87598c5000 rw-p 00000000 00:00 0 
7f87598c5000-7f87598c8000 ---p 00000000 00:00 0 
7f87598c8000-7f87599c6000 rw-p 00000000 00:00 0 
7f87599c6000-7f87599cd000 r--s 00000000 08:07 1590595                    /usr/lib/x86_64-linux-gnu/gconv/gconv-modules.cache
7f87599cd000-7f8759bcd000 rw-p 00000000 00:00 0 
7f8759bcd000-7f8759bd0000 ---p 00000000 00:00 0 
7f8759bd0000-7f8759cce000 rw-p 00000000 00:00 0 
7f8759cce000-7f8759cd7000 r-xp 00000000 08:07 1201548                    /home/chivu/Downloads/android-studio-p/jre/jre/lib/amd64/libmanagement.so
7f8759cd7000-7f8759ed6000 ---p 00009000 08:07 1201548                    /home/chivu/Downloads/android-studio-p/jre/jre/lib/amd64/libmanagement.so
7f8759ed6000-7f8759ed7000 r--p 00008000 08:07 1201548                    /home/chivu/Downloads/android-studio-p/jre/jre/lib/amd64/libmanagement.so
7f8759ed7000-7f8759ed8000 rw-p 00009000 08:07 1201548                    /home/chivu/Downloads/android-studio-p/jre/jre/lib/amd64/libmanagement.so
7f8759ed8000-7f8759edd000 r--s 00098000 08:07 1201512                    /home/chivu/Downloads/android-studio-p/jre/jre/lib/jsse.jar
7f8759edd000-7f8759edf000 r--s 00007000 08:07 1189108                    /home/chivu/.gradle/wrapper/dists/gradle-3.3-all/55gk2rcmfc6p2dg9u9ohc3hw9/gradle-3.3/lib/plugins/gradle-tooling-api-builders-3.3.jar
7f8759edf000-7f8759ee2000 r--s 00009000 08:07 1189101                    /home/chivu/.gradle/wrapper/dists/gradle-3.3-all/55gk2rcmfc6p2dg9u9ohc3hw9/gradle-3.3/lib/plugins/gradle-testing-native-3.3.jar
7f8759ee2000-7f8759ee8000 r--s 00033000 08:07 1189176                    /home/chivu/.gradle/wrapper/dists/gradle-3.3-all/55gk2rcmfc6p2dg9u9ohc3hw9/gradle-3.3/lib/plugins/snakeyaml-1.6.jar
7f8759ee8000-7f8759eea000 r--s 00006000 08:07 1189175                    /home/chivu/.gradle/wrapper/dists/gradle-3.3-all/55gk2rcmfc6p2dg9u9ohc3hw9/gradle-3.3/lib/plugins/jcommander-1.12.jar
7f8759eea000-7f8759eef000 r--s 00040000 08:07 1189174                    /home/chivu/.gradle/wrapper/dists/gradle-3.3-all/55gk2rcmfc6p2dg9u9ohc3hw9/gradle-3.3/lib/plugins/bsh-2.0b4.jar
7f8759eef000-7f8759ef1000 r--s 00009000 08:07 1189182                    /home/chivu/.gradle/wrapper/dists/gradle-3.3-all/55gk2rcmfc6p2dg9u9ohc3hw9/gradle-3.3/lib/plugins/hamcrest-core-1.3.jar
7f8759ef1000-7f8759efa000 r--s 00089000 08:07 1189133                    /home/chivu/.gradle/wrapper/dists/gradle-3.3-all/55gk2rcmfc6p2dg9u9ohc3hw9/gradle-3.3/lib/plugins/testng-6.3.1.jar
7f8759efa000-7f8759f02000 r--s 00045000 08:07 1189132                    /home/chivu/.gradle/wrapper/dists/gradle-3.3-all/55gk2rcmfc6p2dg9u9ohc3hw9/gradle-3.3/lib/plugins/junit-4.12.jar
7f8759f02000-7f8759f08000 r--s 0002e000 08:07 1189102                    /home/chivu/.gradle/wrapper/dists/gradle-3.3-all/55gk2rcmfc6p2dg9u9ohc3hw9/gradle-3.3/lib/plugins/gradle-testing-jvm-3.3.jar
7f8759f08000-7f8759f0c000 r--s 00016000 08:07 1189100                    /home/chivu/.gradle/wrapper/dists/gradle-3.3-all/55gk2rcmfc6p2dg9u9ohc3hw9/gradle-3.3/lib/plugins/gradle-testing-base-3.3.jar
7f8759f0c000-7f8759f13000 r--s 00038000 08:07 1189127                    /home/chivu/.gradle/wrapper/dists/gradle-3.3-all/55gk2rcmfc6p2dg9u9ohc3hw9/gradle-3.3/lib/plugins/bcpg-jdk15on-1.51.jar
7f8759f13000-7f8759f15000 r--s 0000c000 08:07 1189079                    /home/chivu/.gradle/wrapper/dists/gradle-3.3-all/55gk2rcmfc6p2dg9u9ohc3hw9/gradle-3.3/lib/plugins/gradle-signing-3.3.jar
7f8759f15000-7f8759f17000 r--s 00007000 08:07 1189078                    /home/chivu/.gradle/wrapper/dists/gradle-3.3-all/55gk2rcmfc6p2dg9u9ohc3hw9/gradle-3.3/lib/plugins/gradle-scala-3.3.jar
7f8759f17000-7f8759f18000 r--s 00004000 08:07 1189106                    /home/chivu/.gradle/wrapper/dists/gradle-3.3-all/55gk2rcmfc6p2dg9u9ohc3hw9/gradle-3.3/lib/plugins/gradle-resources-sftp-3.3.jar
7f8759f18000-7f8759f28000 r--s 00088000 08:07 1189143                    /home/chivu/.gradle/wrapper/dists/gradle-3.3-all/55gk2rcmfc6p2dg9u9ohc3hw9/gradle-3.3/lib/plugins/joda-time-2.8.2.jar
7f8759f28000-7f8759f39000 r--s 0010d000 08:07 1189142                    /home/chivu/.gradle/wrapper/dists/gradle-3.3-all/55gk2rcmfc6p2dg9u9ohc3hw9/gradle-3.3/lib/plugins/jackson-databind-2.6.6.jar
7f8759f39000-7f8759f3c000 r--s 00009000 08:07 1189141                    /home/chivu/.gradle/wrapper/dists/gradle-3.3-all/55gk2rcmfc6p2dg9u9ohc3hw9/gradle-3.3/lib/plugins/jackson-annotations-2.6.6.jar
7f8759f3c000-7f8759f40000 r--s 0003c000 08:07 1189140                    /home/chivu/.gradle/wrapper/dists/gradle-3.3-all/55gk2rcmfc6p2dg9u9ohc3hw9/gradle-3.3/lib/plugins/jackson-core-2.6.6.jar
7f8759f40000-7f8759f4e000 r--s 00087000 08:07 1189139                    /home/chivu/.gradle/wrapper/dists/gradle-3.3-all/55gk2rcmfc6p2dg9u9ohc3hw9/gradle-3.3/lib/plugins/aws-java-sdk-core-1.11.6.jar
7f8759f4e000-7f8759f55000 r--s 00057000 08:07 1189138                    /home/chivu/.gradle/wrapper/dists/gradle-3.3-all/55gk2rcmfc6p2dg9u9ohc3hw9/gradle-3.3/lib/plugins/aws-java-sdk-kms-1.11.6.jar
7f8759f55000-7f8759f62000 r--s 0008e000 08:07 1189137                    /home/chivu/.gradle/wrapper/dists/gradle-3.3-all/55gk2rcmfc6p2dg9u9ohc3hw9/gradle-3.3/lib/plugins/aws-java-sdk-s3-1.11.6.jar
7f8759f62000-7f8759f64000 r--s 00004000 08:07 1189107                    /home/chivu/.gradle/wrapper/dists/gradle-3.3-all/55gk2rcmfc6p2dg9u9ohc3hw9/gradle-3.3/lib/plugins/gradle-resources-s3-3.3.jar
7f8759f64000-7f8759f66000 r--s 00005000 08:07 1189131                    /home/chivu/.gradle/wrapper/dists/gradle-3.3-all/55gk2rcmfc6p2dg9u9ohc3hw9/gradle-3.3/lib/plugins/jatl-0.2.2.jar
7f8759f66000-7f8759f68000 r--s 0000f000 08:07 1189084                    /home/chivu/.gradle/wrapper/dists/gradle-3.3-all/55gk2rcmfc6p2dg9u9ohc3hw9/gradle-3.3/lib/plugins/gradle-reporting-3.3.jar
7f8759f68000-7f8759f6a000 r--s 00002000 08:07 1189085                    /home/chivu/.gradle/wrapper/dists/gradle-3.3-all/55gk2rcmfc6p2dg9u9ohc3hw9/gradle-3.3/lib/plugins/gradle-publish-3.3.jar
7f8759f6a000-7f8759f6c000 r--s 00009000 08:07 1189114                    /home/chivu/.gradle/wrapper/dists/gradle-3.3-all/55gk2rcmfc6p2dg9u9ohc3hw9/gradle-3.3/lib/plugins/commons-cli-1.2.jar
7f8759f6c000-7f8759f72000 r--s 00031000 08:07 1189070                    /home/chivu/.gradle/wrapper/dists/gradle-3.3-all/55gk2rcmfc6p2dg9u9ohc3hw9/gradle-3.3/lib/plugins/gradle-plugins-3.3.jar
7f8759f72000-7f8759f74000 r--s 00009000 08:07 1189103                    /home/chivu/.gradle/wrapper/dists/gradle-3.3-all/55gk2rcmfc6p2dg9u9ohc3hw9/gradle-3.3/lib/plugins/gradle-plugin-development-3.3.jar
7f8759f74000-7f8759f7a000 r--s 0002b000 08:07 1189096                    /home/chivu/.gradle/wrapper/dists/gradle-3.3-all/55gk2rcmfc6p2dg9u9ohc3hw9/gradle-3.3/lib/plugins/gradle-platform-play-3.3.jar
7f8759f7a000-7f8759f88000 r--s 00055000 08:07 1189095                    /home/chivu/.gradle/wrapper/dists/gradle-3.3-all/55gk2rcmfc6p2dg9u9ohc3hw9/gradle-3.3/lib/plugins/gradle-platform-native-3.3.jar
7f8759f88000-7f8759f8d000 r--s 0001f000 08:07 1189090                    /home/chivu/.gradle/wrapper/dists/gradle-3.3-all/55gk2rcmfc6p2dg9u9ohc3hw9/gradle-3.3/lib/plugins/gradle-platform-jvm-3.3.jar
7f8759f8d000-7f8759f95000 r--s 00027000 08:07 1189089                    /home/chivu/.gradle/wrapper/dists/gradle-3.3-all/55gk2rcmfc6p2dg9u9ohc3hw9/gradle-3.3/lib/plugins/gradle-platform-base-3.3.jar
7f8759f95000-7f8759fbd000 r--s 0021c000 08:07 1189122                    /home/chivu/.gradle/wrapper/dists/gradle-3.3-all/55gk2rcmfc6p2dg9u9ohc3hw9/gradle-3.3/lib/plugins/biz.aQute.bndlib-3.2.0.jar
7f8759fbd000-7f8759fbf000 r--s 00003000 08:07 1189074                    /home/chivu/.gradle/wrapper/dists/gradle-3.3-all/55gk2rcmfc6p2dg9u9ohc3hw9/gradle-3.3/lib/plugins/gradle-osgi-3.3.jar
7f8759fbf000-7f8759fc2000 r--s 0000c000 08:07 1189125                    /home/chivu/.gradle/wrapper/dists/gradle-3.3-all/55gk2rcmfc6p2dg9u9ohc3hw9/gradle-3.3/lib/plugins/pmaven-groovy-0.8-20100325.jar
7f8759fc2000-7f8759fc3000 r--s 00004000 08:07 1189124                    /home/chivu/.gradle/wrapper/dists/gradle-3.3-all/55gk2rcmfc6p2dg9u9ohc3hw9/gradle-3.3/lib/plugins/pmaven-common-0.8-20100325.jar
7f8759fc3000-7f8759fc9000 r--s 00023000 08:07 1189075                    /home/chivu/.gradle/wrapper/dists/gradle-3.3-all/55gk2rcmfc6p2dg9u9ohc3hw9/gradle-3.3/lib/plugins/gradle-maven-3.3.jar
7f8759fc9000-7f8759fcc000 r--s 0000b000 08:07 1189094                    /home/chivu/.gradle/wrapper/dists/gradle-3.3-all/55gk2rcmfc6p2dg9u9ohc3hw9/gradle-3.3/lib/plugins/gradle-language-scala-3.3.jar
7f8759fcc000-7f8759fd2000 r--s 0001a000 08:07 1189098                    /home/chivu/.gradle/wrapper/dists/gradle-3.3-all/55gk2rcmfc6p2dg9u9ohc3hw9/gradle-3.3/lib/plugins/gradle-language-native-3.3.jar
7f8759fd2000-7f8759fd5000 r--s 00005000 08:07 1189091                    /home/chivu/.gradle/wrapper/dists/gradle-3.3-all/55gk2rcmfc6p2dg9u9ohc3hw9/gradle-3.3/lib/plugins/gradle-language-jvm-3.3.jar
7f8759fd5000-7f8759fdb000 r--s 00027000 08:07 1189092                    /home/chivu/.gradle/wrapper/dists/gradle-3.3-all/55gk2rcmfc6p2dg9u9ohc3hw9/gradle-3.3/lib/plugins/gradle-language-java-3.3.jar
7f8759fdb000-7f8759fdd000 r--s 0000a000 08:07 1189093                    /home/chivu/.gradle/wrapper/dists/gradle-3.3-all/55gk2rcmfc6p2dg9u9ohc3hw9/gradle-3.3/lib/plugins/gradle-language-groovy-3.3.jar
7f8759fdd000-7f8759fe0000 r--s 0001e000 08:07 1189149                    /home/chivu/.gradle/wrapper/dists/gradle-3.3-all/55gk2rcmfc6p2dg9u9ohc3hw9/gradle-3.3/lib/plugins/jsp-api-2.1-6.1.14.jar
7f8759fe0000-7f875a003000 r--s 00344000 08:07 1189148                    /home/chivu/.gradle/wrapper/dists/gradle-3.3-all/55gk2rcmfc6p2dg9u9ohc3hw9/gradle-3.3/lib/plugins/core-3.1.1.jar
7f875a003000-7f875a004000 r--s 00006000 08:07 1189147                    /home/chivu/.gradle/wrapper/dists/gradle-3.3-all/55gk2rcmfc6p2dg9u9ohc3hw9/gradle-3.3/lib/plugins/jetty-naming-6.1.26.jar
7f875a004000-7f875a005000 r--s 00002000 08:07 1189121                    /home/chivu/.gradle/wrapper/dists/gradle-3.3-all/55gk2rcmfc6p2dg9u9ohc3hw9/gradle-3.3/lib/plugins/geronimo-annotation_1.0_spec-1.0.jar
7f875a005000-7f875a007000 r--s 00002000 08:07 1189120                    /home/chivu/.gradle/wrapper/dists/gradle-3.3-all/55gk2rcmfc6p2dg9u9ohc3hw9/gradle-3.3/lib/plugins/jetty-annotations-6.1.26.jar
7f875a007000-7f875a018000 r--s 000ea000 08:07 1189119                    /home/chivu/.gradle/wrapper/dists/gradle-3.3-all/55gk2rcmfc6p2dg9u9ohc3hw9/gradle-3.3/lib/plugins/jsp-2.1-6.1.14.jar
7f875a018000-7f875a01a000 r--s 0000d000 08:07 1189118                    /home/chivu/.gradle/wrapper/dists/gradle-3.3-all/55gk2rcmfc6p2dg9u9ohc3hw9/gradle-3.3/lib/plugins/jetty-plus-6.1.26.jar
7f875a01a000-7f875a01c000 r--s 0001f000 08:07 1189117                    /home/chivu/.gradle/wrapper/dists/gradle-3.3-all/55gk2rcmfc6p2dg9u9ohc3hw9/gradle-3.3/lib/plugins/servlet-api-2.5-20081211.jar
7f875a01c000-7f875a020000 r--s 00028000 08:07 1189116                    /home/chivu/.gradle/wrapper/dists/gradle-3.3-all/55gk2rcmfc6p2dg9u9ohc3hw9/gradle-3.3/lib/plugins/jetty-util-6.1.26.jar
7f875a020000-7f875a027000 r--s 0007d000 08:07 1189115                    /home/chivu/.gradle/wrapper/dists/gradle-3.3-all/55gk2rcmfc6p2dg9u9ohc3hw9/gradle-3.3/lib/plugins/jetty-6.1.26.jar
7f875a027000-7f875a029000 r--s 0000a000 08:07 1189072                    /home/chivu/.gradle/wrapper/dists/gradle-3.3-all/55gk2rcmfc6p2dg9u9ohc3hw9/gradle-3.3/lib/plugins/gradle-jetty-3.3.jar
7f875a029000-7f875a030000 r--s 00035000 08:07 1189130                    /home/chivu/.gradle/wrapper/dists/gradle-3.3-all/55gk2rcmfc6p2dg9u9ohc3hw9/gradle-3.3/lib/plugins/simple-4.1.21.jar
7f875a030000-7f875a03c000 r--s 00100000 08:07 1189128                    /home/chivu/.gradle/wrapper/dists/gradle-3.3-all/55gk2rcmfc6p2dg9u9ohc3hw9/gradle-3.3/lib/plugins/rhino-1.7R3.jar
7f875a03c000-7f875a040000 r--s 00012000 08:07 1189081                    /home/chivu/.gradle/wrapper/dists/gradle-3.3-all/55gk2rcmfc6p2dg9u9ohc3hw9/gradle-3.3/lib/plugins/gradle-javascript-3.3.jar
7f875a040000-7f875a042000 r--s 0000d000 08:07 1189087                    /home/chivu/.gradle/wrapper/dists/gradle-3.3-all/55gk2rcmfc6p2dg9u9ohc3hw9/gradle-3.3/lib/plugins/gradle-jacoco-3.3.jar
7f875a042000-7f875a045000 r--s 0000e000 08:07 1189086                    /home/chivu/.gradle/wrapper/dists/gradle-3.3-all/55gk2rcmfc6p2dg9u9ohc3hw9/gradle-3.3/lib/plugins/gradle-ivy-3.3.jar
7f875a045000-7f875a046000 r--s 00002000 08:07 1189097                    /home/chivu/.gradle/wrapper/dists/gradle-3.3-all/55gk2rcmfc6p2dg9u9ohc3hw9/gradle-3.3/lib/plugins/gradle-ide-play-3.3.jar
7f875a046000-7f875a049000 r--s 00013000 08:07 1189099                    /home/chivu/.gradle/wrapper/dists/gradle-3.3-all/55gk2rcmfc6p2dg9u9ohc3hw9/gradle-3.3/lib/plugins/gradle-ide-native-3.3.jar
7f875a049000-7f875a052000 r--s 00055000 08:07 1189076                    /home/chivu/.gradle/wrapper/dists/gradle-3.3-all/55gk2rcmfc6p2dg9u9ohc3hw9/gradle-3.3/lib/plugins/gradle-ide-3.3.jar
7f875a052000-7f875a054000 r--s 00007000 08:07 1189080                    /home/chivu/.gradle/wrapper/dists/gradle-3.3-all/55gk2rcmfc6p2dg9u9ohc3hw9/gradle-3.3/lib/plugins/gradle-ear-3.3.jar
7f875a054000-7f875a05a000 r--s 00039000 08:07 1189083                    /home/chivu/.gradle/wrapper/dists/gradle-3.3-all/55gk2rcmfc6p2dg9u9ohc3hw9/gradle-3.3/lib/plugins/gradle-diagnostics-3.3.jar
7f875a05a000-7f875a05b000 r--s 00009000 08:07 1189109                    /home/chivu/.gradle/wrapper/dists/gradle-3.3-all/55gk2rcmfc6p2dg9u9ohc3hw9/gradle-3.3/lib/plugins/gradle-composite-builds-3.3.jar
7f875a05b000-7f875a05f000 r--s 00023000 08:07 1189071                    /home/chivu/.gradle/wrapper/dists/gradle-3.3-all/55gk2rcmfc6p2dg9u9ohc3hw9/gradle-3.3/lib/plugins/gradle-code-quality-3.3.jar
7f875a05f000-7f875a063000 r--s 00022000 08:07 1189088                    /home/chivu/.gradle/wrapper/dists/gradle-3.3-all/55gk2rcmfc6p2dg9u9ohc3hw9/gradle-3.3/lib/plugins/gradle-build-init-3.3.jar
7f875a063000-7f875a069000 r--s 0008e000 08:07 1189082                    /home/chivu/.gradle/wrapper/dists/gradle-3.3-all/55gk2rcmfc6p2dg9u9ohc3hw9/gradle-3.3/lib/plugins/gradle-build-comparison-3.3.jar
7f875a069000-7f875a06a000 r--s 00001000 08:07 1189110                    /home/chivu/.gradle/wrapper/dists/gradle-3.3-all/55gk2rcmfc6p2dg9u9ohc3hw9/gradle-3.3/lib/plugins/gradle-build-cache-http-3.3.jar
7f875a06a000-7f875a06c000 r--s 00008000 08:07 1189073                    /home/chivu/.gradle/wrapper/dists/gradle-3.3-all/55gk2rcmfc6p2dg9u9ohc3hw9/gradle-3.3/lib/plugins/gradle-antlr-3.3.jar
7f875a06c000-7f875a06e000 r--s 00004000 08:07 1189077                    /home/chivu/.gradle/wrapper/dists/gradle-3.3-all/55gk2rcmfc6p2dg9u9ohc3hw9/gradle-3.3/lib/plugins/gradle-announce-3.3.jar
7f875a06e000-7f875a086000 r--s 00115000 08:07 1189179                    /home/chivu/.gradle/wrapper/dists/gradle-3.3-all/55gk2rcmfc6p2dg9u9ohc3hw9/gradle-3.3/lib/plugins/xercesImpl-2.9.1.jar
7f875a086000-7f875a08e000 r--s 00028000 08:07 1189180                    /home/chivu/.gradle/wrapper/dists/gradle-3.3-all/55gk2rcmfc6p2dg9u9ohc3hw9/gradle-3.3/lib/plugins/xml-apis-1.3.04.jar
7f875a08e000-7f875a094000 r--s 0005b000 08:07 1189178                    /home/chivu/.gradle/wrapper/dists/gradle-3.3-all/55gk2rcmfc6p2dg9u9ohc3hw9/gradle-3.3/lib/plugins/jcifs-1.3.17.jar
7f875a094000-7f875a09a000 r--s 00033000 08:07 1189126                    /home/chivu/.gradle/wrapper/dists/gradle-3.3-all/55gk2rcmfc6p2dg9u9ohc3hw9/gradle-3.3/lib/plugins/commons-codec-1.6.jar
7f875a09a000-7f875a0a1000 r--s 00049000 08:07 1189177                    /home/chivu/.gradle/wrapper/dists/gradle-3.3-all/55gk2rcmfc6p2dg9u9ohc3hw9/gradle-3.3/lib/plugins/httpcore-4.4.4.jar
7f875a0a1000-7f875a0a4000 r--s 0001c000 08:07 1189135                    /home/chivu/.gradle/wrapper/dists/gradle-3.3-all/55gk2rcmfc6p2dg9u9ohc3hw9/gradle-3.3/lib/plugins/nekohtml-1.9.14.jar
7f875a0a4000-7f875a0b1000 r--s 000a4000 08:07 1189134                    /home/chivu/.gradle/wrapper/dists/gradle-3.3-all/55gk2rcmfc6p2dg9u9ohc3hw9/gradle-3.3/lib/plugins/httpclient-4.4.1.jar
7f875a0b1000-7f875a0b4000 r--s 0000a000 08:07 1189105                    /home/chivu/.gradle/wrapper/dists/gradle-3.3-all/55gk2rcmfc6p2dg9u9ohc3hw9/gradle-3.3/lib/plugins/gradle-resources-http-3.3.jar
7f875a0b4000-7f875a0b8000 r--s 00015000 08:07 1189104                    /home/chivu/.gradle/wrapper/dists/gradle-3.3-all/55gk2rcmfc6p2dg9u9ohc3hw9/gradle-3.3/lib/plugins/gradle-plugin-use-3.3.jar
7f875a0b8000-7f875a0b9000 r--s 00000000 08:07 1189016                    /home/chivu/.gradle/wrapper/dists/gradle-3.3-all/55gk2rcmfc6p2dg9u9ohc3hw9/gradle-3.3/lib/gradle-installation-beacon-3.3.jar
7f875a0b9000-7f875a0bb000 r--s 00006000 08:07 1189173                    /home/chivu/.gradle/wrapper/dists/gradle-3.3-all/55gk2rcmfc6p2dg9u9ohc3hw9/gradle-3.3/lib/plugins/aether-connector-wagon-1.13.1.jar
7f875a0bb000-7f875a0bf000 r--s 0001c000 08:07 1189172                    /home/chivu/.gradle/wrapper/dists/gradle-3.3-all/55gk2rcmfc6p2dg9u9ohc3hw9/gradle-3.3/lib/plugins/aether-util-1.13.1.jar
7f875a0bf000-7f875a0c0000 r--s 00003000 08:07 1189171                    /home/chivu/.gradle/wrapper/dists/gradle-3.3-all/55gk2rcmfc6p2dg9u9ohc3hw9/gradle-3.3/lib/plugins/aether-spi-1.13.1.jar
7f875a0c0000-7f875a0c3000 r--s 0001d000 08:07 1189170                    /home/chivu/.gradle/wrapper/dists/gradle-3.3-all/55gk2rcmfc6p2dg9u9ohc3hw9/gradle-3.3/lib/plugins/aether-impl-1.13.1.jar
7f875a0c3000-7f875a0c6000 r--s 00013000 08:07 1189169                    /home/chivu/.gradle/wrapper/dists/gradle-3.3-all/55gk2rcmfc6p2dg9u9ohc3hw9/gradle-3.3/lib/plugins/aether-api-1.13.1.jar
7f875a0c6000-7f875a0c7000 r--s 00007000 08:07 1189168                    /home/chivu/.gradle/wrapper/dists/gradle-3.3-all/55gk2rcmfc6p2dg9u9ohc3hw9/gradle-3.3/lib/plugins/wagon-http-shared4-2.4.jar
7f875a0c7000-7f875a0c9000 r--s 0000b000 08:07 1189167                    /home/chivu/.gradle/wrapper/dists/gradle-3.3-all/55gk2rcmfc6p2dg9u9ohc3hw9/gradle-3.3/lib/plugins/wagon-provider-api-2.4.jar
7f875a0c9000-7f875a0ca000 r--s 00002000 08:07 1189166                    /home/chivu/.gradle/wrapper/dists/gradle-3.3-all/55gk2rcmfc6p2dg9u9ohc3hw9/gradle-3.3/lib/plugins/wagon-http-2.4.jar
7f875a0ca000-7f875a0cb000 r--s 00002000 08:07 1189165                    /home/chivu/.gradle/wrapper/dists/gradle-3.3-all/55gk2rcmfc6p2dg9u9ohc3hw9/gradle-3.3/lib/plugins/wagon-file-2.4.jar
7f875a0cb000-7f875a0cd000 r--s 0000c000 08:07 1189164                    /home/chivu/.gradle/wrapper/dists/gradle-3.3-all/55gk2rcmfc6p2dg9u9ohc3hw9/gradle-3.3/lib/plugins/maven-aether-provider-3.0.4.jar
7f875a0cd000-7f875a0cf000 r--s 0000b000 08:07 1189163                    /home/chivu/.gradle/wrapper/dists/gradle-3.3-all/55gk2rcmfc6p2dg9u9ohc3hw9/gradle-3.3/lib/plugins/maven-plugin-api-3.0.4.jar
7f875a0cf000-7f875a0d1000 r--s 00006000 08:07 1189162                    /home/chivu/.gradle/wrapper/dists/gradle-3.3-all/55gk2rcmfc6p2dg9u9ohc3hw9/gradle-3.3/lib/plugins/maven-repository-metadata-3.0.4.jar
7f875a0d1000-7f875a0d3000 r--s 0000b000 08:07 1189161                    /home/chivu/.gradle/wrapper/dists/gradle-3.3-all/55gk2rcmfc6p2dg9u9ohc3hw9/gradle-3.3/lib/plugins/maven-artifact-3.0.4.jar
7f875a0d3000-7f875a0d5000 r--s 00026000 08:07 1189160                    /home/chivu/.gradle/wrapper/dists/gradle-3.3-all/55gk2rcmfc6p2dg9u9ohc3hw9/gradle-3.3/lib/plugins/maven-model-3.0.4.jar
7f875a0d5000-7f875a0d9000 r--s 00021000 08:07 1189159                    /home/chivu/.gradle/wrapper/dists/gradle-3.3-all/55gk2rcmfc6p2dg9u9ohc3hw9/gradle-3.3/lib/plugins/maven-model-builder-3.0.4.jar
7f875a0d9000-7f875a0df000 r--s 0003f000 08:07 1189158                    /home/chivu/.gradle/wrapper/dists/gradle-3.3-all/55gk2rcmfc6p2dg9u9ohc3hw9/gradle-3.3/lib/plugins/maven-compat-3.0.4.jar
7f875a0df000-7f875a0e0000 r--s 00006000 08:07 1189157                    /home/chivu/.gradle/wrapper/dists/gradle-3.3-all/55gk2rcmfc6p2dg9u9ohc3hw9/gradle-3.3/lib/plugins/plexus-sec-dispatcher-1.3.jar
7f875a0e0000-7f875a0e2000 r--s 00002000 08:07 1189156                    /home/chivu/.gradle/wrapper/dists/gradle-3.3-all/55gk2rcmfc6p2dg9u9ohc3hw9/gradle-3.3/lib/plugins/plexus-cipher-1.7.jar
7f875a0e2000-7f875a0e4000 r--s 0000a000 08:07 1189155                    /home/chivu/.gradle/wrapper/dists/gradle-3.3-all/55gk2rcmfc6p2dg9u9ohc3hw9/gradle-3.3/lib/plugins/plexus-classworlds-2.4.jar
7f875a0e4000-7f875a0eb000 r--s 0002e000 08:07 1189154                    /home/chivu/.gradle/wrapper/dists/gradle-3.3-all/55gk2rcmfc6p2dg9u9ohc3hw9/gradle-3.3/lib/plugins/plexus-container-default-1.5.5.jar
7f875a0eb000-7f875a0ed000 r--s 00000000 08:07 1189181                    /home/chivu/.gradle/wrapper/dists/gradle-3.3-all/55gk2rcmfc6p2dg9u9ohc3hw9/gradle-3.3/lib/plugins/plexus-component-annotations-1.5.5.jar
7f875a0ed000-7f875a0ef000 r--s 0000d000 08:07 1189153                    /home/chivu/.gradle/wrapper/dists/gradle-3.3-all/55gk2rcmfc6p2dg9u9ohc3hw9/gradle-3.3/lib/plugins/plexus-interpolation-1.14.jar
7f875a0ef000-7f875a0f3000 r--s 00033000 08:07 1189152                    /home/chivu/.gradle/wrapper/dists/gradle-3.3-all/55gk2rcmfc6p2dg9u9ohc3hw9/gradle-3.3/lib/plugins/plexus-utils-2.0.6.jar
7f875a0f3000-7f875a0f6000 r--s 00008000 08:07 1189151                    /home/chivu/.gradle/wrapper/dists/gradle-3.3-all/55gk2rcmfc6p2dg9u9ohc3hw9/gradle-3.3/lib/plugins/maven-settings-builder-3.0.4.jar
7f875a0f6000-7f875a0fb000 r--s 00040000 08:07 1189136                    /home/chivu/.gradle/wrapper/dists/gradle-3.3-all/55gk2rcmfc6p2dg9u9ohc3hw9/gradle-3.3/lib/plugins/jsch-0.1.53.jar
7f875a0fb000-7f875a13b000 r--s 00277000 08:07 1189146                    /home/chivu/.gradle/wrapper/dists/gradle-3.3-all/55gk2rcmfc6p2dg9u9ohc3hw9/gradle-3.3/lib/plugins/bcprov-jdk15on-1.51.jar
7f875a13b000-7f875a147000 r--s 0007d000 08:07 1189123                    /home/chivu/.gradle/wrapper/dists/gradle-3.3-all/55gk2rcmfc6p2dg9u9ohc3hw9/gradle-3.3/lib/plugins/maven-core-3.0.4.jar
7f875a147000-7f875a166000 r--s 000f6000 08:07 1189112                    /home/chivu/.gradle/wrapper/dists/gradle-3.3-all/55gk2rcmfc6p2dg9u9ohc3hw9/gradle-3.3/lib/plugins/gradle-dependency-management-3.3.jar
7f875a166000-7f875a17c000 r-xp 00000000 08:07 529479                     /lib/x86_64-linux-gnu/libgcc_s.so.1
7f875a17c000-7f875a37b000 ---p 00016000 08:07 529479                     /lib/x86_64-linux-gnu/libgcc_s.so.1
7f875a37b000-7f875a37c000 rw-p 00015000 08:07 529479                     /lib/x86_64-linux-gnu/libgcc_s.so.1
7f875a37c000-7f875a4ee000 r-xp 00000000 08:07 1312856                    /usr/lib/x86_64-linux-gnu/libstdc++.so.6.0.21
7f875a4ee000-7f875a6ee000 ---p 00172000 08:07 1312856                    /usr/lib/x86_64-linux-gnu/libstdc++.so.6.0.21
7f875a6ee000-7f875a6f8000 r--p 00172000 08:07 1312856                    /usr/lib/x86_64-linux-gnu/libstdc++.so.6.0.21
7f875a6f8000-7f875a6fa000 rw-p 0017c000 08:07 1312856                    /usr/lib/x86_64-linux-gnu/libstdc++.so.6.0.21
7f875a6fa000-7f875a6fe000 rw-p 00000000 00:00 0 
7f875a6fe000-7f875a700000 r--s 0000a000 08:07 1189150                    /home/chivu/.gradle/wrapper/dists/gradle-3.3-all/55gk2rcmfc6p2dg9u9ohc3hw9/gradle-3.3/lib/plugins/maven-settings-3.0.4.jar
7f875a700000-7f875a704000 r--s 0001d000 08:07 1189145                    /home/chivu/.gradle/wrapper/dists/gradle-3.3-all/55gk2rcmfc6p2dg9u9ohc3hw9/gradle-3.3/lib/plugins/xbean-reflect-3.4.jar
7f875a704000-7f875a709000 r--s 00034000 08:07 1189129                    /home/chivu/.gradle/wrapper/dists/gradle-3.3-all/55gk2rcmfc6p2dg9u9ohc3hw9/gradle-3.3/lib/plugins/gson-2.7.jar
7f875a709000-7f875a718000 r--s 000d9000 08:07 1189144                    /home/chivu/.gradle/wrapper/dists/gradle-3.3-all/55gk2rcmfc6p2dg9u9ohc3hw9/gradle-3.3/lib/plugins/ivy-2.2.0.jar
7f875a718000-7f875a71a000 r--s 00005000 08:07 1189111                    /home/chivu/.gradle/wrapper/dists/gradle-3.3-all/55gk2rcmfc6p2dg9u9ohc3hw9/gradle-3.3/lib/plugins/gradle-workers-3.3.jar
7f875a71a000-7f875a71f000 r-xp 00000000 08:07 932602                     /home/chivu/.gradle/native/23/linux-amd64/libnative-platform.so
7f875a71f000-7f875a91e000 ---p 00005000 08:07 932602                     /home/chivu/.gradle/native/23/linux-amd64/libnative-platform.so
7f875a91e000-7f875a91f000 rw-p 00004000 08:07 932602                     /home/chivu/.gradle/native/23/linux-amd64/libnative-platform.so
7f875a91f000-7f875a930000 r-xp 00000000 08:07 1201545                    /home/chivu/Downloads/android-studio-p/jre/jre/lib/amd64/libnio.so
7f875a930000-7f875ab2f000 ---p 00011000 08:07 1201545                    /home/chivu/Downloads/android-studio-p/jre/jre/lib/amd64/libnio.so
7f875ab2f000-7f875ab30000 r--p 00010000 08:07 1201545                    /home/chivu/Downloads/android-studio-p/jre/jre/lib/amd64/libnio.so
7f875ab30000-7f875ab31000 rw-p 00011000 08:07 1201545                    /home/chivu/Downloads/android-studio-p/jre/jre/lib/amd64/libnio.so
7f875ab31000-7f875ae32000 rw-p 00000000 00:00 0 
7f875ae32000-7f875ae49000 r-xp 00000000 08:07 1201544                    /home/chivu/Downloads/android-studio-p/jre/jre/lib/amd64/libnet.so
7f875ae49000-7f875b048000 ---p 00017000 08:07 1201544                    /home/chivu/Downloads/android-studio-p/jre/jre/lib/amd64/libnet.so
7f875b048000-7f875b049000 r--p 00016000 08:07 1201544                    /home/chivu/Downloads/android-studio-p/jre/jre/lib/amd64/libnet.so
7f875b049000-7f875b04a000 rw-p 00017000 08:07 1201544                    /home/chivu/Downloads/android-studio-p/jre/jre/lib/amd64/libnet.so
7f875b04a000-7f875b04b000 r--s 00006000 08:07 1189015                    /home/chivu/.gradle/wrapper/dists/gradle-3.3-all/55gk2rcmfc6p2dg9u9ohc3hw9/gradle-3.3/lib/gradle-wrapper-3.3.jar
7f875b04b000-7f875b058000 r--s 00041000 08:07 1189022                    /home/chivu/.gradle/wrapper/dists/gradle-3.3-all/55gk2rcmfc6p2dg9u9ohc3hw9/gradle-3.3/lib/gradle-tooling-api-3.3.jar
7f875b058000-7f875b05a000 r--s 00002000 08:07 1189042                    /home/chivu/.gradle/wrapper/dists/gradle-3.3-all/55gk2rcmfc6p2dg9u9ohc3hw9/gradle-3.3/lib/gradle-open-api-3.3.jar
7f875b05a000-7f875b060000 r--s 00032000 08:07 1189044                    /home/chivu/.gradle/wrapper/dists/gradle-3.3-all/55gk2rcmfc6p2dg9u9ohc3hw9/gradle-3.3/lib/jaxen-1.1.jar
7f875b060000-7f875b065000 r--s 00048000 08:07 1189043                    /home/chivu/.gradle/wrapper/dists/gradle-3.3-all/55gk2rcmfc6p2dg9u9ohc3hw9/gradle-3.3/lib/dom4j-1.6.1.jar
7f875b065000-7f875b070000 r--s 00059000 08:07 1189021                    /home/chivu/.gradle/wrapper/dists/gradle-3.3-all/55gk2rcmfc6p2dg9u9ohc3hw9/gradle-3.3/lib/gradle-ui-3.3.jar
7f875b070000-7f875b079000 r--s 0008c000 08:07 1189013                    /home/chivu/.gradle/wrapper/dists/gradle-3.3-all/55gk2rcmfc6p2dg9u9ohc3hw9/gradle-3.3/lib/kotlin-stdlib-1.1-M02.jar
7f875b079000-7f875b07f000 r--s 0002a000 08:07 1189012                    /home/chivu/.gradle/wrapper/dists/gradle-3.3-all/55gk2rcmfc6p2dg9u9ohc3hw9/gradle-3.3/lib/kotlin-runtime-1.1-M02.jar
7f875b07f000-7f875b0b3000 r--s 00256000 08:07 1189011                    /home/chivu/.gradle/wrapper/dists/gradle-3.3-all/55gk2rcmfc6p2dg9u9ohc3hw9/gradle-3.3/lib/kotlin-reflect-1.1-M02.jar
7f875b0b3000-7f875b249000 r--s 0157e000 08:07 1189010                    /home/chivu/.gradle/wrapper/dists/gradle-3.3-all/55gk2rcmfc6p2dg9u9ohc3hw9/gradle-3.3/lib/kotlin-compiler-embeddable-1.1-M02.jar
7f875b249000-7f875b251000 r--s 0004e000 08:07 1189009                    /home/chivu/.gradle/wrapper/dists/gradle-3.3-all/55gk2rcmfc6p2dg9u9ohc3hw9/gradle-3.3/lib/gradle-script-kotlin-0.5.1.jar
7f875b251000-7f875b254000 r--s 0000b000 08:07 1189040                    /home/chivu/.gradle/wrapper/dists/gradle-3.3-all/55gk2rcmfc6p2dg9u9ohc3hw9/gradle-3.3/lib/gradle-resources-3.3.jar
7f875b254000-7f875b256000 r--s 00003000 08:07 1189049                    /home/chivu/.gradle/wrapper/dists/gradle-3.3-all/55gk2rcmfc6p2dg9u9ohc3hw9/gradle-3.3/lib/jcl-over-slf4j-1.7.10.jar
7f875b256000-7f875b257000 r--s 00005000 08:07 1189048                    /home/chivu/.gradle/wrapper/dists/gradle-3.3-all/55gk2rcmfc6p2dg9u9ohc3hw9/gradle-3.3/lib/log4j-over-slf4j-1.7.10.jar
7f875b257000-7f875b259000 r--s 00000000 08:07 1189047                    /home/chivu/.gradle/wrapper/dists/gradle-3.3-all/55gk2rcmfc6p2dg9u9ohc3hw9/gradle-3.3/lib/jul-to-slf4j-1.7.10.jar
7f875b259000-7f875b25e000 r--s 0001e000 08:07 1189024                    /home/chivu/.gradle/wrapper/dists/gradle-3.3-all/55gk2rcmfc6p2dg9u9ohc3hw9/gradle-3.3/lib/gradle-logging-3.3.jar
7f875b25e000-7f875b260000 r--s 00007000 08:07 1189068                    /home/chivu/.gradle/wrapper/dists/gradle-3.3-all/55gk2rcmfc6p2dg9u9ohc3hw9/gradle-3.3/lib/objenesis-1.2.jar
7f875b260000-7f875b262000 r--s 00000000 08:07 1189067                    /home/chivu/.gradle/wrapper/dists/gradle-3.3-all/55gk2rcmfc6p2dg9u9ohc3hw9/gradle-3.3/lib/minlog-1.2.jar
7f875b262000-7f875b264000 r--s 0000f000 08:07 1189066                    /home/chivu/.gradle/wrapper/dists/gradle-3.3-all/55gk2rcmfc6p2dg9u9ohc3hw9/gradle-3.3/lib/reflectasm-1.07-shaded.jar
7f875b264000-7f875b268000 r--s 00026000 08:07 1189051                    /home/chivu/.gradle/wrapper/dists/gradle-3.3-all/55gk2rcmfc6p2dg9u9ohc3hw9/gradle-3.3/lib/kryo-2.20.jar
7f875b268000-7f875b26e000 r--s 00027000 08:07 1189039                    /home/chivu/.gradle/wrapper/dists/gradle-3.3-all/55gk2rcmfc6p2dg9u9ohc3hw9/gradle-3.3/lib/gradle-messaging-3.3.jar
7f875b26e000-7f875b26f000 r--s 00001000 08:07 1189065                    /home/chivu/.gradle/wrapper/dists/gradle-3.3-all/55gk2rcmfc6p2dg9u9ohc3hw9/gradle-3.3/lib/native-platform-linux-i386-ncurses6-0.12.jar
7f875b26f000-7f875b270000 r--s 00001000 08:07 1189064                    /home/chivu/.gradle/wrapper/dists/gradle-3.3-all/55gk2rcmfc6p2dg9u9ohc3hw9/gradle-3.3/lib/native-platform-linux-i386-ncurses5-0.12.jar
7f875b270000-7f875b271000 r--s 00001000 08:07 1189063                    /home/chivu/.gradle/wrapper/dists/gradle-3.3-all/55gk2rcmfc6p2dg9u9ohc3hw9/gradle-3.3/lib/native-platform-linux-amd64-ncurses6-0.12.jar
7f875b271000-7f875b272000 r--s 00001000 08:07 1189062                    /home/chivu/.gradle/wrapper/dists/gradle-3.3-all/55gk2rcmfc6p2dg9u9ohc3hw9/gradle-3.3/lib/native-platform-linux-amd64-ncurses5-0.12.jar
7f875b272000-7f875b273000 r--s 0000b000 08:07 1189061                    /home/chivu/.gradle/wrapper/dists/gradle-3.3-all/55gk2rcmfc6p2dg9u9ohc3hw9/gradle-3.3/lib/native-platform-windows-i386-0.12.jar
7f875b273000-7f875b275000 r--s 0000b000 08:07 1189060                    /home/chivu/.gradle/wrapper/dists/gradle-3.3-all/55gk2rcmfc6p2dg9u9ohc3hw9/gradle-3.3/lib/native-platform-windows-amd64-0.12.jar
7f875b275000-7f875b277000 r--s 00002000 08:07 1189059                    /home/chivu/.gradle/wrapper/dists/gradle-3.3-all/55gk2rcmfc6p2dg9u9ohc3hw9/gradle-3.3/lib/native-platform-osx-i386-0.12.jar
7f875b277000-7f875b286000 r--s 0007f000 08:07 1189030                    /home/chivu/.gradle/wrapper/dists/gradle-3.3-all/55gk2rcmfc6p2dg9u9ohc3hw9/gradle-3.3/lib/gradle-model-core-3.3.jar
7f875b286000-7f875b2f6000 r--s 00641000 08:07 1189029                    /home/chivu/.gradle/wrapper/dists/gradle-3.3-all/55gk2rcmfc6p2dg9u9ohc3hw9/gradle-3.3/lib/groovy-all-2.4.7.jar
7f875b2f6000-7f875b31e000 r--s 001cf000 08:07 1189026                    /home/chivu/.gradle/wrapper/dists/gradle-3.3-all/55gk2rcmfc6p2dg9u9ohc3hw9/gradle-3.3/lib/guava-jdk5-17.0.jar
7f875b31e000-7f875b31f000 ---p 00000000 00:00 0 
7f875b31f000-7f875b41f000 rw-p 00000000 00:00 0 
7f875b41f000-7f875b422000 ---p 00000000 00:00 0 
7f875b422000-7f875b520000 rw-p 00000000 00:00 0 
7f875b520000-7f875b523000 ---p 00000000 00:00 0 
7f875b523000-7f875b621000 rw-p 00000000 00:00 0 
7f875b621000-7f875b624000 ---p 00000000 00:00 0 
7f875b624000-7f875b722000 rw-p 00000000 00:00 0 
7f875b722000-7f875b725000 ---p 00000000 00:00 0 
7f875b725000-7f875b823000 rw-p 00000000 00:00 0 
7f875b823000-7f875b826000 ---p 00000000 00:00 0 
7f875b826000-7f875b924000 rw-p 00000000 00:00 0 
7f875b924000-7f875bbfc000 r--p 00000000 08:07 1311727                    /usr/lib/locale/locale-archive
7f875bbfc000-7f875bbff000 ---p 00000000 00:00 0 
7f875bbff000-7f875bcfd000 rw-p 00000000 00:00 0 
7f875bcfd000-7f875bd00000 ---p 00000000 00:00 0 
7f875bd00000-7f875bdfe000 rw-p 00000000 00:00 0 
7f875bdfe000-7f875bdff000 ---p 00000000 00:00 0 
7f875bdff000-7f875c000000 rw-p 00000000 00:00 0 
7f875c000000-7f875c040000 rw-p 00000000 00:00 0 
7f875c040000-7f8760000000 ---p 00000000 00:00 0 
7f8760000000-7f8760001000 r--s 00002000 08:07 1189058                    /home/chivu/.gradle/wrapper/dists/gradle-3.3-all/55gk2rcmfc6p2dg9u9ohc3hw9/gradle-3.3/lib/native-platform-osx-amd64-0.12.jar
7f8760001000-7f8760002000 r--s 00002000 08:07 1189057                    /home/chivu/.gradle/wrapper/dists/gradle-3.3-all/55gk2rcmfc6p2dg9u9ohc3hw9/gradle-3.3/lib/native-platform-linux-i386-0.12.jar
7f8760002000-7f8760003000 r--s 00002000 08:07 1189056                    /home/chivu/.gradle/wrapper/dists/gradle-3.3-all/55gk2rcmfc6p2dg9u9ohc3hw9/gradle-3.3/lib/native-platform-linux-amd64-0.12.jar
7f8760003000-7f8760004000 r--s 00003000 08:07 1189055                    /home/chivu/.gradle/wrapper/dists/gradle-3.3-all/55gk2rcmfc6p2dg9u9ohc3hw9/gradle-3.3/lib/native-platform-freebsd-i386-libstdcpp-0.12.jar
7f8760004000-7f8760023000 r--s 001d1000 08:07 1189033                    /home/chivu/.gradle/wrapper/dists/gradle-3.3-all/55gk2rcmfc6p2dg9u9ohc3hw9/gradle-3.3/lib/ant-1.9.6.jar
7f8760023000-7f8760e31000 rw-p 00000000 00:00 0 
7f8760e31000-7f8761000000 r--s 03c1b000 08:07 1201515                    /home/chivu/Downloads/android-studio-p/jre/jre/lib/rt.jar
7f8761000000-7f8764000000 rw-p 00000000 00:00 0 
7f8764000000-7f8764026000 rw-p 00000000 00:00 0 
7f8764026000-7f8768000000 ---p 00000000 00:00 0 
7f8768000000-7f8768001000 r--s 00004000 08:07 1189054                    /home/chivu/.gradle/wrapper/dists/gradle-3.3-all/55gk2rcmfc6p2dg9u9ohc3hw9/gradle-3.3/lib/native-platform-freebsd-i386-libcpp-0.12.jar
7f8768001000-7f8768003000 r--s 00003000 08:07 1189053                    /home/chivu/.gradle/wrapper/dists/gradle-3.3-all/55gk2rcmfc6p2dg9u9ohc3hw9/gradle-3.3/lib/native-platform-freebsd-amd64-libstdcpp-0.12.jar
7f8768003000-7f8768004000 r--s 00004000 08:07 1189052                    /home/chivu/.gradle/wrapper/dists/gradle-3.3-all/55gk2rcmfc6p2dg9u9ohc3hw9/gradle-3.3/lib/native-platform-freebsd-amd64-libcpp-0.12.jar
7f8768004000-7f8768007000 r--s 00023000 08:07 1189046                    /home/chivu/.gradle/wrapper/dists/gradle-3.3-all/55gk2rcmfc6p2dg9u9ohc3hw9/gradle-3.3/lib/jansi-1.14.jar
7f8768007000-7f876800b000 r--s 00011000 08:07 1189045                    /home/chivu/.gradle/wrapper/dists/gradle-3.3-all/55gk2rcmfc6p2dg9u9ohc3hw9/gradle-3.3/lib/native-platform-0.12.jar
7f876800b000-7f876800e000 r--s 0000a000 08:07 1189023                    /home/chivu/.gradle/wrapper/dists/gradle-3.3-all/55gk2rcmfc6p2dg9u9ohc3hw9/gradle-3.3/lib/gradle-native-3.3.jar
7f876800e000-7f876804b000 r--s 001f8000 08:07 1189019                    /home/chivu/.gradle/wrapper/dists/gradle-3.3-all/55gk2rcmfc6p2dg9u9ohc3hw9/gradle-3.3/lib/gradle-core-3.3.jar
7f876804b000-7f8768bfc000 rw-p 00000000 00:00 0 
7f8768bfc000-7f8768bfd000 ---p 00000000 00:00 0 
7f8768bfd000-7f8768cfd000 rw-p 00000000 00:00 0 
7f8768cfd000-7f8768cfe000 ---p 00000000 00:00 0 
7f8768cfe000-7f8768dfe000 rw-p 00000000 00:00 0 
7f8768dfe000-7f8768dff000 ---p 00000000 00:00 0 
7f8768dff000-7f8768eff000 rw-p 00000000 00:00 0 
7f8768eff000-7f8768f00000 ---p 00000000 00:00 0 
7f8768f00000-7f8769000000 rw-p 00000000 00:00 0 
7f8769000000-7f876b2b0000 rwxp 00000000 00:00 0 
7f876b2b0000-7f8778000000 ---p 00000000 00:00 0 
7f8778000000-7f8778cf4000 rw-p 00000000 00:00 0 
7f8778cf4000-7f877c000000 ---p 00000000 00:00 0 
7f877c000000-7f877c002000 r--s 00005000 08:07 1189020                    /home/chivu/.gradle/wrapper/dists/gradle-3.3-all/55gk2rcmfc6p2dg9u9ohc3hw9/gradle-3.3/lib/gradle-cli-3.3.jar
7f877c002000-7f877c004000 r--s 00007000 08:07 1189031                    /home/chivu/.gradle/wrapper/dists/gradle-3.3-all/55gk2rcmfc6p2dg9u9ohc3hw9/gradle-3.3/lib/gradle-model-groovy-3.3.jar
7f877c004000-7f877c006000 r--s 00006000 08:07 1189038                    /home/chivu/.gradle/wrapper/dists/gradle-3.3-all/55gk2rcmfc6p2dg9u9ohc3hw9/gradle-3.3/lib/gradle-base-services-groovy-3.3.jar
7f877c006000-7f877c007000 r--s 00002000 08:07 1189041                    /home/chivu/.gradle/wrapper/dists/gradle-3.3-all/55gk2rcmfc6p2dg9u9ohc3hw9/gradle-3.3/lib/gradle-docs-3.3.jar
7f877c007000-7f877c014000 r--s 00083000 08:07 1189034                    /home/chivu/.gradle/wrapper/dists/gradle-3.3-all/55gk2rcmfc6p2dg9u9ohc3hw9/gradle-3.3/lib/commons-collections-3.2.2.jar
7f877c014000-7f877c1b1000 rw-p 00000000 00:00 0 
7f877c1b1000-7f877c2ab000 ---p 00000000 00:00 0 
7f877c2ab000-7f877c3b1000 rw-p 00000000 00:00 0 
7f877c3b1000-7f877c4ab000 ---p 00000000 00:00 0 
7f877c4ab000-7f877c5ab000 rw-p 00000000 00:00 0 
7f877c5ab000-7f877c637000 rw-p 00000000 00:00 0 
7f877c637000-7f877c96c000 ---p 00000000 00:00 0 
7f877c96c000-7f877c986000 r-xp 00000000 08:07 1201530                    /home/chivu/Downloads/android-studio-p/jre/jre/lib/amd64/libzip.so
7f877c986000-7f877cb86000 ---p 0001a000 08:07 1201530                    /home/chivu/Downloads/android-studio-p/jre/jre/lib/amd64/libzip.so
7f877cb86000-7f877cb87000 r--p 0001a000 08:07 1201530                    /home/chivu/Downloads/android-studio-p/jre/jre/lib/amd64/libzip.so
7f877cb87000-7f877cb88000 rw-p 0001b000 08:07 1201530                    /home/chivu/Downloads/android-studio-p/jre/jre/lib/amd64/libzip.so
7f877cb88000-7f877cb93000 r-xp 00000000 08:07 541944                     /lib/x86_64-linux-gnu/libnss_files-2.23.so
7f877cb93000-7f877cd92000 ---p 0000b000 08:07 541944                     /lib/x86_64-linux-gnu/libnss_files-2.23.so
7f877cd92000-7f877cd93000 r--p 0000a000 08:07 541944                     /lib/x86_64-linux-gnu/libnss_files-2.23.so
7f877cd93000-7f877cd94000 rw-p 0000b000 08:07 541944                     /lib/x86_64-linux-gnu/libnss_files-2.23.so
7f877cd94000-7f877cd9a000 rw-p 00000000 00:00 0 
7f877cd9a000-7f877cda5000 r-xp 00000000 08:07 541937                     /lib/x86_64-linux-gnu/libnss_nis-2.23.so
7f877cda5000-7f877cfa4000 ---p 0000b000 08:07 541937                     /lib/x86_64-linux-gnu/libnss_nis-2.23.so
7f877cfa4000-7f877cfa5000 r--p 0000a000 08:07 541937                     /lib/x86_64-linux-gnu/libnss_nis-2.23.so
7f877cfa5000-7f877cfa6000 rw-p 0000b000 08:07 541937                     /lib/x86_64-linux-gnu/libnss_nis-2.23.so
7f877cfa6000-7f877cfbc000 r-xp 00000000 08:07 541939                     /lib/x86_64-linux-gnu/libnsl-2.23.so
7f877cfbc000-7f877d1bb000 ---p 00016000 08:07 541939                     /lib/x86_64-linux-gnu/libnsl-2.23.so
7f877d1bb000-7f877d1bc000 r--p 00015000 08:07 541939                     /lib/x86_64-linux-gnu/libnsl-2.23.so
7f877d1bc000-7f877d1bd000 rw-p 00016000 08:07 541939                     /lib/x86_64-linux-gnu/libnsl-2.23.so
7f877d1bd000-7f877d1bf000 rw-p 00000000 00:00 0 
7f877d1bf000-7f877d1c7000 r-xp 00000000 08:07 541946                     /lib/x86_64-linux-gnu/libnss_compat-2.23.so
7f877d1c7000-7f877d3c6000 ---p 00008000 08:07 541946                     /lib/x86_64-linux-gnu/libnss_compat-2.23.so
7f877d3c6000-7f877d3c7000 r--p 00007000 08:07 541946                     /lib/x86_64-linux-gnu/libnss_compat-2.23.so
7f877d3c7000-7f877d3c8000 rw-p 00008000 08:07 541946                     /lib/x86_64-linux-gnu/libnss_compat-2.23.so
7f877d3c8000-7f877d3f5000 r-xp 00000000 08:07 1201547                    /home/chivu/Downloads/android-studio-p/jre/jre/lib/amd64/libjava.so
7f877d3f5000-7f877d5f4000 ---p 0002d000 08:07 1201547                    /home/chivu/Downloads/android-studio-p/jre/jre/lib/amd64/libjava.so
7f877d5f4000-7f877d5f5000 r--p 0002c000 08:07 1201547                    /home/chivu/Downloads/android-studio-p/jre/jre/lib/amd64/libjava.so
7f877d5f5000-7f877d5f7000 rw-p 0002d000 08:07 1201547                    /home/chivu/Downloads/android-studio-p/jre/jre/lib/amd64/libjava.so
7f877d5f7000-7f877d607000 r-xp 00000000 08:07 1201520                    /home/chivu/Downloads/android-studio-p/jre/jre/lib/amd64/libverify.so
7f877d607000-7f877d806000 ---p 00010000 08:07 1201520                    /home/chivu/Downloads/android-studio-p/jre/jre/lib/amd64/libverify.so
7f877d806000-7f877d808000 r--p 0000f000 08:07 1201520                    /home/chivu/Downloads/android-studio-p/jre/jre/lib/amd64/libverify.so
7f877d808000-7f877d809000 rw-p 00011000 08:07 1201520                    /home/chivu/Downloads/android-studio-p/jre/jre/lib/amd64/libverify.so
7f877d809000-7f877d810000 r-xp 00000000 08:07 541947                     /lib/x86_64-linux-gnu/librt-2.23.so
7f877d810000-7f877da0f000 ---p 00007000 08:07 541947                     /lib/x86_64-linux-gnu/librt-2.23.so
7f877da0f000-7f877da10000 r--p 00006000 08:07 541947                     /lib/x86_64-linux-gnu/librt-2.23.so
7f877da10000-7f877da11000 rw-p 00007000 08:07 541947                     /lib/x86_64-linux-gnu/librt-2.23.so
7f877da11000-7f877db19000 r-xp 00000000 08:07 541938                     /lib/x86_64-linux-gnu/libm-2.23.so
7f877db19000-7f877dd18000 ---p 00108000 08:07 541938                     /lib/x86_64-linux-gnu/libm-2.23.so
7f877dd18000-7f877dd19000 r--p 00107000 08:07 541938                     /lib/x86_64-linux-gnu/libm-2.23.so
7f877dd19000-7f877dd1a000 rw-p 00108000 08:07 541938                     /lib/x86_64-linux-gnu/libm-2.23.so
7f877dd1a000-7f877e90b000 r-xp 00000000 08:07 1201528                    /home/chivu/Downloads/android-studio-p/jre/jre/lib/amd64/server/libjvm.so
7f877e90b000-7f877eb0b000 ---p 00bf1000 08:07 1201528                    /home/chivu/Downloads/android-studio-p/jre/jre/lib/amd64/server/libjvm.so
7f877eb0b000-7f877ebaa000 r--p 00bf1000 08:07 1201528                    /home/chivu/Downloads/android-studio-p/jre/jre/lib/amd64/server/libjvm.so
7f877ebaa000-7f877ebd3000 rw-p 00c90000 08:07 1201528                    /home/chivu/Downloads/android-studio-p/jre/jre/lib/amd64/server/libjvm.so
7f877ebd3000-7f877ec17000 rw-p 00000000 00:00 0 
7f877ec17000-7f877ec2f000 r-xp 00000000 08:07 541951                     /lib/x86_64-linux-gnu/libpthread-2.23.so
7f877ec2f000-7f877ee2e000 ---p 00018000 08:07 541951                     /lib/x86_64-linux-gnu/libpthread-2.23.so
7f877ee2e000-7f877ee2f000 r--p 00017000 08:07 541951                     /lib/x86_64-linux-gnu/libpthread-2.23.so
7f877ee2f000-7f877ee30000 rw-p 00018000 08:07 541951                     /lib/x86_64-linux-gnu/libpthread-2.23.so
7f877ee30000-7f877ee34000 rw-p 00000000 00:00 0 
7f877ee34000-7f877ee37000 r-xp 00000000 08:07 541936                     /lib/x86_64-linux-gnu/libdl-2.23.so
7f877ee37000-7f877f036000 ---p 00003000 08:07 541936                     /lib/x86_64-linux-gnu/libdl-2.23.so
7f877f036000-7f877f037000 r--p 00002000 08:07 541936                     /lib/x86_64-linux-gnu/libdl-2.23.so
7f877f037000-7f877f038000 rw-p 00003000 08:07 541936                     /lib/x86_64-linux-gnu/libdl-2.23.so
7f877f038000-7f877f1f7000 r-xp 00000000 08:07 541940                     /lib/x86_64-linux-gnu/libc-2.23.so
7f877f1f7000-7f877f3f7000 ---p 001bf000 08:07 541940                     /lib/x86_64-linux-gnu/libc-2.23.so
7f877f3f7000-7f877f3fb000 r--p 001bf000 08:07 541940                     /lib/x86_64-linux-gnu/libc-2.23.so
7f877f3fb000-7f877f3fd000 rw-p 001c3000 08:07 541940                     /lib/x86_64-linux-gnu/libc-2.23.so
7f877f3fd000-7f877f401000 rw-p 00000000 00:00 0 
7f877f401000-7f877f417000 r-xp 00000000 08:07 1201477                    /home/chivu/Downloads/android-studio-p/jre/lib/amd64/jli/libjli.so
7f877f417000-7f877f616000 ---p 00016000 08:07 1201477                    /home/chivu/Downloads/android-studio-p/jre/lib/amd64/jli/libjli.so
7f877f616000-7f877f617000 r--p 00015000 08:07 1201477                    /home/chivu/Downloads/android-studio-p/jre/lib/amd64/jli/libjli.so
7f877f617000-7f877f618000 rw-p 00016000 08:07 1201477                    /home/chivu/Downloads/android-studio-p/jre/lib/amd64/jli/libjli.so
7f877f618000-7f877f63e000 r-xp 00000000 08:07 541941                     /lib/x86_64-linux-gnu/ld-2.23.so
7f877f63e000-7f877f63f000 r--s 00000000 08:07 1189037                    /home/chivu/.gradle/wrapper/dists/gradle-3.3-all/55gk2rcmfc6p2dg9u9ohc3hw9/gradle-3.3/lib/javax.inject-1.jar
7f877f63f000-7f877f640000 r--s 00000000 08:07 1189036                    /home/chivu/.gradle/wrapper/dists/gradle-3.3-all/55gk2rcmfc6p2dg9u9ohc3hw9/gradle-3.3/lib/jcip-annotations-1.0.jar
7f877f640000-7f877f644000 r--s 00027000 08:07 1189035                    /home/chivu/.gradle/wrapper/dists/gradle-3.3-all/55gk2rcmfc6p2dg9u9ohc3hw9/gradle-3.3/lib/commons-io-2.2.jar
7f877f644000-7f877f649000 r--s 00038000 08:07 1189032                    /home/chivu/.gradle/wrapper/dists/gradle-3.3-all/55gk2rcmfc6p2dg9u9ohc3hw9/gradle-3.3/lib/asm-all-5.1.jar
7f877f649000-7f877f64a000 r--s 00001000 08:07 1189028                    /home/chivu/.gradle/wrapper/dists/gradle-3.3-all/55gk2rcmfc6p2dg9u9ohc3hw9/gradle-3.3/lib/gradle-process-services-3.3.jar
7f877f64a000-7f877f64f000 r--s 00041000 08:07 1189027                    /home/chivu/.gradle/wrapper/dists/gradle-3.3-all/55gk2rcmfc6p2dg9u9ohc3hw9/gradle-3.3/lib/commons-lang-2.6.jar
7f877f64f000-7f877f658000 r--s 00042000 08:07 1189017                    /home/chivu/.gradle/wrapper/dists/gradle-3.3-all/55gk2rcmfc6p2dg9u9ohc3hw9/gradle-3.3/lib/gradle-base-services-3.3.jar
7f877f658000-7f877f71a000 rw-p 00000000 00:00 0 
7f877f71a000-7f877f71d000 ---p 00000000 00:00 0 
7f877f71d000-7f877f81f000 rw-p 00000000 00:00 0 
7f877f81f000-7f877f821000 r--s 00000000 08:07 1189018                    /home/chivu/.gradle/wrapper/dists/gradle-3.3-all/55gk2rcmfc6p2dg9u9ohc3hw9/gradle-3.3/lib/gradle-jvm-services-3.3.jar
7f877f821000-7f877f822000 r--s 00000000 08:07 1189183                    /home/chivu/.gradle/wrapper/dists/gradle-3.3-all/55gk2rcmfc6p2dg9u9ohc3hw9/gradle-3.3/lib/gradle-version-info-3.3.jar
7f877f822000-7f877f823000 r--s 00007000 08:07 1189025                    /home/chivu/.gradle/wrapper/dists/gradle-3.3-all/55gk2rcmfc6p2dg9u9ohc3hw9/gradle-3.3/lib/slf4j-api-1.7.10.jar
7f877f823000-7f877f824000 r--s 00004000 08:07 1189050                    /home/chivu/.gradle/wrapper/dists/gradle-3.3-all/55gk2rcmfc6p2dg9u9ohc3hw9/gradle-3.3/lib/ant-launcher-1.9.6.jar
7f877f824000-7f877f831000 r--s 0005c000 08:07 1189014                    /home/chivu/.gradle/wrapper/dists/gradle-3.3-all/55gk2rcmfc6p2dg9u9ohc3hw9/gradle-3.3/lib/gradle-launcher-3.3.jar
7f877f831000-7f877f839000 rw-s 00000000 08:07 266500                     /tmp/hsperfdata_chivu/4328
7f877f839000-7f877f83a000 rw-p 00000000 00:00 0 
7f877f83a000-7f877f83b000 ---p 00000000 00:00 0 
7f877f83b000-7f877f83d000 rw-p 00000000 00:00 0 
7f877f83d000-7f877f83e000 r--p 00025000 08:07 541941                     /lib/x86_64-linux-gnu/ld-2.23.so
7f877f83e000-7f877f83f000 rw-p 00026000 08:07 541941                     /lib/x86_64-linux-gnu/ld-2.23.so
7f877f83f000-7f877f840000 rw-p 00000000 00:00 0 
7ffd5cc77000-7ffd5cc98000 rw-p 00000000 00:00 0                          [stack]
7ffd5cce5000-7ffd5cce7000 r--p 00000000 00:00 0                          [vvar]
7ffd5cce7000-7ffd5cce9000 r-xp 00000000 00:00 0                          [vdso]
ffffffffff600000-ffffffffff601000 r-xp 00000000 00:00 0                  [vsyscall]

VM Arguments:
jvm_args: -Xmx1536m -Dfile.encoding=UTF-8 -Duser.country=IN -Duser.language=en -Duser.variant 
java_command: org.gradle.launcher.daemon.bootstrap.GradleDaemon 3.3
java_class_path (initial): /home/chivu/.gradle/wrapper/dists/gradle-3.3-all/55gk2rcmfc6p2dg9u9ohc3hw9/gradle-3.3/lib/gradle-launcher-3.3.jar
Launcher Type: SUN_STANDARD

Environment Variables:
JAVA_HOME=/usr/lib/jvm/java-8-oracle
PATH=/home/chivu/bin:/home/chivu/.local/bin:/usr/local/sbin:/usr/local/bin:/usr/sbin:/usr/bin:/sbin:/bin:/usr/games:/usr/local/games:/snap/bin:/usr/lib/jvm/java-8-oracle/bin:/usr/lib/jvm/java-8-oracle/db/bin:/usr/lib/jvm/java-8-oracle/jre/bin
LD_LIBRARY_PATH=/home/chivu/Downloads/android-studio-p/bin:
SHELL=/bin/bash
DISPLAY=:0

Signal Handlers:
SIGSEGV: [libjvm.so+0x9e5150], sa_mask[0]=11111111011111111101111111111110, sa_flags=SA_RESTART|SA_SIGINFO
SIGBUS: [libjvm.so+0x9e5150], sa_mask[0]=11111111011111111101111111111110, sa_flags=SA_RESTART|SA_SIGINFO
SIGFPE: [libjvm.so+0x848450], sa_mask[0]=11111111011111111101111111111110, sa_flags=SA_RESTART|SA_SIGINFO
SIGPIPE: [libjvm.so+0x848450], sa_mask[0]=11111111011111111101111111111110, sa_flags=SA_RESTART|SA_SIGINFO
SIGXFSZ: [libjvm.so+0x848450], sa_mask[0]=11111111011111111101111111111110, sa_flags=SA_RESTART|SA_SIGINFO
SIGILL: [libjvm.so+0x848450], sa_mask[0]=11111111011111111101111111111110, sa_flags=SA_RESTART|SA_SIGINFO
SIGUSR1: SIG_DFL, sa_mask[0]=00000000000000000000000000000000, sa_flags=none
SIGUSR2: [libjvm.so+0x848320], sa_mask[0]=00100000000000000000000000000000, sa_flags=SA_RESTART|SA_SIGINFO
SIGHUP: [libjvm.so+0x848510], sa_mask[0]=11111111011111111101111111111110, sa_flags=SA_RESTART|SA_SIGINFO
SIGINT: [libjvm.so+0x848510], sa_mask[0]=11111111011111111101111111111110, sa_flags=SA_RESTART|SA_SIGINFO
SIGTERM: [libjvm.so+0x848510], sa_mask[0]=11111111011111111101111111111110, sa_flags=SA_RESTART|SA_SIGINFO
SIGQUIT: [libjvm.so+0x848510], sa_mask[0]=11111111011111111101111111111110, sa_flags=SA_RESTART|SA_SIGINFO


---------------  S Y S T E M  ---------------

OS:DISTRIB_ID=Ubuntu
DISTRIB_RELEASE=16.04
DISTRIB_CODENAME=xenial
DISTRIB_DESCRIPTION="Ubuntu 16.04.2 LTS"

uname:Linux 4.4.0-79-generic #100-Ubuntu SMP Wed May 17 19:58:14 UTC 2017 x86_64
libc:glibc 2.23 NPTL 2.23 
rlimit: STACK 8192k, CORE 0k, NPROC 15361, NOFILE 65536, AS infinity
load average:4.32 3.10 2.79

/proc/meminfo:
MemTotal:        3972820 kB
MemFree:          134452 kB
MemAvailable:      54100 kB
Buffers:            1660 kB
Cached:           210184 kB
SwapCached:           72 kB
Active:          2734224 kB
Inactive:         942420 kB
Active(anon):    2713260 kB
Inactive(anon):   921912 kB
Active(file):      20964 kB
Inactive(file):    20508 kB
Unevictable:         136 kB
Mlocked:             136 kB
SwapTotal:          1020 kB
SwapFree:              0 kB
Dirty:               176 kB
Writeback:             0 kB
AnonPages:       3464852 kB
Mapped:            68916 kB
Shmem:            170452 kB
Slab:              76748 kB
SReclaimable:      42832 kB
SUnreclaim:        33916 kB
KernelStack:        8640 kB
PageTables:        33148 kB
NFS_Unstable:          0 kB
Bounce:                0 kB
WritebackTmp:          0 kB
CommitLimit:     1987428 kB
Committed_AS:    6558132 kB
VmallocTotal:   34359738367 kB
VmallocUsed:           0 kB
VmallocChunk:          0 kB
HardwareCorrupted:     0 kB
AnonHugePages:   2185216 kB
CmaTotal:              0 kB
CmaFree:               0 kB
HugePages_Total:       0
HugePages_Free:        0
HugePages_Rsvd:        0
HugePages_Surp:        0
Hugepagesize:       2048 kB
DirectMap4k:      150272 kB
DirectMap2M:     3971072 kB
DirectMap1G:     1048576 kB


CPU:total 4 (2 cores per cpu, 2 threads per core) family 6 model 69 stepping 1, cmov, cx8, fxsr, mmx, sse, sse2, sse3, ssse3, sse4.1, sse4.2, popcnt, avx, avx2, aes, clmul, erms, lzcnt, ht, tsc, tscinvbit, bmi1, bmi2

/proc/cpuinfo:
processor	: 0
vendor_id	: GenuineIntel
cpu family	: 6
model		: 69
model name	: Intel(R) Core(TM) i3-4030U CPU @ 1.90GHz
stepping	: 1
microcode	: 0x1d
cpu MHz		: 1799.953
cache size	: 3072 KB
physical id	: 0
siblings	: 4
core id		: 0
cpu cores	: 2
apicid		: 0
initial apicid	: 0
fpu		: yes
fpu_exception	: yes
cpuid level	: 13
wp		: yes
flags		: fpu vme de pse tsc msr pae mce cx8 apic sep mtrr pge mca cmov pat pse36 clflush dts acpi mmx fxsr sse sse2 ss ht tm pbe syscall nx pdpe1gb rdtscp lm constant_tsc arch_perfmon pebs bts rep_good nopl xtopology nonstop_tsc aperfmperf eagerfpu pni pclmulqdq dtes64 monitor ds_cpl vmx est tm2 ssse3 sdbg fma cx16 xtpr pdcm pcid sse4_1 sse4_2 x2apic movbe popcnt tsc_deadline_timer aes xsave avx f16c rdrand lahf_lm abm epb tpr_shadow vnmi flexpriority ept vpid fsgsbase tsc_adjust bmi1 avx2 smep bmi2 erms invpcid xsaveopt dtherm arat pln pts
bugs		:
bogomips	: 3791.28
clflush size	: 64
cache_alignment	: 64
address sizes	: 39 bits physical, 48 bits virtual
power management:

processor	: 1
vendor_id	: GenuineIntel
cpu family	: 6
model		: 69
model name	: Intel(R) Core(TM) i3-4030U CPU @ 1.90GHz
stepping	: 1
microcode	: 0x1d
cpu MHz		: 1799.953
cache size	: 3072 KB
physical id	: 0
siblings	: 4
core id		: 0
cpu cores	: 2
apicid		: 1
initial apicid	: 1
fpu		: yes
fpu_exception	: yes
cpuid level	: 13
wp		: yes
flags		: fpu vme de pse tsc msr pae mce cx8 apic sep mtrr pge mca cmov pat pse36 clflush dts acpi mmx fxsr sse sse2 ss ht tm pbe syscall nx pdpe1gb rdtscp lm constant_tsc arch_perfmon pebs bts rep_good nopl xtopology nonstop_tsc aperfmperf eagerfpu pni pclmulqdq dtes64 monitor ds_cpl vmx est tm2 ssse3 sdbg fma cx16 xtpr pdcm pcid sse4_1 sse4_2 x2apic movbe popcnt tsc_deadline_timer aes xsave avx f16c rdrand lahf_lm abm epb tpr_shadow vnmi flexpriority ept vpid fsgsbase tsc_adjust bmi1 avx2 smep bmi2 erms invpcid xsaveopt dtherm arat pln pts
bugs		:
bogomips	: 3791.28
clflush size	: 64
cache_alignment	: 64
address sizes	: 39 bits physical, 48 bits virtual
power management:

processor	: 2
vendor_id	: GenuineIntel
cpu family	: 6
model		: 69
model name	: Intel(R) Core(TM) i3-4030U CPU @ 1.90GHz
stepping	: 1
microcode	: 0x1d
cpu MHz		: 1799.953
cache size	: 3072 KB
physical id	: 0
siblings	: 4
core id		: 1
cpu cores	: 2
apicid		: 2
initial apicid	: 2
fpu		: yes
fpu_exception	: yes
cpuid level	: 13
wp		: yes
flags		: fpu vme de pse tsc msr pae mce cx8 apic sep mtrr pge mca cmov pat pse36 clflush dts acpi mmx fxsr sse sse2 ss ht tm pbe syscall nx pdpe1gb rdtscp lm constant_tsc arch_perfmon pebs bts rep_good nopl xtopology nonstop_tsc aperfmperf eagerfpu pni pclmulqdq dtes64 monitor ds_cpl vmx est tm2 ssse3 sdbg fma cx16 xtpr pdcm pcid sse4_1 sse4_2 x2apic movbe popcnt tsc_deadline_timer aes xsave avx f16c rdrand lahf_lm abm epb tpr_shadow vnmi flexpriority ept vpid fsgsbase tsc_adjust bmi1 avx2 smep bmi2 erms invpcid xsaveopt dtherm arat pln pts
bugs		:
bogomips	: 3791.28
clflush size	: 64
cache_alignment	: 64
address sizes	: 39 bits physical, 48 bits virtual
power management:

processor	: 3
vendor_id	: GenuineIntel
cpu family	: 6
model		: 69
model name	: Intel(R) Core(TM) i3-4030U CPU @ 1.90GHz
stepping	: 1
microcode	: 0x1d
cpu MHz		: 1799.953
cache size	: 3072 KB
physical id	: 0
siblings	: 4
core id		: 1
cpu cores	: 2
apicid		: 3
initial apicid	: 3
fpu		: yes
fpu_exception	: yes
cpuid level	: 13
wp		: yes
flags		: fpu vme de pse tsc msr pae mce cx8 apic sep mtrr pge mca cmov pat pse36 clflush dts acpi mmx fxsr sse sse2 ss ht tm pbe syscall nx pdpe1gb rdtscp lm constant_tsc arch_perfmon pebs bts rep_good nopl xtopology nonstop_tsc aperfmperf eagerfpu pni pclmulqdq dtes64 monitor ds_cpl vmx est tm2 ssse3 sdbg fma cx16 xtpr pdcm pcid sse4_1 sse4_2 x2apic movbe popcnt tsc_deadline_timer aes xsave avx f16c rdrand lahf_lm abm epb tpr_shadow vnmi flexpriority ept vpid fsgsbase tsc_adjust bmi1 avx2 smep bmi2 erms invpcid xsaveopt dtherm arat pln pts
bugs		:
bogomips	: 3791.28
clflush size	: 64
cache_alignment	: 64
address sizes	: 39 bits physical, 48 bits virtual
power management:



Memory: 4k page, physical 3972820k(134452k free), swap 1020k(0k free)

vm_info: OpenJDK 64-Bit Server VM (25.112-b06) for linux-amd64 JRE (1.8.0_112-release-b06), built on Dec  6 2016 12:11:18 by "builder" with gcc 4.8.4

time: Mon Jul 10 12:50:16 2017
elapsed time: 75 seconds (0d 0h 1m 15s)

