#
# There is insufficient memory for the Java Runtime Environment to continue.
# Native memory allocation (mmap) failed to map 207618048 bytes for committing reserved memory.
# Possible reasons:
#   The system is out of physical RAM or swap space
#   In 32 bit mode, the process size limit was hit
# Possible solutions:
#   Reduce memory load on the system
#   Increase physical memory or swap space
#   Check if swap backing store is full
#   Use 64 bit Java on a 64 bit OS
#   Decrease Java heap size (-Xmx/-Xms)
#   Decrease number of Java threads
#   Decrease Java thread stack sizes (-Xss)
#   Set larger code cache with -XX:ReservedCodeCacheSize=
# This output file may be truncated or incomplete.
#
#  Out of Memory Error (os_linux.cpp:2627), pid=3806, tid=0x00007ff3046b4700
#
# JRE version: OpenJDK Runtime Environment (8.0_112-b06) (build 1.8.0_112-release-b06)
# Java VM: OpenJDK 64-Bit Server VM (25.112-b06 mixed mode linux-amd64 compressed oops)
# Failed to write core dump. Core dumps have been disabled. To enable core dumping, try "ulimit -c unlimited" before starting Java again
#

---------------  T H R E A D  ---------------

Current thread (0x00007ff31c077800):  VMThread [stack: 0x00007ff3045b4000,0x00007ff3046b5000] [id=3814]

Stack: [0x00007ff3045b4000,0x00007ff3046b5000],  sp=0x00007ff3046b34d0,  free space=1021k
Native frames: (J=compiled Java code, j=interpreted, Vv=VM code, C=native code)
V  [libjvm.so+0x9e465d]  VMError::report_and_die()+0x15d
V  [libjvm.so+0x4b6ada]  report_vm_out_of_memory(char const*, int, unsigned long, VMErrorType, char const*)+0x8a
V  [libjvm.so+0x84c860]  os::pd_commit_memory(char*, unsigned long, unsigned long, bool)+0xf0
V  [libjvm.so+0x84737f]  os::commit_memory(char*, unsigned long, unsigned long, bool)+0x1f
V  [libjvm.so+0x8bd3db]  PSVirtualSpace::expand_by(unsigned long)+0x5b
V  [libjvm.so+0x8ae1bb]  PSOldGen::expand_by(unsigned long) [clone .part.109]+0x1b
V  [libjvm.so+0x8ae37b]  PSOldGen::expand(unsigned long) [clone .part.111]+0xdb
V  [libjvm.so+0x8aec58]  PSOldGen::resize(unsigned long)+0x188
V  [libjvm.so+0x8b426c]  PSParallelCompact::invoke_no_policy(bool)+0x97c
V  [libjvm.so+0x8bb37d]  PSScavenge::invoke()+0x17d
V  [libjvm.so+0x86fcf3]  ParallelScavengeHeap::failed_mem_allocate(unsigned long)+0x63
V  [libjvm.so+0x9e6124]  VM_ParallelGCFailedAllocation::doit()+0x84
V  [libjvm.so+0x9ea537]  VM_Operation::evaluate()+0x47
V  [libjvm.so+0x9e8ff8]  VMThread::evaluate_operation(VM_Operation*)+0x2c8
V  [libjvm.so+0x9e9479]  VMThread::loop()+0x219
V  [libjvm.so+0x9e98c2]  VMThread::run()+0x72
V  [libjvm.so+0x849c82]  java_start(Thread*)+0xf2

VM_Operation (0x00007ff2a27a7020): ParallelGCFailedAllocation, mode: safepoint, requested by thread 0x00007ff294010800


---------------  P R O C E S S  ---------------

Java Threads: ( => current thread )
  0x00007ff29405d000 JavaThread "pool-5-thread-4" [_thread_blocked, id=3864, stack(0x00007ff2a22df000,0x00007ff2a23e0000)]
  0x00007ff29405b000 JavaThread "pool-5-thread-3" [_thread_blocked, id=3863, stack(0x00007ff2a23e0000,0x00007ff2a24e1000)]
  0x00007ff29405a000 JavaThread "pool-5-thread-2" [_thread_blocked, id=3862, stack(0x00007ff2a25a7000,0x00007ff2a26a8000)]
  0x00007ff294059000 JavaThread "pool-6-thread-1" [_thread_blocked, id=3861, stack(0x00007ff2a27a9000,0x00007ff2a28aa000)]
  0x00007ff294010800 JavaThread "pool-5-thread-1" [_thread_blocked, id=3860, stack(0x00007ff2a26a8000,0x00007ff2a27a9000)]
  0x00007ff2c0533800 JavaThread "pool-3-thread-1" [_thread_blocked, id=3859, stack(0x00007ff2a28aa000,0x00007ff2a29ab000)]
  0x00007ff2c1402800 JavaThread "Cache update executor" [_thread_blocked, id=3838, stack(0x00007ff2ec09c000,0x00007ff2ec19d000)]
  0x00007ff2c0351000 JavaThread "pool-2-thread-1" [_thread_blocked, id=3836, stack(0x00007ff2ec3b0000,0x00007ff2ec4b1000)]
  0x00007ff2c044d000 JavaThread "File lock request listener" [_thread_in_native, id=3835, stack(0x00007ff2ecc16000,0x00007ff2ecd17000)]
  0x00007ff2c0cbd800 JavaThread "process reaper" daemon [_thread_blocked, id=3834, stack(0x00007ff2ed35c000,0x00007ff2ed395000)]
  0x00007ff31ccd7800 JavaThread "pool-1-thread-1" [_thread_blocked, id=3832, stack(0x00007ff2ed80f000,0x00007ff2ed910000)]
  0x00007ff2c0008000 JavaThread "Asynchronous log dispatcher for DefaultDaemonConnection: socket connection from /127.0.0.1:41283 to /127.0.0.1:47278" [_thread_blocked, id=3830, stack(0x00007ff2eda11000,0x00007ff2edb12000)]
  0x00007ff2c4008000 JavaThread "Daemon worker" [_thread_blocked, id=3827, stack(0x00007ff2edb12000,0x00007ff2edc13000)]
  0x00007ff2c4006800 JavaThread "Cancel handler" [_thread_blocked, id=3826, stack(0x00007ff2edc13000,0x00007ff2edd14000)]
  0x00007ff2c4005800 JavaThread "Handler for socket connection from /127.0.0.1:41283 to /127.0.0.1:47278" [_thread_in_native, id=3825, stack(0x00007ff2edf14000,0x00007ff2ee015000)]
  0x00007ff2d0018000 JavaThread "Daemon" [_thread_blocked, id=3824, stack(0x00007ff2ee015000,0x00007ff2ee116000)]
  0x00007ff31cc8c800 JavaThread "Incoming local TCP Connector on port 41283" [_thread_in_native, id=3823, stack(0x00007ff2ee31d000,0x00007ff2ee41e000)]
  0x00007ff31c0bf800 JavaThread "Service Thread" daemon [_thread_blocked, id=3821, stack(0x00007ff2efafb000,0x00007ff2efbfc000)]
  0x00007ff31c0bc800 JavaThread "C1 CompilerThread2" daemon [_thread_blocked, id=3820, stack(0x00007ff2efbfc000,0x00007ff2efcfd000)]
  0x00007ff31c0ba800 JavaThread "C2 CompilerThread1" daemon [_thread_blocked, id=3819, stack(0x00007ff2efcfd000,0x00007ff2efdfe000)]
  0x00007ff31c0b7800 JavaThread "C2 CompilerThread0" daemon [_thread_blocked, id=3818, stack(0x00007ff2efdfe000,0x00007ff2efeff000)]
  0x00007ff31c0b6800 JavaThread "Signal Dispatcher" daemon [_thread_blocked, id=3817, stack(0x00007ff2efeff000,0x00007ff2f0000000)]
  0x00007ff31c083800 JavaThread "Finalizer" daemon [_thread_blocked, id=3816, stack(0x00007ff3043b2000,0x00007ff3044b3000)]
  0x00007ff31c07f000 JavaThread "Reference Handler" daemon [_thread_blocked, id=3815, stack(0x00007ff3044b3000,0x00007ff3045b4000)]
  0x00007ff31c00a000 JavaThread "main" [_thread_blocked, id=3809, stack(0x00007ff323e6a000,0x00007ff323f6b000)]

Other Threads:
=>0x00007ff31c077800 VMThread [stack: 0x00007ff3045b4000,0x00007ff3046b5000] [id=3814]
  0x00007ff31c0c2000 WatcherThread [stack: 0x00007ff2ef9fa000,0x00007ff2efafb000] [id=3822]

VM state:at safepoint (normal execution)

VM Mutex/Monitor currently owned by a thread:  ([mutex/lock_event])
[0x00007ff31c005df0] ExpandHeap_lock - owner thread: 0x00007ff31c077800
[0x00007ff31c006470] Threads_lock - owner thread: 0x00007ff31c077800
[0x00007ff31c006970] Heap_lock - owner thread: 0x00007ff294010800

Heap:
 PSYoungGen      total 303104K, used 0K [0x00000000e0000000, 0x0000000100000000, 0x0000000100000000)
  eden space 175104K, 0% used [0x00000000e0000000,0x00000000e0000000,0x00000000eab00000)
  from space 128000K, 0% used [0x00000000f8300000,0x00000000f8300000,0x0000000100000000)
  to   space 174592K, 0% used [0x00000000eab00000,0x00000000eab00000,0x00000000f5580000)
 ParOldGen       total 652288K, used 632960K [0x00000000a0000000, 0x00000000c7d00000, 0x00000000e0000000)
  object space 652288K, 97% used [0x00000000a0000000,0x00000000c6a201d0,0x00000000c7d00000)
 Metaspace       used 61627K, capacity 63396K, committed 63664K, reserved 1103872K
  class space    used 8089K, capacity 8506K, committed 8624K, reserved 1048576K

Card table byte_map: [0x00007ff3209fb000,0x00007ff320cfc000] byte_map_base: 0x00007ff3204fb000

Marking Bits: (ParMarkBitMap*) 0x00007ff323338340
 Begin Bits: [0x00007ff305000000, 0x00007ff306800000)
 End Bits:   [0x00007ff306800000, 0x00007ff308000000)

Polling page: 0x00007ff323f8a000

CodeCache: size=245760Kb used=34058Kb max_used=34084Kb free=211701Kb
 bounds [0x00007ff30d000000, 0x00007ff30f1b0000, 0x00007ff31c000000]
 total_blobs=10496 nmethods=9717 adapters=690
 compilation: enabled

Compilation events (10 events):
Event: 73.007 Thread 0x00007ff31c0bc800 12392       3       com.android.dx.ssa.back.FirstFitLocalCombiningAllocator::tryMapRegs (110 bytes)
Event: 73.009 Thread 0x00007ff31c0bc800 nmethod 12392 0x00007ff30e8bda10 code [0x00007ff30e8bdc60, 0x00007ff30e8beaf8]
Event: 73.093 Thread 0x00007ff31c0bc800 12395 %     3       java.util.DualPivotQuicksort::sort @ 39 (1195 bytes)
Event: 73.099 Thread 0x00007ff31c0bc800 nmethod 12395% 0x00007ff30f183290 code [0x00007ff30f183660, 0x00007ff30f185828]
Event: 73.099 Thread 0x00007ff31c0bc800 12396       3       java.util.DualPivotQuicksort::sort (1195 bytes)
Event: 73.108 Thread 0x00007ff31c0bc800 nmethod 12396 0x00007ff30f18e550 code [0x00007ff30f18e900, 0x00007ff30f1909a8]
Event: 73.338 Thread 0x00007ff31c0ba800 nmethod 12249 0x00007ff30f196250 code [0x00007ff30f196e40, 0x00007ff30f1996a0]
Event: 73.338 Thread 0x00007ff31c0ba800 12393   !   4       com.android.dx.cf.code.RopperMachine::run (1550 bytes)
Event: 73.424 Thread 0x00007ff31c0b7800 nmethod 12342% 0x00007ff30f1a0d50 code [0x00007ff30f1a1140, 0x00007ff30f1a4b18]
Event: 73.426 Thread 0x00007ff31c0b7800 12086       4       com.android.dx.dex.code.RopTranslator::pickOrder (400 bytes)

GC Heap History (10 events):
Event: 65.571 GC heap after
Heap after GC invocations=46 (full 7):
 PSYoungGen      total 428544K, used 95217K [0x00000000e0000000, 0x0000000100000000, 0x0000000100000000)
  eden space 333312K, 0% used [0x00000000e0000000,0x00000000e0000000,0x00000000f4580000)
  from space 95232K, 99% used [0x00000000f4580000,0x00000000fa27c448,0x00000000fa280000)
  to   space 95744K, 0% used [0x00000000fa280000,0x00000000fa280000,0x0000000100000000)
 ParOldGen       total 468480K, used 407861K [0x00000000a0000000, 0x00000000bc980000, 0x00000000e0000000)
  object space 468480K, 87% used [0x00000000a0000000,0x00000000b8e4d660,0x00000000bc980000)
 Metaspace       used 61615K, capacity 63396K, committed 63664K, reserved 1103872K
  class space    used 8088K, capacity 8506K, committed 8624K, reserved 1048576K
}
Event: 66.777 GC heap before
{Heap before GC invocations=47 (full 7):
 PSYoungGen      total 428544K, used 428529K [0x00000000e0000000, 0x0000000100000000, 0x0000000100000000)
  eden space 333312K, 100% used [0x00000000e0000000,0x00000000f4580000,0x00000000f4580000)
  from space 95232K, 99% used [0x00000000f4580000,0x00000000fa27c448,0x00000000fa280000)
  to   space 95744K, 0% used [0x00000000fa280000,0x00000000fa280000,0x0000000100000000)
 ParOldGen       total 468480K, used 407861K [0x00000000a0000000, 0x00000000bc980000, 0x00000000e0000000)
  object space 468480K, 87% used [0x00000000a0000000,0x00000000b8e4d660,0x00000000bc980000)
 Metaspace       used 61617K, capacity 63396K, committed 63664K, reserved 1103872K
  class space    used 8088K, capacity 8506K, committed 8624K, reserved 1048576K
Event: 67.057 GC heap after
Heap after GC invocations=47 (full 7):
 PSYoungGen      total 364032K, used 86538K [0x00000000e0000000, 0x0000000100000000, 0x0000000100000000)
  eden space 268288K, 0% used [0x00000000e0000000,0x00000000e0000000,0x00000000f0600000)
  from space 95744K, 90% used [0x00000000fa280000,0x00000000ff702948,0x0000000100000000)
  to   space 128000K, 0% used [0x00000000f0600000,0x00000000f0600000,0x00000000f8300000)
 ParOldGen       total 468480K, used 468250K [0x00000000a0000000, 0x00000000bc980000, 0x00000000e0000000)
  object space 468480K, 99% used [0x00000000a0000000,0x00000000bc9469a0,0x00000000bc980000)
 Metaspace       used 61617K, capacity 63396K, committed 63664K, reserved 1103872K
  class space    used 8088K, capacity 8506K, committed 8624K, reserved 1048576K
}
Event: 67.057 GC heap before
{Heap before GC invocations=48 (full 8):
 PSYoungGen      total 364032K, used 86538K [0x00000000e0000000, 0x0000000100000000, 0x0000000100000000)
  eden space 268288K, 0% used [0x00000000e0000000,0x00000000e0000000,0x00000000f0600000)
  from space 95744K, 90% used [0x00000000fa280000,0x00000000ff702948,0x0000000100000000)
  to   space 128000K, 0% used [0x00000000f0600000,0x00000000f0600000,0x00000000f8300000)
 ParOldGen       total 468480K, used 468250K [0x00000000a0000000, 0x00000000bc980000, 0x00000000e0000000)
  object space 468480K, 99% used [0x00000000a0000000,0x00000000bc9469a0,0x00000000bc980000)
 Metaspace       used 61617K, capacity 63396K, committed 63664K, reserved 1103872K
  class space    used 8088K, capacity 8506K, committed 8624K, reserved 1048576K
Event: 70.972 GC heap after
Heap after GC invocations=48 (full 8):
 PSYoungGen      total 364032K, used 77792K [0x00000000e0000000, 0x0000000100000000, 0x0000000100000000)
  eden space 268288K, 0% used [0x00000000e0000000,0x00000000e0000000,0x00000000f0600000)
  from space 95744K, 81% used [0x00000000fa280000,0x00000000fee78178,0x0000000100000000)
  to   space 128000K, 0% used [0x00000000f0600000,0x00000000f0600000,0x00000000f8300000)
 ParOldGen       total 652288K, used 468299K [0x00000000a0000000, 0x00000000c7d00000, 0x00000000e0000000)
  object space 652288K, 71% used [0x00000000a0000000,0x00000000bc952cb0,0x00000000c7d00000)
 Metaspace       used 61617K, capacity 63396K, committed 63664K, reserved 1103872K
  class space    used 8088K, capacity 8506K, committed 8624K, reserved 1048576K
}
Event: 72.015 GC heap before
{Heap before GC invocations=49 (full 8):
 PSYoungGen      total 364032K, used 346080K [0x00000000e0000000, 0x0000000100000000, 0x0000000100000000)
  eden space 268288K, 100% used [0x00000000e0000000,0x00000000f0600000,0x00000000f0600000)
  from space 95744K, 81% used [0x00000000fa280000,0x00000000fee78178,0x0000000100000000)
  to   space 128000K, 0% used [0x00000000f0600000,0x00000000f0600000,0x00000000f8300000)
 ParOldGen       total 652288K, used 468299K [0x00000000a0000000, 0x00000000c7d00000, 0x00000000e0000000)
  object space 652288K, 71% used [0x00000000a0000000,0x00000000bc952cb0,0x00000000c7d00000)
 Metaspace       used 61617K, capacity 63396K, committed 63664K, reserved 1103872K
  class space    used 8088K, capacity 8506K, committed 8624K, reserved 1048576K
Event: 72.341 GC heap after
Heap after GC invocations=49 (full 8):
 PSYoungGen      total 396288K, used 127998K [0x00000000e0000000, 0x0000000100000000, 0x0000000100000000)
  eden space 268288K, 0% used [0x00000000e0000000,0x00000000e0000000,0x00000000f0600000)
  from space 128000K, 99% used [0x00000000f0600000,0x00000000f82ff840,0x00000000f8300000)
  to   space 128000K, 0% used [0x00000000f8300000,0x00000000f8300000,0x0000000100000000)
 ParOldGen       total 652288K, used 511235K [0x00000000a0000000, 0x00000000c7d00000, 0x00000000e0000000)
  object space 652288K, 78% used [0x00000000a0000000,0x00000000bf340df0,0x00000000c7d00000)
 Metaspace       used 61617K, capacity 63396K, committed 63664K, reserved 1103872K
  class space    used 8088K, capacity 8506K, committed 8624K, reserved 1048576K
}
Event: 73.584 GC heap before
{Heap before GC invocations=50 (full 8):
 PSYoungGen      total 396288K, used 396286K [0x00000000e0000000, 0x0000000100000000, 0x0000000100000000)
  eden space 268288K, 100% used [0x00000000e0000000,0x00000000f0600000,0x00000000f0600000)
  from space 128000K, 99% used [0x00000000f0600000,0x00000000f82ff840,0x00000000f8300000)
  to   space 128000K, 0% used [0x00000000f8300000,0x00000000f8300000,0x0000000100000000)
 ParOldGen       total 652288K, used 511235K [0x00000000a0000000, 0x00000000c7d00000, 0x00000000e0000000)
  object space 652288K, 78% used [0x00000000a0000000,0x00000000bf340df0,0x00000000c7d00000)
 Metaspace       used 61627K, capacity 63396K, committed 63664K, reserved 1103872K
  class space    used 8089K, capacity 8506K, committed 8624K, reserved 1048576K
Event: 73.850 GC heap after
Heap after GC invocations=50 (full 8):
 PSYoungGen      total 303104K, used 126807K [0x00000000e0000000, 0x0000000100000000, 0x0000000100000000)
  eden space 175104K, 0% used [0x00000000e0000000,0x00000000e0000000,0x00000000eab00000)
  from space 128000K, 99% used [0x00000000f8300000,0x00000000ffed5e28,0x0000000100000000)
  to   space 174592K, 0% used [0x00000000eab00000,0x00000000eab00000,0x00000000f5580000)
 ParOldGen       total 652288K, used 587230K [0x00000000a0000000, 0x00000000c7d00000, 0x00000000e0000000)
  object space 652288K, 90% used [0x00000000a0000000,0x00000000c3d77a38,0x00000000c7d00000)
 Metaspace       used 61627K, capacity 63396K, committed 63664K, reserved 1103872K
  class space    used 8089K, capacity 8506K, committed 8624K, reserved 1048576K
}
Event: 73.850 GC heap before
{Heap before GC invocations=51 (full 9):
 PSYoungGen      total 303104K, used 126807K [0x00000000e0000000, 0x0000000100000000, 0x0000000100000000)
  eden space 175104K, 0% used [0x00000000e0000000,0x00000000e0000000,0x00000000eab00000)
  from space 128000K, 99% used [0x00000000f8300000,0x00000000ffed5e28,0x0000000100000000)
  to   space 174592K, 0% used [0x00000000eab00000,0x00000000eab00000,0x00000000f5580000)
 ParOldGen       total 652288K, used 587230K [0x00000000a0000000, 0x00000000c7d00000, 0x00000000e0000000)
  object space 652288K, 90% used [0x00000000a0000000,0x00000000c3d77a38,0x00000000c7d00000)
 Metaspace       used 61627K, capacity 63396K, committed 63664K, reserved 1103872K
  class space    used 8089K, capacity 8506K, committed 8624K, reserved 1048576K

Deoptimization events (10 events):
Event: 66.671 Thread 0x00007ff29405d000 Uncommon trap: reason=unstable_if action=reinterpret pc=0x00007ff30eb6c484 method=com.android.dx.rop.type.Type.isReference()Z @ 6
Event: 72.412 Thread 0x00007ff2c0533800 Uncommon trap: reason=class_check action=maybe_recompile pc=0x00007ff30f123674 method=com.android.dx.ssa.SsaConverter.placePhiFunctions(Lcom/android/dx/ssa/SsaMethod;Lcom/android/dx/ssa/LocalVariableInfo;I)V @ 257
Event: 72.414 Thread 0x00007ff29405a000 Uncommon trap: reason=class_check action=maybe_recompile pc=0x00007ff30f123674 method=com.android.dx.ssa.SsaConverter.placePhiFunctions(Lcom/android/dx/ssa/SsaMethod;Lcom/android/dx/ssa/LocalVariableInfo;I)V @ 257
Event: 72.553 Thread 0x00007ff29405a000 Uncommon trap: reason=predicate action=maybe_recompile pc=0x00007ff30eb353ec method=com.android.dx.ssa.back.InterferenceGraph.<init>(I)V @ 23
Event: 72.555 Thread 0x00007ff29405a000 Uncommon trap: reason=unstable_if action=reinterpret pc=0x00007ff30eb38358 method=com.android.dx.ssa.SetFactory.makeLivenessSet(I)Lcom/android/dx/util/IntSet; @ 4
Event: 72.654 Thread 0x00007ff29405a000 Uncommon trap: reason=class_check action=maybe_recompile pc=0x00007ff30f16cfa0 method=com.android.dx.ssa.back.InterferenceGraph.mergeInterferenceSet(ILcom/android/dx/util/IntSet;)V @ 20
Event: 72.655 Thread 0x00007ff2c0533800 Uncommon trap: reason=class_check action=maybe_recompile pc=0x00007ff30f16cfa0 method=com.android.dx.ssa.back.InterferenceGraph.mergeInterferenceSet(ILcom/android/dx/util/IntSet;)V @ 20
Event: 72.779 Thread 0x00007ff2c0533800 Uncommon trap: reason=unstable_if action=reinterpret pc=0x00007ff30f1491e4 method=com.android.dx.util.LabeledList.set(ILcom/android/dx/util/LabeledItem;)V @ 16
Event: 72.779 Thread 0x00007ff2c0533800 Uncommon trap: reason=unstable_if action=reinterpret pc=0x00007ff30f1417ac method=com.android.dx.util.LabeledList.set(ILcom/android/dx/util/LabeledItem;)V @ 16
Event: 73.004 Thread 0x00007ff2c0533800 Uncommon trap: reason=unstable_if action=reinterpret pc=0x00007ff30f131b48 method=com.android.dx.util.BitIntSet.has(I)Z @ 8

Internal exceptions (10 events):
Event: 24.472 Thread 0x00007ff2c4008000 Exception <a 'java/lang/NoSuchMethodError': <clinit>> (0x00000000e36cf3f0) thrown at [/ssd/Android/AOSP-openjdk/external/jetbrains/jdk/hotspot/src/share/vm/prims/jni.cpp, line 1613]
Event: 24.492 Thread 0x00007ff2c4008000 Exception <a 'java/lang/NoSuchMethodError': <clinit>> (0x00000000e37b67e0) thrown at [/ssd/Android/AOSP-openjdk/external/jetbrains/jdk/hotspot/src/share/vm/prims/jni.cpp, line 1613]
Event: 24.495 Thread 0x00007ff2c4008000 Exception <a 'java/lang/NoSuchMethodError': <clinit>> (0x00000000e37cf538) thrown at [/ssd/Android/AOSP-openjdk/external/jetbrains/jdk/hotspot/src/share/vm/prims/jni.cpp, line 1613]
Event: 24.495 Thread 0x00007ff2c4008000 Exception <a 'java/lang/NoSuchMethodError': <clinit>> (0x00000000e37d11b8) thrown at [/ssd/Android/AOSP-openjdk/external/jetbrains/jdk/hotspot/src/share/vm/prims/jni.cpp, line 1613]
Event: 30.436 Thread 0x00007ff2c4008000 Implicit null exception at 0x00007ff30e6221ce to 0x00007ff30e6228c5
Event: 37.003 Thread 0x00007ff2c1402800 Exception <a 'java/lang/NoSuchMethodError': <clinit>> (0x00000000e29fbb18) thrown at [/ssd/Android/AOSP-openjdk/external/jetbrains/jdk/hotspot/src/share/vm/prims/jni.cpp, line 1613]
Event: 41.838 Thread 0x00007ff2c4008000 Implicit null exception at 0x00007ff30e96928f to 0x00007ff30e969a65
Event: 45.599 Thread 0x00007ff294010800 Implicit null exception at 0x00007ff30e90e9fe to 0x00007ff30e90f909
Event: 45.847 Thread 0x00007ff29405a000 Implicit null exception at 0x00007ff30e96dea5 to 0x00007ff30e96ea5d
Event: 49.837 Thread 0x00007ff29405a000 Implicit null exception at 0x00007ff30ecbffed to 0x00007ff30ecc1871

Events (10 events):
Event: 73.207 Thread 0x00007ff2c0533800 DEOPT UNPACKING pc=0x00007ff30d047373 sp=0x00007ff2a29a84b0 mode 0
Event: 73.312 Thread 0x00007ff2c0533800 DEOPT PACKING pc=0x00007ff30ed6de71 sp=0x00007ff2a29a8700
Event: 73.312 Thread 0x00007ff2c0533800 DEOPT UNPACKING pc=0x00007ff30d047373 sp=0x00007ff2a29a84b0 mode 0
Event: 73.409 Thread 0x00007ff2c0533800 DEOPT PACKING pc=0x00007ff30ed6de71 sp=0x00007ff2a29a8650
Event: 73.409 Thread 0x00007ff2c0533800 DEOPT UNPACKING pc=0x00007ff30d047373 sp=0x00007ff2a29a8400 mode 0
Event: 73.554 Thread 0x00007ff2c0533800 DEOPT PACKING pc=0x00007ff30ed6de71 sp=0x00007ff2a29a8700
Event: 73.554 Thread 0x00007ff2c0533800 DEOPT UNPACKING pc=0x00007ff30d047373 sp=0x00007ff2a29a84b0 mode 0
Event: 73.580 Thread 0x00007ff2c0533800 DEOPT PACKING pc=0x00007ff30eba9faa sp=0x00007ff2a29a85d0
Event: 73.580 Thread 0x00007ff2c0533800 DEOPT UNPACKING pc=0x00007ff30d047373 sp=0x00007ff2a29a83b8 mode 0
Event: 73.583 Executing VM operation: ParallelGCFailedAllocation


Dynamic libraries:
00400000-00401000 r-xp 00000000 08:07 1201464                            /home/chivu/Downloads/android-studio-p/jre/bin/java
00600000-00601000 r--p 00000000 08:07 1201464                            /home/chivu/Downloads/android-studio-p/jre/bin/java
00601000-00602000 rw-p 00001000 08:07 1201464                            /home/chivu/Downloads/android-studio-p/jre/bin/java
01d7e000-01dc0000 rw-p 00000000 00:00 0                                  [heap]
a0000000-c7d00000 rw-p 00000000 00:00 0 
d4300000-e0000000 ---p 00000000 00:00 0 
e0000000-100000000 rw-p 00000000 00:00 0 
100000000-10086c000 rw-p 00000000 00:00 0 
10086c000-140000000 ---p 00000000 00:00 0 
7ff284000000-7ff284030000 rw-p 00000000 00:00 0 
7ff284030000-7ff288000000 ---p 00000000 00:00 0 
7ff28c000000-7ff28c02d000 rw-p 00000000 00:00 0 
7ff28c02d000-7ff290000000 ---p 00000000 00:00 0 
7ff290000000-7ff290043000 rw-p 00000000 00:00 0 
7ff290043000-7ff294000000 ---p 00000000 00:00 0 
7ff294000000-7ff294204000 rw-p 00000000 00:00 0 
7ff294204000-7ff298000000 ---p 00000000 00:00 0 
7ff298000000-7ff298021000 rw-p 00000000 00:00 0 
7ff298021000-7ff29c000000 ---p 00000000 00:00 0 
7ff29c000000-7ff29c02d000 rw-p 00000000 00:00 0 
7ff29c02d000-7ff2a0000000 ---p 00000000 00:00 0 
7ff2a20df000-7ff2a229f000 rw-p 00000000 00:00 0 
7ff2a229f000-7ff2a22df000 ---p 00000000 00:00 0 
7ff2a22df000-7ff2a22e2000 ---p 00000000 00:00 0 
7ff2a22e2000-7ff2a23e0000 rw-p 00000000 00:00 0 
7ff2a23e0000-7ff2a23e3000 ---p 00000000 00:00 0 
7ff2a23e3000-7ff2a24e1000 rw-p 00000000 00:00 0 
7ff2a24e1000-7ff2a25a7000 r--s 008d6000 08:07 2143686                    /home/chivu/Desktop/newsApp/app/build/intermediates/transforms/jarMerging/debug/jars/1/1f/combined.jar
7ff2a25a7000-7ff2a25aa000 ---p 00000000 00:00 0 
7ff2a25aa000-7ff2a26a8000 rw-p 00000000 00:00 0 
7ff2a26a8000-7ff2a26ab000 ---p 00000000 00:00 0 
7ff2a26ab000-7ff2a27a9000 rw-p 00000000 00:00 0 
7ff2a27a9000-7ff2a27ac000 ---p 00000000 00:00 0 
7ff2a27ac000-7ff2a28aa000 rw-p 00000000 00:00 0 
7ff2a28aa000-7ff2a28ad000 ---p 00000000 00:00 0 
7ff2a28ad000-7ff2a2bab000 rw-p 00000000 00:00 0 
7ff2a2bab000-7ff2a2dab000 rw-p 00000000 00:00 0 
7ff2a2e00000-7ff2a3000000 rw-p 00000000 00:00 0 
7ff2a3000000-7ff2a3200000 rw-p 00000000 00:00 0 
7ff2a3200000-7ff2a3400000 rw-p 00000000 00:00 0 
7ff2a3400000-7ff2a3600000 rw-p 00000000 00:00 0 
7ff2a3600000-7ff2a3800000 rw-p 00000000 00:00 0 
7ff2a3800000-7ff2a3a00000 rw-p 00000000 00:00 0 
7ff2a3a00000-7ff2a3c00000 rw-p 00000000 00:00 0 
7ff2a3c00000-7ff2a3e00000 rw-p 00000000 00:00 0 
7ff2a3e00000-7ff2a4000000 rw-p 00000000 00:00 0 
7ff2a4000000-7ff2a4021000 rw-p 00000000 00:00 0 
7ff2a4021000-7ff2a8000000 ---p 00000000 00:00 0 
7ff2a8000000-7ff2a8021000 rw-p 00000000 00:00 0 
7ff2a8021000-7ff2ac000000 ---p 00000000 00:00 0 
7ff2ac000000-7ff2ac021000 rw-p 00000000 00:00 0 
7ff2ac021000-7ff2b0000000 ---p 00000000 00:00 0 
7ff2b0000000-7ff2b0021000 rw-p 00000000 00:00 0 
7ff2b0021000-7ff2b4000000 ---p 00000000 00:00 0 
7ff2b4000000-7ff2b4021000 rw-p 00000000 00:00 0 
7ff2b4021000-7ff2b8000000 ---p 00000000 00:00 0 
7ff2b8000000-7ff2b8021000 rw-p 00000000 00:00 0 
7ff2b8021000-7ff2bc000000 ---p 00000000 00:00 0 
7ff2bc000000-7ff2bc021000 rw-p 00000000 00:00 0 
7ff2bc021000-7ff2c0000000 ---p 00000000 00:00 0 
7ff2c0000000-7ff2c1604000 rw-p 00000000 00:00 0 
7ff2c1604000-7ff2c4000000 ---p 00000000 00:00 0 
7ff2c4000000-7ff2c4021000 rw-p 00000000 00:00 0 
7ff2c4021000-7ff2c8000000 ---p 00000000 00:00 0 
7ff2c8000000-7ff2c8021000 rw-p 00000000 00:00 0 
7ff2c8021000-7ff2cc000000 ---p 00000000 00:00 0 
7ff2cc000000-7ff2cc021000 rw-p 00000000 00:00 0 
7ff2cc021000-7ff2d0000000 ---p 00000000 00:00 0 
7ff2d0000000-7ff2d0075000 rw-p 00000000 00:00 0 
7ff2d0075000-7ff2d4000000 ---p 00000000 00:00 0 
7ff2d4000000-7ff2d4ee9000 rw-p 00000000 00:00 0 
7ff2d4ee9000-7ff2d8000000 ---p 00000000 00:00 0 
7ff2d8000000-7ff2d8021000 rw-p 00000000 00:00 0 
7ff2d8021000-7ff2dc000000 ---p 00000000 00:00 0 
7ff2dc000000-7ff2ddb39000 rw-p 00000000 00:00 0 
7ff2ddb39000-7ff2e0000000 ---p 00000000 00:00 0 
7ff2e0000000-7ff2e2397000 rw-p 00000000 00:00 0 
7ff2e2397000-7ff2e4000000 ---p 00000000 00:00 0 
7ff2e4000000-7ff2e4021000 rw-p 00000000 00:00 0 
7ff2e4021000-7ff2e8000000 ---p 00000000 00:00 0 
7ff2e8000000-7ff2e8021000 rw-p 00000000 00:00 0 
7ff2e8021000-7ff2ec000000 ---p 00000000 00:00 0 
7ff2ec09c000-7ff2ec09f000 ---p 00000000 00:00 0 
7ff2ec09f000-7ff2ec19d000 rw-p 00000000 00:00 0 
7ff2ec19d000-7ff2ec1b0000 r--s 00344000 08:07 1201558                    /home/chivu/Downloads/android-studio-p/jre/jre/lib/resources.jar
7ff2ec1b0000-7ff2ec3b0000 rw-p 00000000 00:00 0 
7ff2ec3b0000-7ff2ec3b3000 ---p 00000000 00:00 0 
7ff2ec3b3000-7ff2ec6b1000 rw-p 00000000 00:00 0 
7ff2ec6b1000-7ff2ec6b2000 r--s 00001000 08:07 1094992                    /home/chivu/.gradle/caches/jars-2/cmhx5eetujk7j30d3nllwxyrlnugzjw/annotations-25.3.3.jar
7ff2ec6b2000-7ff2ec6ba000 r--s 000a8000 08:07 932893                     /home/chivu/.gradle/caches/jars-2/lp0h431tl0554nh1vx6zomcvteflkp/lombok-ast-0.2.3.jar
7ff2ec6ba000-7ff2ec6ce000 r--s 000b4000 08:07 139376                     /home/chivu/.gradle/caches/jars-2/hgvw6szzawm3evod5l2d6iutfug31w0/uast-162.2228.14.jar
7ff2ec6ce000-7ff2ec6d0000 r--s 0000d000 08:07 932889                     /home/chivu/.gradle/caches/jars-2/7pwz1bowgakb1eux9ezb56jlturgsyi/commons-codec-1.4.jar
7ff2ec6d0000-7ff2ec6d2000 r--s 0000d000 08:07 932887                     /home/chivu/.gradle/caches/jars-2/9dj1m0eyooi5qt13735vz8fpkl3cnfy/commons-logging-1.1.1.jar
7ff2ec6d2000-7ff2ec6d7000 r--s 00028000 08:07 932885                     /home/chivu/.gradle/caches/jars-2/62lv0fe9b3xbqe57f6ljy5upwi7mf6k/httpcore-4.1.jar
7ff2ec6d7000-7ff2ec6db000 r--s 0002f000 08:07 932883                     /home/chivu/.gradle/caches/jars-2/gsg5n52frsvw6sx0swqqe2hwijwdcf0/jimfs-1.1.jar
7ff2ec6db000-7ff2ec6dc000 r--s 00004000 08:07 932881                     /home/chivu/.gradle/caches/jars-2/lxs252id0979odjrerlctkb26c2vj95/annotations-12.0.jar
7ff2ec6dc000-7ff2ec6dd000 r--s 00004000 08:07 932879                     /home/chivu/.gradle/caches/jars-2/9kn99dr0rulyl67sct1ephwcop56l61/asm-analysis-5.0.4.jar
7ff2ec6dd000-7ff2ec6e1000 r--s 00040000 08:07 1094991                    /home/chivu/.gradle/caches/jars-2/ccvn7yglm4blceovs70fngoac1eyn4f/lint-api-25.3.3.jar
7ff2ec6e1000-7ff2ec6e2000 r--s 0000a000 08:07 932875                     /home/chivu/.gradle/caches/jars-2/nwyg9io65lv6jvmwit2wq82xnnxd7ia/kxml2-2.3.0.jar
7ff2ec6e2000-7ff2ec6e4000 r--s 00005000 08:07 932873                     /home/chivu/.gradle/caches/jars-2/i6hc1uuj8e9ck59slmzdyz78ydn8sr6/httpmime-4.1.jar
7ff2ec6e4000-7ff2ec6ec000 r--s 0004e000 08:07 932871                     /home/chivu/.gradle/caches/jars-2/7503wa5irssz0xxahv1xb82p2dl7rr2/httpclient-4.1.1.jar
7ff2ec6ec000-7ff2ec6f3000 r--s 00053000 08:07 932869                     /home/chivu/.gradle/caches/jars-2/jgkfvs4eqggj7qsyw1f5d3up57hanj1/commons-compress-1.8.1.jar
7ff2ec6f3000-7ff2ec6f8000 r--s 0002a000 08:07 932867                     /home/chivu/.gradle/caches/jars-2/je8f027qcr1z1egw08byp1ybxbp9kko/gson-2.2.4.jar
7ff2ec6f8000-7ff2ec6fd000 r--s 0002e000 08:07 1094990                    /home/chivu/.gradle/caches/jars-2/s427p2wh0tfza0xa8qijgx107eeevyl/repository-25.3.3.jar
7ff2ec6fd000-7ff2ec6ff000 r--s 00006000 08:07 1094989                    /home/chivu/.gradle/caches/jars-2/e2s952s6co8tps89l80r4riixwqo2oe/dvlib-25.3.3.jar
7ff2ec6ff000-7ff2ec701000 r--s 00013000 08:07 1094883                    /home/chivu/.gradle/caches/jars-2/s02k517nvrh8cbp2c8dz4slqska6dj9/layoutlib-api-25.3.3.jar
7ff2ec701000-7ff2ec706000 r--s 00058000 08:07 932859                     /home/chivu/.gradle/caches/jars-2/st159835qgxm0l87oqrnhayxos4lc1n/asm-debug-all-5.0.1.jar
7ff2ec706000-7ff2ec716000 r--s 000d5000 08:07 932857                     /home/chivu/.gradle/caches/jars-2/qzf32gp9kej4w4hlbabft6tplu74cj3/proguard-base-5.3.2.jar
7ff2ec716000-7ff2ec719000 r--s 00033000 08:07 932855                     /home/chivu/.gradle/caches/jars-2/nz9sndmr8b4xbj4xulkaciy5kdbyfiz/juniversalchardet-1.0.3.jar
7ff2ec719000-7ff2ec71d000 r--s 0002a000 08:07 932853                     /home/chivu/.gradle/caches/jars-2/krbpn9xjn1qymukyx8cc5l799ty1v3h/commons-io-2.4.jar
7ff2ec71d000-7ff2ec734000 r--s 00154000 08:07 932851                     /home/chivu/.gradle/caches/jars-2/sfeivjswzitn6n0fnjx3ueszz8gv8o1/antlr4-4.5.3.jar
7ff2ec734000-7ff2ec736000 r--s 00002000 08:07 1094881                    /home/chivu/.gradle/caches/jars-2/rh2ip1x2zziz26tr3qzudtz088pqsb2/baseLibrary-2.3.3.jar
7ff2ec736000-7ff2ec761000 r--s 001fc000 08:07 932847                     /home/chivu/.gradle/caches/jars-2/nxjrjftly2xksl8o0wqgivu5netfu2x/guava-18.0.jar
7ff2ec761000-7ff2ec774000 r--s 00241000 08:07 932845                     /home/chivu/.gradle/caches/jars-2/9yuekvg4qerfitq3xec0iyckuw3hwaq/ecj-4.6.1.jar
7ff2ec774000-7ff2ec77b000 r--s 000d9000 08:07 1094862                    /home/chivu/.gradle/caches/jars-2/ak89aa8liqmr44u7r08njntn6oehe0z/lint-checks-25.3.3.jar
7ff2ec77b000-7ff2ec77d000 r--s 00006000 08:07 932841                     /home/chivu/.gradle/caches/jars-2/6phgj9ki3jl3p5epzkqoo8pr6kur40b/asm-tree-5.0.4.jar
7ff2ec77d000-7ff2ec7b0000 r--s 00203000 08:07 932839                     /home/chivu/.gradle/caches/jars-2/hj0bfvxu9cq7hkwmecvp0kg137or3hh/bcprov-jdk15on-1.48.jar
7ff2ec7b0000-7ff2ec7be000 r--s 00081000 08:07 932837                     /home/chivu/.gradle/caches/jars-2/4r7xli0tz94y0wfjrdyjxlxar3g1pb9/bcpkix-jdk15on-1.48.jar
7ff2ec7be000-7ff2ec7c0000 r--s 00002000 08:07 932835                     /home/chivu/.gradle/caches/jars-2/f32bh5uivuf69ecz2j8hl96ksnqdh7v/javawriter-2.5.0.jar
7ff2ec7c0000-7ff2ec7c2000 r--s 00004000 08:07 1094861                    /home/chivu/.gradle/caches/jars-2/j6s1upogkwo00sygdsekzj4fx0i75uy/tracker-25.3.3.jar
7ff2ec7c2000-7ff2ec7c3000 r--s 00005000 08:07 1094860                    /home/chivu/.gradle/caches/jars-2/4svya0t1s9wyo35ycd3atidsaoo6w7e/shared-25.3.3.jar
7ff2ec7c3000-7ff2ec7d1000 r--s 00147000 08:07 1094859                    /home/chivu/.gradle/caches/jars-2/qx6695c5ocd9swxv7wqtxor3plyb4b7/protos-25.3.3.jar
7ff2ec7d1000-7ff2ec7d2000 r--s 00001000 08:07 139356                     /home/chivu/.gradle/caches/jars-2/bqo69msswbvaagsh45hf1tq02v21sml/jill-api-0.10.0.jar
7ff2ec7d2000-7ff2ec7d4000 r--s 00003000 08:07 139354                     /home/chivu/.gradle/caches/jars-2/7pldadygbci34ql8thws797g29k1uhh/jack-api-0.13.0.jar
7ff2ec7d4000-7ff2ec7da000 r--s 0004a000 08:07 1094853                    /home/chivu/.gradle/caches/jars-2/euoqfzf5y1sibp9ul8mcz0wovj380eo/ddmlib-25.3.3.jar
7ff2ec7da000-7ff2ec7dd000 r--s 00022000 08:07 1094848                    /home/chivu/.gradle/caches/jars-2/a81bg2yxzmumashablwecaj0ksz6tmj/manifest-merger-25.3.3.jar
7ff2ec7dd000-7ff2ec7e0000 r--s 0001c000 08:07 1094847                    /home/chivu/.gradle/caches/jars-2/l6cnyee1vojrkkbpp6qwgpf30shmrja/common-25.3.3.jar
7ff2ec7e0000-7ff2ec7e9000 r--s 00089000 08:07 1094417                    /home/chivu/.gradle/caches/jars-2/m0t6h8af70sdgxvkj522jy01i14mnb8/sdk-common-25.3.3.jar
7ff2ec7e9000-7ff2ec7f3000 r--s 00098000 08:07 1094415                    /home/chivu/.gradle/caches/jars-2/28c9ykhc782k8jmlrnbnccai34hziki/sdklib-25.3.3.jar
7ff2ec7f3000-7ff2ec7f4000 r--s 00002000 08:07 1094389                    /home/chivu/.gradle/caches/jars-2/4dod7a1p5hoai4v37pxbcg65bbahvg2/builder-test-api-2.3.3.jar
7ff2ec7f4000-7ff2ec7f7000 r--s 00006000 08:07 1094385                    /home/chivu/.gradle/caches/jars-2/omk02asobup8sgd6qxom3ej5bg94z2r/builder-model-2.3.3.jar
7ff2ec7f7000-7ff2ec806000 r--s 00130000 08:07 932809                     /home/chivu/.gradle/caches/jars-2/cr6zkqpx14lor9zdtmo49qpc7y8r8p4/protobuf-java-3.0.0.jar
7ff2ec806000-7ff2ec808000 r--s 0000f000 08:07 932807                     /home/chivu/.gradle/caches/jars-2/rvfyugrlu5tbpz51p98og0qsxamjq4k/jopt-simple-4.9.jar
7ff2ec808000-7ff2ec80c000 r--s 0001f000 08:07 932805                     /home/chivu/.gradle/caches/jars-2/nq3fzqkrrm37ob61z4iu5qdbh368uat/org.jacoco.report-0.7.5.201505241946.jar
7ff2ec80c000-7ff2ec810000 r--s 0001d000 08:07 932803                     /home/chivu/.gradle/caches/jars-2/3kxkmcckmk40ron92zhbm0qjo9l4bkl/org.jacoco.core-0.7.5.201505241946.jar
7ff2ec810000-7ff2ec812000 r--s 00002000 08:07 932801                     /home/chivu/.gradle/caches/jars-2/m4m0pzb4gmaeh0in5g2xc4bxeuwt828/proguard-gradle-5.3.2.jar
7ff2ec812000-7ff2ec814000 r--s 00009000 08:07 932799                     /home/chivu/.gradle/caches/jars-2/ajvcvdu66lc9e3tvvipxtuq48i9bbkc/asm-commons-5.0.4.jar
7ff2ec814000-7ff2ec816000 r--s 0000c000 08:07 932797                     /home/chivu/.gradle/caches/jars-2/1laz1ygmxoc408r7nwqs1q8uk8r236d/asm-5.0.4.jar
7ff2ec816000-7ff2eca16000 rw-p 00000000 00:00 0 
7ff2eca16000-7ff2ecc16000 rw-p 00000000 00:00 0 
7ff2ecc16000-7ff2ecc19000 ---p 00000000 00:00 0 
7ff2ecc19000-7ff2ecf17000 rw-p 00000000 00:00 0 
7ff2ecf17000-7ff2ed117000 rw-p 00000000 00:00 0 
7ff2ed117000-7ff2ed317000 rw-p 00000000 00:00 0 
7ff2ed317000-7ff2ed31c000 r--s 0002c000 08:07 1094383                    /home/chivu/.gradle/caches/jars-2/3mlasgi8oo9o7oa12526198jui9zmp2/compilerCommon-2.3.3.jar
7ff2ed31c000-7ff2ed31d000 r--s 00002000 08:07 1094379                    /home/chivu/.gradle/caches/jars-2/73l309uzm0ila7rdaaxteq0ng4ayf2y/gradle-api-2.3.3.jar
7ff2ed31d000-7ff2ed31e000 r--s 00000000 08:07 139334                     /home/chivu/.gradle/caches/jars-2/tlyajppf8woug00g686fx5mchf8iv3o/transform-api-2.0.0-deprecated-use-gradle-api.jar
7ff2ed31e000-7ff2ed323000 r--s 0005e000 08:07 1094349                    /home/chivu/.gradle/caches/jars-2/k2xtosjt0in0zj7mpwvctw6iznt93uh/lint-25.3.3.jar
7ff2ed323000-7ff2ed339000 r--s 00163000 08:07 1094347                    /home/chivu/.gradle/caches/jars-2/nyg71b5n2lzymmwh5vbtmvjiby07k4g/builder-2.3.3.jar
7ff2ed339000-7ff2ed358000 r--s 001ca000 08:07 1094310                    /home/chivu/.gradle/caches/jars-2/5fwyvjq1ai8mdh1mluqxidj1wo7rls8/gradle-core-2.3.3.jar
7ff2ed358000-7ff2ed35a000 r--s 00007000 08:07 266240                     /home/chivu/.gradle/caches/modules-2/files-2.1/com.google.gms/google-services/3.1.0/166ae4e6acd03b7bbebe221ffa54bc039fece1b9/google-services-3.1.0.jar
7ff2ed35a000-7ff2ed35c000 r--s 0000d000 08:07 1094266                    /home/chivu/.gradle/caches/jars-2/mel54vauze7hczg2p6nebauqz8s53sj/gradle-2.3.3.jar
7ff2ed35c000-7ff2ed35f000 ---p 00000000 00:00 0 
7ff2ed35f000-7ff2ed395000 rw-p 00000000 00:00 0 
7ff2ed395000-7ff2ed396000 r--p 00000000 00:00 0 
7ff2ed396000-7ff2ed596000 rw-p 00000000 00:00 0 
7ff2ed596000-7ff2ed60f000 r--s 010ed000 08:07 1201473                    /home/chivu/Downloads/android-studio-p/jre/lib/tools.jar
7ff2ed60f000-7ff2ed80f000 rw-p 00000000 00:00 0 
7ff2ed80f000-7ff2ed812000 ---p 00000000 00:00 0 
7ff2ed812000-7ff2ed910000 rw-p 00000000 00:00 0 
7ff2ed910000-7ff2ed913000 ---p 00000000 00:00 0 
7ff2ed913000-7ff2eda11000 rw-p 00000000 00:00 0 
7ff2eda11000-7ff2eda14000 ---p 00000000 00:00 0 
7ff2eda14000-7ff2edb12000 rw-p 00000000 00:00 0 
7ff2edb12000-7ff2edb15000 ---p 00000000 00:00 0 
7ff2edb15000-7ff2edc13000 rw-p 00000000 00:00 0 
7ff2edc13000-7ff2edc16000 ---p 00000000 00:00 0 
7ff2edc16000-7ff2edf14000 rw-p 00000000 00:00 0 
7ff2edf14000-7ff2edf17000 ---p 00000000 00:00 0 
7ff2edf17000-7ff2ee015000 rw-p 00000000 00:00 0 
7ff2ee015000-7ff2ee018000 ---p 00000000 00:00 0 
7ff2ee018000-7ff2ee116000 rw-p 00000000 00:00 0 
7ff2ee116000-7ff2ee11d000 r--s 00000000 08:07 1590595                    /usr/lib/x86_64-linux-gnu/gconv/gconv-modules.cache
7ff2ee11d000-7ff2ee31d000 rw-p 00000000 00:00 0 
7ff2ee31d000-7ff2ee320000 ---p 00000000 00:00 0 
7ff2ee320000-7ff2ee41e000 rw-p 00000000 00:00 0 
7ff2ee41e000-7ff2ee427000 r-xp 00000000 08:07 1201548                    /home/chivu/Downloads/android-studio-p/jre/jre/lib/amd64/libmanagement.so
7ff2ee427000-7ff2ee626000 ---p 00009000 08:07 1201548                    /home/chivu/Downloads/android-studio-p/jre/jre/lib/amd64/libmanagement.so
7ff2ee626000-7ff2ee627000 r--p 00008000 08:07 1201548                    /home/chivu/Downloads/android-studio-p/jre/jre/lib/amd64/libmanagement.so
7ff2ee627000-7ff2ee628000 rw-p 00009000 08:07 1201548                    /home/chivu/Downloads/android-studio-p/jre/jre/lib/amd64/libmanagement.so
7ff2ee628000-7ff2ee62d000 r--s 00098000 08:07 1201512                    /home/chivu/Downloads/android-studio-p/jre/jre/lib/jsse.jar
7ff2ee62d000-7ff2ee62f000 r--s 00007000 08:07 1189108                    /home/chivu/.gradle/wrapper/dists/gradle-3.3-all/55gk2rcmfc6p2dg9u9ohc3hw9/gradle-3.3/lib/plugins/gradle-tooling-api-builders-3.3.jar
7ff2ee62f000-7ff2ee632000 r--s 00009000 08:07 1189101                    /home/chivu/.gradle/wrapper/dists/gradle-3.3-all/55gk2rcmfc6p2dg9u9ohc3hw9/gradle-3.3/lib/plugins/gradle-testing-native-3.3.jar
7ff2ee632000-7ff2ee638000 r--s 00033000 08:07 1189176                    /home/chivu/.gradle/wrapper/dists/gradle-3.3-all/55gk2rcmfc6p2dg9u9ohc3hw9/gradle-3.3/lib/plugins/snakeyaml-1.6.jar
7ff2ee638000-7ff2ee63a000 r--s 00006000 08:07 1189175                    /home/chivu/.gradle/wrapper/dists/gradle-3.3-all/55gk2rcmfc6p2dg9u9ohc3hw9/gradle-3.3/lib/plugins/jcommander-1.12.jar
7ff2ee63a000-7ff2ee63f000 r--s 00040000 08:07 1189174                    /home/chivu/.gradle/wrapper/dists/gradle-3.3-all/55gk2rcmfc6p2dg9u9ohc3hw9/gradle-3.3/lib/plugins/bsh-2.0b4.jar
7ff2ee63f000-7ff2ee641000 r--s 00009000 08:07 1189182                    /home/chivu/.gradle/wrapper/dists/gradle-3.3-all/55gk2rcmfc6p2dg9u9ohc3hw9/gradle-3.3/lib/plugins/hamcrest-core-1.3.jar
7ff2ee641000-7ff2ee64a000 r--s 00089000 08:07 1189133                    /home/chivu/.gradle/wrapper/dists/gradle-3.3-all/55gk2rcmfc6p2dg9u9ohc3hw9/gradle-3.3/lib/plugins/testng-6.3.1.jar
7ff2ee64a000-7ff2ee652000 r--s 00045000 08:07 1189132                    /home/chivu/.gradle/wrapper/dists/gradle-3.3-all/55gk2rcmfc6p2dg9u9ohc3hw9/gradle-3.3/lib/plugins/junit-4.12.jar
7ff2ee652000-7ff2ee658000 r--s 0002e000 08:07 1189102                    /home/chivu/.gradle/wrapper/dists/gradle-3.3-all/55gk2rcmfc6p2dg9u9ohc3hw9/gradle-3.3/lib/plugins/gradle-testing-jvm-3.3.jar
7ff2ee658000-7ff2ee65c000 r--s 00016000 08:07 1189100                    /home/chivu/.gradle/wrapper/dists/gradle-3.3-all/55gk2rcmfc6p2dg9u9ohc3hw9/gradle-3.3/lib/plugins/gradle-testing-base-3.3.jar
7ff2ee65c000-7ff2ee663000 r--s 00038000 08:07 1189127                    /home/chivu/.gradle/wrapper/dists/gradle-3.3-all/55gk2rcmfc6p2dg9u9ohc3hw9/gradle-3.3/lib/plugins/bcpg-jdk15on-1.51.jar
7ff2ee663000-7ff2ee665000 r--s 0000c000 08:07 1189079                    /home/chivu/.gradle/wrapper/dists/gradle-3.3-all/55gk2rcmfc6p2dg9u9ohc3hw9/gradle-3.3/lib/plugins/gradle-signing-3.3.jar
7ff2ee665000-7ff2ee667000 r--s 00007000 08:07 1189078                    /home/chivu/.gradle/wrapper/dists/gradle-3.3-all/55gk2rcmfc6p2dg9u9ohc3hw9/gradle-3.3/lib/plugins/gradle-scala-3.3.jar
7ff2ee667000-7ff2ee668000 r--s 00004000 08:07 1189106                    /home/chivu/.gradle/wrapper/dists/gradle-3.3-all/55gk2rcmfc6p2dg9u9ohc3hw9/gradle-3.3/lib/plugins/gradle-resources-sftp-3.3.jar
7ff2ee668000-7ff2ee678000 r--s 00088000 08:07 1189143                    /home/chivu/.gradle/wrapper/dists/gradle-3.3-all/55gk2rcmfc6p2dg9u9ohc3hw9/gradle-3.3/lib/plugins/joda-time-2.8.2.jar
7ff2ee678000-7ff2ee689000 r--s 0010d000 08:07 1189142                    /home/chivu/.gradle/wrapper/dists/gradle-3.3-all/55gk2rcmfc6p2dg9u9ohc3hw9/gradle-3.3/lib/plugins/jackson-databind-2.6.6.jar
7ff2ee689000-7ff2ee68c000 r--s 00009000 08:07 1189141                    /home/chivu/.gradle/wrapper/dists/gradle-3.3-all/55gk2rcmfc6p2dg9u9ohc3hw9/gradle-3.3/lib/plugins/jackson-annotations-2.6.6.jar
7ff2ee68c000-7ff2ee690000 r--s 0003c000 08:07 1189140                    /home/chivu/.gradle/wrapper/dists/gradle-3.3-all/55gk2rcmfc6p2dg9u9ohc3hw9/gradle-3.3/lib/plugins/jackson-core-2.6.6.jar
7ff2ee690000-7ff2ee69e000 r--s 00087000 08:07 1189139                    /home/chivu/.gradle/wrapper/dists/gradle-3.3-all/55gk2rcmfc6p2dg9u9ohc3hw9/gradle-3.3/lib/plugins/aws-java-sdk-core-1.11.6.jar
7ff2ee69e000-7ff2ee6a5000 r--s 00057000 08:07 1189138                    /home/chivu/.gradle/wrapper/dists/gradle-3.3-all/55gk2rcmfc6p2dg9u9ohc3hw9/gradle-3.3/lib/plugins/aws-java-sdk-kms-1.11.6.jar
7ff2ee6a5000-7ff2ee6b2000 r--s 0008e000 08:07 1189137                    /home/chivu/.gradle/wrapper/dists/gradle-3.3-all/55gk2rcmfc6p2dg9u9ohc3hw9/gradle-3.3/lib/plugins/aws-java-sdk-s3-1.11.6.jar
7ff2ee6b2000-7ff2ee6b4000 r--s 00004000 08:07 1189107                    /home/chivu/.gradle/wrapper/dists/gradle-3.3-all/55gk2rcmfc6p2dg9u9ohc3hw9/gradle-3.3/lib/plugins/gradle-resources-s3-3.3.jar
7ff2ee6b4000-7ff2ee6b6000 r--s 00005000 08:07 1189131                    /home/chivu/.gradle/wrapper/dists/gradle-3.3-all/55gk2rcmfc6p2dg9u9ohc3hw9/gradle-3.3/lib/plugins/jatl-0.2.2.jar
7ff2ee6b6000-7ff2ee6b8000 r--s 0000f000 08:07 1189084                    /home/chivu/.gradle/wrapper/dists/gradle-3.3-all/55gk2rcmfc6p2dg9u9ohc3hw9/gradle-3.3/lib/plugins/gradle-reporting-3.3.jar
7ff2ee6b8000-7ff2ee6ba000 r--s 00002000 08:07 1189085                    /home/chivu/.gradle/wrapper/dists/gradle-3.3-all/55gk2rcmfc6p2dg9u9ohc3hw9/gradle-3.3/lib/plugins/gradle-publish-3.3.jar
7ff2ee6ba000-7ff2ee6bc000 r--s 00009000 08:07 1189114                    /home/chivu/.gradle/wrapper/dists/gradle-3.3-all/55gk2rcmfc6p2dg9u9ohc3hw9/gradle-3.3/lib/plugins/commons-cli-1.2.jar
7ff2ee6bc000-7ff2ee6c2000 r--s 00031000 08:07 1189070                    /home/chivu/.gradle/wrapper/dists/gradle-3.3-all/55gk2rcmfc6p2dg9u9ohc3hw9/gradle-3.3/lib/plugins/gradle-plugins-3.3.jar
7ff2ee6c2000-7ff2ee6c4000 r--s 00009000 08:07 1189103                    /home/chivu/.gradle/wrapper/dists/gradle-3.3-all/55gk2rcmfc6p2dg9u9ohc3hw9/gradle-3.3/lib/plugins/gradle-plugin-development-3.3.jar
7ff2ee6c4000-7ff2ee6ca000 r--s 0002b000 08:07 1189096                    /home/chivu/.gradle/wrapper/dists/gradle-3.3-all/55gk2rcmfc6p2dg9u9ohc3hw9/gradle-3.3/lib/plugins/gradle-platform-play-3.3.jar
7ff2ee6ca000-7ff2ee6d8000 r--s 00055000 08:07 1189095                    /home/chivu/.gradle/wrapper/dists/gradle-3.3-all/55gk2rcmfc6p2dg9u9ohc3hw9/gradle-3.3/lib/plugins/gradle-platform-native-3.3.jar
7ff2ee6d8000-7ff2ee6dd000 r--s 0001f000 08:07 1189090                    /home/chivu/.gradle/wrapper/dists/gradle-3.3-all/55gk2rcmfc6p2dg9u9ohc3hw9/gradle-3.3/lib/plugins/gradle-platform-jvm-3.3.jar
7ff2ee6dd000-7ff2ee6e5000 r--s 00027000 08:07 1189089                    /home/chivu/.gradle/wrapper/dists/gradle-3.3-all/55gk2rcmfc6p2dg9u9ohc3hw9/gradle-3.3/lib/plugins/gradle-platform-base-3.3.jar
7ff2ee6e5000-7ff2ee70d000 r--s 0021c000 08:07 1189122                    /home/chivu/.gradle/wrapper/dists/gradle-3.3-all/55gk2rcmfc6p2dg9u9ohc3hw9/gradle-3.3/lib/plugins/biz.aQute.bndlib-3.2.0.jar
7ff2ee70d000-7ff2ee70f000 r--s 00003000 08:07 1189074                    /home/chivu/.gradle/wrapper/dists/gradle-3.3-all/55gk2rcmfc6p2dg9u9ohc3hw9/gradle-3.3/lib/plugins/gradle-osgi-3.3.jar
7ff2ee70f000-7ff2ee712000 r--s 0000c000 08:07 1189125                    /home/chivu/.gradle/wrapper/dists/gradle-3.3-all/55gk2rcmfc6p2dg9u9ohc3hw9/gradle-3.3/lib/plugins/pmaven-groovy-0.8-20100325.jar
7ff2ee712000-7ff2ee713000 r--s 00004000 08:07 1189124                    /home/chivu/.gradle/wrapper/dists/gradle-3.3-all/55gk2rcmfc6p2dg9u9ohc3hw9/gradle-3.3/lib/plugins/pmaven-common-0.8-20100325.jar
7ff2ee713000-7ff2ee719000 r--s 00023000 08:07 1189075                    /home/chivu/.gradle/wrapper/dists/gradle-3.3-all/55gk2rcmfc6p2dg9u9ohc3hw9/gradle-3.3/lib/plugins/gradle-maven-3.3.jar
7ff2ee719000-7ff2ee71c000 r--s 0000b000 08:07 1189094                    /home/chivu/.gradle/wrapper/dists/gradle-3.3-all/55gk2rcmfc6p2dg9u9ohc3hw9/gradle-3.3/lib/plugins/gradle-language-scala-3.3.jar
7ff2ee71c000-7ff2ee722000 r--s 0001a000 08:07 1189098                    /home/chivu/.gradle/wrapper/dists/gradle-3.3-all/55gk2rcmfc6p2dg9u9ohc3hw9/gradle-3.3/lib/plugins/gradle-language-native-3.3.jar
7ff2ee722000-7ff2ee725000 r--s 00005000 08:07 1189091                    /home/chivu/.gradle/wrapper/dists/gradle-3.3-all/55gk2rcmfc6p2dg9u9ohc3hw9/gradle-3.3/lib/plugins/gradle-language-jvm-3.3.jar
7ff2ee725000-7ff2ee72b000 r--s 00027000 08:07 1189092                    /home/chivu/.gradle/wrapper/dists/gradle-3.3-all/55gk2rcmfc6p2dg9u9ohc3hw9/gradle-3.3/lib/plugins/gradle-language-java-3.3.jar
7ff2ee72b000-7ff2ee72d000 r--s 0000a000 08:07 1189093                    /home/chivu/.gradle/wrapper/dists/gradle-3.3-all/55gk2rcmfc6p2dg9u9ohc3hw9/gradle-3.3/lib/plugins/gradle-language-groovy-3.3.jar
7ff2ee72d000-7ff2ee730000 r--s 0001e000 08:07 1189149                    /home/chivu/.gradle/wrapper/dists/gradle-3.3-all/55gk2rcmfc6p2dg9u9ohc3hw9/gradle-3.3/lib/plugins/jsp-api-2.1-6.1.14.jar
7ff2ee730000-7ff2ee753000 r--s 00344000 08:07 1189148                    /home/chivu/.gradle/wrapper/dists/gradle-3.3-all/55gk2rcmfc6p2dg9u9ohc3hw9/gradle-3.3/lib/plugins/core-3.1.1.jar
7ff2ee753000-7ff2ee754000 r--s 00006000 08:07 1189147                    /home/chivu/.gradle/wrapper/dists/gradle-3.3-all/55gk2rcmfc6p2dg9u9ohc3hw9/gradle-3.3/lib/plugins/jetty-naming-6.1.26.jar
7ff2ee754000-7ff2ee755000 r--s 00002000 08:07 1189121                    /home/chivu/.gradle/wrapper/dists/gradle-3.3-all/55gk2rcmfc6p2dg9u9ohc3hw9/gradle-3.3/lib/plugins/geronimo-annotation_1.0_spec-1.0.jar
7ff2ee755000-7ff2ee757000 r--s 00002000 08:07 1189120                    /home/chivu/.gradle/wrapper/dists/gradle-3.3-all/55gk2rcmfc6p2dg9u9ohc3hw9/gradle-3.3/lib/plugins/jetty-annotations-6.1.26.jar
7ff2ee757000-7ff2ee768000 r--s 000ea000 08:07 1189119                    /home/chivu/.gradle/wrapper/dists/gradle-3.3-all/55gk2rcmfc6p2dg9u9ohc3hw9/gradle-3.3/lib/plugins/jsp-2.1-6.1.14.jar
7ff2ee768000-7ff2ee76a000 r--s 0000d000 08:07 1189118                    /home/chivu/.gradle/wrapper/dists/gradle-3.3-all/55gk2rcmfc6p2dg9u9ohc3hw9/gradle-3.3/lib/plugins/jetty-plus-6.1.26.jar
7ff2ee76a000-7ff2ee76c000 r--s 0001f000 08:07 1189117                    /home/chivu/.gradle/wrapper/dists/gradle-3.3-all/55gk2rcmfc6p2dg9u9ohc3hw9/gradle-3.3/lib/plugins/servlet-api-2.5-20081211.jar
7ff2ee76c000-7ff2ee770000 r--s 00028000 08:07 1189116                    /home/chivu/.gradle/wrapper/dists/gradle-3.3-all/55gk2rcmfc6p2dg9u9ohc3hw9/gradle-3.3/lib/plugins/jetty-util-6.1.26.jar
7ff2ee770000-7ff2ee777000 r--s 0007d000 08:07 1189115                    /home/chivu/.gradle/wrapper/dists/gradle-3.3-all/55gk2rcmfc6p2dg9u9ohc3hw9/gradle-3.3/lib/plugins/jetty-6.1.26.jar
7ff2ee777000-7ff2ee779000 r--s 0000a000 08:07 1189072                    /home/chivu/.gradle/wrapper/dists/gradle-3.3-all/55gk2rcmfc6p2dg9u9ohc3hw9/gradle-3.3/lib/plugins/gradle-jetty-3.3.jar
7ff2ee779000-7ff2ee780000 r--s 00035000 08:07 1189130                    /home/chivu/.gradle/wrapper/dists/gradle-3.3-all/55gk2rcmfc6p2dg9u9ohc3hw9/gradle-3.3/lib/plugins/simple-4.1.21.jar
7ff2ee780000-7ff2ee78c000 r--s 00100000 08:07 1189128                    /home/chivu/.gradle/wrapper/dists/gradle-3.3-all/55gk2rcmfc6p2dg9u9ohc3hw9/gradle-3.3/lib/plugins/rhino-1.7R3.jar
7ff2ee78c000-7ff2ee790000 r--s 00012000 08:07 1189081                    /home/chivu/.gradle/wrapper/dists/gradle-3.3-all/55gk2rcmfc6p2dg9u9ohc3hw9/gradle-3.3/lib/plugins/gradle-javascript-3.3.jar
7ff2ee790000-7ff2ee792000 r--s 0000d000 08:07 1189087                    /home/chivu/.gradle/wrapper/dists/gradle-3.3-all/55gk2rcmfc6p2dg9u9ohc3hw9/gradle-3.3/lib/plugins/gradle-jacoco-3.3.jar
7ff2ee792000-7ff2ee795000 r--s 0000e000 08:07 1189086                    /home/chivu/.gradle/wrapper/dists/gradle-3.3-all/55gk2rcmfc6p2dg9u9ohc3hw9/gradle-3.3/lib/plugins/gradle-ivy-3.3.jar
7ff2ee795000-7ff2ee796000 r--s 00002000 08:07 1189097                    /home/chivu/.gradle/wrapper/dists/gradle-3.3-all/55gk2rcmfc6p2dg9u9ohc3hw9/gradle-3.3/lib/plugins/gradle-ide-play-3.3.jar
7ff2ee796000-7ff2ee799000 r--s 00013000 08:07 1189099                    /home/chivu/.gradle/wrapper/dists/gradle-3.3-all/55gk2rcmfc6p2dg9u9ohc3hw9/gradle-3.3/lib/plugins/gradle-ide-native-3.3.jar
7ff2ee799000-7ff2ee7a2000 r--s 00055000 08:07 1189076                    /home/chivu/.gradle/wrapper/dists/gradle-3.3-all/55gk2rcmfc6p2dg9u9ohc3hw9/gradle-3.3/lib/plugins/gradle-ide-3.3.jar
7ff2ee7a2000-7ff2ee7a4000 r--s 00007000 08:07 1189080                    /home/chivu/.gradle/wrapper/dists/gradle-3.3-all/55gk2rcmfc6p2dg9u9ohc3hw9/gradle-3.3/lib/plugins/gradle-ear-3.3.jar
7ff2ee7a4000-7ff2ee7aa000 r--s 00039000 08:07 1189083                    /home/chivu/.gradle/wrapper/dists/gradle-3.3-all/55gk2rcmfc6p2dg9u9ohc3hw9/gradle-3.3/lib/plugins/gradle-diagnostics-3.3.jar
7ff2ee7aa000-7ff2ee7ab000 r--s 00009000 08:07 1189109                    /home/chivu/.gradle/wrapper/dists/gradle-3.3-all/55gk2rcmfc6p2dg9u9ohc3hw9/gradle-3.3/lib/plugins/gradle-composite-builds-3.3.jar
7ff2ee7ab000-7ff2ee7af000 r--s 00023000 08:07 1189071                    /home/chivu/.gradle/wrapper/dists/gradle-3.3-all/55gk2rcmfc6p2dg9u9ohc3hw9/gradle-3.3/lib/plugins/gradle-code-quality-3.3.jar
7ff2ee7af000-7ff2ee7b3000 r--s 00022000 08:07 1189088                    /home/chivu/.gradle/wrapper/dists/gradle-3.3-all/55gk2rcmfc6p2dg9u9ohc3hw9/gradle-3.3/lib/plugins/gradle-build-init-3.3.jar
7ff2ee7b3000-7ff2ee7b9000 r--s 0008e000 08:07 1189082                    /home/chivu/.gradle/wrapper/dists/gradle-3.3-all/55gk2rcmfc6p2dg9u9ohc3hw9/gradle-3.3/lib/plugins/gradle-build-comparison-3.3.jar
7ff2ee7b9000-7ff2ee7ba000 r--s 00001000 08:07 1189110                    /home/chivu/.gradle/wrapper/dists/gradle-3.3-all/55gk2rcmfc6p2dg9u9ohc3hw9/gradle-3.3/lib/plugins/gradle-build-cache-http-3.3.jar
7ff2ee7ba000-7ff2ee7bc000 r--s 00008000 08:07 1189073                    /home/chivu/.gradle/wrapper/dists/gradle-3.3-all/55gk2rcmfc6p2dg9u9ohc3hw9/gradle-3.3/lib/plugins/gradle-antlr-3.3.jar
7ff2ee7bc000-7ff2ee7be000 r--s 00004000 08:07 1189077                    /home/chivu/.gradle/wrapper/dists/gradle-3.3-all/55gk2rcmfc6p2dg9u9ohc3hw9/gradle-3.3/lib/plugins/gradle-announce-3.3.jar
7ff2ee7be000-7ff2ee7d6000 r--s 00115000 08:07 1189179                    /home/chivu/.gradle/wrapper/dists/gradle-3.3-all/55gk2rcmfc6p2dg9u9ohc3hw9/gradle-3.3/lib/plugins/xercesImpl-2.9.1.jar
7ff2ee7d6000-7ff2ee7de000 r--s 00028000 08:07 1189180                    /home/chivu/.gradle/wrapper/dists/gradle-3.3-all/55gk2rcmfc6p2dg9u9ohc3hw9/gradle-3.3/lib/plugins/xml-apis-1.3.04.jar
7ff2ee7de000-7ff2ee7e4000 r--s 0005b000 08:07 1189178                    /home/chivu/.gradle/wrapper/dists/gradle-3.3-all/55gk2rcmfc6p2dg9u9ohc3hw9/gradle-3.3/lib/plugins/jcifs-1.3.17.jar
7ff2ee7e4000-7ff2ee7ea000 r--s 00033000 08:07 1189126                    /home/chivu/.gradle/wrapper/dists/gradle-3.3-all/55gk2rcmfc6p2dg9u9ohc3hw9/gradle-3.3/lib/plugins/commons-codec-1.6.jar
7ff2ee7ea000-7ff2ee7f1000 r--s 00049000 08:07 1189177                    /home/chivu/.gradle/wrapper/dists/gradle-3.3-all/55gk2rcmfc6p2dg9u9ohc3hw9/gradle-3.3/lib/plugins/httpcore-4.4.4.jar
7ff2ee7f1000-7ff2ee7f4000 r--s 0001c000 08:07 1189135                    /home/chivu/.gradle/wrapper/dists/gradle-3.3-all/55gk2rcmfc6p2dg9u9ohc3hw9/gradle-3.3/lib/plugins/nekohtml-1.9.14.jar
7ff2ee7f4000-7ff2ee801000 r--s 000a4000 08:07 1189134                    /home/chivu/.gradle/wrapper/dists/gradle-3.3-all/55gk2rcmfc6p2dg9u9ohc3hw9/gradle-3.3/lib/plugins/httpclient-4.4.1.jar
7ff2ee801000-7ff2ee804000 r--s 0000a000 08:07 1189105                    /home/chivu/.gradle/wrapper/dists/gradle-3.3-all/55gk2rcmfc6p2dg9u9ohc3hw9/gradle-3.3/lib/plugins/gradle-resources-http-3.3.jar
7ff2ee804000-7ff2ee808000 r--s 00015000 08:07 1189104                    /home/chivu/.gradle/wrapper/dists/gradle-3.3-all/55gk2rcmfc6p2dg9u9ohc3hw9/gradle-3.3/lib/plugins/gradle-plugin-use-3.3.jar
7ff2ee808000-7ff2ee809000 r--s 00000000 08:07 1189016                    /home/chivu/.gradle/wrapper/dists/gradle-3.3-all/55gk2rcmfc6p2dg9u9ohc3hw9/gradle-3.3/lib/gradle-installation-beacon-3.3.jar
7ff2ee809000-7ff2ee80b000 r--s 00006000 08:07 1189173                    /home/chivu/.gradle/wrapper/dists/gradle-3.3-all/55gk2rcmfc6p2dg9u9ohc3hw9/gradle-3.3/lib/plugins/aether-connector-wagon-1.13.1.jar
7ff2ee80b000-7ff2ee80f000 r--s 0001c000 08:07 1189172                    /home/chivu/.gradle/wrapper/dists/gradle-3.3-all/55gk2rcmfc6p2dg9u9ohc3hw9/gradle-3.3/lib/plugins/aether-util-1.13.1.jar
7ff2ee80f000-7ff2ee810000 r--s 00003000 08:07 1189171                    /home/chivu/.gradle/wrapper/dists/gradle-3.3-all/55gk2rcmfc6p2dg9u9ohc3hw9/gradle-3.3/lib/plugins/aether-spi-1.13.1.jar
7ff2ee810000-7ff2ee813000 r--s 0001d000 08:07 1189170                    /home/chivu/.gradle/wrapper/dists/gradle-3.3-all/55gk2rcmfc6p2dg9u9ohc3hw9/gradle-3.3/lib/plugins/aether-impl-1.13.1.jar
7ff2ee813000-7ff2ee816000 r--s 00013000 08:07 1189169                    /home/chivu/.gradle/wrapper/dists/gradle-3.3-all/55gk2rcmfc6p2dg9u9ohc3hw9/gradle-3.3/lib/plugins/aether-api-1.13.1.jar
7ff2ee816000-7ff2ee817000 r--s 00007000 08:07 1189168                    /home/chivu/.gradle/wrapper/dists/gradle-3.3-all/55gk2rcmfc6p2dg9u9ohc3hw9/gradle-3.3/lib/plugins/wagon-http-shared4-2.4.jar
7ff2ee817000-7ff2ee819000 r--s 0000b000 08:07 1189167                    /home/chivu/.gradle/wrapper/dists/gradle-3.3-all/55gk2rcmfc6p2dg9u9ohc3hw9/gradle-3.3/lib/plugins/wagon-provider-api-2.4.jar
7ff2ee819000-7ff2ee81a000 r--s 00002000 08:07 1189166                    /home/chivu/.gradle/wrapper/dists/gradle-3.3-all/55gk2rcmfc6p2dg9u9ohc3hw9/gradle-3.3/lib/plugins/wagon-http-2.4.jar
7ff2ee81a000-7ff2ee81b000 r--s 00002000 08:07 1189165                    /home/chivu/.gradle/wrapper/dists/gradle-3.3-all/55gk2rcmfc6p2dg9u9ohc3hw9/gradle-3.3/lib/plugins/wagon-file-2.4.jar
7ff2ee81b000-7ff2ee81d000 r--s 0000c000 08:07 1189164                    /home/chivu/.gradle/wrapper/dists/gradle-3.3-all/55gk2rcmfc6p2dg9u9ohc3hw9/gradle-3.3/lib/plugins/maven-aether-provider-3.0.4.jar
7ff2ee81d000-7ff2ee81f000 r--s 0000b000 08:07 1189163                    /home/chivu/.gradle/wrapper/dists/gradle-3.3-all/55gk2rcmfc6p2dg9u9ohc3hw9/gradle-3.3/lib/plugins/maven-plugin-api-3.0.4.jar
7ff2ee81f000-7ff2ee821000 r--s 00006000 08:07 1189162                    /home/chivu/.gradle/wrapper/dists/gradle-3.3-all/55gk2rcmfc6p2dg9u9ohc3hw9/gradle-3.3/lib/plugins/maven-repository-metadata-3.0.4.jar
7ff2ee821000-7ff2ee823000 r--s 0000b000 08:07 1189161                    /home/chivu/.gradle/wrapper/dists/gradle-3.3-all/55gk2rcmfc6p2dg9u9ohc3hw9/gradle-3.3/lib/plugins/maven-artifact-3.0.4.jar
7ff2ee823000-7ff2ee825000 r--s 00026000 08:07 1189160                    /home/chivu/.gradle/wrapper/dists/gradle-3.3-all/55gk2rcmfc6p2dg9u9ohc3hw9/gradle-3.3/lib/plugins/maven-model-3.0.4.jar
7ff2ee825000-7ff2ee829000 r--s 00021000 08:07 1189159                    /home/chivu/.gradle/wrapper/dists/gradle-3.3-all/55gk2rcmfc6p2dg9u9ohc3hw9/gradle-3.3/lib/plugins/maven-model-builder-3.0.4.jar
7ff2ee829000-7ff2ee82f000 r--s 0003f000 08:07 1189158                    /home/chivu/.gradle/wrapper/dists/gradle-3.3-all/55gk2rcmfc6p2dg9u9ohc3hw9/gradle-3.3/lib/plugins/maven-compat-3.0.4.jar
7ff2ee82f000-7ff2ee830000 r--s 00006000 08:07 1189157                    /home/chivu/.gradle/wrapper/dists/gradle-3.3-all/55gk2rcmfc6p2dg9u9ohc3hw9/gradle-3.3/lib/plugins/plexus-sec-dispatcher-1.3.jar
7ff2ee830000-7ff2ee832000 r--s 00002000 08:07 1189156                    /home/chivu/.gradle/wrapper/dists/gradle-3.3-all/55gk2rcmfc6p2dg9u9ohc3hw9/gradle-3.3/lib/plugins/plexus-cipher-1.7.jar
7ff2ee832000-7ff2ee834000 r--s 0000a000 08:07 1189155                    /home/chivu/.gradle/wrapper/dists/gradle-3.3-all/55gk2rcmfc6p2dg9u9ohc3hw9/gradle-3.3/lib/plugins/plexus-classworlds-2.4.jar
7ff2ee834000-7ff2ee83b000 r--s 0002e000 08:07 1189154                    /home/chivu/.gradle/wrapper/dists/gradle-3.3-all/55gk2rcmfc6p2dg9u9ohc3hw9/gradle-3.3/lib/plugins/plexus-container-default-1.5.5.jar
7ff2ee83b000-7ff2ee83d000 r--s 00000000 08:07 1189181                    /home/chivu/.gradle/wrapper/dists/gradle-3.3-all/55gk2rcmfc6p2dg9u9ohc3hw9/gradle-3.3/lib/plugins/plexus-component-annotations-1.5.5.jar
7ff2ee83d000-7ff2ee83f000 r--s 0000d000 08:07 1189153                    /home/chivu/.gradle/wrapper/dists/gradle-3.3-all/55gk2rcmfc6p2dg9u9ohc3hw9/gradle-3.3/lib/plugins/plexus-interpolation-1.14.jar
7ff2ee83f000-7ff2ee843000 r--s 00033000 08:07 1189152                    /home/chivu/.gradle/wrapper/dists/gradle-3.3-all/55gk2rcmfc6p2dg9u9ohc3hw9/gradle-3.3/lib/plugins/plexus-utils-2.0.6.jar
7ff2ee843000-7ff2ee846000 r--s 00008000 08:07 1189151                    /home/chivu/.gradle/wrapper/dists/gradle-3.3-all/55gk2rcmfc6p2dg9u9ohc3hw9/gradle-3.3/lib/plugins/maven-settings-builder-3.0.4.jar
7ff2ee846000-7ff2ee84b000 r--s 00040000 08:07 1189136                    /home/chivu/.gradle/wrapper/dists/gradle-3.3-all/55gk2rcmfc6p2dg9u9ohc3hw9/gradle-3.3/lib/plugins/jsch-0.1.53.jar
7ff2ee84b000-7ff2ee88b000 r--s 00277000 08:07 1189146                    /home/chivu/.gradle/wrapper/dists/gradle-3.3-all/55gk2rcmfc6p2dg9u9ohc3hw9/gradle-3.3/lib/plugins/bcprov-jdk15on-1.51.jar
7ff2ee88b000-7ff2ee897000 r--s 0007d000 08:07 1189123                    /home/chivu/.gradle/wrapper/dists/gradle-3.3-all/55gk2rcmfc6p2dg9u9ohc3hw9/gradle-3.3/lib/plugins/maven-core-3.0.4.jar
7ff2ee897000-7ff2ee8b6000 r--s 000f6000 08:07 1189112                    /home/chivu/.gradle/wrapper/dists/gradle-3.3-all/55gk2rcmfc6p2dg9u9ohc3hw9/gradle-3.3/lib/plugins/gradle-dependency-management-3.3.jar
7ff2ee8b6000-7ff2ee8cc000 r-xp 00000000 08:07 529479                     /lib/x86_64-linux-gnu/libgcc_s.so.1
7ff2ee8cc000-7ff2eeacb000 ---p 00016000 08:07 529479                     /lib/x86_64-linux-gnu/libgcc_s.so.1
7ff2eeacb000-7ff2eeacc000 rw-p 00015000 08:07 529479                     /lib/x86_64-linux-gnu/libgcc_s.so.1
7ff2eeacc000-7ff2eec3e000 r-xp 00000000 08:07 1312856                    /usr/lib/x86_64-linux-gnu/libstdc++.so.6.0.21
7ff2eec3e000-7ff2eee3e000 ---p 00172000 08:07 1312856                    /usr/lib/x86_64-linux-gnu/libstdc++.so.6.0.21
7ff2eee3e000-7ff2eee48000 r--p 00172000 08:07 1312856                    /usr/lib/x86_64-linux-gnu/libstdc++.so.6.0.21
7ff2eee48000-7ff2eee4a000 rw-p 0017c000 08:07 1312856                    /usr/lib/x86_64-linux-gnu/libstdc++.so.6.0.21
7ff2eee4a000-7ff2eee4e000 rw-p 00000000 00:00 0 
7ff2eee4e000-7ff2eee50000 r--s 0000a000 08:07 1189150                    /home/chivu/.gradle/wrapper/dists/gradle-3.3-all/55gk2rcmfc6p2dg9u9ohc3hw9/gradle-3.3/lib/plugins/maven-settings-3.0.4.jar
7ff2eee50000-7ff2eee54000 r--s 0001d000 08:07 1189145                    /home/chivu/.gradle/wrapper/dists/gradle-3.3-all/55gk2rcmfc6p2dg9u9ohc3hw9/gradle-3.3/lib/plugins/xbean-reflect-3.4.jar
7ff2eee54000-7ff2eee59000 r--s 00034000 08:07 1189129                    /home/chivu/.gradle/wrapper/dists/gradle-3.3-all/55gk2rcmfc6p2dg9u9ohc3hw9/gradle-3.3/lib/plugins/gson-2.7.jar
7ff2eee59000-7ff2eee68000 r--s 000d9000 08:07 1189144                    /home/chivu/.gradle/wrapper/dists/gradle-3.3-all/55gk2rcmfc6p2dg9u9ohc3hw9/gradle-3.3/lib/plugins/ivy-2.2.0.jar
7ff2eee68000-7ff2eee6a000 r--s 00005000 08:07 1189111                    /home/chivu/.gradle/wrapper/dists/gradle-3.3-all/55gk2rcmfc6p2dg9u9ohc3hw9/gradle-3.3/lib/plugins/gradle-workers-3.3.jar
7ff2eee6a000-7ff2eee6f000 r-xp 00000000 08:07 932602                     /home/chivu/.gradle/native/23/linux-amd64/libnative-platform.so
7ff2eee6f000-7ff2ef06e000 ---p 00005000 08:07 932602                     /home/chivu/.gradle/native/23/linux-amd64/libnative-platform.so
7ff2ef06e000-7ff2ef06f000 rw-p 00004000 08:07 932602                     /home/chivu/.gradle/native/23/linux-amd64/libnative-platform.so
7ff2ef06f000-7ff2ef080000 r-xp 00000000 08:07 1201545                    /home/chivu/Downloads/android-studio-p/jre/jre/lib/amd64/libnio.so
7ff2ef080000-7ff2ef27f000 ---p 00011000 08:07 1201545                    /home/chivu/Downloads/android-studio-p/jre/jre/lib/amd64/libnio.so
7ff2ef27f000-7ff2ef280000 r--p 00010000 08:07 1201545                    /home/chivu/Downloads/android-studio-p/jre/jre/lib/amd64/libnio.so
7ff2ef280000-7ff2ef281000 rw-p 00011000 08:07 1201545                    /home/chivu/Downloads/android-studio-p/jre/jre/lib/amd64/libnio.so
7ff2ef281000-7ff2ef582000 rw-p 00000000 00:00 0 
7ff2ef582000-7ff2ef599000 r-xp 00000000 08:07 1201544                    /home/chivu/Downloads/android-studio-p/jre/jre/lib/amd64/libnet.so
7ff2ef599000-7ff2ef798000 ---p 00017000 08:07 1201544                    /home/chivu/Downloads/android-studio-p/jre/jre/lib/amd64/libnet.so
7ff2ef798000-7ff2ef799000 r--p 00016000 08:07 1201544                    /home/chivu/Downloads/android-studio-p/jre/jre/lib/amd64/libnet.so
7ff2ef799000-7ff2ef79a000 rw-p 00017000 08:07 1201544                    /home/chivu/Downloads/android-studio-p/jre/jre/lib/amd64/libnet.so
7ff2ef79a000-7ff2ef79b000 r--s 00006000 08:07 1189015                    /home/chivu/.gradle/wrapper/dists/gradle-3.3-all/55gk2rcmfc6p2dg9u9ohc3hw9/gradle-3.3/lib/gradle-wrapper-3.3.jar
7ff2ef79b000-7ff2ef7a8000 r--s 00041000 08:07 1189022                    /home/chivu/.gradle/wrapper/dists/gradle-3.3-all/55gk2rcmfc6p2dg9u9ohc3hw9/gradle-3.3/lib/gradle-tooling-api-3.3.jar
7ff2ef7a8000-7ff2ef7aa000 r--s 00002000 08:07 1189042                    /home/chivu/.gradle/wrapper/dists/gradle-3.3-all/55gk2rcmfc6p2dg9u9ohc3hw9/gradle-3.3/lib/gradle-open-api-3.3.jar
7ff2ef7aa000-7ff2ef7b0000 r--s 00032000 08:07 1189044                    /home/chivu/.gradle/wrapper/dists/gradle-3.3-all/55gk2rcmfc6p2dg9u9ohc3hw9/gradle-3.3/lib/jaxen-1.1.jar
7ff2ef7b0000-7ff2ef7b5000 r--s 00048000 08:07 1189043                    /home/chivu/.gradle/wrapper/dists/gradle-3.3-all/55gk2rcmfc6p2dg9u9ohc3hw9/gradle-3.3/lib/dom4j-1.6.1.jar
7ff2ef7b5000-7ff2ef7c0000 r--s 00059000 08:07 1189021                    /home/chivu/.gradle/wrapper/dists/gradle-3.3-all/55gk2rcmfc6p2dg9u9ohc3hw9/gradle-3.3/lib/gradle-ui-3.3.jar
7ff2ef7c0000-7ff2ef7f4000 r--s 00256000 08:07 1189011                    /home/chivu/.gradle/wrapper/dists/gradle-3.3-all/55gk2rcmfc6p2dg9u9ohc3hw9/gradle-3.3/lib/kotlin-reflect-1.1-M02.jar
7ff2ef7f4000-7ff2ef98a000 r--s 0157e000 08:07 1189010                    /home/chivu/.gradle/wrapper/dists/gradle-3.3-all/55gk2rcmfc6p2dg9u9ohc3hw9/gradle-3.3/lib/kotlin-compiler-embeddable-1.1-M02.jar
7ff2ef98a000-7ff2ef9fa000 r--s 00641000 08:07 1189029                    /home/chivu/.gradle/wrapper/dists/gradle-3.3-all/55gk2rcmfc6p2dg9u9ohc3hw9/gradle-3.3/lib/groovy-all-2.4.7.jar
7ff2ef9fa000-7ff2ef9fb000 ---p 00000000 00:00 0 
7ff2ef9fb000-7ff2efafb000 rw-p 00000000 00:00 0 
7ff2efafb000-7ff2efafe000 ---p 00000000 00:00 0 
7ff2efafe000-7ff2efbfc000 rw-p 00000000 00:00 0 
7ff2efbfc000-7ff2efbff000 ---p 00000000 00:00 0 
7ff2efbff000-7ff2efcfd000 rw-p 00000000 00:00 0 
7ff2efcfd000-7ff2efd00000 ---p 00000000 00:00 0 
7ff2efd00000-7ff2efdfe000 rw-p 00000000 00:00 0 
7ff2efdfe000-7ff2efe01000 ---p 00000000 00:00 0 
7ff2efe01000-7ff2efeff000 rw-p 00000000 00:00 0 
7ff2efeff000-7ff2eff02000 ---p 00000000 00:00 0 
7ff2eff02000-7ff2f0000000 rw-p 00000000 00:00 0 
7ff2f0000000-7ff2f0280000 rw-p 00000000 00:00 0 
7ff2f0280000-7ff2f4000000 ---p 00000000 00:00 0 
7ff2f4000000-7ff2f4021000 rw-p 00000000 00:00 0 
7ff2f4021000-7ff2f8000000 ---p 00000000 00:00 0 
7ff2f8000000-7ff2f8131000 rw-p 00000000 00:00 0 
7ff2f8131000-7ff2fc000000 ---p 00000000 00:00 0 
7ff2fc000000-7ff2fc157000 rw-p 00000000 00:00 0 
7ff2fc157000-7ff300000000 ---p 00000000 00:00 0 
7ff300000000-7ff300129000 rw-p 00000000 00:00 0 
7ff300129000-7ff304000000 ---p 00000000 00:00 0 
7ff304000000-7ff304009000 r--s 0008c000 08:07 1189013                    /home/chivu/.gradle/wrapper/dists/gradle-3.3-all/55gk2rcmfc6p2dg9u9ohc3hw9/gradle-3.3/lib/kotlin-stdlib-1.1-M02.jar
7ff304009000-7ff30400f000 r--s 0002a000 08:07 1189012                    /home/chivu/.gradle/wrapper/dists/gradle-3.3-all/55gk2rcmfc6p2dg9u9ohc3hw9/gradle-3.3/lib/kotlin-runtime-1.1-M02.jar
7ff30400f000-7ff304017000 r--s 0004e000 08:07 1189009                    /home/chivu/.gradle/wrapper/dists/gradle-3.3-all/55gk2rcmfc6p2dg9u9ohc3hw9/gradle-3.3/lib/gradle-script-kotlin-0.5.1.jar
7ff304017000-7ff30401a000 r--s 0000b000 08:07 1189040                    /home/chivu/.gradle/wrapper/dists/gradle-3.3-all/55gk2rcmfc6p2dg9u9ohc3hw9/gradle-3.3/lib/gradle-resources-3.3.jar
7ff30401a000-7ff30401c000 r--s 00003000 08:07 1189049                    /home/chivu/.gradle/wrapper/dists/gradle-3.3-all/55gk2rcmfc6p2dg9u9ohc3hw9/gradle-3.3/lib/jcl-over-slf4j-1.7.10.jar
7ff30401c000-7ff30401d000 r--s 00005000 08:07 1189048                    /home/chivu/.gradle/wrapper/dists/gradle-3.3-all/55gk2rcmfc6p2dg9u9ohc3hw9/gradle-3.3/lib/log4j-over-slf4j-1.7.10.jar
7ff30401d000-7ff30401f000 r--s 00000000 08:07 1189047                    /home/chivu/.gradle/wrapper/dists/gradle-3.3-all/55gk2rcmfc6p2dg9u9ohc3hw9/gradle-3.3/lib/jul-to-slf4j-1.7.10.jar
7ff30401f000-7ff304024000 r--s 0001e000 08:07 1189024                    /home/chivu/.gradle/wrapper/dists/gradle-3.3-all/55gk2rcmfc6p2dg9u9ohc3hw9/gradle-3.3/lib/gradle-logging-3.3.jar
7ff304024000-7ff304026000 r--s 00007000 08:07 1189068                    /home/chivu/.gradle/wrapper/dists/gradle-3.3-all/55gk2rcmfc6p2dg9u9ohc3hw9/gradle-3.3/lib/objenesis-1.2.jar
7ff304026000-7ff304028000 r--s 00000000 08:07 1189067                    /home/chivu/.gradle/wrapper/dists/gradle-3.3-all/55gk2rcmfc6p2dg9u9ohc3hw9/gradle-3.3/lib/minlog-1.2.jar
7ff304028000-7ff30402a000 r--s 0000f000 08:07 1189066                    /home/chivu/.gradle/wrapper/dists/gradle-3.3-all/55gk2rcmfc6p2dg9u9ohc3hw9/gradle-3.3/lib/reflectasm-1.07-shaded.jar
7ff30402a000-7ff30402e000 r--s 00026000 08:07 1189051                    /home/chivu/.gradle/wrapper/dists/gradle-3.3-all/55gk2rcmfc6p2dg9u9ohc3hw9/gradle-3.3/lib/kryo-2.20.jar
7ff30402e000-7ff304034000 r--s 00027000 08:07 1189039                    /home/chivu/.gradle/wrapper/dists/gradle-3.3-all/55gk2rcmfc6p2dg9u9ohc3hw9/gradle-3.3/lib/gradle-messaging-3.3.jar
7ff304034000-7ff304035000 r--s 00001000 08:07 1189065                    /home/chivu/.gradle/wrapper/dists/gradle-3.3-all/55gk2rcmfc6p2dg9u9ohc3hw9/gradle-3.3/lib/native-platform-linux-i386-ncurses6-0.12.jar
7ff304035000-7ff304036000 r--s 00001000 08:07 1189064                    /home/chivu/.gradle/wrapper/dists/gradle-3.3-all/55gk2rcmfc6p2dg9u9ohc3hw9/gradle-3.3/lib/native-platform-linux-i386-ncurses5-0.12.jar
7ff304036000-7ff304037000 r--s 00001000 08:07 1189063                    /home/chivu/.gradle/wrapper/dists/gradle-3.3-all/55gk2rcmfc6p2dg9u9ohc3hw9/gradle-3.3/lib/native-platform-linux-amd64-ncurses6-0.12.jar
7ff304037000-7ff304038000 r--s 00001000 08:07 1189062                    /home/chivu/.gradle/wrapper/dists/gradle-3.3-all/55gk2rcmfc6p2dg9u9ohc3hw9/gradle-3.3/lib/native-platform-linux-amd64-ncurses5-0.12.jar
7ff304038000-7ff304039000 r--s 0000b000 08:07 1189061                    /home/chivu/.gradle/wrapper/dists/gradle-3.3-all/55gk2rcmfc6p2dg9u9ohc3hw9/gradle-3.3/lib/native-platform-windows-i386-0.12.jar
7ff304039000-7ff30403b000 r--s 0000b000 08:07 1189060                    /home/chivu/.gradle/wrapper/dists/gradle-3.3-all/55gk2rcmfc6p2dg9u9ohc3hw9/gradle-3.3/lib/native-platform-windows-amd64-0.12.jar
7ff30403b000-7ff30403d000 r--s 00002000 08:07 1189059                    /home/chivu/.gradle/wrapper/dists/gradle-3.3-all/55gk2rcmfc6p2dg9u9ohc3hw9/gradle-3.3/lib/native-platform-osx-i386-0.12.jar
7ff30403d000-7ff30403e000 r--s 00002000 08:07 1189058                    /home/chivu/.gradle/wrapper/dists/gradle-3.3-all/55gk2rcmfc6p2dg9u9ohc3hw9/gradle-3.3/lib/native-platform-osx-amd64-0.12.jar
7ff30403e000-7ff30403f000 r--s 00002000 08:07 1189057                    /home/chivu/.gradle/wrapper/dists/gradle-3.3-all/55gk2rcmfc6p2dg9u9ohc3hw9/gradle-3.3/lib/native-platform-linux-i386-0.12.jar
7ff30403f000-7ff304040000 r--s 00002000 08:07 1189056                    /home/chivu/.gradle/wrapper/dists/gradle-3.3-all/55gk2rcmfc6p2dg9u9ohc3hw9/gradle-3.3/lib/native-platform-linux-amd64-0.12.jar
7ff304040000-7ff304041000 r--s 00003000 08:07 1189055                    /home/chivu/.gradle/wrapper/dists/gradle-3.3-all/55gk2rcmfc6p2dg9u9ohc3hw9/gradle-3.3/lib/native-platform-freebsd-i386-libstdcpp-0.12.jar
7ff304041000-7ff304042000 r--s 00004000 08:07 1189054                    /home/chivu/.gradle/wrapper/dists/gradle-3.3-all/55gk2rcmfc6p2dg9u9ohc3hw9/gradle-3.3/lib/native-platform-freebsd-i386-libcpp-0.12.jar
7ff304042000-7ff304044000 r--s 00003000 08:07 1189053                    /home/chivu/.gradle/wrapper/dists/gradle-3.3-all/55gk2rcmfc6p2dg9u9ohc3hw9/gradle-3.3/lib/native-platform-freebsd-amd64-libstdcpp-0.12.jar
7ff304044000-7ff304047000 r--s 00023000 08:07 1189046                    /home/chivu/.gradle/wrapper/dists/gradle-3.3-all/55gk2rcmfc6p2dg9u9ohc3hw9/gradle-3.3/lib/jansi-1.14.jar
7ff304047000-7ff304056000 r--s 0007f000 08:07 1189030                    /home/chivu/.gradle/wrapper/dists/gradle-3.3-all/55gk2rcmfc6p2dg9u9ohc3hw9/gradle-3.3/lib/gradle-model-core-3.3.jar
7ff304056000-7ff30407e000 r--s 001cf000 08:07 1189026                    /home/chivu/.gradle/wrapper/dists/gradle-3.3-all/55gk2rcmfc6p2dg9u9ohc3hw9/gradle-3.3/lib/guava-jdk5-17.0.jar
7ff30407e000-7ff30409d000 r--s 001d1000 08:07 1189033                    /home/chivu/.gradle/wrapper/dists/gradle-3.3-all/55gk2rcmfc6p2dg9u9ohc3hw9/gradle-3.3/lib/ant-1.9.6.jar
7ff30409d000-7ff3040da000 r--s 001f8000 08:07 1189019                    /home/chivu/.gradle/wrapper/dists/gradle-3.3-all/55gk2rcmfc6p2dg9u9ohc3hw9/gradle-3.3/lib/gradle-core-3.3.jar
7ff3040da000-7ff3043b2000 r--p 00000000 08:07 1311727                    /usr/lib/locale/locale-archive
7ff3043b2000-7ff3043b5000 ---p 00000000 00:00 0 
7ff3043b5000-7ff3044b3000 rw-p 00000000 00:00 0 
7ff3044b3000-7ff3044b6000 ---p 00000000 00:00 0 
7ff3044b6000-7ff3045b4000 rw-p 00000000 00:00 0 
7ff3045b4000-7ff3045b5000 ---p 00000000 00:00 0 
7ff3045b5000-7ff308000000 rw-p 00000000 00:00 0 
7ff308000000-7ff308021000 rw-p 00000000 00:00 0 
7ff308021000-7ff30c000000 ---p 00000000 00:00 0 
7ff30c000000-7ff30c001000 r--s 00004000 08:07 1189052                    /home/chivu/.gradle/wrapper/dists/gradle-3.3-all/55gk2rcmfc6p2dg9u9ohc3hw9/gradle-3.3/lib/native-platform-freebsd-amd64-libcpp-0.12.jar
7ff30c001000-7ff30c005000 r--s 00011000 08:07 1189045                    /home/chivu/.gradle/wrapper/dists/gradle-3.3-all/55gk2rcmfc6p2dg9u9ohc3hw9/gradle-3.3/lib/native-platform-0.12.jar
7ff30c005000-7ff30c008000 r--s 0000a000 08:07 1189023                    /home/chivu/.gradle/wrapper/dists/gradle-3.3-all/55gk2rcmfc6p2dg9u9ohc3hw9/gradle-3.3/lib/gradle-native-3.3.jar
7ff30c008000-7ff30c00a000 r--s 00005000 08:07 1189020                    /home/chivu/.gradle/wrapper/dists/gradle-3.3-all/55gk2rcmfc6p2dg9u9ohc3hw9/gradle-3.3/lib/gradle-cli-3.3.jar
7ff30c00a000-7ff30c631000 rw-p 00000000 00:00 0 
7ff30c631000-7ff30c800000 r--s 03c1b000 08:07 1201515                    /home/chivu/Downloads/android-studio-p/jre/jre/lib/rt.jar
7ff30c800000-7ff30d000000 rw-p 00000000 00:00 0 
7ff30d000000-7ff30f1b0000 rwxp 00000000 00:00 0 
7ff30f1b0000-7ff31c000000 ---p 00000000 00:00 0 
7ff31c000000-7ff31ccda000 rw-p 00000000 00:00 0 
7ff31ccda000-7ff320000000 ---p 00000000 00:00 0 
7ff320000000-7ff320002000 r--s 00007000 08:07 1189031                    /home/chivu/.gradle/wrapper/dists/gradle-3.3-all/55gk2rcmfc6p2dg9u9ohc3hw9/gradle-3.3/lib/gradle-model-groovy-3.3.jar
7ff320002000-7ff320004000 r--s 00006000 08:07 1189038                    /home/chivu/.gradle/wrapper/dists/gradle-3.3-all/55gk2rcmfc6p2dg9u9ohc3hw9/gradle-3.3/lib/gradle-base-services-groovy-3.3.jar
7ff320004000-7ff320005000 r--s 00002000 08:07 1189041                    /home/chivu/.gradle/wrapper/dists/gradle-3.3-all/55gk2rcmfc6p2dg9u9ohc3hw9/gradle-3.3/lib/gradle-docs-3.3.jar
7ff320005000-7ff320012000 r--s 00083000 08:07 1189034                    /home/chivu/.gradle/wrapper/dists/gradle-3.3-all/55gk2rcmfc6p2dg9u9ohc3hw9/gradle-3.3/lib/commons-collections-3.2.2.jar
7ff320012000-7ff3203f7000 rw-p 00000000 00:00 0 
7ff3203f7000-7ff3203f8000 ---p 00000000 00:00 0 
7ff3203f8000-7ff3204f8000 rw-p 00000000 00:00 0 
7ff3204f8000-7ff3204f9000 ---p 00000000 00:00 0 
7ff3204f9000-7ff3205f9000 rw-p 00000000 00:00 0 
7ff3205f9000-7ff3205fa000 ---p 00000000 00:00 0 
7ff3205fa000-7ff3206fa000 rw-p 00000000 00:00 0 
7ff3206fa000-7ff3206fb000 ---p 00000000 00:00 0 
7ff3206fb000-7ff32093a000 rw-p 00000000 00:00 0 
7ff32093a000-7ff3209fb000 ---p 00000000 00:00 0 
7ff3209fb000-7ff320b3a000 rw-p 00000000 00:00 0 
7ff320b3a000-7ff320bfb000 ---p 00000000 00:00 0 
7ff320bfb000-7ff320cfb000 rw-p 00000000 00:00 0 
7ff320cfb000-7ff320d83000 rw-p 00000000 00:00 0 
7ff320d83000-7ff3210bc000 ---p 00000000 00:00 0 
7ff3210bc000-7ff3210d6000 r-xp 00000000 08:07 1201530                    /home/chivu/Downloads/android-studio-p/jre/jre/lib/amd64/libzip.so
7ff3210d6000-7ff3212d6000 ---p 0001a000 08:07 1201530                    /home/chivu/Downloads/android-studio-p/jre/jre/lib/amd64/libzip.so
7ff3212d6000-7ff3212d7000 r--p 0001a000 08:07 1201530                    /home/chivu/Downloads/android-studio-p/jre/jre/lib/amd64/libzip.so
7ff3212d7000-7ff3212d8000 rw-p 0001b000 08:07 1201530                    /home/chivu/Downloads/android-studio-p/jre/jre/lib/amd64/libzip.so
7ff3212d8000-7ff3212e3000 r-xp 00000000 08:07 541944                     /lib/x86_64-linux-gnu/libnss_files-2.23.so
7ff3212e3000-7ff3214e2000 ---p 0000b000 08:07 541944                     /lib/x86_64-linux-gnu/libnss_files-2.23.so
7ff3214e2000-7ff3214e3000 r--p 0000a000 08:07 541944                     /lib/x86_64-linux-gnu/libnss_files-2.23.so
7ff3214e3000-7ff3214e4000 rw-p 0000b000 08:07 541944                     /lib/x86_64-linux-gnu/libnss_files-2.23.so
7ff3214e4000-7ff3214ea000 rw-p 00000000 00:00 0 
7ff3214ea000-7ff3214f5000 r-xp 00000000 08:07 541937                     /lib/x86_64-linux-gnu/libnss_nis-2.23.so
7ff3214f5000-7ff3216f4000 ---p 0000b000 08:07 541937                     /lib/x86_64-linux-gnu/libnss_nis-2.23.so
7ff3216f4000-7ff3216f5000 r--p 0000a000 08:07 541937                     /lib/x86_64-linux-gnu/libnss_nis-2.23.so
7ff3216f5000-7ff3216f6000 rw-p 0000b000 08:07 541937                     /lib/x86_64-linux-gnu/libnss_nis-2.23.so
7ff3216f6000-7ff32170c000 r-xp 00000000 08:07 541939                     /lib/x86_64-linux-gnu/libnsl-2.23.so
7ff32170c000-7ff32190b000 ---p 00016000 08:07 541939                     /lib/x86_64-linux-gnu/libnsl-2.23.so
7ff32190b000-7ff32190c000 r--p 00015000 08:07 541939                     /lib/x86_64-linux-gnu/libnsl-2.23.so
7ff32190c000-7ff32190d000 rw-p 00016000 08:07 541939                     /lib/x86_64-linux-gnu/libnsl-2.23.so
7ff32190d000-7ff32190f000 rw-p 00000000 00:00 0 
7ff32190f000-7ff321917000 r-xp 00000000 08:07 541946                     /lib/x86_64-linux-gnu/libnss_compat-2.23.so
7ff321917000-7ff321b16000 ---p 00008000 08:07 541946                     /lib/x86_64-linux-gnu/libnss_compat-2.23.so
7ff321b16000-7ff321b17000 r--p 00007000 08:07 541946                     /lib/x86_64-linux-gnu/libnss_compat-2.23.so
7ff321b17000-7ff321b18000 rw-p 00008000 08:07 541946                     /lib/x86_64-linux-gnu/libnss_compat-2.23.so
7ff321b18000-7ff321b45000 r-xp 00000000 08:07 1201547                    /home/chivu/Downloads/android-studio-p/jre/jre/lib/amd64/libjava.so
7ff321b45000-7ff321d44000 ---p 0002d000 08:07 1201547                    /home/chivu/Downloads/android-studio-p/jre/jre/lib/amd64/libjava.so
7ff321d44000-7ff321d45000 r--p 0002c000 08:07 1201547                    /home/chivu/Downloads/android-studio-p/jre/jre/lib/amd64/libjava.so
7ff321d45000-7ff321d47000 rw-p 0002d000 08:07 1201547                    /home/chivu/Downloads/android-studio-p/jre/jre/lib/amd64/libjava.so
7ff321d47000-7ff321d57000 r-xp 00000000 08:07 1201520                    /home/chivu/Downloads/android-studio-p/jre/jre/lib/amd64/libverify.so
7ff321d57000-7ff321f56000 ---p 00010000 08:07 1201520                    /home/chivu/Downloads/android-studio-p/jre/jre/lib/amd64/libverify.so
7ff321f56000-7ff321f58000 r--p 0000f000 08:07 1201520                    /home/chivu/Downloads/android-studio-p/jre/jre/lib/amd64/libverify.so
7ff321f58000-7ff321f59000 rw-p 00011000 08:07 1201520                    /home/chivu/Downloads/android-studio-p/jre/jre/lib/amd64/libverify.so
7ff321f59000-7ff321f60000 r-xp 00000000 08:07 541947                     /lib/x86_64-linux-gnu/librt-2.23.so
7ff321f60000-7ff32215f000 ---p 00007000 08:07 541947                     /lib/x86_64-linux-gnu/librt-2.23.so
7ff32215f000-7ff322160000 r--p 00006000 08:07 541947                     /lib/x86_64-linux-gnu/librt-2.23.so
7ff322160000-7ff322161000 rw-p 00007000 08:07 541947                     /lib/x86_64-linux-gnu/librt-2.23.so
7ff322161000-7ff322269000 r-xp 00000000 08:07 541938                     /lib/x86_64-linux-gnu/libm-2.23.so
7ff322269000-7ff322468000 ---p 00108000 08:07 541938                     /lib/x86_64-linux-gnu/libm-2.23.so
7ff322468000-7ff322469000 r--p 00107000 08:07 541938                     /lib/x86_64-linux-gnu/libm-2.23.so
7ff322469000-7ff32246a000 rw-p 00108000 08:07 541938                     /lib/x86_64-linux-gnu/libm-2.23.so
7ff32246a000-7ff32305b000 r-xp 00000000 08:07 1201528                    /home/chivu/Downloads/android-studio-p/jre/jre/lib/amd64/server/libjvm.so
7ff32305b000-7ff32325b000 ---p 00bf1000 08:07 1201528                    /home/chivu/Downloads/android-studio-p/jre/jre/lib/amd64/server/libjvm.so
7ff32325b000-7ff3232fa000 r--p 00bf1000 08:07 1201528                    /home/chivu/Downloads/android-studio-p/jre/jre/lib/amd64/server/libjvm.so
7ff3232fa000-7ff323323000 rw-p 00c90000 08:07 1201528                    /home/chivu/Downloads/android-studio-p/jre/jre/lib/amd64/server/libjvm.so
7ff323323000-7ff323367000 rw-p 00000000 00:00 0 
7ff323367000-7ff32337f000 r-xp 00000000 08:07 541951                     /lib/x86_64-linux-gnu/libpthread-2.23.so
7ff32337f000-7ff32357e000 ---p 00018000 08:07 541951                     /lib/x86_64-linux-gnu/libpthread-2.23.so
7ff32357e000-7ff32357f000 r--p 00017000 08:07 541951                     /lib/x86_64-linux-gnu/libpthread-2.23.so
7ff32357f000-7ff323580000 rw-p 00018000 08:07 541951                     /lib/x86_64-linux-gnu/libpthread-2.23.so
7ff323580000-7ff323584000 rw-p 00000000 00:00 0 
7ff323584000-7ff323587000 r-xp 00000000 08:07 541936                     /lib/x86_64-linux-gnu/libdl-2.23.so
7ff323587000-7ff323786000 ---p 00003000 08:07 541936                     /lib/x86_64-linux-gnu/libdl-2.23.so
7ff323786000-7ff323787000 r--p 00002000 08:07 541936                     /lib/x86_64-linux-gnu/libdl-2.23.so
7ff323787000-7ff323788000 rw-p 00003000 08:07 541936                     /lib/x86_64-linux-gnu/libdl-2.23.so
7ff323788000-7ff323947000 r-xp 00000000 08:07 541940                     /lib/x86_64-linux-gnu/libc-2.23.so
7ff323947000-7ff323b47000 ---p 001bf000 08:07 541940                     /lib/x86_64-linux-gnu/libc-2.23.so
7ff323b47000-7ff323b4b000 r--p 001bf000 08:07 541940                     /lib/x86_64-linux-gnu/libc-2.23.so
7ff323b4b000-7ff323b4d000 rw-p 001c3000 08:07 541940                     /lib/x86_64-linux-gnu/libc-2.23.so
7ff323b4d000-7ff323b51000 rw-p 00000000 00:00 0 
7ff323b51000-7ff323b67000 r-xp 00000000 08:07 1201477                    /home/chivu/Downloads/android-studio-p/jre/lib/amd64/jli/libjli.so
7ff323b67000-7ff323d66000 ---p 00016000 08:07 1201477                    /home/chivu/Downloads/android-studio-p/jre/lib/amd64/jli/libjli.so
7ff323d66000-7ff323d67000 r--p 00015000 08:07 1201477                    /home/chivu/Downloads/android-studio-p/jre/lib/amd64/jli/libjli.so
7ff323d67000-7ff323d68000 rw-p 00016000 08:07 1201477                    /home/chivu/Downloads/android-studio-p/jre/lib/amd64/jli/libjli.so
7ff323d68000-7ff323d8e000 r-xp 00000000 08:07 541941                     /lib/x86_64-linux-gnu/ld-2.23.so
7ff323d8e000-7ff323d8f000 r--s 00000000 08:07 1189037                    /home/chivu/.gradle/wrapper/dists/gradle-3.3-all/55gk2rcmfc6p2dg9u9ohc3hw9/gradle-3.3/lib/javax.inject-1.jar
7ff323d8f000-7ff323d90000 r--s 00000000 08:07 1189036                    /home/chivu/.gradle/wrapper/dists/gradle-3.3-all/55gk2rcmfc6p2dg9u9ohc3hw9/gradle-3.3/lib/jcip-annotations-1.0.jar
7ff323d90000-7ff323d94000 r--s 00027000 08:07 1189035                    /home/chivu/.gradle/wrapper/dists/gradle-3.3-all/55gk2rcmfc6p2dg9u9ohc3hw9/gradle-3.3/lib/commons-io-2.2.jar
7ff323d94000-7ff323d99000 r--s 00038000 08:07 1189032                    /home/chivu/.gradle/wrapper/dists/gradle-3.3-all/55gk2rcmfc6p2dg9u9ohc3hw9/gradle-3.3/lib/asm-all-5.1.jar
7ff323d99000-7ff323d9a000 r--s 00001000 08:07 1189028                    /home/chivu/.gradle/wrapper/dists/gradle-3.3-all/55gk2rcmfc6p2dg9u9ohc3hw9/gradle-3.3/lib/gradle-process-services-3.3.jar
7ff323d9a000-7ff323d9f000 r--s 00041000 08:07 1189027                    /home/chivu/.gradle/wrapper/dists/gradle-3.3-all/55gk2rcmfc6p2dg9u9ohc3hw9/gradle-3.3/lib/commons-lang-2.6.jar
7ff323d9f000-7ff323da8000 r--s 00042000 08:07 1189017                    /home/chivu/.gradle/wrapper/dists/gradle-3.3-all/55gk2rcmfc6p2dg9u9ohc3hw9/gradle-3.3/lib/gradle-base-services-3.3.jar
7ff323da8000-7ff323e6a000 rw-p 00000000 00:00 0 
7ff323e6a000-7ff323e6d000 ---p 00000000 00:00 0 
7ff323e6d000-7ff323f6f000 rw-p 00000000 00:00 0 
7ff323f6f000-7ff323f71000 r--s 00000000 08:07 1189018                    /home/chivu/.gradle/wrapper/dists/gradle-3.3-all/55gk2rcmfc6p2dg9u9ohc3hw9/gradle-3.3/lib/gradle-jvm-services-3.3.jar
7ff323f71000-7ff323f72000 r--s 00000000 08:07 1189183                    /home/chivu/.gradle/wrapper/dists/gradle-3.3-all/55gk2rcmfc6p2dg9u9ohc3hw9/gradle-3.3/lib/gradle-version-info-3.3.jar
7ff323f72000-7ff323f73000 r--s 00007000 08:07 1189025                    /home/chivu/.gradle/wrapper/dists/gradle-3.3-all/55gk2rcmfc6p2dg9u9ohc3hw9/gradle-3.3/lib/slf4j-api-1.7.10.jar
7ff323f73000-7ff323f74000 r--s 00004000 08:07 1189050                    /home/chivu/.gradle/wrapper/dists/gradle-3.3-all/55gk2rcmfc6p2dg9u9ohc3hw9/gradle-3.3/lib/ant-launcher-1.9.6.jar
7ff323f74000-7ff323f81000 r--s 0005c000 08:07 1189014                    /home/chivu/.gradle/wrapper/dists/gradle-3.3-all/55gk2rcmfc6p2dg9u9ohc3hw9/gradle-3.3/lib/gradle-launcher-3.3.jar
7ff323f81000-7ff323f89000 rw-s 00000000 08:07 266485                     /tmp/hsperfdata_chivu/3806
7ff323f89000-7ff323f8a000 rw-p 00000000 00:00 0 
7ff323f8a000-7ff323f8b000 ---p 00000000 00:00 0 
7ff323f8b000-7ff323f8d000 rw-p 00000000 00:00 0 
7ff323f8d000-7ff323f8e000 r--p 00025000 08:07 541941                     /lib/x86_64-linux-gnu/ld-2.23.so
7ff323f8e000-7ff323f8f000 rw-p 00026000 08:07 541941                     /lib/x86_64-linux-gnu/ld-2.23.so
7ff323f8f000-7ff323f90000 rw-p 00000000 00:00 0 
7ffc6d844000-7ffc6d865000 rw-p 00000000 00:00 0                          [stack]
7ffc6d8ab000-7ffc6d8ad000 r--p 00000000 00:00 0                          [vvar]
7ffc6d8ad000-7ffc6d8af000 r-xp 00000000 00:00 0                          [vdso]
ffffffffff600000-ffffffffff601000 r-xp 00000000 00:00 0                  [vsyscall]

VM Arguments:
jvm_args: -Xmx1536m -Dfile.encoding=UTF-8 -Duser.country=IN -Duser.language=en -Duser.variant 
java_command: org.gradle.launcher.daemon.bootstrap.GradleDaemon 3.3
java_class_path (initial): /home/chivu/.gradle/wrapper/dists/gradle-3.3-all/55gk2rcmfc6p2dg9u9ohc3hw9/gradle-3.3/lib/gradle-launcher-3.3.jar
Launcher Type: SUN_STANDARD

Environment Variables:
JAVA_HOME=/usr/lib/jvm/java-8-oracle
PATH=/home/chivu/bin:/home/chivu/.local/bin:/usr/local/sbin:/usr/local/bin:/usr/sbin:/usr/bin:/sbin:/bin:/usr/games:/usr/local/games:/snap/bin:/usr/lib/jvm/java-8-oracle/bin:/usr/lib/jvm/java-8-oracle/db/bin:/usr/lib/jvm/java-8-oracle/jre/bin
LD_LIBRARY_PATH=/home/chivu/Downloads/android-studio-p/bin:
SHELL=/bin/bash
DISPLAY=:0

Signal Handlers:
SIGSEGV: [libjvm.so+0x9e5150], sa_mask[0]=11111111011111111101111111111110, sa_flags=SA_RESTART|SA_SIGINFO
SIGBUS: [libjvm.so+0x9e5150], sa_mask[0]=11111111011111111101111111111110, sa_flags=SA_RESTART|SA_SIGINFO
SIGFPE: [libjvm.so+0x848450], sa_mask[0]=11111111011111111101111111111110, sa_flags=SA_RESTART|SA_SIGINFO
SIGPIPE: [libjvm.so+0x848450], sa_mask[0]=11111111011111111101111111111110, sa_flags=SA_RESTART|SA_SIGINFO
SIGXFSZ: [libjvm.so+0x848450], sa_mask[0]=11111111011111111101111111111110, sa_flags=SA_RESTART|SA_SIGINFO
SIGILL: [libjvm.so+0x848450], sa_mask[0]=11111111011111111101111111111110, sa_flags=SA_RESTART|SA_SIGINFO
SIGUSR1: SIG_DFL, sa_mask[0]=00000000000000000000000000000000, sa_flags=none
SIGUSR2: [libjvm.so+0x848320], sa_mask[0]=00100000000000000000000000000000, sa_flags=SA_RESTART|SA_SIGINFO
SIGHUP: [libjvm.so+0x848510], sa_mask[0]=11111111011111111101111111111110, sa_flags=SA_RESTART|SA_SIGINFO
SIGINT: [libjvm.so+0x848510], sa_mask[0]=11111111011111111101111111111110, sa_flags=SA_RESTART|SA_SIGINFO
SIGTERM: [libjvm.so+0x848510], sa_mask[0]=11111111011111111101111111111110, sa_flags=SA_RESTART|SA_SIGINFO
SIGQUIT: [libjvm.so+0x848510], sa_mask[0]=11111111011111111101111111111110, sa_flags=SA_RESTART|SA_SIGINFO


---------------  S Y S T E M  ---------------

OS:DISTRIB_ID=Ubuntu
DISTRIB_RELEASE=16.04
DISTRIB_CODENAME=xenial
DISTRIB_DESCRIPTION="Ubuntu 16.04.2 LTS"

uname:Linux 4.4.0-79-generic #100-Ubuntu SMP Wed May 17 19:58:14 UTC 2017 x86_64
libc:glibc 2.23 NPTL 2.23 
rlimit: STACK 8192k, CORE 0k, NPROC 15361, NOFILE 65536, AS infinity
load average:4.47 2.68 2.36

/proc/meminfo:
MemTotal:        3972820 kB
MemFree:          115628 kB
MemAvailable:      34928 kB
Buffers:            1180 kB
Cached:           198220 kB
SwapCached:           72 kB
Active:          2761764 kB
Inactive:         937924 kB
Active(anon):    2740868 kB
Inactive(anon):   914340 kB
Active(file):      20896 kB
Inactive(file):    23584 kB
Unevictable:         136 kB
Mlocked:             136 kB
SwapTotal:          1020 kB
SwapFree:              0 kB
Dirty:                80 kB
Writeback:             0 kB
AnonPages:       3500808 kB
Mapped:            72400 kB
Shmem:            154548 kB
Slab:              72888 kB
SReclaimable:      39124 kB
SUnreclaim:        33764 kB
KernelStack:        8592 kB
PageTables:        32940 kB
NFS_Unstable:          0 kB
Bounce:                0 kB
WritebackTmp:          0 kB
CommitLimit:     1987428 kB
Committed_AS:    6569056 kB
VmallocTotal:   34359738367 kB
VmallocUsed:           0 kB
VmallocChunk:          0 kB
HardwareCorrupted:     0 kB
AnonHugePages:   2064384 kB
CmaTotal:              0 kB
CmaFree:               0 kB
HugePages_Total:       0
HugePages_Free:        0
HugePages_Rsvd:        0
HugePages_Surp:        0
Hugepagesize:       2048 kB
DirectMap4k:      144128 kB
DirectMap2M:     3977216 kB
DirectMap1G:     1048576 kB


CPU:total 4 (2 cores per cpu, 2 threads per core) family 6 model 69 stepping 1, cmov, cx8, fxsr, mmx, sse, sse2, sse3, ssse3, sse4.1, sse4.2, popcnt, avx, avx2, aes, clmul, erms, lzcnt, ht, tsc, tscinvbit, bmi1, bmi2

/proc/cpuinfo:
processor	: 0
vendor_id	: GenuineIntel
cpu family	: 6
model		: 69
model name	: Intel(R) Core(TM) i3-4030U CPU @ 1.90GHz
stepping	: 1
microcode	: 0x1d
cpu MHz		: 1800.027
cache size	: 3072 KB
physical id	: 0
siblings	: 4
core id		: 0
cpu cores	: 2
apicid		: 0
initial apicid	: 0
fpu		: yes
fpu_exception	: yes
cpuid level	: 13
wp		: yes
flags		: fpu vme de pse tsc msr pae mce cx8 apic sep mtrr pge mca cmov pat pse36 clflush dts acpi mmx fxsr sse sse2 ss ht tm pbe syscall nx pdpe1gb rdtscp lm constant_tsc arch_perfmon pebs bts rep_good nopl xtopology nonstop_tsc aperfmperf eagerfpu pni pclmulqdq dtes64 monitor ds_cpl vmx est tm2 ssse3 sdbg fma cx16 xtpr pdcm pcid sse4_1 sse4_2 x2apic movbe popcnt tsc_deadline_timer aes xsave avx f16c rdrand lahf_lm abm epb tpr_shadow vnmi flexpriority ept vpid fsgsbase tsc_adjust bmi1 avx2 smep bmi2 erms invpcid xsaveopt dtherm arat pln pts
bugs		:
bogomips	: 3791.28
clflush size	: 64
cache_alignment	: 64
address sizes	: 39 bits physical, 48 bits virtual
power management:

processor	: 1
vendor_id	: GenuineIntel
cpu family	: 6
model		: 69
model name	: Intel(R) Core(TM) i3-4030U CPU @ 1.90GHz
stepping	: 1
microcode	: 0x1d
cpu MHz		: 1799.953
cache size	: 3072 KB
physical id	: 0
siblings	: 4
core id		: 0
cpu cores	: 2
apicid		: 1
initial apicid	: 1
fpu		: yes
fpu_exception	: yes
cpuid level	: 13
wp		: yes
flags		: fpu vme de pse tsc msr pae mce cx8 apic sep mtrr pge mca cmov pat pse36 clflush dts acpi mmx fxsr sse sse2 ss ht tm pbe syscall nx pdpe1gb rdtscp lm constant_tsc arch_perfmon pebs bts rep_good nopl xtopology nonstop_tsc aperfmperf eagerfpu pni pclmulqdq dtes64 monitor ds_cpl vmx est tm2 ssse3 sdbg fma cx16 xtpr pdcm pcid sse4_1 sse4_2 x2apic movbe popcnt tsc_deadline_timer aes xsave avx f16c rdrand lahf_lm abm epb tpr_shadow vnmi flexpriority ept vpid fsgsbase tsc_adjust bmi1 avx2 smep bmi2 erms invpcid xsaveopt dtherm arat pln pts
bugs		:
bogomips	: 3791.28
clflush size	: 64
cache_alignment	: 64
address sizes	: 39 bits physical, 48 bits virtual
power management:

processor	: 2
vendor_id	: GenuineIntel
cpu family	: 6
model		: 69
model name	: Intel(R) Core(TM) i3-4030U CPU @ 1.90GHz
stepping	: 1
microcode	: 0x1d
cpu MHz		: 1798.914
cache size	: 3072 KB
physical id	: 0
siblings	: 4
core id		: 1
cpu cores	: 2
apicid		: 2
initial apicid	: 2
fpu		: yes
fpu_exception	: yes
cpuid level	: 13
wp		: yes
flags		: fpu vme de pse tsc msr pae mce cx8 apic sep mtrr pge mca cmov pat pse36 clflush dts acpi mmx fxsr sse sse2 ss ht tm pbe syscall nx pdpe1gb rdtscp lm constant_tsc arch_perfmon pebs bts rep_good nopl xtopology nonstop_tsc aperfmperf eagerfpu pni pclmulqdq dtes64 monitor ds_cpl vmx est tm2 ssse3 sdbg fma cx16 xtpr pdcm pcid sse4_1 sse4_2 x2apic movbe popcnt tsc_deadline_timer aes xsave avx f16c rdrand lahf_lm abm epb tpr_shadow vnmi flexpriority ept vpid fsgsbase tsc_adjust bmi1 avx2 smep bmi2 erms invpcid xsaveopt dtherm arat pln pts
bugs		:
bogomips	: 3791.28
clflush size	: 64
cache_alignment	: 64
address sizes	: 39 bits physical, 48 bits virtual
power management:

processor	: 3
vendor_id	: GenuineIntel
cpu family	: 6
model		: 69
model name	: Intel(R) Core(TM) i3-4030U CPU @ 1.90GHz
stepping	: 1
microcode	: 0x1d
cpu MHz		: 1799.953
cache size	: 3072 KB
physical id	: 0
siblings	: 4
core id		: 1
cpu cores	: 2
apicid		: 3
initial apicid	: 3
fpu		: yes
fpu_exception	: yes
cpuid level	: 13
wp		: yes
flags		: fpu vme de pse tsc msr pae mce cx8 apic sep mtrr pge mca cmov pat pse36 clflush dts acpi mmx fxsr sse sse2 ss ht tm pbe syscall nx pdpe1gb rdtscp lm constant_tsc arch_perfmon pebs bts rep_good nopl xtopology nonstop_tsc aperfmperf eagerfpu pni pclmulqdq dtes64 monitor ds_cpl vmx est tm2 ssse3 sdbg fma cx16 xtpr pdcm pcid sse4_1 sse4_2 x2apic movbe popcnt tsc_deadline_timer aes xsave avx f16c rdrand lahf_lm abm epb tpr_shadow vnmi flexpriority ept vpid fsgsbase tsc_adjust bmi1 avx2 smep bmi2 erms invpcid xsaveopt dtherm arat pln pts
bugs		:
bogomips	: 3791.28
clflush size	: 64
cache_alignment	: 64
address sizes	: 39 bits physical, 48 bits virtual
power management:



Memory: 4k page, physical 3972820k(115628k free), swap 1020k(0k free)

vm_info: OpenJDK 64-Bit Server VM (25.112-b06) for linux-amd64 JRE (1.8.0_112-release-b06), built on Dec  6 2016 12:11:18 by "builder" with gcc 4.8.4

time: Mon Jul 10 12:38:46 2017
elapsed time: 76 seconds (0d 0h 1m 16s)

