#
# There is insufficient memory for the Java Runtime Environment to continue.
# Native memory allocation (mmap) failed to map 187170816 bytes for committing reserved memory.
# Possible reasons:
#   The system is out of physical RAM or swap space
#   In 32 bit mode, the process size limit was hit
# Possible solutions:
#   Reduce memory load on the system
#   Increase physical memory or swap space
#   Check if swap backing store is full
#   Use 64 bit Java on a 64 bit OS
#   Decrease Java heap size (-Xmx/-Xms)
#   Decrease number of Java threads
#   Decrease Java thread stack sizes (-Xss)
#   Set larger code cache with -XX:ReservedCodeCacheSize=
# This output file may be truncated or incomplete.
#
#  Out of Memory Error (os_linux.cpp:2627), pid=3863, tid=0x00007fd3509f9700
#
# JRE version: OpenJDK Runtime Environment (8.0_112-b06) (build 1.8.0_112-release-b06)
# Java VM: OpenJDK 64-Bit Server VM (25.112-b06 mixed mode linux-amd64 compressed oops)
# Failed to write core dump. Core dumps have been disabled. To enable core dumping, try "ulimit -c unlimited" before starting Java again
#

---------------  T H R E A D  ---------------

Current thread (0x00007fd360077800):  VMThread [stack: 0x00007fd3508f9000,0x00007fd3509fa000] [id=3871]

Stack: [0x00007fd3508f9000,0x00007fd3509fa000],  sp=0x00007fd3509f84d0,  free space=1021k
Native frames: (J=compiled Java code, j=interpreted, Vv=VM code, C=native code)
V  [libjvm.so+0x9e465d]  VMError::report_and_die()+0x15d
V  [libjvm.so+0x4b6ada]  report_vm_out_of_memory(char const*, int, unsigned long, VMErrorType, char const*)+0x8a
V  [libjvm.so+0x84c860]  os::pd_commit_memory(char*, unsigned long, unsigned long, bool)+0xf0
V  [libjvm.so+0x84737f]  os::commit_memory(char*, unsigned long, unsigned long, bool)+0x1f
V  [libjvm.so+0x8bd3db]  PSVirtualSpace::expand_by(unsigned long)+0x5b
V  [libjvm.so+0x8ae1bb]  PSOldGen::expand_by(unsigned long) [clone .part.109]+0x1b
V  [libjvm.so+0x8ae37b]  PSOldGen::expand(unsigned long) [clone .part.111]+0xdb
V  [libjvm.so+0x8aec58]  PSOldGen::resize(unsigned long)+0x188
V  [libjvm.so+0x8b426c]  PSParallelCompact::invoke_no_policy(bool)+0x97c
V  [libjvm.so+0x8bb37d]  PSScavenge::invoke()+0x17d
V  [libjvm.so+0x86fcf3]  ParallelScavengeHeap::failed_mem_allocate(unsigned long)+0x63
V  [libjvm.so+0x9e6124]  VM_ParallelGCFailedAllocation::doit()+0x84
V  [libjvm.so+0x9ea537]  VM_Operation::evaluate()+0x47
V  [libjvm.so+0x9e8ff8]  VMThread::evaluate_operation(VM_Operation*)+0x2c8
V  [libjvm.so+0x9e9479]  VMThread::loop()+0x219
V  [libjvm.so+0x9e98c2]  VMThread::run()+0x72
V  [libjvm.so+0x849c82]  java_start(Thread*)+0xf2

VM_Operation (0x00007fd314256010): ParallelGCFailedAllocation, mode: safepoint, requested by thread 0x00007fd2e4054000


---------------  P R O C E S S  ---------------

Java Threads: ( => current thread )
  0x00007fd2e405a000 JavaThread "pool-5-thread-4" [_thread_blocked, id=3988, stack(0x00007fd2d7cfd000,0x00007fd2d7dfe000)]
  0x00007fd2e4058800 JavaThread "pool-5-thread-3" [_thread_blocked, id=3987, stack(0x00007fd2d7dfe000,0x00007fd2d7eff000)]
  0x00007fd2e4056800 JavaThread "pool-5-thread-2" [_thread_blocked, id=3986, stack(0x00007fd2d7eff000,0x00007fd2d8000000)]
  0x00007fd2e4055000 JavaThread "pool-6-thread-1" [_thread_blocked, id=3985, stack(0x00007fd314056000,0x00007fd314157000)]
  0x00007fd2e4054000 JavaThread "pool-5-thread-1" [_thread_blocked, id=3984, stack(0x00007fd314157000,0x00007fd314258000)]
  0x00007fd3049f3800 JavaThread "pool-3-thread-1" [_thread_blocked, id=3983, stack(0x00007fd31432d000,0x00007fd31442e000)]
  0x00007fd304bab000 JavaThread "Cache update executor" [_thread_blocked, id=3962, stack(0x00007fd31462e000,0x00007fd31472f000)]
  0x00007fd304950800 JavaThread "pool-2-thread-1" [_thread_blocked, id=3936, stack(0x00007fd315742000,0x00007fd315843000)]
  0x00007fd3047ab800 JavaThread "File lock request listener" [_thread_in_native, id=3911, stack(0x00007fd315fed000,0x00007fd3160ee000)]
  0x00007fd3046cf000 JavaThread "process reaper" daemon [_thread_blocked, id=3907, stack(0x00007fd3160ee000,0x00007fd316127000)]
  0x00007fd360cb7800 JavaThread "pool-1-thread-1" [_thread_blocked, id=3899, stack(0x00007fd316ba1000,0x00007fd316ca2000)]
  0x00007fd304009800 JavaThread "Asynchronous log dispatcher for DefaultDaemonConnection: socket connection from /127.0.0.1:43851 to /127.0.0.1:56510" [_thread_blocked, id=3897, stack(0x00007fd316da3000,0x00007fd316ea4000)]
  0x00007fd308008000 JavaThread "Daemon worker" [_thread_blocked, id=3894, stack(0x00007fd316ea4000,0x00007fd316fa5000)]
  0x00007fd308006800 JavaThread "Cancel handler" [_thread_blocked, id=3893, stack(0x00007fd316fa5000,0x00007fd3170a6000)]
  0x00007fd308005800 JavaThread "Handler for socket connection from /127.0.0.1:43851 to /127.0.0.1:56510" [_thread_in_native, id=3890, stack(0x00007fd3172a6000,0x00007fd3173a7000)]
  0x00007fd310019800 JavaThread "Daemon" [_thread_blocked, id=3889, stack(0x00007fd3173a7000,0x00007fd3174a8000)]
  0x00007fd360c56000 JavaThread "Incoming local TCP Connector on port 43851" [_thread_in_native, id=3888, stack(0x00007fd3176af000,0x00007fd3177b0000)]
  0x00007fd3600bf800 JavaThread "Service Thread" daemon [_thread_blocked, id=3879, stack(0x00007fd340eff000,0x00007fd341000000)]
  0x00007fd3600bc800 JavaThread "C1 CompilerThread2" daemon [_thread_blocked, id=3878, stack(0x00007fd35001b000,0x00007fd35011c000)]
  0x00007fd3600ba800 JavaThread "C2 CompilerThread1" daemon [_thread_blocked, id=3877, stack(0x00007fd35011c000,0x00007fd35021d000)]
  0x00007fd3600b7800 JavaThread "C2 CompilerThread0" daemon [_thread_blocked, id=3876, stack(0x00007fd35021d000,0x00007fd35031e000)]
  0x00007fd3600b6800 JavaThread "Signal Dispatcher" daemon [_thread_blocked, id=3875, stack(0x00007fd35031e000,0x00007fd35041f000)]
  0x00007fd360083800 JavaThread "Finalizer" daemon [_thread_blocked, id=3873, stack(0x00007fd3506f7000,0x00007fd3507f8000)]
  0x00007fd36007f000 JavaThread "Reference Handler" daemon [_thread_blocked, id=3872, stack(0x00007fd3507f8000,0x00007fd3508f9000)]
  0x00007fd36000a000 JavaThread "main" [_thread_blocked, id=3866, stack(0x00007fd3691fc000,0x00007fd3692fd000)]

Other Threads:
=>0x00007fd360077800 VMThread [stack: 0x00007fd3508f9000,0x00007fd3509fa000] [id=3871]
  0x00007fd3600c2000 WatcherThread [stack: 0x00007fd340dfe000,0x00007fd340eff000] [id=3880]

VM state:at safepoint (normal execution)

VM Mutex/Monitor currently owned by a thread:  ([mutex/lock_event])
[0x00007fd360005df0] ExpandHeap_lock - owner thread: 0x00007fd360077800
[0x00007fd360006470] Threads_lock - owner thread: 0x00007fd360077800
[0x00007fd360006970] Heap_lock - owner thread: 0x00007fd2e4054000

Heap:
 PSYoungGen      total 349696K, used 150698K [0x00000000e0000000, 0x0000000100000000, 0x0000000100000000)
  eden space 175104K, 0% used [0x00000000e0000000,0x00000000e0000000,0x00000000eab00000)
  from space 174592K, 86% used [0x00000000eab00000,0x00000000f3e2a938,0x00000000f5580000)
  to   space 174592K, 0% used [0x00000000f5580000,0x00000000f5580000,0x0000000100000000)
 ParOldGen       total 574464K, used 574363K [0x00000000a0000000, 0x00000000c3100000, 0x00000000e0000000)
  object space 574464K, 99% used [0x00000000a0000000,0x00000000c30e6ef8,0x00000000c3100000)
 Metaspace       used 54011K, capacity 55752K, committed 55984K, reserved 1097728K
  class space    used 7122K, capacity 7501K, committed 7600K, reserved 1048576K

Card table byte_map: [0x00007fd365d8d000,0x00007fd36608e000] byte_map_base: 0x00007fd36588d000

Marking Bits: (ParMarkBitMap*) 0x00007fd3686ca340
 Begin Bits: [0x00007fd341000000, 0x00007fd342800000)
 End Bits:   [0x00007fd342800000, 0x00007fd344000000)

Polling page: 0x00007fd36931c000

CodeCache: size=245760Kb used=29338Kb max_used=29358Kb free=216421Kb
 bounds [0x00007fd351000000, 0x00007fd352d00000, 0x00007fd360000000]
 total_blobs=8691 nmethods=7940 adapters=664
 compilation: enabled

Compilation events (10 events):
Event: 87.127 Thread 0x00007fd3600bc800 9594       3       com.android.dx.util.ListIntSet::<init> (23 bytes)
Event: 87.128 Thread 0x00007fd3600bc800 nmethod 9594 0x00007fd3528f3b90 code [0x00007fd3528f3d60, 0x00007fd3528f4438]
Event: 87.157 Thread 0x00007fd3600bc800 9598       2       com.android.dx.util.ListIntSet::iterator (9 bytes)
Event: 87.157 Thread 0x00007fd3600bc800 nmethod 9598 0x00007fd3528f37d0 code [0x00007fd3528f3940, 0x00007fd3528f3af0]
Event: 87.158 Thread 0x00007fd3600bc800 9599       2       com.android.dx.util.ListIntSet$1::<init> (15 bytes)
Event: 87.158 Thread 0x00007fd3600bc800 nmethod 9599 0x00007fd3527fa190 code [0x00007fd3527fa2e0, 0x00007fd3527fa450]
Event: 87.158 Thread 0x00007fd3600bc800 9600       2       com.android.dx.util.ListIntSet$1::hasNext (23 bytes)
Event: 87.158 Thread 0x00007fd3600bc800 nmethod 9600 0x00007fd3526ba090 code [0x00007fd3526ba200, 0x00007fd3526ba370]
Event: 87.260 Thread 0x00007fd3600b7800 nmethod 9568% 0x00007fd352cee710 code [0x00007fd352cee9c0, 0x00007fd352cf0c48]
Event: 87.260 Thread 0x00007fd3600b7800 9597       4       com.android.dx.ssa.SsaConverter::placePhiFunctions (394 bytes)

GC Heap History (10 events):
Event: 83.691 GC heap after
Heap after GC invocations=61 (full 8):
 PSYoungGen      total 347648K, used 86195K [0x00000000e0000000, 0x0000000100000000, 0x0000000100000000)
  eden space 176128K, 0% used [0x00000000e0000000,0x00000000e0000000,0x00000000eac00000)
  from space 171520K, 50% used [0x00000000eac00000,0x00000000f002ce68,0x00000000f5380000)
  to   space 172032K, 0% used [0x00000000f5800000,0x00000000f5800000,0x0000000100000000)
 ParOldGen       total 574464K, used 429385K [0x00000000a0000000, 0x00000000c3100000, 0x00000000e0000000)
  object space 574464K, 74% used [0x00000000a0000000,0x00000000ba3526e8,0x00000000c3100000)
 Metaspace       used 53999K, capacity 55752K, committed 55984K, reserved 1097728K
  class space    used 7121K, capacity 7501K, committed 7600K, reserved 1048576K
}
Event: 84.606 GC heap before
{Heap before GC invocations=62 (full 8):
 PSYoungGen      total 347648K, used 262323K [0x00000000e0000000, 0x0000000100000000, 0x0000000100000000)
  eden space 176128K, 100% used [0x00000000e0000000,0x00000000eac00000,0x00000000eac00000)
  from space 171520K, 50% used [0x00000000eac00000,0x00000000f002ce68,0x00000000f5380000)
  to   space 172032K, 0% used [0x00000000f5800000,0x00000000f5800000,0x0000000100000000)
 ParOldGen       total 574464K, used 429385K [0x00000000a0000000, 0x00000000c3100000, 0x00000000e0000000)
  object space 574464K, 74% used [0x00000000a0000000,0x00000000ba3526e8,0x00000000c3100000)
 Metaspace       used 54002K, capacity 55752K, committed 55984K, reserved 1097728K
  class space    used 7121K, capacity 7501K, committed 7600K, reserved 1048576K
Event: 85.002 GC heap after
Heap after GC invocations=62 (full 8):
 PSYoungGen      total 334848K, used 74959K [0x00000000e0000000, 0x00000000fee80000, 0x0000000100000000)
  eden space 180736K, 0% used [0x00000000e0000000,0x00000000e0000000,0x00000000eb080000)
  from space 154112K, 48% used [0x00000000f5800000,0x00000000fa133e48,0x00000000fee80000)
  to   space 162816K, 0% used [0x00000000eb080000,0x00000000eb080000,0x00000000f4f80000)
 ParOldGen       total 574464K, used 467006K [0x00000000a0000000, 0x00000000c3100000, 0x00000000e0000000)
  object space 574464K, 81% used [0x00000000a0000000,0x00000000bc80fa18,0x00000000c3100000)
 Metaspace       used 54002K, capacity 55752K, committed 55984K, reserved 1097728K
  class space    used 7121K, capacity 7501K, committed 7600K, reserved 1048576K
}
Event: 85.502 GC heap before
{Heap before GC invocations=63 (full 8):
 PSYoungGen      total 334848K, used 255695K [0x00000000e0000000, 0x00000000fee80000, 0x0000000100000000)
  eden space 180736K, 100% used [0x00000000e0000000,0x00000000eb080000,0x00000000eb080000)
  from space 154112K, 48% used [0x00000000f5800000,0x00000000fa133e48,0x00000000fee80000)
  to   space 162816K, 0% used [0x00000000eb080000,0x00000000eb080000,0x00000000f4f80000)
 ParOldGen       total 574464K, used 467006K [0x00000000a0000000, 0x00000000c3100000, 0x00000000e0000000)
  object space 574464K, 81% used [0x00000000a0000000,0x00000000bc80fa18,0x00000000c3100000)
 Metaspace       used 54003K, capacity 55752K, committed 55984K, reserved 1097728K
  class space    used 7121K, capacity 7501K, committed 7600K, reserved 1048576K
Event: 85.654 GC heap after
Heap after GC invocations=63 (full 8):
 PSYoungGen      total 343552K, used 103770K [0x00000000e0000000, 0x0000000100000000, 0x0000000100000000)
  eden space 180736K, 0% used [0x00000000e0000000,0x00000000e0000000,0x00000000eb080000)
  from space 162816K, 63% used [0x00000000eb080000,0x00000000f15d6b70,0x00000000f4f80000)
  to   space 165376K, 0% used [0x00000000f5e80000,0x00000000f5e80000,0x0000000100000000)
 ParOldGen       total 574464K, used 467006K [0x00000000a0000000, 0x00000000c3100000, 0x00000000e0000000)
  object space 574464K, 81% used [0x00000000a0000000,0x00000000bc80fa18,0x00000000c3100000)
 Metaspace       used 54003K, capacity 55752K, committed 55984K, reserved 1097728K
  class space    used 7121K, capacity 7501K, committed 7600K, reserved 1048576K
}
Event: 86.849 GC heap before
{Heap before GC invocations=64 (full 8):
 PSYoungGen      total 343552K, used 284506K [0x00000000e0000000, 0x0000000100000000, 0x0000000100000000)
  eden space 180736K, 100% used [0x00000000e0000000,0x00000000eb080000,0x00000000eb080000)
  from space 162816K, 63% used [0x00000000eb080000,0x00000000f15d6b70,0x00000000f4f80000)
  to   space 165376K, 0% used [0x00000000f5e80000,0x00000000f5e80000,0x0000000100000000)
 ParOldGen       total 574464K, used 467006K [0x00000000a0000000, 0x00000000c3100000, 0x00000000e0000000)
  object space 574464K, 81% used [0x00000000a0000000,0x00000000bc80fa18,0x00000000c3100000)
 Metaspace       used 54003K, capacity 55752K, committed 55984K, reserved 1097728K
  class space    used 7121K, capacity 7501K, committed 7600K, reserved 1048576K
Event: 87.054 GC heap after
Heap after GC invocations=64 (full 8):
 PSYoungGen      total 340480K, used 165363K [0x00000000e0000000, 0x0000000100000000, 0x0000000100000000)
  eden space 175104K, 0% used [0x00000000e0000000,0x00000000e0000000,0x00000000eab00000)
  from space 165376K, 99% used [0x00000000f5e80000,0x00000000ffffcd38,0x0000000100000000)
  to   space 174592K, 0% used [0x00000000eab00000,0x00000000eab00000,0x00000000f5580000)
 ParOldGen       total 574464K, used 472006K [0x00000000a0000000, 0x00000000c3100000, 0x00000000e0000000)
  object space 574464K, 82% used [0x00000000a0000000,0x00000000bccf18d0,0x00000000c3100000)
 Metaspace       used 54003K, capacity 55752K, committed 55984K, reserved 1097728K
  class space    used 7121K, capacity 7501K, committed 7600K, reserved 1048576K
}
Event: 87.298 GC heap before
{Heap before GC invocations=65 (full 8):
 PSYoungGen      total 340480K, used 340467K [0x00000000e0000000, 0x0000000100000000, 0x0000000100000000)
  eden space 175104K, 100% used [0x00000000e0000000,0x00000000eab00000,0x00000000eab00000)
  from space 165376K, 99% used [0x00000000f5e80000,0x00000000ffffcd38,0x0000000100000000)
  to   space 174592K, 0% used [0x00000000eab00000,0x00000000eab00000,0x00000000f5580000)
 ParOldGen       total 574464K, used 472006K [0x00000000a0000000, 0x00000000c3100000, 0x00000000e0000000)
  object space 574464K, 82% used [0x00000000a0000000,0x00000000bccf18d0,0x00000000c3100000)
 Metaspace       used 54011K, capacity 55752K, committed 55984K, reserved 1097728K
  class space    used 7122K, capacity 7501K, committed 7600K, reserved 1048576K
Event: 87.528 GC heap after
Heap after GC invocations=65 (full 8):
 PSYoungGen      total 349696K, used 174584K [0x00000000e0000000, 0x0000000100000000, 0x0000000100000000)
  eden space 175104K, 0% used [0x00000000e0000000,0x00000000e0000000,0x00000000eab00000)
  from space 174592K, 99% used [0x00000000eab00000,0x00000000f557e1d0,0x00000000f5580000)
  to   space 174592K, 0% used [0x00000000f5580000,0x00000000f5580000,0x0000000100000000)
 ParOldGen       total 574464K, used 555912K [0x00000000a0000000, 0x00000000c3100000, 0x00000000e0000000)
  object space 574464K, 96% used [0x00000000a0000000,0x00000000c1ee2280,0x00000000c3100000)
 Metaspace       used 54011K, capacity 55752K, committed 55984K, reserved 1097728K
  class space    used 7122K, capacity 7501K, committed 7600K, reserved 1048576K
}
Event: 87.528 GC heap before
{Heap before GC invocations=66 (full 9):
 PSYoungGen      total 349696K, used 174584K [0x00000000e0000000, 0x0000000100000000, 0x0000000100000000)
  eden space 175104K, 0% used [0x00000000e0000000,0x00000000e0000000,0x00000000eab00000)
  from space 174592K, 99% used [0x00000000eab00000,0x00000000f557e1d0,0x00000000f5580000)
  to   space 174592K, 0% used [0x00000000f5580000,0x00000000f5580000,0x0000000100000000)
 ParOldGen       total 574464K, used 555912K [0x00000000a0000000, 0x00000000c3100000, 0x00000000e0000000)
  object space 574464K, 96% used [0x00000000a0000000,0x00000000c1ee2280,0x00000000c3100000)
 Metaspace       used 54011K, capacity 55752K, committed 55984K, reserved 1097728K
  class space    used 7122K, capacity 7501K, committed 7600K, reserved 1048576K

Deoptimization events (10 events):
Event: 84.076 Thread 0x00007fd2e4055000 Uncommon trap: reason=unstable_if action=reinterpret pc=0x00007fd35231d0f4 method=java.util.concurrent.locks.ReentrantLock$Sync.nonfairTryAcquire(I)Z @ 34
Event: 84.496 Thread 0x00007fd2e4058800 Uncommon trap: reason=unstable_if action=reinterpret pc=0x00007fd3519003f8 method=com.android.dx.cf.code.Merger.isPossiblyAssignableFrom(Lcom/android/dx/rop/type/TypeBearer;Lcom/android/dx/rop/type/TypeBearer;)Z @ 131
Event: 85.043 Thread 0x00007fd2e405a000 Uncommon trap: reason=bimorphic action=maybe_recompile pc=0x00007fd3525d71e0 method=com.android.dx.cf.code.OneLocalsArray.set(ILcom/android/dx/rop/type/TypeBearer;)V @ 85
Event: 85.043 Thread 0x00007fd2e405a000 Uncommon trap: reason=bimorphic action=maybe_recompile pc=0x00007fd3525d71e0 method=com.android.dx.cf.code.OneLocalsArray.set(ILcom/android/dx/rop/type/TypeBearer;)V @ 85
Event: 85.043 Thread 0x00007fd2e405a000 Uncommon trap: reason=unstable_if action=reinterpret pc=0x00007fd3525d7038 method=com.android.dx.cf.code.Merger.mergeType(Lcom/android/dx/rop/type/TypeBearer;Lcom/android/dx/rop/type/TypeBearer;)Lcom/android/dx/rop/type/TypeBearer; @ 52
Event: 87.086 Thread 0x00007fd2e4056800 Uncommon trap: reason=predicate action=maybe_recompile pc=0x00007fd351630d30 method=com.android.dx.ssa.DomFront.run()[Lcom/android/dx/ssa/DomFront$DomInfo; @ 32
Event: 87.127 Thread 0x00007fd2e4056800 Uncommon trap: reason=unstable_if action=reinterpret pc=0x00007fd3527e7640 method=com.android.dx.ssa.SetFactory.makeDomFrontSet(I)Lcom/android/dx/util/IntSet; @ 4
Event: 87.156 Thread 0x00007fd2e4056800 Uncommon trap: reason=class_check action=maybe_recompile pc=0x00007fd3527edaf8 method=com.android.dx.ssa.SsaConverter.placePhiFunctions(Lcom/android/dx/ssa/SsaMethod;Lcom/android/dx/ssa/LocalVariableInfo;I)V @ 257
Event: 87.271 Thread 0x00007fd2e405a000 Uncommon trap: reason=class_check action=maybe_recompile pc=0x00007fd3527edaf8 method=com.android.dx.ssa.SsaConverter.placePhiFunctions(Lcom/android/dx/ssa/SsaMethod;Lcom/android/dx/ssa/LocalVariableInfo;I)V @ 257
Event: 87.274 Thread 0x00007fd2e4058800 Uncommon trap: reason=class_check action=maybe_recompile pc=0x00007fd352ca7b58 method=com.android.dx.ssa.SsaConverter.placePhiFunctions(Lcom/android/dx/ssa/SsaMethod;Lcom/android/dx/ssa/LocalVariableInfo;I)V @ 257

Internal exceptions (10 events):
Event: 50.638 Thread 0x00007fd308008000 Exception <a 'java/lang/NoSuchMethodError': <clinit>> (0x00000000e2a46208) thrown at [/ssd/Android/AOSP-openjdk/external/jetbrains/jdk/hotspot/src/share/vm/prims/jni.cpp, line 1613]
Event: 50.666 Thread 0x00007fd308008000 Exception <a 'java/lang/NoSuchMethodError': <clinit>> (0x00000000e2ac2928) thrown at [/ssd/Android/AOSP-openjdk/external/jetbrains/jdk/hotspot/src/share/vm/prims/jni.cpp, line 1613]
Event: 50.669 Thread 0x00007fd308008000 Exception <a 'java/lang/NoSuchMethodError': <clinit>> (0x00000000e2adb680) thrown at [/ssd/Android/AOSP-openjdk/external/jetbrains/jdk/hotspot/src/share/vm/prims/jni.cpp, line 1613]
Event: 50.670 Thread 0x00007fd308008000 Exception <a 'java/lang/NoSuchMethodError': <clinit>> (0x00000000e2add300) thrown at [/ssd/Android/AOSP-openjdk/external/jetbrains/jdk/hotspot/src/share/vm/prims/jni.cpp, line 1613]
Event: 52.390 Thread 0x00007fd308008000 Implicit null exception at 0x00007fd35201a20d to 0x00007fd35201ae65
Event: 57.983 Thread 0x00007fd2e4056800 Implicit null exception at 0x00007fd351a99525 to 0x00007fd351a9a101
Event: 58.067 Thread 0x00007fd2e4058800 Implicit null exception at 0x00007fd351a541e2 to 0x00007fd351a542db
Event: 58.594 Thread 0x00007fd3049f3800 Implicit null exception at 0x00007fd35269ef4d to 0x00007fd35269f129
Event: 62.515 Thread 0x00007fd3049f3800 Implicit null exception at 0x00007fd351171fbc to 0x00007fd351172561
Event: 68.676 Thread 0x00007fd3049f3800 Implicit null exception at 0x00007fd351936d03 to 0x00007fd351937375

Events (10 events):
Event: 87.243 Thread 0x00007fd2e4058800 DEOPT UNPACKING pc=0x00007fd351047373 sp=0x00007fd2d7efceb0 mode 0
Event: 87.263 Thread 0x00007fd2e4056800 DEOPT PACKING pc=0x00007fd35262da10 sp=0x00007fd2d7ffe070
Event: 87.263 Thread 0x00007fd2e4056800 DEOPT UNPACKING pc=0x00007fd351047373 sp=0x00007fd2d7ffde70 mode 0
Event: 87.271 Thread 0x00007fd2e405a000 Uncommon trap: trap_request=0xffffffde fr.pc=0x00007fd3527edaf8
Event: 87.271 Thread 0x00007fd2e405a000 DEOPT PACKING pc=0x00007fd3527edaf8 sp=0x00007fd2d7dfc1c0
Event: 87.271 Thread 0x00007fd2e405a000 DEOPT UNPACKING pc=0x00007fd351004f69 sp=0x00007fd2d7dfc1b8 mode 2
Event: 87.274 Thread 0x00007fd2e4058800 Uncommon trap: trap_request=0xffffffde fr.pc=0x00007fd352ca7b58
Event: 87.274 Thread 0x00007fd2e4058800 DEOPT PACKING pc=0x00007fd352ca7b58 sp=0x00007fd2d7efd1d0
Event: 87.274 Thread 0x00007fd2e4058800 DEOPT UNPACKING pc=0x00007fd351004f69 sp=0x00007fd2d7efd1b8 mode 2
Event: 87.275 Executing VM operation: ParallelGCFailedAllocation


Dynamic libraries:
00400000-00401000 r-xp 00000000 08:07 1201464                            /home/chivu/Downloads/android-studio-p/jre/bin/java
00600000-00601000 r--p 00000000 08:07 1201464                            /home/chivu/Downloads/android-studio-p/jre/bin/java
00601000-00602000 rw-p 00001000 08:07 1201464                            /home/chivu/Downloads/android-studio-p/jre/bin/java
00b62000-00ba4000 rw-p 00000000 00:00 0                                  [heap]
a0000000-c3100000 rw-p 00000000 00:00 0 
ce380000-e0000000 ---p 00000000 00:00 0 
e0000000-100000000 rw-p 00000000 00:00 0 
100000000-10076c000 rw-p 00000000 00:00 0 
10076c000-140000000 ---p 00000000 00:00 0 
7fd2c8000000-7fd2c8024000 rw-p 00000000 00:00 0 
7fd2c8024000-7fd2cc000000 ---p 00000000 00:00 0 
7fd2d0000000-7fd2d0036000 rw-p 00000000 00:00 0 
7fd2d0036000-7fd2d4000000 ---p 00000000 00:00 0 
7fd2d7afd000-7fd2d7c3d000 rw-p 00000000 00:00 0 
7fd2d7c3d000-7fd2d7cfd000 ---p 00000000 00:00 0 
7fd2d7cfd000-7fd2d7d00000 ---p 00000000 00:00 0 
7fd2d7d00000-7fd2d7dfe000 rw-p 00000000 00:00 0 
7fd2d7dfe000-7fd2d7e01000 ---p 00000000 00:00 0 
7fd2d7e01000-7fd2d7eff000 rw-p 00000000 00:00 0 
7fd2d7eff000-7fd2d7f02000 ---p 00000000 00:00 0 
7fd2d7f02000-7fd2d8000000 rw-p 00000000 00:00 0 
7fd2d8000000-7fd2d8031000 rw-p 00000000 00:00 0 
7fd2d8031000-7fd2dc000000 ---p 00000000 00:00 0 
7fd2dc000000-7fd2dc021000 rw-p 00000000 00:00 0 
7fd2dc021000-7fd2e0000000 ---p 00000000 00:00 0 
7fd2e0000000-7fd2e0042000 rw-p 00000000 00:00 0 
7fd2e0042000-7fd2e4000000 ---p 00000000 00:00 0 
7fd2e4000000-7fd2e41f3000 rw-p 00000000 00:00 0 
7fd2e41f3000-7fd2e8000000 ---p 00000000 00:00 0 
7fd2e8000000-7fd2e8021000 rw-p 00000000 00:00 0 
7fd2e8021000-7fd2ec000000 ---p 00000000 00:00 0 
7fd2ec000000-7fd2ec021000 rw-p 00000000 00:00 0 
7fd2ec021000-7fd2f0000000 ---p 00000000 00:00 0 
7fd2f0000000-7fd2f0021000 rw-p 00000000 00:00 0 
7fd2f0021000-7fd2f4000000 ---p 00000000 00:00 0 
7fd2f4000000-7fd2f4021000 rw-p 00000000 00:00 0 
7fd2f4021000-7fd2f8000000 ---p 00000000 00:00 0 
7fd2f8000000-7fd2f8021000 rw-p 00000000 00:00 0 
7fd2f8021000-7fd2fc000000 ---p 00000000 00:00 0 
7fd2fc000000-7fd2fc021000 rw-p 00000000 00:00 0 
7fd2fc021000-7fd300000000 ---p 00000000 00:00 0 
7fd300000000-7fd300021000 rw-p 00000000 00:00 0 
7fd300021000-7fd304000000 ---p 00000000 00:00 0 
7fd304000000-7fd3052ea000 rw-p 00000000 00:00 0 
7fd3052ea000-7fd308000000 ---p 00000000 00:00 0 
7fd308000000-7fd308021000 rw-p 00000000 00:00 0 
7fd308021000-7fd30c000000 ---p 00000000 00:00 0 
7fd30c000000-7fd30c021000 rw-p 00000000 00:00 0 
7fd30c021000-7fd310000000 ---p 00000000 00:00 0 
7fd310000000-7fd310075000 rw-p 00000000 00:00 0 
7fd310075000-7fd314000000 ---p 00000000 00:00 0 
7fd314056000-7fd314059000 ---p 00000000 00:00 0 
7fd314059000-7fd314157000 rw-p 00000000 00:00 0 
7fd314157000-7fd31415a000 ---p 00000000 00:00 0 
7fd31415a000-7fd314258000 rw-p 00000000 00:00 0 
7fd314258000-7fd31432d000 r--s 0095c000 08:07 1200353                    /home/chivu/Desktop/newsApp/app/build/intermediates/transforms/jarMerging/debug/jars/1/1f/combined.jar
7fd31432d000-7fd314330000 ---p 00000000 00:00 0 
7fd314330000-7fd31462e000 rw-p 00000000 00:00 0 
7fd31462e000-7fd314631000 ---p 00000000 00:00 0 
7fd314631000-7fd31492f000 rw-p 00000000 00:00 0 
7fd31492f000-7fd314b2f000 rw-p 00000000 00:00 0 
7fd314b2f000-7fd314d2f000 rw-p 00000000 00:00 0 
7fd314d2f000-7fd314f2f000 rw-p 00000000 00:00 0 
7fd314f2f000-7fd314f42000 r--s 00344000 08:07 1201558                    /home/chivu/Downloads/android-studio-p/jre/jre/lib/resources.jar
7fd314f42000-7fd315142000 rw-p 00000000 00:00 0 
7fd315142000-7fd315342000 rw-p 00000000 00:00 0 
7fd315342000-7fd315542000 rw-p 00000000 00:00 0 
7fd315542000-7fd315742000 rw-p 00000000 00:00 0 
7fd315742000-7fd315745000 ---p 00000000 00:00 0 
7fd315745000-7fd315a43000 rw-p 00000000 00:00 0 
7fd315a43000-7fd315a44000 r--s 00001000 08:07 1094992                    /home/chivu/.gradle/caches/jars-2/cmhx5eetujk7j30d3nllwxyrlnugzjw/annotations-25.3.3.jar
7fd315a44000-7fd315a4c000 r--s 000a8000 08:07 932893                     /home/chivu/.gradle/caches/jars-2/lp0h431tl0554nh1vx6zomcvteflkp/lombok-ast-0.2.3.jar
7fd315a4c000-7fd315a60000 r--s 000b4000 08:07 139376                     /home/chivu/.gradle/caches/jars-2/hgvw6szzawm3evod5l2d6iutfug31w0/uast-162.2228.14.jar
7fd315a60000-7fd315a62000 r--s 0000d000 08:07 932889                     /home/chivu/.gradle/caches/jars-2/7pwz1bowgakb1eux9ezb56jlturgsyi/commons-codec-1.4.jar
7fd315a62000-7fd315a64000 r--s 0000d000 08:07 932887                     /home/chivu/.gradle/caches/jars-2/9dj1m0eyooi5qt13735vz8fpkl3cnfy/commons-logging-1.1.1.jar
7fd315a64000-7fd315a69000 r--s 00028000 08:07 932885                     /home/chivu/.gradle/caches/jars-2/62lv0fe9b3xbqe57f6ljy5upwi7mf6k/httpcore-4.1.jar
7fd315a69000-7fd315a6d000 r--s 0002f000 08:07 932883                     /home/chivu/.gradle/caches/jars-2/gsg5n52frsvw6sx0swqqe2hwijwdcf0/jimfs-1.1.jar
7fd315a6d000-7fd315a6e000 r--s 00004000 08:07 932881                     /home/chivu/.gradle/caches/jars-2/lxs252id0979odjrerlctkb26c2vj95/annotations-12.0.jar
7fd315a6e000-7fd315a6f000 r--s 00004000 08:07 932879                     /home/chivu/.gradle/caches/jars-2/9kn99dr0rulyl67sct1ephwcop56l61/asm-analysis-5.0.4.jar
7fd315a6f000-7fd315a73000 r--s 00040000 08:07 1094991                    /home/chivu/.gradle/caches/jars-2/ccvn7yglm4blceovs70fngoac1eyn4f/lint-api-25.3.3.jar
7fd315a73000-7fd315a74000 r--s 0000a000 08:07 932875                     /home/chivu/.gradle/caches/jars-2/nwyg9io65lv6jvmwit2wq82xnnxd7ia/kxml2-2.3.0.jar
7fd315a74000-7fd315a76000 r--s 00005000 08:07 932873                     /home/chivu/.gradle/caches/jars-2/i6hc1uuj8e9ck59slmzdyz78ydn8sr6/httpmime-4.1.jar
7fd315a76000-7fd315a7e000 r--s 0004e000 08:07 932871                     /home/chivu/.gradle/caches/jars-2/7503wa5irssz0xxahv1xb82p2dl7rr2/httpclient-4.1.1.jar
7fd315a7e000-7fd315a85000 r--s 00053000 08:07 932869                     /home/chivu/.gradle/caches/jars-2/jgkfvs4eqggj7qsyw1f5d3up57hanj1/commons-compress-1.8.1.jar
7fd315a85000-7fd315a8a000 r--s 0002a000 08:07 932867                     /home/chivu/.gradle/caches/jars-2/je8f027qcr1z1egw08byp1ybxbp9kko/gson-2.2.4.jar
7fd315a8a000-7fd315a8f000 r--s 0002e000 08:07 1094990                    /home/chivu/.gradle/caches/jars-2/s427p2wh0tfza0xa8qijgx107eeevyl/repository-25.3.3.jar
7fd315a8f000-7fd315a91000 r--s 00006000 08:07 1094989                    /home/chivu/.gradle/caches/jars-2/e2s952s6co8tps89l80r4riixwqo2oe/dvlib-25.3.3.jar
7fd315a91000-7fd315a93000 r--s 00013000 08:07 1094883                    /home/chivu/.gradle/caches/jars-2/s02k517nvrh8cbp2c8dz4slqska6dj9/layoutlib-api-25.3.3.jar
7fd315a93000-7fd315a98000 r--s 00058000 08:07 932859                     /home/chivu/.gradle/caches/jars-2/st159835qgxm0l87oqrnhayxos4lc1n/asm-debug-all-5.0.1.jar
7fd315a98000-7fd315aa8000 r--s 000d5000 08:07 932857                     /home/chivu/.gradle/caches/jars-2/qzf32gp9kej4w4hlbabft6tplu74cj3/proguard-base-5.3.2.jar
7fd315aa8000-7fd315aab000 r--s 00033000 08:07 932855                     /home/chivu/.gradle/caches/jars-2/nz9sndmr8b4xbj4xulkaciy5kdbyfiz/juniversalchardet-1.0.3.jar
7fd315aab000-7fd315aaf000 r--s 0002a000 08:07 932853                     /home/chivu/.gradle/caches/jars-2/krbpn9xjn1qymukyx8cc5l799ty1v3h/commons-io-2.4.jar
7fd315aaf000-7fd315ac6000 r--s 00154000 08:07 932851                     /home/chivu/.gradle/caches/jars-2/sfeivjswzitn6n0fnjx3ueszz8gv8o1/antlr4-4.5.3.jar
7fd315ac6000-7fd315ac8000 r--s 00002000 08:07 1094881                    /home/chivu/.gradle/caches/jars-2/rh2ip1x2zziz26tr3qzudtz088pqsb2/baseLibrary-2.3.3.jar
7fd315ac8000-7fd315af3000 r--s 001fc000 08:07 932847                     /home/chivu/.gradle/caches/jars-2/nxjrjftly2xksl8o0wqgivu5netfu2x/guava-18.0.jar
7fd315af3000-7fd315b06000 r--s 00241000 08:07 932845                     /home/chivu/.gradle/caches/jars-2/9yuekvg4qerfitq3xec0iyckuw3hwaq/ecj-4.6.1.jar
7fd315b06000-7fd315b0d000 r--s 000d9000 08:07 1094862                    /home/chivu/.gradle/caches/jars-2/ak89aa8liqmr44u7r08njntn6oehe0z/lint-checks-25.3.3.jar
7fd315b0d000-7fd315b0f000 r--s 00006000 08:07 932841                     /home/chivu/.gradle/caches/jars-2/6phgj9ki3jl3p5epzkqoo8pr6kur40b/asm-tree-5.0.4.jar
7fd315b0f000-7fd315b42000 r--s 00203000 08:07 932839                     /home/chivu/.gradle/caches/jars-2/hj0bfvxu9cq7hkwmecvp0kg137or3hh/bcprov-jdk15on-1.48.jar
7fd315b42000-7fd315b50000 r--s 00081000 08:07 932837                     /home/chivu/.gradle/caches/jars-2/4r7xli0tz94y0wfjrdyjxlxar3g1pb9/bcpkix-jdk15on-1.48.jar
7fd315b50000-7fd315b52000 r--s 00002000 08:07 932835                     /home/chivu/.gradle/caches/jars-2/f32bh5uivuf69ecz2j8hl96ksnqdh7v/javawriter-2.5.0.jar
7fd315b52000-7fd315b54000 r--s 00004000 08:07 1094861                    /home/chivu/.gradle/caches/jars-2/j6s1upogkwo00sygdsekzj4fx0i75uy/tracker-25.3.3.jar
7fd315b54000-7fd315b55000 r--s 00005000 08:07 1094860                    /home/chivu/.gradle/caches/jars-2/4svya0t1s9wyo35ycd3atidsaoo6w7e/shared-25.3.3.jar
7fd315b55000-7fd315b63000 r--s 00147000 08:07 1094859                    /home/chivu/.gradle/caches/jars-2/qx6695c5ocd9swxv7wqtxor3plyb4b7/protos-25.3.3.jar
7fd315b63000-7fd315b64000 r--s 00001000 08:07 139356                     /home/chivu/.gradle/caches/jars-2/bqo69msswbvaagsh45hf1tq02v21sml/jill-api-0.10.0.jar
7fd315b64000-7fd315b66000 r--s 00003000 08:07 139354                     /home/chivu/.gradle/caches/jars-2/7pldadygbci34ql8thws797g29k1uhh/jack-api-0.13.0.jar
7fd315b66000-7fd315b6c000 r--s 0004a000 08:07 1094853                    /home/chivu/.gradle/caches/jars-2/euoqfzf5y1sibp9ul8mcz0wovj380eo/ddmlib-25.3.3.jar
7fd315b6c000-7fd315b6f000 r--s 00022000 08:07 1094848                    /home/chivu/.gradle/caches/jars-2/a81bg2yxzmumashablwecaj0ksz6tmj/manifest-merger-25.3.3.jar
7fd315b6f000-7fd315b72000 r--s 0001c000 08:07 1094847                    /home/chivu/.gradle/caches/jars-2/l6cnyee1vojrkkbpp6qwgpf30shmrja/common-25.3.3.jar
7fd315b72000-7fd315b7b000 r--s 00089000 08:07 1094417                    /home/chivu/.gradle/caches/jars-2/m0t6h8af70sdgxvkj522jy01i14mnb8/sdk-common-25.3.3.jar
7fd315b7b000-7fd315b85000 r--s 00098000 08:07 1094415                    /home/chivu/.gradle/caches/jars-2/28c9ykhc782k8jmlrnbnccai34hziki/sdklib-25.3.3.jar
7fd315b85000-7fd315b86000 r--s 00002000 08:07 1094389                    /home/chivu/.gradle/caches/jars-2/4dod7a1p5hoai4v37pxbcg65bbahvg2/builder-test-api-2.3.3.jar
7fd315b86000-7fd315b89000 r--s 00006000 08:07 1094385                    /home/chivu/.gradle/caches/jars-2/omk02asobup8sgd6qxom3ej5bg94z2r/builder-model-2.3.3.jar
7fd315b89000-7fd315b98000 r--s 00130000 08:07 932809                     /home/chivu/.gradle/caches/jars-2/cr6zkqpx14lor9zdtmo49qpc7y8r8p4/protobuf-java-3.0.0.jar
7fd315b98000-7fd315b9a000 r--s 0000f000 08:07 932807                     /home/chivu/.gradle/caches/jars-2/rvfyugrlu5tbpz51p98og0qsxamjq4k/jopt-simple-4.9.jar
7fd315b9a000-7fd315b9e000 r--s 0001f000 08:07 932805                     /home/chivu/.gradle/caches/jars-2/nq3fzqkrrm37ob61z4iu5qdbh368uat/org.jacoco.report-0.7.5.201505241946.jar
7fd315b9e000-7fd315ba2000 r--s 0001d000 08:07 932803                     /home/chivu/.gradle/caches/jars-2/3kxkmcckmk40ron92zhbm0qjo9l4bkl/org.jacoco.core-0.7.5.201505241946.jar
7fd315ba2000-7fd315ba4000 r--s 00002000 08:07 932801                     /home/chivu/.gradle/caches/jars-2/m4m0pzb4gmaeh0in5g2xc4bxeuwt828/proguard-gradle-5.3.2.jar
7fd315ba4000-7fd315ba6000 r--s 00009000 08:07 932799                     /home/chivu/.gradle/caches/jars-2/ajvcvdu66lc9e3tvvipxtuq48i9bbkc/asm-commons-5.0.4.jar
7fd315ba6000-7fd315ba8000 r--s 0000c000 08:07 932797                     /home/chivu/.gradle/caches/jars-2/1laz1ygmxoc408r7nwqs1q8uk8r236d/asm-5.0.4.jar
7fd315ba8000-7fd315bad000 r--s 0002c000 08:07 1094383                    /home/chivu/.gradle/caches/jars-2/3mlasgi8oo9o7oa12526198jui9zmp2/compilerCommon-2.3.3.jar
7fd315bad000-7fd315bae000 r--s 00002000 08:07 1094379                    /home/chivu/.gradle/caches/jars-2/73l309uzm0ila7rdaaxteq0ng4ayf2y/gradle-api-2.3.3.jar
7fd315bae000-7fd315baf000 r--s 00000000 08:07 139334                     /home/chivu/.gradle/caches/jars-2/tlyajppf8woug00g686fx5mchf8iv3o/transform-api-2.0.0-deprecated-use-gradle-api.jar
7fd315baf000-7fd315bb4000 r--s 0005e000 08:07 1094349                    /home/chivu/.gradle/caches/jars-2/k2xtosjt0in0zj7mpwvctw6iznt93uh/lint-25.3.3.jar
7fd315bb4000-7fd315bca000 r--s 00163000 08:07 1094347                    /home/chivu/.gradle/caches/jars-2/nyg71b5n2lzymmwh5vbtmvjiby07k4g/builder-2.3.3.jar
7fd315bca000-7fd315be9000 r--s 001ca000 08:07 1094310                    /home/chivu/.gradle/caches/jars-2/5fwyvjq1ai8mdh1mluqxidj1wo7rls8/gradle-core-2.3.3.jar
7fd315be9000-7fd315beb000 r--s 00007000 08:07 266240                     /home/chivu/.gradle/caches/modules-2/files-2.1/com.google.gms/google-services/3.1.0/166ae4e6acd03b7bbebe221ffa54bc039fece1b9/google-services-3.1.0.jar
7fd315beb000-7fd315bed000 r--s 0000d000 08:07 1094266                    /home/chivu/.gradle/caches/jars-2/mel54vauze7hczg2p6nebauqz8s53sj/gradle-2.3.3.jar
7fd315bed000-7fd315ded000 rw-p 00000000 00:00 0 
7fd315ded000-7fd315fed000 rw-p 00000000 00:00 0 
7fd315fed000-7fd315ff0000 ---p 00000000 00:00 0 
7fd315ff0000-7fd3160ee000 rw-p 00000000 00:00 0 
7fd3160ee000-7fd3160f1000 ---p 00000000 00:00 0 
7fd3160f1000-7fd316127000 rw-p 00000000 00:00 0 
7fd316127000-7fd316128000 r--p 00000000 00:00 0 
7fd316128000-7fd316328000 rw-p 00000000 00:00 0 
7fd316328000-7fd316528000 rw-p 00000000 00:00 0 
7fd316528000-7fd316728000 rw-p 00000000 00:00 0 
7fd316728000-7fd316928000 rw-p 00000000 00:00 0 
7fd316928000-7fd3169a1000 r--s 010ed000 08:07 1201473                    /home/chivu/Downloads/android-studio-p/jre/lib/tools.jar
7fd3169a1000-7fd316ba1000 rw-p 00000000 00:00 0 
7fd316ba1000-7fd316ba4000 ---p 00000000 00:00 0 
7fd316ba4000-7fd316ca2000 rw-p 00000000 00:00 0 
7fd316ca2000-7fd316ca5000 ---p 00000000 00:00 0 
7fd316ca5000-7fd316da3000 rw-p 00000000 00:00 0 
7fd316da3000-7fd316da6000 ---p 00000000 00:00 0 
7fd316da6000-7fd316ea4000 rw-p 00000000 00:00 0 
7fd316ea4000-7fd316ea7000 ---p 00000000 00:00 0 
7fd316ea7000-7fd316fa5000 rw-p 00000000 00:00 0 
7fd316fa5000-7fd316fa8000 ---p 00000000 00:00 0 
7fd316fa8000-7fd3172a6000 rw-p 00000000 00:00 0 
7fd3172a6000-7fd3172a9000 ---p 00000000 00:00 0 
7fd3172a9000-7fd3173a7000 rw-p 00000000 00:00 0 
7fd3173a7000-7fd3173aa000 ---p 00000000 00:00 0 
7fd3173aa000-7fd3174a8000 rw-p 00000000 00:00 0 
7fd3174a8000-7fd3174af000 r--s 00000000 08:07 1590595                    /usr/lib/x86_64-linux-gnu/gconv/gconv-modules.cache
7fd3174af000-7fd3176af000 rw-p 00000000 00:00 0 
7fd3176af000-7fd3176b2000 ---p 00000000 00:00 0 
7fd3176b2000-7fd3177b0000 rw-p 00000000 00:00 0 
7fd3177b0000-7fd3177b9000 r-xp 00000000 08:07 1201548                    /home/chivu/Downloads/android-studio-p/jre/jre/lib/amd64/libmanagement.so
7fd3177b9000-7fd3179b8000 ---p 00009000 08:07 1201548                    /home/chivu/Downloads/android-studio-p/jre/jre/lib/amd64/libmanagement.so
7fd3179b8000-7fd3179b9000 r--p 00008000 08:07 1201548                    /home/chivu/Downloads/android-studio-p/jre/jre/lib/amd64/libmanagement.so
7fd3179b9000-7fd3179ba000 rw-p 00009000 08:07 1201548                    /home/chivu/Downloads/android-studio-p/jre/jre/lib/amd64/libmanagement.so
7fd3179ba000-7fd3179bf000 r--s 00098000 08:07 1201512                    /home/chivu/Downloads/android-studio-p/jre/jre/lib/jsse.jar
7fd3179bf000-7fd3179c1000 r--s 00007000 08:07 1189108                    /home/chivu/.gradle/wrapper/dists/gradle-3.3-all/55gk2rcmfc6p2dg9u9ohc3hw9/gradle-3.3/lib/plugins/gradle-tooling-api-builders-3.3.jar
7fd3179c1000-7fd3179c4000 r--s 00009000 08:07 1189101                    /home/chivu/.gradle/wrapper/dists/gradle-3.3-all/55gk2rcmfc6p2dg9u9ohc3hw9/gradle-3.3/lib/plugins/gradle-testing-native-3.3.jar
7fd3179c4000-7fd3179ca000 r--s 00033000 08:07 1189176                    /home/chivu/.gradle/wrapper/dists/gradle-3.3-all/55gk2rcmfc6p2dg9u9ohc3hw9/gradle-3.3/lib/plugins/snakeyaml-1.6.jar
7fd3179ca000-7fd3179cc000 r--s 00006000 08:07 1189175                    /home/chivu/.gradle/wrapper/dists/gradle-3.3-all/55gk2rcmfc6p2dg9u9ohc3hw9/gradle-3.3/lib/plugins/jcommander-1.12.jar
7fd3179cc000-7fd3179d1000 r--s 00040000 08:07 1189174                    /home/chivu/.gradle/wrapper/dists/gradle-3.3-all/55gk2rcmfc6p2dg9u9ohc3hw9/gradle-3.3/lib/plugins/bsh-2.0b4.jar
7fd3179d1000-7fd3179d3000 r--s 00009000 08:07 1189182                    /home/chivu/.gradle/wrapper/dists/gradle-3.3-all/55gk2rcmfc6p2dg9u9ohc3hw9/gradle-3.3/lib/plugins/hamcrest-core-1.3.jar
7fd3179d3000-7fd3179dc000 r--s 00089000 08:07 1189133                    /home/chivu/.gradle/wrapper/dists/gradle-3.3-all/55gk2rcmfc6p2dg9u9ohc3hw9/gradle-3.3/lib/plugins/testng-6.3.1.jar
7fd3179dc000-7fd3179e4000 r--s 00045000 08:07 1189132                    /home/chivu/.gradle/wrapper/dists/gradle-3.3-all/55gk2rcmfc6p2dg9u9ohc3hw9/gradle-3.3/lib/plugins/junit-4.12.jar
7fd3179e4000-7fd3179ea000 r--s 0002e000 08:07 1189102                    /home/chivu/.gradle/wrapper/dists/gradle-3.3-all/55gk2rcmfc6p2dg9u9ohc3hw9/gradle-3.3/lib/plugins/gradle-testing-jvm-3.3.jar
7fd3179ea000-7fd3179ee000 r--s 00016000 08:07 1189100                    /home/chivu/.gradle/wrapper/dists/gradle-3.3-all/55gk2rcmfc6p2dg9u9ohc3hw9/gradle-3.3/lib/plugins/gradle-testing-base-3.3.jar
7fd3179ee000-7fd3179f5000 r--s 00038000 08:07 1189127                    /home/chivu/.gradle/wrapper/dists/gradle-3.3-all/55gk2rcmfc6p2dg9u9ohc3hw9/gradle-3.3/lib/plugins/bcpg-jdk15on-1.51.jar
7fd3179f5000-7fd3179f7000 r--s 0000c000 08:07 1189079                    /home/chivu/.gradle/wrapper/dists/gradle-3.3-all/55gk2rcmfc6p2dg9u9ohc3hw9/gradle-3.3/lib/plugins/gradle-signing-3.3.jar
7fd3179f7000-7fd3179f9000 r--s 00007000 08:07 1189078                    /home/chivu/.gradle/wrapper/dists/gradle-3.3-all/55gk2rcmfc6p2dg9u9ohc3hw9/gradle-3.3/lib/plugins/gradle-scala-3.3.jar
7fd3179f9000-7fd3179fa000 r--s 00004000 08:07 1189106                    /home/chivu/.gradle/wrapper/dists/gradle-3.3-all/55gk2rcmfc6p2dg9u9ohc3hw9/gradle-3.3/lib/plugins/gradle-resources-sftp-3.3.jar
7fd3179fa000-7fd317a0a000 r--s 00088000 08:07 1189143                    /home/chivu/.gradle/wrapper/dists/gradle-3.3-all/55gk2rcmfc6p2dg9u9ohc3hw9/gradle-3.3/lib/plugins/joda-time-2.8.2.jar
7fd317a0a000-7fd317a1b000 r--s 0010d000 08:07 1189142                    /home/chivu/.gradle/wrapper/dists/gradle-3.3-all/55gk2rcmfc6p2dg9u9ohc3hw9/gradle-3.3/lib/plugins/jackson-databind-2.6.6.jar
7fd317a1b000-7fd317a1e000 r--s 00009000 08:07 1189141                    /home/chivu/.gradle/wrapper/dists/gradle-3.3-all/55gk2rcmfc6p2dg9u9ohc3hw9/gradle-3.3/lib/plugins/jackson-annotations-2.6.6.jar
7fd317a1e000-7fd317a22000 r--s 0003c000 08:07 1189140                    /home/chivu/.gradle/wrapper/dists/gradle-3.3-all/55gk2rcmfc6p2dg9u9ohc3hw9/gradle-3.3/lib/plugins/jackson-core-2.6.6.jar
7fd317a22000-7fd317a30000 r--s 00087000 08:07 1189139                    /home/chivu/.gradle/wrapper/dists/gradle-3.3-all/55gk2rcmfc6p2dg9u9ohc3hw9/gradle-3.3/lib/plugins/aws-java-sdk-core-1.11.6.jar
7fd317a30000-7fd317a37000 r--s 00057000 08:07 1189138                    /home/chivu/.gradle/wrapper/dists/gradle-3.3-all/55gk2rcmfc6p2dg9u9ohc3hw9/gradle-3.3/lib/plugins/aws-java-sdk-kms-1.11.6.jar
7fd317a37000-7fd317a44000 r--s 0008e000 08:07 1189137                    /home/chivu/.gradle/wrapper/dists/gradle-3.3-all/55gk2rcmfc6p2dg9u9ohc3hw9/gradle-3.3/lib/plugins/aws-java-sdk-s3-1.11.6.jar
7fd317a44000-7fd317a46000 r--s 00004000 08:07 1189107                    /home/chivu/.gradle/wrapper/dists/gradle-3.3-all/55gk2rcmfc6p2dg9u9ohc3hw9/gradle-3.3/lib/plugins/gradle-resources-s3-3.3.jar
7fd317a46000-7fd317a48000 r--s 00005000 08:07 1189131                    /home/chivu/.gradle/wrapper/dists/gradle-3.3-all/55gk2rcmfc6p2dg9u9ohc3hw9/gradle-3.3/lib/plugins/jatl-0.2.2.jar
7fd317a48000-7fd317a4a000 r--s 0000f000 08:07 1189084                    /home/chivu/.gradle/wrapper/dists/gradle-3.3-all/55gk2rcmfc6p2dg9u9ohc3hw9/gradle-3.3/lib/plugins/gradle-reporting-3.3.jar
7fd317a4a000-7fd317a4c000 r--s 00002000 08:07 1189085                    /home/chivu/.gradle/wrapper/dists/gradle-3.3-all/55gk2rcmfc6p2dg9u9ohc3hw9/gradle-3.3/lib/plugins/gradle-publish-3.3.jar
7fd317a4c000-7fd317a4e000 r--s 00009000 08:07 1189114                    /home/chivu/.gradle/wrapper/dists/gradle-3.3-all/55gk2rcmfc6p2dg9u9ohc3hw9/gradle-3.3/lib/plugins/commons-cli-1.2.jar
7fd317a4e000-7fd317a54000 r--s 00031000 08:07 1189070                    /home/chivu/.gradle/wrapper/dists/gradle-3.3-all/55gk2rcmfc6p2dg9u9ohc3hw9/gradle-3.3/lib/plugins/gradle-plugins-3.3.jar
7fd317a54000-7fd317a5a000 r--s 0002b000 08:07 1189096                    /home/chivu/.gradle/wrapper/dists/gradle-3.3-all/55gk2rcmfc6p2dg9u9ohc3hw9/gradle-3.3/lib/plugins/gradle-platform-play-3.3.jar
7fd317a5a000-7fd317a68000 r--s 00055000 08:07 1189095                    /home/chivu/.gradle/wrapper/dists/gradle-3.3-all/55gk2rcmfc6p2dg9u9ohc3hw9/gradle-3.3/lib/plugins/gradle-platform-native-3.3.jar
7fd317a68000-7fd317a7e000 r-xp 00000000 08:07 529479                     /lib/x86_64-linux-gnu/libgcc_s.so.1
7fd317a7e000-7fd317c7d000 ---p 00016000 08:07 529479                     /lib/x86_64-linux-gnu/libgcc_s.so.1
7fd317c7d000-7fd317c7e000 rw-p 00015000 08:07 529479                     /lib/x86_64-linux-gnu/libgcc_s.so.1
7fd317c7e000-7fd317df0000 r-xp 00000000 08:07 1312856                    /usr/lib/x86_64-linux-gnu/libstdc++.so.6.0.21
7fd317df0000-7fd317ff0000 ---p 00172000 08:07 1312856                    /usr/lib/x86_64-linux-gnu/libstdc++.so.6.0.21
7fd317ff0000-7fd317ffa000 r--p 00172000 08:07 1312856                    /usr/lib/x86_64-linux-gnu/libstdc++.so.6.0.21
7fd317ffa000-7fd317ffc000 rw-p 0017c000 08:07 1312856                    /usr/lib/x86_64-linux-gnu/libstdc++.so.6.0.21
7fd317ffc000-7fd318000000 rw-p 00000000 00:00 0 
7fd318000000-7fd318021000 rw-p 00000000 00:00 0 
7fd318021000-7fd31c000000 ---p 00000000 00:00 0 
7fd31c000000-7fd31c021000 rw-p 00000000 00:00 0 
7fd31c021000-7fd320000000 ---p 00000000 00:00 0 
7fd320000000-7fd32269e000 rw-p 00000000 00:00 0 
7fd32269e000-7fd324000000 ---p 00000000 00:00 0 
7fd324000000-7fd324ec6000 rw-p 00000000 00:00 0 
7fd324ec6000-7fd328000000 ---p 00000000 00:00 0 
7fd328000000-7fd328021000 rw-p 00000000 00:00 0 
7fd328021000-7fd32c000000 ---p 00000000 00:00 0 
7fd32c000000-7fd32e03f000 rw-p 00000000 00:00 0 
7fd32e03f000-7fd330000000 ---p 00000000 00:00 0 
7fd330000000-7fd330021000 rw-p 00000000 00:00 0 
7fd330021000-7fd334000000 ---p 00000000 00:00 0 
7fd334000000-7fd334021000 rw-p 00000000 00:00 0 
7fd334021000-7fd338000000 ---p 00000000 00:00 0 
7fd338000000-7fd338378000 rw-p 00000000 00:00 0 
7fd338378000-7fd33c000000 ---p 00000000 00:00 0 
7fd33c000000-7fd33c021000 rw-p 00000000 00:00 0 
7fd33c021000-7fd340000000 ---p 00000000 00:00 0 
7fd340000000-7fd340002000 r--s 00009000 08:07 1189103                    /home/chivu/.gradle/wrapper/dists/gradle-3.3-all/55gk2rcmfc6p2dg9u9ohc3hw9/gradle-3.3/lib/plugins/gradle-plugin-development-3.3.jar
7fd340002000-7fd340007000 r--s 0001f000 08:07 1189090                    /home/chivu/.gradle/wrapper/dists/gradle-3.3-all/55gk2rcmfc6p2dg9u9ohc3hw9/gradle-3.3/lib/plugins/gradle-platform-jvm-3.3.jar
7fd340007000-7fd34000f000 r--s 00027000 08:07 1189089                    /home/chivu/.gradle/wrapper/dists/gradle-3.3-all/55gk2rcmfc6p2dg9u9ohc3hw9/gradle-3.3/lib/plugins/gradle-platform-base-3.3.jar
7fd34000f000-7fd340037000 r--s 0021c000 08:07 1189122                    /home/chivu/.gradle/wrapper/dists/gradle-3.3-all/55gk2rcmfc6p2dg9u9ohc3hw9/gradle-3.3/lib/plugins/biz.aQute.bndlib-3.2.0.jar
7fd340037000-7fd340039000 r--s 00003000 08:07 1189074                    /home/chivu/.gradle/wrapper/dists/gradle-3.3-all/55gk2rcmfc6p2dg9u9ohc3hw9/gradle-3.3/lib/plugins/gradle-osgi-3.3.jar
7fd340039000-7fd34003c000 r--s 0000c000 08:07 1189125                    /home/chivu/.gradle/wrapper/dists/gradle-3.3-all/55gk2rcmfc6p2dg9u9ohc3hw9/gradle-3.3/lib/plugins/pmaven-groovy-0.8-20100325.jar
7fd34003c000-7fd34003d000 r--s 00004000 08:07 1189124                    /home/chivu/.gradle/wrapper/dists/gradle-3.3-all/55gk2rcmfc6p2dg9u9ohc3hw9/gradle-3.3/lib/plugins/pmaven-common-0.8-20100325.jar
7fd34003d000-7fd340043000 r--s 00023000 08:07 1189075                    /home/chivu/.gradle/wrapper/dists/gradle-3.3-all/55gk2rcmfc6p2dg9u9ohc3hw9/gradle-3.3/lib/plugins/gradle-maven-3.3.jar
7fd340043000-7fd340046000 r--s 0000b000 08:07 1189094                    /home/chivu/.gradle/wrapper/dists/gradle-3.3-all/55gk2rcmfc6p2dg9u9ohc3hw9/gradle-3.3/lib/plugins/gradle-language-scala-3.3.jar
7fd340046000-7fd34004c000 r--s 0001a000 08:07 1189098                    /home/chivu/.gradle/wrapper/dists/gradle-3.3-all/55gk2rcmfc6p2dg9u9ohc3hw9/gradle-3.3/lib/plugins/gradle-language-native-3.3.jar
7fd34004c000-7fd34004f000 r--s 00005000 08:07 1189091                    /home/chivu/.gradle/wrapper/dists/gradle-3.3-all/55gk2rcmfc6p2dg9u9ohc3hw9/gradle-3.3/lib/plugins/gradle-language-jvm-3.3.jar
7fd34004f000-7fd340055000 r--s 00027000 08:07 1189092                    /home/chivu/.gradle/wrapper/dists/gradle-3.3-all/55gk2rcmfc6p2dg9u9ohc3hw9/gradle-3.3/lib/plugins/gradle-language-java-3.3.jar
7fd340055000-7fd340057000 r--s 0000a000 08:07 1189093                    /home/chivu/.gradle/wrapper/dists/gradle-3.3-all/55gk2rcmfc6p2dg9u9ohc3hw9/gradle-3.3/lib/plugins/gradle-language-groovy-3.3.jar
7fd340057000-7fd34005a000 r--s 0001e000 08:07 1189149                    /home/chivu/.gradle/wrapper/dists/gradle-3.3-all/55gk2rcmfc6p2dg9u9ohc3hw9/gradle-3.3/lib/plugins/jsp-api-2.1-6.1.14.jar
7fd34005a000-7fd34007d000 r--s 00344000 08:07 1189148                    /home/chivu/.gradle/wrapper/dists/gradle-3.3-all/55gk2rcmfc6p2dg9u9ohc3hw9/gradle-3.3/lib/plugins/core-3.1.1.jar
7fd34007d000-7fd34007e000 r--s 00006000 08:07 1189147                    /home/chivu/.gradle/wrapper/dists/gradle-3.3-all/55gk2rcmfc6p2dg9u9ohc3hw9/gradle-3.3/lib/plugins/jetty-naming-6.1.26.jar
7fd34007e000-7fd34007f000 r--s 00002000 08:07 1189121                    /home/chivu/.gradle/wrapper/dists/gradle-3.3-all/55gk2rcmfc6p2dg9u9ohc3hw9/gradle-3.3/lib/plugins/geronimo-annotation_1.0_spec-1.0.jar
7fd34007f000-7fd340081000 r--s 00002000 08:07 1189120                    /home/chivu/.gradle/wrapper/dists/gradle-3.3-all/55gk2rcmfc6p2dg9u9ohc3hw9/gradle-3.3/lib/plugins/jetty-annotations-6.1.26.jar
7fd340081000-7fd340092000 r--s 000ea000 08:07 1189119                    /home/chivu/.gradle/wrapper/dists/gradle-3.3-all/55gk2rcmfc6p2dg9u9ohc3hw9/gradle-3.3/lib/plugins/jsp-2.1-6.1.14.jar
7fd340092000-7fd340094000 r--s 0000d000 08:07 1189118                    /home/chivu/.gradle/wrapper/dists/gradle-3.3-all/55gk2rcmfc6p2dg9u9ohc3hw9/gradle-3.3/lib/plugins/jetty-plus-6.1.26.jar
7fd340094000-7fd340096000 r--s 0001f000 08:07 1189117                    /home/chivu/.gradle/wrapper/dists/gradle-3.3-all/55gk2rcmfc6p2dg9u9ohc3hw9/gradle-3.3/lib/plugins/servlet-api-2.5-20081211.jar
7fd340096000-7fd34009a000 r--s 00028000 08:07 1189116                    /home/chivu/.gradle/wrapper/dists/gradle-3.3-all/55gk2rcmfc6p2dg9u9ohc3hw9/gradle-3.3/lib/plugins/jetty-util-6.1.26.jar
7fd34009a000-7fd3400a1000 r--s 0007d000 08:07 1189115                    /home/chivu/.gradle/wrapper/dists/gradle-3.3-all/55gk2rcmfc6p2dg9u9ohc3hw9/gradle-3.3/lib/plugins/jetty-6.1.26.jar
7fd3400a1000-7fd3400a3000 r--s 0000a000 08:07 1189072                    /home/chivu/.gradle/wrapper/dists/gradle-3.3-all/55gk2rcmfc6p2dg9u9ohc3hw9/gradle-3.3/lib/plugins/gradle-jetty-3.3.jar
7fd3400a3000-7fd3400aa000 r--s 00035000 08:07 1189130                    /home/chivu/.gradle/wrapper/dists/gradle-3.3-all/55gk2rcmfc6p2dg9u9ohc3hw9/gradle-3.3/lib/plugins/simple-4.1.21.jar
7fd3400aa000-7fd3400b6000 r--s 00100000 08:07 1189128                    /home/chivu/.gradle/wrapper/dists/gradle-3.3-all/55gk2rcmfc6p2dg9u9ohc3hw9/gradle-3.3/lib/plugins/rhino-1.7R3.jar
7fd3400b6000-7fd3400ba000 r--s 00012000 08:07 1189081                    /home/chivu/.gradle/wrapper/dists/gradle-3.3-all/55gk2rcmfc6p2dg9u9ohc3hw9/gradle-3.3/lib/plugins/gradle-javascript-3.3.jar
7fd3400ba000-7fd3400bc000 r--s 0000d000 08:07 1189087                    /home/chivu/.gradle/wrapper/dists/gradle-3.3-all/55gk2rcmfc6p2dg9u9ohc3hw9/gradle-3.3/lib/plugins/gradle-jacoco-3.3.jar
7fd3400bc000-7fd3400bf000 r--s 0000e000 08:07 1189086                    /home/chivu/.gradle/wrapper/dists/gradle-3.3-all/55gk2rcmfc6p2dg9u9ohc3hw9/gradle-3.3/lib/plugins/gradle-ivy-3.3.jar
7fd3400bf000-7fd3400c0000 r--s 00002000 08:07 1189097                    /home/chivu/.gradle/wrapper/dists/gradle-3.3-all/55gk2rcmfc6p2dg9u9ohc3hw9/gradle-3.3/lib/plugins/gradle-ide-play-3.3.jar
7fd3400c0000-7fd3400c3000 r--s 00013000 08:07 1189099                    /home/chivu/.gradle/wrapper/dists/gradle-3.3-all/55gk2rcmfc6p2dg9u9ohc3hw9/gradle-3.3/lib/plugins/gradle-ide-native-3.3.jar
7fd3400c3000-7fd3400cc000 r--s 00055000 08:07 1189076                    /home/chivu/.gradle/wrapper/dists/gradle-3.3-all/55gk2rcmfc6p2dg9u9ohc3hw9/gradle-3.3/lib/plugins/gradle-ide-3.3.jar
7fd3400cc000-7fd3400ce000 r--s 00007000 08:07 1189080                    /home/chivu/.gradle/wrapper/dists/gradle-3.3-all/55gk2rcmfc6p2dg9u9ohc3hw9/gradle-3.3/lib/plugins/gradle-ear-3.3.jar
7fd3400ce000-7fd3400d4000 r--s 00039000 08:07 1189083                    /home/chivu/.gradle/wrapper/dists/gradle-3.3-all/55gk2rcmfc6p2dg9u9ohc3hw9/gradle-3.3/lib/plugins/gradle-diagnostics-3.3.jar
7fd3400d4000-7fd3400d5000 r--s 00009000 08:07 1189109                    /home/chivu/.gradle/wrapper/dists/gradle-3.3-all/55gk2rcmfc6p2dg9u9ohc3hw9/gradle-3.3/lib/plugins/gradle-composite-builds-3.3.jar
7fd3400d5000-7fd3400d9000 r--s 00023000 08:07 1189071                    /home/chivu/.gradle/wrapper/dists/gradle-3.3-all/55gk2rcmfc6p2dg9u9ohc3hw9/gradle-3.3/lib/plugins/gradle-code-quality-3.3.jar
7fd3400d9000-7fd3400dd000 r--s 00022000 08:07 1189088                    /home/chivu/.gradle/wrapper/dists/gradle-3.3-all/55gk2rcmfc6p2dg9u9ohc3hw9/gradle-3.3/lib/plugins/gradle-build-init-3.3.jar
7fd3400dd000-7fd3400e3000 r--s 0008e000 08:07 1189082                    /home/chivu/.gradle/wrapper/dists/gradle-3.3-all/55gk2rcmfc6p2dg9u9ohc3hw9/gradle-3.3/lib/plugins/gradle-build-comparison-3.3.jar
7fd3400e3000-7fd3400e4000 r--s 00001000 08:07 1189110                    /home/chivu/.gradle/wrapper/dists/gradle-3.3-all/55gk2rcmfc6p2dg9u9ohc3hw9/gradle-3.3/lib/plugins/gradle-build-cache-http-3.3.jar
7fd3400e4000-7fd3400e6000 r--s 00008000 08:07 1189073                    /home/chivu/.gradle/wrapper/dists/gradle-3.3-all/55gk2rcmfc6p2dg9u9ohc3hw9/gradle-3.3/lib/plugins/gradle-antlr-3.3.jar
7fd3400e6000-7fd3400e8000 r--s 00004000 08:07 1189077                    /home/chivu/.gradle/wrapper/dists/gradle-3.3-all/55gk2rcmfc6p2dg9u9ohc3hw9/gradle-3.3/lib/plugins/gradle-announce-3.3.jar
7fd3400e8000-7fd340100000 r--s 00115000 08:07 1189179                    /home/chivu/.gradle/wrapper/dists/gradle-3.3-all/55gk2rcmfc6p2dg9u9ohc3hw9/gradle-3.3/lib/plugins/xercesImpl-2.9.1.jar
7fd340100000-7fd340108000 r--s 00028000 08:07 1189180                    /home/chivu/.gradle/wrapper/dists/gradle-3.3-all/55gk2rcmfc6p2dg9u9ohc3hw9/gradle-3.3/lib/plugins/xml-apis-1.3.04.jar
7fd340108000-7fd34010e000 r--s 0005b000 08:07 1189178                    /home/chivu/.gradle/wrapper/dists/gradle-3.3-all/55gk2rcmfc6p2dg9u9ohc3hw9/gradle-3.3/lib/plugins/jcifs-1.3.17.jar
7fd34010e000-7fd340114000 r--s 00033000 08:07 1189126                    /home/chivu/.gradle/wrapper/dists/gradle-3.3-all/55gk2rcmfc6p2dg9u9ohc3hw9/gradle-3.3/lib/plugins/commons-codec-1.6.jar
7fd340114000-7fd34011b000 r--s 00049000 08:07 1189177                    /home/chivu/.gradle/wrapper/dists/gradle-3.3-all/55gk2rcmfc6p2dg9u9ohc3hw9/gradle-3.3/lib/plugins/httpcore-4.4.4.jar
7fd34011b000-7fd34011e000 r--s 0001c000 08:07 1189135                    /home/chivu/.gradle/wrapper/dists/gradle-3.3-all/55gk2rcmfc6p2dg9u9ohc3hw9/gradle-3.3/lib/plugins/nekohtml-1.9.14.jar
7fd34011e000-7fd34012b000 r--s 000a4000 08:07 1189134                    /home/chivu/.gradle/wrapper/dists/gradle-3.3-all/55gk2rcmfc6p2dg9u9ohc3hw9/gradle-3.3/lib/plugins/httpclient-4.4.1.jar
7fd34012b000-7fd34012e000 r--s 0000a000 08:07 1189105                    /home/chivu/.gradle/wrapper/dists/gradle-3.3-all/55gk2rcmfc6p2dg9u9ohc3hw9/gradle-3.3/lib/plugins/gradle-resources-http-3.3.jar
7fd34012e000-7fd340132000 r--s 00015000 08:07 1189104                    /home/chivu/.gradle/wrapper/dists/gradle-3.3-all/55gk2rcmfc6p2dg9u9ohc3hw9/gradle-3.3/lib/plugins/gradle-plugin-use-3.3.jar
7fd340132000-7fd340133000 r--s 00000000 08:07 1189016                    /home/chivu/.gradle/wrapper/dists/gradle-3.3-all/55gk2rcmfc6p2dg9u9ohc3hw9/gradle-3.3/lib/gradle-installation-beacon-3.3.jar
7fd340133000-7fd340135000 r--s 00006000 08:07 1189173                    /home/chivu/.gradle/wrapper/dists/gradle-3.3-all/55gk2rcmfc6p2dg9u9ohc3hw9/gradle-3.3/lib/plugins/aether-connector-wagon-1.13.1.jar
7fd340135000-7fd340139000 r--s 0001c000 08:07 1189172                    /home/chivu/.gradle/wrapper/dists/gradle-3.3-all/55gk2rcmfc6p2dg9u9ohc3hw9/gradle-3.3/lib/plugins/aether-util-1.13.1.jar
7fd340139000-7fd34013a000 r--s 00003000 08:07 1189171                    /home/chivu/.gradle/wrapper/dists/gradle-3.3-all/55gk2rcmfc6p2dg9u9ohc3hw9/gradle-3.3/lib/plugins/aether-spi-1.13.1.jar
7fd34013a000-7fd34013d000 r--s 0001d000 08:07 1189170                    /home/chivu/.gradle/wrapper/dists/gradle-3.3-all/55gk2rcmfc6p2dg9u9ohc3hw9/gradle-3.3/lib/plugins/aether-impl-1.13.1.jar
7fd34013d000-7fd340140000 r--s 00013000 08:07 1189169                    /home/chivu/.gradle/wrapper/dists/gradle-3.3-all/55gk2rcmfc6p2dg9u9ohc3hw9/gradle-3.3/lib/plugins/aether-api-1.13.1.jar
7fd340140000-7fd340141000 r--s 00007000 08:07 1189168                    /home/chivu/.gradle/wrapper/dists/gradle-3.3-all/55gk2rcmfc6p2dg9u9ohc3hw9/gradle-3.3/lib/plugins/wagon-http-shared4-2.4.jar
7fd340141000-7fd340143000 r--s 0000b000 08:07 1189167                    /home/chivu/.gradle/wrapper/dists/gradle-3.3-all/55gk2rcmfc6p2dg9u9ohc3hw9/gradle-3.3/lib/plugins/wagon-provider-api-2.4.jar
7fd340143000-7fd340144000 r--s 00002000 08:07 1189166                    /home/chivu/.gradle/wrapper/dists/gradle-3.3-all/55gk2rcmfc6p2dg9u9ohc3hw9/gradle-3.3/lib/plugins/wagon-http-2.4.jar
7fd340144000-7fd340145000 r--s 00002000 08:07 1189165                    /home/chivu/.gradle/wrapper/dists/gradle-3.3-all/55gk2rcmfc6p2dg9u9ohc3hw9/gradle-3.3/lib/plugins/wagon-file-2.4.jar
7fd340145000-7fd340147000 r--s 0000c000 08:07 1189164                    /home/chivu/.gradle/wrapper/dists/gradle-3.3-all/55gk2rcmfc6p2dg9u9ohc3hw9/gradle-3.3/lib/plugins/maven-aether-provider-3.0.4.jar
7fd340147000-7fd340149000 r--s 0000b000 08:07 1189163                    /home/chivu/.gradle/wrapper/dists/gradle-3.3-all/55gk2rcmfc6p2dg9u9ohc3hw9/gradle-3.3/lib/plugins/maven-plugin-api-3.0.4.jar
7fd340149000-7fd34014b000 r--s 00006000 08:07 1189162                    /home/chivu/.gradle/wrapper/dists/gradle-3.3-all/55gk2rcmfc6p2dg9u9ohc3hw9/gradle-3.3/lib/plugins/maven-repository-metadata-3.0.4.jar
7fd34014b000-7fd34014d000 r--s 0000b000 08:07 1189161                    /home/chivu/.gradle/wrapper/dists/gradle-3.3-all/55gk2rcmfc6p2dg9u9ohc3hw9/gradle-3.3/lib/plugins/maven-artifact-3.0.4.jar
7fd34014d000-7fd34014f000 r--s 00026000 08:07 1189160                    /home/chivu/.gradle/wrapper/dists/gradle-3.3-all/55gk2rcmfc6p2dg9u9ohc3hw9/gradle-3.3/lib/plugins/maven-model-3.0.4.jar
7fd34014f000-7fd340153000 r--s 00021000 08:07 1189159                    /home/chivu/.gradle/wrapper/dists/gradle-3.3-all/55gk2rcmfc6p2dg9u9ohc3hw9/gradle-3.3/lib/plugins/maven-model-builder-3.0.4.jar
7fd340153000-7fd340159000 r--s 0003f000 08:07 1189158                    /home/chivu/.gradle/wrapper/dists/gradle-3.3-all/55gk2rcmfc6p2dg9u9ohc3hw9/gradle-3.3/lib/plugins/maven-compat-3.0.4.jar
7fd340159000-7fd34015a000 r--s 00006000 08:07 1189157                    /home/chivu/.gradle/wrapper/dists/gradle-3.3-all/55gk2rcmfc6p2dg9u9ohc3hw9/gradle-3.3/lib/plugins/plexus-sec-dispatcher-1.3.jar
7fd34015a000-7fd34015c000 r--s 00002000 08:07 1189156                    /home/chivu/.gradle/wrapper/dists/gradle-3.3-all/55gk2rcmfc6p2dg9u9ohc3hw9/gradle-3.3/lib/plugins/plexus-cipher-1.7.jar
7fd34015c000-7fd34015e000 r--s 0000a000 08:07 1189155                    /home/chivu/.gradle/wrapper/dists/gradle-3.3-all/55gk2rcmfc6p2dg9u9ohc3hw9/gradle-3.3/lib/plugins/plexus-classworlds-2.4.jar
7fd34015e000-7fd340165000 r--s 0002e000 08:07 1189154                    /home/chivu/.gradle/wrapper/dists/gradle-3.3-all/55gk2rcmfc6p2dg9u9ohc3hw9/gradle-3.3/lib/plugins/plexus-container-default-1.5.5.jar
7fd340165000-7fd340167000 r--s 00000000 08:07 1189181                    /home/chivu/.gradle/wrapper/dists/gradle-3.3-all/55gk2rcmfc6p2dg9u9ohc3hw9/gradle-3.3/lib/plugins/plexus-component-annotations-1.5.5.jar
7fd340167000-7fd340169000 r--s 0000d000 08:07 1189153                    /home/chivu/.gradle/wrapper/dists/gradle-3.3-all/55gk2rcmfc6p2dg9u9ohc3hw9/gradle-3.3/lib/plugins/plexus-interpolation-1.14.jar
7fd340169000-7fd34016d000 r--s 00033000 08:07 1189152                    /home/chivu/.gradle/wrapper/dists/gradle-3.3-all/55gk2rcmfc6p2dg9u9ohc3hw9/gradle-3.3/lib/plugins/plexus-utils-2.0.6.jar
7fd34016d000-7fd340170000 r--s 00008000 08:07 1189151                    /home/chivu/.gradle/wrapper/dists/gradle-3.3-all/55gk2rcmfc6p2dg9u9ohc3hw9/gradle-3.3/lib/plugins/maven-settings-builder-3.0.4.jar
7fd340170000-7fd340172000 r--s 0000a000 08:07 1189150                    /home/chivu/.gradle/wrapper/dists/gradle-3.3-all/55gk2rcmfc6p2dg9u9ohc3hw9/gradle-3.3/lib/plugins/maven-settings-3.0.4.jar
7fd340172000-7fd340177000 r--s 00040000 08:07 1189136                    /home/chivu/.gradle/wrapper/dists/gradle-3.3-all/55gk2rcmfc6p2dg9u9ohc3hw9/gradle-3.3/lib/plugins/jsch-0.1.53.jar
7fd340177000-7fd3401b7000 r--s 00277000 08:07 1189146                    /home/chivu/.gradle/wrapper/dists/gradle-3.3-all/55gk2rcmfc6p2dg9u9ohc3hw9/gradle-3.3/lib/plugins/bcprov-jdk15on-1.51.jar
7fd3401b7000-7fd3401bb000 r--s 0001d000 08:07 1189145                    /home/chivu/.gradle/wrapper/dists/gradle-3.3-all/55gk2rcmfc6p2dg9u9ohc3hw9/gradle-3.3/lib/plugins/xbean-reflect-3.4.jar
7fd3401bb000-7fd3401c7000 r--s 0007d000 08:07 1189123                    /home/chivu/.gradle/wrapper/dists/gradle-3.3-all/55gk2rcmfc6p2dg9u9ohc3hw9/gradle-3.3/lib/plugins/maven-core-3.0.4.jar
7fd3401c7000-7fd3401cc000 r--s 00034000 08:07 1189129                    /home/chivu/.gradle/wrapper/dists/gradle-3.3-all/55gk2rcmfc6p2dg9u9ohc3hw9/gradle-3.3/lib/plugins/gson-2.7.jar
7fd3401cc000-7fd3401db000 r--s 000d9000 08:07 1189144                    /home/chivu/.gradle/wrapper/dists/gradle-3.3-all/55gk2rcmfc6p2dg9u9ohc3hw9/gradle-3.3/lib/plugins/ivy-2.2.0.jar
7fd3401db000-7fd3401fa000 r--s 000f6000 08:07 1189112                    /home/chivu/.gradle/wrapper/dists/gradle-3.3-all/55gk2rcmfc6p2dg9u9ohc3hw9/gradle-3.3/lib/plugins/gradle-dependency-management-3.3.jar
7fd3401fa000-7fd3401fc000 r--s 00005000 08:07 1189111                    /home/chivu/.gradle/wrapper/dists/gradle-3.3-all/55gk2rcmfc6p2dg9u9ohc3hw9/gradle-3.3/lib/plugins/gradle-workers-3.3.jar
7fd3401fc000-7fd340201000 r-xp 00000000 08:07 932602                     /home/chivu/.gradle/native/23/linux-amd64/libnative-platform.so
7fd340201000-7fd340400000 ---p 00005000 08:07 932602                     /home/chivu/.gradle/native/23/linux-amd64/libnative-platform.so
7fd340400000-7fd340401000 rw-p 00004000 08:07 932602                     /home/chivu/.gradle/native/23/linux-amd64/libnative-platform.so
7fd340401000-7fd340412000 r-xp 00000000 08:07 1201545                    /home/chivu/Downloads/android-studio-p/jre/jre/lib/amd64/libnio.so
7fd340412000-7fd340611000 ---p 00011000 08:07 1201545                    /home/chivu/Downloads/android-studio-p/jre/jre/lib/amd64/libnio.so
7fd340611000-7fd340612000 r--p 00010000 08:07 1201545                    /home/chivu/Downloads/android-studio-p/jre/jre/lib/amd64/libnio.so
7fd340612000-7fd340613000 rw-p 00011000 08:07 1201545                    /home/chivu/Downloads/android-studio-p/jre/jre/lib/amd64/libnio.so
7fd340613000-7fd340914000 rw-p 00000000 00:00 0 
7fd340914000-7fd34092b000 r-xp 00000000 08:07 1201544                    /home/chivu/Downloads/android-studio-p/jre/jre/lib/amd64/libnet.so
7fd34092b000-7fd340b2a000 ---p 00017000 08:07 1201544                    /home/chivu/Downloads/android-studio-p/jre/jre/lib/amd64/libnet.so
7fd340b2a000-7fd340b2b000 r--p 00016000 08:07 1201544                    /home/chivu/Downloads/android-studio-p/jre/jre/lib/amd64/libnet.so
7fd340b2b000-7fd340b2c000 rw-p 00017000 08:07 1201544                    /home/chivu/Downloads/android-studio-p/jre/jre/lib/amd64/libnet.so
7fd340b2c000-7fd340b2d000 r--s 00006000 08:07 1189015                    /home/chivu/.gradle/wrapper/dists/gradle-3.3-all/55gk2rcmfc6p2dg9u9ohc3hw9/gradle-3.3/lib/gradle-wrapper-3.3.jar
7fd340b2d000-7fd340b3a000 r--s 00041000 08:07 1189022                    /home/chivu/.gradle/wrapper/dists/gradle-3.3-all/55gk2rcmfc6p2dg9u9ohc3hw9/gradle-3.3/lib/gradle-tooling-api-3.3.jar
7fd340b3a000-7fd340b3c000 r--s 00002000 08:07 1189042                    /home/chivu/.gradle/wrapper/dists/gradle-3.3-all/55gk2rcmfc6p2dg9u9ohc3hw9/gradle-3.3/lib/gradle-open-api-3.3.jar
7fd340b3c000-7fd340b42000 r--s 00032000 08:07 1189044                    /home/chivu/.gradle/wrapper/dists/gradle-3.3-all/55gk2rcmfc6p2dg9u9ohc3hw9/gradle-3.3/lib/jaxen-1.1.jar
7fd340b42000-7fd340b47000 r--s 00048000 08:07 1189043                    /home/chivu/.gradle/wrapper/dists/gradle-3.3-all/55gk2rcmfc6p2dg9u9ohc3hw9/gradle-3.3/lib/dom4j-1.6.1.jar
7fd340b47000-7fd340b52000 r--s 00059000 08:07 1189021                    /home/chivu/.gradle/wrapper/dists/gradle-3.3-all/55gk2rcmfc6p2dg9u9ohc3hw9/gradle-3.3/lib/gradle-ui-3.3.jar
7fd340b52000-7fd340b5b000 r--s 0008c000 08:07 1189013                    /home/chivu/.gradle/wrapper/dists/gradle-3.3-all/55gk2rcmfc6p2dg9u9ohc3hw9/gradle-3.3/lib/kotlin-stdlib-1.1-M02.jar
7fd340b5b000-7fd340b61000 r--s 0002a000 08:07 1189012                    /home/chivu/.gradle/wrapper/dists/gradle-3.3-all/55gk2rcmfc6p2dg9u9ohc3hw9/gradle-3.3/lib/kotlin-runtime-1.1-M02.jar
7fd340b61000-7fd340b95000 r--s 00256000 08:07 1189011                    /home/chivu/.gradle/wrapper/dists/gradle-3.3-all/55gk2rcmfc6p2dg9u9ohc3hw9/gradle-3.3/lib/kotlin-reflect-1.1-M02.jar
7fd340b95000-7fd340d2b000 r--s 0157e000 08:07 1189010                    /home/chivu/.gradle/wrapper/dists/gradle-3.3-all/55gk2rcmfc6p2dg9u9ohc3hw9/gradle-3.3/lib/kotlin-compiler-embeddable-1.1-M02.jar
7fd340d2b000-7fd340d33000 r--s 0004e000 08:07 1189009                    /home/chivu/.gradle/wrapper/dists/gradle-3.3-all/55gk2rcmfc6p2dg9u9ohc3hw9/gradle-3.3/lib/gradle-script-kotlin-0.5.1.jar
7fd340d33000-7fd340d36000 r--s 0000b000 08:07 1189040                    /home/chivu/.gradle/wrapper/dists/gradle-3.3-all/55gk2rcmfc6p2dg9u9ohc3hw9/gradle-3.3/lib/gradle-resources-3.3.jar
7fd340d36000-7fd340d38000 r--s 00003000 08:07 1189049                    /home/chivu/.gradle/wrapper/dists/gradle-3.3-all/55gk2rcmfc6p2dg9u9ohc3hw9/gradle-3.3/lib/jcl-over-slf4j-1.7.10.jar
7fd340d38000-7fd340d39000 r--s 00005000 08:07 1189048                    /home/chivu/.gradle/wrapper/dists/gradle-3.3-all/55gk2rcmfc6p2dg9u9ohc3hw9/gradle-3.3/lib/log4j-over-slf4j-1.7.10.jar
7fd340d39000-7fd340d3b000 r--s 00000000 08:07 1189047                    /home/chivu/.gradle/wrapper/dists/gradle-3.3-all/55gk2rcmfc6p2dg9u9ohc3hw9/gradle-3.3/lib/jul-to-slf4j-1.7.10.jar
7fd340d3b000-7fd340d40000 r--s 0001e000 08:07 1189024                    /home/chivu/.gradle/wrapper/dists/gradle-3.3-all/55gk2rcmfc6p2dg9u9ohc3hw9/gradle-3.3/lib/gradle-logging-3.3.jar
7fd340d40000-7fd340d42000 r--s 00007000 08:07 1189068                    /home/chivu/.gradle/wrapper/dists/gradle-3.3-all/55gk2rcmfc6p2dg9u9ohc3hw9/gradle-3.3/lib/objenesis-1.2.jar
7fd340d42000-7fd340d44000 r--s 00000000 08:07 1189067                    /home/chivu/.gradle/wrapper/dists/gradle-3.3-all/55gk2rcmfc6p2dg9u9ohc3hw9/gradle-3.3/lib/minlog-1.2.jar
7fd340d44000-7fd340d46000 r--s 0000f000 08:07 1189066                    /home/chivu/.gradle/wrapper/dists/gradle-3.3-all/55gk2rcmfc6p2dg9u9ohc3hw9/gradle-3.3/lib/reflectasm-1.07-shaded.jar
7fd340d46000-7fd340d4a000 r--s 00026000 08:07 1189051                    /home/chivu/.gradle/wrapper/dists/gradle-3.3-all/55gk2rcmfc6p2dg9u9ohc3hw9/gradle-3.3/lib/kryo-2.20.jar
7fd340d4a000-7fd340d50000 r--s 00027000 08:07 1189039                    /home/chivu/.gradle/wrapper/dists/gradle-3.3-all/55gk2rcmfc6p2dg9u9ohc3hw9/gradle-3.3/lib/gradle-messaging-3.3.jar
7fd340d50000-7fd340d51000 r--s 00001000 08:07 1189065                    /home/chivu/.gradle/wrapper/dists/gradle-3.3-all/55gk2rcmfc6p2dg9u9ohc3hw9/gradle-3.3/lib/native-platform-linux-i386-ncurses6-0.12.jar
7fd340d51000-7fd340d52000 r--s 00001000 08:07 1189064                    /home/chivu/.gradle/wrapper/dists/gradle-3.3-all/55gk2rcmfc6p2dg9u9ohc3hw9/gradle-3.3/lib/native-platform-linux-i386-ncurses5-0.12.jar
7fd340d52000-7fd340d53000 r--s 00001000 08:07 1189063                    /home/chivu/.gradle/wrapper/dists/gradle-3.3-all/55gk2rcmfc6p2dg9u9ohc3hw9/gradle-3.3/lib/native-platform-linux-amd64-ncurses6-0.12.jar
7fd340d53000-7fd340d54000 r--s 00001000 08:07 1189062                    /home/chivu/.gradle/wrapper/dists/gradle-3.3-all/55gk2rcmfc6p2dg9u9ohc3hw9/gradle-3.3/lib/native-platform-linux-amd64-ncurses5-0.12.jar
7fd340d54000-7fd340d55000 r--s 0000b000 08:07 1189061                    /home/chivu/.gradle/wrapper/dists/gradle-3.3-all/55gk2rcmfc6p2dg9u9ohc3hw9/gradle-3.3/lib/native-platform-windows-i386-0.12.jar
7fd340d55000-7fd340d57000 r--s 0000b000 08:07 1189060                    /home/chivu/.gradle/wrapper/dists/gradle-3.3-all/55gk2rcmfc6p2dg9u9ohc3hw9/gradle-3.3/lib/native-platform-windows-amd64-0.12.jar
7fd340d57000-7fd340d59000 r--s 00002000 08:07 1189059                    /home/chivu/.gradle/wrapper/dists/gradle-3.3-all/55gk2rcmfc6p2dg9u9ohc3hw9/gradle-3.3/lib/native-platform-osx-i386-0.12.jar
7fd340d59000-7fd340d5a000 r--s 00002000 08:07 1189058                    /home/chivu/.gradle/wrapper/dists/gradle-3.3-all/55gk2rcmfc6p2dg9u9ohc3hw9/gradle-3.3/lib/native-platform-osx-amd64-0.12.jar
7fd340d5a000-7fd340d5b000 r--s 00002000 08:07 1189057                    /home/chivu/.gradle/wrapper/dists/gradle-3.3-all/55gk2rcmfc6p2dg9u9ohc3hw9/gradle-3.3/lib/native-platform-linux-i386-0.12.jar
7fd340d5b000-7fd340d5c000 r--s 00002000 08:07 1189056                    /home/chivu/.gradle/wrapper/dists/gradle-3.3-all/55gk2rcmfc6p2dg9u9ohc3hw9/gradle-3.3/lib/native-platform-linux-amd64-0.12.jar
7fd340d5c000-7fd340d5d000 r--s 00003000 08:07 1189055                    /home/chivu/.gradle/wrapper/dists/gradle-3.3-all/55gk2rcmfc6p2dg9u9ohc3hw9/gradle-3.3/lib/native-platform-freebsd-i386-libstdcpp-0.12.jar
7fd340d5d000-7fd340d5f000 r--s 00003000 08:07 1189053                    /home/chivu/.gradle/wrapper/dists/gradle-3.3-all/55gk2rcmfc6p2dg9u9ohc3hw9/gradle-3.3/lib/native-platform-freebsd-amd64-libstdcpp-0.12.jar
7fd340d5f000-7fd340d62000 r--s 00023000 08:07 1189046                    /home/chivu/.gradle/wrapper/dists/gradle-3.3-all/55gk2rcmfc6p2dg9u9ohc3hw9/gradle-3.3/lib/jansi-1.14.jar
7fd340d62000-7fd340d66000 r--s 00011000 08:07 1189045                    /home/chivu/.gradle/wrapper/dists/gradle-3.3-all/55gk2rcmfc6p2dg9u9ohc3hw9/gradle-3.3/lib/native-platform-0.12.jar
7fd340d66000-7fd340dd6000 r--s 00641000 08:07 1189029                    /home/chivu/.gradle/wrapper/dists/gradle-3.3-all/55gk2rcmfc6p2dg9u9ohc3hw9/gradle-3.3/lib/groovy-all-2.4.7.jar
7fd340dd6000-7fd340dfe000 r--s 001cf000 08:07 1189026                    /home/chivu/.gradle/wrapper/dists/gradle-3.3-all/55gk2rcmfc6p2dg9u9ohc3hw9/gradle-3.3/lib/guava-jdk5-17.0.jar
7fd340dfe000-7fd340dff000 ---p 00000000 00:00 0 
7fd340dff000-7fd340eff000 rw-p 00000000 00:00 0 
7fd340eff000-7fd340f02000 ---p 00000000 00:00 0 
7fd340f02000-7fd344000000 rw-p 00000000 00:00 0 
7fd344000000-7fd344022000 rw-p 00000000 00:00 0 
7fd344022000-7fd348000000 ---p 00000000 00:00 0 
7fd348000000-7fd348151000 rw-p 00000000 00:00 0 
7fd348151000-7fd34c000000 ---p 00000000 00:00 0 
7fd34c000000-7fd34c04e000 rw-p 00000000 00:00 0 
7fd34c04e000-7fd350000000 ---p 00000000 00:00 0 
7fd350000000-7fd350001000 r--s 00004000 08:07 1189054                    /home/chivu/.gradle/wrapper/dists/gradle-3.3-all/55gk2rcmfc6p2dg9u9ohc3hw9/gradle-3.3/lib/native-platform-freebsd-i386-libcpp-0.12.jar
7fd350001000-7fd350002000 r--s 00004000 08:07 1189052                    /home/chivu/.gradle/wrapper/dists/gradle-3.3-all/55gk2rcmfc6p2dg9u9ohc3hw9/gradle-3.3/lib/native-platform-freebsd-amd64-libcpp-0.12.jar
7fd350002000-7fd350005000 r--s 0000a000 08:07 1189023                    /home/chivu/.gradle/wrapper/dists/gradle-3.3-all/55gk2rcmfc6p2dg9u9ohc3hw9/gradle-3.3/lib/gradle-native-3.3.jar
7fd350005000-7fd350007000 r--s 00005000 08:07 1189020                    /home/chivu/.gradle/wrapper/dists/gradle-3.3-all/55gk2rcmfc6p2dg9u9ohc3hw9/gradle-3.3/lib/gradle-cli-3.3.jar
7fd350007000-7fd350009000 r--s 00007000 08:07 1189031                    /home/chivu/.gradle/wrapper/dists/gradle-3.3-all/55gk2rcmfc6p2dg9u9ohc3hw9/gradle-3.3/lib/gradle-model-groovy-3.3.jar
7fd350009000-7fd35000b000 r--s 00006000 08:07 1189038                    /home/chivu/.gradle/wrapper/dists/gradle-3.3-all/55gk2rcmfc6p2dg9u9ohc3hw9/gradle-3.3/lib/gradle-base-services-groovy-3.3.jar
7fd35000b000-7fd35001a000 r--s 0007f000 08:07 1189030                    /home/chivu/.gradle/wrapper/dists/gradle-3.3-all/55gk2rcmfc6p2dg9u9ohc3hw9/gradle-3.3/lib/gradle-model-core-3.3.jar
7fd35001a000-7fd35001b000 r--s 00002000 08:07 1189041                    /home/chivu/.gradle/wrapper/dists/gradle-3.3-all/55gk2rcmfc6p2dg9u9ohc3hw9/gradle-3.3/lib/gradle-docs-3.3.jar
7fd35001b000-7fd35001e000 ---p 00000000 00:00 0 
7fd35001e000-7fd35011c000 rw-p 00000000 00:00 0 
7fd35011c000-7fd35011f000 ---p 00000000 00:00 0 
7fd35011f000-7fd35021d000 rw-p 00000000 00:00 0 
7fd35021d000-7fd350220000 ---p 00000000 00:00 0 
7fd350220000-7fd35031e000 rw-p 00000000 00:00 0 
7fd35031e000-7fd350321000 ---p 00000000 00:00 0 
7fd350321000-7fd35041f000 rw-p 00000000 00:00 0 
7fd35041f000-7fd3506f7000 r--p 00000000 08:07 1311727                    /usr/lib/locale/locale-archive
7fd3506f7000-7fd3506fa000 ---p 00000000 00:00 0 
7fd3506fa000-7fd3507f8000 rw-p 00000000 00:00 0 
7fd3507f8000-7fd3507fb000 ---p 00000000 00:00 0 
7fd3507fb000-7fd3508f9000 rw-p 00000000 00:00 0 
7fd3508f9000-7fd3508fa000 ---p 00000000 00:00 0 
7fd3508fa000-7fd351000000 rw-p 00000000 00:00 0 
7fd351000000-7fd352d00000 rwxp 00000000 00:00 0 
7fd352d00000-7fd360000000 ---p 00000000 00:00 0 
7fd360000000-7fd360cbe000 rw-p 00000000 00:00 0 
7fd360cbe000-7fd364000000 ---p 00000000 00:00 0 
7fd364000000-7fd36400d000 r--s 00083000 08:07 1189034                    /home/chivu/.gradle/wrapper/dists/gradle-3.3-all/55gk2rcmfc6p2dg9u9ohc3hw9/gradle-3.3/lib/commons-collections-3.2.2.jar
7fd36400d000-7fd36402c000 r--s 001d1000 08:07 1189033                    /home/chivu/.gradle/wrapper/dists/gradle-3.3-all/55gk2rcmfc6p2dg9u9ohc3hw9/gradle-3.3/lib/ant-1.9.6.jar
7fd36402c000-7fd364069000 r--s 001f8000 08:07 1189019                    /home/chivu/.gradle/wrapper/dists/gradle-3.3-all/55gk2rcmfc6p2dg9u9ohc3hw9/gradle-3.3/lib/gradle-core-3.3.jar
7fd364069000-7fd364a44000 rw-p 00000000 00:00 0 
7fd364a44000-7fd364c13000 r--s 03c1b000 08:07 1201515                    /home/chivu/Downloads/android-studio-p/jre/jre/lib/rt.jar
7fd364c13000-7fd365789000 rw-p 00000000 00:00 0 
7fd365789000-7fd36578a000 ---p 00000000 00:00 0 
7fd36578a000-7fd36588a000 rw-p 00000000 00:00 0 
7fd36588a000-7fd36588b000 ---p 00000000 00:00 0 
7fd36588b000-7fd36598b000 rw-p 00000000 00:00 0 
7fd36598b000-7fd36598c000 ---p 00000000 00:00 0 
7fd36598c000-7fd365a8c000 rw-p 00000000 00:00 0 
7fd365a8c000-7fd365a8d000 ---p 00000000 00:00 0 
7fd365a8d000-7fd365ca6000 rw-p 00000000 00:00 0 
7fd365ca6000-7fd365d8d000 ---p 00000000 00:00 0 
7fd365d8d000-7fd365ea6000 rw-p 00000000 00:00 0 
7fd365ea6000-7fd365f8d000 ---p 00000000 00:00 0 
7fd365f8d000-7fd36608d000 rw-p 00000000 00:00 0 
7fd36608d000-7fd366102000 rw-p 00000000 00:00 0 
7fd366102000-7fd36644e000 ---p 00000000 00:00 0 
7fd36644e000-7fd366468000 r-xp 00000000 08:07 1201530                    /home/chivu/Downloads/android-studio-p/jre/jre/lib/amd64/libzip.so
7fd366468000-7fd366668000 ---p 0001a000 08:07 1201530                    /home/chivu/Downloads/android-studio-p/jre/jre/lib/amd64/libzip.so
7fd366668000-7fd366669000 r--p 0001a000 08:07 1201530                    /home/chivu/Downloads/android-studio-p/jre/jre/lib/amd64/libzip.so
7fd366669000-7fd36666a000 rw-p 0001b000 08:07 1201530                    /home/chivu/Downloads/android-studio-p/jre/jre/lib/amd64/libzip.so
7fd36666a000-7fd366675000 r-xp 00000000 08:07 541944                     /lib/x86_64-linux-gnu/libnss_files-2.23.so
7fd366675000-7fd366874000 ---p 0000b000 08:07 541944                     /lib/x86_64-linux-gnu/libnss_files-2.23.so
7fd366874000-7fd366875000 r--p 0000a000 08:07 541944                     /lib/x86_64-linux-gnu/libnss_files-2.23.so
7fd366875000-7fd366876000 rw-p 0000b000 08:07 541944                     /lib/x86_64-linux-gnu/libnss_files-2.23.so
7fd366876000-7fd36687c000 rw-p 00000000 00:00 0 
7fd36687c000-7fd366887000 r-xp 00000000 08:07 541937                     /lib/x86_64-linux-gnu/libnss_nis-2.23.so
7fd366887000-7fd366a86000 ---p 0000b000 08:07 541937                     /lib/x86_64-linux-gnu/libnss_nis-2.23.so
7fd366a86000-7fd366a87000 r--p 0000a000 08:07 541937                     /lib/x86_64-linux-gnu/libnss_nis-2.23.so
7fd366a87000-7fd366a88000 rw-p 0000b000 08:07 541937                     /lib/x86_64-linux-gnu/libnss_nis-2.23.so
7fd366a88000-7fd366a9e000 r-xp 00000000 08:07 541939                     /lib/x86_64-linux-gnu/libnsl-2.23.so
7fd366a9e000-7fd366c9d000 ---p 00016000 08:07 541939                     /lib/x86_64-linux-gnu/libnsl-2.23.so
7fd366c9d000-7fd366c9e000 r--p 00015000 08:07 541939                     /lib/x86_64-linux-gnu/libnsl-2.23.so
7fd366c9e000-7fd366c9f000 rw-p 00016000 08:07 541939                     /lib/x86_64-linux-gnu/libnsl-2.23.so
7fd366c9f000-7fd366ca1000 rw-p 00000000 00:00 0 
7fd366ca1000-7fd366ca9000 r-xp 00000000 08:07 541946                     /lib/x86_64-linux-gnu/libnss_compat-2.23.so
7fd366ca9000-7fd366ea8000 ---p 00008000 08:07 541946                     /lib/x86_64-linux-gnu/libnss_compat-2.23.so
7fd366ea8000-7fd366ea9000 r--p 00007000 08:07 541946                     /lib/x86_64-linux-gnu/libnss_compat-2.23.so
7fd366ea9000-7fd366eaa000 rw-p 00008000 08:07 541946                     /lib/x86_64-linux-gnu/libnss_compat-2.23.so
7fd366eaa000-7fd366ed7000 r-xp 00000000 08:07 1201547                    /home/chivu/Downloads/android-studio-p/jre/jre/lib/amd64/libjava.so
7fd366ed7000-7fd3670d6000 ---p 0002d000 08:07 1201547                    /home/chivu/Downloads/android-studio-p/jre/jre/lib/amd64/libjava.so
7fd3670d6000-7fd3670d7000 r--p 0002c000 08:07 1201547                    /home/chivu/Downloads/android-studio-p/jre/jre/lib/amd64/libjava.so
7fd3670d7000-7fd3670d9000 rw-p 0002d000 08:07 1201547                    /home/chivu/Downloads/android-studio-p/jre/jre/lib/amd64/libjava.so
7fd3670d9000-7fd3670e9000 r-xp 00000000 08:07 1201520                    /home/chivu/Downloads/android-studio-p/jre/jre/lib/amd64/libverify.so
7fd3670e9000-7fd3672e8000 ---p 00010000 08:07 1201520                    /home/chivu/Downloads/android-studio-p/jre/jre/lib/amd64/libverify.so
7fd3672e8000-7fd3672ea000 r--p 0000f000 08:07 1201520                    /home/chivu/Downloads/android-studio-p/jre/jre/lib/amd64/libverify.so
7fd3672ea000-7fd3672eb000 rw-p 00011000 08:07 1201520                    /home/chivu/Downloads/android-studio-p/jre/jre/lib/amd64/libverify.so
7fd3672eb000-7fd3672f2000 r-xp 00000000 08:07 541947                     /lib/x86_64-linux-gnu/librt-2.23.so
7fd3672f2000-7fd3674f1000 ---p 00007000 08:07 541947                     /lib/x86_64-linux-gnu/librt-2.23.so
7fd3674f1000-7fd3674f2000 r--p 00006000 08:07 541947                     /lib/x86_64-linux-gnu/librt-2.23.so
7fd3674f2000-7fd3674f3000 rw-p 00007000 08:07 541947                     /lib/x86_64-linux-gnu/librt-2.23.so
7fd3674f3000-7fd3675fb000 r-xp 00000000 08:07 541938                     /lib/x86_64-linux-gnu/libm-2.23.so
7fd3675fb000-7fd3677fa000 ---p 00108000 08:07 541938                     /lib/x86_64-linux-gnu/libm-2.23.so
7fd3677fa000-7fd3677fb000 r--p 00107000 08:07 541938                     /lib/x86_64-linux-gnu/libm-2.23.so
7fd3677fb000-7fd3677fc000 rw-p 00108000 08:07 541938                     /lib/x86_64-linux-gnu/libm-2.23.so
7fd3677fc000-7fd3683ed000 r-xp 00000000 08:07 1201528                    /home/chivu/Downloads/android-studio-p/jre/jre/lib/amd64/server/libjvm.so
7fd3683ed000-7fd3685ed000 ---p 00bf1000 08:07 1201528                    /home/chivu/Downloads/android-studio-p/jre/jre/lib/amd64/server/libjvm.so
7fd3685ed000-7fd36868c000 r--p 00bf1000 08:07 1201528                    /home/chivu/Downloads/android-studio-p/jre/jre/lib/amd64/server/libjvm.so
7fd36868c000-7fd3686b5000 rw-p 00c90000 08:07 1201528                    /home/chivu/Downloads/android-studio-p/jre/jre/lib/amd64/server/libjvm.so
7fd3686b5000-7fd3686f9000 rw-p 00000000 00:00 0 
7fd3686f9000-7fd368711000 r-xp 00000000 08:07 541951                     /lib/x86_64-linux-gnu/libpthread-2.23.so
7fd368711000-7fd368910000 ---p 00018000 08:07 541951                     /lib/x86_64-linux-gnu/libpthread-2.23.so
7fd368910000-7fd368911000 r--p 00017000 08:07 541951                     /lib/x86_64-linux-gnu/libpthread-2.23.so
7fd368911000-7fd368912000 rw-p 00018000 08:07 541951                     /lib/x86_64-linux-gnu/libpthread-2.23.so
7fd368912000-7fd368916000 rw-p 00000000 00:00 0 
7fd368916000-7fd368919000 r-xp 00000000 08:07 541936                     /lib/x86_64-linux-gnu/libdl-2.23.so
7fd368919000-7fd368b18000 ---p 00003000 08:07 541936                     /lib/x86_64-linux-gnu/libdl-2.23.so
7fd368b18000-7fd368b19000 r--p 00002000 08:07 541936                     /lib/x86_64-linux-gnu/libdl-2.23.so
7fd368b19000-7fd368b1a000 rw-p 00003000 08:07 541936                     /lib/x86_64-linux-gnu/libdl-2.23.so
7fd368b1a000-7fd368cd9000 r-xp 00000000 08:07 541940                     /lib/x86_64-linux-gnu/libc-2.23.so
7fd368cd9000-7fd368ed9000 ---p 001bf000 08:07 541940                     /lib/x86_64-linux-gnu/libc-2.23.so
7fd368ed9000-7fd368edd000 r--p 001bf000 08:07 541940                     /lib/x86_64-linux-gnu/libc-2.23.so
7fd368edd000-7fd368edf000 rw-p 001c3000 08:07 541940                     /lib/x86_64-linux-gnu/libc-2.23.so
7fd368edf000-7fd368ee3000 rw-p 00000000 00:00 0 
7fd368ee3000-7fd368ef9000 r-xp 00000000 08:07 1201477                    /home/chivu/Downloads/android-studio-p/jre/lib/amd64/jli/libjli.so
7fd368ef9000-7fd3690f8000 ---p 00016000 08:07 1201477                    /home/chivu/Downloads/android-studio-p/jre/lib/amd64/jli/libjli.so
7fd3690f8000-7fd3690f9000 r--p 00015000 08:07 1201477                    /home/chivu/Downloads/android-studio-p/jre/lib/amd64/jli/libjli.so
7fd3690f9000-7fd3690fa000 rw-p 00016000 08:07 1201477                    /home/chivu/Downloads/android-studio-p/jre/lib/amd64/jli/libjli.so
7fd3690fa000-7fd369120000 r-xp 00000000 08:07 541941                     /lib/x86_64-linux-gnu/ld-2.23.so
7fd369120000-7fd369121000 r--s 00000000 08:07 1189037                    /home/chivu/.gradle/wrapper/dists/gradle-3.3-all/55gk2rcmfc6p2dg9u9ohc3hw9/gradle-3.3/lib/javax.inject-1.jar
7fd369121000-7fd369122000 r--s 00000000 08:07 1189036                    /home/chivu/.gradle/wrapper/dists/gradle-3.3-all/55gk2rcmfc6p2dg9u9ohc3hw9/gradle-3.3/lib/jcip-annotations-1.0.jar
7fd369122000-7fd369126000 r--s 00027000 08:07 1189035                    /home/chivu/.gradle/wrapper/dists/gradle-3.3-all/55gk2rcmfc6p2dg9u9ohc3hw9/gradle-3.3/lib/commons-io-2.2.jar
7fd369126000-7fd36912b000 r--s 00038000 08:07 1189032                    /home/chivu/.gradle/wrapper/dists/gradle-3.3-all/55gk2rcmfc6p2dg9u9ohc3hw9/gradle-3.3/lib/asm-all-5.1.jar
7fd36912b000-7fd36912c000 r--s 00001000 08:07 1189028                    /home/chivu/.gradle/wrapper/dists/gradle-3.3-all/55gk2rcmfc6p2dg9u9ohc3hw9/gradle-3.3/lib/gradle-process-services-3.3.jar
7fd36912c000-7fd369131000 r--s 00041000 08:07 1189027                    /home/chivu/.gradle/wrapper/dists/gradle-3.3-all/55gk2rcmfc6p2dg9u9ohc3hw9/gradle-3.3/lib/commons-lang-2.6.jar
7fd369131000-7fd36913a000 r--s 00042000 08:07 1189017                    /home/chivu/.gradle/wrapper/dists/gradle-3.3-all/55gk2rcmfc6p2dg9u9ohc3hw9/gradle-3.3/lib/gradle-base-services-3.3.jar
7fd36913a000-7fd3691fc000 rw-p 00000000 00:00 0 
7fd3691fc000-7fd3691ff000 ---p 00000000 00:00 0 
7fd3691ff000-7fd369301000 rw-p 00000000 00:00 0 
7fd369301000-7fd369303000 r--s 00000000 08:07 1189018                    /home/chivu/.gradle/wrapper/dists/gradle-3.3-all/55gk2rcmfc6p2dg9u9ohc3hw9/gradle-3.3/lib/gradle-jvm-services-3.3.jar
7fd369303000-7fd369304000 r--s 00000000 08:07 1189183                    /home/chivu/.gradle/wrapper/dists/gradle-3.3-all/55gk2rcmfc6p2dg9u9ohc3hw9/gradle-3.3/lib/gradle-version-info-3.3.jar
7fd369304000-7fd369305000 r--s 00007000 08:07 1189025                    /home/chivu/.gradle/wrapper/dists/gradle-3.3-all/55gk2rcmfc6p2dg9u9ohc3hw9/gradle-3.3/lib/slf4j-api-1.7.10.jar
7fd369305000-7fd369306000 r--s 00004000 08:07 1189050                    /home/chivu/.gradle/wrapper/dists/gradle-3.3-all/55gk2rcmfc6p2dg9u9ohc3hw9/gradle-3.3/lib/ant-launcher-1.9.6.jar
7fd369306000-7fd369313000 r--s 0005c000 08:07 1189014                    /home/chivu/.gradle/wrapper/dists/gradle-3.3-all/55gk2rcmfc6p2dg9u9ohc3hw9/gradle-3.3/lib/gradle-launcher-3.3.jar
7fd369313000-7fd36931b000 rw-s 00000000 08:07 266233                     /tmp/hsperfdata_chivu/3863
7fd36931b000-7fd36931c000 rw-p 00000000 00:00 0 
7fd36931c000-7fd36931d000 ---p 00000000 00:00 0 
7fd36931d000-7fd36931f000 rw-p 00000000 00:00 0 
7fd36931f000-7fd369320000 r--p 00025000 08:07 541941                     /lib/x86_64-linux-gnu/ld-2.23.so
7fd369320000-7fd369321000 rw-p 00026000 08:07 541941                     /lib/x86_64-linux-gnu/ld-2.23.so
7fd369321000-7fd369322000 rw-p 00000000 00:00 0 
7ffc223d6000-7ffc223f7000 rw-p 00000000 00:00 0                          [stack]
7ffc223fb000-7ffc223fd000 r--p 00000000 00:00 0                          [vvar]
7ffc223fd000-7ffc223ff000 r-xp 00000000 00:00 0                          [vdso]
ffffffffff600000-ffffffffff601000 r-xp 00000000 00:00 0                  [vsyscall]

VM Arguments:
jvm_args: -Xmx1536m -Dfile.encoding=UTF-8 -Duser.country=IN -Duser.language=en -Duser.variant 
java_command: org.gradle.launcher.daemon.bootstrap.GradleDaemon 3.3
java_class_path (initial): /home/chivu/.gradle/wrapper/dists/gradle-3.3-all/55gk2rcmfc6p2dg9u9ohc3hw9/gradle-3.3/lib/gradle-launcher-3.3.jar
Launcher Type: SUN_STANDARD

Environment Variables:
JAVA_HOME=/usr/lib/jvm/java-8-oracle
PATH=/home/chivu/bin:/home/chivu/.local/bin:/usr/local/sbin:/usr/local/bin:/usr/sbin:/usr/bin:/sbin:/bin:/usr/games:/usr/local/games:/snap/bin:/usr/lib/jvm/java-8-oracle/bin:/usr/lib/jvm/java-8-oracle/db/bin:/usr/lib/jvm/java-8-oracle/jre/bin
LD_LIBRARY_PATH=/home/chivu/Downloads/android-studio-p/bin:
SHELL=/bin/bash
DISPLAY=:0

Signal Handlers:
SIGSEGV: [libjvm.so+0x9e5150], sa_mask[0]=11111111011111111101111111111110, sa_flags=SA_RESTART|SA_SIGINFO
SIGBUS: [libjvm.so+0x9e5150], sa_mask[0]=11111111011111111101111111111110, sa_flags=SA_RESTART|SA_SIGINFO
SIGFPE: [libjvm.so+0x848450], sa_mask[0]=11111111011111111101111111111110, sa_flags=SA_RESTART|SA_SIGINFO
SIGPIPE: [libjvm.so+0x848450], sa_mask[0]=11111111011111111101111111111110, sa_flags=SA_RESTART|SA_SIGINFO
SIGXFSZ: [libjvm.so+0x848450], sa_mask[0]=11111111011111111101111111111110, sa_flags=SA_RESTART|SA_SIGINFO
SIGILL: [libjvm.so+0x848450], sa_mask[0]=11111111011111111101111111111110, sa_flags=SA_RESTART|SA_SIGINFO
SIGUSR1: SIG_DFL, sa_mask[0]=00000000000000000000000000000000, sa_flags=none
SIGUSR2: [libjvm.so+0x848320], sa_mask[0]=00100000000000000000000000000000, sa_flags=SA_RESTART|SA_SIGINFO
SIGHUP: [libjvm.so+0x848510], sa_mask[0]=11111111011111111101111111111110, sa_flags=SA_RESTART|SA_SIGINFO
SIGINT: [libjvm.so+0x848510], sa_mask[0]=11111111011111111101111111111110, sa_flags=SA_RESTART|SA_SIGINFO
SIGTERM: [libjvm.so+0x848510], sa_mask[0]=11111111011111111101111111111110, sa_flags=SA_RESTART|SA_SIGINFO
SIGQUIT: [libjvm.so+0x848510], sa_mask[0]=11111111011111111101111111111110, sa_flags=SA_RESTART|SA_SIGINFO


---------------  S Y S T E M  ---------------

OS:DISTRIB_ID=Ubuntu
DISTRIB_RELEASE=16.04
DISTRIB_CODENAME=xenial
DISTRIB_DESCRIPTION="Ubuntu 16.04.2 LTS"

uname:Linux 4.4.0-79-generic #100-Ubuntu SMP Wed May 17 19:58:14 UTC 2017 x86_64
libc:glibc 2.23 NPTL 2.23 
rlimit: STACK 8192k, CORE 0k, NPROC 15361, NOFILE 65536, AS infinity
load average:5.96 4.32 2.93

/proc/meminfo:
MemTotal:        3972820 kB
MemFree:          133876 kB
MemAvailable:      80828 kB
Buffers:            1256 kB
Cached:           234660 kB
SwapCached:          176 kB
Active:          2629540 kB
Inactive:        1042388 kB
Active(anon):    2581940 kB
Inactive(anon):   995612 kB
Active(file):      47600 kB
Inactive(file):    46776 kB
Unevictable:         136 kB
Mlocked:             136 kB
SwapTotal:          1020 kB
SwapFree:              0 kB
Dirty:               172 kB
Writeback:             0 kB
AnonPages:       3436376 kB
Mapped:           134184 kB
Shmem:            141192 kB
Slab:              79168 kB
SReclaimable:      44532 kB
SUnreclaim:        34636 kB
KernelStack:        9632 kB
PageTables:        34948 kB
NFS_Unstable:          0 kB
Bounce:                0 kB
WritebackTmp:          0 kB
CommitLimit:     1987428 kB
Committed_AS:    7494184 kB
VmallocTotal:   34359738367 kB
VmallocUsed:           0 kB
VmallocChunk:          0 kB
HardwareCorrupted:     0 kB
AnonHugePages:   1245184 kB
CmaTotal:              0 kB
CmaFree:               0 kB
HugePages_Total:       0
HugePages_Free:        0
HugePages_Rsvd:        0
HugePages_Surp:        0
Hugepagesize:       2048 kB
DirectMap4k:      133888 kB
DirectMap2M:     3987456 kB
DirectMap1G:     1048576 kB


CPU:total 4 (2 cores per cpu, 2 threads per core) family 6 model 69 stepping 1, cmov, cx8, fxsr, mmx, sse, sse2, sse3, ssse3, sse4.1, sse4.2, popcnt, avx, avx2, aes, clmul, erms, lzcnt, ht, tsc, tscinvbit, bmi1, bmi2

/proc/cpuinfo:
processor	: 0
vendor_id	: GenuineIntel
cpu family	: 6
model		: 69
model name	: Intel(R) Core(TM) i3-4030U CPU @ 1.90GHz
stepping	: 1
microcode	: 0x1d
cpu MHz		: 1800.027
cache size	: 3072 KB
physical id	: 0
siblings	: 4
core id		: 0
cpu cores	: 2
apicid		: 0
initial apicid	: 0
fpu		: yes
fpu_exception	: yes
cpuid level	: 13
wp		: yes
flags		: fpu vme de pse tsc msr pae mce cx8 apic sep mtrr pge mca cmov pat pse36 clflush dts acpi mmx fxsr sse sse2 ss ht tm pbe syscall nx pdpe1gb rdtscp lm constant_tsc arch_perfmon pebs bts rep_good nopl xtopology nonstop_tsc aperfmperf eagerfpu pni pclmulqdq dtes64 monitor ds_cpl vmx est tm2 ssse3 sdbg fma cx16 xtpr pdcm pcid sse4_1 sse4_2 x2apic movbe popcnt tsc_deadline_timer aes xsave avx f16c rdrand lahf_lm abm epb tpr_shadow vnmi flexpriority ept vpid fsgsbase tsc_adjust bmi1 avx2 smep bmi2 erms invpcid xsaveopt dtherm arat pln pts
bugs		:
bogomips	: 3791.34
clflush size	: 64
cache_alignment	: 64
address sizes	: 39 bits physical, 48 bits virtual
power management:

processor	: 1
vendor_id	: GenuineIntel
cpu family	: 6
model		: 69
model name	: Intel(R) Core(TM) i3-4030U CPU @ 1.90GHz
stepping	: 1
microcode	: 0x1d
cpu MHz		: 1799.878
cache size	: 3072 KB
physical id	: 0
siblings	: 4
core id		: 0
cpu cores	: 2
apicid		: 1
initial apicid	: 1
fpu		: yes
fpu_exception	: yes
cpuid level	: 13
wp		: yes
flags		: fpu vme de pse tsc msr pae mce cx8 apic sep mtrr pge mca cmov pat pse36 clflush dts acpi mmx fxsr sse sse2 ss ht tm pbe syscall nx pdpe1gb rdtscp lm constant_tsc arch_perfmon pebs bts rep_good nopl xtopology nonstop_tsc aperfmperf eagerfpu pni pclmulqdq dtes64 monitor ds_cpl vmx est tm2 ssse3 sdbg fma cx16 xtpr pdcm pcid sse4_1 sse4_2 x2apic movbe popcnt tsc_deadline_timer aes xsave avx f16c rdrand lahf_lm abm epb tpr_shadow vnmi flexpriority ept vpid fsgsbase tsc_adjust bmi1 avx2 smep bmi2 erms invpcid xsaveopt dtherm arat pln pts
bugs		:
bogomips	: 3791.34
clflush size	: 64
cache_alignment	: 64
address sizes	: 39 bits physical, 48 bits virtual
power management:

processor	: 2
vendor_id	: GenuineIntel
cpu family	: 6
model		: 69
model name	: Intel(R) Core(TM) i3-4030U CPU @ 1.90GHz
stepping	: 1
microcode	: 0x1d
cpu MHz		: 1799.953
cache size	: 3072 KB
physical id	: 0
siblings	: 4
core id		: 1
cpu cores	: 2
apicid		: 2
initial apicid	: 2
fpu		: yes
fpu_exception	: yes
cpuid level	: 13
wp		: yes
flags		: fpu vme de pse tsc msr pae mce cx8 apic sep mtrr pge mca cmov pat pse36 clflush dts acpi mmx fxsr sse sse2 ss ht tm pbe syscall nx pdpe1gb rdtscp lm constant_tsc arch_perfmon pebs bts rep_good nopl xtopology nonstop_tsc aperfmperf eagerfpu pni pclmulqdq dtes64 monitor ds_cpl vmx est tm2 ssse3 sdbg fma cx16 xtpr pdcm pcid sse4_1 sse4_2 x2apic movbe popcnt tsc_deadline_timer aes xsave avx f16c rdrand lahf_lm abm epb tpr_shadow vnmi flexpriority ept vpid fsgsbase tsc_adjust bmi1 avx2 smep bmi2 erms invpcid xsaveopt dtherm arat pln pts
bugs		:
bogomips	: 3791.34
clflush size	: 64
cache_alignment	: 64
address sizes	: 39 bits physical, 48 bits virtual
power management:

processor	: 3
vendor_id	: GenuineIntel
cpu family	: 6
model		: 69
model name	: Intel(R) Core(TM) i3-4030U CPU @ 1.90GHz
stepping	: 1
microcode	: 0x1d
cpu MHz		: 1800.250
cache size	: 3072 KB
physical id	: 0
siblings	: 4
core id		: 1
cpu cores	: 2
apicid		: 3
initial apicid	: 3
fpu		: yes
fpu_exception	: yes
cpuid level	: 13
wp		: yes
flags		: fpu vme de pse tsc msr pae mce cx8 apic sep mtrr pge mca cmov pat pse36 clflush dts acpi mmx fxsr sse sse2 ss ht tm pbe syscall nx pdpe1gb rdtscp lm constant_tsc arch_perfmon pebs bts rep_good nopl xtopology nonstop_tsc aperfmperf eagerfpu pni pclmulqdq dtes64 monitor ds_cpl vmx est tm2 ssse3 sdbg fma cx16 xtpr pdcm pcid sse4_1 sse4_2 x2apic movbe popcnt tsc_deadline_timer aes xsave avx f16c rdrand lahf_lm abm epb tpr_shadow vnmi flexpriority ept vpid fsgsbase tsc_adjust bmi1 avx2 smep bmi2 erms invpcid xsaveopt dtherm arat pln pts
bugs		:
bogomips	: 3791.34
clflush size	: 64
cache_alignment	: 64
address sizes	: 39 bits physical, 48 bits virtual
power management:



Memory: 4k page, physical 3972820k(133876k free), swap 1020k(0k free)

vm_info: OpenJDK 64-Bit Server VM (25.112-b06) for linux-amd64 JRE (1.8.0_112-release-b06), built on Dec  6 2016 12:11:18 by "builder" with gcc 4.8.4

time: Mon Jul 17 09:58:22 2017
elapsed time: 92 seconds (0d 0h 1m 32s)

