#
# There is insufficient memory for the Java Runtime Environment to continue.
# Native memory allocation (mmap) failed to map 152567808 bytes for committing reserved memory.
# Possible reasons:
#   The system is out of physical RAM or swap space
#   In 32 bit mode, the process size limit was hit
# Possible solutions:
#   Reduce memory load on the system
#   Increase physical memory or swap space
#   Check if swap backing store is full
#   Use 64 bit Java on a 64 bit OS
#   Decrease Java heap size (-Xmx/-Xms)
#   Decrease number of Java threads
#   Decrease Java thread stack sizes (-Xss)
#   Set larger code cache with -XX:ReservedCodeCacheSize=
# This output file may be truncated or incomplete.
#
#  Out of Memory Error (os_linux.cpp:2627), pid=4329, tid=0x00007ff90cafa700
#
# JRE version: OpenJDK Runtime Environment (8.0_112-b06) (build 1.8.0_112-release-b06)
# Java VM: OpenJDK 64-Bit Server VM (25.112-b06 mixed mode linux-amd64 compressed oops)
# Failed to write core dump. Core dumps have been disabled. To enable core dumping, try "ulimit -c unlimited" before starting Java again
#

---------------  T H R E A D  ---------------

Current thread (0x00007ff91c077800):  VMThread [stack: 0x00007ff90c9fa000,0x00007ff90cafb000] [id=4337]

Stack: [0x00007ff90c9fa000,0x00007ff90cafb000],  sp=0x00007ff90caf94d0,  free space=1021k
Native frames: (J=compiled Java code, j=interpreted, Vv=VM code, C=native code)
V  [libjvm.so+0x9e465d]  VMError::report_and_die()+0x15d
V  [libjvm.so+0x4b6ada]  report_vm_out_of_memory(char const*, int, unsigned long, VMErrorType, char const*)+0x8a
V  [libjvm.so+0x84c860]  os::pd_commit_memory(char*, unsigned long, unsigned long, bool)+0xf0
V  [libjvm.so+0x84737f]  os::commit_memory(char*, unsigned long, unsigned long, bool)+0x1f
V  [libjvm.so+0x8bd3db]  PSVirtualSpace::expand_by(unsigned long)+0x5b
V  [libjvm.so+0x8ae1bb]  PSOldGen::expand_by(unsigned long) [clone .part.109]+0x1b
V  [libjvm.so+0x8ae37b]  PSOldGen::expand(unsigned long) [clone .part.111]+0xdb
V  [libjvm.so+0x8aec58]  PSOldGen::resize(unsigned long)+0x188
V  [libjvm.so+0x8b426c]  PSParallelCompact::invoke_no_policy(bool)+0x97c
V  [libjvm.so+0x8bb37d]  PSScavenge::invoke()+0x17d
V  [libjvm.so+0x86fcf3]  ParallelScavengeHeap::failed_mem_allocate(unsigned long)+0x63
V  [libjvm.so+0x9e6124]  VM_ParallelGCFailedAllocation::doit()+0x84
V  [libjvm.so+0x9ea537]  VM_Operation::evaluate()+0x47
V  [libjvm.so+0x9e8ff8]  VMThread::evaluate_operation(VM_Operation*)+0x2c8
V  [libjvm.so+0x9e9479]  VMThread::loop()+0x219
V  [libjvm.so+0x9e98c2]  VMThread::run()+0x72
V  [libjvm.so+0x849c82]  java_start(Thread*)+0xf2

VM_Operation (0x00007ff8a77fc080): ParallelGCFailedAllocation, mode: safepoint, requested by thread 0x00007ff88c07d000


---------------  P R O C E S S  ---------------

Java Threads: ( => current thread )
  0x00007ff88c07e800 JavaThread "pool-10-thread-4" [_thread_blocked, id=4512, stack(0x00007ff8a66ef000,0x00007ff8a67f0000)]
  0x00007ff88c07d800 JavaThread "pool-10-thread-3" [_thread_blocked, id=4511, stack(0x00007ff8a77fe000,0x00007ff8a78ff000)]
  0x00007ff88c07d000 JavaThread "pool-10-thread-2" [_thread_blocked, id=4510, stack(0x00007ff8a76fd000,0x00007ff8a77fe000)]
  0x00007ff88c07c000 JavaThread "pool-11-thread-1" [_thread_blocked, id=4509, stack(0x00007ff8a75fc000,0x00007ff8a76fd000)]
  0x00007ff88c07b800 JavaThread "pool-10-thread-1" [_thread_blocked, id=4508, stack(0x00007ff8a63ec000,0x00007ff8a64ed000)]
  0x00007ff8c06da800 JavaThread "pool-8-thread-1" [_thread_blocked, id=4507, stack(0x00007ff8a78ff000,0x00007ff8a7a00000)]
  0x00007ff8c010e800 JavaThread "Cache update executor" [_thread_blocked, id=4475, stack(0x00007ff8fc0f7000,0x00007ff8fc1f8000)]
  0x00007ff8c00b8800 JavaThread "Stdin handler" [_thread_blocked, id=4473, stack(0x00007ff8fed80000,0x00007ff8fee81000)]
  0x00007ff8c026d800 JavaThread "Asynchronous log dispatcher for DefaultDaemonConnection: socket connection from /127.0.0.1:39687 to /127.0.0.1:44692" [_thread_blocked, id=4472, stack(0x00007ff8fee81000,0x00007ff8fef82000)]
  0x00007ff8cc004800 JavaThread "Cancel handler" [_thread_blocked, id=4469, stack(0x00007ff8ff384000,0x00007ff8ff485000)]
  0x00007ff8cc007800 JavaThread "Handler for socket connection from /127.0.0.1:39687 to /127.0.0.1:44692" [_thread_in_native, id=4468, stack(0x00007ff8fef82000,0x00007ff8ff083000)]
  0x00007ff884003000 JavaThread "process reaper" daemon [_thread_blocked, id=4430, stack(0x00007ff8fc65b000,0x00007ff8fc694000)]
  0x00007ff8cc005800 JavaThread "Daemon worker Thread 2" [_thread_blocked, id=4392, stack(0x00007ff8ff083000,0x00007ff8ff184000)]
  0x00007ff8c8010800 JavaThread "Daemon Thread 2" [_thread_blocked, id=4389, stack(0x00007ff8ff485000,0x00007ff8ff586000)]
  0x00007ff8b8ba6800 JavaThread "pool-2-thread-1" [_thread_blocked, id=4365, stack(0x00007ff8fd6e0000,0x00007ff8fd7e1000)]
  0x00007ff8b8353800 JavaThread "File lock request listener" [_thread_in_native, id=4358, stack(0x00007ff8fe905000,0x00007ff8fea06000)]
  0x00007ff91cc76000 JavaThread "pool-1-thread-1" [_thread_blocked, id=4357, stack(0x00007ff8fec7f000,0x00007ff8fed80000)]
  0x00007ff91cc44800 JavaThread "Incoming local TCP Connector on port 39687" [_thread_in_native, id=4348, stack(0x00007ff8ff78d000,0x00007ff8ff88e000)]
  0x00007ff91c0bf800 JavaThread "Service Thread" daemon [_thread_blocked, id=4344, stack(0x00007ff90c01b000,0x00007ff90c11c000)]
  0x00007ff91c0bc800 JavaThread "C1 CompilerThread2" daemon [_thread_blocked, id=4343, stack(0x00007ff90c11c000,0x00007ff90c21d000)]
  0x00007ff91c0ba800 JavaThread "C2 CompilerThread1" daemon [_thread_blocked, id=4342, stack(0x00007ff90c21d000,0x00007ff90c31e000)]
  0x00007ff91c0b7800 JavaThread "C2 CompilerThread0" daemon [_thread_blocked, id=4341, stack(0x00007ff90c31e000,0x00007ff90c41f000)]
  0x00007ff91c0b6800 JavaThread "Signal Dispatcher" daemon [_thread_blocked, id=4340, stack(0x00007ff90c41f000,0x00007ff90c520000)]
  0x00007ff91c083800 JavaThread "Finalizer" daemon [_thread_blocked, id=4339, stack(0x00007ff90c7f8000,0x00007ff90c8f9000)]
  0x00007ff91c07f000 JavaThread "Reference Handler" daemon [_thread_blocked, id=4338, stack(0x00007ff90c8f9000,0x00007ff90c9fa000)]
  0x00007ff91c00a000 JavaThread "main" [_thread_blocked, id=4332, stack(0x00007ff9252da000,0x00007ff9253db000)]

Other Threads:
=>0x00007ff91c077800 VMThread [stack: 0x00007ff90c9fa000,0x00007ff90cafb000] [id=4337]
  0x00007ff91c0c2000 WatcherThread [stack: 0x00007ff904eff000,0x00007ff905000000] [id=4345]

VM state:at safepoint (normal execution)

VM Mutex/Monitor currently owned by a thread:  ([mutex/lock_event])
[0x00007ff91c005df0] ExpandHeap_lock - owner thread: 0x00007ff91c077800
[0x00007ff91c006470] Threads_lock - owner thread: 0x00007ff91c077800
[0x00007ff91c006970] Heap_lock - owner thread: 0x00007ff88c07d000

Heap:
 PSYoungGen      total 420352K, used 35383K [0x00000000e0000000, 0x0000000100000000, 0x0000000100000000)
  eden space 333824K, 0% used [0x00000000e0000000,0x00000000e0000000,0x00000000f4600000)
  from space 86528K, 40% used [0x00000000f4600000,0x00000000f688de70,0x00000000f9a80000)
  to   space 87040K, 0% used [0x00000000fab00000,0x00000000fab00000,0x0000000100000000)
 ParOldGen       total 333312K, used 332918K [0x00000000a0000000, 0x00000000b4580000, 0x00000000e0000000)
  object space 333312K, 99% used [0x00000000a0000000,0x00000000b451d8f0,0x00000000b4580000)
 Metaspace       used 73798K, capacity 76892K, committed 77312K, reserved 1116160K
  class space    used 9443K, capacity 10149K, committed 10240K, reserved 1048576K

Card table byte_map: [0x00007ff921e6b000,0x00007ff92216c000] byte_map_base: 0x00007ff92196b000

Marking Bits: (ParMarkBitMap*) 0x00007ff9247a8340
 Begin Bits: [0x00007ff905000000, 0x00007ff906800000)
 End Bits:   [0x00007ff906800000, 0x00007ff908000000)

Polling page: 0x00007ff9253fa000

CodeCache: size=245760Kb used=48718Kb max_used=48718Kb free=197041Kb
 bounds [0x00007ff90d000000, 0x00007ff910070000, 0x00007ff91c000000]
 total_blobs=14394 nmethods=13603 adapters=703
 compilation: enabled

Compilation events (10 events):
Event: 211.433 Thread 0x00007ff91c0b7800 nmethod 17637 0x00007ff91004abd0 code [0x00007ff91004ae20, 0x00007ff91004c528]
Event: 211.433 Thread 0x00007ff91c0b7800 17377       4       com.android.dx.ssa.SsaMethod::isRegALocal (90 bytes)
Event: 211.442 Thread 0x00007ff91c0bc800 17652       3       com.android.dx.ssa.back.FirstFitLocalCombiningAllocator::tryMapRegs (110 bytes)
Event: 211.444 Thread 0x00007ff91c0bc800 nmethod 17652 0x00007ff90ee43250 code [0x00007ff90ee434a0, 0x00007ff90ee44338]
Event: 211.463 Thread 0x00007ff91c0bc800 17653   !   3       com.android.dx.cf.code.RopperMachine::run (1550 bytes)
Event: 211.467 Thread 0x00007ff91c0b7800 nmethod 17377 0x00007ff90f34bad0 code [0x00007ff90f34bd40, 0x00007ff90f34c8d8]
Event: 211.467 Thread 0x00007ff91c0b7800 17253       4       com.android.dx.cf.code.BaseMachine::storeResults (90 bytes)
Event: 211.501 Thread 0x00007ff91c0b7800 nmethod 17253 0x00007ff90d390ed0 code [0x00007ff90d391120, 0x00007ff90d391e38]
Event: 211.501 Thread 0x00007ff91c0b7800 17286 %     4       com.android.dx.ssa.SsaConverter::placePhiFunctions @ 264 (394 bytes)
Event: 211.541 Thread 0x00007ff91c0bc800 nmethod 17653 0x00007ff91004f110 code [0x00007ff910050380, 0x00007ff91005f7f8]

GC Heap History (10 events):
Event: 206.079 GC heap after
Heap after GC invocations=46 (full 7):
 PSYoungGen      total 343552K, used 7068K [0x00000000e0000000, 0x00000000fc700000, 0x0000000100000000)
  eden space 278528K, 0% used [0x00000000e0000000,0x00000000e0000000,0x00000000f1000000)
  from space 65024K, 10% used [0x00000000f1000000,0x00000000f16e7020,0x00000000f4f80000)
  to   space 67072K, 0% used [0x00000000f8580000,0x00000000f8580000,0x00000000fc700000)
 ParOldGen       total 333312K, used 214600K [0x00000000a0000000, 0x00000000b4580000, 0x00000000e0000000)
  object space 333312K, 64% used [0x00000000a0000000,0x00000000ad192058,0x00000000b4580000)
 Metaspace       used 73774K, capacity 76892K, committed 77312K, reserved 1116160K
  class space    used 9443K, capacity 10149K, committed 10240K, reserved 1048576K
}
Event: 207.110 GC heap before
{Heap before GC invocations=47 (full 7):
 PSYoungGen      total 343552K, used 285596K [0x00000000e0000000, 0x00000000fc700000, 0x0000000100000000)
  eden space 278528K, 100% used [0x00000000e0000000,0x00000000f1000000,0x00000000f1000000)
  from space 65024K, 10% used [0x00000000f1000000,0x00000000f16e7020,0x00000000f4f80000)
  to   space 67072K, 0% used [0x00000000f8580000,0x00000000f8580000,0x00000000fc700000)
 ParOldGen       total 333312K, used 214600K [0x00000000a0000000, 0x00000000b4580000, 0x00000000e0000000)
  object space 333312K, 64% used [0x00000000a0000000,0x00000000ad192058,0x00000000b4580000)
 Metaspace       used 73779K, capacity 76892K, committed 77312K, reserved 1116160K
  class space    used 9443K, capacity 10149K, committed 10240K, reserved 1048576K
Event: 207.297 GC heap after
Heap after GC invocations=47 (full 7):
 PSYoungGen      total 355840K, used 37225K [0x00000000e0000000, 0x00000000fb200000, 0x0000000100000000)
  eden space 310272K, 0% used [0x00000000e0000000,0x00000000e0000000,0x00000000f2f00000)
  from space 45568K, 81% used [0x00000000f8580000,0x00000000fa9da4d0,0x00000000fb200000)
  to   space 67072K, 0% used [0x00000000f2f00000,0x00000000f2f00000,0x00000000f7080000)
 ParOldGen       total 333312K, used 220689K [0x00000000a0000000, 0x00000000b4580000, 0x00000000e0000000)
  object space 333312K, 66% used [0x00000000a0000000,0x00000000ad784620,0x00000000b4580000)
 Metaspace       used 73779K, capacity 76892K, committed 77312K, reserved 1116160K
  class space    used 9443K, capacity 10149K, committed 10240K, reserved 1048576K
}
Event: 208.158 GC heap before
{Heap before GC invocations=48 (full 7):
 PSYoungGen      total 355840K, used 347497K [0x00000000e0000000, 0x00000000fb200000, 0x0000000100000000)
  eden space 310272K, 100% used [0x00000000e0000000,0x00000000f2f00000,0x00000000f2f00000)
  from space 45568K, 81% used [0x00000000f8580000,0x00000000fa9da4d0,0x00000000fb200000)
  to   space 67072K, 0% used [0x00000000f2f00000,0x00000000f2f00000,0x00000000f7080000)
 ParOldGen       total 333312K, used 220689K [0x00000000a0000000, 0x00000000b4580000, 0x00000000e0000000)
  object space 333312K, 66% used [0x00000000a0000000,0x00000000ad784620,0x00000000b4580000)
 Metaspace       used 73785K, capacity 76892K, committed 77312K, reserved 1116160K
  class space    used 9443K, capacity 10149K, committed 10240K, reserved 1048576K
Event: 208.279 GC heap after
Heap after GC invocations=48 (full 7):
 PSYoungGen      total 377344K, used 64627K [0x00000000e0000000, 0x00000000fe580000, 0x0000000100000000)
  eden space 310272K, 0% used [0x00000000e0000000,0x00000000e0000000,0x00000000f2f00000)
  from space 67072K, 96% used [0x00000000f2f00000,0x00000000f6e1cfb0,0x00000000f7080000)
  to   space 76800K, 0% used [0x00000000f9a80000,0x00000000f9a80000,0x00000000fe580000)
 ParOldGen       total 333312K, used 220689K [0x00000000a0000000, 0x00000000b4580000, 0x00000000e0000000)
  object space 333312K, 66% used [0x00000000a0000000,0x00000000ad784620,0x00000000b4580000)
 Metaspace       used 73785K, capacity 76892K, committed 77312K, reserved 1116160K
  class space    used 9443K, capacity 10149K, committed 10240K, reserved 1048576K
}
Event: 209.426 GC heap before
{Heap before GC invocations=49 (full 7):
 PSYoungGen      total 377344K, used 374899K [0x00000000e0000000, 0x00000000fe580000, 0x0000000100000000)
  eden space 310272K, 100% used [0x00000000e0000000,0x00000000f2f00000,0x00000000f2f00000)
  from space 67072K, 96% used [0x00000000f2f00000,0x00000000f6e1cfb0,0x00000000f7080000)
  to   space 76800K, 0% used [0x00000000f9a80000,0x00000000f9a80000,0x00000000fe580000)
 ParOldGen       total 333312K, used 220689K [0x00000000a0000000, 0x00000000b4580000, 0x00000000e0000000)
  object space 333312K, 66% used [0x00000000a0000000,0x00000000ad784620,0x00000000b4580000)
 Metaspace       used 73791K, capacity 76892K, committed 77312K, reserved 1116160K
  class space    used 9443K, capacity 10149K, committed 10240K, reserved 1048576K
Event: 209.675 GC heap after
Heap after GC invocations=49 (full 7):
 PSYoungGen      total 410624K, used 70013K [0x00000000e0000000, 0x00000000ffc00000, 0x0000000100000000)
  eden space 333824K, 0% used [0x00000000e0000000,0x00000000e0000000,0x00000000f4600000)
  from space 76800K, 91% used [0x00000000f9a80000,0x00000000fdedf5b0,0x00000000fe580000)
  to   space 86528K, 0% used [0x00000000f4600000,0x00000000f4600000,0x00000000f9a80000)
 ParOldGen       total 333312K, used 256671K [0x00000000a0000000, 0x00000000b4580000, 0x00000000e0000000)
  object space 333312K, 77% used [0x00000000a0000000,0x00000000afaa7ce8,0x00000000b4580000)
 Metaspace       used 73791K, capacity 76892K, committed 77312K, reserved 1116160K
  class space    used 9443K, capacity 10149K, committed 10240K, reserved 1048576K
}
Event: 211.544 GC heap before
{Heap before GC invocations=50 (full 7):
 PSYoungGen      total 410624K, used 403837K [0x00000000e0000000, 0x00000000ffc00000, 0x0000000100000000)
  eden space 333824K, 100% used [0x00000000e0000000,0x00000000f4600000,0x00000000f4600000)
  from space 76800K, 91% used [0x00000000f9a80000,0x00000000fdedf5b0,0x00000000fe580000)
  to   space 86528K, 0% used [0x00000000f4600000,0x00000000f4600000,0x00000000f9a80000)
 ParOldGen       total 333312K, used 256671K [0x00000000a0000000, 0x00000000b4580000, 0x00000000e0000000)
  object space 333312K, 77% used [0x00000000a0000000,0x00000000afaa7ce8,0x00000000b4580000)
 Metaspace       used 73798K, capacity 76892K, committed 77312K, reserved 1116160K
  class space    used 9443K, capacity 10149K, committed 10240K, reserved 1048576K
Event: 211.788 GC heap after
Heap after GC invocations=50 (full 7):
 PSYoungGen      total 420352K, used 49986K [0x00000000e0000000, 0x0000000100000000, 0x0000000100000000)
  eden space 333824K, 0% used [0x00000000e0000000,0x00000000e0000000,0x00000000f4600000)
  from space 86528K, 57% used [0x00000000f4600000,0x00000000f76d09b8,0x00000000f9a80000)
  to   space 87040K, 0% used [0x00000000fab00000,0x00000000fab00000,0x0000000100000000)
 ParOldGen       total 333312K, used 324809K [0x00000000a0000000, 0x00000000b4580000, 0x00000000e0000000)
  object space 333312K, 97% used [0x00000000a0000000,0x00000000b3d326d0,0x00000000b4580000)
 Metaspace       used 73798K, capacity 76892K, committed 77312K, reserved 1116160K
  class space    used 9443K, capacity 10149K, committed 10240K, reserved 1048576K
}
Event: 211.789 GC heap before
{Heap before GC invocations=51 (full 8):
 PSYoungGen      total 420352K, used 49986K [0x00000000e0000000, 0x0000000100000000, 0x0000000100000000)
  eden space 333824K, 0% used [0x00000000e0000000,0x00000000e0000000,0x00000000f4600000)
  from space 86528K, 57% used [0x00000000f4600000,0x00000000f76d09b8,0x00000000f9a80000)
  to   space 87040K, 0% used [0x00000000fab00000,0x00000000fab00000,0x0000000100000000)
 ParOldGen       total 333312K, used 324809K [0x00000000a0000000, 0x00000000b4580000, 0x00000000e0000000)
  object space 333312K, 97% used [0x00000000a0000000,0x00000000b3d326d0,0x00000000b4580000)
 Metaspace       used 73798K, capacity 76892K, committed 77312K, reserved 1116160K
  class space    used 9443K, capacity 10149K, committed 10240K, reserved 1048576K

Deoptimization events (10 events):
Event: 208.550 Thread 0x00007ff88c07b800 Uncommon trap: reason=unstable_if action=reinterpret pc=0x00007ff90dc1742c method=com.android.dx.rop.code.BasicBlockList.preferredSuccessorOf(Lcom/android/dx/rop/code/BasicBlock;)Lcom/android/dx/rop/code/BasicBlock; @ 58
Event: 210.281 Thread 0x00007ff88c07d000 Uncommon trap: reason=unstable_if action=reinterpret pc=0x00007ff90d47def4 method=com.android.dx.ssa.SsaMethod.makeExitBlock()V @ 103
Event: 210.281 Thread 0x00007ff88c07d000 Uncommon trap: reason=unstable_if action=reinterpret pc=0x00007ff90fa630a8 method=com.android.dx.ssa.SsaMethod.getExitBlock()Lcom/android/dx/ssa/SsaBasicBlock; @ 4
Event: 210.281 Thread 0x00007ff88c07d000 Uncommon trap: reason=unstable_if action=reinterpret pc=0x00007ff90f30f018 method=com.android.dx.ssa.SsaMethod.getExitBlock()Lcom/android/dx/ssa/SsaBasicBlock; @ 4
Event: 210.281 Thread 0x00007ff88c07d000 Uncommon trap: reason=unstable_if action=reinterpret pc=0x00007ff90fb93b90 method=com.android.dx.ssa.SsaMethod.getExitBlock()Lcom/android/dx/ssa/SsaBasicBlock; @ 4
Event: 210.282 Thread 0x00007ff88c07d000 Uncommon trap: reason=unstable_if action=reinterpret pc=0x00007ff90fbd4b2c method=com.android.dx.ssa.SsaMethod.getExitBlock()Lcom/android/dx/ssa/SsaBasicBlock; @ 4
Event: 210.282 Thread 0x00007ff88c07d000 Uncommon trap: reason=unstable_if action=reinterpret pc=0x00007ff90fcc6010 method=com.android.dx.ssa.SsaMethod.getExitBlock()Lcom/android/dx/ssa/SsaBasicBlock; @ 4
Event: 210.617 Thread 0x00007ff88c07d800 Uncommon trap: reason=unstable_if action=reinterpret pc=0x00007ff91000b928 method=com.android.dx.dex.code.RopTranslator.outputBlock(Lcom/android/dx/rop/code/BasicBlock;I)V @ 140
Event: 211.373 Thread 0x00007ff88c07e800 Uncommon trap: reason=unstable_if action=reinterpret pc=0x00007ff910024d5c method=com.android.dx.cf.code.RopperMachine.updateReturnOp(Lcom/android/dx/rop/code/Rop;Lcom/android/dx/rop/code/SourcePosition;)V @ 106
Event: 211.436 Thread 0x00007ff88c07d000 Uncommon trap: reason=unstable_if action=reinterpret pc=0x00007ff91004bae0 method=com.android.dx.util.BitIntSet.has(I)Z @ 8

Internal exceptions (10 events):
Event: 174.491 Thread 0x00007ff8cc005800 Exception <a 'sun/nio/fs/UnixException'> (0x00000000e615c158) thrown at [/ssd/Android/AOSP-openjdk/external/jetbrains/jdk/hotspot/src/share/vm/prims/jni.cpp, line 709]
Event: 174.491 Thread 0x00007ff8cc005800 Exception <a 'sun/nio/fs/UnixException'> (0x00000000e615d570) thrown at [/ssd/Android/AOSP-openjdk/external/jetbrains/jdk/hotspot/src/share/vm/prims/jni.cpp, line 709]
Event: 174.491 Thread 0x00007ff8cc005800 Exception <a 'sun/nio/fs/UnixException'> (0x00000000e615ff00) thrown at [/ssd/Android/AOSP-openjdk/external/jetbrains/jdk/hotspot/src/share/vm/prims/jni.cpp, line 709]
Event: 174.492 Thread 0x00007ff8cc005800 Exception <a 'sun/nio/fs/UnixException'> (0x00000000e6161220) thrown at [/ssd/Android/AOSP-openjdk/external/jetbrains/jdk/hotspot/src/share/vm/prims/jni.cpp, line 709]
Event: 179.450 Thread 0x00007ff8cc005800 Implicit null exception at 0x00007ff90ed82f85 to 0x00007ff90ed8366d
Event: 186.574 Thread 0x00007ff8c010e800 Exception <a 'java/lang/NoSuchMethodError': <clinit>> (0x00000000e768cf08) thrown at [/ssd/Android/AOSP-openjdk/external/jetbrains/jdk/hotspot/src/share/vm/prims/jni.cpp, line 1613]
Event: 197.493 Thread 0x00007ff88c07d000 Implicit null exception at 0x00007ff90e5c5ba2 to 0x00007ff90e5c5c9b
Event: 197.507 Thread 0x00007ff88c07b800 Implicit null exception at 0x00007ff90d47c1f2 to 0x00007ff90d47d0ad
Event: 198.044 Thread 0x00007ff88c07b800 Implicit null exception at 0x00007ff90e8e8365 to 0x00007ff90e8e8f1d
Event: 198.160 Thread 0x00007ff88c07d800 Implicit null exception at 0x00007ff90f34a40d to 0x00007ff90f34a5e9

Events (10 events):
Event: 210.841 Thread 0x00007ff88c07d000 DEOPT UNPACKING pc=0x00007ff90d047373 sp=0x00007ff8a77fbf50 mode 0
Event: 211.373 Thread 0x00007ff88c07e800 Uncommon trap: trap_request=0xffffff65 fr.pc=0x00007ff910024d5c
Event: 211.373 Thread 0x00007ff88c07e800 DEOPT PACKING pc=0x00007ff910024d5c sp=0x00007ff8a67edb60
Event: 211.373 Thread 0x00007ff88c07e800 DEOPT UNPACKING pc=0x00007ff90d004f69 sp=0x00007ff8a67edaa8 mode 2
Event: 211.436 Thread 0x00007ff88c07d000 Uncommon trap: trap_request=0xffffff65 fr.pc=0x00007ff91004bae0
Event: 211.436 Thread 0x00007ff88c07d000 DEOPT PACKING pc=0x00007ff91004bae0 sp=0x00007ff8a77fbf60
Event: 211.436 Thread 0x00007ff88c07d000 DEOPT UNPACKING pc=0x00007ff90d004f69 sp=0x00007ff8a77fbd28 mode 2
Event: 211.489 Thread 0x00007ff88c07b800 DEOPT PACKING pc=0x00007ff90fc00502 sp=0x00007ff8a64eb1c0
Event: 211.489 Thread 0x00007ff88c07b800 DEOPT UNPACKING pc=0x00007ff90d047373 sp=0x00007ff8a64eaf00 mode 0
Event: 211.544 Executing VM operation: ParallelGCFailedAllocation


Dynamic libraries:
00400000-00401000 r-xp 00000000 08:07 1201464                            /home/chivu/Downloads/android-studio-p/jre/bin/java
00600000-00601000 r--p 00000000 08:07 1201464                            /home/chivu/Downloads/android-studio-p/jre/bin/java
00601000-00602000 rw-p 00001000 08:07 1201464                            /home/chivu/Downloads/android-studio-p/jre/bin/java
00ef6000-00f17000 rw-p 00000000 00:00 0                                  [heap]
a0000000-b4580000 rw-p 00000000 00:00 0 
bd700000-e0000000 ---p 00000000 00:00 0 
e0000000-100000000 rw-p 00000000 00:00 0 
100000000-100a00000 rw-p 00000000 00:00 0 
100a00000-140000000 ---p 00000000 00:00 0 
7ff884000000-7ff884041000 rw-p 00000000 00:00 0 
7ff884041000-7ff888000000 ---p 00000000 00:00 0 
7ff88c000000-7ff88c17d000 rw-p 00000000 00:00 0 
7ff88c17d000-7ff890000000 ---p 00000000 00:00 0 
7ff890000000-7ff89003c000 rw-p 00000000 00:00 0 
7ff89003c000-7ff894000000 ---p 00000000 00:00 0 
7ff894000000-7ff894021000 rw-p 00000000 00:00 0 
7ff894021000-7ff898000000 ---p 00000000 00:00 0 
7ff898000000-7ff898021000 rw-p 00000000 00:00 0 
7ff898021000-7ff89c000000 ---p 00000000 00:00 0 
7ff89c000000-7ff89c037000 rw-p 00000000 00:00 0 
7ff89c037000-7ff8a0000000 ---p 00000000 00:00 0 
7ff8a0000000-7ff8a0021000 rw-p 00000000 00:00 0 
7ff8a0021000-7ff8a4000000 ---p 00000000 00:00 0 
7ff8a58f4000-7ff8a5a74000 rw-p 00000000 00:00 0 
7ff8a5a74000-7ff8a5af4000 ---p 00000000 00:00 0 
7ff8a5af4000-7ff8a5bcc000 r--s 009c7000 08:07 2144764                    /home/chivu/Desktop/newsApp/app/build/intermediates/transforms/jarMerging/debug/jars/1/1f/combined.jar
7ff8a5bcc000-7ff8a5dcc000 rw-p 00000000 00:00 0 
7ff8a5dcc000-7ff8a5fcc000 rw-p 00000000 00:00 0 
7ff8a5fec000-7ff8a61ec000 rw-p 00000000 00:00 0 
7ff8a61ec000-7ff8a63ec000 rw-p 00000000 00:00 0 
7ff8a63ec000-7ff8a63ef000 ---p 00000000 00:00 0 
7ff8a63ef000-7ff8a64ed000 rw-p 00000000 00:00 0 
7ff8a64ed000-7ff8a64f0000 ---p 00000000 00:00 0 
7ff8a64f0000-7ff8a65ee000 rw-p 00000000 00:00 0 
7ff8a65ee000-7ff8a65f1000 ---p 00000000 00:00 0 
7ff8a65f1000-7ff8a66ef000 rw-p 00000000 00:00 0 
7ff8a66ef000-7ff8a66f2000 ---p 00000000 00:00 0 
7ff8a66f2000-7ff8a67f0000 rw-p 00000000 00:00 0 
7ff8a67f0000-7ff8a67f3000 ---p 00000000 00:00 0 
7ff8a67f3000-7ff8a68f1000 rw-p 00000000 00:00 0 
7ff8a68f1000-7ff8a68f4000 ---p 00000000 00:00 0 
7ff8a68f4000-7ff8a69f2000 rw-p 00000000 00:00 0 
7ff8a69f2000-7ff8a69f5000 ---p 00000000 00:00 0 
7ff8a69f5000-7ff8a6af3000 rw-p 00000000 00:00 0 
7ff8a6af3000-7ff8a6af6000 ---p 00000000 00:00 0 
7ff8a6af6000-7ff8a6bf4000 rw-p 00000000 00:00 0 
7ff8a6bf4000-7ff8a6bf7000 ---p 00000000 00:00 0 
7ff8a6bf7000-7ff8a6cf5000 rw-p 00000000 00:00 0 
7ff8a6cf5000-7ff8a6cf8000 ---p 00000000 00:00 0 
7ff8a6cf8000-7ff8a6df6000 rw-p 00000000 00:00 0 
7ff8a6df6000-7ff8a6df9000 ---p 00000000 00:00 0 
7ff8a6df9000-7ff8a6ef7000 rw-p 00000000 00:00 0 
7ff8a6ef7000-7ff8a6efa000 ---p 00000000 00:00 0 
7ff8a6efa000-7ff8a6ff8000 rw-p 00000000 00:00 0 
7ff8a6ff8000-7ff8a6ffb000 ---p 00000000 00:00 0 
7ff8a6ffb000-7ff8a70f9000 rw-p 00000000 00:00 0 
7ff8a70f9000-7ff8a70fc000 ---p 00000000 00:00 0 
7ff8a70fc000-7ff8a71fa000 rw-p 00000000 00:00 0 
7ff8a71fa000-7ff8a71fd000 ---p 00000000 00:00 0 
7ff8a71fd000-7ff8a72fb000 rw-p 00000000 00:00 0 
7ff8a72fb000-7ff8a72fe000 ---p 00000000 00:00 0 
7ff8a72fe000-7ff8a75fc000 rw-p 00000000 00:00 0 
7ff8a75fc000-7ff8a75ff000 ---p 00000000 00:00 0 
7ff8a75ff000-7ff8a76fd000 rw-p 00000000 00:00 0 
7ff8a76fd000-7ff8a7700000 ---p 00000000 00:00 0 
7ff8a7700000-7ff8a77fe000 rw-p 00000000 00:00 0 
7ff8a77fe000-7ff8a7801000 ---p 00000000 00:00 0 
7ff8a7801000-7ff8a78ff000 rw-p 00000000 00:00 0 
7ff8a78ff000-7ff8a7902000 ---p 00000000 00:00 0 
7ff8a7902000-7ff8a7c00000 rw-p 00000000 00:00 0 
7ff8a7c00000-7ff8a7e00000 rw-p 00000000 00:00 0 
7ff8a7e00000-7ff8a8000000 rw-p 00000000 00:00 0 
7ff8a8000000-7ff8a8021000 rw-p 00000000 00:00 0 
7ff8a8021000-7ff8ac000000 ---p 00000000 00:00 0 
7ff8ac000000-7ff8ac021000 rw-p 00000000 00:00 0 
7ff8ac021000-7ff8b0000000 ---p 00000000 00:00 0 
7ff8b0000000-7ff8b0036000 rw-p 00000000 00:00 0 
7ff8b0036000-7ff8b4000000 ---p 00000000 00:00 0 
7ff8b4000000-7ff8b4021000 rw-p 00000000 00:00 0 
7ff8b4021000-7ff8b8000000 ---p 00000000 00:00 0 
7ff8b8000000-7ff8b9496000 rw-p 00000000 00:00 0 
7ff8b9496000-7ff8bc000000 ---p 00000000 00:00 0 
7ff8bc000000-7ff8bc021000 rw-p 00000000 00:00 0 
7ff8bc021000-7ff8c0000000 ---p 00000000 00:00 0 
7ff8c0000000-7ff8c07f3000 rw-p 00000000 00:00 0 
7ff8c07f3000-7ff8c4000000 ---p 00000000 00:00 0 
7ff8c4000000-7ff8c4021000 rw-p 00000000 00:00 0 
7ff8c4021000-7ff8c8000000 ---p 00000000 00:00 0 
7ff8c8000000-7ff8c806f000 rw-p 00000000 00:00 0 
7ff8c806f000-7ff8cc000000 ---p 00000000 00:00 0 
7ff8cc000000-7ff8cc021000 rw-p 00000000 00:00 0 
7ff8cc021000-7ff8d0000000 ---p 00000000 00:00 0 
7ff8d0000000-7ff8d0021000 rw-p 00000000 00:00 0 
7ff8d0021000-7ff8d4000000 ---p 00000000 00:00 0 
7ff8d4000000-7ff8d4021000 rw-p 00000000 00:00 0 
7ff8d4021000-7ff8d8000000 ---p 00000000 00:00 0 
7ff8d8000000-7ff8da66e000 rw-p 00000000 00:00 0 
7ff8da66e000-7ff8dc000000 ---p 00000000 00:00 0 
7ff8dc000000-7ff8dd2c6000 rw-p 00000000 00:00 0 
7ff8dd2c6000-7ff8e0000000 ---p 00000000 00:00 0 
7ff8e0000000-7ff8e0021000 rw-p 00000000 00:00 0 
7ff8e0021000-7ff8e4000000 ---p 00000000 00:00 0 
7ff8e4000000-7ff8e6aa2000 rw-p 00000000 00:00 0 
7ff8e6aa2000-7ff8e8000000 ---p 00000000 00:00 0 
7ff8e8000000-7ff8e8021000 rw-p 00000000 00:00 0 
7ff8e8021000-7ff8ec000000 ---p 00000000 00:00 0 
7ff8ec000000-7ff8ec021000 rw-p 00000000 00:00 0 
7ff8ec021000-7ff8f0000000 ---p 00000000 00:00 0 
7ff8f0000000-7ff8f004d000 rw-p 00000000 00:00 0 
7ff8f004d000-7ff8f4000000 ---p 00000000 00:00 0 
7ff8f4000000-7ff8f42a8000 rw-p 00000000 00:00 0 
7ff8f42a8000-7ff8f8000000 ---p 00000000 00:00 0 
7ff8f8000000-7ff8f8031000 rw-p 00000000 00:00 0 
7ff8f8031000-7ff8fc000000 ---p 00000000 00:00 0 
7ff8fc0be000-7ff8fc0c1000 ---p 00000000 00:00 0 
7ff8fc0c1000-7ff8fc0f7000 rw-p 00000000 00:00 0 
7ff8fc0f7000-7ff8fc0fa000 ---p 00000000 00:00 0 
7ff8fc0fa000-7ff8fc3f8000 rw-p 00000000 00:00 0 
7ff8fc3f8000-7ff8fc5f8000 rw-p 00000000 00:00 0 
7ff8fc622000-7ff8fc625000 ---p 00000000 00:00 0 
7ff8fc625000-7ff8fc65b000 rw-p 00000000 00:00 0 
7ff8fc65b000-7ff8fc65e000 ---p 00000000 00:00 0 
7ff8fc65e000-7ff8fc694000 rw-p 00000000 00:00 0 
7ff8fc694000-7ff8fc697000 ---p 00000000 00:00 0 
7ff8fc697000-7ff8fc8cd000 rw-p 00000000 00:00 0 
7ff8fc8cd000-7ff8fcacd000 rw-p 00000000 00:00 0 
7ff8fcacd000-7ff8fcccd000 rw-p 00000000 00:00 0 
7ff8fcccd000-7ff8fcecd000 rw-p 00000000 00:00 0 
7ff8fcecd000-7ff8fcee0000 r--s 00344000 08:07 1201558                    /home/chivu/Downloads/android-studio-p/jre/jre/lib/resources.jar
7ff8fcee0000-7ff8fd0e0000 rw-p 00000000 00:00 0 
7ff8fd0e0000-7ff8fd2e0000 rw-p 00000000 00:00 0 
7ff8fd2e0000-7ff8fd4e0000 rw-p 00000000 00:00 0 
7ff8fd4e0000-7ff8fd6e0000 rw-p 00000000 00:00 0 
7ff8fd6e0000-7ff8fd6e3000 ---p 00000000 00:00 0 
7ff8fd6e3000-7ff8fd9e1000 rw-p 00000000 00:00 0 
7ff8fd9e1000-7ff8fd9e2000 r--s 00001000 08:07 1094992                    /home/chivu/.gradle/caches/jars-2/cmhx5eetujk7j30d3nllwxyrlnugzjw/annotations-25.3.3.jar
7ff8fd9e2000-7ff8fd9ea000 r--s 000a8000 08:07 932893                     /home/chivu/.gradle/caches/jars-2/lp0h431tl0554nh1vx6zomcvteflkp/lombok-ast-0.2.3.jar
7ff8fd9ea000-7ff8fd9fe000 r--s 000b4000 08:07 139376                     /home/chivu/.gradle/caches/jars-2/hgvw6szzawm3evod5l2d6iutfug31w0/uast-162.2228.14.jar
7ff8fd9fe000-7ff8fda00000 r--s 0000d000 08:07 932889                     /home/chivu/.gradle/caches/jars-2/7pwz1bowgakb1eux9ezb56jlturgsyi/commons-codec-1.4.jar
7ff8fda00000-7ff8fda02000 r--s 0000d000 08:07 932887                     /home/chivu/.gradle/caches/jars-2/9dj1m0eyooi5qt13735vz8fpkl3cnfy/commons-logging-1.1.1.jar
7ff8fda02000-7ff8fda07000 r--s 00028000 08:07 932885                     /home/chivu/.gradle/caches/jars-2/62lv0fe9b3xbqe57f6ljy5upwi7mf6k/httpcore-4.1.jar
7ff8fda07000-7ff8fda0b000 r--s 0002f000 08:07 932883                     /home/chivu/.gradle/caches/jars-2/gsg5n52frsvw6sx0swqqe2hwijwdcf0/jimfs-1.1.jar
7ff8fda0b000-7ff8fda0c000 r--s 00004000 08:07 932881                     /home/chivu/.gradle/caches/jars-2/lxs252id0979odjrerlctkb26c2vj95/annotations-12.0.jar
7ff8fda0c000-7ff8fda0d000 r--s 00004000 08:07 932879                     /home/chivu/.gradle/caches/jars-2/9kn99dr0rulyl67sct1ephwcop56l61/asm-analysis-5.0.4.jar
7ff8fda0d000-7ff8fda11000 r--s 00040000 08:07 1094991                    /home/chivu/.gradle/caches/jars-2/ccvn7yglm4blceovs70fngoac1eyn4f/lint-api-25.3.3.jar
7ff8fda11000-7ff8fda12000 r--s 0000a000 08:07 932875                     /home/chivu/.gradle/caches/jars-2/nwyg9io65lv6jvmwit2wq82xnnxd7ia/kxml2-2.3.0.jar
7ff8fda12000-7ff8fda14000 r--s 00005000 08:07 932873                     /home/chivu/.gradle/caches/jars-2/i6hc1uuj8e9ck59slmzdyz78ydn8sr6/httpmime-4.1.jar
7ff8fda14000-7ff8fda1c000 r--s 0004e000 08:07 932871                     /home/chivu/.gradle/caches/jars-2/7503wa5irssz0xxahv1xb82p2dl7rr2/httpclient-4.1.1.jar
7ff8fda1c000-7ff8fda23000 r--s 00053000 08:07 932869                     /home/chivu/.gradle/caches/jars-2/jgkfvs4eqggj7qsyw1f5d3up57hanj1/commons-compress-1.8.1.jar
7ff8fda23000-7ff8fda28000 r--s 0002a000 08:07 932867                     /home/chivu/.gradle/caches/jars-2/je8f027qcr1z1egw08byp1ybxbp9kko/gson-2.2.4.jar
7ff8fda28000-7ff8fda2d000 r--s 0002e000 08:07 1094990                    /home/chivu/.gradle/caches/jars-2/s427p2wh0tfza0xa8qijgx107eeevyl/repository-25.3.3.jar
7ff8fda2d000-7ff8fda2f000 r--s 00006000 08:07 1094989                    /home/chivu/.gradle/caches/jars-2/e2s952s6co8tps89l80r4riixwqo2oe/dvlib-25.3.3.jar
7ff8fda2f000-7ff8fda31000 r--s 00013000 08:07 1094883                    /home/chivu/.gradle/caches/jars-2/s02k517nvrh8cbp2c8dz4slqska6dj9/layoutlib-api-25.3.3.jar
7ff8fda31000-7ff8fda36000 r--s 00058000 08:07 932859                     /home/chivu/.gradle/caches/jars-2/st159835qgxm0l87oqrnhayxos4lc1n/asm-debug-all-5.0.1.jar
7ff8fda36000-7ff8fda46000 r--s 000d5000 08:07 932857                     /home/chivu/.gradle/caches/jars-2/qzf32gp9kej4w4hlbabft6tplu74cj3/proguard-base-5.3.2.jar
7ff8fda46000-7ff8fda49000 r--s 00033000 08:07 932855                     /home/chivu/.gradle/caches/jars-2/nz9sndmr8b4xbj4xulkaciy5kdbyfiz/juniversalchardet-1.0.3.jar
7ff8fda49000-7ff8fda4d000 r--s 0002a000 08:07 932853                     /home/chivu/.gradle/caches/jars-2/krbpn9xjn1qymukyx8cc5l799ty1v3h/commons-io-2.4.jar
7ff8fda4d000-7ff8fda64000 r--s 00154000 08:07 932851                     /home/chivu/.gradle/caches/jars-2/sfeivjswzitn6n0fnjx3ueszz8gv8o1/antlr4-4.5.3.jar
7ff8fda64000-7ff8fda66000 r--s 00002000 08:07 1094881                    /home/chivu/.gradle/caches/jars-2/rh2ip1x2zziz26tr3qzudtz088pqsb2/baseLibrary-2.3.3.jar
7ff8fda66000-7ff8fda91000 r--s 001fc000 08:07 932847                     /home/chivu/.gradle/caches/jars-2/nxjrjftly2xksl8o0wqgivu5netfu2x/guava-18.0.jar
7ff8fda91000-7ff8fdaa4000 r--s 00241000 08:07 932845                     /home/chivu/.gradle/caches/jars-2/9yuekvg4qerfitq3xec0iyckuw3hwaq/ecj-4.6.1.jar
7ff8fdaa4000-7ff8fdaab000 r--s 000d9000 08:07 1094862                    /home/chivu/.gradle/caches/jars-2/ak89aa8liqmr44u7r08njntn6oehe0z/lint-checks-25.3.3.jar
7ff8fdaab000-7ff8fdaad000 r--s 00006000 08:07 932841                     /home/chivu/.gradle/caches/jars-2/6phgj9ki3jl3p5epzkqoo8pr6kur40b/asm-tree-5.0.4.jar
7ff8fdaad000-7ff8fdae0000 r--s 00203000 08:07 932839                     /home/chivu/.gradle/caches/jars-2/hj0bfvxu9cq7hkwmecvp0kg137or3hh/bcprov-jdk15on-1.48.jar
7ff8fdae0000-7ff8fdaee000 r--s 00081000 08:07 932837                     /home/chivu/.gradle/caches/jars-2/4r7xli0tz94y0wfjrdyjxlxar3g1pb9/bcpkix-jdk15on-1.48.jar
7ff8fdaee000-7ff8fdaf0000 r--s 00002000 08:07 932835                     /home/chivu/.gradle/caches/jars-2/f32bh5uivuf69ecz2j8hl96ksnqdh7v/javawriter-2.5.0.jar
7ff8fdaf0000-7ff8fdaf2000 r--s 00004000 08:07 1094861                    /home/chivu/.gradle/caches/jars-2/j6s1upogkwo00sygdsekzj4fx0i75uy/tracker-25.3.3.jar
7ff8fdaf2000-7ff8fdaf3000 r--s 00005000 08:07 1094860                    /home/chivu/.gradle/caches/jars-2/4svya0t1s9wyo35ycd3atidsaoo6w7e/shared-25.3.3.jar
7ff8fdaf3000-7ff8fdb01000 r--s 00147000 08:07 1094859                    /home/chivu/.gradle/caches/jars-2/qx6695c5ocd9swxv7wqtxor3plyb4b7/protos-25.3.3.jar
7ff8fdb01000-7ff8fdb02000 r--s 00001000 08:07 139356                     /home/chivu/.gradle/caches/jars-2/bqo69msswbvaagsh45hf1tq02v21sml/jill-api-0.10.0.jar
7ff8fdb02000-7ff8fdb04000 r--s 00003000 08:07 139354                     /home/chivu/.gradle/caches/jars-2/7pldadygbci34ql8thws797g29k1uhh/jack-api-0.13.0.jar
7ff8fdb04000-7ff8fdb0a000 r--s 0004a000 08:07 1094853                    /home/chivu/.gradle/caches/jars-2/euoqfzf5y1sibp9ul8mcz0wovj380eo/ddmlib-25.3.3.jar
7ff8fdb0a000-7ff8fdb0d000 r--s 00022000 08:07 1094848                    /home/chivu/.gradle/caches/jars-2/a81bg2yxzmumashablwecaj0ksz6tmj/manifest-merger-25.3.3.jar
7ff8fdb0d000-7ff8fdb10000 r--s 0001c000 08:07 1094847                    /home/chivu/.gradle/caches/jars-2/l6cnyee1vojrkkbpp6qwgpf30shmrja/common-25.3.3.jar
7ff8fdb10000-7ff8fdb19000 r--s 00089000 08:07 1094417                    /home/chivu/.gradle/caches/jars-2/m0t6h8af70sdgxvkj522jy01i14mnb8/sdk-common-25.3.3.jar
7ff8fdb19000-7ff8fdb23000 r--s 00098000 08:07 1094415                    /home/chivu/.gradle/caches/jars-2/28c9ykhc782k8jmlrnbnccai34hziki/sdklib-25.3.3.jar
7ff8fdb23000-7ff8fdb26000 r--s 00006000 08:07 1094385                    /home/chivu/.gradle/caches/jars-2/omk02asobup8sgd6qxom3ej5bg94z2r/builder-model-2.3.3.jar
7ff8fdb26000-7ff8fdb35000 r--s 00130000 08:07 932809                     /home/chivu/.gradle/caches/jars-2/cr6zkqpx14lor9zdtmo49qpc7y8r8p4/protobuf-java-3.0.0.jar
7ff8fdb35000-7ff8fdb37000 r--s 0000f000 08:07 932807                     /home/chivu/.gradle/caches/jars-2/rvfyugrlu5tbpz51p98og0qsxamjq4k/jopt-simple-4.9.jar
7ff8fdb37000-7ff8fdb3b000 r--s 0001f000 08:07 932805                     /home/chivu/.gradle/caches/jars-2/nq3fzqkrrm37ob61z4iu5qdbh368uat/org.jacoco.report-0.7.5.201505241946.jar
7ff8fdb3b000-7ff8fdb3f000 r--s 0001d000 08:07 932803                     /home/chivu/.gradle/caches/jars-2/3kxkmcckmk40ron92zhbm0qjo9l4bkl/org.jacoco.core-0.7.5.201505241946.jar
7ff8fdb3f000-7ff8fdb41000 r--s 00002000 08:07 932801                     /home/chivu/.gradle/caches/jars-2/m4m0pzb4gmaeh0in5g2xc4bxeuwt828/proguard-gradle-5.3.2.jar
7ff8fdb41000-7ff8fdb43000 r--s 00009000 08:07 932799                     /home/chivu/.gradle/caches/jars-2/ajvcvdu66lc9e3tvvipxtuq48i9bbkc/asm-commons-5.0.4.jar
7ff8fdb43000-7ff8fdd43000 rw-p 00000000 00:00 0 
7ff8fdd43000-7ff8fdf43000 rw-p 00000000 00:00 0 
7ff8fdf43000-7ff8fdfb3000 r--s 00643000 08:07 932707                     /home/chivu/.gradle/caches/jars-2/8cxlnul3q31hn64oaeyb96yvefwfs4h/groovy-all-2.4.6.jar
7ff8fdfb3000-7ff8fdfb4000 r--p 00000000 00:00 0 
7ff8fdfb4000-7ff8fdfb5000 r--s 00002000 08:07 1094389                    /home/chivu/.gradle/caches/jars-2/4dod7a1p5hoai4v37pxbcg65bbahvg2/builder-test-api-2.3.3.jar
7ff8fdfb5000-7ff8fdfb7000 r--s 0000c000 08:07 932797                     /home/chivu/.gradle/caches/jars-2/1laz1ygmxoc408r7nwqs1q8uk8r236d/asm-5.0.4.jar
7ff8fdfb7000-7ff8fdfbc000 r--s 0002c000 08:07 1094383                    /home/chivu/.gradle/caches/jars-2/3mlasgi8oo9o7oa12526198jui9zmp2/compilerCommon-2.3.3.jar
7ff8fdfbc000-7ff8fdfbd000 r--s 00002000 08:07 1094379                    /home/chivu/.gradle/caches/jars-2/73l309uzm0ila7rdaaxteq0ng4ayf2y/gradle-api-2.3.3.jar
7ff8fdfbd000-7ff8fdfbe000 r--s 00000000 08:07 139334                     /home/chivu/.gradle/caches/jars-2/tlyajppf8woug00g686fx5mchf8iv3o/transform-api-2.0.0-deprecated-use-gradle-api.jar
7ff8fdfbe000-7ff8fdfc3000 r--s 0005e000 08:07 1094349                    /home/chivu/.gradle/caches/jars-2/k2xtosjt0in0zj7mpwvctw6iznt93uh/lint-25.3.3.jar
7ff8fdfc3000-7ff8fdfd9000 r--s 00163000 08:07 1094347                    /home/chivu/.gradle/caches/jars-2/nyg71b5n2lzymmwh5vbtmvjiby07k4g/builder-2.3.3.jar
7ff8fdfd9000-7ff8fdff8000 r--s 001ca000 08:07 1094310                    /home/chivu/.gradle/caches/jars-2/5fwyvjq1ai8mdh1mluqxidj1wo7rls8/gradle-core-2.3.3.jar
7ff8fdff8000-7ff8fdffa000 r--s 00007000 08:07 266240                     /home/chivu/.gradle/caches/modules-2/files-2.1/com.google.gms/google-services/3.1.0/166ae4e6acd03b7bbebe221ffa54bc039fece1b9/google-services-3.1.0.jar
7ff8fdffa000-7ff8fdffc000 r--s 0000d000 08:07 1094266                    /home/chivu/.gradle/caches/jars-2/mel54vauze7hczg2p6nebauqz8s53sj/gradle-2.3.3.jar
7ff8fdffc000-7ff8fe001000 r--s 0007a000 08:07 1093493                    /home/chivu/.gradle/caches/jars-2/grenzqfqt85mgjj0y0ira3t0y08jana/gradle-tooling-extension-impl.jar
7ff8fe001000-7ff8fe006000 r--s 00034000 08:07 932705                     /home/chivu/.gradle/caches/jars-2/c74d41v3l7o57dyhdc4xhdfblc3m2cw/gson-2.5.jar
7ff8fe006000-7ff8fe206000 rw-p 00000000 00:00 0 
7ff8fe206000-7ff8fe209000 ---p 00000000 00:00 0 
7ff8fe209000-7ff8fe43f000 rw-p 00000000 00:00 0 
7ff8fe43f000-7ff8fe63f000 rw-p 00000000 00:00 0 
7ff8fe63f000-7ff8fe83f000 rw-p 00000000 00:00 0 
7ff8fe83f000-7ff8fe87c000 r--s 00585000 08:07 1093392                    /home/chivu/.gradle/caches/jars-2/ilom8b20gb67xtnnupbkeqtne7b8kkb/sdk-tools.jar
7ff8fe87c000-7ff8fe87d000 r--s 00000000 08:07 932633                     /home/chivu/.gradle/caches/jars-2/dg22azhabc6tsc1i8xni15giz1bnssh/gradle-appengine-builder-model-0.1.0.jar
7ff8fe87d000-7ff8fe87e000 r--s 00002000 08:07 1083683                    /home/chivu/.gradle/caches/jars-2/svwjsy9ijjnr8w6koqz6kn1bqvdhlg4/external-system-rt.jar
7ff8fe87e000-7ff8fe880000 r--s 0000a000 08:07 947247                     /home/chivu/.gradle/caches/jars-2/7218vekn48fs59m3epgdn3toof1pltz/gradle-tooling-extension-api.jar
7ff8fe880000-7ff8fe88d000 r--s 0017f000 08:07 947182                     /home/chivu/.gradle/caches/jars-2/f7cyhks7eq64d4l5pocpk32bt94v37r/velocity.jar
7ff8fe88d000-7ff8fe8c7000 r--s 001e2000 08:07 932623                     /home/chivu/.gradle/caches/jars-2/gsc6q095kyxskeaqm5ejgrya5fy93e4/gradle-core-3.2.jar
7ff8fe8c7000-7ff8fe8d0000 r--s 00041000 08:07 932621                     /home/chivu/.gradle/caches/jars-2/h9tlqcb3hm1v4dc2krttqmly48oj6dn/gradle-base-services-3.2.jar
7ff8fe8d0000-7ff8fe8f8000 r--s 001cf000 08:07 932619                     /home/chivu/.gradle/caches/jars-2/87eo0lrvp84r6dbxjq018wy66es2era/guava-jdk5-17.0.jar
7ff8fe8f8000-7ff8fe905000 r--s 00041000 08:07 932617                     /home/chivu/.gradle/caches/jars-2/dgtjvv7hz6uw97ja0np1f4qgb2lzw3b/gradle-tooling-api-3.2.jar
7ff8fe905000-7ff8fe908000 ---p 00000000 00:00 0 
7ff8fe908000-7ff8fea06000 rw-p 00000000 00:00 0 
7ff8fea06000-7ff8fea7f000 r--s 010ed000 08:07 1201473                    /home/chivu/Downloads/android-studio-p/jre/lib/tools.jar
7ff8fea7f000-7ff8fec7f000 rw-p 00000000 00:00 0 
7ff8fec7f000-7ff8fec82000 ---p 00000000 00:00 0 
7ff8fec82000-7ff8fed80000 rw-p 00000000 00:00 0 
7ff8fed80000-7ff8fed83000 ---p 00000000 00:00 0 
7ff8fed83000-7ff8fee81000 rw-p 00000000 00:00 0 
7ff8fee81000-7ff8fee84000 ---p 00000000 00:00 0 
7ff8fee84000-7ff8fef82000 rw-p 00000000 00:00 0 
7ff8fef82000-7ff8fef85000 ---p 00000000 00:00 0 
7ff8fef85000-7ff8ff083000 rw-p 00000000 00:00 0 
7ff8ff083000-7ff8ff086000 ---p 00000000 00:00 0 
7ff8ff086000-7ff8ff384000 rw-p 00000000 00:00 0 
7ff8ff384000-7ff8ff387000 ---p 00000000 00:00 0 
7ff8ff387000-7ff8ff485000 rw-p 00000000 00:00 0 
7ff8ff485000-7ff8ff488000 ---p 00000000 00:00 0 
7ff8ff488000-7ff8ff586000 rw-p 00000000 00:00 0 
7ff8ff586000-7ff8ff58d000 r--s 00000000 08:07 1590595                    /usr/lib/x86_64-linux-gnu/gconv/gconv-modules.cache
7ff8ff58d000-7ff8ff78d000 rw-p 00000000 00:00 0 
7ff8ff78d000-7ff8ff790000 ---p 00000000 00:00 0 
7ff8ff790000-7ff8ff88e000 rw-p 00000000 00:00 0 
7ff8ff88e000-7ff8ff897000 r-xp 00000000 08:07 1201548                    /home/chivu/Downloads/android-studio-p/jre/jre/lib/amd64/libmanagement.so
7ff8ff897000-7ff8ffa96000 ---p 00009000 08:07 1201548                    /home/chivu/Downloads/android-studio-p/jre/jre/lib/amd64/libmanagement.so
7ff8ffa96000-7ff8ffa97000 r--p 00008000 08:07 1201548                    /home/chivu/Downloads/android-studio-p/jre/jre/lib/amd64/libmanagement.so
7ff8ffa97000-7ff8ffa98000 rw-p 00009000 08:07 1201548                    /home/chivu/Downloads/android-studio-p/jre/jre/lib/amd64/libmanagement.so
7ff8ffa98000-7ff8ffa9d000 r--s 00098000 08:07 1201512                    /home/chivu/Downloads/android-studio-p/jre/jre/lib/jsse.jar
7ff8ffa9d000-7ff8ffa9f000 r--s 00007000 08:07 1189108                    /home/chivu/.gradle/wrapper/dists/gradle-3.3-all/55gk2rcmfc6p2dg9u9ohc3hw9/gradle-3.3/lib/plugins/gradle-tooling-api-builders-3.3.jar
7ff8ffa9f000-7ff8ffaa2000 r--s 00009000 08:07 1189101                    /home/chivu/.gradle/wrapper/dists/gradle-3.3-all/55gk2rcmfc6p2dg9u9ohc3hw9/gradle-3.3/lib/plugins/gradle-testing-native-3.3.jar
7ff8ffaa2000-7ff8ffaa8000 r--s 00033000 08:07 1189176                    /home/chivu/.gradle/wrapper/dists/gradle-3.3-all/55gk2rcmfc6p2dg9u9ohc3hw9/gradle-3.3/lib/plugins/snakeyaml-1.6.jar
7ff8ffaa8000-7ff8ffaaa000 r--s 00006000 08:07 1189175                    /home/chivu/.gradle/wrapper/dists/gradle-3.3-all/55gk2rcmfc6p2dg9u9ohc3hw9/gradle-3.3/lib/plugins/jcommander-1.12.jar
7ff8ffaaa000-7ff8ffaaf000 r--s 00040000 08:07 1189174                    /home/chivu/.gradle/wrapper/dists/gradle-3.3-all/55gk2rcmfc6p2dg9u9ohc3hw9/gradle-3.3/lib/plugins/bsh-2.0b4.jar
7ff8ffaaf000-7ff8ffab1000 r--s 00009000 08:07 1189182                    /home/chivu/.gradle/wrapper/dists/gradle-3.3-all/55gk2rcmfc6p2dg9u9ohc3hw9/gradle-3.3/lib/plugins/hamcrest-core-1.3.jar
7ff8ffab1000-7ff8ffaba000 r--s 00089000 08:07 1189133                    /home/chivu/.gradle/wrapper/dists/gradle-3.3-all/55gk2rcmfc6p2dg9u9ohc3hw9/gradle-3.3/lib/plugins/testng-6.3.1.jar
7ff8ffaba000-7ff8ffac2000 r--s 00045000 08:07 1189132                    /home/chivu/.gradle/wrapper/dists/gradle-3.3-all/55gk2rcmfc6p2dg9u9ohc3hw9/gradle-3.3/lib/plugins/junit-4.12.jar
7ff8ffac2000-7ff8ffac8000 r--s 0002e000 08:07 1189102                    /home/chivu/.gradle/wrapper/dists/gradle-3.3-all/55gk2rcmfc6p2dg9u9ohc3hw9/gradle-3.3/lib/plugins/gradle-testing-jvm-3.3.jar
7ff8ffac8000-7ff8ffacc000 r--s 00016000 08:07 1189100                    /home/chivu/.gradle/wrapper/dists/gradle-3.3-all/55gk2rcmfc6p2dg9u9ohc3hw9/gradle-3.3/lib/plugins/gradle-testing-base-3.3.jar
7ff8ffacc000-7ff8ffad3000 r--s 00038000 08:07 1189127                    /home/chivu/.gradle/wrapper/dists/gradle-3.3-all/55gk2rcmfc6p2dg9u9ohc3hw9/gradle-3.3/lib/plugins/bcpg-jdk15on-1.51.jar
7ff8ffad3000-7ff8ffad5000 r--s 0000c000 08:07 1189079                    /home/chivu/.gradle/wrapper/dists/gradle-3.3-all/55gk2rcmfc6p2dg9u9ohc3hw9/gradle-3.3/lib/plugins/gradle-signing-3.3.jar
7ff8ffad5000-7ff8ffad7000 r--s 00007000 08:07 1189078                    /home/chivu/.gradle/wrapper/dists/gradle-3.3-all/55gk2rcmfc6p2dg9u9ohc3hw9/gradle-3.3/lib/plugins/gradle-scala-3.3.jar
7ff8ffad7000-7ff8ffad8000 r--s 00004000 08:07 1189106                    /home/chivu/.gradle/wrapper/dists/gradle-3.3-all/55gk2rcmfc6p2dg9u9ohc3hw9/gradle-3.3/lib/plugins/gradle-resources-sftp-3.3.jar
7ff8ffad8000-7ff8ffae8000 r--s 00088000 08:07 1189143                    /home/chivu/.gradle/wrapper/dists/gradle-3.3-all/55gk2rcmfc6p2dg9u9ohc3hw9/gradle-3.3/lib/plugins/joda-time-2.8.2.jar
7ff8ffae8000-7ff8ffaf9000 r--s 0010d000 08:07 1189142                    /home/chivu/.gradle/wrapper/dists/gradle-3.3-all/55gk2rcmfc6p2dg9u9ohc3hw9/gradle-3.3/lib/plugins/jackson-databind-2.6.6.jar
7ff8ffaf9000-7ff8ffafc000 r--s 00009000 08:07 1189141                    /home/chivu/.gradle/wrapper/dists/gradle-3.3-all/55gk2rcmfc6p2dg9u9ohc3hw9/gradle-3.3/lib/plugins/jackson-annotations-2.6.6.jar
7ff8ffafc000-7ff8ffb00000 r--s 0003c000 08:07 1189140                    /home/chivu/.gradle/wrapper/dists/gradle-3.3-all/55gk2rcmfc6p2dg9u9ohc3hw9/gradle-3.3/lib/plugins/jackson-core-2.6.6.jar
7ff8ffb00000-7ff8ffb0e000 r--s 00087000 08:07 1189139                    /home/chivu/.gradle/wrapper/dists/gradle-3.3-all/55gk2rcmfc6p2dg9u9ohc3hw9/gradle-3.3/lib/plugins/aws-java-sdk-core-1.11.6.jar
7ff8ffb0e000-7ff8ffb15000 r--s 00057000 08:07 1189138                    /home/chivu/.gradle/wrapper/dists/gradle-3.3-all/55gk2rcmfc6p2dg9u9ohc3hw9/gradle-3.3/lib/plugins/aws-java-sdk-kms-1.11.6.jar
7ff8ffb15000-7ff8ffb22000 r--s 0008e000 08:07 1189137                    /home/chivu/.gradle/wrapper/dists/gradle-3.3-all/55gk2rcmfc6p2dg9u9ohc3hw9/gradle-3.3/lib/plugins/aws-java-sdk-s3-1.11.6.jar
7ff8ffb22000-7ff8ffb24000 r--s 00004000 08:07 1189107                    /home/chivu/.gradle/wrapper/dists/gradle-3.3-all/55gk2rcmfc6p2dg9u9ohc3hw9/gradle-3.3/lib/plugins/gradle-resources-s3-3.3.jar
7ff8ffb24000-7ff8ffb26000 r--s 00005000 08:07 1189131                    /home/chivu/.gradle/wrapper/dists/gradle-3.3-all/55gk2rcmfc6p2dg9u9ohc3hw9/gradle-3.3/lib/plugins/jatl-0.2.2.jar
7ff8ffb26000-7ff8ffb28000 r--s 0000f000 08:07 1189084                    /home/chivu/.gradle/wrapper/dists/gradle-3.3-all/55gk2rcmfc6p2dg9u9ohc3hw9/gradle-3.3/lib/plugins/gradle-reporting-3.3.jar
7ff8ffb28000-7ff8ffb2a000 r--s 00002000 08:07 1189085                    /home/chivu/.gradle/wrapper/dists/gradle-3.3-all/55gk2rcmfc6p2dg9u9ohc3hw9/gradle-3.3/lib/plugins/gradle-publish-3.3.jar
7ff8ffb2a000-7ff8ffb2c000 r--s 00009000 08:07 1189114                    /home/chivu/.gradle/wrapper/dists/gradle-3.3-all/55gk2rcmfc6p2dg9u9ohc3hw9/gradle-3.3/lib/plugins/commons-cli-1.2.jar
7ff8ffb2c000-7ff8ffb32000 r--s 00031000 08:07 1189070                    /home/chivu/.gradle/wrapper/dists/gradle-3.3-all/55gk2rcmfc6p2dg9u9ohc3hw9/gradle-3.3/lib/plugins/gradle-plugins-3.3.jar
7ff8ffb32000-7ff8ffb34000 r--s 00009000 08:07 1189103                    /home/chivu/.gradle/wrapper/dists/gradle-3.3-all/55gk2rcmfc6p2dg9u9ohc3hw9/gradle-3.3/lib/plugins/gradle-plugin-development-3.3.jar
7ff8ffb34000-7ff8ffb3a000 r--s 0002b000 08:07 1189096                    /home/chivu/.gradle/wrapper/dists/gradle-3.3-all/55gk2rcmfc6p2dg9u9ohc3hw9/gradle-3.3/lib/plugins/gradle-platform-play-3.3.jar
7ff8ffb3a000-7ff8ffb48000 r--s 00055000 08:07 1189095                    /home/chivu/.gradle/wrapper/dists/gradle-3.3-all/55gk2rcmfc6p2dg9u9ohc3hw9/gradle-3.3/lib/plugins/gradle-platform-native-3.3.jar
7ff8ffb48000-7ff8ffb4d000 r--s 0001f000 08:07 1189090                    /home/chivu/.gradle/wrapper/dists/gradle-3.3-all/55gk2rcmfc6p2dg9u9ohc3hw9/gradle-3.3/lib/plugins/gradle-platform-jvm-3.3.jar
7ff8ffb4d000-7ff8ffb55000 r--s 00027000 08:07 1189089                    /home/chivu/.gradle/wrapper/dists/gradle-3.3-all/55gk2rcmfc6p2dg9u9ohc3hw9/gradle-3.3/lib/plugins/gradle-platform-base-3.3.jar
7ff8ffb55000-7ff8ffb7d000 r--s 0021c000 08:07 1189122                    /home/chivu/.gradle/wrapper/dists/gradle-3.3-all/55gk2rcmfc6p2dg9u9ohc3hw9/gradle-3.3/lib/plugins/biz.aQute.bndlib-3.2.0.jar
7ff8ffb7d000-7ff8ffb7f000 r--s 00003000 08:07 1189074                    /home/chivu/.gradle/wrapper/dists/gradle-3.3-all/55gk2rcmfc6p2dg9u9ohc3hw9/gradle-3.3/lib/plugins/gradle-osgi-3.3.jar
7ff8ffb7f000-7ff8ffb82000 r--s 0000c000 08:07 1189125                    /home/chivu/.gradle/wrapper/dists/gradle-3.3-all/55gk2rcmfc6p2dg9u9ohc3hw9/gradle-3.3/lib/plugins/pmaven-groovy-0.8-20100325.jar
7ff8ffb82000-7ff8ffb83000 r--s 00004000 08:07 1189124                    /home/chivu/.gradle/wrapper/dists/gradle-3.3-all/55gk2rcmfc6p2dg9u9ohc3hw9/gradle-3.3/lib/plugins/pmaven-common-0.8-20100325.jar
7ff8ffb83000-7ff8ffb89000 r--s 00023000 08:07 1189075                    /home/chivu/.gradle/wrapper/dists/gradle-3.3-all/55gk2rcmfc6p2dg9u9ohc3hw9/gradle-3.3/lib/plugins/gradle-maven-3.3.jar
7ff8ffb89000-7ff8ffb8c000 r--s 0000b000 08:07 1189094                    /home/chivu/.gradle/wrapper/dists/gradle-3.3-all/55gk2rcmfc6p2dg9u9ohc3hw9/gradle-3.3/lib/plugins/gradle-language-scala-3.3.jar
7ff8ffb8c000-7ff8ffb92000 r--s 0001a000 08:07 1189098                    /home/chivu/.gradle/wrapper/dists/gradle-3.3-all/55gk2rcmfc6p2dg9u9ohc3hw9/gradle-3.3/lib/plugins/gradle-language-native-3.3.jar
7ff8ffb92000-7ff8ffb95000 r--s 00005000 08:07 1189091                    /home/chivu/.gradle/wrapper/dists/gradle-3.3-all/55gk2rcmfc6p2dg9u9ohc3hw9/gradle-3.3/lib/plugins/gradle-language-jvm-3.3.jar
7ff8ffb95000-7ff8ffb9b000 r--s 00027000 08:07 1189092                    /home/chivu/.gradle/wrapper/dists/gradle-3.3-all/55gk2rcmfc6p2dg9u9ohc3hw9/gradle-3.3/lib/plugins/gradle-language-java-3.3.jar
7ff8ffb9b000-7ff8ffb9d000 r--s 0000a000 08:07 1189093                    /home/chivu/.gradle/wrapper/dists/gradle-3.3-all/55gk2rcmfc6p2dg9u9ohc3hw9/gradle-3.3/lib/plugins/gradle-language-groovy-3.3.jar
7ff8ffb9d000-7ff8ffba0000 r--s 0001e000 08:07 1189149                    /home/chivu/.gradle/wrapper/dists/gradle-3.3-all/55gk2rcmfc6p2dg9u9ohc3hw9/gradle-3.3/lib/plugins/jsp-api-2.1-6.1.14.jar
7ff8ffba0000-7ff8ffbc3000 r--s 00344000 08:07 1189148                    /home/chivu/.gradle/wrapper/dists/gradle-3.3-all/55gk2rcmfc6p2dg9u9ohc3hw9/gradle-3.3/lib/plugins/core-3.1.1.jar
7ff8ffbc3000-7ff8ffbc4000 r--s 00006000 08:07 1189147                    /home/chivu/.gradle/wrapper/dists/gradle-3.3-all/55gk2rcmfc6p2dg9u9ohc3hw9/gradle-3.3/lib/plugins/jetty-naming-6.1.26.jar
7ff8ffbc4000-7ff8ffbc5000 r--s 00002000 08:07 1189121                    /home/chivu/.gradle/wrapper/dists/gradle-3.3-all/55gk2rcmfc6p2dg9u9ohc3hw9/gradle-3.3/lib/plugins/geronimo-annotation_1.0_spec-1.0.jar
7ff8ffbc5000-7ff8ffbc7000 r--s 00002000 08:07 1189120                    /home/chivu/.gradle/wrapper/dists/gradle-3.3-all/55gk2rcmfc6p2dg9u9ohc3hw9/gradle-3.3/lib/plugins/jetty-annotations-6.1.26.jar
7ff8ffbc7000-7ff8ffbd8000 r--s 000ea000 08:07 1189119                    /home/chivu/.gradle/wrapper/dists/gradle-3.3-all/55gk2rcmfc6p2dg9u9ohc3hw9/gradle-3.3/lib/plugins/jsp-2.1-6.1.14.jar
7ff8ffbd8000-7ff8ffbda000 r--s 0000d000 08:07 1189118                    /home/chivu/.gradle/wrapper/dists/gradle-3.3-all/55gk2rcmfc6p2dg9u9ohc3hw9/gradle-3.3/lib/plugins/jetty-plus-6.1.26.jar
7ff8ffbda000-7ff8ffbdc000 r--s 0001f000 08:07 1189117                    /home/chivu/.gradle/wrapper/dists/gradle-3.3-all/55gk2rcmfc6p2dg9u9ohc3hw9/gradle-3.3/lib/plugins/servlet-api-2.5-20081211.jar
7ff8ffbdc000-7ff8ffbe0000 r--s 00028000 08:07 1189116                    /home/chivu/.gradle/wrapper/dists/gradle-3.3-all/55gk2rcmfc6p2dg9u9ohc3hw9/gradle-3.3/lib/plugins/jetty-util-6.1.26.jar
7ff8ffbe0000-7ff8ffbe7000 r--s 0007d000 08:07 1189115                    /home/chivu/.gradle/wrapper/dists/gradle-3.3-all/55gk2rcmfc6p2dg9u9ohc3hw9/gradle-3.3/lib/plugins/jetty-6.1.26.jar
7ff8ffbe7000-7ff8ffbe9000 r--s 0000a000 08:07 1189072                    /home/chivu/.gradle/wrapper/dists/gradle-3.3-all/55gk2rcmfc6p2dg9u9ohc3hw9/gradle-3.3/lib/plugins/gradle-jetty-3.3.jar
7ff8ffbe9000-7ff8ffbf0000 r--s 00035000 08:07 1189130                    /home/chivu/.gradle/wrapper/dists/gradle-3.3-all/55gk2rcmfc6p2dg9u9ohc3hw9/gradle-3.3/lib/plugins/simple-4.1.21.jar
7ff8ffbf0000-7ff8ffbfc000 r--s 00100000 08:07 1189128                    /home/chivu/.gradle/wrapper/dists/gradle-3.3-all/55gk2rcmfc6p2dg9u9ohc3hw9/gradle-3.3/lib/plugins/rhino-1.7R3.jar
7ff8ffbfc000-7ff8ffc00000 r--s 00012000 08:07 1189081                    /home/chivu/.gradle/wrapper/dists/gradle-3.3-all/55gk2rcmfc6p2dg9u9ohc3hw9/gradle-3.3/lib/plugins/gradle-javascript-3.3.jar
7ff8ffc00000-7ff8ffc02000 r--s 0000d000 08:07 1189087                    /home/chivu/.gradle/wrapper/dists/gradle-3.3-all/55gk2rcmfc6p2dg9u9ohc3hw9/gradle-3.3/lib/plugins/gradle-jacoco-3.3.jar
7ff8ffc02000-7ff8ffc05000 r--s 0000e000 08:07 1189086                    /home/chivu/.gradle/wrapper/dists/gradle-3.3-all/55gk2rcmfc6p2dg9u9ohc3hw9/gradle-3.3/lib/plugins/gradle-ivy-3.3.jar
7ff8ffc05000-7ff8ffc06000 r--s 00002000 08:07 1189097                    /home/chivu/.gradle/wrapper/dists/gradle-3.3-all/55gk2rcmfc6p2dg9u9ohc3hw9/gradle-3.3/lib/plugins/gradle-ide-play-3.3.jar
7ff8ffc06000-7ff8ffc09000 r--s 00013000 08:07 1189099                    /home/chivu/.gradle/wrapper/dists/gradle-3.3-all/55gk2rcmfc6p2dg9u9ohc3hw9/gradle-3.3/lib/plugins/gradle-ide-native-3.3.jar
7ff8ffc09000-7ff8ffc12000 r--s 00055000 08:07 1189076                    /home/chivu/.gradle/wrapper/dists/gradle-3.3-all/55gk2rcmfc6p2dg9u9ohc3hw9/gradle-3.3/lib/plugins/gradle-ide-3.3.jar
7ff8ffc12000-7ff8ffc14000 r--s 00007000 08:07 1189080                    /home/chivu/.gradle/wrapper/dists/gradle-3.3-all/55gk2rcmfc6p2dg9u9ohc3hw9/gradle-3.3/lib/plugins/gradle-ear-3.3.jar
7ff8ffc14000-7ff8ffc1a000 r--s 00039000 08:07 1189083                    /home/chivu/.gradle/wrapper/dists/gradle-3.3-all/55gk2rcmfc6p2dg9u9ohc3hw9/gradle-3.3/lib/plugins/gradle-diagnostics-3.3.jar
7ff8ffc1a000-7ff8ffc1b000 r--s 00009000 08:07 1189109                    /home/chivu/.gradle/wrapper/dists/gradle-3.3-all/55gk2rcmfc6p2dg9u9ohc3hw9/gradle-3.3/lib/plugins/gradle-composite-builds-3.3.jar
7ff8ffc1b000-7ff8ffc1f000 r--s 00023000 08:07 1189071                    /home/chivu/.gradle/wrapper/dists/gradle-3.3-all/55gk2rcmfc6p2dg9u9ohc3hw9/gradle-3.3/lib/plugins/gradle-code-quality-3.3.jar
7ff8ffc1f000-7ff8ffc23000 r--s 00022000 08:07 1189088                    /home/chivu/.gradle/wrapper/dists/gradle-3.3-all/55gk2rcmfc6p2dg9u9ohc3hw9/gradle-3.3/lib/plugins/gradle-build-init-3.3.jar
7ff8ffc23000-7ff8ffc29000 r--s 0008e000 08:07 1189082                    /home/chivu/.gradle/wrapper/dists/gradle-3.3-all/55gk2rcmfc6p2dg9u9ohc3hw9/gradle-3.3/lib/plugins/gradle-build-comparison-3.3.jar
7ff8ffc29000-7ff8ffc2a000 r--s 00001000 08:07 1189110                    /home/chivu/.gradle/wrapper/dists/gradle-3.3-all/55gk2rcmfc6p2dg9u9ohc3hw9/gradle-3.3/lib/plugins/gradle-build-cache-http-3.3.jar
7ff8ffc2a000-7ff8ffc2c000 r--s 00008000 08:07 1189073                    /home/chivu/.gradle/wrapper/dists/gradle-3.3-all/55gk2rcmfc6p2dg9u9ohc3hw9/gradle-3.3/lib/plugins/gradle-antlr-3.3.jar
7ff8ffc2c000-7ff8ffc2e000 r--s 00004000 08:07 1189077                    /home/chivu/.gradle/wrapper/dists/gradle-3.3-all/55gk2rcmfc6p2dg9u9ohc3hw9/gradle-3.3/lib/plugins/gradle-announce-3.3.jar
7ff8ffc2e000-7ff8ffc46000 r--s 00115000 08:07 1189179                    /home/chivu/.gradle/wrapper/dists/gradle-3.3-all/55gk2rcmfc6p2dg9u9ohc3hw9/gradle-3.3/lib/plugins/xercesImpl-2.9.1.jar
7ff8ffc46000-7ff8ffc4e000 r--s 00028000 08:07 1189180                    /home/chivu/.gradle/wrapper/dists/gradle-3.3-all/55gk2rcmfc6p2dg9u9ohc3hw9/gradle-3.3/lib/plugins/xml-apis-1.3.04.jar
7ff8ffc4e000-7ff8ffc54000 r--s 0005b000 08:07 1189178                    /home/chivu/.gradle/wrapper/dists/gradle-3.3-all/55gk2rcmfc6p2dg9u9ohc3hw9/gradle-3.3/lib/plugins/jcifs-1.3.17.jar
7ff8ffc54000-7ff8ffc5a000 r--s 00033000 08:07 1189126                    /home/chivu/.gradle/wrapper/dists/gradle-3.3-all/55gk2rcmfc6p2dg9u9ohc3hw9/gradle-3.3/lib/plugins/commons-codec-1.6.jar
7ff8ffc5a000-7ff8ffc61000 r--s 00049000 08:07 1189177                    /home/chivu/.gradle/wrapper/dists/gradle-3.3-all/55gk2rcmfc6p2dg9u9ohc3hw9/gradle-3.3/lib/plugins/httpcore-4.4.4.jar
7ff8ffc61000-7ff8ffc64000 r--s 0001c000 08:07 1189135                    /home/chivu/.gradle/wrapper/dists/gradle-3.3-all/55gk2rcmfc6p2dg9u9ohc3hw9/gradle-3.3/lib/plugins/nekohtml-1.9.14.jar
7ff8ffc64000-7ff8ffc71000 r--s 000a4000 08:07 1189134                    /home/chivu/.gradle/wrapper/dists/gradle-3.3-all/55gk2rcmfc6p2dg9u9ohc3hw9/gradle-3.3/lib/plugins/httpclient-4.4.1.jar
7ff8ffc71000-7ff8ffc74000 r--s 0000a000 08:07 1189105                    /home/chivu/.gradle/wrapper/dists/gradle-3.3-all/55gk2rcmfc6p2dg9u9ohc3hw9/gradle-3.3/lib/plugins/gradle-resources-http-3.3.jar
7ff8ffc74000-7ff8ffc78000 r--s 00015000 08:07 1189104                    /home/chivu/.gradle/wrapper/dists/gradle-3.3-all/55gk2rcmfc6p2dg9u9ohc3hw9/gradle-3.3/lib/plugins/gradle-plugin-use-3.3.jar
7ff8ffc78000-7ff8ffc7a000 r--s 00006000 08:07 1189173                    /home/chivu/.gradle/wrapper/dists/gradle-3.3-all/55gk2rcmfc6p2dg9u9ohc3hw9/gradle-3.3/lib/plugins/aether-connector-wagon-1.13.1.jar
7ff8ffc7a000-7ff8ffc7e000 r--s 0001c000 08:07 1189172                    /home/chivu/.gradle/wrapper/dists/gradle-3.3-all/55gk2rcmfc6p2dg9u9ohc3hw9/gradle-3.3/lib/plugins/aether-util-1.13.1.jar
7ff8ffc7e000-7ff8ffdf0000 r-xp 00000000 08:07 1312856                    /usr/lib/x86_64-linux-gnu/libstdc++.so.6.0.21
7ff8ffdf0000-7ff8ffff0000 ---p 00172000 08:07 1312856                    /usr/lib/x86_64-linux-gnu/libstdc++.so.6.0.21
7ff8ffff0000-7ff8ffffa000 r--p 00172000 08:07 1312856                    /usr/lib/x86_64-linux-gnu/libstdc++.so.6.0.21
7ff8ffffa000-7ff8ffffc000 rw-p 0017c000 08:07 1312856                    /usr/lib/x86_64-linux-gnu/libstdc++.so.6.0.21
7ff8ffffc000-7ff900000000 rw-p 00000000 00:00 0 
7ff900000000-7ff900032000 rw-p 00000000 00:00 0 
7ff900032000-7ff904000000 ---p 00000000 00:00 0 
7ff904000000-7ff904001000 r--s 00000000 08:07 1189016                    /home/chivu/.gradle/wrapper/dists/gradle-3.3-all/55gk2rcmfc6p2dg9u9ohc3hw9/gradle-3.3/lib/gradle-installation-beacon-3.3.jar
7ff904001000-7ff904002000 r--s 00003000 08:07 1189171                    /home/chivu/.gradle/wrapper/dists/gradle-3.3-all/55gk2rcmfc6p2dg9u9ohc3hw9/gradle-3.3/lib/plugins/aether-spi-1.13.1.jar
7ff904002000-7ff904005000 r--s 0001d000 08:07 1189170                    /home/chivu/.gradle/wrapper/dists/gradle-3.3-all/55gk2rcmfc6p2dg9u9ohc3hw9/gradle-3.3/lib/plugins/aether-impl-1.13.1.jar
7ff904005000-7ff904008000 r--s 00013000 08:07 1189169                    /home/chivu/.gradle/wrapper/dists/gradle-3.3-all/55gk2rcmfc6p2dg9u9ohc3hw9/gradle-3.3/lib/plugins/aether-api-1.13.1.jar
7ff904008000-7ff904009000 r--s 00007000 08:07 1189168                    /home/chivu/.gradle/wrapper/dists/gradle-3.3-all/55gk2rcmfc6p2dg9u9ohc3hw9/gradle-3.3/lib/plugins/wagon-http-shared4-2.4.jar
7ff904009000-7ff90400b000 r--s 0000b000 08:07 1189167                    /home/chivu/.gradle/wrapper/dists/gradle-3.3-all/55gk2rcmfc6p2dg9u9ohc3hw9/gradle-3.3/lib/plugins/wagon-provider-api-2.4.jar
7ff90400b000-7ff90400c000 r--s 00002000 08:07 1189166                    /home/chivu/.gradle/wrapper/dists/gradle-3.3-all/55gk2rcmfc6p2dg9u9ohc3hw9/gradle-3.3/lib/plugins/wagon-http-2.4.jar
7ff90400c000-7ff90400d000 r--s 00002000 08:07 1189165                    /home/chivu/.gradle/wrapper/dists/gradle-3.3-all/55gk2rcmfc6p2dg9u9ohc3hw9/gradle-3.3/lib/plugins/wagon-file-2.4.jar
7ff90400d000-7ff90400f000 r--s 0000c000 08:07 1189164                    /home/chivu/.gradle/wrapper/dists/gradle-3.3-all/55gk2rcmfc6p2dg9u9ohc3hw9/gradle-3.3/lib/plugins/maven-aether-provider-3.0.4.jar
7ff90400f000-7ff904011000 r--s 0000b000 08:07 1189163                    /home/chivu/.gradle/wrapper/dists/gradle-3.3-all/55gk2rcmfc6p2dg9u9ohc3hw9/gradle-3.3/lib/plugins/maven-plugin-api-3.0.4.jar
7ff904011000-7ff904013000 r--s 00006000 08:07 1189162                    /home/chivu/.gradle/wrapper/dists/gradle-3.3-all/55gk2rcmfc6p2dg9u9ohc3hw9/gradle-3.3/lib/plugins/maven-repository-metadata-3.0.4.jar
7ff904013000-7ff904015000 r--s 0000b000 08:07 1189161                    /home/chivu/.gradle/wrapper/dists/gradle-3.3-all/55gk2rcmfc6p2dg9u9ohc3hw9/gradle-3.3/lib/plugins/maven-artifact-3.0.4.jar
7ff904015000-7ff904017000 r--s 00026000 08:07 1189160                    /home/chivu/.gradle/wrapper/dists/gradle-3.3-all/55gk2rcmfc6p2dg9u9ohc3hw9/gradle-3.3/lib/plugins/maven-model-3.0.4.jar
7ff904017000-7ff90401b000 r--s 00021000 08:07 1189159                    /home/chivu/.gradle/wrapper/dists/gradle-3.3-all/55gk2rcmfc6p2dg9u9ohc3hw9/gradle-3.3/lib/plugins/maven-model-builder-3.0.4.jar
7ff90401b000-7ff904021000 r--s 0003f000 08:07 1189158                    /home/chivu/.gradle/wrapper/dists/gradle-3.3-all/55gk2rcmfc6p2dg9u9ohc3hw9/gradle-3.3/lib/plugins/maven-compat-3.0.4.jar
7ff904021000-7ff904022000 r--s 00006000 08:07 1189157                    /home/chivu/.gradle/wrapper/dists/gradle-3.3-all/55gk2rcmfc6p2dg9u9ohc3hw9/gradle-3.3/lib/plugins/plexus-sec-dispatcher-1.3.jar
7ff904022000-7ff904024000 r--s 00002000 08:07 1189156                    /home/chivu/.gradle/wrapper/dists/gradle-3.3-all/55gk2rcmfc6p2dg9u9ohc3hw9/gradle-3.3/lib/plugins/plexus-cipher-1.7.jar
7ff904024000-7ff904026000 r--s 0000a000 08:07 1189155                    /home/chivu/.gradle/wrapper/dists/gradle-3.3-all/55gk2rcmfc6p2dg9u9ohc3hw9/gradle-3.3/lib/plugins/plexus-classworlds-2.4.jar
7ff904026000-7ff90402d000 r--s 0002e000 08:07 1189154                    /home/chivu/.gradle/wrapper/dists/gradle-3.3-all/55gk2rcmfc6p2dg9u9ohc3hw9/gradle-3.3/lib/plugins/plexus-container-default-1.5.5.jar
7ff90402d000-7ff90402f000 r--s 00000000 08:07 1189181                    /home/chivu/.gradle/wrapper/dists/gradle-3.3-all/55gk2rcmfc6p2dg9u9ohc3hw9/gradle-3.3/lib/plugins/plexus-component-annotations-1.5.5.jar
7ff90402f000-7ff904031000 r--s 0000d000 08:07 1189153                    /home/chivu/.gradle/wrapper/dists/gradle-3.3-all/55gk2rcmfc6p2dg9u9ohc3hw9/gradle-3.3/lib/plugins/plexus-interpolation-1.14.jar
7ff904031000-7ff904035000 r--s 00033000 08:07 1189152                    /home/chivu/.gradle/wrapper/dists/gradle-3.3-all/55gk2rcmfc6p2dg9u9ohc3hw9/gradle-3.3/lib/plugins/plexus-utils-2.0.6.jar
7ff904035000-7ff904038000 r--s 00008000 08:07 1189151                    /home/chivu/.gradle/wrapper/dists/gradle-3.3-all/55gk2rcmfc6p2dg9u9ohc3hw9/gradle-3.3/lib/plugins/maven-settings-builder-3.0.4.jar
7ff904038000-7ff90403d000 r--s 00040000 08:07 1189136                    /home/chivu/.gradle/wrapper/dists/gradle-3.3-all/55gk2rcmfc6p2dg9u9ohc3hw9/gradle-3.3/lib/plugins/jsch-0.1.53.jar
7ff90403d000-7ff90407d000 r--s 00277000 08:07 1189146                    /home/chivu/.gradle/wrapper/dists/gradle-3.3-all/55gk2rcmfc6p2dg9u9ohc3hw9/gradle-3.3/lib/plugins/bcprov-jdk15on-1.51.jar
7ff90407d000-7ff904089000 r--s 0007d000 08:07 1189123                    /home/chivu/.gradle/wrapper/dists/gradle-3.3-all/55gk2rcmfc6p2dg9u9ohc3hw9/gradle-3.3/lib/plugins/maven-core-3.0.4.jar
7ff904089000-7ff9040a8000 r--s 000f6000 08:07 1189112                    /home/chivu/.gradle/wrapper/dists/gradle-3.3-all/55gk2rcmfc6p2dg9u9ohc3hw9/gradle-3.3/lib/plugins/gradle-dependency-management-3.3.jar
7ff9040a8000-7ff9040be000 r-xp 00000000 08:07 529479                     /lib/x86_64-linux-gnu/libgcc_s.so.1
7ff9040be000-7ff9042bd000 ---p 00016000 08:07 529479                     /lib/x86_64-linux-gnu/libgcc_s.so.1
7ff9042bd000-7ff9042be000 rw-p 00015000 08:07 529479                     /lib/x86_64-linux-gnu/libgcc_s.so.1
7ff9042be000-7ff9042c0000 r--s 0000a000 08:07 1189150                    /home/chivu/.gradle/wrapper/dists/gradle-3.3-all/55gk2rcmfc6p2dg9u9ohc3hw9/gradle-3.3/lib/plugins/maven-settings-3.0.4.jar
7ff9042c0000-7ff9042c4000 r--s 0001d000 08:07 1189145                    /home/chivu/.gradle/wrapper/dists/gradle-3.3-all/55gk2rcmfc6p2dg9u9ohc3hw9/gradle-3.3/lib/plugins/xbean-reflect-3.4.jar
7ff9042c4000-7ff9042c9000 r--s 00034000 08:07 1189129                    /home/chivu/.gradle/wrapper/dists/gradle-3.3-all/55gk2rcmfc6p2dg9u9ohc3hw9/gradle-3.3/lib/plugins/gson-2.7.jar
7ff9042c9000-7ff9042d8000 r--s 000d9000 08:07 1189144                    /home/chivu/.gradle/wrapper/dists/gradle-3.3-all/55gk2rcmfc6p2dg9u9ohc3hw9/gradle-3.3/lib/plugins/ivy-2.2.0.jar
7ff9042d8000-7ff9042da000 r--s 00005000 08:07 1189111                    /home/chivu/.gradle/wrapper/dists/gradle-3.3-all/55gk2rcmfc6p2dg9u9ohc3hw9/gradle-3.3/lib/plugins/gradle-workers-3.3.jar
7ff9042da000-7ff9042df000 r-xp 00000000 08:07 932602                     /home/chivu/.gradle/native/23/linux-amd64/libnative-platform.so
7ff9042df000-7ff9044de000 ---p 00005000 08:07 932602                     /home/chivu/.gradle/native/23/linux-amd64/libnative-platform.so
7ff9044de000-7ff9044df000 rw-p 00004000 08:07 932602                     /home/chivu/.gradle/native/23/linux-amd64/libnative-platform.so
7ff9044df000-7ff9044f0000 r-xp 00000000 08:07 1201545                    /home/chivu/Downloads/android-studio-p/jre/jre/lib/amd64/libnio.so
7ff9044f0000-7ff9046ef000 ---p 00011000 08:07 1201545                    /home/chivu/Downloads/android-studio-p/jre/jre/lib/amd64/libnio.so
7ff9046ef000-7ff9046f0000 r--p 00010000 08:07 1201545                    /home/chivu/Downloads/android-studio-p/jre/jre/lib/amd64/libnio.so
7ff9046f0000-7ff9046f1000 rw-p 00011000 08:07 1201545                    /home/chivu/Downloads/android-studio-p/jre/jre/lib/amd64/libnio.so
7ff9046f1000-7ff9049f2000 rw-p 00000000 00:00 0 
7ff9049f2000-7ff904a09000 r-xp 00000000 08:07 1201544                    /home/chivu/Downloads/android-studio-p/jre/jre/lib/amd64/libnet.so
7ff904a09000-7ff904c08000 ---p 00017000 08:07 1201544                    /home/chivu/Downloads/android-studio-p/jre/jre/lib/amd64/libnet.so
7ff904c08000-7ff904c09000 r--p 00016000 08:07 1201544                    /home/chivu/Downloads/android-studio-p/jre/jre/lib/amd64/libnet.so
7ff904c09000-7ff904c0a000 rw-p 00017000 08:07 1201544                    /home/chivu/Downloads/android-studio-p/jre/jre/lib/amd64/libnet.so
7ff904c0a000-7ff904c0b000 r--s 00006000 08:07 1189015                    /home/chivu/.gradle/wrapper/dists/gradle-3.3-all/55gk2rcmfc6p2dg9u9ohc3hw9/gradle-3.3/lib/gradle-wrapper-3.3.jar
7ff904c0b000-7ff904c18000 r--s 00041000 08:07 1189022                    /home/chivu/.gradle/wrapper/dists/gradle-3.3-all/55gk2rcmfc6p2dg9u9ohc3hw9/gradle-3.3/lib/gradle-tooling-api-3.3.jar
7ff904c18000-7ff904c1a000 r--s 00002000 08:07 1189042                    /home/chivu/.gradle/wrapper/dists/gradle-3.3-all/55gk2rcmfc6p2dg9u9ohc3hw9/gradle-3.3/lib/gradle-open-api-3.3.jar
7ff904c1a000-7ff904c20000 r--s 00032000 08:07 1189044                    /home/chivu/.gradle/wrapper/dists/gradle-3.3-all/55gk2rcmfc6p2dg9u9ohc3hw9/gradle-3.3/lib/jaxen-1.1.jar
7ff904c20000-7ff904c25000 r--s 00048000 08:07 1189043                    /home/chivu/.gradle/wrapper/dists/gradle-3.3-all/55gk2rcmfc6p2dg9u9ohc3hw9/gradle-3.3/lib/dom4j-1.6.1.jar
7ff904c25000-7ff904c30000 r--s 00059000 08:07 1189021                    /home/chivu/.gradle/wrapper/dists/gradle-3.3-all/55gk2rcmfc6p2dg9u9ohc3hw9/gradle-3.3/lib/gradle-ui-3.3.jar
7ff904c30000-7ff904c39000 r--s 0008c000 08:07 1189013                    /home/chivu/.gradle/wrapper/dists/gradle-3.3-all/55gk2rcmfc6p2dg9u9ohc3hw9/gradle-3.3/lib/kotlin-stdlib-1.1-M02.jar
7ff904c39000-7ff904c3f000 r--s 0002a000 08:07 1189012                    /home/chivu/.gradle/wrapper/dists/gradle-3.3-all/55gk2rcmfc6p2dg9u9ohc3hw9/gradle-3.3/lib/kotlin-runtime-1.1-M02.jar
7ff904c3f000-7ff904c73000 r--s 00256000 08:07 1189011                    /home/chivu/.gradle/wrapper/dists/gradle-3.3-all/55gk2rcmfc6p2dg9u9ohc3hw9/gradle-3.3/lib/kotlin-reflect-1.1-M02.jar
7ff904c73000-7ff904e09000 r--s 0157e000 08:07 1189010                    /home/chivu/.gradle/wrapper/dists/gradle-3.3-all/55gk2rcmfc6p2dg9u9ohc3hw9/gradle-3.3/lib/kotlin-compiler-embeddable-1.1-M02.jar
7ff904e09000-7ff904e11000 r--s 0004e000 08:07 1189009                    /home/chivu/.gradle/wrapper/dists/gradle-3.3-all/55gk2rcmfc6p2dg9u9ohc3hw9/gradle-3.3/lib/gradle-script-kotlin-0.5.1.jar
7ff904e11000-7ff904e14000 r--s 0000b000 08:07 1189040                    /home/chivu/.gradle/wrapper/dists/gradle-3.3-all/55gk2rcmfc6p2dg9u9ohc3hw9/gradle-3.3/lib/gradle-resources-3.3.jar
7ff904e14000-7ff904e16000 r--s 00003000 08:07 1189049                    /home/chivu/.gradle/wrapper/dists/gradle-3.3-all/55gk2rcmfc6p2dg9u9ohc3hw9/gradle-3.3/lib/jcl-over-slf4j-1.7.10.jar
7ff904e16000-7ff904e17000 r--s 00005000 08:07 1189048                    /home/chivu/.gradle/wrapper/dists/gradle-3.3-all/55gk2rcmfc6p2dg9u9ohc3hw9/gradle-3.3/lib/log4j-over-slf4j-1.7.10.jar
7ff904e17000-7ff904e19000 r--s 00000000 08:07 1189047                    /home/chivu/.gradle/wrapper/dists/gradle-3.3-all/55gk2rcmfc6p2dg9u9ohc3hw9/gradle-3.3/lib/jul-to-slf4j-1.7.10.jar
7ff904e19000-7ff904e1e000 r--s 0001e000 08:07 1189024                    /home/chivu/.gradle/wrapper/dists/gradle-3.3-all/55gk2rcmfc6p2dg9u9ohc3hw9/gradle-3.3/lib/gradle-logging-3.3.jar
7ff904e1e000-7ff904e20000 r--s 00007000 08:07 1189068                    /home/chivu/.gradle/wrapper/dists/gradle-3.3-all/55gk2rcmfc6p2dg9u9ohc3hw9/gradle-3.3/lib/objenesis-1.2.jar
7ff904e20000-7ff904e22000 r--s 00000000 08:07 1189067                    /home/chivu/.gradle/wrapper/dists/gradle-3.3-all/55gk2rcmfc6p2dg9u9ohc3hw9/gradle-3.3/lib/minlog-1.2.jar
7ff904e22000-7ff904e24000 r--s 0000f000 08:07 1189066                    /home/chivu/.gradle/wrapper/dists/gradle-3.3-all/55gk2rcmfc6p2dg9u9ohc3hw9/gradle-3.3/lib/reflectasm-1.07-shaded.jar
7ff904e24000-7ff904e28000 r--s 00026000 08:07 1189051                    /home/chivu/.gradle/wrapper/dists/gradle-3.3-all/55gk2rcmfc6p2dg9u9ohc3hw9/gradle-3.3/lib/kryo-2.20.jar
7ff904e28000-7ff904e2e000 r--s 00027000 08:07 1189039                    /home/chivu/.gradle/wrapper/dists/gradle-3.3-all/55gk2rcmfc6p2dg9u9ohc3hw9/gradle-3.3/lib/gradle-messaging-3.3.jar
7ff904e2e000-7ff904e2f000 r--s 00001000 08:07 1189065                    /home/chivu/.gradle/wrapper/dists/gradle-3.3-all/55gk2rcmfc6p2dg9u9ohc3hw9/gradle-3.3/lib/native-platform-linux-i386-ncurses6-0.12.jar
7ff904e2f000-7ff904e30000 r--s 00001000 08:07 1189064                    /home/chivu/.gradle/wrapper/dists/gradle-3.3-all/55gk2rcmfc6p2dg9u9ohc3hw9/gradle-3.3/lib/native-platform-linux-i386-ncurses5-0.12.jar
7ff904e30000-7ff904e31000 r--s 00001000 08:07 1189063                    /home/chivu/.gradle/wrapper/dists/gradle-3.3-all/55gk2rcmfc6p2dg9u9ohc3hw9/gradle-3.3/lib/native-platform-linux-amd64-ncurses6-0.12.jar
7ff904e31000-7ff904e32000 r--s 00001000 08:07 1189062                    /home/chivu/.gradle/wrapper/dists/gradle-3.3-all/55gk2rcmfc6p2dg9u9ohc3hw9/gradle-3.3/lib/native-platform-linux-amd64-ncurses5-0.12.jar
7ff904e32000-7ff904e33000 r--s 0000b000 08:07 1189061                    /home/chivu/.gradle/wrapper/dists/gradle-3.3-all/55gk2rcmfc6p2dg9u9ohc3hw9/gradle-3.3/lib/native-platform-windows-i386-0.12.jar
7ff904e33000-7ff904e35000 r--s 0000b000 08:07 1189060                    /home/chivu/.gradle/wrapper/dists/gradle-3.3-all/55gk2rcmfc6p2dg9u9ohc3hw9/gradle-3.3/lib/native-platform-windows-amd64-0.12.jar
7ff904e35000-7ff904e37000 r--s 00002000 08:07 1189059                    /home/chivu/.gradle/wrapper/dists/gradle-3.3-all/55gk2rcmfc6p2dg9u9ohc3hw9/gradle-3.3/lib/native-platform-osx-i386-0.12.jar
7ff904e37000-7ff904e38000 r--s 00002000 08:07 1189058                    /home/chivu/.gradle/wrapper/dists/gradle-3.3-all/55gk2rcmfc6p2dg9u9ohc3hw9/gradle-3.3/lib/native-platform-osx-amd64-0.12.jar
7ff904e38000-7ff904e39000 r--s 00002000 08:07 1189057                    /home/chivu/.gradle/wrapper/dists/gradle-3.3-all/55gk2rcmfc6p2dg9u9ohc3hw9/gradle-3.3/lib/native-platform-linux-i386-0.12.jar
7ff904e39000-7ff904e48000 r--s 0007f000 08:07 1189030                    /home/chivu/.gradle/wrapper/dists/gradle-3.3-all/55gk2rcmfc6p2dg9u9ohc3hw9/gradle-3.3/lib/gradle-model-core-3.3.jar
7ff904e48000-7ff904eb8000 r--s 00641000 08:07 1189029                    /home/chivu/.gradle/wrapper/dists/gradle-3.3-all/55gk2rcmfc6p2dg9u9ohc3hw9/gradle-3.3/lib/groovy-all-2.4.7.jar
7ff904eb8000-7ff904ee0000 r--s 001cf000 08:07 1189026                    /home/chivu/.gradle/wrapper/dists/gradle-3.3-all/55gk2rcmfc6p2dg9u9ohc3hw9/gradle-3.3/lib/guava-jdk5-17.0.jar
7ff904ee0000-7ff904eff000 r--s 001d1000 08:07 1189033                    /home/chivu/.gradle/wrapper/dists/gradle-3.3-all/55gk2rcmfc6p2dg9u9ohc3hw9/gradle-3.3/lib/ant-1.9.6.jar
7ff904eff000-7ff904f00000 ---p 00000000 00:00 0 
7ff904f00000-7ff908000000 rw-p 00000000 00:00 0 
7ff908000000-7ff908032000 rw-p 00000000 00:00 0 
7ff908032000-7ff90c000000 ---p 00000000 00:00 0 
7ff90c000000-7ff90c001000 r--s 00002000 08:07 1189056                    /home/chivu/.gradle/wrapper/dists/gradle-3.3-all/55gk2rcmfc6p2dg9u9ohc3hw9/gradle-3.3/lib/native-platform-linux-amd64-0.12.jar
7ff90c001000-7ff90c002000 r--s 00003000 08:07 1189055                    /home/chivu/.gradle/wrapper/dists/gradle-3.3-all/55gk2rcmfc6p2dg9u9ohc3hw9/gradle-3.3/lib/native-platform-freebsd-i386-libstdcpp-0.12.jar
7ff90c002000-7ff90c004000 r--s 00003000 08:07 1189053                    /home/chivu/.gradle/wrapper/dists/gradle-3.3-all/55gk2rcmfc6p2dg9u9ohc3hw9/gradle-3.3/lib/native-platform-freebsd-amd64-libstdcpp-0.12.jar
7ff90c004000-7ff90c007000 r--s 00023000 08:07 1189046                    /home/chivu/.gradle/wrapper/dists/gradle-3.3-all/55gk2rcmfc6p2dg9u9ohc3hw9/gradle-3.3/lib/jansi-1.14.jar
7ff90c007000-7ff90c00b000 r--s 00011000 08:07 1189045                    /home/chivu/.gradle/wrapper/dists/gradle-3.3-all/55gk2rcmfc6p2dg9u9ohc3hw9/gradle-3.3/lib/native-platform-0.12.jar
7ff90c00b000-7ff90c00e000 r--s 0000a000 08:07 1189023                    /home/chivu/.gradle/wrapper/dists/gradle-3.3-all/55gk2rcmfc6p2dg9u9ohc3hw9/gradle-3.3/lib/gradle-native-3.3.jar
7ff90c00e000-7ff90c01b000 r--s 00083000 08:07 1189034                    /home/chivu/.gradle/wrapper/dists/gradle-3.3-all/55gk2rcmfc6p2dg9u9ohc3hw9/gradle-3.3/lib/commons-collections-3.2.2.jar
7ff90c01b000-7ff90c01e000 ---p 00000000 00:00 0 
7ff90c01e000-7ff90c11c000 rw-p 00000000 00:00 0 
7ff90c11c000-7ff90c11f000 ---p 00000000 00:00 0 
7ff90c11f000-7ff90c21d000 rw-p 00000000 00:00 0 
7ff90c21d000-7ff90c220000 ---p 00000000 00:00 0 
7ff90c220000-7ff90c31e000 rw-p 00000000 00:00 0 
7ff90c31e000-7ff90c321000 ---p 00000000 00:00 0 
7ff90c321000-7ff90c41f000 rw-p 00000000 00:00 0 
7ff90c41f000-7ff90c422000 ---p 00000000 00:00 0 
7ff90c422000-7ff90c520000 rw-p 00000000 00:00 0 
7ff90c520000-7ff90c7f8000 r--p 00000000 08:07 1311727                    /usr/lib/locale/locale-archive
7ff90c7f8000-7ff90c7fb000 ---p 00000000 00:00 0 
7ff90c7fb000-7ff90c8f9000 rw-p 00000000 00:00 0 
7ff90c8f9000-7ff90c8fc000 ---p 00000000 00:00 0 
7ff90c8fc000-7ff90c9fa000 rw-p 00000000 00:00 0 
7ff90c9fa000-7ff90c9fb000 ---p 00000000 00:00 0 
7ff90c9fb000-7ff90d000000 rw-p 00000000 00:00 0 
7ff90d000000-7ff910070000 rwxp 00000000 00:00 0 
7ff910070000-7ff91c000000 ---p 00000000 00:00 0 
7ff91c000000-7ff91ccc8000 rw-p 00000000 00:00 0 
7ff91ccc8000-7ff920000000 ---p 00000000 00:00 0 
7ff920000000-7ff920001000 r--s 00004000 08:07 1189054                    /home/chivu/.gradle/wrapper/dists/gradle-3.3-all/55gk2rcmfc6p2dg9u9ohc3hw9/gradle-3.3/lib/native-platform-freebsd-i386-libcpp-0.12.jar
7ff920001000-7ff920002000 r--s 00004000 08:07 1189052                    /home/chivu/.gradle/wrapper/dists/gradle-3.3-all/55gk2rcmfc6p2dg9u9ohc3hw9/gradle-3.3/lib/native-platform-freebsd-amd64-libcpp-0.12.jar
7ff920002000-7ff920004000 r--s 00005000 08:07 1189020                    /home/chivu/.gradle/wrapper/dists/gradle-3.3-all/55gk2rcmfc6p2dg9u9ohc3hw9/gradle-3.3/lib/gradle-cli-3.3.jar
7ff920004000-7ff920006000 r--s 00007000 08:07 1189031                    /home/chivu/.gradle/wrapper/dists/gradle-3.3-all/55gk2rcmfc6p2dg9u9ohc3hw9/gradle-3.3/lib/gradle-model-groovy-3.3.jar
7ff920006000-7ff920008000 r--s 00006000 08:07 1189038                    /home/chivu/.gradle/wrapper/dists/gradle-3.3-all/55gk2rcmfc6p2dg9u9ohc3hw9/gradle-3.3/lib/gradle-base-services-groovy-3.3.jar
7ff920008000-7ff920009000 r--s 00002000 08:07 1189041                    /home/chivu/.gradle/wrapper/dists/gradle-3.3-all/55gk2rcmfc6p2dg9u9ohc3hw9/gradle-3.3/lib/gradle-docs-3.3.jar
7ff920009000-7ff920046000 r--s 001f8000 08:07 1189019                    /home/chivu/.gradle/wrapper/dists/gradle-3.3-all/55gk2rcmfc6p2dg9u9ohc3hw9/gradle-3.3/lib/gradle-core-3.3.jar
7ff920046000-7ff920b22000 rw-p 00000000 00:00 0 
7ff920b22000-7ff920cf1000 r--s 03c1b000 08:07 1201515                    /home/chivu/Downloads/android-studio-p/jre/jre/lib/rt.jar
7ff920cf1000-7ff921867000 rw-p 00000000 00:00 0 
7ff921867000-7ff921868000 ---p 00000000 00:00 0 
7ff921868000-7ff921968000 rw-p 00000000 00:00 0 
7ff921968000-7ff921969000 ---p 00000000 00:00 0 
7ff921969000-7ff921a69000 rw-p 00000000 00:00 0 
7ff921a69000-7ff921a6a000 ---p 00000000 00:00 0 
7ff921a6a000-7ff921b6a000 rw-p 00000000 00:00 0 
7ff921b6a000-7ff921b6b000 ---p 00000000 00:00 0 
7ff921b6b000-7ff921d0e000 rw-p 00000000 00:00 0 
7ff921d0e000-7ff921e6b000 ---p 00000000 00:00 0 
7ff921e6b000-7ff921f0e000 rw-p 00000000 00:00 0 
7ff921f0e000-7ff92206b000 ---p 00000000 00:00 0 
7ff92206b000-7ff92216b000 rw-p 00000000 00:00 0 
7ff92216b000-7ff92222e000 rw-p 00000000 00:00 0 
7ff92222e000-7ff92252c000 ---p 00000000 00:00 0 
7ff92252c000-7ff922546000 r-xp 00000000 08:07 1201530                    /home/chivu/Downloads/android-studio-p/jre/jre/lib/amd64/libzip.so
7ff922546000-7ff922746000 ---p 0001a000 08:07 1201530                    /home/chivu/Downloads/android-studio-p/jre/jre/lib/amd64/libzip.so
7ff922746000-7ff922747000 r--p 0001a000 08:07 1201530                    /home/chivu/Downloads/android-studio-p/jre/jre/lib/amd64/libzip.so
7ff922747000-7ff922748000 rw-p 0001b000 08:07 1201530                    /home/chivu/Downloads/android-studio-p/jre/jre/lib/amd64/libzip.so
7ff922748000-7ff922753000 r-xp 00000000 08:07 541944                     /lib/x86_64-linux-gnu/libnss_files-2.23.so
7ff922753000-7ff922952000 ---p 0000b000 08:07 541944                     /lib/x86_64-linux-gnu/libnss_files-2.23.so
7ff922952000-7ff922953000 r--p 0000a000 08:07 541944                     /lib/x86_64-linux-gnu/libnss_files-2.23.so
7ff922953000-7ff922954000 rw-p 0000b000 08:07 541944                     /lib/x86_64-linux-gnu/libnss_files-2.23.so
7ff922954000-7ff92295a000 rw-p 00000000 00:00 0 
7ff92295a000-7ff922965000 r-xp 00000000 08:07 541937                     /lib/x86_64-linux-gnu/libnss_nis-2.23.so
7ff922965000-7ff922b64000 ---p 0000b000 08:07 541937                     /lib/x86_64-linux-gnu/libnss_nis-2.23.so
7ff922b64000-7ff922b65000 r--p 0000a000 08:07 541937                     /lib/x86_64-linux-gnu/libnss_nis-2.23.so
7ff922b65000-7ff922b66000 rw-p 0000b000 08:07 541937                     /lib/x86_64-linux-gnu/libnss_nis-2.23.so
7ff922b66000-7ff922b7c000 r-xp 00000000 08:07 541939                     /lib/x86_64-linux-gnu/libnsl-2.23.so
7ff922b7c000-7ff922d7b000 ---p 00016000 08:07 541939                     /lib/x86_64-linux-gnu/libnsl-2.23.so
7ff922d7b000-7ff922d7c000 r--p 00015000 08:07 541939                     /lib/x86_64-linux-gnu/libnsl-2.23.so
7ff922d7c000-7ff922d7d000 rw-p 00016000 08:07 541939                     /lib/x86_64-linux-gnu/libnsl-2.23.so
7ff922d7d000-7ff922d7f000 rw-p 00000000 00:00 0 
7ff922d7f000-7ff922d87000 r-xp 00000000 08:07 541946                     /lib/x86_64-linux-gnu/libnss_compat-2.23.so
7ff922d87000-7ff922f86000 ---p 00008000 08:07 541946                     /lib/x86_64-linux-gnu/libnss_compat-2.23.so
7ff922f86000-7ff922f87000 r--p 00007000 08:07 541946                     /lib/x86_64-linux-gnu/libnss_compat-2.23.so
7ff922f87000-7ff922f88000 rw-p 00008000 08:07 541946                     /lib/x86_64-linux-gnu/libnss_compat-2.23.so
7ff922f88000-7ff922fb5000 r-xp 00000000 08:07 1201547                    /home/chivu/Downloads/android-studio-p/jre/jre/lib/amd64/libjava.so
7ff922fb5000-7ff9231b4000 ---p 0002d000 08:07 1201547                    /home/chivu/Downloads/android-studio-p/jre/jre/lib/amd64/libjava.so
7ff9231b4000-7ff9231b5000 r--p 0002c000 08:07 1201547                    /home/chivu/Downloads/android-studio-p/jre/jre/lib/amd64/libjava.so
7ff9231b5000-7ff9231b7000 rw-p 0002d000 08:07 1201547                    /home/chivu/Downloads/android-studio-p/jre/jre/lib/amd64/libjava.so
7ff9231b7000-7ff9231c7000 r-xp 00000000 08:07 1201520                    /home/chivu/Downloads/android-studio-p/jre/jre/lib/amd64/libverify.so
7ff9231c7000-7ff9233c6000 ---p 00010000 08:07 1201520                    /home/chivu/Downloads/android-studio-p/jre/jre/lib/amd64/libverify.so
7ff9233c6000-7ff9233c8000 r--p 0000f000 08:07 1201520                    /home/chivu/Downloads/android-studio-p/jre/jre/lib/amd64/libverify.so
7ff9233c8000-7ff9233c9000 rw-p 00011000 08:07 1201520                    /home/chivu/Downloads/android-studio-p/jre/jre/lib/amd64/libverify.so
7ff9233c9000-7ff9233d0000 r-xp 00000000 08:07 541947                     /lib/x86_64-linux-gnu/librt-2.23.so
7ff9233d0000-7ff9235cf000 ---p 00007000 08:07 541947                     /lib/x86_64-linux-gnu/librt-2.23.so
7ff9235cf000-7ff9235d0000 r--p 00006000 08:07 541947                     /lib/x86_64-linux-gnu/librt-2.23.so
7ff9235d0000-7ff9235d1000 rw-p 00007000 08:07 541947                     /lib/x86_64-linux-gnu/librt-2.23.so
7ff9235d1000-7ff9236d9000 r-xp 00000000 08:07 541938                     /lib/x86_64-linux-gnu/libm-2.23.so
7ff9236d9000-7ff9238d8000 ---p 00108000 08:07 541938                     /lib/x86_64-linux-gnu/libm-2.23.so
7ff9238d8000-7ff9238d9000 r--p 00107000 08:07 541938                     /lib/x86_64-linux-gnu/libm-2.23.so
7ff9238d9000-7ff9238da000 rw-p 00108000 08:07 541938                     /lib/x86_64-linux-gnu/libm-2.23.so
7ff9238da000-7ff9244cb000 r-xp 00000000 08:07 1201528                    /home/chivu/Downloads/android-studio-p/jre/jre/lib/amd64/server/libjvm.so
7ff9244cb000-7ff9246cb000 ---p 00bf1000 08:07 1201528                    /home/chivu/Downloads/android-studio-p/jre/jre/lib/amd64/server/libjvm.so
7ff9246cb000-7ff92476a000 r--p 00bf1000 08:07 1201528                    /home/chivu/Downloads/android-studio-p/jre/jre/lib/amd64/server/libjvm.so
7ff92476a000-7ff924793000 rw-p 00c90000 08:07 1201528                    /home/chivu/Downloads/android-studio-p/jre/jre/lib/amd64/server/libjvm.so
7ff924793000-7ff9247d7000 rw-p 00000000 00:00 0 
7ff9247d7000-7ff9247ef000 r-xp 00000000 08:07 541951                     /lib/x86_64-linux-gnu/libpthread-2.23.so
7ff9247ef000-7ff9249ee000 ---p 00018000 08:07 541951                     /lib/x86_64-linux-gnu/libpthread-2.23.so
7ff9249ee000-7ff9249ef000 r--p 00017000 08:07 541951                     /lib/x86_64-linux-gnu/libpthread-2.23.so
7ff9249ef000-7ff9249f0000 rw-p 00018000 08:07 541951                     /lib/x86_64-linux-gnu/libpthread-2.23.so
7ff9249f0000-7ff9249f4000 rw-p 00000000 00:00 0 
7ff9249f4000-7ff9249f7000 r-xp 00000000 08:07 541936                     /lib/x86_64-linux-gnu/libdl-2.23.so
7ff9249f7000-7ff924bf6000 ---p 00003000 08:07 541936                     /lib/x86_64-linux-gnu/libdl-2.23.so
7ff924bf6000-7ff924bf7000 r--p 00002000 08:07 541936                     /lib/x86_64-linux-gnu/libdl-2.23.so
7ff924bf7000-7ff924bf8000 rw-p 00003000 08:07 541936                     /lib/x86_64-linux-gnu/libdl-2.23.so
7ff924bf8000-7ff924db7000 r-xp 00000000 08:07 541940                     /lib/x86_64-linux-gnu/libc-2.23.so
7ff924db7000-7ff924fb7000 ---p 001bf000 08:07 541940                     /lib/x86_64-linux-gnu/libc-2.23.so
7ff924fb7000-7ff924fbb000 r--p 001bf000 08:07 541940                     /lib/x86_64-linux-gnu/libc-2.23.so
7ff924fbb000-7ff924fbd000 rw-p 001c3000 08:07 541940                     /lib/x86_64-linux-gnu/libc-2.23.so
7ff924fbd000-7ff924fc1000 rw-p 00000000 00:00 0 
7ff924fc1000-7ff924fd7000 r-xp 00000000 08:07 1201477                    /home/chivu/Downloads/android-studio-p/jre/lib/amd64/jli/libjli.so
7ff924fd7000-7ff9251d6000 ---p 00016000 08:07 1201477                    /home/chivu/Downloads/android-studio-p/jre/lib/amd64/jli/libjli.so
7ff9251d6000-7ff9251d7000 r--p 00015000 08:07 1201477                    /home/chivu/Downloads/android-studio-p/jre/lib/amd64/jli/libjli.so
7ff9251d7000-7ff9251d8000 rw-p 00016000 08:07 1201477                    /home/chivu/Downloads/android-studio-p/jre/lib/amd64/jli/libjli.so
7ff9251d8000-7ff9251fe000 r-xp 00000000 08:07 541941                     /lib/x86_64-linux-gnu/ld-2.23.so
7ff9251fe000-7ff9251ff000 r--s 00000000 08:07 1189037                    /home/chivu/.gradle/wrapper/dists/gradle-3.3-all/55gk2rcmfc6p2dg9u9ohc3hw9/gradle-3.3/lib/javax.inject-1.jar
7ff9251ff000-7ff925200000 r--s 00000000 08:07 1189036                    /home/chivu/.gradle/wrapper/dists/gradle-3.3-all/55gk2rcmfc6p2dg9u9ohc3hw9/gradle-3.3/lib/jcip-annotations-1.0.jar
7ff925200000-7ff925204000 r--s 00027000 08:07 1189035                    /home/chivu/.gradle/wrapper/dists/gradle-3.3-all/55gk2rcmfc6p2dg9u9ohc3hw9/gradle-3.3/lib/commons-io-2.2.jar
7ff925204000-7ff925209000 r--s 00038000 08:07 1189032                    /home/chivu/.gradle/wrapper/dists/gradle-3.3-all/55gk2rcmfc6p2dg9u9ohc3hw9/gradle-3.3/lib/asm-all-5.1.jar
7ff925209000-7ff92520a000 r--s 00001000 08:07 1189028                    /home/chivu/.gradle/wrapper/dists/gradle-3.3-all/55gk2rcmfc6p2dg9u9ohc3hw9/gradle-3.3/lib/gradle-process-services-3.3.jar
7ff92520a000-7ff92520f000 r--s 00041000 08:07 1189027                    /home/chivu/.gradle/wrapper/dists/gradle-3.3-all/55gk2rcmfc6p2dg9u9ohc3hw9/gradle-3.3/lib/commons-lang-2.6.jar
7ff92520f000-7ff925218000 r--s 00042000 08:07 1189017                    /home/chivu/.gradle/wrapper/dists/gradle-3.3-all/55gk2rcmfc6p2dg9u9ohc3hw9/gradle-3.3/lib/gradle-base-services-3.3.jar
7ff925218000-7ff9252da000 rw-p 00000000 00:00 0 
7ff9252da000-7ff9252dd000 ---p 00000000 00:00 0 
7ff9252dd000-7ff9253df000 rw-p 00000000 00:00 0 
7ff9253df000-7ff9253e1000 r--s 00000000 08:07 1189018                    /home/chivu/.gradle/wrapper/dists/gradle-3.3-all/55gk2rcmfc6p2dg9u9ohc3hw9/gradle-3.3/lib/gradle-jvm-services-3.3.jar
7ff9253e1000-7ff9253e2000 r--s 00000000 08:07 1189183                    /home/chivu/.gradle/wrapper/dists/gradle-3.3-all/55gk2rcmfc6p2dg9u9ohc3hw9/gradle-3.3/lib/gradle-version-info-3.3.jar
7ff9253e2000-7ff9253e3000 r--s 00007000 08:07 1189025                    /home/chivu/.gradle/wrapper/dists/gradle-3.3-all/55gk2rcmfc6p2dg9u9ohc3hw9/gradle-3.3/lib/slf4j-api-1.7.10.jar
7ff9253e3000-7ff9253e4000 r--s 00004000 08:07 1189050                    /home/chivu/.gradle/wrapper/dists/gradle-3.3-all/55gk2rcmfc6p2dg9u9ohc3hw9/gradle-3.3/lib/ant-launcher-1.9.6.jar
7ff9253e4000-7ff9253f1000 r--s 0005c000 08:07 1189014                    /home/chivu/.gradle/wrapper/dists/gradle-3.3-all/55gk2rcmfc6p2dg9u9ohc3hw9/gradle-3.3/lib/gradle-launcher-3.3.jar
7ff9253f1000-7ff9253f9000 rw-s 00000000 08:07 266503                     /tmp/hsperfdata_chivu/4329
7ff9253f9000-7ff9253fa000 rw-p 00000000 00:00 0 
7ff9253fa000-7ff9253fb000 ---p 00000000 00:00 0 
7ff9253fb000-7ff9253fd000 rw-p 00000000 00:00 0 
7ff9253fd000-7ff9253fe000 r--p 00025000 08:07 541941                     /lib/x86_64-linux-gnu/ld-2.23.so
7ff9253fe000-7ff9253ff000 rw-p 00026000 08:07 541941                     /lib/x86_64-linux-gnu/ld-2.23.so
7ff9253ff000-7ff925400000 rw-p 00000000 00:00 0 
7ffd5beea000-7ffd5bf0b000 rw-p 00000000 00:00 0                          [stack]
7ffd5bf50000-7ffd5bf52000 r--p 00000000 00:00 0                          [vvar]
7ffd5bf52000-7ffd5bf54000 r-xp 00000000 00:00 0                          [vdso]
ffffffffff600000-ffffffffff601000 r-xp 00000000 00:00 0                  [vsyscall]

VM Arguments:
jvm_args: -Xmx1536m -Dfile.encoding=UTF-8 -Duser.country=IN -Duser.language=en -Duser.variant 
java_command: org.gradle.launcher.daemon.bootstrap.GradleDaemon 3.3
java_class_path (initial): /home/chivu/.gradle/wrapper/dists/gradle-3.3-all/55gk2rcmfc6p2dg9u9ohc3hw9/gradle-3.3/lib/gradle-launcher-3.3.jar
Launcher Type: SUN_STANDARD

Environment Variables:
JAVA_HOME=/usr/lib/jvm/java-8-oracle
PATH=/home/chivu/bin:/home/chivu/.local/bin:/usr/local/sbin:/usr/local/bin:/usr/sbin:/usr/bin:/sbin:/bin:/usr/games:/usr/local/games:/snap/bin:/usr/lib/jvm/java-8-oracle/bin:/usr/lib/jvm/java-8-oracle/db/bin:/usr/lib/jvm/java-8-oracle/jre/bin
LD_LIBRARY_PATH=/home/chivu/Downloads/android-studio-p/bin:
SHELL=/bin/bash
DISPLAY=:0

Signal Handlers:
SIGSEGV: [libjvm.so+0x9e5150], sa_mask[0]=11111111011111111101111111111110, sa_flags=SA_RESTART|SA_SIGINFO
SIGBUS: [libjvm.so+0x9e5150], sa_mask[0]=11111111011111111101111111111110, sa_flags=SA_RESTART|SA_SIGINFO
SIGFPE: [libjvm.so+0x848450], sa_mask[0]=11111111011111111101111111111110, sa_flags=SA_RESTART|SA_SIGINFO
SIGPIPE: [libjvm.so+0x848450], sa_mask[0]=11111111011111111101111111111110, sa_flags=SA_RESTART|SA_SIGINFO
SIGXFSZ: [libjvm.so+0x848450], sa_mask[0]=11111111011111111101111111111110, sa_flags=SA_RESTART|SA_SIGINFO
SIGILL: [libjvm.so+0x848450], sa_mask[0]=11111111011111111101111111111110, sa_flags=SA_RESTART|SA_SIGINFO
SIGUSR1: SIG_DFL, sa_mask[0]=00000000000000000000000000000000, sa_flags=none
SIGUSR2: [libjvm.so+0x848320], sa_mask[0]=00100000000000000000000000000000, sa_flags=SA_RESTART|SA_SIGINFO
SIGHUP: [libjvm.so+0x848510], sa_mask[0]=11111111011111111101111111111110, sa_flags=SA_RESTART|SA_SIGINFO
SIGINT: [libjvm.so+0x848510], sa_mask[0]=11111111011111111101111111111110, sa_flags=SA_RESTART|SA_SIGINFO
SIGTERM: [libjvm.so+0x848510], sa_mask[0]=11111111011111111101111111111110, sa_flags=SA_RESTART|SA_SIGINFO
SIGQUIT: [libjvm.so+0x848510], sa_mask[0]=11111111011111111101111111111110, sa_flags=SA_RESTART|SA_SIGINFO


---------------  S Y S T E M  ---------------

OS:DISTRIB_ID=Ubuntu
DISTRIB_RELEASE=16.04
DISTRIB_CODENAME=xenial
DISTRIB_DESCRIPTION="Ubuntu 16.04.2 LTS"

uname:Linux 4.4.0-79-generic #100-Ubuntu SMP Wed May 17 19:58:14 UTC 2017 x86_64
libc:glibc 2.23 NPTL 2.23 
rlimit: STACK 8192k, CORE 0k, NPROC 15361, NOFILE 65536, AS infinity
load average:4.99 9.51 6.89

/proc/meminfo:
MemTotal:        3972820 kB
MemFree:          123132 kB
MemAvailable:      38612 kB
Buffers:            1460 kB
Cached:           207760 kB
SwapCached:          180 kB
Active:          2768904 kB
Inactive:         919020 kB
Active(anon):    2757600 kB
Inactive(anon):   895628 kB
Active(file):      11304 kB
Inactive(file):    23392 kB
Unevictable:         136 kB
Mlocked:             136 kB
SwapTotal:          1020 kB
SwapFree:              0 kB
Dirty:               200 kB
Writeback:             0 kB
AnonPages:       3479248 kB
Mapped:            72712 kB
Shmem:            173936 kB
Slab:              76312 kB
SReclaimable:      41272 kB
SUnreclaim:        35040 kB
KernelStack:        9168 kB
PageTables:        33152 kB
NFS_Unstable:          0 kB
Bounce:                0 kB
WritebackTmp:          0 kB
CommitLimit:     1987428 kB
Committed_AS:    7024256 kB
VmallocTotal:   34359738367 kB
VmallocUsed:           0 kB
VmallocChunk:          0 kB
HardwareCorrupted:     0 kB
AnonHugePages:   1906688 kB
CmaTotal:              0 kB
CmaFree:               0 kB
HugePages_Total:       0
HugePages_Free:        0
HugePages_Rsvd:        0
HugePages_Surp:        0
Hugepagesize:       2048 kB
DirectMap4k:      164608 kB
DirectMap2M:     3956736 kB
DirectMap1G:     1048576 kB


CPU:total 4 (2 cores per cpu, 2 threads per core) family 6 model 69 stepping 1, cmov, cx8, fxsr, mmx, sse, sse2, sse3, ssse3, sse4.1, sse4.2, popcnt, avx, avx2, aes, clmul, erms, lzcnt, ht, tsc, tscinvbit, bmi1, bmi2

/proc/cpuinfo:
processor	: 0
vendor_id	: GenuineIntel
cpu family	: 6
model		: 69
model name	: Intel(R) Core(TM) i3-4030U CPU @ 1.90GHz
stepping	: 1
microcode	: 0x1d
cpu MHz		: 1799.953
cache size	: 3072 KB
physical id	: 0
siblings	: 4
core id		: 0
cpu cores	: 2
apicid		: 0
initial apicid	: 0
fpu		: yes
fpu_exception	: yes
cpuid level	: 13
wp		: yes
flags		: fpu vme de pse tsc msr pae mce cx8 apic sep mtrr pge mca cmov pat pse36 clflush dts acpi mmx fxsr sse sse2 ss ht tm pbe syscall nx pdpe1gb rdtscp lm constant_tsc arch_perfmon pebs bts rep_good nopl xtopology nonstop_tsc aperfmperf eagerfpu pni pclmulqdq dtes64 monitor ds_cpl vmx est tm2 ssse3 sdbg fma cx16 xtpr pdcm pcid sse4_1 sse4_2 x2apic movbe popcnt tsc_deadline_timer aes xsave avx f16c rdrand lahf_lm abm epb tpr_shadow vnmi flexpriority ept vpid fsgsbase tsc_adjust bmi1 avx2 smep bmi2 erms invpcid xsaveopt dtherm arat pln pts
bugs		:
bogomips	: 3791.26
clflush size	: 64
cache_alignment	: 64
address sizes	: 39 bits physical, 48 bits virtual
power management:

processor	: 1
vendor_id	: GenuineIntel
cpu family	: 6
model		: 69
model name	: Intel(R) Core(TM) i3-4030U CPU @ 1.90GHz
stepping	: 1
microcode	: 0x1d
cpu MHz		: 1599.933
cache size	: 3072 KB
physical id	: 0
siblings	: 4
core id		: 0
cpu cores	: 2
apicid		: 1
initial apicid	: 1
fpu		: yes
fpu_exception	: yes
cpuid level	: 13
wp		: yes
flags		: fpu vme de pse tsc msr pae mce cx8 apic sep mtrr pge mca cmov pat pse36 clflush dts acpi mmx fxsr sse sse2 ss ht tm pbe syscall nx pdpe1gb rdtscp lm constant_tsc arch_perfmon pebs bts rep_good nopl xtopology nonstop_tsc aperfmperf eagerfpu pni pclmulqdq dtes64 monitor ds_cpl vmx est tm2 ssse3 sdbg fma cx16 xtpr pdcm pcid sse4_1 sse4_2 x2apic movbe popcnt tsc_deadline_timer aes xsave avx f16c rdrand lahf_lm abm epb tpr_shadow vnmi flexpriority ept vpid fsgsbase tsc_adjust bmi1 avx2 smep bmi2 erms invpcid xsaveopt dtherm arat pln pts
bugs		:
bogomips	: 3791.26
clflush size	: 64
cache_alignment	: 64
address sizes	: 39 bits physical, 48 bits virtual
power management:

processor	: 2
vendor_id	: GenuineIntel
cpu family	: 6
model		: 69
model name	: Intel(R) Core(TM) i3-4030U CPU @ 1.90GHz
stepping	: 1
microcode	: 0x1d
cpu MHz		: 1800.175
cache size	: 3072 KB
physical id	: 0
siblings	: 4
core id		: 1
cpu cores	: 2
apicid		: 2
initial apicid	: 2
fpu		: yes
fpu_exception	: yes
cpuid level	: 13
wp		: yes
flags		: fpu vme de pse tsc msr pae mce cx8 apic sep mtrr pge mca cmov pat pse36 clflush dts acpi mmx fxsr sse sse2 ss ht tm pbe syscall nx pdpe1gb rdtscp lm constant_tsc arch_perfmon pebs bts rep_good nopl xtopology nonstop_tsc aperfmperf eagerfpu pni pclmulqdq dtes64 monitor ds_cpl vmx est tm2 ssse3 sdbg fma cx16 xtpr pdcm pcid sse4_1 sse4_2 x2apic movbe popcnt tsc_deadline_timer aes xsave avx f16c rdrand lahf_lm abm epb tpr_shadow vnmi flexpriority ept vpid fsgsbase tsc_adjust bmi1 avx2 smep bmi2 erms invpcid xsaveopt dtherm arat pln pts
bugs		:
bogomips	: 3791.26
clflush size	: 64
cache_alignment	: 64
address sizes	: 39 bits physical, 48 bits virtual
power management:

processor	: 3
vendor_id	: GenuineIntel
cpu family	: 6
model		: 69
model name	: Intel(R) Core(TM) i3-4030U CPU @ 1.90GHz
stepping	: 1
microcode	: 0x1d
cpu MHz		: 1799.878
cache size	: 3072 KB
physical id	: 0
siblings	: 4
core id		: 1
cpu cores	: 2
apicid		: 3
initial apicid	: 3
fpu		: yes
fpu_exception	: yes
cpuid level	: 13
wp		: yes
flags		: fpu vme de pse tsc msr pae mce cx8 apic sep mtrr pge mca cmov pat pse36 clflush dts acpi mmx fxsr sse sse2 ss ht tm pbe syscall nx pdpe1gb rdtscp lm constant_tsc arch_perfmon pebs bts rep_good nopl xtopology nonstop_tsc aperfmperf eagerfpu pni pclmulqdq dtes64 monitor ds_cpl vmx est tm2 ssse3 sdbg fma cx16 xtpr pdcm pcid sse4_1 sse4_2 x2apic movbe popcnt tsc_deadline_timer aes xsave avx f16c rdrand lahf_lm abm epb tpr_shadow vnmi flexpriority ept vpid fsgsbase tsc_adjust bmi1 avx2 smep bmi2 erms invpcid xsaveopt dtherm arat pln pts
bugs		:
bogomips	: 3791.26
clflush size	: 64
cache_alignment	: 64
address sizes	: 39 bits physical, 48 bits virtual
power management:



Memory: 4k page, physical 3972820k(123132k free), swap 1020k(0k free)

vm_info: OpenJDK 64-Bit Server VM (25.112-b06) for linux-amd64 JRE (1.8.0_112-release-b06), built on Dec  6 2016 12:11:18 by "builder" with gcc 4.8.4

time: Thu Jul  6 19:18:54 2017
elapsed time: 215 seconds (0d 0h 3m 35s)

