#
# There is insufficient memory for the Java Runtime Environment to continue.
# Native memory allocation (mmap) failed to map 128450560 bytes for committing reserved memory.
# Possible reasons:
#   The system is out of physical RAM or swap space
#   In 32 bit mode, the process size limit was hit
# Possible solutions:
#   Reduce memory load on the system
#   Increase physical memory or swap space
#   Check if swap backing store is full
#   Use 64 bit Java on a 64 bit OS
#   Decrease Java heap size (-Xmx/-Xms)
#   Decrease number of Java threads
#   Decrease Java thread stack sizes (-Xss)
#   Set larger code cache with -XX:ReservedCodeCacheSize=
# This output file may be truncated or incomplete.
#
#  Out of Memory Error (os_linux.cpp:2627), pid=4445, tid=0x00007fcc1bfff700
#
# JRE version: OpenJDK Runtime Environment (8.0_112-b06) (build 1.8.0_112-release-b06)
# Java VM: OpenJDK 64-Bit Server VM (25.112-b06 mixed mode linux-amd64 compressed oops)
# Failed to write core dump. Core dumps have been disabled. To enable core dumping, try "ulimit -c unlimited" before starting Java again
#

---------------  T H R E A D  ---------------

Current thread (0x00007fcc38077800):  VMThread [stack: 0x00007fcc1beff000,0x00007fcc1c000000] [id=4453]

Stack: [0x00007fcc1beff000,0x00007fcc1c000000],  sp=0x00007fcc1bffe4d0,  free space=1021k
Native frames: (J=compiled Java code, j=interpreted, Vv=VM code, C=native code)
V  [libjvm.so+0x9e465d]  VMError::report_and_die()+0x15d
V  [libjvm.so+0x4b6ada]  report_vm_out_of_memory(char const*, int, unsigned long, VMErrorType, char const*)+0x8a
V  [libjvm.so+0x84c860]  os::pd_commit_memory(char*, unsigned long, unsigned long, bool)+0xf0
V  [libjvm.so+0x84737f]  os::commit_memory(char*, unsigned long, unsigned long, bool)+0x1f
V  [libjvm.so+0x8bd3db]  PSVirtualSpace::expand_by(unsigned long)+0x5b
V  [libjvm.so+0x8ae1bb]  PSOldGen::expand_by(unsigned long) [clone .part.109]+0x1b
V  [libjvm.so+0x8ae37b]  PSOldGen::expand(unsigned long) [clone .part.111]+0xdb
V  [libjvm.so+0x8aec58]  PSOldGen::resize(unsigned long)+0x188
V  [libjvm.so+0x8b426c]  PSParallelCompact::invoke_no_policy(bool)+0x97c
V  [libjvm.so+0x8bb37d]  PSScavenge::invoke()+0x17d
V  [libjvm.so+0x86fcf3]  ParallelScavengeHeap::failed_mem_allocate(unsigned long)+0x63
V  [libjvm.so+0x9e6124]  VM_ParallelGCFailedAllocation::doit()+0x84
V  [libjvm.so+0x9ea537]  VM_Operation::evaluate()+0x47
V  [libjvm.so+0x9e8ff8]  VMThread::evaluate_operation(VM_Operation*)+0x2c8
V  [libjvm.so+0x9e9479]  VMThread::loop()+0x219
V  [libjvm.so+0x9e98c2]  VMThread::run()+0x72
V  [libjvm.so+0x849c82]  java_start(Thread*)+0xf2

VM_Operation (0x00007fcbc21200a0): ParallelGCFailedAllocation, mode: safepoint, requested by thread 0x00007fcbb8088800


---------------  P R O C E S S  ---------------

Java Threads: ( => current thread )
  0x00007fcbb808b000 JavaThread "pool-5-thread-4" [_thread_blocked, id=4508, stack(0x00007fcbc1b1e000,0x00007fcbc1c1f000)]
  0x00007fcbb8089800 JavaThread "pool-5-thread-3" [_thread_blocked, id=4507, stack(0x00007fcbc1c1f000,0x00007fcbc1d20000)]
  0x00007fcbb8088800 JavaThread "pool-5-thread-2" [_thread_blocked, id=4506, stack(0x00007fcbc2021000,0x00007fcbc2122000)]
  0x00007fcbb8087800 JavaThread "pool-6-thread-1" [_thread_blocked, id=4505, stack(0x00007fcbc2122000,0x00007fcbc2223000)]
  0x00007fcbb8086000 JavaThread "pool-5-thread-1" [_thread_blocked, id=4504, stack(0x00007fcbc1f20000,0x00007fcbc2021000)]
  0x00007fcbd482a000 JavaThread "pool-3-thread-1" [_thread_blocked, id=4503, stack(0x00007fcbc2223000,0x00007fcbc2324000)]
  0x00007fcbd51ce800 JavaThread "Cache update executor" [_thread_blocked, id=4481, stack(0x00007fcbc2bfe000,0x00007fcbc2cff000)]
  0x00007fcbd4635800 JavaThread "pool-2-thread-1" [_thread_blocked, id=4477, stack(0x00007fcbc3cff000,0x00007fcbc3e00000)]
  0x00007fcbd4c3b800 JavaThread "File lock request listener" [_thread_in_native, id=4474, stack(0x00007fcc185a2000,0x00007fcc186a3000)]
  0x00007fcbd4b60000 JavaThread "process reaper" daemon [_thread_blocked, id=4473, stack(0x00007fcc18ce7000,0x00007fcc18d20000)]
  0x00007fcc38c7d800 JavaThread "pool-1-thread-1" [_thread_blocked, id=4471, stack(0x00007fcc1919a000,0x00007fcc1929b000)]
  0x00007fcbd4009800 JavaThread "Asynchronous log dispatcher for DefaultDaemonConnection: socket connection from /127.0.0.1:34749 to /127.0.0.1:39838" [_thread_blocked, id=4469, stack(0x00007fcc1939c000,0x00007fcc1949d000)]
  0x00007fcbe800a000 JavaThread "Daemon worker" [_thread_blocked, id=4466, stack(0x00007fcc1949d000,0x00007fcc1959e000)]
  0x00007fcbe8006800 JavaThread "Cancel handler" [_thread_blocked, id=4465, stack(0x00007fcc1959e000,0x00007fcc1969f000)]
  0x00007fcbe8007800 JavaThread "Handler for socket connection from /127.0.0.1:34749 to /127.0.0.1:39838" [_thread_in_native, id=4464, stack(0x00007fcc1989f000,0x00007fcc199a0000)]
  0x00007fcbe4018800 JavaThread "Daemon" [_thread_blocked, id=4463, stack(0x00007fcc199a0000,0x00007fcc19aa1000)]
  0x00007fcc38c26000 JavaThread "Incoming local TCP Connector on port 34749" [_thread_in_native, id=4462, stack(0x00007fcc19ca8000,0x00007fcc19da9000)]
  0x00007fcc380bf800 JavaThread "Service Thread" daemon [_thread_blocked, id=4460, stack(0x00007fcc1b520000,0x00007fcc1b621000)]
  0x00007fcc380bc800 JavaThread "C1 CompilerThread2" daemon [_thread_blocked, id=4459, stack(0x00007fcc1b621000,0x00007fcc1b722000)]
  0x00007fcc380ba800 JavaThread "C2 CompilerThread1" daemon [_thread_blocked, id=4458, stack(0x00007fcc1b722000,0x00007fcc1b823000)]
  0x00007fcc380b7800 JavaThread "C2 CompilerThread0" daemon [_thread_blocked, id=4457, stack(0x00007fcc1b823000,0x00007fcc1b924000)]
  0x00007fcc380b6800 JavaThread "Signal Dispatcher" daemon [_thread_blocked, id=4456, stack(0x00007fcc1b924000,0x00007fcc1ba25000)]
  0x00007fcc38083800 JavaThread "Finalizer" daemon [_thread_blocked, id=4455, stack(0x00007fcc1bcfd000,0x00007fcc1bdfe000)]
  0x00007fcc3807f000 JavaThread "Reference Handler" daemon [_thread_blocked, id=4454, stack(0x00007fcc1bdfe000,0x00007fcc1beff000)]
  0x00007fcc3800a000 JavaThread "main" [_thread_blocked, id=4448, stack(0x00007fcc3f7f6000,0x00007fcc3f8f7000)]

Other Threads:
=>0x00007fcc38077800 VMThread [stack: 0x00007fcc1beff000,0x00007fcc1c000000] [id=4453]
  0x00007fcc380c2000 WatcherThread [stack: 0x00007fcc1b41f000,0x00007fcc1b520000] [id=4461]

VM state:at safepoint (normal execution)

VM Mutex/Monitor currently owned by a thread:  ([mutex/lock_event])
[0x00007fcc38005df0] ExpandHeap_lock - owner thread: 0x00007fcc38077800
[0x00007fcc38006470] Threads_lock - owner thread: 0x00007fcc38077800
[0x00007fcc38006970] Heap_lock - owner thread: 0x00007fcbb8088800

Heap:
 PSYoungGen      total 349696K, used 0K [0x00000000e0000000, 0x0000000100000000, 0x0000000100000000)
  eden space 175104K, 0% used [0x00000000e0000000,0x00000000e0000000,0x00000000eab00000)
  from space 174592K, 0% used [0x00000000eab00000,0x00000000eab00000,0x00000000f5580000)
  to   space 174592K, 0% used [0x00000000f5580000,0x00000000f5580000,0x0000000100000000)
 ParOldGen       total 909824K, used 788922K [0x00000000a0000000, 0x00000000d7880000, 0x00000000e0000000)
  object space 909824K, 86% used [0x00000000a0000000,0x00000000d026eb30,0x00000000d7880000)
 Metaspace       used 62127K, capacity 63920K, committed 64176K, reserved 1105920K
  class space    used 8088K, capacity 8510K, committed 8624K, reserved 1048576K

Card table byte_map: [0x00007fcc3c386000,0x00007fcc3c687000] byte_map_base: 0x00007fcc3be86000

Marking Bits: (ParMarkBitMap*) 0x00007fcc3ecc3340
 Begin Bits: [0x00007fcc21000000, 0x00007fcc22800000)
 End Bits:   [0x00007fcc22800000, 0x00007fcc24000000)

Polling page: 0x00007fcc3f916000

CodeCache: size=245760Kb used=38842Kb max_used=39453Kb free=206917Kb
 bounds [0x00007fcc29000000, 0x00007fcc2b6c0000, 0x00007fcc38000000]
 total_blobs=11342 nmethods=10563 adapters=690
 compilation: enabled

Compilation events (10 events):
Event: 82.086 Thread 0x00007fcc380bc800 13415       3       java.util.Arrays::sort (19 bytes)
Event: 82.087 Thread 0x00007fcc380bc800 nmethod 13415 0x00007fcc2afd8250 code [0x00007fcc2afd83c0, 0x00007fcc2afd8598]
Event: 82.107 Thread 0x00007fcc380bc800 13416 %     3       com.android.dx.ssa.SsaBasicBlock::scheduleUseBeforeAssigned @ 41 (389 bytes)
Event: 82.113 Thread 0x00007fcc380bc800 nmethod 13416% 0x00007fcc2b347fd0 code [0x00007fcc2b348640, 0x00007fcc2b34ce28]
Event: 82.117 Thread 0x00007fcc380bc800 13417       3       com.android.dx.cf.code.Simulator::access$200 (6 bytes)
Event: 82.118 Thread 0x00007fcc380bc800 nmethod 13417 0x00007fcc2b1a39d0 code [0x00007fcc2b1a3b40, 0x00007fcc2b1a3ca8]
Event: 82.125 Thread 0x00007fcc380bc800 13418       3       com.android.dx.ssa.back.FirstFitLocalCombiningAllocator$Alignment$2::nextClearBit (26 bytes)
Event: 82.126 Thread 0x00007fcc380bc800 nmethod 13418 0x00007fcc2aaeb650 code [0x00007fcc2aaeb7e0, 0x00007fcc2aaebb78]
Event: 82.165 Thread 0x00007fcc380bc800 13421       3       com.android.dx.rop.code.Rops::opConst (85 bytes)
Event: 82.166 Thread 0x00007fcc380bc800 nmethod 13421 0x00007fcc2b1d0d50 code [0x00007fcc2b1d0fa0, 0x00007fcc2b1d1ca8]

GC Heap History (10 events):
Event: 79.762 GC heap after
Heap after GC invocations=58 (full 9):
 PSYoungGen      total 349696K, used 67353K [0x00000000e0000000, 0x00000000ff700000, 0x0000000100000000)
  eden space 177152K, 0% used [0x00000000e0000000,0x00000000e0000000,0x00000000ead00000)
  from space 172544K, 39% used [0x00000000ead00000,0x00000000eeec67c8,0x00000000f5580000)
  to   space 164352K, 0% used [0x00000000f5680000,0x00000000f5680000,0x00000000ff700000)
 ParOldGen       total 909824K, used 798015K [0x00000000a0000000, 0x00000000d7880000, 0x00000000e0000000)
  object space 909824K, 87% used [0x00000000a0000000,0x00000000d0b4fea8,0x00000000d7880000)
 Metaspace       used 62126K, capacity 63920K, committed 64176K, reserved 1105920K
  class space    used 8088K, capacity 8510K, committed 8624K, reserved 1048576K
}
Event: 80.277 GC heap before
{Heap before GC invocations=59 (full 9):
 PSYoungGen      total 349696K, used 244505K [0x00000000e0000000, 0x00000000ff700000, 0x0000000100000000)
  eden space 177152K, 100% used [0x00000000e0000000,0x00000000ead00000,0x00000000ead00000)
  from space 172544K, 39% used [0x00000000ead00000,0x00000000eeec67c8,0x00000000f5580000)
  to   space 164352K, 0% used [0x00000000f5680000,0x00000000f5680000,0x00000000ff700000)
 ParOldGen       total 909824K, used 798015K [0x00000000a0000000, 0x00000000d7880000, 0x00000000e0000000)
  object space 909824K, 87% used [0x00000000a0000000,0x00000000d0b4fea8,0x00000000d7880000)
 Metaspace       used 62126K, capacity 63920K, committed 64176K, reserved 1105920K
  class space    used 8088K, capacity 8510K, committed 8624K, reserved 1048576K
Event: 80.406 GC heap after
Heap after GC invocations=59 (full 9):
 PSYoungGen      total 347648K, used 90939K [0x00000000e0000000, 0x00000000ff300000, 0x0000000100000000)
  eden space 187392K, 0% used [0x00000000e0000000,0x00000000e0000000,0x00000000eb700000)
  from space 160256K, 56% used [0x00000000f5680000,0x00000000faf4ec10,0x00000000ff300000)
  to   space 161792K, 0% used [0x00000000eb700000,0x00000000eb700000,0x00000000f5500000)
 ParOldGen       total 909824K, used 798015K [0x00000000a0000000, 0x00000000d7880000, 0x00000000e0000000)
  object space 909824K, 87% used [0x00000000a0000000,0x00000000d0b4fea8,0x00000000d7880000)
 Metaspace       used 62126K, capacity 63920K, committed 64176K, reserved 1105920K
  class space    used 8088K, capacity 8510K, committed 8624K, reserved 1048576K
}
Event: 80.785 GC heap before
{Heap before GC invocations=60 (full 9):
 PSYoungGen      total 347648K, used 278331K [0x00000000e0000000, 0x00000000ff300000, 0x0000000100000000)
  eden space 187392K, 100% used [0x00000000e0000000,0x00000000eb700000,0x00000000eb700000)
  from space 160256K, 56% used [0x00000000f5680000,0x00000000faf4ec10,0x00000000ff300000)
  to   space 161792K, 0% used [0x00000000eb700000,0x00000000eb700000,0x00000000f5500000)
 ParOldGen       total 909824K, used 798015K [0x00000000a0000000, 0x00000000d7880000, 0x00000000e0000000)
  object space 909824K, 87% used [0x00000000a0000000,0x00000000d0b4fea8,0x00000000d7880000)
 Metaspace       used 62126K, capacity 63920K, committed 64176K, reserved 1105920K
  class space    used 8088K, capacity 8510K, committed 8624K, reserved 1048576K
Event: 80.928 GC heap after
Heap after GC invocations=60 (full 9):
 PSYoungGen      total 349184K, used 119506K [0x00000000e0000000, 0x0000000100000000, 0x0000000100000000)
  eden space 187392K, 0% used [0x00000000e0000000,0x00000000e0000000,0x00000000eb700000)
  from space 161792K, 73% used [0x00000000eb700000,0x00000000f2bb4a60,0x00000000f5500000)
  to   space 168960K, 0% used [0x00000000f5b00000,0x00000000f5b00000,0x0000000100000000)
 ParOldGen       total 909824K, used 798015K [0x00000000a0000000, 0x00000000d7880000, 0x00000000e0000000)
  object space 909824K, 87% used [0x00000000a0000000,0x00000000d0b4fea8,0x00000000d7880000)
 Metaspace       used 62126K, capacity 63920K, committed 64176K, reserved 1105920K
  class space    used 8088K, capacity 8510K, committed 8624K, reserved 1048576K
}
Event: 81.411 GC heap before
{Heap before GC invocations=61 (full 9):
 PSYoungGen      total 349184K, used 306898K [0x00000000e0000000, 0x0000000100000000, 0x0000000100000000)
  eden space 187392K, 100% used [0x00000000e0000000,0x00000000eb700000,0x00000000eb700000)
  from space 161792K, 73% used [0x00000000eb700000,0x00000000f2bb4a60,0x00000000f5500000)
  to   space 168960K, 0% used [0x00000000f5b00000,0x00000000f5b00000,0x0000000100000000)
 ParOldGen       total 909824K, used 798015K [0x00000000a0000000, 0x00000000d7880000, 0x00000000e0000000)
  object space 909824K, 87% used [0x00000000a0000000,0x00000000d0b4fea8,0x00000000d7880000)
 Metaspace       used 62127K, capacity 63920K, committed 64176K, reserved 1105920K
  class space    used 8088K, capacity 8510K, committed 8624K, reserved 1048576K
Event: 81.633 GC heap after
Heap after GC invocations=61 (full 9):
 PSYoungGen      total 344064K, used 147436K [0x00000000e0000000, 0x0000000100000000, 0x0000000100000000)
  eden space 175104K, 0% used [0x00000000e0000000,0x00000000e0000000,0x00000000eab00000)
  from space 168960K, 87% used [0x00000000f5b00000,0x00000000feafb098,0x0000000100000000)
  to   space 174592K, 0% used [0x00000000eab00000,0x00000000eab00000,0x00000000f5580000)
 ParOldGen       total 909824K, used 798015K [0x00000000a0000000, 0x00000000d7880000, 0x00000000e0000000)
  object space 909824K, 87% used [0x00000000a0000000,0x00000000d0b4fea8,0x00000000d7880000)
 Metaspace       used 62127K, capacity 63920K, committed 64176K, reserved 1105920K
  class space    used 8088K, capacity 8510K, committed 8624K, reserved 1048576K
}
Event: 82.170 GC heap before
{Heap before GC invocations=62 (full 9):
 PSYoungGen      total 344064K, used 322540K [0x00000000e0000000, 0x0000000100000000, 0x0000000100000000)
  eden space 175104K, 100% used [0x00000000e0000000,0x00000000eab00000,0x00000000eab00000)
  from space 168960K, 87% used [0x00000000f5b00000,0x00000000feafb098,0x0000000100000000)
  to   space 174592K, 0% used [0x00000000eab00000,0x00000000eab00000,0x00000000f5580000)
 ParOldGen       total 909824K, used 798015K [0x00000000a0000000, 0x00000000d7880000, 0x00000000e0000000)
  object space 909824K, 87% used [0x00000000a0000000,0x00000000d0b4fea8,0x00000000d7880000)
 Metaspace       used 62127K, capacity 63920K, committed 64176K, reserved 1105920K
  class space    used 8088K, capacity 8510K, committed 8624K, reserved 1048576K
Event: 82.391 GC heap after
Heap after GC invocations=62 (full 9):
 PSYoungGen      total 349696K, used 139366K [0x00000000e0000000, 0x0000000100000000, 0x0000000100000000)
  eden space 175104K, 0% used [0x00000000e0000000,0x00000000e0000000,0x00000000eab00000)
  from space 174592K, 79% used [0x00000000eab00000,0x00000000f33199e0,0x00000000f5580000)
  to   space 174592K, 0% used [0x00000000f5580000,0x00000000f5580000,0x0000000100000000)
 ParOldGen       total 909824K, used 831752K [0x00000000a0000000, 0x00000000d7880000, 0x00000000e0000000)
  object space 909824K, 91% used [0x00000000a0000000,0x00000000d2c42368,0x00000000d7880000)
 Metaspace       used 62127K, capacity 63920K, committed 64176K, reserved 1105920K
  class space    used 8088K, capacity 8510K, committed 8624K, reserved 1048576K
}
Event: 82.391 GC heap before
{Heap before GC invocations=63 (full 10):
 PSYoungGen      total 349696K, used 139366K [0x00000000e0000000, 0x0000000100000000, 0x0000000100000000)
  eden space 175104K, 0% used [0x00000000e0000000,0x00000000e0000000,0x00000000eab00000)
  from space 174592K, 79% used [0x00000000eab00000,0x00000000f33199e0,0x00000000f5580000)
  to   space 174592K, 0% used [0x00000000f5580000,0x00000000f5580000,0x0000000100000000)
 ParOldGen       total 909824K, used 831752K [0x00000000a0000000, 0x00000000d7880000, 0x00000000e0000000)
  object space 909824K, 91% used [0x00000000a0000000,0x00000000d2c42368,0x00000000d7880000)
 Metaspace       used 62127K, capacity 63920K, committed 64176K, reserved 1105920K
  class space    used 8088K, capacity 8510K, committed 8624K, reserved 1048576K

Deoptimization events (10 events):
Event: 71.712 Thread 0x00007fcbd482a000 Uncommon trap: reason=class_check action=maybe_recompile pc=0x00007fcc2a7b1464 method=com.android.dx.ssa.back.InterferenceGraph.mergeInterferenceSet(ILcom/android/dx/util/IntSet;)V @ 20
Event: 71.712 Thread 0x00007fcbd482a000 Uncommon trap: reason=class_check action=maybe_recompile pc=0x00007fcc2aacbdd0 method=com.android.dx.util.BitIntSet.merge(Lcom/android/dx/util/IntSet;)V @ 1
Event: 71.931 Thread 0x00007fcbd482a000 Uncommon trap: reason=unstable_if action=reinterpret pc=0x00007fcc2b1b0f10 method=com.android.dx.dex.code.RopToDop.dopFor(Lcom/android/dx/rop/code/Insn;)Lcom/android/dx/dex/code/Dop; @ 747
Event: 72.448 Thread 0x00007fcbd482a000 Uncommon trap: reason=unstable_if action=reinterpret pc=0x00007fcc2b13dfe0 method=com.android.dx.ssa.SCCP.replaceBranches()V @ 14
Event: 72.454 Thread 0x00007fcbd482a000 Uncommon trap: reason=class_check action=maybe_recompile pc=0x00007fcc2ad2cf2c method=com.android.dx.cf.code.OneLocalsArray.set(ILcom/android/dx/rop/type/TypeBearer;)V @ 85
Event: 72.610 Thread 0x00007fcbb8088800 Uncommon trap: reason=class_check action=maybe_recompile pc=0x00007fcc2b51d4ac method=com.android.dx.ssa.SsaConverter.placePhiFunctions(Lcom/android/dx/ssa/SsaMethod;Lcom/android/dx/ssa/LocalVariableInfo;I)V @ 257
Event: 76.054 Thread 0x00007fcbb808b000 Uncommon trap: reason=class_check action=maybe_recompile pc=0x00007fcc2ac63554 method=com.android.dx.ssa.SsaConverter.placePhiFunctions(Lcom/android/dx/ssa/SsaMethod;Lcom/android/dx/ssa/LocalVariableInfo;I)V @ 257
Event: 78.456 Thread 0x00007fcbd482a000 Uncommon trap: reason=unstable_if action=reinterpret pc=0x00007fcc2a8674d0 method=com.android.dx.cf.code.Ropper.addOrReplaceBlock(Lcom/android/dx/rop/code/BasicBlock;Lcom/android/dx/util/IntList;)Z @ 24
Event: 78.626 Thread 0x00007fcbb808b000 Uncommon trap: reason=unstable_if action=reinterpret pc=0x00007fcc2ad2d164 method=com.android.dx.cf.code.Merger.mergeType(Lcom/android/dx/rop/type/TypeBearer;Lcom/android/dx/rop/type/TypeBearer;)Lcom/android/dx/rop/type/TypeBearer; @ 77
Event: 80.115 Thread 0x00007fcbd482a000 Uncommon trap: reason=unstable_if action=reinterpret pc=0x00007fcc2af0fef0 method=com.android.dx.cf.code.Merger.mergeType(Lcom/android/dx/rop/type/TypeBearer;Lcom/android/dx/rop/type/TypeBearer;)Lcom/android/dx/rop/type/TypeBearer; @ 133

Internal exceptions (10 events):
Event: 23.662 Thread 0x00007fcbe800a000 Exception <a 'java/lang/NoSuchMethodError': <clinit>> (0x00000000e4322328) thrown at [/ssd/Android/AOSP-openjdk/external/jetbrains/jdk/hotspot/src/share/vm/prims/jni.cpp, line 1613]
Event: 25.048 Thread 0x00007fcbe800a000 Implicit null exception at 0x00007fcc29930dcd to 0x00007fcc29931a25
Event: 31.672 Thread 0x00007fcbe800a000 Implicit null exception at 0x00007fcc2995b14b to 0x00007fcc2995b869
Event: 37.992 Thread 0x00007fcbd51ce800 Exception <a 'java/lang/NoSuchMethodError': <clinit>> (0x00000000e1d08860) thrown at [/ssd/Android/AOSP-openjdk/external/jetbrains/jdk/hotspot/src/share/vm/prims/jni.cpp, line 1613]
Event: 46.687 Thread 0x00007fcbb8086000 Implicit null exception at 0x00007fcc2a757262 to 0x00007fcc2a75735b
Event: 46.778 Thread 0x00007fcbb8088800 Implicit null exception at 0x00007fcc294367e8 to 0x00007fcc294376f1
Event: 47.174 Thread 0x00007fcbb8088800 Implicit null exception at 0x00007fcc2a75d021 to 0x00007fcc2a75dced
Event: 47.254 Thread 0x00007fcbd482a000 Implicit null exception at 0x00007fcc2adef18d to 0x00007fcc2adef369
Event: 50.301 Thread 0x00007fcbd482a000 Implicit null exception at 0x00007fcc2b058694 to 0x00007fcc2b058d05
Event: 69.265 Thread 0x00007fcbb8088800 Implicit null exception at 0x00007fcc2b21522a to 0x00007fcc2b2160b5

Events (10 events):
Event: 81.767 Thread 0x00007fcc380bc800 flushing nmethod 0x00007fcc2b39e310
Event: 81.767 Thread 0x00007fcc380bc800 flushing nmethod 0x00007fcc2b3a0c90
Event: 81.767 Thread 0x00007fcc380bc800 flushing nmethod 0x00007fcc2b3a2990
Event: 81.767 Thread 0x00007fcc380bc800 flushing nmethod 0x00007fcc2b3b3890
Event: 81.767 Thread 0x00007fcc380bc800 flushing nmethod 0x00007fcc2b3b6bd0
Event: 81.767 Thread 0x00007fcc380bc800 flushing nmethod 0x00007fcc2b3c3a50
Event: 81.767 Thread 0x00007fcc380bc800 flushing nmethod 0x00007fcc2b436f50
Event: 81.767 Thread 0x00007fcc380bc800 flushing nmethod 0x00007fcc2b43bb90
Event: 81.767 Thread 0x00007fcc380bc800 flushing nmethod 0x00007fcc2b44b750
Event: 82.169 Executing VM operation: ParallelGCFailedAllocation


Dynamic libraries:
00400000-00401000 r-xp 00000000 08:07 1201464                            /home/chivu/Downloads/android-studio-p/jre/bin/java
00600000-00601000 r--p 00000000 08:07 1201464                            /home/chivu/Downloads/android-studio-p/jre/bin/java
00601000-00602000 rw-p 00001000 08:07 1201464                            /home/chivu/Downloads/android-studio-p/jre/bin/java
01826000-0186e000 rw-p 00000000 00:00 0                                  [heap]
a0000000-d7880000 rw-p 00000000 00:00 0 
df300000-e0000000 ---p 00000000 00:00 0 
e0000000-100000000 rw-p 00000000 00:00 0 
100000000-10086c000 rw-p 00000000 00:00 0 
10086c000-140000000 ---p 00000000 00:00 0 
7fcba4000000-7fcba4032000 rw-p 00000000 00:00 0 
7fcba4032000-7fcba8000000 ---p 00000000 00:00 0 
7fcba8000000-7fcba8041000 rw-p 00000000 00:00 0 
7fcba8041000-7fcbac000000 ---p 00000000 00:00 0 
7fcbac000000-7fcbac03f000 rw-p 00000000 00:00 0 
7fcbac03f000-7fcbb0000000 ---p 00000000 00:00 0 
7fcbb0000000-7fcbb0021000 rw-p 00000000 00:00 0 
7fcbb0021000-7fcbb4000000 ---p 00000000 00:00 0 
7fcbb4000000-7fcbb4037000 rw-p 00000000 00:00 0 
7fcbb4037000-7fcbb8000000 ---p 00000000 00:00 0 
7fcbb8000000-7fcbb821e000 rw-p 00000000 00:00 0 
7fcbb821e000-7fcbbc000000 ---p 00000000 00:00 0 
7fcbbc000000-7fcbbc021000 rw-p 00000000 00:00 0 
7fcbbc021000-7fcbc0000000 ---p 00000000 00:00 0 
7fcbc191e000-7fcbc195e000 rw-p 00000000 00:00 0 
7fcbc195e000-7fcbc1b1e000 ---p 00000000 00:00 0 
7fcbc1b1e000-7fcbc1b21000 ---p 00000000 00:00 0 
7fcbc1b21000-7fcbc1c1f000 rw-p 00000000 00:00 0 
7fcbc1c1f000-7fcbc1c22000 ---p 00000000 00:00 0 
7fcbc1c22000-7fcbc1f20000 rw-p 00000000 00:00 0 
7fcbc1f20000-7fcbc1f23000 ---p 00000000 00:00 0 
7fcbc1f23000-7fcbc2021000 rw-p 00000000 00:00 0 
7fcbc2021000-7fcbc2024000 ---p 00000000 00:00 0 
7fcbc2024000-7fcbc2122000 rw-p 00000000 00:00 0 
7fcbc2122000-7fcbc2125000 ---p 00000000 00:00 0 
7fcbc2125000-7fcbc2223000 rw-p 00000000 00:00 0 
7fcbc2223000-7fcbc2226000 ---p 00000000 00:00 0 
7fcbc2226000-7fcbc2524000 rw-p 00000000 00:00 0 
7fcbc2524000-7fcbc2724000 rw-p 00000000 00:00 0 
7fcbc2729000-7fcbc27fe000 r--s 00960000 08:07 1195715                    /home/chivu/Desktop/newsApp/app/build/intermediates/transforms/jarMerging/debug/jars/1/1f/combined.jar
7fcbc27fe000-7fcbc29fe000 rw-p 00000000 00:00 0 
7fcbc29fe000-7fcbc2bfe000 rw-p 00000000 00:00 0 
7fcbc2bfe000-7fcbc2c01000 ---p 00000000 00:00 0 
7fcbc2c01000-7fcbc2eff000 rw-p 00000000 00:00 0 
7fcbc2eff000-7fcbc30ff000 rw-p 00000000 00:00 0 
7fcbc30ff000-7fcbc32ff000 rw-p 00000000 00:00 0 
7fcbc32ff000-7fcbc34ff000 rw-p 00000000 00:00 0 
7fcbc34ff000-7fcbc36ff000 rw-p 00000000 00:00 0 
7fcbc36ff000-7fcbc38ff000 rw-p 00000000 00:00 0 
7fcbc38ff000-7fcbc3aff000 rw-p 00000000 00:00 0 
7fcbc3aff000-7fcbc3cff000 rw-p 00000000 00:00 0 
7fcbc3cff000-7fcbc3d02000 ---p 00000000 00:00 0 
7fcbc3d02000-7fcbc4000000 rw-p 00000000 00:00 0 
7fcbc4000000-7fcbc4021000 rw-p 00000000 00:00 0 
7fcbc4021000-7fcbc8000000 ---p 00000000 00:00 0 
7fcbc8000000-7fcbc8021000 rw-p 00000000 00:00 0 
7fcbc8021000-7fcbcc000000 ---p 00000000 00:00 0 
7fcbcc000000-7fcbcc021000 rw-p 00000000 00:00 0 
7fcbcc021000-7fcbd0000000 ---p 00000000 00:00 0 
7fcbd0000000-7fcbd0021000 rw-p 00000000 00:00 0 
7fcbd0021000-7fcbd4000000 ---p 00000000 00:00 0 
7fcbd4000000-7fcbd543a000 rw-p 00000000 00:00 0 
7fcbd543a000-7fcbd8000000 ---p 00000000 00:00 0 
7fcbd8000000-7fcbd8021000 rw-p 00000000 00:00 0 
7fcbd8021000-7fcbdc000000 ---p 00000000 00:00 0 
7fcbdc000000-7fcbdc021000 rw-p 00000000 00:00 0 
7fcbdc021000-7fcbe0000000 ---p 00000000 00:00 0 
7fcbe0000000-7fcbe0021000 rw-p 00000000 00:00 0 
7fcbe0021000-7fcbe4000000 ---p 00000000 00:00 0 
7fcbe4000000-7fcbe4075000 rw-p 00000000 00:00 0 
7fcbe4075000-7fcbe8000000 ---p 00000000 00:00 0 
7fcbe8000000-7fcbe8021000 rw-p 00000000 00:00 0 
7fcbe8021000-7fcbec000000 ---p 00000000 00:00 0 
7fcbec000000-7fcbec021000 rw-p 00000000 00:00 0 
7fcbec021000-7fcbf0000000 ---p 00000000 00:00 0 
7fcbf0000000-7fcbf0021000 rw-p 00000000 00:00 0 
7fcbf0021000-7fcbf4000000 ---p 00000000 00:00 0 
7fcbf4000000-7fcbf6299000 rw-p 00000000 00:00 0 
7fcbf6299000-7fcbf8000000 ---p 00000000 00:00 0 
7fcbf8000000-7fcbf8e70000 rw-p 00000000 00:00 0 
7fcbf8e70000-7fcbfc000000 ---p 00000000 00:00 0 
7fcbfc000000-7fcbfc021000 rw-p 00000000 00:00 0 
7fcbfc021000-7fcc00000000 ---p 00000000 00:00 0 
7fcc00000000-7fcc02547000 rw-p 00000000 00:00 0 
7fcc02547000-7fcc04000000 ---p 00000000 00:00 0 
7fcc04000000-7fcc04021000 rw-p 00000000 00:00 0 
7fcc04021000-7fcc08000000 ---p 00000000 00:00 0 
7fcc08000000-7fcc08021000 rw-p 00000000 00:00 0 
7fcc08021000-7fcc0c000000 ---p 00000000 00:00 0 
7fcc0c000000-7fcc0c026000 rw-p 00000000 00:00 0 
7fcc0c026000-7fcc10000000 ---p 00000000 00:00 0 
7fcc10000000-7fcc1027f000 rw-p 00000000 00:00 0 
7fcc1027f000-7fcc14000000 ---p 00000000 00:00 0 
7fcc14000000-7fcc1412c000 rw-p 00000000 00:00 0 
7fcc1412c000-7fcc18000000 ---p 00000000 00:00 0 
7fcc18029000-7fcc1803c000 r--s 00344000 08:07 1201558                    /home/chivu/Downloads/android-studio-p/jre/jre/lib/resources.jar
7fcc1803c000-7fcc1803d000 r--s 00001000 08:07 1094992                    /home/chivu/.gradle/caches/jars-2/cmhx5eetujk7j30d3nllwxyrlnugzjw/annotations-25.3.3.jar
7fcc1803d000-7fcc18045000 r--s 000a8000 08:07 932893                     /home/chivu/.gradle/caches/jars-2/lp0h431tl0554nh1vx6zomcvteflkp/lombok-ast-0.2.3.jar
7fcc18045000-7fcc18059000 r--s 000b4000 08:07 139376                     /home/chivu/.gradle/caches/jars-2/hgvw6szzawm3evod5l2d6iutfug31w0/uast-162.2228.14.jar
7fcc18059000-7fcc1805b000 r--s 0000d000 08:07 932889                     /home/chivu/.gradle/caches/jars-2/7pwz1bowgakb1eux9ezb56jlturgsyi/commons-codec-1.4.jar
7fcc1805b000-7fcc1805d000 r--s 0000d000 08:07 932887                     /home/chivu/.gradle/caches/jars-2/9dj1m0eyooi5qt13735vz8fpkl3cnfy/commons-logging-1.1.1.jar
7fcc1805d000-7fcc18062000 r--s 00028000 08:07 932885                     /home/chivu/.gradle/caches/jars-2/62lv0fe9b3xbqe57f6ljy5upwi7mf6k/httpcore-4.1.jar
7fcc18062000-7fcc18066000 r--s 0002f000 08:07 932883                     /home/chivu/.gradle/caches/jars-2/gsg5n52frsvw6sx0swqqe2hwijwdcf0/jimfs-1.1.jar
7fcc18066000-7fcc18067000 r--s 00004000 08:07 932881                     /home/chivu/.gradle/caches/jars-2/lxs252id0979odjrerlctkb26c2vj95/annotations-12.0.jar
7fcc18067000-7fcc18068000 r--s 00004000 08:07 932879                     /home/chivu/.gradle/caches/jars-2/9kn99dr0rulyl67sct1ephwcop56l61/asm-analysis-5.0.4.jar
7fcc18068000-7fcc1806c000 r--s 00040000 08:07 1094991                    /home/chivu/.gradle/caches/jars-2/ccvn7yglm4blceovs70fngoac1eyn4f/lint-api-25.3.3.jar
7fcc1806c000-7fcc1806d000 r--s 0000a000 08:07 932875                     /home/chivu/.gradle/caches/jars-2/nwyg9io65lv6jvmwit2wq82xnnxd7ia/kxml2-2.3.0.jar
7fcc1806d000-7fcc1806f000 r--s 00005000 08:07 932873                     /home/chivu/.gradle/caches/jars-2/i6hc1uuj8e9ck59slmzdyz78ydn8sr6/httpmime-4.1.jar
7fcc1806f000-7fcc18077000 r--s 0004e000 08:07 932871                     /home/chivu/.gradle/caches/jars-2/7503wa5irssz0xxahv1xb82p2dl7rr2/httpclient-4.1.1.jar
7fcc18077000-7fcc1807e000 r--s 00053000 08:07 932869                     /home/chivu/.gradle/caches/jars-2/jgkfvs4eqggj7qsyw1f5d3up57hanj1/commons-compress-1.8.1.jar
7fcc1807e000-7fcc18083000 r--s 0002a000 08:07 932867                     /home/chivu/.gradle/caches/jars-2/je8f027qcr1z1egw08byp1ybxbp9kko/gson-2.2.4.jar
7fcc18083000-7fcc18088000 r--s 0002e000 08:07 1094990                    /home/chivu/.gradle/caches/jars-2/s427p2wh0tfza0xa8qijgx107eeevyl/repository-25.3.3.jar
7fcc18088000-7fcc1808a000 r--s 00006000 08:07 1094989                    /home/chivu/.gradle/caches/jars-2/e2s952s6co8tps89l80r4riixwqo2oe/dvlib-25.3.3.jar
7fcc1808a000-7fcc1808c000 r--s 00013000 08:07 1094883                    /home/chivu/.gradle/caches/jars-2/s02k517nvrh8cbp2c8dz4slqska6dj9/layoutlib-api-25.3.3.jar
7fcc1808c000-7fcc18091000 r--s 00058000 08:07 932859                     /home/chivu/.gradle/caches/jars-2/st159835qgxm0l87oqrnhayxos4lc1n/asm-debug-all-5.0.1.jar
7fcc18091000-7fcc180a1000 r--s 000d5000 08:07 932857                     /home/chivu/.gradle/caches/jars-2/qzf32gp9kej4w4hlbabft6tplu74cj3/proguard-base-5.3.2.jar
7fcc180a1000-7fcc180a4000 r--s 00033000 08:07 932855                     /home/chivu/.gradle/caches/jars-2/nz9sndmr8b4xbj4xulkaciy5kdbyfiz/juniversalchardet-1.0.3.jar
7fcc180a4000-7fcc180a8000 r--s 0002a000 08:07 932853                     /home/chivu/.gradle/caches/jars-2/krbpn9xjn1qymukyx8cc5l799ty1v3h/commons-io-2.4.jar
7fcc180a8000-7fcc180bf000 r--s 00154000 08:07 932851                     /home/chivu/.gradle/caches/jars-2/sfeivjswzitn6n0fnjx3ueszz8gv8o1/antlr4-4.5.3.jar
7fcc180bf000-7fcc180c1000 r--s 00002000 08:07 1094881                    /home/chivu/.gradle/caches/jars-2/rh2ip1x2zziz26tr3qzudtz088pqsb2/baseLibrary-2.3.3.jar
7fcc180c1000-7fcc180ec000 r--s 001fc000 08:07 932847                     /home/chivu/.gradle/caches/jars-2/nxjrjftly2xksl8o0wqgivu5netfu2x/guava-18.0.jar
7fcc180ec000-7fcc180ff000 r--s 00241000 08:07 932845                     /home/chivu/.gradle/caches/jars-2/9yuekvg4qerfitq3xec0iyckuw3hwaq/ecj-4.6.1.jar
7fcc180ff000-7fcc18106000 r--s 000d9000 08:07 1094862                    /home/chivu/.gradle/caches/jars-2/ak89aa8liqmr44u7r08njntn6oehe0z/lint-checks-25.3.3.jar
7fcc18106000-7fcc18108000 r--s 00006000 08:07 932841                     /home/chivu/.gradle/caches/jars-2/6phgj9ki3jl3p5epzkqoo8pr6kur40b/asm-tree-5.0.4.jar
7fcc18108000-7fcc1813b000 r--s 00203000 08:07 932839                     /home/chivu/.gradle/caches/jars-2/hj0bfvxu9cq7hkwmecvp0kg137or3hh/bcprov-jdk15on-1.48.jar
7fcc1813b000-7fcc18149000 r--s 00081000 08:07 932837                     /home/chivu/.gradle/caches/jars-2/4r7xli0tz94y0wfjrdyjxlxar3g1pb9/bcpkix-jdk15on-1.48.jar
7fcc18149000-7fcc1814b000 r--s 00002000 08:07 932835                     /home/chivu/.gradle/caches/jars-2/f32bh5uivuf69ecz2j8hl96ksnqdh7v/javawriter-2.5.0.jar
7fcc1814b000-7fcc1814d000 r--s 00004000 08:07 1094861                    /home/chivu/.gradle/caches/jars-2/j6s1upogkwo00sygdsekzj4fx0i75uy/tracker-25.3.3.jar
7fcc1814d000-7fcc1814e000 r--s 00005000 08:07 1094860                    /home/chivu/.gradle/caches/jars-2/4svya0t1s9wyo35ycd3atidsaoo6w7e/shared-25.3.3.jar
7fcc1814e000-7fcc1815c000 r--s 00147000 08:07 1094859                    /home/chivu/.gradle/caches/jars-2/qx6695c5ocd9swxv7wqtxor3plyb4b7/protos-25.3.3.jar
7fcc1815c000-7fcc1815d000 r--s 00001000 08:07 139356                     /home/chivu/.gradle/caches/jars-2/bqo69msswbvaagsh45hf1tq02v21sml/jill-api-0.10.0.jar
7fcc1815d000-7fcc1815f000 r--s 00003000 08:07 139354                     /home/chivu/.gradle/caches/jars-2/7pldadygbci34ql8thws797g29k1uhh/jack-api-0.13.0.jar
7fcc1815f000-7fcc18165000 r--s 0004a000 08:07 1094853                    /home/chivu/.gradle/caches/jars-2/euoqfzf5y1sibp9ul8mcz0wovj380eo/ddmlib-25.3.3.jar
7fcc18165000-7fcc18168000 r--s 00022000 08:07 1094848                    /home/chivu/.gradle/caches/jars-2/a81bg2yxzmumashablwecaj0ksz6tmj/manifest-merger-25.3.3.jar
7fcc18168000-7fcc1816b000 r--s 0001c000 08:07 1094847                    /home/chivu/.gradle/caches/jars-2/l6cnyee1vojrkkbpp6qwgpf30shmrja/common-25.3.3.jar
7fcc1816b000-7fcc18174000 r--s 00089000 08:07 1094417                    /home/chivu/.gradle/caches/jars-2/m0t6h8af70sdgxvkj522jy01i14mnb8/sdk-common-25.3.3.jar
7fcc18174000-7fcc1817e000 r--s 00098000 08:07 1094415                    /home/chivu/.gradle/caches/jars-2/28c9ykhc782k8jmlrnbnccai34hziki/sdklib-25.3.3.jar
7fcc1817e000-7fcc1817f000 r--s 00002000 08:07 1094389                    /home/chivu/.gradle/caches/jars-2/4dod7a1p5hoai4v37pxbcg65bbahvg2/builder-test-api-2.3.3.jar
7fcc1817f000-7fcc18182000 r--s 00006000 08:07 1094385                    /home/chivu/.gradle/caches/jars-2/omk02asobup8sgd6qxom3ej5bg94z2r/builder-model-2.3.3.jar
7fcc18182000-7fcc18191000 r--s 00130000 08:07 932809                     /home/chivu/.gradle/caches/jars-2/cr6zkqpx14lor9zdtmo49qpc7y8r8p4/protobuf-java-3.0.0.jar
7fcc18191000-7fcc18193000 r--s 0000f000 08:07 932807                     /home/chivu/.gradle/caches/jars-2/rvfyugrlu5tbpz51p98og0qsxamjq4k/jopt-simple-4.9.jar
7fcc18193000-7fcc18197000 r--s 0001f000 08:07 932805                     /home/chivu/.gradle/caches/jars-2/nq3fzqkrrm37ob61z4iu5qdbh368uat/org.jacoco.report-0.7.5.201505241946.jar
7fcc18197000-7fcc1819b000 r--s 0001d000 08:07 932803                     /home/chivu/.gradle/caches/jars-2/3kxkmcckmk40ron92zhbm0qjo9l4bkl/org.jacoco.core-0.7.5.201505241946.jar
7fcc1819b000-7fcc1819d000 r--s 00002000 08:07 932801                     /home/chivu/.gradle/caches/jars-2/m4m0pzb4gmaeh0in5g2xc4bxeuwt828/proguard-gradle-5.3.2.jar
7fcc1819d000-7fcc181a2000 r--s 0002c000 08:07 1094383                    /home/chivu/.gradle/caches/jars-2/3mlasgi8oo9o7oa12526198jui9zmp2/compilerCommon-2.3.3.jar
7fcc181a2000-7fcc183a2000 rw-p 00000000 00:00 0 
7fcc183a2000-7fcc185a2000 rw-p 00000000 00:00 0 
7fcc185a2000-7fcc185a5000 ---p 00000000 00:00 0 
7fcc185a5000-7fcc188a3000 rw-p 00000000 00:00 0 
7fcc188a3000-7fcc18aa3000 rw-p 00000000 00:00 0 
7fcc18aa3000-7fcc18ca3000 rw-p 00000000 00:00 0 
7fcc18ca3000-7fcc18ca5000 r--s 00009000 08:07 932799                     /home/chivu/.gradle/caches/jars-2/ajvcvdu66lc9e3tvvipxtuq48i9bbkc/asm-commons-5.0.4.jar
7fcc18ca5000-7fcc18ca7000 r--s 0000c000 08:07 932797                     /home/chivu/.gradle/caches/jars-2/1laz1ygmxoc408r7nwqs1q8uk8r236d/asm-5.0.4.jar
7fcc18ca7000-7fcc18ca8000 r--s 00002000 08:07 1094379                    /home/chivu/.gradle/caches/jars-2/73l309uzm0ila7rdaaxteq0ng4ayf2y/gradle-api-2.3.3.jar
7fcc18ca8000-7fcc18ca9000 r--s 00000000 08:07 139334                     /home/chivu/.gradle/caches/jars-2/tlyajppf8woug00g686fx5mchf8iv3o/transform-api-2.0.0-deprecated-use-gradle-api.jar
7fcc18ca9000-7fcc18cae000 r--s 0005e000 08:07 1094349                    /home/chivu/.gradle/caches/jars-2/k2xtosjt0in0zj7mpwvctw6iznt93uh/lint-25.3.3.jar
7fcc18cae000-7fcc18cc4000 r--s 00163000 08:07 1094347                    /home/chivu/.gradle/caches/jars-2/nyg71b5n2lzymmwh5vbtmvjiby07k4g/builder-2.3.3.jar
7fcc18cc4000-7fcc18ce3000 r--s 001ca000 08:07 1094310                    /home/chivu/.gradle/caches/jars-2/5fwyvjq1ai8mdh1mluqxidj1wo7rls8/gradle-core-2.3.3.jar
7fcc18ce3000-7fcc18ce5000 r--s 00007000 08:07 266240                     /home/chivu/.gradle/caches/modules-2/files-2.1/com.google.gms/google-services/3.1.0/166ae4e6acd03b7bbebe221ffa54bc039fece1b9/google-services-3.1.0.jar
7fcc18ce5000-7fcc18ce7000 r--s 0000d000 08:07 1094266                    /home/chivu/.gradle/caches/jars-2/mel54vauze7hczg2p6nebauqz8s53sj/gradle-2.3.3.jar
7fcc18ce7000-7fcc18cea000 ---p 00000000 00:00 0 
7fcc18cea000-7fcc18d20000 rw-p 00000000 00:00 0 
7fcc18d20000-7fcc18d21000 r--p 00000000 00:00 0 
7fcc18d21000-7fcc18f21000 rw-p 00000000 00:00 0 
7fcc18f21000-7fcc18f9a000 r--s 010ed000 08:07 1201473                    /home/chivu/Downloads/android-studio-p/jre/lib/tools.jar
7fcc18f9a000-7fcc1919a000 rw-p 00000000 00:00 0 
7fcc1919a000-7fcc1919d000 ---p 00000000 00:00 0 
7fcc1919d000-7fcc1929b000 rw-p 00000000 00:00 0 
7fcc1929b000-7fcc1929e000 ---p 00000000 00:00 0 
7fcc1929e000-7fcc1939c000 rw-p 00000000 00:00 0 
7fcc1939c000-7fcc1939f000 ---p 00000000 00:00 0 
7fcc1939f000-7fcc1949d000 rw-p 00000000 00:00 0 
7fcc1949d000-7fcc194a0000 ---p 00000000 00:00 0 
7fcc194a0000-7fcc1959e000 rw-p 00000000 00:00 0 
7fcc1959e000-7fcc195a1000 ---p 00000000 00:00 0 
7fcc195a1000-7fcc1989f000 rw-p 00000000 00:00 0 
7fcc1989f000-7fcc198a2000 ---p 00000000 00:00 0 
7fcc198a2000-7fcc199a0000 rw-p 00000000 00:00 0 
7fcc199a0000-7fcc199a3000 ---p 00000000 00:00 0 
7fcc199a3000-7fcc19aa1000 rw-p 00000000 00:00 0 
7fcc19aa1000-7fcc19aa8000 r--s 00000000 08:07 1591546                    /usr/lib/x86_64-linux-gnu/gconv/gconv-modules.cache
7fcc19aa8000-7fcc19ca8000 rw-p 00000000 00:00 0 
7fcc19ca8000-7fcc19cab000 ---p 00000000 00:00 0 
7fcc19cab000-7fcc19da9000 rw-p 00000000 00:00 0 
7fcc19da9000-7fcc19db2000 r-xp 00000000 08:07 1201548                    /home/chivu/Downloads/android-studio-p/jre/jre/lib/amd64/libmanagement.so
7fcc19db2000-7fcc19fb1000 ---p 00009000 08:07 1201548                    /home/chivu/Downloads/android-studio-p/jre/jre/lib/amd64/libmanagement.so
7fcc19fb1000-7fcc19fb2000 r--p 00008000 08:07 1201548                    /home/chivu/Downloads/android-studio-p/jre/jre/lib/amd64/libmanagement.so
7fcc19fb2000-7fcc19fb3000 rw-p 00009000 08:07 1201548                    /home/chivu/Downloads/android-studio-p/jre/jre/lib/amd64/libmanagement.so
7fcc19fb3000-7fcc19fb8000 r--s 00098000 08:07 1201512                    /home/chivu/Downloads/android-studio-p/jre/jre/lib/jsse.jar
7fcc19fb8000-7fcc19fba000 r--s 00007000 08:07 1189108                    /home/chivu/.gradle/wrapper/dists/gradle-3.3-all/55gk2rcmfc6p2dg9u9ohc3hw9/gradle-3.3/lib/plugins/gradle-tooling-api-builders-3.3.jar
7fcc19fba000-7fcc19fbd000 r--s 00009000 08:07 1189101                    /home/chivu/.gradle/wrapper/dists/gradle-3.3-all/55gk2rcmfc6p2dg9u9ohc3hw9/gradle-3.3/lib/plugins/gradle-testing-native-3.3.jar
7fcc19fbd000-7fcc19fc3000 r--s 00033000 08:07 1189176                    /home/chivu/.gradle/wrapper/dists/gradle-3.3-all/55gk2rcmfc6p2dg9u9ohc3hw9/gradle-3.3/lib/plugins/snakeyaml-1.6.jar
7fcc19fc3000-7fcc19fc5000 r--s 00006000 08:07 1189175                    /home/chivu/.gradle/wrapper/dists/gradle-3.3-all/55gk2rcmfc6p2dg9u9ohc3hw9/gradle-3.3/lib/plugins/jcommander-1.12.jar
7fcc19fc5000-7fcc19fca000 r--s 00040000 08:07 1189174                    /home/chivu/.gradle/wrapper/dists/gradle-3.3-all/55gk2rcmfc6p2dg9u9ohc3hw9/gradle-3.3/lib/plugins/bsh-2.0b4.jar
7fcc19fca000-7fcc19fcc000 r--s 00009000 08:07 1189182                    /home/chivu/.gradle/wrapper/dists/gradle-3.3-all/55gk2rcmfc6p2dg9u9ohc3hw9/gradle-3.3/lib/plugins/hamcrest-core-1.3.jar
7fcc19fcc000-7fcc19fd5000 r--s 00089000 08:07 1189133                    /home/chivu/.gradle/wrapper/dists/gradle-3.3-all/55gk2rcmfc6p2dg9u9ohc3hw9/gradle-3.3/lib/plugins/testng-6.3.1.jar
7fcc19fd5000-7fcc19fdd000 r--s 00045000 08:07 1189132                    /home/chivu/.gradle/wrapper/dists/gradle-3.3-all/55gk2rcmfc6p2dg9u9ohc3hw9/gradle-3.3/lib/plugins/junit-4.12.jar
7fcc19fdd000-7fcc19fe3000 r--s 0002e000 08:07 1189102                    /home/chivu/.gradle/wrapper/dists/gradle-3.3-all/55gk2rcmfc6p2dg9u9ohc3hw9/gradle-3.3/lib/plugins/gradle-testing-jvm-3.3.jar
7fcc19fe3000-7fcc19fe7000 r--s 00016000 08:07 1189100                    /home/chivu/.gradle/wrapper/dists/gradle-3.3-all/55gk2rcmfc6p2dg9u9ohc3hw9/gradle-3.3/lib/plugins/gradle-testing-base-3.3.jar
7fcc19fe7000-7fcc19fee000 r--s 00038000 08:07 1189127                    /home/chivu/.gradle/wrapper/dists/gradle-3.3-all/55gk2rcmfc6p2dg9u9ohc3hw9/gradle-3.3/lib/plugins/bcpg-jdk15on-1.51.jar
7fcc19fee000-7fcc19ff0000 r--s 0000c000 08:07 1189079                    /home/chivu/.gradle/wrapper/dists/gradle-3.3-all/55gk2rcmfc6p2dg9u9ohc3hw9/gradle-3.3/lib/plugins/gradle-signing-3.3.jar
7fcc19ff0000-7fcc19ff2000 r--s 00007000 08:07 1189078                    /home/chivu/.gradle/wrapper/dists/gradle-3.3-all/55gk2rcmfc6p2dg9u9ohc3hw9/gradle-3.3/lib/plugins/gradle-scala-3.3.jar
7fcc19ff2000-7fcc19ff3000 r--s 00004000 08:07 1189106                    /home/chivu/.gradle/wrapper/dists/gradle-3.3-all/55gk2rcmfc6p2dg9u9ohc3hw9/gradle-3.3/lib/plugins/gradle-resources-sftp-3.3.jar
7fcc19ff3000-7fcc1a003000 r--s 00088000 08:07 1189143                    /home/chivu/.gradle/wrapper/dists/gradle-3.3-all/55gk2rcmfc6p2dg9u9ohc3hw9/gradle-3.3/lib/plugins/joda-time-2.8.2.jar
7fcc1a003000-7fcc1a014000 r--s 0010d000 08:07 1189142                    /home/chivu/.gradle/wrapper/dists/gradle-3.3-all/55gk2rcmfc6p2dg9u9ohc3hw9/gradle-3.3/lib/plugins/jackson-databind-2.6.6.jar
7fcc1a014000-7fcc1a017000 r--s 00009000 08:07 1189141                    /home/chivu/.gradle/wrapper/dists/gradle-3.3-all/55gk2rcmfc6p2dg9u9ohc3hw9/gradle-3.3/lib/plugins/jackson-annotations-2.6.6.jar
7fcc1a017000-7fcc1a01b000 r--s 0003c000 08:07 1189140                    /home/chivu/.gradle/wrapper/dists/gradle-3.3-all/55gk2rcmfc6p2dg9u9ohc3hw9/gradle-3.3/lib/plugins/jackson-core-2.6.6.jar
7fcc1a01b000-7fcc1a029000 r--s 00087000 08:07 1189139                    /home/chivu/.gradle/wrapper/dists/gradle-3.3-all/55gk2rcmfc6p2dg9u9ohc3hw9/gradle-3.3/lib/plugins/aws-java-sdk-core-1.11.6.jar
7fcc1a029000-7fcc1a030000 r--s 00057000 08:07 1189138                    /home/chivu/.gradle/wrapper/dists/gradle-3.3-all/55gk2rcmfc6p2dg9u9ohc3hw9/gradle-3.3/lib/plugins/aws-java-sdk-kms-1.11.6.jar
7fcc1a030000-7fcc1a03d000 r--s 0008e000 08:07 1189137                    /home/chivu/.gradle/wrapper/dists/gradle-3.3-all/55gk2rcmfc6p2dg9u9ohc3hw9/gradle-3.3/lib/plugins/aws-java-sdk-s3-1.11.6.jar
7fcc1a03d000-7fcc1a03f000 r--s 00004000 08:07 1189107                    /home/chivu/.gradle/wrapper/dists/gradle-3.3-all/55gk2rcmfc6p2dg9u9ohc3hw9/gradle-3.3/lib/plugins/gradle-resources-s3-3.3.jar
7fcc1a03f000-7fcc1a041000 r--s 00005000 08:07 1189131                    /home/chivu/.gradle/wrapper/dists/gradle-3.3-all/55gk2rcmfc6p2dg9u9ohc3hw9/gradle-3.3/lib/plugins/jatl-0.2.2.jar
7fcc1a041000-7fcc1a043000 r--s 0000f000 08:07 1189084                    /home/chivu/.gradle/wrapper/dists/gradle-3.3-all/55gk2rcmfc6p2dg9u9ohc3hw9/gradle-3.3/lib/plugins/gradle-reporting-3.3.jar
7fcc1a043000-7fcc1a045000 r--s 00002000 08:07 1189085                    /home/chivu/.gradle/wrapper/dists/gradle-3.3-all/55gk2rcmfc6p2dg9u9ohc3hw9/gradle-3.3/lib/plugins/gradle-publish-3.3.jar
7fcc1a045000-7fcc1a047000 r--s 00009000 08:07 1189114                    /home/chivu/.gradle/wrapper/dists/gradle-3.3-all/55gk2rcmfc6p2dg9u9ohc3hw9/gradle-3.3/lib/plugins/commons-cli-1.2.jar
7fcc1a047000-7fcc1a04d000 r--s 00031000 08:07 1189070                    /home/chivu/.gradle/wrapper/dists/gradle-3.3-all/55gk2rcmfc6p2dg9u9ohc3hw9/gradle-3.3/lib/plugins/gradle-plugins-3.3.jar
7fcc1a04d000-7fcc1a04f000 r--s 00009000 08:07 1189103                    /home/chivu/.gradle/wrapper/dists/gradle-3.3-all/55gk2rcmfc6p2dg9u9ohc3hw9/gradle-3.3/lib/plugins/gradle-plugin-development-3.3.jar
7fcc1a04f000-7fcc1a055000 r--s 0002b000 08:07 1189096                    /home/chivu/.gradle/wrapper/dists/gradle-3.3-all/55gk2rcmfc6p2dg9u9ohc3hw9/gradle-3.3/lib/plugins/gradle-platform-play-3.3.jar
7fcc1a055000-7fcc1a063000 r--s 00055000 08:07 1189095                    /home/chivu/.gradle/wrapper/dists/gradle-3.3-all/55gk2rcmfc6p2dg9u9ohc3hw9/gradle-3.3/lib/plugins/gradle-platform-native-3.3.jar
7fcc1a063000-7fcc1a068000 r--s 0001f000 08:07 1189090                    /home/chivu/.gradle/wrapper/dists/gradle-3.3-all/55gk2rcmfc6p2dg9u9ohc3hw9/gradle-3.3/lib/plugins/gradle-platform-jvm-3.3.jar
7fcc1a068000-7fcc1a070000 r--s 00027000 08:07 1189089                    /home/chivu/.gradle/wrapper/dists/gradle-3.3-all/55gk2rcmfc6p2dg9u9ohc3hw9/gradle-3.3/lib/plugins/gradle-platform-base-3.3.jar
7fcc1a070000-7fcc1a098000 r--s 0021c000 08:07 1189122                    /home/chivu/.gradle/wrapper/dists/gradle-3.3-all/55gk2rcmfc6p2dg9u9ohc3hw9/gradle-3.3/lib/plugins/biz.aQute.bndlib-3.2.0.jar
7fcc1a098000-7fcc1a09a000 r--s 00003000 08:07 1189074                    /home/chivu/.gradle/wrapper/dists/gradle-3.3-all/55gk2rcmfc6p2dg9u9ohc3hw9/gradle-3.3/lib/plugins/gradle-osgi-3.3.jar
7fcc1a09a000-7fcc1a09d000 r--s 0000c000 08:07 1189125                    /home/chivu/.gradle/wrapper/dists/gradle-3.3-all/55gk2rcmfc6p2dg9u9ohc3hw9/gradle-3.3/lib/plugins/pmaven-groovy-0.8-20100325.jar
7fcc1a09d000-7fcc1a09e000 r--s 00004000 08:07 1189124                    /home/chivu/.gradle/wrapper/dists/gradle-3.3-all/55gk2rcmfc6p2dg9u9ohc3hw9/gradle-3.3/lib/plugins/pmaven-common-0.8-20100325.jar
7fcc1a09e000-7fcc1a0a4000 r--s 00023000 08:07 1189075                    /home/chivu/.gradle/wrapper/dists/gradle-3.3-all/55gk2rcmfc6p2dg9u9ohc3hw9/gradle-3.3/lib/plugins/gradle-maven-3.3.jar
7fcc1a0a4000-7fcc1a0a7000 r--s 0000b000 08:07 1189094                    /home/chivu/.gradle/wrapper/dists/gradle-3.3-all/55gk2rcmfc6p2dg9u9ohc3hw9/gradle-3.3/lib/plugins/gradle-language-scala-3.3.jar
7fcc1a0a7000-7fcc1a0ad000 r--s 0001a000 08:07 1189098                    /home/chivu/.gradle/wrapper/dists/gradle-3.3-all/55gk2rcmfc6p2dg9u9ohc3hw9/gradle-3.3/lib/plugins/gradle-language-native-3.3.jar
7fcc1a0ad000-7fcc1a0b0000 r--s 00005000 08:07 1189091                    /home/chivu/.gradle/wrapper/dists/gradle-3.3-all/55gk2rcmfc6p2dg9u9ohc3hw9/gradle-3.3/lib/plugins/gradle-language-jvm-3.3.jar
7fcc1a0b0000-7fcc1a0b6000 r--s 00027000 08:07 1189092                    /home/chivu/.gradle/wrapper/dists/gradle-3.3-all/55gk2rcmfc6p2dg9u9ohc3hw9/gradle-3.3/lib/plugins/gradle-language-java-3.3.jar
7fcc1a0b6000-7fcc1a0b8000 r--s 0000a000 08:07 1189093                    /home/chivu/.gradle/wrapper/dists/gradle-3.3-all/55gk2rcmfc6p2dg9u9ohc3hw9/gradle-3.3/lib/plugins/gradle-language-groovy-3.3.jar
7fcc1a0b8000-7fcc1a0bb000 r--s 0001e000 08:07 1189149                    /home/chivu/.gradle/wrapper/dists/gradle-3.3-all/55gk2rcmfc6p2dg9u9ohc3hw9/gradle-3.3/lib/plugins/jsp-api-2.1-6.1.14.jar
7fcc1a0bb000-7fcc1a0de000 r--s 00344000 08:07 1189148                    /home/chivu/.gradle/wrapper/dists/gradle-3.3-all/55gk2rcmfc6p2dg9u9ohc3hw9/gradle-3.3/lib/plugins/core-3.1.1.jar
7fcc1a0de000-7fcc1a0df000 r--s 00006000 08:07 1189147                    /home/chivu/.gradle/wrapper/dists/gradle-3.3-all/55gk2rcmfc6p2dg9u9ohc3hw9/gradle-3.3/lib/plugins/jetty-naming-6.1.26.jar
7fcc1a0df000-7fcc1a0e0000 r--s 00002000 08:07 1189121                    /home/chivu/.gradle/wrapper/dists/gradle-3.3-all/55gk2rcmfc6p2dg9u9ohc3hw9/gradle-3.3/lib/plugins/geronimo-annotation_1.0_spec-1.0.jar
7fcc1a0e0000-7fcc1a0e2000 r--s 00002000 08:07 1189120                    /home/chivu/.gradle/wrapper/dists/gradle-3.3-all/55gk2rcmfc6p2dg9u9ohc3hw9/gradle-3.3/lib/plugins/jetty-annotations-6.1.26.jar
7fcc1a0e2000-7fcc1a0f3000 r--s 000ea000 08:07 1189119                    /home/chivu/.gradle/wrapper/dists/gradle-3.3-all/55gk2rcmfc6p2dg9u9ohc3hw9/gradle-3.3/lib/plugins/jsp-2.1-6.1.14.jar
7fcc1a0f3000-7fcc1a0f5000 r--s 0000d000 08:07 1189118                    /home/chivu/.gradle/wrapper/dists/gradle-3.3-all/55gk2rcmfc6p2dg9u9ohc3hw9/gradle-3.3/lib/plugins/jetty-plus-6.1.26.jar
7fcc1a0f5000-7fcc1a0f7000 r--s 0001f000 08:07 1189117                    /home/chivu/.gradle/wrapper/dists/gradle-3.3-all/55gk2rcmfc6p2dg9u9ohc3hw9/gradle-3.3/lib/plugins/servlet-api-2.5-20081211.jar
7fcc1a0f7000-7fcc1a0fb000 r--s 00028000 08:07 1189116                    /home/chivu/.gradle/wrapper/dists/gradle-3.3-all/55gk2rcmfc6p2dg9u9ohc3hw9/gradle-3.3/lib/plugins/jetty-util-6.1.26.jar
7fcc1a0fb000-7fcc1a102000 r--s 0007d000 08:07 1189115                    /home/chivu/.gradle/wrapper/dists/gradle-3.3-all/55gk2rcmfc6p2dg9u9ohc3hw9/gradle-3.3/lib/plugins/jetty-6.1.26.jar
7fcc1a102000-7fcc1a104000 r--s 0000a000 08:07 1189072                    /home/chivu/.gradle/wrapper/dists/gradle-3.3-all/55gk2rcmfc6p2dg9u9ohc3hw9/gradle-3.3/lib/plugins/gradle-jetty-3.3.jar
7fcc1a104000-7fcc1a10b000 r--s 00035000 08:07 1189130                    /home/chivu/.gradle/wrapper/dists/gradle-3.3-all/55gk2rcmfc6p2dg9u9ohc3hw9/gradle-3.3/lib/plugins/simple-4.1.21.jar
7fcc1a10b000-7fcc1a117000 r--s 00100000 08:07 1189128                    /home/chivu/.gradle/wrapper/dists/gradle-3.3-all/55gk2rcmfc6p2dg9u9ohc3hw9/gradle-3.3/lib/plugins/rhino-1.7R3.jar
7fcc1a117000-7fcc1a11b000 r--s 00012000 08:07 1189081                    /home/chivu/.gradle/wrapper/dists/gradle-3.3-all/55gk2rcmfc6p2dg9u9ohc3hw9/gradle-3.3/lib/plugins/gradle-javascript-3.3.jar
7fcc1a11b000-7fcc1a11d000 r--s 0000d000 08:07 1189087                    /home/chivu/.gradle/wrapper/dists/gradle-3.3-all/55gk2rcmfc6p2dg9u9ohc3hw9/gradle-3.3/lib/plugins/gradle-jacoco-3.3.jar
7fcc1a11d000-7fcc1a120000 r--s 0000e000 08:07 1189086                    /home/chivu/.gradle/wrapper/dists/gradle-3.3-all/55gk2rcmfc6p2dg9u9ohc3hw9/gradle-3.3/lib/plugins/gradle-ivy-3.3.jar
7fcc1a120000-7fcc1a121000 r--s 00002000 08:07 1189097                    /home/chivu/.gradle/wrapper/dists/gradle-3.3-all/55gk2rcmfc6p2dg9u9ohc3hw9/gradle-3.3/lib/plugins/gradle-ide-play-3.3.jar
7fcc1a121000-7fcc1a124000 r--s 00013000 08:07 1189099                    /home/chivu/.gradle/wrapper/dists/gradle-3.3-all/55gk2rcmfc6p2dg9u9ohc3hw9/gradle-3.3/lib/plugins/gradle-ide-native-3.3.jar
7fcc1a124000-7fcc1a12d000 r--s 00055000 08:07 1189076                    /home/chivu/.gradle/wrapper/dists/gradle-3.3-all/55gk2rcmfc6p2dg9u9ohc3hw9/gradle-3.3/lib/plugins/gradle-ide-3.3.jar
7fcc1a12d000-7fcc1a12f000 r--s 00007000 08:07 1189080                    /home/chivu/.gradle/wrapper/dists/gradle-3.3-all/55gk2rcmfc6p2dg9u9ohc3hw9/gradle-3.3/lib/plugins/gradle-ear-3.3.jar
7fcc1a12f000-7fcc1a135000 r--s 00039000 08:07 1189083                    /home/chivu/.gradle/wrapper/dists/gradle-3.3-all/55gk2rcmfc6p2dg9u9ohc3hw9/gradle-3.3/lib/plugins/gradle-diagnostics-3.3.jar
7fcc1a135000-7fcc1a136000 r--s 00009000 08:07 1189109                    /home/chivu/.gradle/wrapper/dists/gradle-3.3-all/55gk2rcmfc6p2dg9u9ohc3hw9/gradle-3.3/lib/plugins/gradle-composite-builds-3.3.jar
7fcc1a136000-7fcc1a13a000 r--s 00023000 08:07 1189071                    /home/chivu/.gradle/wrapper/dists/gradle-3.3-all/55gk2rcmfc6p2dg9u9ohc3hw9/gradle-3.3/lib/plugins/gradle-code-quality-3.3.jar
7fcc1a13a000-7fcc1a13e000 r--s 00022000 08:07 1189088                    /home/chivu/.gradle/wrapper/dists/gradle-3.3-all/55gk2rcmfc6p2dg9u9ohc3hw9/gradle-3.3/lib/plugins/gradle-build-init-3.3.jar
7fcc1a13e000-7fcc1a144000 r--s 0008e000 08:07 1189082                    /home/chivu/.gradle/wrapper/dists/gradle-3.3-all/55gk2rcmfc6p2dg9u9ohc3hw9/gradle-3.3/lib/plugins/gradle-build-comparison-3.3.jar
7fcc1a144000-7fcc1a145000 r--s 00001000 08:07 1189110                    /home/chivu/.gradle/wrapper/dists/gradle-3.3-all/55gk2rcmfc6p2dg9u9ohc3hw9/gradle-3.3/lib/plugins/gradle-build-cache-http-3.3.jar
7fcc1a145000-7fcc1a147000 r--s 00008000 08:07 1189073                    /home/chivu/.gradle/wrapper/dists/gradle-3.3-all/55gk2rcmfc6p2dg9u9ohc3hw9/gradle-3.3/lib/plugins/gradle-antlr-3.3.jar
7fcc1a147000-7fcc1a149000 r--s 00004000 08:07 1189077                    /home/chivu/.gradle/wrapper/dists/gradle-3.3-all/55gk2rcmfc6p2dg9u9ohc3hw9/gradle-3.3/lib/plugins/gradle-announce-3.3.jar
7fcc1a149000-7fcc1a161000 r--s 00115000 08:07 1189179                    /home/chivu/.gradle/wrapper/dists/gradle-3.3-all/55gk2rcmfc6p2dg9u9ohc3hw9/gradle-3.3/lib/plugins/xercesImpl-2.9.1.jar
7fcc1a161000-7fcc1a169000 r--s 00028000 08:07 1189180                    /home/chivu/.gradle/wrapper/dists/gradle-3.3-all/55gk2rcmfc6p2dg9u9ohc3hw9/gradle-3.3/lib/plugins/xml-apis-1.3.04.jar
7fcc1a169000-7fcc1a16f000 r--s 0005b000 08:07 1189178                    /home/chivu/.gradle/wrapper/dists/gradle-3.3-all/55gk2rcmfc6p2dg9u9ohc3hw9/gradle-3.3/lib/plugins/jcifs-1.3.17.jar
7fcc1a16f000-7fcc1a175000 r--s 00033000 08:07 1189126                    /home/chivu/.gradle/wrapper/dists/gradle-3.3-all/55gk2rcmfc6p2dg9u9ohc3hw9/gradle-3.3/lib/plugins/commons-codec-1.6.jar
7fcc1a175000-7fcc1a17c000 r--s 00049000 08:07 1189177                    /home/chivu/.gradle/wrapper/dists/gradle-3.3-all/55gk2rcmfc6p2dg9u9ohc3hw9/gradle-3.3/lib/plugins/httpcore-4.4.4.jar
7fcc1a17c000-7fcc1a17f000 r--s 0001c000 08:07 1189135                    /home/chivu/.gradle/wrapper/dists/gradle-3.3-all/55gk2rcmfc6p2dg9u9ohc3hw9/gradle-3.3/lib/plugins/nekohtml-1.9.14.jar
7fcc1a17f000-7fcc1a18c000 r--s 000a4000 08:07 1189134                    /home/chivu/.gradle/wrapper/dists/gradle-3.3-all/55gk2rcmfc6p2dg9u9ohc3hw9/gradle-3.3/lib/plugins/httpclient-4.4.1.jar
7fcc1a18c000-7fcc1a18f000 r--s 0000a000 08:07 1189105                    /home/chivu/.gradle/wrapper/dists/gradle-3.3-all/55gk2rcmfc6p2dg9u9ohc3hw9/gradle-3.3/lib/plugins/gradle-resources-http-3.3.jar
7fcc1a18f000-7fcc1a193000 r--s 00015000 08:07 1189104                    /home/chivu/.gradle/wrapper/dists/gradle-3.3-all/55gk2rcmfc6p2dg9u9ohc3hw9/gradle-3.3/lib/plugins/gradle-plugin-use-3.3.jar
7fcc1a193000-7fcc1a194000 r--s 00000000 08:07 1189016                    /home/chivu/.gradle/wrapper/dists/gradle-3.3-all/55gk2rcmfc6p2dg9u9ohc3hw9/gradle-3.3/lib/gradle-installation-beacon-3.3.jar
7fcc1a194000-7fcc1a196000 r--s 00006000 08:07 1189173                    /home/chivu/.gradle/wrapper/dists/gradle-3.3-all/55gk2rcmfc6p2dg9u9ohc3hw9/gradle-3.3/lib/plugins/aether-connector-wagon-1.13.1.jar
7fcc1a196000-7fcc1a19a000 r--s 0001c000 08:07 1189172                    /home/chivu/.gradle/wrapper/dists/gradle-3.3-all/55gk2rcmfc6p2dg9u9ohc3hw9/gradle-3.3/lib/plugins/aether-util-1.13.1.jar
7fcc1a19a000-7fcc1a19b000 r--s 00003000 08:07 1189171                    /home/chivu/.gradle/wrapper/dists/gradle-3.3-all/55gk2rcmfc6p2dg9u9ohc3hw9/gradle-3.3/lib/plugins/aether-spi-1.13.1.jar
7fcc1a19b000-7fcc1a19e000 r--s 0001d000 08:07 1189170                    /home/chivu/.gradle/wrapper/dists/gradle-3.3-all/55gk2rcmfc6p2dg9u9ohc3hw9/gradle-3.3/lib/plugins/aether-impl-1.13.1.jar
7fcc1a19e000-7fcc1a1a1000 r--s 00013000 08:07 1189169                    /home/chivu/.gradle/wrapper/dists/gradle-3.3-all/55gk2rcmfc6p2dg9u9ohc3hw9/gradle-3.3/lib/plugins/aether-api-1.13.1.jar
7fcc1a1a1000-7fcc1a1a2000 r--s 00007000 08:07 1189168                    /home/chivu/.gradle/wrapper/dists/gradle-3.3-all/55gk2rcmfc6p2dg9u9ohc3hw9/gradle-3.3/lib/plugins/wagon-http-shared4-2.4.jar
7fcc1a1a2000-7fcc1a1a4000 r--s 0000b000 08:07 1189167                    /home/chivu/.gradle/wrapper/dists/gradle-3.3-all/55gk2rcmfc6p2dg9u9ohc3hw9/gradle-3.3/lib/plugins/wagon-provider-api-2.4.jar
7fcc1a1a4000-7fcc1a1a5000 r--s 00002000 08:07 1189166                    /home/chivu/.gradle/wrapper/dists/gradle-3.3-all/55gk2rcmfc6p2dg9u9ohc3hw9/gradle-3.3/lib/plugins/wagon-http-2.4.jar
7fcc1a1a5000-7fcc1a1a6000 r--s 00002000 08:07 1189165                    /home/chivu/.gradle/wrapper/dists/gradle-3.3-all/55gk2rcmfc6p2dg9u9ohc3hw9/gradle-3.3/lib/plugins/wagon-file-2.4.jar
7fcc1a1a6000-7fcc1a1a8000 r--s 0000c000 08:07 1189164                    /home/chivu/.gradle/wrapper/dists/gradle-3.3-all/55gk2rcmfc6p2dg9u9ohc3hw9/gradle-3.3/lib/plugins/maven-aether-provider-3.0.4.jar
7fcc1a1a8000-7fcc1a1aa000 r--s 0000b000 08:07 1189163                    /home/chivu/.gradle/wrapper/dists/gradle-3.3-all/55gk2rcmfc6p2dg9u9ohc3hw9/gradle-3.3/lib/plugins/maven-plugin-api-3.0.4.jar
7fcc1a1aa000-7fcc1a1ac000 r--s 00006000 08:07 1189162                    /home/chivu/.gradle/wrapper/dists/gradle-3.3-all/55gk2rcmfc6p2dg9u9ohc3hw9/gradle-3.3/lib/plugins/maven-repository-metadata-3.0.4.jar
7fcc1a1ac000-7fcc1a1ae000 r--s 0000b000 08:07 1189161                    /home/chivu/.gradle/wrapper/dists/gradle-3.3-all/55gk2rcmfc6p2dg9u9ohc3hw9/gradle-3.3/lib/plugins/maven-artifact-3.0.4.jar
7fcc1a1ae000-7fcc1a1b0000 r--s 00026000 08:07 1189160                    /home/chivu/.gradle/wrapper/dists/gradle-3.3-all/55gk2rcmfc6p2dg9u9ohc3hw9/gradle-3.3/lib/plugins/maven-model-3.0.4.jar
7fcc1a1b0000-7fcc1a1b4000 r--s 00021000 08:07 1189159                    /home/chivu/.gradle/wrapper/dists/gradle-3.3-all/55gk2rcmfc6p2dg9u9ohc3hw9/gradle-3.3/lib/plugins/maven-model-builder-3.0.4.jar
7fcc1a1b4000-7fcc1a1ba000 r--s 0003f000 08:07 1189158                    /home/chivu/.gradle/wrapper/dists/gradle-3.3-all/55gk2rcmfc6p2dg9u9ohc3hw9/gradle-3.3/lib/plugins/maven-compat-3.0.4.jar
7fcc1a1ba000-7fcc1a1bb000 r--s 00006000 08:07 1189157                    /home/chivu/.gradle/wrapper/dists/gradle-3.3-all/55gk2rcmfc6p2dg9u9ohc3hw9/gradle-3.3/lib/plugins/plexus-sec-dispatcher-1.3.jar
7fcc1a1bb000-7fcc1a1bd000 r--s 00002000 08:07 1189156                    /home/chivu/.gradle/wrapper/dists/gradle-3.3-all/55gk2rcmfc6p2dg9u9ohc3hw9/gradle-3.3/lib/plugins/plexus-cipher-1.7.jar
7fcc1a1bd000-7fcc1a1bf000 r--s 0000a000 08:07 1189155                    /home/chivu/.gradle/wrapper/dists/gradle-3.3-all/55gk2rcmfc6p2dg9u9ohc3hw9/gradle-3.3/lib/plugins/plexus-classworlds-2.4.jar
7fcc1a1bf000-7fcc1a1c6000 r--s 0002e000 08:07 1189154                    /home/chivu/.gradle/wrapper/dists/gradle-3.3-all/55gk2rcmfc6p2dg9u9ohc3hw9/gradle-3.3/lib/plugins/plexus-container-default-1.5.5.jar
7fcc1a1c6000-7fcc1a1c8000 r--s 00000000 08:07 1189181                    /home/chivu/.gradle/wrapper/dists/gradle-3.3-all/55gk2rcmfc6p2dg9u9ohc3hw9/gradle-3.3/lib/plugins/plexus-component-annotations-1.5.5.jar
7fcc1a1c8000-7fcc1a1ca000 r--s 0000d000 08:07 1189153                    /home/chivu/.gradle/wrapper/dists/gradle-3.3-all/55gk2rcmfc6p2dg9u9ohc3hw9/gradle-3.3/lib/plugins/plexus-interpolation-1.14.jar
7fcc1a1ca000-7fcc1a1ce000 r--s 00033000 08:07 1189152                    /home/chivu/.gradle/wrapper/dists/gradle-3.3-all/55gk2rcmfc6p2dg9u9ohc3hw9/gradle-3.3/lib/plugins/plexus-utils-2.0.6.jar
7fcc1a1ce000-7fcc1a1d1000 r--s 00008000 08:07 1189151                    /home/chivu/.gradle/wrapper/dists/gradle-3.3-all/55gk2rcmfc6p2dg9u9ohc3hw9/gradle-3.3/lib/plugins/maven-settings-builder-3.0.4.jar
7fcc1a1d1000-7fcc1a1d6000 r--s 00040000 08:07 1189136                    /home/chivu/.gradle/wrapper/dists/gradle-3.3-all/55gk2rcmfc6p2dg9u9ohc3hw9/gradle-3.3/lib/plugins/jsch-0.1.53.jar
7fcc1a1d6000-7fcc1a216000 r--s 00277000 08:07 1189146                    /home/chivu/.gradle/wrapper/dists/gradle-3.3-all/55gk2rcmfc6p2dg9u9ohc3hw9/gradle-3.3/lib/plugins/bcprov-jdk15on-1.51.jar
7fcc1a216000-7fcc1a222000 r--s 0007d000 08:07 1189123                    /home/chivu/.gradle/wrapper/dists/gradle-3.3-all/55gk2rcmfc6p2dg9u9ohc3hw9/gradle-3.3/lib/plugins/maven-core-3.0.4.jar
7fcc1a222000-7fcc1a241000 r--s 000f6000 08:07 1189112                    /home/chivu/.gradle/wrapper/dists/gradle-3.3-all/55gk2rcmfc6p2dg9u9ohc3hw9/gradle-3.3/lib/plugins/gradle-dependency-management-3.3.jar
7fcc1a241000-7fcc1a257000 r-xp 00000000 08:07 529479                     /lib/x86_64-linux-gnu/libgcc_s.so.1
7fcc1a257000-7fcc1a456000 ---p 00016000 08:07 529479                     /lib/x86_64-linux-gnu/libgcc_s.so.1
7fcc1a456000-7fcc1a457000 rw-p 00015000 08:07 529479                     /lib/x86_64-linux-gnu/libgcc_s.so.1
7fcc1a457000-7fcc1a5c9000 r-xp 00000000 08:07 1312856                    /usr/lib/x86_64-linux-gnu/libstdc++.so.6.0.21
7fcc1a5c9000-7fcc1a7c9000 ---p 00172000 08:07 1312856                    /usr/lib/x86_64-linux-gnu/libstdc++.so.6.0.21
7fcc1a7c9000-7fcc1a7d3000 r--p 00172000 08:07 1312856                    /usr/lib/x86_64-linux-gnu/libstdc++.so.6.0.21
7fcc1a7d3000-7fcc1a7d5000 rw-p 0017c000 08:07 1312856                    /usr/lib/x86_64-linux-gnu/libstdc++.so.6.0.21
7fcc1a7d5000-7fcc1a7d9000 rw-p 00000000 00:00 0 
7fcc1a7d9000-7fcc1a7db000 r--s 0000a000 08:07 1189150                    /home/chivu/.gradle/wrapper/dists/gradle-3.3-all/55gk2rcmfc6p2dg9u9ohc3hw9/gradle-3.3/lib/plugins/maven-settings-3.0.4.jar
7fcc1a7db000-7fcc1a7df000 r--s 0001d000 08:07 1189145                    /home/chivu/.gradle/wrapper/dists/gradle-3.3-all/55gk2rcmfc6p2dg9u9ohc3hw9/gradle-3.3/lib/plugins/xbean-reflect-3.4.jar
7fcc1a7df000-7fcc1a7e4000 r--s 00034000 08:07 1189129                    /home/chivu/.gradle/wrapper/dists/gradle-3.3-all/55gk2rcmfc6p2dg9u9ohc3hw9/gradle-3.3/lib/plugins/gson-2.7.jar
7fcc1a7e4000-7fcc1a7f3000 r--s 000d9000 08:07 1189144                    /home/chivu/.gradle/wrapper/dists/gradle-3.3-all/55gk2rcmfc6p2dg9u9ohc3hw9/gradle-3.3/lib/plugins/ivy-2.2.0.jar
7fcc1a7f3000-7fcc1a7f5000 r--s 00005000 08:07 1189111                    /home/chivu/.gradle/wrapper/dists/gradle-3.3-all/55gk2rcmfc6p2dg9u9ohc3hw9/gradle-3.3/lib/plugins/gradle-workers-3.3.jar
7fcc1a7f5000-7fcc1a7fa000 r-xp 00000000 08:07 932602                     /home/chivu/.gradle/native/23/linux-amd64/libnative-platform.so
7fcc1a7fa000-7fcc1a9f9000 ---p 00005000 08:07 932602                     /home/chivu/.gradle/native/23/linux-amd64/libnative-platform.so
7fcc1a9f9000-7fcc1a9fa000 rw-p 00004000 08:07 932602                     /home/chivu/.gradle/native/23/linux-amd64/libnative-platform.so
7fcc1a9fa000-7fcc1aa0b000 r-xp 00000000 08:07 1201545                    /home/chivu/Downloads/android-studio-p/jre/jre/lib/amd64/libnio.so
7fcc1aa0b000-7fcc1ac0a000 ---p 00011000 08:07 1201545                    /home/chivu/Downloads/android-studio-p/jre/jre/lib/amd64/libnio.so
7fcc1ac0a000-7fcc1ac0b000 r--p 00010000 08:07 1201545                    /home/chivu/Downloads/android-studio-p/jre/jre/lib/amd64/libnio.so
7fcc1ac0b000-7fcc1ac0c000 rw-p 00011000 08:07 1201545                    /home/chivu/Downloads/android-studio-p/jre/jre/lib/amd64/libnio.so
7fcc1ac0c000-7fcc1af0d000 rw-p 00000000 00:00 0 
7fcc1af0d000-7fcc1af24000 r-xp 00000000 08:07 1201544                    /home/chivu/Downloads/android-studio-p/jre/jre/lib/amd64/libnet.so
7fcc1af24000-7fcc1b123000 ---p 00017000 08:07 1201544                    /home/chivu/Downloads/android-studio-p/jre/jre/lib/amd64/libnet.so
7fcc1b123000-7fcc1b124000 r--p 00016000 08:07 1201544                    /home/chivu/Downloads/android-studio-p/jre/jre/lib/amd64/libnet.so
7fcc1b124000-7fcc1b125000 rw-p 00017000 08:07 1201544                    /home/chivu/Downloads/android-studio-p/jre/jre/lib/amd64/libnet.so
7fcc1b125000-7fcc1b126000 r--s 00006000 08:07 1189015                    /home/chivu/.gradle/wrapper/dists/gradle-3.3-all/55gk2rcmfc6p2dg9u9ohc3hw9/gradle-3.3/lib/gradle-wrapper-3.3.jar
7fcc1b126000-7fcc1b133000 r--s 00041000 08:07 1189022                    /home/chivu/.gradle/wrapper/dists/gradle-3.3-all/55gk2rcmfc6p2dg9u9ohc3hw9/gradle-3.3/lib/gradle-tooling-api-3.3.jar
7fcc1b133000-7fcc1b135000 r--s 00002000 08:07 1189042                    /home/chivu/.gradle/wrapper/dists/gradle-3.3-all/55gk2rcmfc6p2dg9u9ohc3hw9/gradle-3.3/lib/gradle-open-api-3.3.jar
7fcc1b135000-7fcc1b13b000 r--s 00032000 08:07 1189044                    /home/chivu/.gradle/wrapper/dists/gradle-3.3-all/55gk2rcmfc6p2dg9u9ohc3hw9/gradle-3.3/lib/jaxen-1.1.jar
7fcc1b13b000-7fcc1b140000 r--s 00048000 08:07 1189043                    /home/chivu/.gradle/wrapper/dists/gradle-3.3-all/55gk2rcmfc6p2dg9u9ohc3hw9/gradle-3.3/lib/dom4j-1.6.1.jar
7fcc1b140000-7fcc1b14b000 r--s 00059000 08:07 1189021                    /home/chivu/.gradle/wrapper/dists/gradle-3.3-all/55gk2rcmfc6p2dg9u9ohc3hw9/gradle-3.3/lib/gradle-ui-3.3.jar
7fcc1b14b000-7fcc1b154000 r--s 0008c000 08:07 1189013                    /home/chivu/.gradle/wrapper/dists/gradle-3.3-all/55gk2rcmfc6p2dg9u9ohc3hw9/gradle-3.3/lib/kotlin-stdlib-1.1-M02.jar
7fcc1b154000-7fcc1b15a000 r--s 0002a000 08:07 1189012                    /home/chivu/.gradle/wrapper/dists/gradle-3.3-all/55gk2rcmfc6p2dg9u9ohc3hw9/gradle-3.3/lib/kotlin-runtime-1.1-M02.jar
7fcc1b15a000-7fcc1b18e000 r--s 00256000 08:07 1189011                    /home/chivu/.gradle/wrapper/dists/gradle-3.3-all/55gk2rcmfc6p2dg9u9ohc3hw9/gradle-3.3/lib/kotlin-reflect-1.1-M02.jar
7fcc1b18e000-7fcc1b324000 r--s 0157e000 08:07 1189010                    /home/chivu/.gradle/wrapper/dists/gradle-3.3-all/55gk2rcmfc6p2dg9u9ohc3hw9/gradle-3.3/lib/kotlin-compiler-embeddable-1.1-M02.jar
7fcc1b324000-7fcc1b32c000 r--s 0004e000 08:07 1189009                    /home/chivu/.gradle/wrapper/dists/gradle-3.3-all/55gk2rcmfc6p2dg9u9ohc3hw9/gradle-3.3/lib/gradle-script-kotlin-0.5.1.jar
7fcc1b32c000-7fcc1b32f000 r--s 0000b000 08:07 1189040                    /home/chivu/.gradle/wrapper/dists/gradle-3.3-all/55gk2rcmfc6p2dg9u9ohc3hw9/gradle-3.3/lib/gradle-resources-3.3.jar
7fcc1b32f000-7fcc1b331000 r--s 00003000 08:07 1189049                    /home/chivu/.gradle/wrapper/dists/gradle-3.3-all/55gk2rcmfc6p2dg9u9ohc3hw9/gradle-3.3/lib/jcl-over-slf4j-1.7.10.jar
7fcc1b331000-7fcc1b332000 r--s 00005000 08:07 1189048                    /home/chivu/.gradle/wrapper/dists/gradle-3.3-all/55gk2rcmfc6p2dg9u9ohc3hw9/gradle-3.3/lib/log4j-over-slf4j-1.7.10.jar
7fcc1b332000-7fcc1b334000 r--s 00000000 08:07 1189047                    /home/chivu/.gradle/wrapper/dists/gradle-3.3-all/55gk2rcmfc6p2dg9u9ohc3hw9/gradle-3.3/lib/jul-to-slf4j-1.7.10.jar
7fcc1b334000-7fcc1b339000 r--s 0001e000 08:07 1189024                    /home/chivu/.gradle/wrapper/dists/gradle-3.3-all/55gk2rcmfc6p2dg9u9ohc3hw9/gradle-3.3/lib/gradle-logging-3.3.jar
7fcc1b339000-7fcc1b33b000 r--s 00007000 08:07 1189068                    /home/chivu/.gradle/wrapper/dists/gradle-3.3-all/55gk2rcmfc6p2dg9u9ohc3hw9/gradle-3.3/lib/objenesis-1.2.jar
7fcc1b33b000-7fcc1b33d000 r--s 00000000 08:07 1189067                    /home/chivu/.gradle/wrapper/dists/gradle-3.3-all/55gk2rcmfc6p2dg9u9ohc3hw9/gradle-3.3/lib/minlog-1.2.jar
7fcc1b33d000-7fcc1b33f000 r--s 0000f000 08:07 1189066                    /home/chivu/.gradle/wrapper/dists/gradle-3.3-all/55gk2rcmfc6p2dg9u9ohc3hw9/gradle-3.3/lib/reflectasm-1.07-shaded.jar
7fcc1b33f000-7fcc1b343000 r--s 00026000 08:07 1189051                    /home/chivu/.gradle/wrapper/dists/gradle-3.3-all/55gk2rcmfc6p2dg9u9ohc3hw9/gradle-3.3/lib/kryo-2.20.jar
7fcc1b343000-7fcc1b349000 r--s 00027000 08:07 1189039                    /home/chivu/.gradle/wrapper/dists/gradle-3.3-all/55gk2rcmfc6p2dg9u9ohc3hw9/gradle-3.3/lib/gradle-messaging-3.3.jar
7fcc1b349000-7fcc1b34a000 r--s 00001000 08:07 1189065                    /home/chivu/.gradle/wrapper/dists/gradle-3.3-all/55gk2rcmfc6p2dg9u9ohc3hw9/gradle-3.3/lib/native-platform-linux-i386-ncurses6-0.12.jar
7fcc1b34a000-7fcc1b34b000 r--s 00001000 08:07 1189064                    /home/chivu/.gradle/wrapper/dists/gradle-3.3-all/55gk2rcmfc6p2dg9u9ohc3hw9/gradle-3.3/lib/native-platform-linux-i386-ncurses5-0.12.jar
7fcc1b34b000-7fcc1b34c000 r--s 00001000 08:07 1189063                    /home/chivu/.gradle/wrapper/dists/gradle-3.3-all/55gk2rcmfc6p2dg9u9ohc3hw9/gradle-3.3/lib/native-platform-linux-amd64-ncurses6-0.12.jar
7fcc1b34c000-7fcc1b34d000 r--s 00001000 08:07 1189062                    /home/chivu/.gradle/wrapper/dists/gradle-3.3-all/55gk2rcmfc6p2dg9u9ohc3hw9/gradle-3.3/lib/native-platform-linux-amd64-ncurses5-0.12.jar
7fcc1b34d000-7fcc1b34e000 r--s 0000b000 08:07 1189061                    /home/chivu/.gradle/wrapper/dists/gradle-3.3-all/55gk2rcmfc6p2dg9u9ohc3hw9/gradle-3.3/lib/native-platform-windows-i386-0.12.jar
7fcc1b34e000-7fcc1b350000 r--s 0000b000 08:07 1189060                    /home/chivu/.gradle/wrapper/dists/gradle-3.3-all/55gk2rcmfc6p2dg9u9ohc3hw9/gradle-3.3/lib/native-platform-windows-amd64-0.12.jar
7fcc1b350000-7fcc1b352000 r--s 00002000 08:07 1189059                    /home/chivu/.gradle/wrapper/dists/gradle-3.3-all/55gk2rcmfc6p2dg9u9ohc3hw9/gradle-3.3/lib/native-platform-osx-i386-0.12.jar
7fcc1b352000-7fcc1b353000 r--s 00002000 08:07 1189058                    /home/chivu/.gradle/wrapper/dists/gradle-3.3-all/55gk2rcmfc6p2dg9u9ohc3hw9/gradle-3.3/lib/native-platform-osx-amd64-0.12.jar
7fcc1b353000-7fcc1b354000 r--s 00002000 08:07 1189057                    /home/chivu/.gradle/wrapper/dists/gradle-3.3-all/55gk2rcmfc6p2dg9u9ohc3hw9/gradle-3.3/lib/native-platform-linux-i386-0.12.jar
7fcc1b354000-7fcc1b355000 r--s 00002000 08:07 1189056                    /home/chivu/.gradle/wrapper/dists/gradle-3.3-all/55gk2rcmfc6p2dg9u9ohc3hw9/gradle-3.3/lib/native-platform-linux-amd64-0.12.jar
7fcc1b355000-7fcc1b356000 r--s 00003000 08:07 1189055                    /home/chivu/.gradle/wrapper/dists/gradle-3.3-all/55gk2rcmfc6p2dg9u9ohc3hw9/gradle-3.3/lib/native-platform-freebsd-i386-libstdcpp-0.12.jar
7fcc1b356000-7fcc1b357000 r--s 00004000 08:07 1189054                    /home/chivu/.gradle/wrapper/dists/gradle-3.3-all/55gk2rcmfc6p2dg9u9ohc3hw9/gradle-3.3/lib/native-platform-freebsd-i386-libcpp-0.12.jar
7fcc1b357000-7fcc1b359000 r--s 00003000 08:07 1189053                    /home/chivu/.gradle/wrapper/dists/gradle-3.3-all/55gk2rcmfc6p2dg9u9ohc3hw9/gradle-3.3/lib/native-platform-freebsd-amd64-libstdcpp-0.12.jar
7fcc1b359000-7fcc1b368000 r--s 0007f000 08:07 1189030                    /home/chivu/.gradle/wrapper/dists/gradle-3.3-all/55gk2rcmfc6p2dg9u9ohc3hw9/gradle-3.3/lib/gradle-model-core-3.3.jar
7fcc1b368000-7fcc1b3d8000 r--s 00641000 08:07 1189029                    /home/chivu/.gradle/wrapper/dists/gradle-3.3-all/55gk2rcmfc6p2dg9u9ohc3hw9/gradle-3.3/lib/groovy-all-2.4.7.jar
7fcc1b3d8000-7fcc1b400000 r--s 001cf000 08:07 1189026                    /home/chivu/.gradle/wrapper/dists/gradle-3.3-all/55gk2rcmfc6p2dg9u9ohc3hw9/gradle-3.3/lib/guava-jdk5-17.0.jar
7fcc1b400000-7fcc1b41f000 r--s 001d1000 08:07 1189033                    /home/chivu/.gradle/wrapper/dists/gradle-3.3-all/55gk2rcmfc6p2dg9u9ohc3hw9/gradle-3.3/lib/ant-1.9.6.jar
7fcc1b41f000-7fcc1b420000 ---p 00000000 00:00 0 
7fcc1b420000-7fcc1b520000 rw-p 00000000 00:00 0 
7fcc1b520000-7fcc1b523000 ---p 00000000 00:00 0 
7fcc1b523000-7fcc1b621000 rw-p 00000000 00:00 0 
7fcc1b621000-7fcc1b624000 ---p 00000000 00:00 0 
7fcc1b624000-7fcc1b722000 rw-p 00000000 00:00 0 
7fcc1b722000-7fcc1b725000 ---p 00000000 00:00 0 
7fcc1b725000-7fcc1b823000 rw-p 00000000 00:00 0 
7fcc1b823000-7fcc1b826000 ---p 00000000 00:00 0 
7fcc1b826000-7fcc1b924000 rw-p 00000000 00:00 0 
7fcc1b924000-7fcc1b927000 ---p 00000000 00:00 0 
7fcc1b927000-7fcc1ba25000 rw-p 00000000 00:00 0 
7fcc1ba25000-7fcc1bcfd000 r--p 00000000 08:07 1375560                    /usr/lib/locale/locale-archive
7fcc1bcfd000-7fcc1bd00000 ---p 00000000 00:00 0 
7fcc1bd00000-7fcc1bdfe000 rw-p 00000000 00:00 0 
7fcc1bdfe000-7fcc1be01000 ---p 00000000 00:00 0 
7fcc1be01000-7fcc1beff000 rw-p 00000000 00:00 0 
7fcc1beff000-7fcc1bf00000 ---p 00000000 00:00 0 
7fcc1bf00000-7fcc1c000000 rw-p 00000000 00:00 0 
7fcc1c000000-7fcc1c028000 rw-p 00000000 00:00 0 
7fcc1c028000-7fcc20000000 ---p 00000000 00:00 0 
7fcc20000000-7fcc20003000 r--s 00023000 08:07 1189046                    /home/chivu/.gradle/wrapper/dists/gradle-3.3-all/55gk2rcmfc6p2dg9u9ohc3hw9/gradle-3.3/lib/jansi-1.14.jar
7fcc20003000-7fcc20040000 r--s 001f8000 08:07 1189019                    /home/chivu/.gradle/wrapper/dists/gradle-3.3-all/55gk2rcmfc6p2dg9u9ohc3hw9/gradle-3.3/lib/gradle-core-3.3.jar
7fcc20040000-7fcc24000000 rw-p 00000000 00:00 0 
7fcc24000000-7fcc2414f000 rw-p 00000000 00:00 0 
7fcc2414f000-7fcc28000000 ---p 00000000 00:00 0 
7fcc28000000-7fcc28004000 r--s 00011000 08:07 1189045                    /home/chivu/.gradle/wrapper/dists/gradle-3.3-all/55gk2rcmfc6p2dg9u9ohc3hw9/gradle-3.3/lib/native-platform-0.12.jar
7fcc28004000-7fcc28007000 r--s 0000a000 08:07 1189023                    /home/chivu/.gradle/wrapper/dists/gradle-3.3-all/55gk2rcmfc6p2dg9u9ohc3hw9/gradle-3.3/lib/gradle-native-3.3.jar
7fcc28007000-7fcc28009000 r--s 00005000 08:07 1189020                    /home/chivu/.gradle/wrapper/dists/gradle-3.3-all/55gk2rcmfc6p2dg9u9ohc3hw9/gradle-3.3/lib/gradle-cli-3.3.jar
7fcc28009000-7fcc2800b000 r--s 00007000 08:07 1189031                    /home/chivu/.gradle/wrapper/dists/gradle-3.3-all/55gk2rcmfc6p2dg9u9ohc3hw9/gradle-3.3/lib/gradle-model-groovy-3.3.jar
7fcc2800b000-7fcc2800d000 r--s 00006000 08:07 1189038                    /home/chivu/.gradle/wrapper/dists/gradle-3.3-all/55gk2rcmfc6p2dg9u9ohc3hw9/gradle-3.3/lib/gradle-base-services-groovy-3.3.jar
7fcc2800d000-7fcc2802e000 rw-p 00000000 00:00 0 
7fcc2802e000-7fcc281fd000 r--s 03c1b000 08:07 1201515                    /home/chivu/Downloads/android-studio-p/jre/jre/lib/rt.jar
7fcc281fd000-7fcc28cfd000 rw-p 00000000 00:00 0 
7fcc28cfd000-7fcc28cfe000 ---p 00000000 00:00 0 
7fcc28cfe000-7fcc28dfe000 rw-p 00000000 00:00 0 
7fcc28dfe000-7fcc28dff000 ---p 00000000 00:00 0 
7fcc28dff000-7fcc28eff000 rw-p 00000000 00:00 0 
7fcc28eff000-7fcc28f00000 ---p 00000000 00:00 0 
7fcc28f00000-7fcc29000000 rw-p 00000000 00:00 0 
7fcc29000000-7fcc2b6c0000 rwxp 00000000 00:00 0 
7fcc2b6c0000-7fcc38000000 ---p 00000000 00:00 0 
7fcc38000000-7fcc38c8c000 rw-p 00000000 00:00 0 
7fcc38c8c000-7fcc3c000000 ---p 00000000 00:00 0 
7fcc3c000000-7fcc3c001000 r--s 00004000 08:07 1189052                    /home/chivu/.gradle/wrapper/dists/gradle-3.3-all/55gk2rcmfc6p2dg9u9ohc3hw9/gradle-3.3/lib/native-platform-freebsd-amd64-libcpp-0.12.jar
7fcc3c001000-7fcc3c002000 r--s 00002000 08:07 1189041                    /home/chivu/.gradle/wrapper/dists/gradle-3.3-all/55gk2rcmfc6p2dg9u9ohc3hw9/gradle-3.3/lib/gradle-docs-3.3.jar
7fcc3c002000-7fcc3c00f000 r--s 00083000 08:07 1189034                    /home/chivu/.gradle/wrapper/dists/gradle-3.3-all/55gk2rcmfc6p2dg9u9ohc3hw9/gradle-3.3/lib/commons-collections-3.2.2.jar
7fcc3c00f000-7fcc3c085000 rw-p 00000000 00:00 0 
7fcc3c085000-7fcc3c086000 ---p 00000000 00:00 0 
7fcc3c086000-7fcc3c343000 rw-p 00000000 00:00 0 
7fcc3c343000-7fcc3c386000 ---p 00000000 00:00 0 
7fcc3c386000-7fcc3c543000 rw-p 00000000 00:00 0 
7fcc3c543000-7fcc3c586000 ---p 00000000 00:00 0 
7fcc3c586000-7fcc3c686000 rw-p 00000000 00:00 0 
7fcc3c686000-7fcc3c722000 rw-p 00000000 00:00 0 
7fcc3c722000-7fcc3ca47000 ---p 00000000 00:00 0 
7fcc3ca47000-7fcc3ca61000 r-xp 00000000 08:07 1201530                    /home/chivu/Downloads/android-studio-p/jre/jre/lib/amd64/libzip.so
7fcc3ca61000-7fcc3cc61000 ---p 0001a000 08:07 1201530                    /home/chivu/Downloads/android-studio-p/jre/jre/lib/amd64/libzip.so
7fcc3cc61000-7fcc3cc62000 r--p 0001a000 08:07 1201530                    /home/chivu/Downloads/android-studio-p/jre/jre/lib/amd64/libzip.so
7fcc3cc62000-7fcc3cc63000 rw-p 0001b000 08:07 1201530                    /home/chivu/Downloads/android-studio-p/jre/jre/lib/amd64/libzip.so
7fcc3cc63000-7fcc3cc6e000 r-xp 00000000 08:07 524372                     /lib/x86_64-linux-gnu/libnss_files-2.23.so
7fcc3cc6e000-7fcc3ce6d000 ---p 0000b000 08:07 524372                     /lib/x86_64-linux-gnu/libnss_files-2.23.so
7fcc3ce6d000-7fcc3ce6e000 r--p 0000a000 08:07 524372                     /lib/x86_64-linux-gnu/libnss_files-2.23.so
7fcc3ce6e000-7fcc3ce6f000 rw-p 0000b000 08:07 524372                     /lib/x86_64-linux-gnu/libnss_files-2.23.so
7fcc3ce6f000-7fcc3ce75000 rw-p 00000000 00:00 0 
7fcc3ce75000-7fcc3ce80000 r-xp 00000000 08:07 524375                     /lib/x86_64-linux-gnu/libnss_nis-2.23.so
7fcc3ce80000-7fcc3d07f000 ---p 0000b000 08:07 524375                     /lib/x86_64-linux-gnu/libnss_nis-2.23.so
7fcc3d07f000-7fcc3d080000 r--p 0000a000 08:07 524375                     /lib/x86_64-linux-gnu/libnss_nis-2.23.so
7fcc3d080000-7fcc3d081000 rw-p 0000b000 08:07 524375                     /lib/x86_64-linux-gnu/libnss_nis-2.23.so
7fcc3d081000-7fcc3d097000 r-xp 00000000 08:07 524302                     /lib/x86_64-linux-gnu/libnsl-2.23.so
7fcc3d097000-7fcc3d296000 ---p 00016000 08:07 524302                     /lib/x86_64-linux-gnu/libnsl-2.23.so
7fcc3d296000-7fcc3d297000 r--p 00015000 08:07 524302                     /lib/x86_64-linux-gnu/libnsl-2.23.so
7fcc3d297000-7fcc3d298000 rw-p 00016000 08:07 524302                     /lib/x86_64-linux-gnu/libnsl-2.23.so
7fcc3d298000-7fcc3d29a000 rw-p 00000000 00:00 0 
7fcc3d29a000-7fcc3d2a2000 r-xp 00000000 08:07 524381                     /lib/x86_64-linux-gnu/libnss_compat-2.23.so
7fcc3d2a2000-7fcc3d4a1000 ---p 00008000 08:07 524381                     /lib/x86_64-linux-gnu/libnss_compat-2.23.so
7fcc3d4a1000-7fcc3d4a2000 r--p 00007000 08:07 524381                     /lib/x86_64-linux-gnu/libnss_compat-2.23.so
7fcc3d4a2000-7fcc3d4a3000 rw-p 00008000 08:07 524381                     /lib/x86_64-linux-gnu/libnss_compat-2.23.so
7fcc3d4a3000-7fcc3d4d0000 r-xp 00000000 08:07 1201547                    /home/chivu/Downloads/android-studio-p/jre/jre/lib/amd64/libjava.so
7fcc3d4d0000-7fcc3d6cf000 ---p 0002d000 08:07 1201547                    /home/chivu/Downloads/android-studio-p/jre/jre/lib/amd64/libjava.so
7fcc3d6cf000-7fcc3d6d0000 r--p 0002c000 08:07 1201547                    /home/chivu/Downloads/android-studio-p/jre/jre/lib/amd64/libjava.so
7fcc3d6d0000-7fcc3d6d2000 rw-p 0002d000 08:07 1201547                    /home/chivu/Downloads/android-studio-p/jre/jre/lib/amd64/libjava.so
7fcc3d6d2000-7fcc3d6e2000 r-xp 00000000 08:07 1201520                    /home/chivu/Downloads/android-studio-p/jre/jre/lib/amd64/libverify.so
7fcc3d6e2000-7fcc3d8e1000 ---p 00010000 08:07 1201520                    /home/chivu/Downloads/android-studio-p/jre/jre/lib/amd64/libverify.so
7fcc3d8e1000-7fcc3d8e3000 r--p 0000f000 08:07 1201520                    /home/chivu/Downloads/android-studio-p/jre/jre/lib/amd64/libverify.so
7fcc3d8e3000-7fcc3d8e4000 rw-p 00011000 08:07 1201520                    /home/chivu/Downloads/android-studio-p/jre/jre/lib/amd64/libverify.so
7fcc3d8e4000-7fcc3d8eb000 r-xp 00000000 08:07 524377                     /lib/x86_64-linux-gnu/librt-2.23.so
7fcc3d8eb000-7fcc3daea000 ---p 00007000 08:07 524377                     /lib/x86_64-linux-gnu/librt-2.23.so
7fcc3daea000-7fcc3daeb000 r--p 00006000 08:07 524377                     /lib/x86_64-linux-gnu/librt-2.23.so
7fcc3daeb000-7fcc3daec000 rw-p 00007000 08:07 524377                     /lib/x86_64-linux-gnu/librt-2.23.so
7fcc3daec000-7fcc3dbf4000 r-xp 00000000 08:07 524386                     /lib/x86_64-linux-gnu/libm-2.23.so
7fcc3dbf4000-7fcc3ddf3000 ---p 00108000 08:07 524386                     /lib/x86_64-linux-gnu/libm-2.23.so
7fcc3ddf3000-7fcc3ddf4000 r--p 00107000 08:07 524386                     /lib/x86_64-linux-gnu/libm-2.23.so
7fcc3ddf4000-7fcc3ddf5000 rw-p 00108000 08:07 524386                     /lib/x86_64-linux-gnu/libm-2.23.so
7fcc3ddf5000-7fcc3e9e6000 r-xp 00000000 08:07 1201528                    /home/chivu/Downloads/android-studio-p/jre/jre/lib/amd64/server/libjvm.so
7fcc3e9e6000-7fcc3ebe6000 ---p 00bf1000 08:07 1201528                    /home/chivu/Downloads/android-studio-p/jre/jre/lib/amd64/server/libjvm.so
7fcc3ebe6000-7fcc3ec85000 r--p 00bf1000 08:07 1201528                    /home/chivu/Downloads/android-studio-p/jre/jre/lib/amd64/server/libjvm.so
7fcc3ec85000-7fcc3ecae000 rw-p 00c90000 08:07 1201528                    /home/chivu/Downloads/android-studio-p/jre/jre/lib/amd64/server/libjvm.so
7fcc3ecae000-7fcc3ecf2000 rw-p 00000000 00:00 0 
7fcc3ecf2000-7fcc3ed0a000 r-xp 00000000 08:07 524374                     /lib/x86_64-linux-gnu/libpthread-2.23.so
7fcc3ed0a000-7fcc3ef09000 ---p 00018000 08:07 524374                     /lib/x86_64-linux-gnu/libpthread-2.23.so
7fcc3ef09000-7fcc3ef0a000 r--p 00017000 08:07 524374                     /lib/x86_64-linux-gnu/libpthread-2.23.so
7fcc3ef0a000-7fcc3ef0b000 rw-p 00018000 08:07 524374                     /lib/x86_64-linux-gnu/libpthread-2.23.so
7fcc3ef0b000-7fcc3ef0f000 rw-p 00000000 00:00 0 
7fcc3ef0f000-7fcc3ef12000 r-xp 00000000 08:07 524380                     /lib/x86_64-linux-gnu/libdl-2.23.so
7fcc3ef12000-7fcc3f111000 ---p 00003000 08:07 524380                     /lib/x86_64-linux-gnu/libdl-2.23.so
7fcc3f111000-7fcc3f112000 r--p 00002000 08:07 524380                     /lib/x86_64-linux-gnu/libdl-2.23.so
7fcc3f112000-7fcc3f113000 rw-p 00003000 08:07 524380                     /lib/x86_64-linux-gnu/libdl-2.23.so
7fcc3f113000-7fcc3f2d3000 r-xp 00000000 08:07 524518                     /lib/x86_64-linux-gnu/libc-2.23.so
7fcc3f2d3000-7fcc3f4d3000 ---p 001c0000 08:07 524518                     /lib/x86_64-linux-gnu/libc-2.23.so
7fcc3f4d3000-7fcc3f4d7000 r--p 001c0000 08:07 524518                     /lib/x86_64-linux-gnu/libc-2.23.so
7fcc3f4d7000-7fcc3f4d9000 rw-p 001c4000 08:07 524518                     /lib/x86_64-linux-gnu/libc-2.23.so
7fcc3f4d9000-7fcc3f4dd000 rw-p 00000000 00:00 0 
7fcc3f4dd000-7fcc3f4f3000 r-xp 00000000 08:07 1201477                    /home/chivu/Downloads/android-studio-p/jre/lib/amd64/jli/libjli.so
7fcc3f4f3000-7fcc3f6f2000 ---p 00016000 08:07 1201477                    /home/chivu/Downloads/android-studio-p/jre/lib/amd64/jli/libjli.so
7fcc3f6f2000-7fcc3f6f3000 r--p 00015000 08:07 1201477                    /home/chivu/Downloads/android-studio-p/jre/lib/amd64/jli/libjli.so
7fcc3f6f3000-7fcc3f6f4000 rw-p 00016000 08:07 1201477                    /home/chivu/Downloads/android-studio-p/jre/lib/amd64/jli/libjli.so
7fcc3f6f4000-7fcc3f71a000 r-xp 00000000 08:07 524305                     /lib/x86_64-linux-gnu/ld-2.23.so
7fcc3f71a000-7fcc3f71b000 r--s 00000000 08:07 1189037                    /home/chivu/.gradle/wrapper/dists/gradle-3.3-all/55gk2rcmfc6p2dg9u9ohc3hw9/gradle-3.3/lib/javax.inject-1.jar
7fcc3f71b000-7fcc3f71c000 r--s 00000000 08:07 1189036                    /home/chivu/.gradle/wrapper/dists/gradle-3.3-all/55gk2rcmfc6p2dg9u9ohc3hw9/gradle-3.3/lib/jcip-annotations-1.0.jar
7fcc3f71c000-7fcc3f720000 r--s 00027000 08:07 1189035                    /home/chivu/.gradle/wrapper/dists/gradle-3.3-all/55gk2rcmfc6p2dg9u9ohc3hw9/gradle-3.3/lib/commons-io-2.2.jar
7fcc3f720000-7fcc3f725000 r--s 00038000 08:07 1189032                    /home/chivu/.gradle/wrapper/dists/gradle-3.3-all/55gk2rcmfc6p2dg9u9ohc3hw9/gradle-3.3/lib/asm-all-5.1.jar
7fcc3f725000-7fcc3f726000 r--s 00001000 08:07 1189028                    /home/chivu/.gradle/wrapper/dists/gradle-3.3-all/55gk2rcmfc6p2dg9u9ohc3hw9/gradle-3.3/lib/gradle-process-services-3.3.jar
7fcc3f726000-7fcc3f72b000 r--s 00041000 08:07 1189027                    /home/chivu/.gradle/wrapper/dists/gradle-3.3-all/55gk2rcmfc6p2dg9u9ohc3hw9/gradle-3.3/lib/commons-lang-2.6.jar
7fcc3f72b000-7fcc3f734000 r--s 00042000 08:07 1189017                    /home/chivu/.gradle/wrapper/dists/gradle-3.3-all/55gk2rcmfc6p2dg9u9ohc3hw9/gradle-3.3/lib/gradle-base-services-3.3.jar
7fcc3f734000-7fcc3f7f6000 rw-p 00000000 00:00 0 
7fcc3f7f6000-7fcc3f7f9000 ---p 00000000 00:00 0 
7fcc3f7f9000-7fcc3f8fb000 rw-p 00000000 00:00 0 
7fcc3f8fb000-7fcc3f8fd000 r--s 00000000 08:07 1189018                    /home/chivu/.gradle/wrapper/dists/gradle-3.3-all/55gk2rcmfc6p2dg9u9ohc3hw9/gradle-3.3/lib/gradle-jvm-services-3.3.jar
7fcc3f8fd000-7fcc3f8fe000 r--s 00000000 08:07 1189183                    /home/chivu/.gradle/wrapper/dists/gradle-3.3-all/55gk2rcmfc6p2dg9u9ohc3hw9/gradle-3.3/lib/gradle-version-info-3.3.jar
7fcc3f8fe000-7fcc3f8ff000 r--s 00007000 08:07 1189025                    /home/chivu/.gradle/wrapper/dists/gradle-3.3-all/55gk2rcmfc6p2dg9u9ohc3hw9/gradle-3.3/lib/slf4j-api-1.7.10.jar
7fcc3f8ff000-7fcc3f900000 r--s 00004000 08:07 1189050                    /home/chivu/.gradle/wrapper/dists/gradle-3.3-all/55gk2rcmfc6p2dg9u9ohc3hw9/gradle-3.3/lib/ant-launcher-1.9.6.jar
7fcc3f900000-7fcc3f90d000 r--s 0005c000 08:07 1189014                    /home/chivu/.gradle/wrapper/dists/gradle-3.3-all/55gk2rcmfc6p2dg9u9ohc3hw9/gradle-3.3/lib/gradle-launcher-3.3.jar
7fcc3f90d000-7fcc3f915000 rw-s 00000000 08:07 266261                     /tmp/hsperfdata_chivu/4445
7fcc3f915000-7fcc3f916000 rw-p 00000000 00:00 0 
7fcc3f916000-7fcc3f917000 ---p 00000000 00:00 0 
7fcc3f917000-7fcc3f919000 rw-p 00000000 00:00 0 
7fcc3f919000-7fcc3f91a000 r--p 00025000 08:07 524305                     /lib/x86_64-linux-gnu/ld-2.23.so
7fcc3f91a000-7fcc3f91b000 rw-p 00026000 08:07 524305                     /lib/x86_64-linux-gnu/ld-2.23.so
7fcc3f91b000-7fcc3f91c000 rw-p 00000000 00:00 0 
7fffc57bc000-7fffc57dd000 rw-p 00000000 00:00 0                          [stack]
7fffc57f7000-7fffc57f9000 r--p 00000000 00:00 0                          [vvar]
7fffc57f9000-7fffc57fb000 r-xp 00000000 00:00 0                          [vdso]
ffffffffff600000-ffffffffff601000 r-xp 00000000 00:00 0                  [vsyscall]

VM Arguments:
jvm_args: -Xmx1536m -Dfile.encoding=UTF-8 -Duser.country=IN -Duser.language=en -Duser.variant 
java_command: org.gradle.launcher.daemon.bootstrap.GradleDaemon 3.3
java_class_path (initial): /home/chivu/.gradle/wrapper/dists/gradle-3.3-all/55gk2rcmfc6p2dg9u9ohc3hw9/gradle-3.3/lib/gradle-launcher-3.3.jar
Launcher Type: SUN_STANDARD

Environment Variables:
JAVA_HOME=/usr/lib/jvm/java-8-oracle
PATH=/home/chivu/bin:/home/chivu/.local/bin:/usr/local/sbin:/usr/local/bin:/usr/sbin:/usr/bin:/sbin:/bin:/usr/games:/usr/local/games:/snap/bin:/usr/lib/jvm/java-8-oracle/bin:/usr/lib/jvm/java-8-oracle/db/bin:/usr/lib/jvm/java-8-oracle/jre/bin
LD_LIBRARY_PATH=/home/chivu/Downloads/android-studio-p/bin:
SHELL=/bin/bash
DISPLAY=:0

Signal Handlers:
SIGSEGV: [libjvm.so+0x9e5150], sa_mask[0]=11111111011111111101111111111110, sa_flags=SA_RESTART|SA_SIGINFO
SIGBUS: [libjvm.so+0x9e5150], sa_mask[0]=11111111011111111101111111111110, sa_flags=SA_RESTART|SA_SIGINFO
SIGFPE: [libjvm.so+0x848450], sa_mask[0]=11111111011111111101111111111110, sa_flags=SA_RESTART|SA_SIGINFO
SIGPIPE: [libjvm.so+0x848450], sa_mask[0]=11111111011111111101111111111110, sa_flags=SA_RESTART|SA_SIGINFO
SIGXFSZ: [libjvm.so+0x848450], sa_mask[0]=11111111011111111101111111111110, sa_flags=SA_RESTART|SA_SIGINFO
SIGILL: [libjvm.so+0x848450], sa_mask[0]=11111111011111111101111111111110, sa_flags=SA_RESTART|SA_SIGINFO
SIGUSR1: SIG_DFL, sa_mask[0]=00000000000000000000000000000000, sa_flags=none
SIGUSR2: [libjvm.so+0x848320], sa_mask[0]=00100000000000000000000000000000, sa_flags=SA_RESTART|SA_SIGINFO
SIGHUP: [libjvm.so+0x848510], sa_mask[0]=11111111011111111101111111111110, sa_flags=SA_RESTART|SA_SIGINFO
SIGINT: [libjvm.so+0x848510], sa_mask[0]=11111111011111111101111111111110, sa_flags=SA_RESTART|SA_SIGINFO
SIGTERM: [libjvm.so+0x848510], sa_mask[0]=11111111011111111101111111111110, sa_flags=SA_RESTART|SA_SIGINFO
SIGQUIT: [libjvm.so+0x848510], sa_mask[0]=11111111011111111101111111111110, sa_flags=SA_RESTART|SA_SIGINFO


---------------  S Y S T E M  ---------------

OS:DISTRIB_ID=Ubuntu
DISTRIB_RELEASE=16.04
DISTRIB_CODENAME=xenial
DISTRIB_DESCRIPTION="Ubuntu 16.04.2 LTS"

uname:Linux 4.4.0-83-generic #106-Ubuntu SMP Mon Jun 26 17:54:43 UTC 2017 x86_64
libc:glibc 2.23 NPTL 2.23 
rlimit: STACK 8192k, CORE 0k, NPROC 15360, NOFILE 65536, AS infinity
load average:4.14 2.36 1.99

/proc/meminfo:
MemTotal:        3972820 kB
MemFree:          112556 kB
MemAvailable:      54916 kB
Buffers:            1900 kB
Cached:           272900 kB
SwapCached:          168 kB
Active:          2756688 kB
Inactive:         945628 kB
Active(anon):    2711596 kB
Inactive(anon):   901108 kB
Active(file):      45092 kB
Inactive(file):    44520 kB
Unevictable:         136 kB
Mlocked:             136 kB
SwapTotal:          1020 kB
SwapFree:              0 kB
Dirty:               168 kB
Writeback:             0 kB
AnonPages:       3427716 kB
Mapped:           111876 kB
Shmem:            184984 kB
Slab:              75092 kB
SReclaimable:      40100 kB
SUnreclaim:        34992 kB
KernelStack:        8512 kB
PageTables:        32140 kB
NFS_Unstable:          0 kB
Bounce:                0 kB
WritebackTmp:          0 kB
CommitLimit:     1987428 kB
Committed_AS:    6567420 kB
VmallocTotal:   34359738367 kB
VmallocUsed:           0 kB
VmallocChunk:          0 kB
HardwareCorrupted:     0 kB
AnonHugePages:   1785856 kB
CmaTotal:              0 kB
CmaFree:               0 kB
HugePages_Total:       0
HugePages_Free:        0
HugePages_Rsvd:        0
HugePages_Surp:        0
Hugepagesize:       2048 kB
DirectMap4k:      162560 kB
DirectMap2M:     3958784 kB
DirectMap1G:     1048576 kB


CPU:total 4 (2 cores per cpu, 2 threads per core) family 6 model 69 stepping 1, cmov, cx8, fxsr, mmx, sse, sse2, sse3, ssse3, sse4.1, sse4.2, popcnt, avx, avx2, aes, clmul, erms, lzcnt, ht, tsc, tscinvbit, bmi1, bmi2

/proc/cpuinfo:
processor	: 0
vendor_id	: GenuineIntel
cpu family	: 6
model		: 69
model name	: Intel(R) Core(TM) i3-4030U CPU @ 1.90GHz
stepping	: 1
microcode	: 0x1d
cpu MHz		: 1800.175
cache size	: 3072 KB
physical id	: 0
siblings	: 4
core id		: 0
cpu cores	: 2
apicid		: 0
initial apicid	: 0
fpu		: yes
fpu_exception	: yes
cpuid level	: 13
wp		: yes
flags		: fpu vme de pse tsc msr pae mce cx8 apic sep mtrr pge mca cmov pat pse36 clflush dts acpi mmx fxsr sse sse2 ss ht tm pbe syscall nx pdpe1gb rdtscp lm constant_tsc arch_perfmon pebs bts rep_good nopl xtopology nonstop_tsc aperfmperf eagerfpu pni pclmulqdq dtes64 monitor ds_cpl vmx est tm2 ssse3 sdbg fma cx16 xtpr pdcm pcid sse4_1 sse4_2 x2apic movbe popcnt tsc_deadline_timer aes xsave avx f16c rdrand lahf_lm abm epb tpr_shadow vnmi flexpriority ept vpid fsgsbase tsc_adjust bmi1 avx2 smep bmi2 erms invpcid xsaveopt dtherm arat pln pts
bugs		:
bogomips	: 3791.39
clflush size	: 64
cache_alignment	: 64
address sizes	: 39 bits physical, 48 bits virtual
power management:

processor	: 1
vendor_id	: GenuineIntel
cpu family	: 6
model		: 69
model name	: Intel(R) Core(TM) i3-4030U CPU @ 1.90GHz
stepping	: 1
microcode	: 0x1d
cpu MHz		: 1660.718
cache size	: 3072 KB
physical id	: 0
siblings	: 4
core id		: 0
cpu cores	: 2
apicid		: 1
initial apicid	: 1
fpu		: yes
fpu_exception	: yes
cpuid level	: 13
wp		: yes
flags		: fpu vme de pse tsc msr pae mce cx8 apic sep mtrr pge mca cmov pat pse36 clflush dts acpi mmx fxsr sse sse2 ss ht tm pbe syscall nx pdpe1gb rdtscp lm constant_tsc arch_perfmon pebs bts rep_good nopl xtopology nonstop_tsc aperfmperf eagerfpu pni pclmulqdq dtes64 monitor ds_cpl vmx est tm2 ssse3 sdbg fma cx16 xtpr pdcm pcid sse4_1 sse4_2 x2apic movbe popcnt tsc_deadline_timer aes xsave avx f16c rdrand lahf_lm abm epb tpr_shadow vnmi flexpriority ept vpid fsgsbase tsc_adjust bmi1 avx2 smep bmi2 erms invpcid xsaveopt dtherm arat pln pts
bugs		:
bogomips	: 3791.39
clflush size	: 64
cache_alignment	: 64
address sizes	: 39 bits physical, 48 bits virtual
power management:

processor	: 2
vendor_id	: GenuineIntel
cpu family	: 6
model		: 69
model name	: Intel(R) Core(TM) i3-4030U CPU @ 1.90GHz
stepping	: 1
microcode	: 0x1d
cpu MHz		: 1799.878
cache size	: 3072 KB
physical id	: 0
siblings	: 4
core id		: 1
cpu cores	: 2
apicid		: 2
initial apicid	: 2
fpu		: yes
fpu_exception	: yes
cpuid level	: 13
wp		: yes
flags		: fpu vme de pse tsc msr pae mce cx8 apic sep mtrr pge mca cmov pat pse36 clflush dts acpi mmx fxsr sse sse2 ss ht tm pbe syscall nx pdpe1gb rdtscp lm constant_tsc arch_perfmon pebs bts rep_good nopl xtopology nonstop_tsc aperfmperf eagerfpu pni pclmulqdq dtes64 monitor ds_cpl vmx est tm2 ssse3 sdbg fma cx16 xtpr pdcm pcid sse4_1 sse4_2 x2apic movbe popcnt tsc_deadline_timer aes xsave avx f16c rdrand lahf_lm abm epb tpr_shadow vnmi flexpriority ept vpid fsgsbase tsc_adjust bmi1 avx2 smep bmi2 erms invpcid xsaveopt dtherm arat pln pts
bugs		:
bogomips	: 3791.39
clflush size	: 64
cache_alignment	: 64
address sizes	: 39 bits physical, 48 bits virtual
power management:

processor	: 3
vendor_id	: GenuineIntel
cpu family	: 6
model		: 69
model name	: Intel(R) Core(TM) i3-4030U CPU @ 1.90GHz
stepping	: 1
microcode	: 0x1d
cpu MHz		: 1799.953
cache size	: 3072 KB
physical id	: 0
siblings	: 4
core id		: 1
cpu cores	: 2
apicid		: 3
initial apicid	: 3
fpu		: yes
fpu_exception	: yes
cpuid level	: 13
wp		: yes
flags		: fpu vme de pse tsc msr pae mce cx8 apic sep mtrr pge mca cmov pat pse36 clflush dts acpi mmx fxsr sse sse2 ss ht tm pbe syscall nx pdpe1gb rdtscp lm constant_tsc arch_perfmon pebs bts rep_good nopl xtopology nonstop_tsc aperfmperf eagerfpu pni pclmulqdq dtes64 monitor ds_cpl vmx est tm2 ssse3 sdbg fma cx16 xtpr pdcm pcid sse4_1 sse4_2 x2apic movbe popcnt tsc_deadline_timer aes xsave avx f16c rdrand lahf_lm abm epb tpr_shadow vnmi flexpriority ept vpid fsgsbase tsc_adjust bmi1 avx2 smep bmi2 erms invpcid xsaveopt dtherm arat pln pts
bugs		:
bogomips	: 3791.39
clflush size	: 64
cache_alignment	: 64
address sizes	: 39 bits physical, 48 bits virtual
power management:



Memory: 4k page, physical 3972820k(112556k free), swap 1020k(0k free)

vm_info: OpenJDK 64-Bit Server VM (25.112-b06) for linux-amd64 JRE (1.8.0_112-release-b06), built on Dec  6 2016 12:11:18 by "builder" with gcc 4.8.4

time: Mon Jul 24 13:18:07 2017
elapsed time: 85 seconds (0d 0h 1m 25s)

