#
# There is insufficient memory for the Java Runtime Environment to continue.
# Native memory allocation (mmap) failed to map 216530944 bytes for committing reserved memory.
# Possible reasons:
#   The system is out of physical RAM or swap space
#   In 32 bit mode, the process size limit was hit
# Possible solutions:
#   Reduce memory load on the system
#   Increase physical memory or swap space
#   Check if swap backing store is full
#   Use 64 bit Java on a 64 bit OS
#   Decrease Java heap size (-Xmx/-Xms)
#   Decrease number of Java threads
#   Decrease Java thread stack sizes (-Xss)
#   Set larger code cache with -XX:ReservedCodeCacheSize=
# This output file may be truncated or incomplete.
#
#  Out of Memory Error (os_linux.cpp:2627), pid=3063, tid=0x00007f96b7afa700
#
# JRE version: OpenJDK Runtime Environment (8.0_112-b06) (build 1.8.0_112-release-b06)
# Java VM: OpenJDK 64-Bit Server VM (25.112-b06 mixed mode linux-amd64 compressed oops)
# Failed to write core dump. Core dumps have been disabled. To enable core dumping, try "ulimit -c unlimited" before starting Java again
#

---------------  T H R E A D  ---------------

Current thread (0x00007f96dc077800):  VMThread [stack: 0x00007f96b79fa000,0x00007f96b7afb000] [id=3071]

Stack: [0x00007f96b79fa000,0x00007f96b7afb000],  sp=0x00007f96b7af94d0,  free space=1021k
Native frames: (J=compiled Java code, j=interpreted, Vv=VM code, C=native code)
V  [libjvm.so+0x9e465d]  VMError::report_and_die()+0x15d
V  [libjvm.so+0x4b6ada]  report_vm_out_of_memory(char const*, int, unsigned long, VMErrorType, char const*)+0x8a
V  [libjvm.so+0x84c860]  os::pd_commit_memory(char*, unsigned long, unsigned long, bool)+0xf0
V  [libjvm.so+0x84737f]  os::commit_memory(char*, unsigned long, unsigned long, bool)+0x1f
V  [libjvm.so+0x8bd3db]  PSVirtualSpace::expand_by(unsigned long)+0x5b
V  [libjvm.so+0x8ae1bb]  PSOldGen::expand_by(unsigned long) [clone .part.109]+0x1b
V  [libjvm.so+0x8ae37b]  PSOldGen::expand(unsigned long) [clone .part.111]+0xdb
V  [libjvm.so+0x8aec58]  PSOldGen::resize(unsigned long)+0x188
V  [libjvm.so+0x8b426c]  PSParallelCompact::invoke_no_policy(bool)+0x97c
V  [libjvm.so+0x8bb37d]  PSScavenge::invoke()+0x17d
V  [libjvm.so+0x86fcf3]  ParallelScavengeHeap::failed_mem_allocate(unsigned long)+0x63
V  [libjvm.so+0x9e6124]  VM_ParallelGCFailedAllocation::doit()+0x84
V  [libjvm.so+0x9ea537]  VM_Operation::evaluate()+0x47
V  [libjvm.so+0x9e8ff8]  VMThread::evaluate_operation(VM_Operation*)+0x2c8
V  [libjvm.so+0x9e9479]  VMThread::loop()+0x219
V  [libjvm.so+0x9e98c2]  VMThread::run()+0x72
V  [libjvm.so+0x849c82]  java_start(Thread*)+0xf2

VM_Operation (0x00007f96664e8020): ParallelGCFailedAllocation, mode: safepoint, requested by thread 0x00007f965c05d800


---------------  P R O C E S S  ---------------

Java Threads: ( => current thread )
  0x00007f965c061000 JavaThread "pool-6-thread-4" [_thread_blocked, id=3109, stack(0x00007f9665d1c000,0x00007f9665e1d000)]
  0x00007f965c060000 JavaThread "pool-6-thread-3" [_thread_blocked, id=3108, stack(0x00007f96662e8000,0x00007f96663e9000)]
  0x00007f965c05f000 JavaThread "pool-6-thread-2" [_thread_blocked, id=3107, stack(0x00007f96661e7000,0x00007f96662e8000)]
  0x00007f965c05e800 JavaThread "pool-7-thread-1" [_thread_blocked, id=3106, stack(0x00007f96660e6000,0x00007f96661e7000)]
  0x00007f965c05d800 JavaThread "pool-6-thread-1" [_thread_blocked, id=3105, stack(0x00007f96663e9000,0x00007f96664ea000)]
  0x00007f967c924800 JavaThread "pool-4-thread-1" [_thread_blocked, id=3104, stack(0x00007f96664ea000,0x00007f96665eb000)]
  0x00007f967d2c0800 JavaThread "Cache update executor" [_thread_blocked, id=3096, stack(0x00007f96667eb000,0x00007f96668ec000)]
  0x00007f967c860800 JavaThread "pool-2-thread-1" [_thread_blocked, id=3095, stack(0x00007f96678ff000,0x00007f9667a00000)]
  0x00007f967ce2a800 JavaThread "File lock request listener" [_thread_in_native, id=3094, stack(0x00007f96b417e000,0x00007f96b427f000)]
  0x00007f967cc10800 JavaThread "process reaper" daemon [_thread_blocked, id=3093, stack(0x00007f96b427f000,0x00007f96b42b8000)]
  0x00007f967c007800 JavaThread "Stdin handler" [_thread_blocked, id=3089, stack(0x00007f96b4d66000,0x00007f96b4e67000)]
  0x00007f967c006000 JavaThread "Asynchronous log dispatcher for DefaultDaemonConnection: socket connection from /127.0.0.1:46480 to /127.0.0.1:57340" [_thread_blocked, id=3088, stack(0x00007f96b4e67000,0x00007f96b4f68000)]
  0x00007f968c00d000 JavaThread "Daemon worker" [_thread_blocked, id=3085, stack(0x00007f96b4f68000,0x00007f96b5069000)]
  0x00007f96dcd2a800 JavaThread "pool-1-thread-1" [_thread_blocked, id=3084, stack(0x00007f96b5069000,0x00007f96b516a000)]
  0x00007f968c004000 JavaThread "Cancel handler" [_thread_blocked, id=3083, stack(0x00007f96b516a000,0x00007f96b526b000)]
  0x00007f968c005800 JavaThread "Handler for socket connection from /127.0.0.1:46480 to /127.0.0.1:57340" [_thread_in_native, id=3082, stack(0x00007f96b546b000,0x00007f96b556c000)]
  0x00007f9688019000 JavaThread "Daemon" [_thread_blocked, id=3081, stack(0x00007f96b556c000,0x00007f96b566d000)]
  0x00007f96dccc6000 JavaThread "Incoming local TCP Connector on port 46480" [_thread_in_native, id=3080, stack(0x00007f96b5874000,0x00007f96b5975000)]
  0x00007f96dc0d1800 JavaThread "Service Thread" daemon [_thread_blocked, id=3078, stack(0x00007f96b701b000,0x00007f96b711c000)]
  0x00007f96dc0bc800 JavaThread "C1 CompilerThread2" daemon [_thread_blocked, id=3077, stack(0x00007f96b711c000,0x00007f96b721d000)]
  0x00007f96dc0ba800 JavaThread "C2 CompilerThread1" daemon [_thread_blocked, id=3076, stack(0x00007f96b721d000,0x00007f96b731e000)]
  0x00007f96dc0b7800 JavaThread "C2 CompilerThread0" daemon [_thread_blocked, id=3075, stack(0x00007f96b731e000,0x00007f96b741f000)]
  0x00007f96dc0b6800 JavaThread "Signal Dispatcher" daemon [_thread_blocked, id=3074, stack(0x00007f96b741f000,0x00007f96b7520000)]
  0x00007f96dc083800 JavaThread "Finalizer" daemon [_thread_blocked, id=3073, stack(0x00007f96b77f8000,0x00007f96b78f9000)]
  0x00007f96dc07f000 JavaThread "Reference Handler" daemon [_thread_blocked, id=3072, stack(0x00007f96b78f9000,0x00007f96b79fa000)]
  0x00007f96dc00a000 JavaThread "main" [_thread_blocked, id=3066, stack(0x00007f96e33c1000,0x00007f96e34c2000)]

Other Threads:
=>0x00007f96dc077800 VMThread [stack: 0x00007f96b79fa000,0x00007f96b7afb000] [id=3071]
  0x00007f96dc0d4000 WatcherThread [stack: 0x00007f96b6f1a000,0x00007f96b701b000] [id=3079]

VM state:at safepoint (normal execution)

VM Mutex/Monitor currently owned by a thread:  ([mutex/lock_event])
[0x00007f96dc005df0] ExpandHeap_lock - owner thread: 0x00007f96dc077800
[0x00007f96dc006470] Threads_lock - owner thread: 0x00007f96dc077800
[0x00007f96dc006970] Heap_lock - owner thread: 0x00007f965c05d800

Heap:
 PSYoungGen      total 349696K, used 0K [0x00000000e0000000, 0x0000000100000000, 0x0000000100000000)
  eden space 175104K, 0% used [0x00000000e0000000,0x00000000e0000000,0x00000000eab00000)
  from space 174592K, 0% used [0x00000000f5580000,0x00000000f5580000,0x0000000100000000)
  to   space 174592K, 0% used [0x00000000eab00000,0x00000000eab00000,0x00000000f5580000)
 ParOldGen       total 699392K, used 688813K [0x00000000a0000000, 0x00000000cab00000, 0x00000000e0000000)
  object space 699392K, 98% used [0x00000000a0000000,0x00000000ca0ab4c0,0x00000000cab00000)
 Metaspace       used 55338K, capacity 57192K, committed 57392K, reserved 1099776K
  class space    used 7279K, capacity 7650K, committed 7728K, reserved 1048576K

Card table byte_map: [0x00007f96cccff000,0x00007f96cd000000] byte_map_base: 0x00007f96cc7ff000

Marking Bits: (ParMarkBitMap*) 0x00007f96e288f340
 Begin Bits: [0x00007f96bd000000, 0x00007f96be800000)
 End Bits:   [0x00007f96be800000, 0x00007f96c0000000)

Polling page: 0x00007f96e34e1000

CodeCache: size=245760Kb used=30944Kb max_used=31003Kb free=214815Kb
 bounds [0x00007f96cd000000, 0x00007f96cee70000, 0x00007f96dc000000]
 total_blobs=9183 nmethods=8427 adapters=669
 compilation: enabled

Compilation events (10 events):
Event: 56.891 Thread 0x00007f96dc0bc800 10363       3       com.android.dx.cf.code.Merger::mergeLocals (122 bytes)
Event: 56.894 Thread 0x00007f96dc0bc800 nmethod 10363 0x00007f96cee61110 code [0x00007f96cee613a0, 0x00007f96cee62468]
Event: 56.914 Thread 0x00007f96dc0bc800 10364       2       com.android.dx.cf.code.BytecodeArray$ConstantParserVisitor::visitLocal (5 bytes)
Event: 56.915 Thread 0x00007f96dc0bc800 nmethod 10364 0x00007f96cedda2d0 code [0x00007f96cedda420, 0x00007f96cedda570]
Event: 57.012 Thread 0x00007f96dc0ba800 nmethod 8657 0x00007f96cee5f7d0 code [0x00007f96cee5f9c0, 0x00007f96cee60608]
Event: 57.023 Thread 0x00007f96dc0ba800 10365       4       com.android.dx.rop.cst.CstType::hashCode (8 bytes)
Event: 57.029 Thread 0x00007f96dc0b7800 nmethod 9009 0x00007f96cd6b3390 code [0x00007f96cd6b3580, 0x00007f96cd6b4478]
Event: 57.035 Thread 0x00007f96dc0ba800 nmethod 10365 0x00007f96cd660550 code [0x00007f96cd6606a0, 0x00007f96cd660838]
Event: 57.035 Thread 0x00007f96dc0ba800 10366       4       com.android.dx.dex.file.DexFile::internIfAppropriate (128 bytes)
Event: 57.046 Thread 0x00007f96dc0b7800 10367       4       com.android.dx.ssa.back.FirstFitLocalCombiningAllocator::processPhiInsn (255 bytes)

GC Heap History (10 events):
Event: 53.932 GC heap after
Heap after GC invocations=31 (full 7):
 PSYoungGen      total 367616K, used 36247K [0x00000000e0000000, 0x00000000ff580000, 0x0000000100000000)
  eden space 232960K, 0% used [0x00000000e0000000,0x00000000e0000000,0x00000000ee380000)
  from space 134656K, 26% used [0x00000000f7200000,0x00000000f9565f28,0x00000000ff580000)
  to   space 140288K, 0% used [0x00000000ee380000,0x00000000ee380000,0x00000000f6c80000)
 ParOldGen       total 699392K, used 504636K [0x00000000a0000000, 0x00000000cab00000, 0x00000000e0000000)
  object space 699392K, 72% used [0x00000000a0000000,0x00000000beccf058,0x00000000cab00000)
 Metaspace       used 55328K, capacity 57128K, committed 57392K, reserved 1099776K
  class space    used 7278K, capacity 7650K, committed 7728K, reserved 1048576K
}
Event: 55.013 GC heap before
{Heap before GC invocations=32 (full 7):
 PSYoungGen      total 367616K, used 269207K [0x00000000e0000000, 0x00000000ff580000, 0x0000000100000000)
  eden space 232960K, 100% used [0x00000000e0000000,0x00000000ee380000,0x00000000ee380000)
  from space 134656K, 26% used [0x00000000f7200000,0x00000000f9565f28,0x00000000ff580000)
  to   space 140288K, 0% used [0x00000000ee380000,0x00000000ee380000,0x00000000f6c80000)
 ParOldGen       total 699392K, used 504636K [0x00000000a0000000, 0x00000000cab00000, 0x00000000e0000000)
  object space 699392K, 72% used [0x00000000a0000000,0x00000000beccf058,0x00000000cab00000)
 Metaspace       used 55328K, capacity 57128K, committed 57392K, reserved 1099776K
  class space    used 7278K, capacity 7650K, committed 7728K, reserved 1048576K
Event: 55.159 GC heap after
Heap after GC invocations=32 (full 7):
 PSYoungGen      total 373248K, used 93071K [0x00000000e0000000, 0x0000000100000000, 0x0000000100000000)
  eden space 232960K, 0% used [0x00000000e0000000,0x00000000e0000000,0x00000000ee380000)
  from space 140288K, 66% used [0x00000000ee380000,0x00000000f3e63fc8,0x00000000f6c80000)
  to   space 145920K, 0% used [0x00000000f7180000,0x00000000f7180000,0x0000000100000000)
 ParOldGen       total 699392K, used 504636K [0x00000000a0000000, 0x00000000cab00000, 0x00000000e0000000)
  object space 699392K, 72% used [0x00000000a0000000,0x00000000beccf058,0x00000000cab00000)
 Metaspace       used 55328K, capacity 57128K, committed 57392K, reserved 1099776K
  class space    used 7278K, capacity 7650K, committed 7728K, reserved 1048576K
}
Event: 55.654 GC heap before
{Heap before GC invocations=33 (full 7):
 PSYoungGen      total 373248K, used 326031K [0x00000000e0000000, 0x0000000100000000, 0x0000000100000000)
  eden space 232960K, 100% used [0x00000000e0000000,0x00000000ee380000,0x00000000ee380000)
  from space 140288K, 66% used [0x00000000ee380000,0x00000000f3e63fc8,0x00000000f6c80000)
  to   space 145920K, 0% used [0x00000000f7180000,0x00000000f7180000,0x0000000100000000)
 ParOldGen       total 699392K, used 504636K [0x00000000a0000000, 0x00000000cab00000, 0x00000000e0000000)
  object space 699392K, 72% used [0x00000000a0000000,0x00000000beccf058,0x00000000cab00000)
 Metaspace       used 55338K, capacity 57192K, committed 57392K, reserved 1099776K
  class space    used 7279K, capacity 7650K, committed 7728K, reserved 1048576K
Event: 55.891 GC heap after
Heap after GC invocations=33 (full 7):
 PSYoungGen      total 321024K, used 145892K [0x00000000e0000000, 0x0000000100000000, 0x0000000100000000)
  eden space 175104K, 0% used [0x00000000e0000000,0x00000000e0000000,0x00000000eab00000)
  from space 145920K, 99% used [0x00000000f7180000,0x00000000ffff9320,0x0000000100000000)
  to   space 174592K, 0% used [0x00000000eab00000,0x00000000eab00000,0x00000000f5580000)
 ParOldGen       total 699392K, used 551770K [0x00000000a0000000, 0x00000000cab00000, 0x00000000e0000000)
  object space 699392K, 78% used [0x00000000a0000000,0x00000000c1ad6968,0x00000000cab00000)
 Metaspace       used 55338K, capacity 57192K, committed 57392K, reserved 1099776K
  class space    used 7279K, capacity 7650K, committed 7728K, reserved 1048576K
}
Event: 56.693 GC heap before
{Heap before GC invocations=34 (full 7):
 PSYoungGen      total 321024K, used 320996K [0x00000000e0000000, 0x0000000100000000, 0x0000000100000000)
  eden space 175104K, 100% used [0x00000000e0000000,0x00000000eab00000,0x00000000eab00000)
  from space 145920K, 99% used [0x00000000f7180000,0x00000000ffff9320,0x0000000100000000)
  to   space 174592K, 0% used [0x00000000eab00000,0x00000000eab00000,0x00000000f5580000)
 ParOldGen       total 699392K, used 551770K [0x00000000a0000000, 0x00000000cab00000, 0x00000000e0000000)
  object space 699392K, 78% used [0x00000000a0000000,0x00000000c1ad6968,0x00000000cab00000)
 Metaspace       used 55338K, capacity 57192K, committed 57392K, reserved 1099776K
  class space    used 7279K, capacity 7650K, committed 7728K, reserved 1048576K
Event: 56.856 GC heap after
Heap after GC invocations=34 (full 7):
 PSYoungGen      total 349696K, used 143981K [0x00000000e0000000, 0x0000000100000000, 0x0000000100000000)
  eden space 175104K, 0% used [0x00000000e0000000,0x00000000e0000000,0x00000000eab00000)
  from space 174592K, 82% used [0x00000000eab00000,0x00000000f379b6d8,0x00000000f5580000)
  to   space 174592K, 0% used [0x00000000f5580000,0x00000000f5580000,0x0000000100000000)
 ParOldGen       total 699392K, used 551824K [0x00000000a0000000, 0x00000000cab00000, 0x00000000e0000000)
  object space 699392K, 78% used [0x00000000a0000000,0x00000000c1ae4318,0x00000000cab00000)
 Metaspace       used 55338K, capacity 57192K, committed 57392K, reserved 1099776K
  class space    used 7279K, capacity 7650K, committed 7728K, reserved 1048576K
}
Event: 57.162 GC heap before
{Heap before GC invocations=35 (full 7):
 PSYoungGen      total 349696K, used 319085K [0x00000000e0000000, 0x0000000100000000, 0x0000000100000000)
  eden space 175104K, 100% used [0x00000000e0000000,0x00000000eab00000,0x00000000eab00000)
  from space 174592K, 82% used [0x00000000eab00000,0x00000000f379b6d8,0x00000000f5580000)
  to   space 174592K, 0% used [0x00000000f5580000,0x00000000f5580000,0x0000000100000000)
 ParOldGen       total 699392K, used 551824K [0x00000000a0000000, 0x00000000cab00000, 0x00000000e0000000)
  object space 699392K, 78% used [0x00000000a0000000,0x00000000c1ae4318,0x00000000cab00000)
 Metaspace       used 55338K, capacity 57192K, committed 57392K, reserved 1099776K
  class space    used 7279K, capacity 7650K, committed 7728K, reserved 1048576K
Event: 57.393 GC heap after
Heap after GC invocations=35 (full 7):
 PSYoungGen      total 349696K, used 151062K [0x00000000e0000000, 0x0000000100000000, 0x0000000100000000)
  eden space 175104K, 0% used [0x00000000e0000000,0x00000000e0000000,0x00000000eab00000)
  from space 174592K, 86% used [0x00000000f5580000,0x00000000fe905aa0,0x0000000100000000)
  to   space 174592K, 0% used [0x00000000eab00000,0x00000000eab00000,0x00000000f5580000)
 ParOldGen       total 699392K, used 620045K [0x00000000a0000000, 0x00000000cab00000, 0x00000000e0000000)
  object space 699392K, 88% used [0x00000000a0000000,0x00000000c5d837b8,0x00000000cab00000)
 Metaspace       used 55338K, capacity 57192K, committed 57392K, reserved 1099776K
  class space    used 7279K, capacity 7650K, committed 7728K, reserved 1048576K
}
Event: 57.393 GC heap before
{Heap before GC invocations=36 (full 8):
 PSYoungGen      total 349696K, used 151062K [0x00000000e0000000, 0x0000000100000000, 0x0000000100000000)
  eden space 175104K, 0% used [0x00000000e0000000,0x00000000e0000000,0x00000000eab00000)
  from space 174592K, 86% used [0x00000000f5580000,0x00000000fe905aa0,0x0000000100000000)
  to   space 174592K, 0% used [0x00000000eab00000,0x00000000eab00000,0x00000000f5580000)
 ParOldGen       total 699392K, used 620045K [0x00000000a0000000, 0x00000000cab00000, 0x00000000e0000000)
  object space 699392K, 88% used [0x00000000a0000000,0x00000000c5d837b8,0x00000000cab00000)
 Metaspace       used 55338K, capacity 57192K, committed 57392K, reserved 1099776K
  class space    used 7279K, capacity 7650K, committed 7728K, reserved 1048576K

Deoptimization events (10 events):
Event: 55.941 Thread 0x00007f967c924800 Uncommon trap: reason=class_check action=maybe_recompile pc=0x00007f96ce8ded18 method=com.android.dx.ssa.back.InterferenceGraph.mergeInterferenceSet(ILcom/android/dx/util/IntSet;)V @ 20
Event: 55.941 Thread 0x00007f967c924800 Uncommon trap: reason=class_check action=maybe_recompile pc=0x00007f96ce5c3ae8 method=com.android.dx.util.BitIntSet.merge(Lcom/android/dx/util/IntSet;)V @ 1
Event: 55.948 Thread 0x00007f967c924800 Uncommon trap: reason=class_check action=maybe_recompile pc=0x00007f96ce8ded18 method=com.android.dx.ssa.back.InterferenceGraph.mergeInterferenceSet(ILcom/android/dx/util/IntSet;)V @ 20
Event: 55.948 Thread 0x00007f967c924800 Uncommon trap: reason=class_check action=maybe_recompile pc=0x00007f96ce5c3ae8 method=com.android.dx.util.BitIntSet.merge(Lcom/android/dx/util/IntSet;)V @ 1
Event: 55.966 Thread 0x00007f965c061000 Uncommon trap: reason=class_check action=maybe_recompile pc=0x00007f96cec75cb8 method=com.android.dx.ssa.back.InterferenceGraph.mergeInterferenceSet(ILcom/android/dx/util/IntSet;)V @ 20
Event: 56.458 Thread 0x00007f967c924800 Uncommon trap: reason=bimorphic action=maybe_recompile pc=0x00007f96cee58f1c method=com.android.dx.cf.code.Merger.mergeType(Lcom/android/dx/rop/type/TypeBearer;Lcom/android/dx/rop/type/TypeBearer;)Lcom/android/dx/rop/type/TypeBearer; @ 21
Event: 56.477 Thread 0x00007f967c924800 Uncommon trap: reason=bimorphic action=maybe_recompile pc=0x00007f96cee58f1c method=com.android.dx.cf.code.Merger.mergeType(Lcom/android/dx/rop/type/TypeBearer;Lcom/android/dx/rop/type/TypeBearer;)Lcom/android/dx/rop/type/TypeBearer; @ 21
Event: 56.477 Thread 0x00007f967c924800 Uncommon trap: reason=bimorphic action=maybe_recompile pc=0x00007f96cee58f1c method=com.android.dx.cf.code.Merger.mergeType(Lcom/android/dx/rop/type/TypeBearer;Lcom/android/dx/rop/type/TypeBearer;)Lcom/android/dx/rop/type/TypeBearer; @ 21
Event: 56.478 Thread 0x00007f967c924800 Uncommon trap: reason=bimorphic action=maybe_recompile pc=0x00007f96cee58f1c method=com.android.dx.cf.code.Merger.mergeType(Lcom/android/dx/rop/type/TypeBearer;Lcom/android/dx/rop/type/TypeBearer;)Lcom/android/dx/rop/type/TypeBearer; @ 21
Event: 56.883 Thread 0x00007f967c924800 Uncommon trap: reason=unstable_if action=reinterpret pc=0x00007f96cee5b2a4 method=com.android.dx.cf.code.Merger.mergeType(Lcom/android/dx/rop/type/TypeBearer;Lcom/android/dx/rop/type/TypeBearer;)Lcom/android/dx/rop/type/TypeBearer; @ 77

Internal exceptions (10 events):
Event: 19.089 Thread 0x00007f968c00d000 Exception <a 'java/lang/NoSuchMethodError': <clinit>> (0x00000000e753fac0) thrown at [/ssd/Android/AOSP-openjdk/external/jetbrains/jdk/hotspot/src/share/vm/prims/jni.cpp, line 1613]
Event: 19.089 Thread 0x00007f968c00d000 Exception <a 'java/lang/NoSuchMethodError': <clinit>> (0x00000000e7541740) thrown at [/ssd/Android/AOSP-openjdk/external/jetbrains/jdk/hotspot/src/share/vm/prims/jni.cpp, line 1613]
Event: 20.377 Thread 0x00007f968c00d000 Implicit null exception at 0x00007f96cd467dcd to 0x00007f96cd468a25
Event: 22.513 Thread 0x00007f968c00d000 Exception <a 'java/lang/NoSuchMethodError': java.lang.Object.lambda$negate$1(Ljava/lang/Object;)Z> (0x00000000e32f0a00) thrown at [/ssd/Android/AOSP-openjdk/external/jetbrains/jdk/hotspot/src/share/vm/interpreter/linkResolver.cpp, line 582]
Event: 28.237 Thread 0x00007f967c924800 Implicit null exception at 0x00007f96cdb1713e to 0x00007f96cdb18069
Event: 28.387 Thread 0x00007f965c061000 Implicit null exception at 0x00007f96ce211922 to 0x00007f96ce211a1b
Event: 28.823 Thread 0x00007f967c924800 Implicit null exception at 0x00007f96ce1fbdcd to 0x00007f96ce1fbfa9
Event: 32.166 Thread 0x00007f965c061000 Implicit null exception at 0x00007f96ce980744 to 0x00007f96ce980c99
Event: 38.749 Thread 0x00007f967c924800 Implicit null exception at 0x00007f96cd3848fc to 0x00007f96cd384f49
Event: 49.476 Thread 0x00007f965c05f000 Implicit null exception at 0x00007f96ce6e788f to 0x00007f96ce6e8449

Events (10 events):
Event: 56.916 Thread 0x00007f96dc0bc800 flushing nmethod 0x00007f96cd90e550
Event: 56.929 Thread 0x00007f967c924800 DEOPT PACKING pc=0x00007f96cead85b6 sp=0x00007f96665e8640
Event: 56.929 Thread 0x00007f967c924800 DEOPT UNPACKING pc=0x00007f96cd047373 sp=0x00007f96665e8490 mode 0
Event: 57.022 Thread 0x00007f96dc0ba800 flushing nmethod 0x00007f96cda2a610
Event: 57.029 Thread 0x00007f96dc0b7800 flushing nmethod 0x00007f96cdb2c590
Event: 57.101 Thread 0x00007f965c061000 DEOPT PACKING pc=0x00007f96cead85cd sp=0x00007f9665e1b0e0
Event: 57.101 Thread 0x00007f965c061000 DEOPT UNPACKING pc=0x00007f96cd047373 sp=0x00007f9665e1af30 mode 0
Event: 57.128 Thread 0x00007f965c060000 DEOPT PACKING pc=0x00007f96cead85cd sp=0x00007f96663e70e0
Event: 57.128 Thread 0x00007f965c060000 DEOPT UNPACKING pc=0x00007f96cd047373 sp=0x00007f96663e6f30 mode 0
Event: 57.158 Executing VM operation: ParallelGCFailedAllocation


Dynamic libraries:
00400000-00401000 r-xp 00000000 08:07 1201464                            /home/chivu/Downloads/android-studio-p/jre/bin/java
00600000-00601000 r--p 00000000 08:07 1201464                            /home/chivu/Downloads/android-studio-p/jre/bin/java
00601000-00602000 rw-p 00001000 08:07 1201464                            /home/chivu/Downloads/android-studio-p/jre/bin/java
0117e000-011e3000 rw-p 00000000 00:00 0                                  [heap]
a0000000-cab00000 rw-p 00000000 00:00 0 
d7980000-e0000000 ---p 00000000 00:00 0 
e0000000-100000000 rw-p 00000000 00:00 0 
100000000-10078c000 rw-p 00000000 00:00 0 
10078c000-140000000 ---p 00000000 00:00 0 
7f9648000000-7f9648038000 rw-p 00000000 00:00 0 
7f9648038000-7f964c000000 ---p 00000000 00:00 0 
7f964c000000-7f964c021000 rw-p 00000000 00:00 0 
7f964c021000-7f9650000000 ---p 00000000 00:00 0 
7f9650000000-7f9650044000 rw-p 00000000 00:00 0 
7f9650044000-7f9654000000 ---p 00000000 00:00 0 
7f9654000000-7f965402e000 rw-p 00000000 00:00 0 
7f965402e000-7f9658000000 ---p 00000000 00:00 0 
7f9658000000-7f965803e000 rw-p 00000000 00:00 0 
7f965803e000-7f965c000000 ---p 00000000 00:00 0 
7f965c000000-7f965c1ec000 rw-p 00000000 00:00 0 
7f965c1ec000-7f9660000000 ---p 00000000 00:00 0 
7f9660000000-7f9660021000 rw-p 00000000 00:00 0 
7f9660021000-7f9664000000 ---p 00000000 00:00 0 
7f9665b1c000-7f9665b9c000 rw-p 00000000 00:00 0 
7f9665b9c000-7f9665d1c000 ---p 00000000 00:00 0 
7f9665d1c000-7f9665d1f000 ---p 00000000 00:00 0 
7f9665d1f000-7f9665e1d000 rw-p 00000000 00:00 0 
7f9665e1d000-7f9665ee6000 r--s 008fd000 08:07 1200109                    /home/chivu/Desktop/newsApp/app/build/intermediates/transforms/jarMerging/debug/jars/1/1f/combined.jar
7f9665ee6000-7f96660e6000 rw-p 00000000 00:00 0 
7f96660e6000-7f96660e9000 ---p 00000000 00:00 0 
7f96660e9000-7f96661e7000 rw-p 00000000 00:00 0 
7f96661e7000-7f96661ea000 ---p 00000000 00:00 0 
7f96661ea000-7f96662e8000 rw-p 00000000 00:00 0 
7f96662e8000-7f96662eb000 ---p 00000000 00:00 0 
7f96662eb000-7f96663e9000 rw-p 00000000 00:00 0 
7f96663e9000-7f96663ec000 ---p 00000000 00:00 0 
7f96663ec000-7f96664ea000 rw-p 00000000 00:00 0 
7f96664ea000-7f96664ed000 ---p 00000000 00:00 0 
7f96664ed000-7f96667eb000 rw-p 00000000 00:00 0 
7f96667eb000-7f96667ee000 ---p 00000000 00:00 0 
7f96667ee000-7f9666aec000 rw-p 00000000 00:00 0 
7f9666aec000-7f9666cec000 rw-p 00000000 00:00 0 
7f9666cec000-7f9666eec000 rw-p 00000000 00:00 0 
7f9666eec000-7f96670ec000 rw-p 00000000 00:00 0 
7f96670ec000-7f96670ff000 r--s 00344000 08:07 1201558                    /home/chivu/Downloads/android-studio-p/jre/jre/lib/resources.jar
7f96670ff000-7f96672ff000 rw-p 00000000 00:00 0 
7f96672ff000-7f96674ff000 rw-p 00000000 00:00 0 
7f96674ff000-7f96676ff000 rw-p 00000000 00:00 0 
7f96676ff000-7f96678ff000 rw-p 00000000 00:00 0 
7f96678ff000-7f9667902000 ---p 00000000 00:00 0 
7f9667902000-7f9667c00000 rw-p 00000000 00:00 0 
7f9667c00000-7f9667e00000 rw-p 00000000 00:00 0 
7f9667e00000-7f9668000000 rw-p 00000000 00:00 0 
7f9668000000-7f9668021000 rw-p 00000000 00:00 0 
7f9668021000-7f966c000000 ---p 00000000 00:00 0 
7f966c000000-7f966c021000 rw-p 00000000 00:00 0 
7f966c021000-7f9670000000 ---p 00000000 00:00 0 
7f9670000000-7f9670021000 rw-p 00000000 00:00 0 
7f9670021000-7f9674000000 ---p 00000000 00:00 0 
7f9674000000-7f9674021000 rw-p 00000000 00:00 0 
7f9674021000-7f9678000000 ---p 00000000 00:00 0 
7f9678000000-7f9678021000 rw-p 00000000 00:00 0 
7f9678021000-7f967c000000 ---p 00000000 00:00 0 
7f967c000000-7f967d331000 rw-p 00000000 00:00 0 
7f967d331000-7f9680000000 ---p 00000000 00:00 0 
7f9680000000-7f9680021000 rw-p 00000000 00:00 0 
7f9680021000-7f9684000000 ---p 00000000 00:00 0 
7f9684000000-7f9684021000 rw-p 00000000 00:00 0 
7f9684021000-7f9688000000 ---p 00000000 00:00 0 
7f9688000000-7f9688073000 rw-p 00000000 00:00 0 
7f9688073000-7f968c000000 ---p 00000000 00:00 0 
7f968c000000-7f968c021000 rw-p 00000000 00:00 0 
7f968c021000-7f9690000000 ---p 00000000 00:00 0 
7f9690000000-7f9690021000 rw-p 00000000 00:00 0 
7f9690021000-7f9694000000 ---p 00000000 00:00 0 
7f9694000000-7f9694021000 rw-p 00000000 00:00 0 
7f9694021000-7f9698000000 ---p 00000000 00:00 0 
7f9698000000-7f969a05d000 rw-p 00000000 00:00 0 
7f969a05d000-7f969c000000 ---p 00000000 00:00 0 
7f969c000000-7f969cfad000 rw-p 00000000 00:00 0 
7f969cfad000-7f96a0000000 ---p 00000000 00:00 0 
7f96a0000000-7f96a0021000 rw-p 00000000 00:00 0 
7f96a0021000-7f96a4000000 ---p 00000000 00:00 0 
7f96a4000000-7f96a60f9000 rw-p 00000000 00:00 0 
7f96a60f9000-7f96a8000000 ---p 00000000 00:00 0 
7f96a8000000-7f96a8021000 rw-p 00000000 00:00 0 
7f96a8021000-7f96ac000000 ---p 00000000 00:00 0 
7f96ac000000-7f96ac021000 rw-p 00000000 00:00 0 
7f96ac021000-7f96b0000000 ---p 00000000 00:00 0 
7f96b0000000-7f96b0370000 rw-p 00000000 00:00 0 
7f96b0370000-7f96b4000000 ---p 00000000 00:00 0 
7f96b4008000-7f96b4009000 r--s 00001000 08:07 1094992                    /home/chivu/.gradle/caches/jars-2/cmhx5eetujk7j30d3nllwxyrlnugzjw/annotations-25.3.3.jar
7f96b4009000-7f96b4011000 r--s 000a8000 08:07 932893                     /home/chivu/.gradle/caches/jars-2/lp0h431tl0554nh1vx6zomcvteflkp/lombok-ast-0.2.3.jar
7f96b4011000-7f96b4025000 r--s 000b4000 08:07 139376                     /home/chivu/.gradle/caches/jars-2/hgvw6szzawm3evod5l2d6iutfug31w0/uast-162.2228.14.jar
7f96b4025000-7f96b4027000 r--s 0000d000 08:07 932889                     /home/chivu/.gradle/caches/jars-2/7pwz1bowgakb1eux9ezb56jlturgsyi/commons-codec-1.4.jar
7f96b4027000-7f96b4029000 r--s 0000d000 08:07 932887                     /home/chivu/.gradle/caches/jars-2/9dj1m0eyooi5qt13735vz8fpkl3cnfy/commons-logging-1.1.1.jar
7f96b4029000-7f96b402e000 r--s 00028000 08:07 932885                     /home/chivu/.gradle/caches/jars-2/62lv0fe9b3xbqe57f6ljy5upwi7mf6k/httpcore-4.1.jar
7f96b402e000-7f96b4032000 r--s 0002f000 08:07 932883                     /home/chivu/.gradle/caches/jars-2/gsg5n52frsvw6sx0swqqe2hwijwdcf0/jimfs-1.1.jar
7f96b4032000-7f96b4033000 r--s 00004000 08:07 932881                     /home/chivu/.gradle/caches/jars-2/lxs252id0979odjrerlctkb26c2vj95/annotations-12.0.jar
7f96b4033000-7f96b4034000 r--s 00004000 08:07 932879                     /home/chivu/.gradle/caches/jars-2/9kn99dr0rulyl67sct1ephwcop56l61/asm-analysis-5.0.4.jar
7f96b4034000-7f96b4038000 r--s 00040000 08:07 1094991                    /home/chivu/.gradle/caches/jars-2/ccvn7yglm4blceovs70fngoac1eyn4f/lint-api-25.3.3.jar
7f96b4038000-7f96b4039000 r--s 0000a000 08:07 932875                     /home/chivu/.gradle/caches/jars-2/nwyg9io65lv6jvmwit2wq82xnnxd7ia/kxml2-2.3.0.jar
7f96b4039000-7f96b403b000 r--s 00005000 08:07 932873                     /home/chivu/.gradle/caches/jars-2/i6hc1uuj8e9ck59slmzdyz78ydn8sr6/httpmime-4.1.jar
7f96b403b000-7f96b4043000 r--s 0004e000 08:07 932871                     /home/chivu/.gradle/caches/jars-2/7503wa5irssz0xxahv1xb82p2dl7rr2/httpclient-4.1.1.jar
7f96b4043000-7f96b404a000 r--s 00053000 08:07 932869                     /home/chivu/.gradle/caches/jars-2/jgkfvs4eqggj7qsyw1f5d3up57hanj1/commons-compress-1.8.1.jar
7f96b404a000-7f96b404f000 r--s 0002a000 08:07 932867                     /home/chivu/.gradle/caches/jars-2/je8f027qcr1z1egw08byp1ybxbp9kko/gson-2.2.4.jar
7f96b404f000-7f96b4054000 r--s 0002e000 08:07 1094990                    /home/chivu/.gradle/caches/jars-2/s427p2wh0tfza0xa8qijgx107eeevyl/repository-25.3.3.jar
7f96b4054000-7f96b4056000 r--s 00006000 08:07 1094989                    /home/chivu/.gradle/caches/jars-2/e2s952s6co8tps89l80r4riixwqo2oe/dvlib-25.3.3.jar
7f96b4056000-7f96b4058000 r--s 00013000 08:07 1094883                    /home/chivu/.gradle/caches/jars-2/s02k517nvrh8cbp2c8dz4slqska6dj9/layoutlib-api-25.3.3.jar
7f96b4058000-7f96b405d000 r--s 00058000 08:07 932859                     /home/chivu/.gradle/caches/jars-2/st159835qgxm0l87oqrnhayxos4lc1n/asm-debug-all-5.0.1.jar
7f96b405d000-7f96b406d000 r--s 000d5000 08:07 932857                     /home/chivu/.gradle/caches/jars-2/qzf32gp9kej4w4hlbabft6tplu74cj3/proguard-base-5.3.2.jar
7f96b406d000-7f96b4070000 r--s 00033000 08:07 932855                     /home/chivu/.gradle/caches/jars-2/nz9sndmr8b4xbj4xulkaciy5kdbyfiz/juniversalchardet-1.0.3.jar
7f96b4070000-7f96b4074000 r--s 0002a000 08:07 932853                     /home/chivu/.gradle/caches/jars-2/krbpn9xjn1qymukyx8cc5l799ty1v3h/commons-io-2.4.jar
7f96b4074000-7f96b408b000 r--s 00154000 08:07 932851                     /home/chivu/.gradle/caches/jars-2/sfeivjswzitn6n0fnjx3ueszz8gv8o1/antlr4-4.5.3.jar
7f96b408b000-7f96b408d000 r--s 00002000 08:07 1094881                    /home/chivu/.gradle/caches/jars-2/rh2ip1x2zziz26tr3qzudtz088pqsb2/baseLibrary-2.3.3.jar
7f96b408d000-7f96b40b8000 r--s 001fc000 08:07 932847                     /home/chivu/.gradle/caches/jars-2/nxjrjftly2xksl8o0wqgivu5netfu2x/guava-18.0.jar
7f96b40b8000-7f96b40cb000 r--s 00241000 08:07 932845                     /home/chivu/.gradle/caches/jars-2/9yuekvg4qerfitq3xec0iyckuw3hwaq/ecj-4.6.1.jar
7f96b40cb000-7f96b40d2000 r--s 000d9000 08:07 1094862                    /home/chivu/.gradle/caches/jars-2/ak89aa8liqmr44u7r08njntn6oehe0z/lint-checks-25.3.3.jar
7f96b40d2000-7f96b40d4000 r--s 00006000 08:07 932841                     /home/chivu/.gradle/caches/jars-2/6phgj9ki3jl3p5epzkqoo8pr6kur40b/asm-tree-5.0.4.jar
7f96b40d4000-7f96b4107000 r--s 00203000 08:07 932839                     /home/chivu/.gradle/caches/jars-2/hj0bfvxu9cq7hkwmecvp0kg137or3hh/bcprov-jdk15on-1.48.jar
7f96b4107000-7f96b4115000 r--s 00081000 08:07 932837                     /home/chivu/.gradle/caches/jars-2/4r7xli0tz94y0wfjrdyjxlxar3g1pb9/bcpkix-jdk15on-1.48.jar
7f96b4115000-7f96b4117000 r--s 00002000 08:07 932835                     /home/chivu/.gradle/caches/jars-2/f32bh5uivuf69ecz2j8hl96ksnqdh7v/javawriter-2.5.0.jar
7f96b4117000-7f96b4119000 r--s 00004000 08:07 1094861                    /home/chivu/.gradle/caches/jars-2/j6s1upogkwo00sygdsekzj4fx0i75uy/tracker-25.3.3.jar
7f96b4119000-7f96b411a000 r--s 00005000 08:07 1094860                    /home/chivu/.gradle/caches/jars-2/4svya0t1s9wyo35ycd3atidsaoo6w7e/shared-25.3.3.jar
7f96b411a000-7f96b4128000 r--s 00147000 08:07 1094859                    /home/chivu/.gradle/caches/jars-2/qx6695c5ocd9swxv7wqtxor3plyb4b7/protos-25.3.3.jar
7f96b4128000-7f96b4129000 r--s 00001000 08:07 139356                     /home/chivu/.gradle/caches/jars-2/bqo69msswbvaagsh45hf1tq02v21sml/jill-api-0.10.0.jar
7f96b4129000-7f96b412b000 r--s 00003000 08:07 139354                     /home/chivu/.gradle/caches/jars-2/7pldadygbci34ql8thws797g29k1uhh/jack-api-0.13.0.jar
7f96b412b000-7f96b4131000 r--s 0004a000 08:07 1094853                    /home/chivu/.gradle/caches/jars-2/euoqfzf5y1sibp9ul8mcz0wovj380eo/ddmlib-25.3.3.jar
7f96b4131000-7f96b4134000 r--s 00022000 08:07 1094848                    /home/chivu/.gradle/caches/jars-2/a81bg2yxzmumashablwecaj0ksz6tmj/manifest-merger-25.3.3.jar
7f96b4134000-7f96b4137000 r--s 0001c000 08:07 1094847                    /home/chivu/.gradle/caches/jars-2/l6cnyee1vojrkkbpp6qwgpf30shmrja/common-25.3.3.jar
7f96b4137000-7f96b4140000 r--s 00089000 08:07 1094417                    /home/chivu/.gradle/caches/jars-2/m0t6h8af70sdgxvkj522jy01i14mnb8/sdk-common-25.3.3.jar
7f96b4140000-7f96b414a000 r--s 00098000 08:07 1094415                    /home/chivu/.gradle/caches/jars-2/28c9ykhc782k8jmlrnbnccai34hziki/sdklib-25.3.3.jar
7f96b414a000-7f96b414d000 r--s 00006000 08:07 1094385                    /home/chivu/.gradle/caches/jars-2/omk02asobup8sgd6qxom3ej5bg94z2r/builder-model-2.3.3.jar
7f96b414d000-7f96b415c000 r--s 00130000 08:07 932809                     /home/chivu/.gradle/caches/jars-2/cr6zkqpx14lor9zdtmo49qpc7y8r8p4/protobuf-java-3.0.0.jar
7f96b415c000-7f96b415e000 r--s 0000f000 08:07 932807                     /home/chivu/.gradle/caches/jars-2/rvfyugrlu5tbpz51p98og0qsxamjq4k/jopt-simple-4.9.jar
7f96b415e000-7f96b4162000 r--s 0001f000 08:07 932805                     /home/chivu/.gradle/caches/jars-2/nq3fzqkrrm37ob61z4iu5qdbh368uat/org.jacoco.report-0.7.5.201505241946.jar
7f96b4162000-7f96b4166000 r--s 0001d000 08:07 932803                     /home/chivu/.gradle/caches/jars-2/3kxkmcckmk40ron92zhbm0qjo9l4bkl/org.jacoco.core-0.7.5.201505241946.jar
7f96b4166000-7f96b4168000 r--s 00002000 08:07 932801                     /home/chivu/.gradle/caches/jars-2/m4m0pzb4gmaeh0in5g2xc4bxeuwt828/proguard-gradle-5.3.2.jar
7f96b4168000-7f96b417e000 r--s 00163000 08:07 1094347                    /home/chivu/.gradle/caches/jars-2/nyg71b5n2lzymmwh5vbtmvjiby07k4g/builder-2.3.3.jar
7f96b417e000-7f96b4181000 ---p 00000000 00:00 0 
7f96b4181000-7f96b427f000 rw-p 00000000 00:00 0 
7f96b427f000-7f96b4282000 ---p 00000000 00:00 0 
7f96b4282000-7f96b44b8000 rw-p 00000000 00:00 0 
7f96b44b8000-7f96b46b8000 rw-p 00000000 00:00 0 
7f96b46b8000-7f96b48b8000 rw-p 00000000 00:00 0 
7f96b48b8000-7f96b48b9000 r--s 00002000 08:07 1094389                    /home/chivu/.gradle/caches/jars-2/4dod7a1p5hoai4v37pxbcg65bbahvg2/builder-test-api-2.3.3.jar
7f96b48b9000-7f96b48bb000 r--s 00009000 08:07 932799                     /home/chivu/.gradle/caches/jars-2/ajvcvdu66lc9e3tvvipxtuq48i9bbkc/asm-commons-5.0.4.jar
7f96b48bb000-7f96b48bd000 r--s 0000c000 08:07 932797                     /home/chivu/.gradle/caches/jars-2/1laz1ygmxoc408r7nwqs1q8uk8r236d/asm-5.0.4.jar
7f96b48bd000-7f96b48c2000 r--s 0002c000 08:07 1094383                    /home/chivu/.gradle/caches/jars-2/3mlasgi8oo9o7oa12526198jui9zmp2/compilerCommon-2.3.3.jar
7f96b48c2000-7f96b48c3000 r--s 00002000 08:07 1094379                    /home/chivu/.gradle/caches/jars-2/73l309uzm0ila7rdaaxteq0ng4ayf2y/gradle-api-2.3.3.jar
7f96b48c3000-7f96b48c4000 r--s 00000000 08:07 139334                     /home/chivu/.gradle/caches/jars-2/tlyajppf8woug00g686fx5mchf8iv3o/transform-api-2.0.0-deprecated-use-gradle-api.jar
7f96b48c4000-7f96b48c9000 r--s 0005e000 08:07 1094349                    /home/chivu/.gradle/caches/jars-2/k2xtosjt0in0zj7mpwvctw6iznt93uh/lint-25.3.3.jar
7f96b48c9000-7f96b48e8000 r--s 001ca000 08:07 1094310                    /home/chivu/.gradle/caches/jars-2/5fwyvjq1ai8mdh1mluqxidj1wo7rls8/gradle-core-2.3.3.jar
7f96b48e8000-7f96b48ea000 r--s 00007000 08:07 266240                     /home/chivu/.gradle/caches/modules-2/files-2.1/com.google.gms/google-services/3.1.0/166ae4e6acd03b7bbebe221ffa54bc039fece1b9/google-services-3.1.0.jar
7f96b48ea000-7f96b48ec000 r--s 0000d000 08:07 1094266                    /home/chivu/.gradle/caches/jars-2/mel54vauze7hczg2p6nebauqz8s53sj/gradle-2.3.3.jar
7f96b48ec000-7f96b48ed000 r--p 00000000 00:00 0 
7f96b48ed000-7f96b4aed000 rw-p 00000000 00:00 0 
7f96b4aed000-7f96b4b66000 r--s 010ed000 08:07 1201473                    /home/chivu/Downloads/android-studio-p/jre/lib/tools.jar
7f96b4b66000-7f96b4d66000 rw-p 00000000 00:00 0 
7f96b4d66000-7f96b4d69000 ---p 00000000 00:00 0 
7f96b4d69000-7f96b4e67000 rw-p 00000000 00:00 0 
7f96b4e67000-7f96b4e6a000 ---p 00000000 00:00 0 
7f96b4e6a000-7f96b4f68000 rw-p 00000000 00:00 0 
7f96b4f68000-7f96b4f6b000 ---p 00000000 00:00 0 
7f96b4f6b000-7f96b5069000 rw-p 00000000 00:00 0 
7f96b5069000-7f96b506c000 ---p 00000000 00:00 0 
7f96b506c000-7f96b516a000 rw-p 00000000 00:00 0 
7f96b516a000-7f96b516d000 ---p 00000000 00:00 0 
7f96b516d000-7f96b546b000 rw-p 00000000 00:00 0 
7f96b546b000-7f96b546e000 ---p 00000000 00:00 0 
7f96b546e000-7f96b556c000 rw-p 00000000 00:00 0 
7f96b556c000-7f96b556f000 ---p 00000000 00:00 0 
7f96b556f000-7f96b566d000 rw-p 00000000 00:00 0 
7f96b566d000-7f96b5674000 r--s 00000000 08:07 1590595                    /usr/lib/x86_64-linux-gnu/gconv/gconv-modules.cache
7f96b5674000-7f96b5874000 rw-p 00000000 00:00 0 
7f96b5874000-7f96b5877000 ---p 00000000 00:00 0 
7f96b5877000-7f96b5975000 rw-p 00000000 00:00 0 
7f96b5975000-7f96b597e000 r-xp 00000000 08:07 1201548                    /home/chivu/Downloads/android-studio-p/jre/jre/lib/amd64/libmanagement.so
7f96b597e000-7f96b5b7d000 ---p 00009000 08:07 1201548                    /home/chivu/Downloads/android-studio-p/jre/jre/lib/amd64/libmanagement.so
7f96b5b7d000-7f96b5b7e000 r--p 00008000 08:07 1201548                    /home/chivu/Downloads/android-studio-p/jre/jre/lib/amd64/libmanagement.so
7f96b5b7e000-7f96b5b7f000 rw-p 00009000 08:07 1201548                    /home/chivu/Downloads/android-studio-p/jre/jre/lib/amd64/libmanagement.so
7f96b5b7f000-7f96b5b84000 r--s 00098000 08:07 1201512                    /home/chivu/Downloads/android-studio-p/jre/jre/lib/jsse.jar
7f96b5b84000-7f96b5b86000 r--s 00007000 08:07 1189108                    /home/chivu/.gradle/wrapper/dists/gradle-3.3-all/55gk2rcmfc6p2dg9u9ohc3hw9/gradle-3.3/lib/plugins/gradle-tooling-api-builders-3.3.jar
7f96b5b86000-7f96b5b89000 r--s 00009000 08:07 1189101                    /home/chivu/.gradle/wrapper/dists/gradle-3.3-all/55gk2rcmfc6p2dg9u9ohc3hw9/gradle-3.3/lib/plugins/gradle-testing-native-3.3.jar
7f96b5b89000-7f96b5b8f000 r--s 00033000 08:07 1189176                    /home/chivu/.gradle/wrapper/dists/gradle-3.3-all/55gk2rcmfc6p2dg9u9ohc3hw9/gradle-3.3/lib/plugins/snakeyaml-1.6.jar
7f96b5b8f000-7f96b5b91000 r--s 00006000 08:07 1189175                    /home/chivu/.gradle/wrapper/dists/gradle-3.3-all/55gk2rcmfc6p2dg9u9ohc3hw9/gradle-3.3/lib/plugins/jcommander-1.12.jar
7f96b5b91000-7f96b5b96000 r--s 00040000 08:07 1189174                    /home/chivu/.gradle/wrapper/dists/gradle-3.3-all/55gk2rcmfc6p2dg9u9ohc3hw9/gradle-3.3/lib/plugins/bsh-2.0b4.jar
7f96b5b96000-7f96b5b98000 r--s 00009000 08:07 1189182                    /home/chivu/.gradle/wrapper/dists/gradle-3.3-all/55gk2rcmfc6p2dg9u9ohc3hw9/gradle-3.3/lib/plugins/hamcrest-core-1.3.jar
7f96b5b98000-7f96b5ba1000 r--s 00089000 08:07 1189133                    /home/chivu/.gradle/wrapper/dists/gradle-3.3-all/55gk2rcmfc6p2dg9u9ohc3hw9/gradle-3.3/lib/plugins/testng-6.3.1.jar
7f96b5ba1000-7f96b5ba9000 r--s 00045000 08:07 1189132                    /home/chivu/.gradle/wrapper/dists/gradle-3.3-all/55gk2rcmfc6p2dg9u9ohc3hw9/gradle-3.3/lib/plugins/junit-4.12.jar
7f96b5ba9000-7f96b5baf000 r--s 0002e000 08:07 1189102                    /home/chivu/.gradle/wrapper/dists/gradle-3.3-all/55gk2rcmfc6p2dg9u9ohc3hw9/gradle-3.3/lib/plugins/gradle-testing-jvm-3.3.jar
7f96b5baf000-7f96b5bb3000 r--s 00016000 08:07 1189100                    /home/chivu/.gradle/wrapper/dists/gradle-3.3-all/55gk2rcmfc6p2dg9u9ohc3hw9/gradle-3.3/lib/plugins/gradle-testing-base-3.3.jar
7f96b5bb3000-7f96b5bba000 r--s 00038000 08:07 1189127                    /home/chivu/.gradle/wrapper/dists/gradle-3.3-all/55gk2rcmfc6p2dg9u9ohc3hw9/gradle-3.3/lib/plugins/bcpg-jdk15on-1.51.jar
7f96b5bba000-7f96b5bbc000 r--s 0000c000 08:07 1189079                    /home/chivu/.gradle/wrapper/dists/gradle-3.3-all/55gk2rcmfc6p2dg9u9ohc3hw9/gradle-3.3/lib/plugins/gradle-signing-3.3.jar
7f96b5bbc000-7f96b5bbe000 r--s 00007000 08:07 1189078                    /home/chivu/.gradle/wrapper/dists/gradle-3.3-all/55gk2rcmfc6p2dg9u9ohc3hw9/gradle-3.3/lib/plugins/gradle-scala-3.3.jar
7f96b5bbe000-7f96b5bbf000 r--s 00004000 08:07 1189106                    /home/chivu/.gradle/wrapper/dists/gradle-3.3-all/55gk2rcmfc6p2dg9u9ohc3hw9/gradle-3.3/lib/plugins/gradle-resources-sftp-3.3.jar
7f96b5bbf000-7f96b5bcf000 r--s 00088000 08:07 1189143                    /home/chivu/.gradle/wrapper/dists/gradle-3.3-all/55gk2rcmfc6p2dg9u9ohc3hw9/gradle-3.3/lib/plugins/joda-time-2.8.2.jar
7f96b5bcf000-7f96b5be0000 r--s 0010d000 08:07 1189142                    /home/chivu/.gradle/wrapper/dists/gradle-3.3-all/55gk2rcmfc6p2dg9u9ohc3hw9/gradle-3.3/lib/plugins/jackson-databind-2.6.6.jar
7f96b5be0000-7f96b5be3000 r--s 00009000 08:07 1189141                    /home/chivu/.gradle/wrapper/dists/gradle-3.3-all/55gk2rcmfc6p2dg9u9ohc3hw9/gradle-3.3/lib/plugins/jackson-annotations-2.6.6.jar
7f96b5be3000-7f96b5be7000 r--s 0003c000 08:07 1189140                    /home/chivu/.gradle/wrapper/dists/gradle-3.3-all/55gk2rcmfc6p2dg9u9ohc3hw9/gradle-3.3/lib/plugins/jackson-core-2.6.6.jar
7f96b5be7000-7f96b5bf5000 r--s 00087000 08:07 1189139                    /home/chivu/.gradle/wrapper/dists/gradle-3.3-all/55gk2rcmfc6p2dg9u9ohc3hw9/gradle-3.3/lib/plugins/aws-java-sdk-core-1.11.6.jar
7f96b5bf5000-7f96b5bfc000 r--s 00057000 08:07 1189138                    /home/chivu/.gradle/wrapper/dists/gradle-3.3-all/55gk2rcmfc6p2dg9u9ohc3hw9/gradle-3.3/lib/plugins/aws-java-sdk-kms-1.11.6.jar
7f96b5bfc000-7f96b5c09000 r--s 0008e000 08:07 1189137                    /home/chivu/.gradle/wrapper/dists/gradle-3.3-all/55gk2rcmfc6p2dg9u9ohc3hw9/gradle-3.3/lib/plugins/aws-java-sdk-s3-1.11.6.jar
7f96b5c09000-7f96b5c0b000 r--s 00004000 08:07 1189107                    /home/chivu/.gradle/wrapper/dists/gradle-3.3-all/55gk2rcmfc6p2dg9u9ohc3hw9/gradle-3.3/lib/plugins/gradle-resources-s3-3.3.jar
7f96b5c0b000-7f96b5c0d000 r--s 00005000 08:07 1189131                    /home/chivu/.gradle/wrapper/dists/gradle-3.3-all/55gk2rcmfc6p2dg9u9ohc3hw9/gradle-3.3/lib/plugins/jatl-0.2.2.jar
7f96b5c0d000-7f96b5c0f000 r--s 0000f000 08:07 1189084                    /home/chivu/.gradle/wrapper/dists/gradle-3.3-all/55gk2rcmfc6p2dg9u9ohc3hw9/gradle-3.3/lib/plugins/gradle-reporting-3.3.jar
7f96b5c0f000-7f96b5c11000 r--s 00002000 08:07 1189085                    /home/chivu/.gradle/wrapper/dists/gradle-3.3-all/55gk2rcmfc6p2dg9u9ohc3hw9/gradle-3.3/lib/plugins/gradle-publish-3.3.jar
7f96b5c11000-7f96b5c13000 r--s 00009000 08:07 1189114                    /home/chivu/.gradle/wrapper/dists/gradle-3.3-all/55gk2rcmfc6p2dg9u9ohc3hw9/gradle-3.3/lib/plugins/commons-cli-1.2.jar
7f96b5c13000-7f96b5c19000 r--s 00031000 08:07 1189070                    /home/chivu/.gradle/wrapper/dists/gradle-3.3-all/55gk2rcmfc6p2dg9u9ohc3hw9/gradle-3.3/lib/plugins/gradle-plugins-3.3.jar
7f96b5c19000-7f96b5c1b000 r--s 00009000 08:07 1189103                    /home/chivu/.gradle/wrapper/dists/gradle-3.3-all/55gk2rcmfc6p2dg9u9ohc3hw9/gradle-3.3/lib/plugins/gradle-plugin-development-3.3.jar
7f96b5c1b000-7f96b5c21000 r--s 0002b000 08:07 1189096                    /home/chivu/.gradle/wrapper/dists/gradle-3.3-all/55gk2rcmfc6p2dg9u9ohc3hw9/gradle-3.3/lib/plugins/gradle-platform-play-3.3.jar
7f96b5c21000-7f96b5c2f000 r--s 00055000 08:07 1189095                    /home/chivu/.gradle/wrapper/dists/gradle-3.3-all/55gk2rcmfc6p2dg9u9ohc3hw9/gradle-3.3/lib/plugins/gradle-platform-native-3.3.jar
7f96b5c2f000-7f96b5c34000 r--s 0001f000 08:07 1189090                    /home/chivu/.gradle/wrapper/dists/gradle-3.3-all/55gk2rcmfc6p2dg9u9ohc3hw9/gradle-3.3/lib/plugins/gradle-platform-jvm-3.3.jar
7f96b5c34000-7f96b5c3c000 r--s 00027000 08:07 1189089                    /home/chivu/.gradle/wrapper/dists/gradle-3.3-all/55gk2rcmfc6p2dg9u9ohc3hw9/gradle-3.3/lib/plugins/gradle-platform-base-3.3.jar
7f96b5c3c000-7f96b5c64000 r--s 0021c000 08:07 1189122                    /home/chivu/.gradle/wrapper/dists/gradle-3.3-all/55gk2rcmfc6p2dg9u9ohc3hw9/gradle-3.3/lib/plugins/biz.aQute.bndlib-3.2.0.jar
7f96b5c64000-7f96b5c66000 r--s 00003000 08:07 1189074                    /home/chivu/.gradle/wrapper/dists/gradle-3.3-all/55gk2rcmfc6p2dg9u9ohc3hw9/gradle-3.3/lib/plugins/gradle-osgi-3.3.jar
7f96b5c66000-7f96b5c69000 r--s 0000c000 08:07 1189125                    /home/chivu/.gradle/wrapper/dists/gradle-3.3-all/55gk2rcmfc6p2dg9u9ohc3hw9/gradle-3.3/lib/plugins/pmaven-groovy-0.8-20100325.jar
7f96b5c69000-7f96b5c6a000 r--s 00004000 08:07 1189124                    /home/chivu/.gradle/wrapper/dists/gradle-3.3-all/55gk2rcmfc6p2dg9u9ohc3hw9/gradle-3.3/lib/plugins/pmaven-common-0.8-20100325.jar
7f96b5c6a000-7f96b5c70000 r--s 00023000 08:07 1189075                    /home/chivu/.gradle/wrapper/dists/gradle-3.3-all/55gk2rcmfc6p2dg9u9ohc3hw9/gradle-3.3/lib/plugins/gradle-maven-3.3.jar
7f96b5c70000-7f96b5c73000 r--s 0000b000 08:07 1189094                    /home/chivu/.gradle/wrapper/dists/gradle-3.3-all/55gk2rcmfc6p2dg9u9ohc3hw9/gradle-3.3/lib/plugins/gradle-language-scala-3.3.jar
7f96b5c73000-7f96b5c79000 r--s 0001a000 08:07 1189098                    /home/chivu/.gradle/wrapper/dists/gradle-3.3-all/55gk2rcmfc6p2dg9u9ohc3hw9/gradle-3.3/lib/plugins/gradle-language-native-3.3.jar
7f96b5c79000-7f96b5c7c000 r--s 00005000 08:07 1189091                    /home/chivu/.gradle/wrapper/dists/gradle-3.3-all/55gk2rcmfc6p2dg9u9ohc3hw9/gradle-3.3/lib/plugins/gradle-language-jvm-3.3.jar
7f96b5c7c000-7f96b5c82000 r--s 00027000 08:07 1189092                    /home/chivu/.gradle/wrapper/dists/gradle-3.3-all/55gk2rcmfc6p2dg9u9ohc3hw9/gradle-3.3/lib/plugins/gradle-language-java-3.3.jar
7f96b5c82000-7f96b5c84000 r--s 0000a000 08:07 1189093                    /home/chivu/.gradle/wrapper/dists/gradle-3.3-all/55gk2rcmfc6p2dg9u9ohc3hw9/gradle-3.3/lib/plugins/gradle-language-groovy-3.3.jar
7f96b5c84000-7f96b5c87000 r--s 0001e000 08:07 1189149                    /home/chivu/.gradle/wrapper/dists/gradle-3.3-all/55gk2rcmfc6p2dg9u9ohc3hw9/gradle-3.3/lib/plugins/jsp-api-2.1-6.1.14.jar
7f96b5c87000-7f96b5caa000 r--s 00344000 08:07 1189148                    /home/chivu/.gradle/wrapper/dists/gradle-3.3-all/55gk2rcmfc6p2dg9u9ohc3hw9/gradle-3.3/lib/plugins/core-3.1.1.jar
7f96b5caa000-7f96b5cab000 r--s 00006000 08:07 1189147                    /home/chivu/.gradle/wrapper/dists/gradle-3.3-all/55gk2rcmfc6p2dg9u9ohc3hw9/gradle-3.3/lib/plugins/jetty-naming-6.1.26.jar
7f96b5cab000-7f96b5cac000 r--s 00002000 08:07 1189121                    /home/chivu/.gradle/wrapper/dists/gradle-3.3-all/55gk2rcmfc6p2dg9u9ohc3hw9/gradle-3.3/lib/plugins/geronimo-annotation_1.0_spec-1.0.jar
7f96b5cac000-7f96b5cae000 r--s 00002000 08:07 1189120                    /home/chivu/.gradle/wrapper/dists/gradle-3.3-all/55gk2rcmfc6p2dg9u9ohc3hw9/gradle-3.3/lib/plugins/jetty-annotations-6.1.26.jar
7f96b5cae000-7f96b5cbf000 r--s 000ea000 08:07 1189119                    /home/chivu/.gradle/wrapper/dists/gradle-3.3-all/55gk2rcmfc6p2dg9u9ohc3hw9/gradle-3.3/lib/plugins/jsp-2.1-6.1.14.jar
7f96b5cbf000-7f96b5cc1000 r--s 0000d000 08:07 1189118                    /home/chivu/.gradle/wrapper/dists/gradle-3.3-all/55gk2rcmfc6p2dg9u9ohc3hw9/gradle-3.3/lib/plugins/jetty-plus-6.1.26.jar
7f96b5cc1000-7f96b5cc3000 r--s 0001f000 08:07 1189117                    /home/chivu/.gradle/wrapper/dists/gradle-3.3-all/55gk2rcmfc6p2dg9u9ohc3hw9/gradle-3.3/lib/plugins/servlet-api-2.5-20081211.jar
7f96b5cc3000-7f96b5cc7000 r--s 00028000 08:07 1189116                    /home/chivu/.gradle/wrapper/dists/gradle-3.3-all/55gk2rcmfc6p2dg9u9ohc3hw9/gradle-3.3/lib/plugins/jetty-util-6.1.26.jar
7f96b5cc7000-7f96b5cce000 r--s 0007d000 08:07 1189115                    /home/chivu/.gradle/wrapper/dists/gradle-3.3-all/55gk2rcmfc6p2dg9u9ohc3hw9/gradle-3.3/lib/plugins/jetty-6.1.26.jar
7f96b5cce000-7f96b5cd0000 r--s 0000a000 08:07 1189072                    /home/chivu/.gradle/wrapper/dists/gradle-3.3-all/55gk2rcmfc6p2dg9u9ohc3hw9/gradle-3.3/lib/plugins/gradle-jetty-3.3.jar
7f96b5cd0000-7f96b5cd7000 r--s 00035000 08:07 1189130                    /home/chivu/.gradle/wrapper/dists/gradle-3.3-all/55gk2rcmfc6p2dg9u9ohc3hw9/gradle-3.3/lib/plugins/simple-4.1.21.jar
7f96b5cd7000-7f96b5ce3000 r--s 00100000 08:07 1189128                    /home/chivu/.gradle/wrapper/dists/gradle-3.3-all/55gk2rcmfc6p2dg9u9ohc3hw9/gradle-3.3/lib/plugins/rhino-1.7R3.jar
7f96b5ce3000-7f96b5ce7000 r--s 00012000 08:07 1189081                    /home/chivu/.gradle/wrapper/dists/gradle-3.3-all/55gk2rcmfc6p2dg9u9ohc3hw9/gradle-3.3/lib/plugins/gradle-javascript-3.3.jar
7f96b5ce7000-7f96b5ce9000 r--s 0000d000 08:07 1189087                    /home/chivu/.gradle/wrapper/dists/gradle-3.3-all/55gk2rcmfc6p2dg9u9ohc3hw9/gradle-3.3/lib/plugins/gradle-jacoco-3.3.jar
7f96b5ce9000-7f96b5cec000 r--s 0000e000 08:07 1189086                    /home/chivu/.gradle/wrapper/dists/gradle-3.3-all/55gk2rcmfc6p2dg9u9ohc3hw9/gradle-3.3/lib/plugins/gradle-ivy-3.3.jar
7f96b5cec000-7f96b5ced000 r--s 00002000 08:07 1189097                    /home/chivu/.gradle/wrapper/dists/gradle-3.3-all/55gk2rcmfc6p2dg9u9ohc3hw9/gradle-3.3/lib/plugins/gradle-ide-play-3.3.jar
7f96b5ced000-7f96b5cf0000 r--s 00013000 08:07 1189099                    /home/chivu/.gradle/wrapper/dists/gradle-3.3-all/55gk2rcmfc6p2dg9u9ohc3hw9/gradle-3.3/lib/plugins/gradle-ide-native-3.3.jar
7f96b5cf0000-7f96b5cf9000 r--s 00055000 08:07 1189076                    /home/chivu/.gradle/wrapper/dists/gradle-3.3-all/55gk2rcmfc6p2dg9u9ohc3hw9/gradle-3.3/lib/plugins/gradle-ide-3.3.jar
7f96b5cf9000-7f96b5cfb000 r--s 00007000 08:07 1189080                    /home/chivu/.gradle/wrapper/dists/gradle-3.3-all/55gk2rcmfc6p2dg9u9ohc3hw9/gradle-3.3/lib/plugins/gradle-ear-3.3.jar
7f96b5cfb000-7f96b5d01000 r--s 00039000 08:07 1189083                    /home/chivu/.gradle/wrapper/dists/gradle-3.3-all/55gk2rcmfc6p2dg9u9ohc3hw9/gradle-3.3/lib/plugins/gradle-diagnostics-3.3.jar
7f96b5d01000-7f96b5d02000 r--s 00009000 08:07 1189109                    /home/chivu/.gradle/wrapper/dists/gradle-3.3-all/55gk2rcmfc6p2dg9u9ohc3hw9/gradle-3.3/lib/plugins/gradle-composite-builds-3.3.jar
7f96b5d02000-7f96b5d06000 r--s 00023000 08:07 1189071                    /home/chivu/.gradle/wrapper/dists/gradle-3.3-all/55gk2rcmfc6p2dg9u9ohc3hw9/gradle-3.3/lib/plugins/gradle-code-quality-3.3.jar
7f96b5d06000-7f96b5d0a000 r--s 00022000 08:07 1189088                    /home/chivu/.gradle/wrapper/dists/gradle-3.3-all/55gk2rcmfc6p2dg9u9ohc3hw9/gradle-3.3/lib/plugins/gradle-build-init-3.3.jar
7f96b5d0a000-7f96b5d10000 r--s 0008e000 08:07 1189082                    /home/chivu/.gradle/wrapper/dists/gradle-3.3-all/55gk2rcmfc6p2dg9u9ohc3hw9/gradle-3.3/lib/plugins/gradle-build-comparison-3.3.jar
7f96b5d10000-7f96b5d11000 r--s 00001000 08:07 1189110                    /home/chivu/.gradle/wrapper/dists/gradle-3.3-all/55gk2rcmfc6p2dg9u9ohc3hw9/gradle-3.3/lib/plugins/gradle-build-cache-http-3.3.jar
7f96b5d11000-7f96b5d13000 r--s 00008000 08:07 1189073                    /home/chivu/.gradle/wrapper/dists/gradle-3.3-all/55gk2rcmfc6p2dg9u9ohc3hw9/gradle-3.3/lib/plugins/gradle-antlr-3.3.jar
7f96b5d13000-7f96b5d15000 r--s 00004000 08:07 1189077                    /home/chivu/.gradle/wrapper/dists/gradle-3.3-all/55gk2rcmfc6p2dg9u9ohc3hw9/gradle-3.3/lib/plugins/gradle-announce-3.3.jar
7f96b5d15000-7f96b5d2d000 r--s 00115000 08:07 1189179                    /home/chivu/.gradle/wrapper/dists/gradle-3.3-all/55gk2rcmfc6p2dg9u9ohc3hw9/gradle-3.3/lib/plugins/xercesImpl-2.9.1.jar
7f96b5d2d000-7f96b5d35000 r--s 00028000 08:07 1189180                    /home/chivu/.gradle/wrapper/dists/gradle-3.3-all/55gk2rcmfc6p2dg9u9ohc3hw9/gradle-3.3/lib/plugins/xml-apis-1.3.04.jar
7f96b5d35000-7f96b5d3b000 r--s 0005b000 08:07 1189178                    /home/chivu/.gradle/wrapper/dists/gradle-3.3-all/55gk2rcmfc6p2dg9u9ohc3hw9/gradle-3.3/lib/plugins/jcifs-1.3.17.jar
7f96b5d3b000-7f96b5d41000 r--s 00033000 08:07 1189126                    /home/chivu/.gradle/wrapper/dists/gradle-3.3-all/55gk2rcmfc6p2dg9u9ohc3hw9/gradle-3.3/lib/plugins/commons-codec-1.6.jar
7f96b5d41000-7f96b5d48000 r--s 00049000 08:07 1189177                    /home/chivu/.gradle/wrapper/dists/gradle-3.3-all/55gk2rcmfc6p2dg9u9ohc3hw9/gradle-3.3/lib/plugins/httpcore-4.4.4.jar
7f96b5d48000-7f96b5d4b000 r--s 0001c000 08:07 1189135                    /home/chivu/.gradle/wrapper/dists/gradle-3.3-all/55gk2rcmfc6p2dg9u9ohc3hw9/gradle-3.3/lib/plugins/nekohtml-1.9.14.jar
7f96b5d4b000-7f96b5d58000 r--s 000a4000 08:07 1189134                    /home/chivu/.gradle/wrapper/dists/gradle-3.3-all/55gk2rcmfc6p2dg9u9ohc3hw9/gradle-3.3/lib/plugins/httpclient-4.4.1.jar
7f96b5d58000-7f96b5d5b000 r--s 0000a000 08:07 1189105                    /home/chivu/.gradle/wrapper/dists/gradle-3.3-all/55gk2rcmfc6p2dg9u9ohc3hw9/gradle-3.3/lib/plugins/gradle-resources-http-3.3.jar
7f96b5d5b000-7f96b5d5f000 r--s 00015000 08:07 1189104                    /home/chivu/.gradle/wrapper/dists/gradle-3.3-all/55gk2rcmfc6p2dg9u9ohc3hw9/gradle-3.3/lib/plugins/gradle-plugin-use-3.3.jar
7f96b5d5f000-7f96b5d60000 r--s 00000000 08:07 1189016                    /home/chivu/.gradle/wrapper/dists/gradle-3.3-all/55gk2rcmfc6p2dg9u9ohc3hw9/gradle-3.3/lib/gradle-installation-beacon-3.3.jar
7f96b5d60000-7f96b5d62000 r--s 00006000 08:07 1189173                    /home/chivu/.gradle/wrapper/dists/gradle-3.3-all/55gk2rcmfc6p2dg9u9ohc3hw9/gradle-3.3/lib/plugins/aether-connector-wagon-1.13.1.jar
7f96b5d62000-7f96b5d66000 r--s 0001c000 08:07 1189172                    /home/chivu/.gradle/wrapper/dists/gradle-3.3-all/55gk2rcmfc6p2dg9u9ohc3hw9/gradle-3.3/lib/plugins/aether-util-1.13.1.jar
7f96b5d66000-7f96b5d67000 r--s 00003000 08:07 1189171                    /home/chivu/.gradle/wrapper/dists/gradle-3.3-all/55gk2rcmfc6p2dg9u9ohc3hw9/gradle-3.3/lib/plugins/aether-spi-1.13.1.jar
7f96b5d67000-7f96b5d6a000 r--s 0001d000 08:07 1189170                    /home/chivu/.gradle/wrapper/dists/gradle-3.3-all/55gk2rcmfc6p2dg9u9ohc3hw9/gradle-3.3/lib/plugins/aether-impl-1.13.1.jar
7f96b5d6a000-7f96b5d6d000 r--s 00013000 08:07 1189169                    /home/chivu/.gradle/wrapper/dists/gradle-3.3-all/55gk2rcmfc6p2dg9u9ohc3hw9/gradle-3.3/lib/plugins/aether-api-1.13.1.jar
7f96b5d6d000-7f96b5d6e000 r--s 00007000 08:07 1189168                    /home/chivu/.gradle/wrapper/dists/gradle-3.3-all/55gk2rcmfc6p2dg9u9ohc3hw9/gradle-3.3/lib/plugins/wagon-http-shared4-2.4.jar
7f96b5d6e000-7f96b5d70000 r--s 0000b000 08:07 1189167                    /home/chivu/.gradle/wrapper/dists/gradle-3.3-all/55gk2rcmfc6p2dg9u9ohc3hw9/gradle-3.3/lib/plugins/wagon-provider-api-2.4.jar
7f96b5d70000-7f96b5d71000 r--s 00002000 08:07 1189166                    /home/chivu/.gradle/wrapper/dists/gradle-3.3-all/55gk2rcmfc6p2dg9u9ohc3hw9/gradle-3.3/lib/plugins/wagon-http-2.4.jar
7f96b5d71000-7f96b5d72000 r--s 00002000 08:07 1189165                    /home/chivu/.gradle/wrapper/dists/gradle-3.3-all/55gk2rcmfc6p2dg9u9ohc3hw9/gradle-3.3/lib/plugins/wagon-file-2.4.jar
7f96b5d72000-7f96b5d74000 r--s 0000c000 08:07 1189164                    /home/chivu/.gradle/wrapper/dists/gradle-3.3-all/55gk2rcmfc6p2dg9u9ohc3hw9/gradle-3.3/lib/plugins/maven-aether-provider-3.0.4.jar
7f96b5d74000-7f96b5d76000 r--s 0000b000 08:07 1189163                    /home/chivu/.gradle/wrapper/dists/gradle-3.3-all/55gk2rcmfc6p2dg9u9ohc3hw9/gradle-3.3/lib/plugins/maven-plugin-api-3.0.4.jar
7f96b5d76000-7f96b5d78000 r--s 00006000 08:07 1189162                    /home/chivu/.gradle/wrapper/dists/gradle-3.3-all/55gk2rcmfc6p2dg9u9ohc3hw9/gradle-3.3/lib/plugins/maven-repository-metadata-3.0.4.jar
7f96b5d78000-7f96b5d7a000 r--s 0000b000 08:07 1189161                    /home/chivu/.gradle/wrapper/dists/gradle-3.3-all/55gk2rcmfc6p2dg9u9ohc3hw9/gradle-3.3/lib/plugins/maven-artifact-3.0.4.jar
7f96b5d7a000-7f96b5d7c000 r--s 00026000 08:07 1189160                    /home/chivu/.gradle/wrapper/dists/gradle-3.3-all/55gk2rcmfc6p2dg9u9ohc3hw9/gradle-3.3/lib/plugins/maven-model-3.0.4.jar
7f96b5d7c000-7f96b5d80000 r--s 00021000 08:07 1189159                    /home/chivu/.gradle/wrapper/dists/gradle-3.3-all/55gk2rcmfc6p2dg9u9ohc3hw9/gradle-3.3/lib/plugins/maven-model-builder-3.0.4.jar
7f96b5d80000-7f96b5d86000 r--s 0003f000 08:07 1189158                    /home/chivu/.gradle/wrapper/dists/gradle-3.3-all/55gk2rcmfc6p2dg9u9ohc3hw9/gradle-3.3/lib/plugins/maven-compat-3.0.4.jar
7f96b5d86000-7f96b5d87000 r--s 00006000 08:07 1189157                    /home/chivu/.gradle/wrapper/dists/gradle-3.3-all/55gk2rcmfc6p2dg9u9ohc3hw9/gradle-3.3/lib/plugins/plexus-sec-dispatcher-1.3.jar
7f96b5d87000-7f96b5d89000 r--s 00002000 08:07 1189156                    /home/chivu/.gradle/wrapper/dists/gradle-3.3-all/55gk2rcmfc6p2dg9u9ohc3hw9/gradle-3.3/lib/plugins/plexus-cipher-1.7.jar
7f96b5d89000-7f96b5d8b000 r--s 0000a000 08:07 1189155                    /home/chivu/.gradle/wrapper/dists/gradle-3.3-all/55gk2rcmfc6p2dg9u9ohc3hw9/gradle-3.3/lib/plugins/plexus-classworlds-2.4.jar
7f96b5d8b000-7f96b5d92000 r--s 0002e000 08:07 1189154                    /home/chivu/.gradle/wrapper/dists/gradle-3.3-all/55gk2rcmfc6p2dg9u9ohc3hw9/gradle-3.3/lib/plugins/plexus-container-default-1.5.5.jar
7f96b5d92000-7f96b5d94000 r--s 00000000 08:07 1189181                    /home/chivu/.gradle/wrapper/dists/gradle-3.3-all/55gk2rcmfc6p2dg9u9ohc3hw9/gradle-3.3/lib/plugins/plexus-component-annotations-1.5.5.jar
7f96b5d94000-7f96b5d96000 r--s 0000d000 08:07 1189153                    /home/chivu/.gradle/wrapper/dists/gradle-3.3-all/55gk2rcmfc6p2dg9u9ohc3hw9/gradle-3.3/lib/plugins/plexus-interpolation-1.14.jar
7f96b5d96000-7f96b5d9a000 r--s 00033000 08:07 1189152                    /home/chivu/.gradle/wrapper/dists/gradle-3.3-all/55gk2rcmfc6p2dg9u9ohc3hw9/gradle-3.3/lib/plugins/plexus-utils-2.0.6.jar
7f96b5d9a000-7f96b5d9d000 r--s 00008000 08:07 1189151                    /home/chivu/.gradle/wrapper/dists/gradle-3.3-all/55gk2rcmfc6p2dg9u9ohc3hw9/gradle-3.3/lib/plugins/maven-settings-builder-3.0.4.jar
7f96b5d9d000-7f96b5da2000 r--s 00040000 08:07 1189136                    /home/chivu/.gradle/wrapper/dists/gradle-3.3-all/55gk2rcmfc6p2dg9u9ohc3hw9/gradle-3.3/lib/plugins/jsch-0.1.53.jar
7f96b5da2000-7f96b5de2000 r--s 00277000 08:07 1189146                    /home/chivu/.gradle/wrapper/dists/gradle-3.3-all/55gk2rcmfc6p2dg9u9ohc3hw9/gradle-3.3/lib/plugins/bcprov-jdk15on-1.51.jar
7f96b5de2000-7f96b5dee000 r--s 0007d000 08:07 1189123                    /home/chivu/.gradle/wrapper/dists/gradle-3.3-all/55gk2rcmfc6p2dg9u9ohc3hw9/gradle-3.3/lib/plugins/maven-core-3.0.4.jar
7f96b5dee000-7f96b5e0d000 r--s 000f6000 08:07 1189112                    /home/chivu/.gradle/wrapper/dists/gradle-3.3-all/55gk2rcmfc6p2dg9u9ohc3hw9/gradle-3.3/lib/plugins/gradle-dependency-management-3.3.jar
7f96b5e0d000-7f96b5e23000 r-xp 00000000 08:07 529479                     /lib/x86_64-linux-gnu/libgcc_s.so.1
7f96b5e23000-7f96b6022000 ---p 00016000 08:07 529479                     /lib/x86_64-linux-gnu/libgcc_s.so.1
7f96b6022000-7f96b6023000 rw-p 00015000 08:07 529479                     /lib/x86_64-linux-gnu/libgcc_s.so.1
7f96b6023000-7f96b6195000 r-xp 00000000 08:07 1312856                    /usr/lib/x86_64-linux-gnu/libstdc++.so.6.0.21
7f96b6195000-7f96b6395000 ---p 00172000 08:07 1312856                    /usr/lib/x86_64-linux-gnu/libstdc++.so.6.0.21
7f96b6395000-7f96b639f000 r--p 00172000 08:07 1312856                    /usr/lib/x86_64-linux-gnu/libstdc++.so.6.0.21
7f96b639f000-7f96b63a1000 rw-p 0017c000 08:07 1312856                    /usr/lib/x86_64-linux-gnu/libstdc++.so.6.0.21
7f96b63a1000-7f96b63a5000 rw-p 00000000 00:00 0 
7f96b63a5000-7f96b63a7000 r--s 0000a000 08:07 1189150                    /home/chivu/.gradle/wrapper/dists/gradle-3.3-all/55gk2rcmfc6p2dg9u9ohc3hw9/gradle-3.3/lib/plugins/maven-settings-3.0.4.jar
7f96b63a7000-7f96b63ab000 r--s 0001d000 08:07 1189145                    /home/chivu/.gradle/wrapper/dists/gradle-3.3-all/55gk2rcmfc6p2dg9u9ohc3hw9/gradle-3.3/lib/plugins/xbean-reflect-3.4.jar
7f96b63ab000-7f96b63b0000 r--s 00034000 08:07 1189129                    /home/chivu/.gradle/wrapper/dists/gradle-3.3-all/55gk2rcmfc6p2dg9u9ohc3hw9/gradle-3.3/lib/plugins/gson-2.7.jar
7f96b63b0000-7f96b63bf000 r--s 000d9000 08:07 1189144                    /home/chivu/.gradle/wrapper/dists/gradle-3.3-all/55gk2rcmfc6p2dg9u9ohc3hw9/gradle-3.3/lib/plugins/ivy-2.2.0.jar
7f96b63bf000-7f96b63c1000 r--s 00005000 08:07 1189111                    /home/chivu/.gradle/wrapper/dists/gradle-3.3-all/55gk2rcmfc6p2dg9u9ohc3hw9/gradle-3.3/lib/plugins/gradle-workers-3.3.jar
7f96b63c1000-7f96b63c6000 r-xp 00000000 08:07 932602                     /home/chivu/.gradle/native/23/linux-amd64/libnative-platform.so
7f96b63c6000-7f96b65c5000 ---p 00005000 08:07 932602                     /home/chivu/.gradle/native/23/linux-amd64/libnative-platform.so
7f96b65c5000-7f96b65c6000 rw-p 00004000 08:07 932602                     /home/chivu/.gradle/native/23/linux-amd64/libnative-platform.so
7f96b65c6000-7f96b65d7000 r-xp 00000000 08:07 1201545                    /home/chivu/Downloads/android-studio-p/jre/jre/lib/amd64/libnio.so
7f96b65d7000-7f96b67d6000 ---p 00011000 08:07 1201545                    /home/chivu/Downloads/android-studio-p/jre/jre/lib/amd64/libnio.so
7f96b67d6000-7f96b67d7000 r--p 00010000 08:07 1201545                    /home/chivu/Downloads/android-studio-p/jre/jre/lib/amd64/libnio.so
7f96b67d7000-7f96b67d8000 rw-p 00011000 08:07 1201545                    /home/chivu/Downloads/android-studio-p/jre/jre/lib/amd64/libnio.so
7f96b67d8000-7f96b6ad9000 rw-p 00000000 00:00 0 
7f96b6ad9000-7f96b6af0000 r-xp 00000000 08:07 1201544                    /home/chivu/Downloads/android-studio-p/jre/jre/lib/amd64/libnet.so
7f96b6af0000-7f96b6cef000 ---p 00017000 08:07 1201544                    /home/chivu/Downloads/android-studio-p/jre/jre/lib/amd64/libnet.so
7f96b6cef000-7f96b6cf0000 r--p 00016000 08:07 1201544                    /home/chivu/Downloads/android-studio-p/jre/jre/lib/amd64/libnet.so
7f96b6cf0000-7f96b6cf1000 rw-p 00017000 08:07 1201544                    /home/chivu/Downloads/android-studio-p/jre/jre/lib/amd64/libnet.so
7f96b6cf1000-7f96b6cf2000 r--s 00006000 08:07 1189015                    /home/chivu/.gradle/wrapper/dists/gradle-3.3-all/55gk2rcmfc6p2dg9u9ohc3hw9/gradle-3.3/lib/gradle-wrapper-3.3.jar
7f96b6cf2000-7f96b6cff000 r--s 00041000 08:07 1189022                    /home/chivu/.gradle/wrapper/dists/gradle-3.3-all/55gk2rcmfc6p2dg9u9ohc3hw9/gradle-3.3/lib/gradle-tooling-api-3.3.jar
7f96b6cff000-7f96b6d01000 r--s 00002000 08:07 1189042                    /home/chivu/.gradle/wrapper/dists/gradle-3.3-all/55gk2rcmfc6p2dg9u9ohc3hw9/gradle-3.3/lib/gradle-open-api-3.3.jar
7f96b6d01000-7f96b6d07000 r--s 00032000 08:07 1189044                    /home/chivu/.gradle/wrapper/dists/gradle-3.3-all/55gk2rcmfc6p2dg9u9ohc3hw9/gradle-3.3/lib/jaxen-1.1.jar
7f96b6d07000-7f96b6d0c000 r--s 00048000 08:07 1189043                    /home/chivu/.gradle/wrapper/dists/gradle-3.3-all/55gk2rcmfc6p2dg9u9ohc3hw9/gradle-3.3/lib/dom4j-1.6.1.jar
7f96b6d0c000-7f96b6d17000 r--s 00059000 08:07 1189021                    /home/chivu/.gradle/wrapper/dists/gradle-3.3-all/55gk2rcmfc6p2dg9u9ohc3hw9/gradle-3.3/lib/gradle-ui-3.3.jar
7f96b6d17000-7f96b6d20000 r--s 0008c000 08:07 1189013                    /home/chivu/.gradle/wrapper/dists/gradle-3.3-all/55gk2rcmfc6p2dg9u9ohc3hw9/gradle-3.3/lib/kotlin-stdlib-1.1-M02.jar
7f96b6d20000-7f96b6d26000 r--s 0002a000 08:07 1189012                    /home/chivu/.gradle/wrapper/dists/gradle-3.3-all/55gk2rcmfc6p2dg9u9ohc3hw9/gradle-3.3/lib/kotlin-runtime-1.1-M02.jar
7f96b6d26000-7f96b6d5a000 r--s 00256000 08:07 1189011                    /home/chivu/.gradle/wrapper/dists/gradle-3.3-all/55gk2rcmfc6p2dg9u9ohc3hw9/gradle-3.3/lib/kotlin-reflect-1.1-M02.jar
7f96b6d5a000-7f96b6ef0000 r--s 0157e000 08:07 1189010                    /home/chivu/.gradle/wrapper/dists/gradle-3.3-all/55gk2rcmfc6p2dg9u9ohc3hw9/gradle-3.3/lib/kotlin-compiler-embeddable-1.1-M02.jar
7f96b6ef0000-7f96b6ef8000 r--s 0004e000 08:07 1189009                    /home/chivu/.gradle/wrapper/dists/gradle-3.3-all/55gk2rcmfc6p2dg9u9ohc3hw9/gradle-3.3/lib/gradle-script-kotlin-0.5.1.jar
7f96b6ef8000-7f96b6efb000 r--s 0000b000 08:07 1189040                    /home/chivu/.gradle/wrapper/dists/gradle-3.3-all/55gk2rcmfc6p2dg9u9ohc3hw9/gradle-3.3/lib/gradle-resources-3.3.jar
7f96b6efb000-7f96b6efd000 r--s 00003000 08:07 1189049                    /home/chivu/.gradle/wrapper/dists/gradle-3.3-all/55gk2rcmfc6p2dg9u9ohc3hw9/gradle-3.3/lib/jcl-over-slf4j-1.7.10.jar
7f96b6efd000-7f96b6efe000 r--s 00005000 08:07 1189048                    /home/chivu/.gradle/wrapper/dists/gradle-3.3-all/55gk2rcmfc6p2dg9u9ohc3hw9/gradle-3.3/lib/log4j-over-slf4j-1.7.10.jar
7f96b6efe000-7f96b6f00000 r--s 00000000 08:07 1189047                    /home/chivu/.gradle/wrapper/dists/gradle-3.3-all/55gk2rcmfc6p2dg9u9ohc3hw9/gradle-3.3/lib/jul-to-slf4j-1.7.10.jar
7f96b6f00000-7f96b6f05000 r--s 0001e000 08:07 1189024                    /home/chivu/.gradle/wrapper/dists/gradle-3.3-all/55gk2rcmfc6p2dg9u9ohc3hw9/gradle-3.3/lib/gradle-logging-3.3.jar
7f96b6f05000-7f96b6f07000 r--s 00007000 08:07 1189068                    /home/chivu/.gradle/wrapper/dists/gradle-3.3-all/55gk2rcmfc6p2dg9u9ohc3hw9/gradle-3.3/lib/objenesis-1.2.jar
7f96b6f07000-7f96b6f09000 r--s 00000000 08:07 1189067                    /home/chivu/.gradle/wrapper/dists/gradle-3.3-all/55gk2rcmfc6p2dg9u9ohc3hw9/gradle-3.3/lib/minlog-1.2.jar
7f96b6f09000-7f96b6f0b000 r--s 0000f000 08:07 1189066                    /home/chivu/.gradle/wrapper/dists/gradle-3.3-all/55gk2rcmfc6p2dg9u9ohc3hw9/gradle-3.3/lib/reflectasm-1.07-shaded.jar
7f96b6f0b000-7f96b6f0f000 r--s 00026000 08:07 1189051                    /home/chivu/.gradle/wrapper/dists/gradle-3.3-all/55gk2rcmfc6p2dg9u9ohc3hw9/gradle-3.3/lib/kryo-2.20.jar
7f96b6f0f000-7f96b6f15000 r--s 00027000 08:07 1189039                    /home/chivu/.gradle/wrapper/dists/gradle-3.3-all/55gk2rcmfc6p2dg9u9ohc3hw9/gradle-3.3/lib/gradle-messaging-3.3.jar
7f96b6f15000-7f96b6f16000 r--s 00001000 08:07 1189065                    /home/chivu/.gradle/wrapper/dists/gradle-3.3-all/55gk2rcmfc6p2dg9u9ohc3hw9/gradle-3.3/lib/native-platform-linux-i386-ncurses6-0.12.jar
7f96b6f16000-7f96b6f17000 r--s 00001000 08:07 1189064                    /home/chivu/.gradle/wrapper/dists/gradle-3.3-all/55gk2rcmfc6p2dg9u9ohc3hw9/gradle-3.3/lib/native-platform-linux-i386-ncurses5-0.12.jar
7f96b6f17000-7f96b6f18000 r--s 00001000 08:07 1189063                    /home/chivu/.gradle/wrapper/dists/gradle-3.3-all/55gk2rcmfc6p2dg9u9ohc3hw9/gradle-3.3/lib/native-platform-linux-amd64-ncurses6-0.12.jar
7f96b6f18000-7f96b6f19000 r--s 00001000 08:07 1189062                    /home/chivu/.gradle/wrapper/dists/gradle-3.3-all/55gk2rcmfc6p2dg9u9ohc3hw9/gradle-3.3/lib/native-platform-linux-amd64-ncurses5-0.12.jar
7f96b6f19000-7f96b6f1a000 r--s 0000b000 08:07 1189061                    /home/chivu/.gradle/wrapper/dists/gradle-3.3-all/55gk2rcmfc6p2dg9u9ohc3hw9/gradle-3.3/lib/native-platform-windows-i386-0.12.jar
7f96b6f1a000-7f96b6f1b000 ---p 00000000 00:00 0 
7f96b6f1b000-7f96b701b000 rw-p 00000000 00:00 0 
7f96b701b000-7f96b701e000 ---p 00000000 00:00 0 
7f96b701e000-7f96b711c000 rw-p 00000000 00:00 0 
7f96b711c000-7f96b711f000 ---p 00000000 00:00 0 
7f96b711f000-7f96b721d000 rw-p 00000000 00:00 0 
7f96b721d000-7f96b7220000 ---p 00000000 00:00 0 
7f96b7220000-7f96b731e000 rw-p 00000000 00:00 0 
7f96b731e000-7f96b7321000 ---p 00000000 00:00 0 
7f96b7321000-7f96b741f000 rw-p 00000000 00:00 0 
7f96b741f000-7f96b7422000 ---p 00000000 00:00 0 
7f96b7422000-7f96b7520000 rw-p 00000000 00:00 0 
7f96b7520000-7f96b77f8000 r--p 00000000 08:07 1311727                    /usr/lib/locale/locale-archive
7f96b77f8000-7f96b77fb000 ---p 00000000 00:00 0 
7f96b77fb000-7f96b78f9000 rw-p 00000000 00:00 0 
7f96b78f9000-7f96b78fc000 ---p 00000000 00:00 0 
7f96b78fc000-7f96b79fa000 rw-p 00000000 00:00 0 
7f96b79fa000-7f96b79fb000 ---p 00000000 00:00 0 
7f96b79fb000-7f96b8000000 rw-p 00000000 00:00 0 
7f96b8000000-7f96b8125000 rw-p 00000000 00:00 0 
7f96b8125000-7f96bc000000 ---p 00000000 00:00 0 
7f96bc000000-7f96bc002000 r--s 0000b000 08:07 1189060                    /home/chivu/.gradle/wrapper/dists/gradle-3.3-all/55gk2rcmfc6p2dg9u9ohc3hw9/gradle-3.3/lib/native-platform-windows-amd64-0.12.jar
7f96bc002000-7f96bc004000 r--s 00002000 08:07 1189059                    /home/chivu/.gradle/wrapper/dists/gradle-3.3-all/55gk2rcmfc6p2dg9u9ohc3hw9/gradle-3.3/lib/native-platform-osx-i386-0.12.jar
7f96bc004000-7f96bc005000 r--s 00002000 08:07 1189058                    /home/chivu/.gradle/wrapper/dists/gradle-3.3-all/55gk2rcmfc6p2dg9u9ohc3hw9/gradle-3.3/lib/native-platform-osx-amd64-0.12.jar
7f96bc005000-7f96bc006000 r--s 00002000 08:07 1189057                    /home/chivu/.gradle/wrapper/dists/gradle-3.3-all/55gk2rcmfc6p2dg9u9ohc3hw9/gradle-3.3/lib/native-platform-linux-i386-0.12.jar
7f96bc006000-7f96bc007000 r--s 00002000 08:07 1189056                    /home/chivu/.gradle/wrapper/dists/gradle-3.3-all/55gk2rcmfc6p2dg9u9ohc3hw9/gradle-3.3/lib/native-platform-linux-amd64-0.12.jar
7f96bc007000-7f96bc008000 r--s 00003000 08:07 1189055                    /home/chivu/.gradle/wrapper/dists/gradle-3.3-all/55gk2rcmfc6p2dg9u9ohc3hw9/gradle-3.3/lib/native-platform-freebsd-i386-libstdcpp-0.12.jar
7f96bc008000-7f96bc009000 r--s 00004000 08:07 1189054                    /home/chivu/.gradle/wrapper/dists/gradle-3.3-all/55gk2rcmfc6p2dg9u9ohc3hw9/gradle-3.3/lib/native-platform-freebsd-i386-libcpp-0.12.jar
7f96bc009000-7f96bc00b000 r--s 00003000 08:07 1189053                    /home/chivu/.gradle/wrapper/dists/gradle-3.3-all/55gk2rcmfc6p2dg9u9ohc3hw9/gradle-3.3/lib/native-platform-freebsd-amd64-libstdcpp-0.12.jar
7f96bc00b000-7f96bc00e000 r--s 00023000 08:07 1189046                    /home/chivu/.gradle/wrapper/dists/gradle-3.3-all/55gk2rcmfc6p2dg9u9ohc3hw9/gradle-3.3/lib/jansi-1.14.jar
7f96bc00e000-7f96bc012000 r--s 00011000 08:07 1189045                    /home/chivu/.gradle/wrapper/dists/gradle-3.3-all/55gk2rcmfc6p2dg9u9ohc3hw9/gradle-3.3/lib/native-platform-0.12.jar
7f96bc012000-7f96bc015000 r--s 0000a000 08:07 1189023                    /home/chivu/.gradle/wrapper/dists/gradle-3.3-all/55gk2rcmfc6p2dg9u9ohc3hw9/gradle-3.3/lib/gradle-native-3.3.jar
7f96bc015000-7f96bc024000 r--s 0007f000 08:07 1189030                    /home/chivu/.gradle/wrapper/dists/gradle-3.3-all/55gk2rcmfc6p2dg9u9ohc3hw9/gradle-3.3/lib/gradle-model-core-3.3.jar
7f96bc024000-7f96bc094000 r--s 00641000 08:07 1189029                    /home/chivu/.gradle/wrapper/dists/gradle-3.3-all/55gk2rcmfc6p2dg9u9ohc3hw9/gradle-3.3/lib/groovy-all-2.4.7.jar
7f96bc094000-7f96bc0bc000 r--s 001cf000 08:07 1189026                    /home/chivu/.gradle/wrapper/dists/gradle-3.3-all/55gk2rcmfc6p2dg9u9ohc3hw9/gradle-3.3/lib/guava-jdk5-17.0.jar
7f96bc0bc000-7f96bc0f9000 r--s 001f8000 08:07 1189019                    /home/chivu/.gradle/wrapper/dists/gradle-3.3-all/55gk2rcmfc6p2dg9u9ohc3hw9/gradle-3.3/lib/gradle-core-3.3.jar
7f96bc0f9000-7f96c0000000 rw-p 00000000 00:00 0 
7f96c0000000-7f96c003b000 rw-p 00000000 00:00 0 
7f96c003b000-7f96c4000000 ---p 00000000 00:00 0 
7f96c4000000-7f96c4021000 rw-p 00000000 00:00 0 
7f96c4021000-7f96c8000000 ---p 00000000 00:00 0 
7f96c8000000-7f96c8021000 rw-p 00000000 00:00 0 
7f96c8021000-7f96cc000000 ---p 00000000 00:00 0 
7f96cc000000-7f96cc001000 r--s 00004000 08:07 1189052                    /home/chivu/.gradle/wrapper/dists/gradle-3.3-all/55gk2rcmfc6p2dg9u9ohc3hw9/gradle-3.3/lib/native-platform-freebsd-amd64-libcpp-0.12.jar
7f96cc001000-7f96cc003000 r--s 00005000 08:07 1189020                    /home/chivu/.gradle/wrapper/dists/gradle-3.3-all/55gk2rcmfc6p2dg9u9ohc3hw9/gradle-3.3/lib/gradle-cli-3.3.jar
7f96cc003000-7f96cc010000 r--s 00083000 08:07 1189034                    /home/chivu/.gradle/wrapper/dists/gradle-3.3-all/55gk2rcmfc6p2dg9u9ohc3hw9/gradle-3.3/lib/commons-collections-3.2.2.jar
7f96cc010000-7f96cc02f000 r--s 001d1000 08:07 1189033                    /home/chivu/.gradle/wrapper/dists/gradle-3.3-all/55gk2rcmfc6p2dg9u9ohc3hw9/gradle-3.3/lib/ant-1.9.6.jar
7f96cc02f000-7f96cc3b6000 rw-p 00000000 00:00 0 
7f96cc3b6000-7f96cc585000 r--s 03c1b000 08:07 1201515                    /home/chivu/Downloads/android-studio-p/jre/jre/lib/rt.jar
7f96cc585000-7f96cc8fb000 rw-p 00000000 00:00 0 
7f96cc8fb000-7f96cc8fc000 ---p 00000000 00:00 0 
7f96cc8fc000-7f96cc9fc000 rw-p 00000000 00:00 0 
7f96cc9fc000-7f96cc9fd000 ---p 00000000 00:00 0 
7f96cc9fd000-7f96ccafd000 rw-p 00000000 00:00 0 
7f96ccafd000-7f96ccafe000 ---p 00000000 00:00 0 
7f96ccafe000-7f96ccbfe000 rw-p 00000000 00:00 0 
7f96ccbfe000-7f96ccbff000 ---p 00000000 00:00 0 
7f96ccbff000-7f96cce55000 rw-p 00000000 00:00 0 
7f96cce55000-7f96cceff000 ---p 00000000 00:00 0 
7f96cceff000-7f96ccfff000 rw-p 00000000 00:00 0 
7f96ccfff000-7f96cd000000 rw-p 00000000 00:00 0 
7f96cd000000-7f96cee70000 rwxp 00000000 00:00 0 
7f96cee70000-7f96dc000000 ---p 00000000 00:00 0 
7f96dc000000-7f96dcd33000 rw-p 00000000 00:00 0 
7f96dcd33000-7f96e0000000 ---p 00000000 00:00 0 
7f96e0000000-7f96e0002000 r--s 00007000 08:07 1189031                    /home/chivu/.gradle/wrapper/dists/gradle-3.3-all/55gk2rcmfc6p2dg9u9ohc3hw9/gradle-3.3/lib/gradle-model-groovy-3.3.jar
7f96e0002000-7f96e0004000 r--s 00006000 08:07 1189038                    /home/chivu/.gradle/wrapper/dists/gradle-3.3-all/55gk2rcmfc6p2dg9u9ohc3hw9/gradle-3.3/lib/gradle-base-services-groovy-3.3.jar
7f96e0004000-7f96e0005000 r--s 00002000 08:07 1189041                    /home/chivu/.gradle/wrapper/dists/gradle-3.3-all/55gk2rcmfc6p2dg9u9ohc3hw9/gradle-3.3/lib/gradle-docs-3.3.jar
7f96e0005000-7f96e01a9000 rw-p 00000000 00:00 0 
7f96e01a9000-7f96e0253000 ---p 00000000 00:00 0 
7f96e0253000-7f96e02cd000 rw-p 00000000 00:00 0 
7f96e02cd000-7f96e0613000 ---p 00000000 00:00 0 
7f96e0613000-7f96e062d000 r-xp 00000000 08:07 1201530                    /home/chivu/Downloads/android-studio-p/jre/jre/lib/amd64/libzip.so
7f96e062d000-7f96e082d000 ---p 0001a000 08:07 1201530                    /home/chivu/Downloads/android-studio-p/jre/jre/lib/amd64/libzip.so
7f96e082d000-7f96e082e000 r--p 0001a000 08:07 1201530                    /home/chivu/Downloads/android-studio-p/jre/jre/lib/amd64/libzip.so
7f96e082e000-7f96e082f000 rw-p 0001b000 08:07 1201530                    /home/chivu/Downloads/android-studio-p/jre/jre/lib/amd64/libzip.so
7f96e082f000-7f96e083a000 r-xp 00000000 08:07 541944                     /lib/x86_64-linux-gnu/libnss_files-2.23.so
7f96e083a000-7f96e0a39000 ---p 0000b000 08:07 541944                     /lib/x86_64-linux-gnu/libnss_files-2.23.so
7f96e0a39000-7f96e0a3a000 r--p 0000a000 08:07 541944                     /lib/x86_64-linux-gnu/libnss_files-2.23.so
7f96e0a3a000-7f96e0a3b000 rw-p 0000b000 08:07 541944                     /lib/x86_64-linux-gnu/libnss_files-2.23.so
7f96e0a3b000-7f96e0a41000 rw-p 00000000 00:00 0 
7f96e0a41000-7f96e0a4c000 r-xp 00000000 08:07 541937                     /lib/x86_64-linux-gnu/libnss_nis-2.23.so
7f96e0a4c000-7f96e0c4b000 ---p 0000b000 08:07 541937                     /lib/x86_64-linux-gnu/libnss_nis-2.23.so
7f96e0c4b000-7f96e0c4c000 r--p 0000a000 08:07 541937                     /lib/x86_64-linux-gnu/libnss_nis-2.23.so
7f96e0c4c000-7f96e0c4d000 rw-p 0000b000 08:07 541937                     /lib/x86_64-linux-gnu/libnss_nis-2.23.so
7f96e0c4d000-7f96e0c63000 r-xp 00000000 08:07 541939                     /lib/x86_64-linux-gnu/libnsl-2.23.so
7f96e0c63000-7f96e0e62000 ---p 00016000 08:07 541939                     /lib/x86_64-linux-gnu/libnsl-2.23.so
7f96e0e62000-7f96e0e63000 r--p 00015000 08:07 541939                     /lib/x86_64-linux-gnu/libnsl-2.23.so
7f96e0e63000-7f96e0e64000 rw-p 00016000 08:07 541939                     /lib/x86_64-linux-gnu/libnsl-2.23.so
7f96e0e64000-7f96e0e66000 rw-p 00000000 00:00 0 
7f96e0e66000-7f96e0e6e000 r-xp 00000000 08:07 541946                     /lib/x86_64-linux-gnu/libnss_compat-2.23.so
7f96e0e6e000-7f96e106d000 ---p 00008000 08:07 541946                     /lib/x86_64-linux-gnu/libnss_compat-2.23.so
7f96e106d000-7f96e106e000 r--p 00007000 08:07 541946                     /lib/x86_64-linux-gnu/libnss_compat-2.23.so
7f96e106e000-7f96e106f000 rw-p 00008000 08:07 541946                     /lib/x86_64-linux-gnu/libnss_compat-2.23.so
7f96e106f000-7f96e109c000 r-xp 00000000 08:07 1201547                    /home/chivu/Downloads/android-studio-p/jre/jre/lib/amd64/libjava.so
7f96e109c000-7f96e129b000 ---p 0002d000 08:07 1201547                    /home/chivu/Downloads/android-studio-p/jre/jre/lib/amd64/libjava.so
7f96e129b000-7f96e129c000 r--p 0002c000 08:07 1201547                    /home/chivu/Downloads/android-studio-p/jre/jre/lib/amd64/libjava.so
7f96e129c000-7f96e129e000 rw-p 0002d000 08:07 1201547                    /home/chivu/Downloads/android-studio-p/jre/jre/lib/amd64/libjava.so
7f96e129e000-7f96e12ae000 r-xp 00000000 08:07 1201520                    /home/chivu/Downloads/android-studio-p/jre/jre/lib/amd64/libverify.so
7f96e12ae000-7f96e14ad000 ---p 00010000 08:07 1201520                    /home/chivu/Downloads/android-studio-p/jre/jre/lib/amd64/libverify.so
7f96e14ad000-7f96e14af000 r--p 0000f000 08:07 1201520                    /home/chivu/Downloads/android-studio-p/jre/jre/lib/amd64/libverify.so
7f96e14af000-7f96e14b0000 rw-p 00011000 08:07 1201520                    /home/chivu/Downloads/android-studio-p/jre/jre/lib/amd64/libverify.so
7f96e14b0000-7f96e14b7000 r-xp 00000000 08:07 541947                     /lib/x86_64-linux-gnu/librt-2.23.so
7f96e14b7000-7f96e16b6000 ---p 00007000 08:07 541947                     /lib/x86_64-linux-gnu/librt-2.23.so
7f96e16b6000-7f96e16b7000 r--p 00006000 08:07 541947                     /lib/x86_64-linux-gnu/librt-2.23.so
7f96e16b7000-7f96e16b8000 rw-p 00007000 08:07 541947                     /lib/x86_64-linux-gnu/librt-2.23.so
7f96e16b8000-7f96e17c0000 r-xp 00000000 08:07 541938                     /lib/x86_64-linux-gnu/libm-2.23.so
7f96e17c0000-7f96e19bf000 ---p 00108000 08:07 541938                     /lib/x86_64-linux-gnu/libm-2.23.so
7f96e19bf000-7f96e19c0000 r--p 00107000 08:07 541938                     /lib/x86_64-linux-gnu/libm-2.23.so
7f96e19c0000-7f96e19c1000 rw-p 00108000 08:07 541938                     /lib/x86_64-linux-gnu/libm-2.23.so
7f96e19c1000-7f96e25b2000 r-xp 00000000 08:07 1201528                    /home/chivu/Downloads/android-studio-p/jre/jre/lib/amd64/server/libjvm.so
7f96e25b2000-7f96e27b2000 ---p 00bf1000 08:07 1201528                    /home/chivu/Downloads/android-studio-p/jre/jre/lib/amd64/server/libjvm.so
7f96e27b2000-7f96e2851000 r--p 00bf1000 08:07 1201528                    /home/chivu/Downloads/android-studio-p/jre/jre/lib/amd64/server/libjvm.so
7f96e2851000-7f96e287a000 rw-p 00c90000 08:07 1201528                    /home/chivu/Downloads/android-studio-p/jre/jre/lib/amd64/server/libjvm.so
7f96e287a000-7f96e28be000 rw-p 00000000 00:00 0 
7f96e28be000-7f96e28d6000 r-xp 00000000 08:07 541951                     /lib/x86_64-linux-gnu/libpthread-2.23.so
7f96e28d6000-7f96e2ad5000 ---p 00018000 08:07 541951                     /lib/x86_64-linux-gnu/libpthread-2.23.so
7f96e2ad5000-7f96e2ad6000 r--p 00017000 08:07 541951                     /lib/x86_64-linux-gnu/libpthread-2.23.so
7f96e2ad6000-7f96e2ad7000 rw-p 00018000 08:07 541951                     /lib/x86_64-linux-gnu/libpthread-2.23.so
7f96e2ad7000-7f96e2adb000 rw-p 00000000 00:00 0 
7f96e2adb000-7f96e2ade000 r-xp 00000000 08:07 541936                     /lib/x86_64-linux-gnu/libdl-2.23.so
7f96e2ade000-7f96e2cdd000 ---p 00003000 08:07 541936                     /lib/x86_64-linux-gnu/libdl-2.23.so
7f96e2cdd000-7f96e2cde000 r--p 00002000 08:07 541936                     /lib/x86_64-linux-gnu/libdl-2.23.so
7f96e2cde000-7f96e2cdf000 rw-p 00003000 08:07 541936                     /lib/x86_64-linux-gnu/libdl-2.23.so
7f96e2cdf000-7f96e2e9e000 r-xp 00000000 08:07 541940                     /lib/x86_64-linux-gnu/libc-2.23.so
7f96e2e9e000-7f96e309e000 ---p 001bf000 08:07 541940                     /lib/x86_64-linux-gnu/libc-2.23.so
7f96e309e000-7f96e30a2000 r--p 001bf000 08:07 541940                     /lib/x86_64-linux-gnu/libc-2.23.so
7f96e30a2000-7f96e30a4000 rw-p 001c3000 08:07 541940                     /lib/x86_64-linux-gnu/libc-2.23.so
7f96e30a4000-7f96e30a8000 rw-p 00000000 00:00 0 
7f96e30a8000-7f96e30be000 r-xp 00000000 08:07 1201477                    /home/chivu/Downloads/android-studio-p/jre/lib/amd64/jli/libjli.so
7f96e30be000-7f96e32bd000 ---p 00016000 08:07 1201477                    /home/chivu/Downloads/android-studio-p/jre/lib/amd64/jli/libjli.so
7f96e32bd000-7f96e32be000 r--p 00015000 08:07 1201477                    /home/chivu/Downloads/android-studio-p/jre/lib/amd64/jli/libjli.so
7f96e32be000-7f96e32bf000 rw-p 00016000 08:07 1201477                    /home/chivu/Downloads/android-studio-p/jre/lib/amd64/jli/libjli.so
7f96e32bf000-7f96e32e5000 r-xp 00000000 08:07 541941                     /lib/x86_64-linux-gnu/ld-2.23.so
7f96e32e5000-7f96e32e6000 r--s 00000000 08:07 1189037                    /home/chivu/.gradle/wrapper/dists/gradle-3.3-all/55gk2rcmfc6p2dg9u9ohc3hw9/gradle-3.3/lib/javax.inject-1.jar
7f96e32e6000-7f96e32e7000 r--s 00000000 08:07 1189036                    /home/chivu/.gradle/wrapper/dists/gradle-3.3-all/55gk2rcmfc6p2dg9u9ohc3hw9/gradle-3.3/lib/jcip-annotations-1.0.jar
7f96e32e7000-7f96e32eb000 r--s 00027000 08:07 1189035                    /home/chivu/.gradle/wrapper/dists/gradle-3.3-all/55gk2rcmfc6p2dg9u9ohc3hw9/gradle-3.3/lib/commons-io-2.2.jar
7f96e32eb000-7f96e32f0000 r--s 00038000 08:07 1189032                    /home/chivu/.gradle/wrapper/dists/gradle-3.3-all/55gk2rcmfc6p2dg9u9ohc3hw9/gradle-3.3/lib/asm-all-5.1.jar
7f96e32f0000-7f96e32f1000 r--s 00001000 08:07 1189028                    /home/chivu/.gradle/wrapper/dists/gradle-3.3-all/55gk2rcmfc6p2dg9u9ohc3hw9/gradle-3.3/lib/gradle-process-services-3.3.jar
7f96e32f1000-7f96e32f6000 r--s 00041000 08:07 1189027                    /home/chivu/.gradle/wrapper/dists/gradle-3.3-all/55gk2rcmfc6p2dg9u9ohc3hw9/gradle-3.3/lib/commons-lang-2.6.jar
7f96e32f6000-7f96e32ff000 r--s 00042000 08:07 1189017                    /home/chivu/.gradle/wrapper/dists/gradle-3.3-all/55gk2rcmfc6p2dg9u9ohc3hw9/gradle-3.3/lib/gradle-base-services-3.3.jar
7f96e32ff000-7f96e33c1000 rw-p 00000000 00:00 0 
7f96e33c1000-7f96e33c4000 ---p 00000000 00:00 0 
7f96e33c4000-7f96e34c6000 rw-p 00000000 00:00 0 
7f96e34c6000-7f96e34c8000 r--s 00000000 08:07 1189018                    /home/chivu/.gradle/wrapper/dists/gradle-3.3-all/55gk2rcmfc6p2dg9u9ohc3hw9/gradle-3.3/lib/gradle-jvm-services-3.3.jar
7f96e34c8000-7f96e34c9000 r--s 00000000 08:07 1189183                    /home/chivu/.gradle/wrapper/dists/gradle-3.3-all/55gk2rcmfc6p2dg9u9ohc3hw9/gradle-3.3/lib/gradle-version-info-3.3.jar
7f96e34c9000-7f96e34ca000 r--s 00007000 08:07 1189025                    /home/chivu/.gradle/wrapper/dists/gradle-3.3-all/55gk2rcmfc6p2dg9u9ohc3hw9/gradle-3.3/lib/slf4j-api-1.7.10.jar
7f96e34ca000-7f96e34cb000 r--s 00004000 08:07 1189050                    /home/chivu/.gradle/wrapper/dists/gradle-3.3-all/55gk2rcmfc6p2dg9u9ohc3hw9/gradle-3.3/lib/ant-launcher-1.9.6.jar
7f96e34cb000-7f96e34d8000 r--s 0005c000 08:07 1189014                    /home/chivu/.gradle/wrapper/dists/gradle-3.3-all/55gk2rcmfc6p2dg9u9ohc3hw9/gradle-3.3/lib/gradle-launcher-3.3.jar
7f96e34d8000-7f96e34e0000 rw-s 00000000 08:07 262192                     /tmp/hsperfdata_chivu/3063
7f96e34e0000-7f96e34e1000 rw-p 00000000 00:00 0 
7f96e34e1000-7f96e34e2000 ---p 00000000 00:00 0 
7f96e34e2000-7f96e34e4000 rw-p 00000000 00:00 0 
7f96e34e4000-7f96e34e5000 r--p 00025000 08:07 541941                     /lib/x86_64-linux-gnu/ld-2.23.so
7f96e34e5000-7f96e34e6000 rw-p 00026000 08:07 541941                     /lib/x86_64-linux-gnu/ld-2.23.so
7f96e34e6000-7f96e34e7000 rw-p 00000000 00:00 0 
7ffedfc10000-7ffedfc31000 rw-p 00000000 00:00 0                          [stack]
7ffedfcf9000-7ffedfcfb000 r--p 00000000 00:00 0                          [vvar]
7ffedfcfb000-7ffedfcfd000 r-xp 00000000 00:00 0                          [vdso]
ffffffffff600000-ffffffffff601000 r-xp 00000000 00:00 0                  [vsyscall]

VM Arguments:
jvm_args: -Xmx1536m -Dfile.encoding=UTF-8 -Duser.country=IN -Duser.language=en -Duser.variant 
java_command: org.gradle.launcher.daemon.bootstrap.GradleDaemon 3.3
java_class_path (initial): /home/chivu/.gradle/wrapper/dists/gradle-3.3-all/55gk2rcmfc6p2dg9u9ohc3hw9/gradle-3.3/lib/gradle-launcher-3.3.jar
Launcher Type: SUN_STANDARD

Environment Variables:
JAVA_HOME=/usr/lib/jvm/java-8-oracle
PATH=/home/chivu/bin:/home/chivu/.local/bin:/usr/local/sbin:/usr/local/bin:/usr/sbin:/usr/bin:/sbin:/bin:/usr/games:/usr/local/games:/snap/bin:/usr/lib/jvm/java-8-oracle/bin:/usr/lib/jvm/java-8-oracle/db/bin:/usr/lib/jvm/java-8-oracle/jre/bin
LD_LIBRARY_PATH=/home/chivu/Downloads/android-studio-p/bin:
SHELL=/bin/bash
DISPLAY=:0

Signal Handlers:
SIGSEGV: [libjvm.so+0x9e5150], sa_mask[0]=11111111011111111101111111111110, sa_flags=SA_RESTART|SA_SIGINFO
SIGBUS: [libjvm.so+0x9e5150], sa_mask[0]=11111111011111111101111111111110, sa_flags=SA_RESTART|SA_SIGINFO
SIGFPE: [libjvm.so+0x848450], sa_mask[0]=11111111011111111101111111111110, sa_flags=SA_RESTART|SA_SIGINFO
SIGPIPE: [libjvm.so+0x848450], sa_mask[0]=11111111011111111101111111111110, sa_flags=SA_RESTART|SA_SIGINFO
SIGXFSZ: [libjvm.so+0x848450], sa_mask[0]=11111111011111111101111111111110, sa_flags=SA_RESTART|SA_SIGINFO
SIGILL: [libjvm.so+0x848450], sa_mask[0]=11111111011111111101111111111110, sa_flags=SA_RESTART|SA_SIGINFO
SIGUSR1: SIG_DFL, sa_mask[0]=00000000000000000000000000000000, sa_flags=none
SIGUSR2: [libjvm.so+0x848320], sa_mask[0]=00100000000000000000000000000000, sa_flags=SA_RESTART|SA_SIGINFO
SIGHUP: [libjvm.so+0x848510], sa_mask[0]=11111111011111111101111111111110, sa_flags=SA_RESTART|SA_SIGINFO
SIGINT: [libjvm.so+0x848510], sa_mask[0]=11111111011111111101111111111110, sa_flags=SA_RESTART|SA_SIGINFO
SIGTERM: [libjvm.so+0x848510], sa_mask[0]=11111111011111111101111111111110, sa_flags=SA_RESTART|SA_SIGINFO
SIGQUIT: [libjvm.so+0x848510], sa_mask[0]=11111111011111111101111111111110, sa_flags=SA_RESTART|SA_SIGINFO


---------------  S Y S T E M  ---------------

OS:DISTRIB_ID=Ubuntu
DISTRIB_RELEASE=16.04
DISTRIB_CODENAME=xenial
DISTRIB_DESCRIPTION="Ubuntu 16.04.2 LTS"

uname:Linux 4.4.0-79-generic #100-Ubuntu SMP Wed May 17 19:58:14 UTC 2017 x86_64
libc:glibc 2.23 NPTL 2.23 
rlimit: STACK 8192k, CORE 0k, NPROC 15361, NOFILE 65536, AS infinity
load average:4.18 3.44 1.77

/proc/meminfo:
MemTotal:        3972820 kB
MemFree:          126080 kB
MemAvailable:      58152 kB
Buffers:            3060 kB
Cached:           218572 kB
SwapCached:           84 kB
Active:          2604792 kB
Inactive:        1081964 kB
Active(anon):    2567160 kB
Inactive(anon):  1048824 kB
Active(file):      37632 kB
Inactive(file):    33140 kB
Unevictable:         136 kB
Mlocked:             136 kB
SwapTotal:          1020 kB
SwapFree:              0 kB
Dirty:               264 kB
Writeback:             0 kB
AnonPages:       3465724 kB
Mapped:           110224 kB
Shmem:            150336 kB
Slab:              72036 kB
SReclaimable:      38376 kB
SUnreclaim:        33660 kB
KernelStack:        9408 kB
PageTables:        36292 kB
NFS_Unstable:          0 kB
Bounce:                0 kB
WritebackTmp:          0 kB
CommitLimit:     1987428 kB
Committed_AS:    7091848 kB
VmallocTotal:   34359738367 kB
VmallocUsed:           0 kB
VmallocChunk:          0 kB
HardwareCorrupted:     0 kB
AnonHugePages:   1019904 kB
CmaTotal:              0 kB
CmaFree:               0 kB
HugePages_Total:       0
HugePages_Free:        0
HugePages_Rsvd:        0
HugePages_Surp:        0
Hugepagesize:       2048 kB
DirectMap4k:      129792 kB
DirectMap2M:     2942976 kB
DirectMap1G:     2097152 kB


CPU:total 4 (2 cores per cpu, 2 threads per core) family 6 model 69 stepping 1, cmov, cx8, fxsr, mmx, sse, sse2, sse3, ssse3, sse4.1, sse4.2, popcnt, avx, avx2, aes, clmul, erms, lzcnt, ht, tsc, tscinvbit, bmi1, bmi2

/proc/cpuinfo:
processor	: 0
vendor_id	: GenuineIntel
cpu family	: 6
model		: 69
model name	: Intel(R) Core(TM) i3-4030U CPU @ 1.90GHz
stepping	: 1
microcode	: 0x1d
cpu MHz		: 1799.953
cache size	: 3072 KB
physical id	: 0
siblings	: 4
core id		: 0
cpu cores	: 2
apicid		: 0
initial apicid	: 0
fpu		: yes
fpu_exception	: yes
cpuid level	: 13
wp		: yes
flags		: fpu vme de pse tsc msr pae mce cx8 apic sep mtrr pge mca cmov pat pse36 clflush dts acpi mmx fxsr sse sse2 ss ht tm pbe syscall nx pdpe1gb rdtscp lm constant_tsc arch_perfmon pebs bts rep_good nopl xtopology nonstop_tsc aperfmperf eagerfpu pni pclmulqdq dtes64 monitor ds_cpl vmx est tm2 ssse3 sdbg fma cx16 xtpr pdcm pcid sse4_1 sse4_2 x2apic movbe popcnt tsc_deadline_timer aes xsave avx f16c rdrand lahf_lm abm epb tpr_shadow vnmi flexpriority ept vpid fsgsbase tsc_adjust bmi1 avx2 smep bmi2 erms invpcid xsaveopt dtherm arat pln pts
bugs		:
bogomips	: 3791.30
clflush size	: 64
cache_alignment	: 64
address sizes	: 39 bits physical, 48 bits virtual
power management:

processor	: 1
vendor_id	: GenuineIntel
cpu family	: 6
model		: 69
model name	: Intel(R) Core(TM) i3-4030U CPU @ 1.90GHz
stepping	: 1
microcode	: 0x1d
cpu MHz		: 1799.953
cache size	: 3072 KB
physical id	: 0
siblings	: 4
core id		: 0
cpu cores	: 2
apicid		: 1
initial apicid	: 1
fpu		: yes
fpu_exception	: yes
cpuid level	: 13
wp		: yes
flags		: fpu vme de pse tsc msr pae mce cx8 apic sep mtrr pge mca cmov pat pse36 clflush dts acpi mmx fxsr sse sse2 ss ht tm pbe syscall nx pdpe1gb rdtscp lm constant_tsc arch_perfmon pebs bts rep_good nopl xtopology nonstop_tsc aperfmperf eagerfpu pni pclmulqdq dtes64 monitor ds_cpl vmx est tm2 ssse3 sdbg fma cx16 xtpr pdcm pcid sse4_1 sse4_2 x2apic movbe popcnt tsc_deadline_timer aes xsave avx f16c rdrand lahf_lm abm epb tpr_shadow vnmi flexpriority ept vpid fsgsbase tsc_adjust bmi1 avx2 smep bmi2 erms invpcid xsaveopt dtherm arat pln pts
bugs		:
bogomips	: 3791.30
clflush size	: 64
cache_alignment	: 64
address sizes	: 39 bits physical, 48 bits virtual
power management:

processor	: 2
vendor_id	: GenuineIntel
cpu family	: 6
model		: 69
model name	: Intel(R) Core(TM) i3-4030U CPU @ 1.90GHz
stepping	: 1
microcode	: 0x1d
cpu MHz		: 1800.027
cache size	: 3072 KB
physical id	: 0
siblings	: 4
core id		: 1
cpu cores	: 2
apicid		: 2
initial apicid	: 2
fpu		: yes
fpu_exception	: yes
cpuid level	: 13
wp		: yes
flags		: fpu vme de pse tsc msr pae mce cx8 apic sep mtrr pge mca cmov pat pse36 clflush dts acpi mmx fxsr sse sse2 ss ht tm pbe syscall nx pdpe1gb rdtscp lm constant_tsc arch_perfmon pebs bts rep_good nopl xtopology nonstop_tsc aperfmperf eagerfpu pni pclmulqdq dtes64 monitor ds_cpl vmx est tm2 ssse3 sdbg fma cx16 xtpr pdcm pcid sse4_1 sse4_2 x2apic movbe popcnt tsc_deadline_timer aes xsave avx f16c rdrand lahf_lm abm epb tpr_shadow vnmi flexpriority ept vpid fsgsbase tsc_adjust bmi1 avx2 smep bmi2 erms invpcid xsaveopt dtherm arat pln pts
bugs		:
bogomips	: 3791.30
clflush size	: 64
cache_alignment	: 64
address sizes	: 39 bits physical, 48 bits virtual
power management:

processor	: 3
vendor_id	: GenuineIntel
cpu family	: 6
model		: 69
model name	: Intel(R) Core(TM) i3-4030U CPU @ 1.90GHz
stepping	: 1
microcode	: 0x1d
cpu MHz		: 1800.027
cache size	: 3072 KB
physical id	: 0
siblings	: 4
core id		: 1
cpu cores	: 2
apicid		: 3
initial apicid	: 3
fpu		: yes
fpu_exception	: yes
cpuid level	: 13
wp		: yes
flags		: fpu vme de pse tsc msr pae mce cx8 apic sep mtrr pge mca cmov pat pse36 clflush dts acpi mmx fxsr sse sse2 ss ht tm pbe syscall nx pdpe1gb rdtscp lm constant_tsc arch_perfmon pebs bts rep_good nopl xtopology nonstop_tsc aperfmperf eagerfpu pni pclmulqdq dtes64 monitor ds_cpl vmx est tm2 ssse3 sdbg fma cx16 xtpr pdcm pcid sse4_1 sse4_2 x2apic movbe popcnt tsc_deadline_timer aes xsave avx f16c rdrand lahf_lm abm epb tpr_shadow vnmi flexpriority ept vpid fsgsbase tsc_adjust bmi1 avx2 smep bmi2 erms invpcid xsaveopt dtherm arat pln pts
bugs		:
bogomips	: 3791.30
clflush size	: 64
cache_alignment	: 64
address sizes	: 39 bits physical, 48 bits virtual
power management:



Memory: 4k page, physical 3972820k(126080k free), swap 1020k(0k free)

vm_info: OpenJDK 64-Bit Server VM (25.112-b06) for linux-amd64 JRE (1.8.0_112-release-b06), built on Dec  6 2016 12:11:18 by "builder" with gcc 4.8.4

time: Sun Jul 16 13:11:03 2017
elapsed time: 59 seconds (0d 0h 0m 59s)

