#
# There is insufficient memory for the Java Runtime Environment to continue.
# Native memory allocation (mmap) failed to map 208666624 bytes for committing reserved memory.
# Possible reasons:
#   The system is out of physical RAM or swap space
#   In 32 bit mode, the process size limit was hit
# Possible solutions:
#   Reduce memory load on the system
#   Increase physical memory or swap space
#   Check if swap backing store is full
#   Use 64 bit Java on a 64 bit OS
#   Decrease Java heap size (-Xmx/-Xms)
#   Decrease number of Java threads
#   Decrease Java thread stack sizes (-Xss)
#   Set larger code cache with -XX:ReservedCodeCacheSize=
# This output file may be truncated or incomplete.
#
#  Out of Memory Error (os_linux.cpp:2627), pid=2662, tid=0x00007f932b5f5700
#
# JRE version: OpenJDK Runtime Environment (8.0_112-b06) (build 1.8.0_112-release-b06)
# Java VM: OpenJDK 64-Bit Server VM (25.112-b06 mixed mode linux-amd64 compressed oops)
# Failed to write core dump. Core dumps have been disabled. To enable core dumping, try "ulimit -c unlimited" before starting Java again
#

---------------  T H R E A D  ---------------

Current thread (0x00007f9350077800):  VMThread [stack: 0x00007f932b4f5000,0x00007f932b5f6000] [id=2670]

Stack: [0x00007f932b4f5000,0x00007f932b5f6000],  sp=0x00007f932b5f44d0,  free space=1021k
Native frames: (J=compiled Java code, j=interpreted, Vv=VM code, C=native code)
V  [libjvm.so+0x9e465d]  VMError::report_and_die()+0x15d
V  [libjvm.so+0x4b6ada]  report_vm_out_of_memory(char const*, int, unsigned long, VMErrorType, char const*)+0x8a
V  [libjvm.so+0x84c860]  os::pd_commit_memory(char*, unsigned long, unsigned long, bool)+0xf0
V  [libjvm.so+0x84737f]  os::commit_memory(char*, unsigned long, unsigned long, bool)+0x1f
V  [libjvm.so+0x8bd3db]  PSVirtualSpace::expand_by(unsigned long)+0x5b
V  [libjvm.so+0x8ae1bb]  PSOldGen::expand_by(unsigned long) [clone .part.109]+0x1b
V  [libjvm.so+0x8ae37b]  PSOldGen::expand(unsigned long) [clone .part.111]+0xdb
V  [libjvm.so+0x8aec58]  PSOldGen::resize(unsigned long)+0x188
V  [libjvm.so+0x8b426c]  PSParallelCompact::invoke_no_policy(bool)+0x97c
V  [libjvm.so+0x8bb37d]  PSScavenge::invoke()+0x17d
V  [libjvm.so+0x86fcf3]  ParallelScavengeHeap::failed_mem_allocate(unsigned long)+0x63
V  [libjvm.so+0x9e6124]  VM_ParallelGCFailedAllocation::doit()+0x84
V  [libjvm.so+0x9ea537]  VM_Operation::evaluate()+0x47
V  [libjvm.so+0x9e8ff8]  VMThread::evaluate_operation(VM_Operation*)+0x2c8
V  [libjvm.so+0x9e9479]  VMThread::loop()+0x219
V  [libjvm.so+0x9e98c2]  VMThread::run()+0x72
V  [libjvm.so+0x849c82]  java_start(Thread*)+0xf2

VM_Operation (0x00007f92e11f3fd0): ParallelGCFailedAllocation, mode: safepoint, requested by thread 0x00007f92bc09d000


---------------  P R O C E S S  ---------------

Java Threads: ( => current thread )
  0x00007f92bc09d000 JavaThread "pool-36-thread-4" [_thread_blocked, id=4080, stack(0x00007f92e10f5000,0x00007f92e11f6000)]
  0x00007f92bc023000 JavaThread "pool-36-thread-3" [_thread_blocked, id=4079, stack(0x00007f92e1be3000,0x00007f92e1ce4000)]
  0x00007f92bc022800 JavaThread "pool-36-thread-2" [_thread_blocked, id=4078, stack(0x00007f92e19e1000,0x00007f92e1ae2000)]
  0x00007f92bc02d000 JavaThread "pool-37-thread-1" [_thread_blocked, id=4077, stack(0x00007f92e0ff4000,0x00007f92e10f5000)]
  0x00007f92bc024800 JavaThread "pool-36-thread-1" [_thread_blocked, id=4076, stack(0x00007f92e23fc000,0x00007f92e24fd000)]
  0x00007f92c0027000 JavaThread "process reaper" daemon [_thread_blocked, id=4051, stack(0x00007f93280b5000,0x00007f93280ee000)]
  0x00007f92f0007000 JavaThread "Cache update executor" [_thread_blocked, id=4047, stack(0x00007f92e1de5000,0x00007f92e1ee6000)]
  0x00007f92f0004800 JavaThread "Stdin handler" [_thread_blocked, id=4044, stack(0x00007f9328870000,0x00007f9328971000)]
  0x00007f92f0001800 JavaThread "Asynchronous log dispatcher for DefaultDaemonConnection: socket connection from /127.0.0.1:41204 to /127.0.0.1:42832" [_thread_blocked, id=4042, stack(0x00007f9328971000,0x00007f9328a72000)]
  0x00007f9300005800 JavaThread "Daemon worker Thread 6" [_thread_blocked, id=4040, stack(0x00007f9328e74000,0x00007f9328f75000)]
  0x00007f9300008000 JavaThread "Cancel handler" [_thread_blocked, id=4039, stack(0x00007f9328a72000,0x00007f9328b73000)]
  0x00007f930000d000 JavaThread "Handler for socket connection from /127.0.0.1:41204 to /127.0.0.1:42832" [_thread_in_native, id=4038, stack(0x00007f9328b73000,0x00007f9328c74000)]
  0x00007f92fc00d000 JavaThread "Daemon Thread 6" [_thread_blocked, id=4037, stack(0x00007f9328f75000,0x00007f9329076000)]
  0x00007f92f401a000 JavaThread "pool-10-thread-4" [_thread_blocked, id=3902, stack(0x00007f92e0ef3000,0x00007f92e0ff4000)]
  0x00007f92cc005000 JavaThread "pool-10-thread-3" [_thread_blocked, id=3363, stack(0x00007f92e0df2000,0x00007f92e0ef3000)]
  0x00007f92f4017000 JavaThread "pool-10-thread-2" [_thread_blocked, id=3185, stack(0x00007f92e1ee6000,0x00007f92e1fe7000)]
  0x00007f92c000a000 JavaThread "pool-10-thread-1" [_thread_blocked, id=3067, stack(0x00007f92e0aef000,0x00007f92e0bf0000)]
  0x00007f92ecb02800 JavaThread "pool-2-thread-1" [_thread_blocked, id=2702, stack(0x00007f92e3310000,0x00007f92e3411000)]
  0x00007f92ec78a800 JavaThread "File lock request listener" [_thread_in_native, id=2701, stack(0x00007f92e38ff000,0x00007f92e3a00000)]
  0x00007f9350d39000 JavaThread "pool-1-thread-1" [_thread_blocked, id=2688, stack(0x00007f932876f000,0x00007f9328870000)]
  0x00007f9350cde800 JavaThread "Incoming local TCP Connector on port 41204" [_thread_in_native, id=2679, stack(0x00007f932927d000,0x00007f932937e000)]
  0x00007f93500bf800 JavaThread "Service Thread" daemon [_thread_blocked, id=2677, stack(0x00007f932ab16000,0x00007f932ac17000)]
  0x00007f93500bc800 JavaThread "C1 CompilerThread2" daemon [_thread_blocked, id=2676, stack(0x00007f932ac17000,0x00007f932ad18000)]
  0x00007f93500ba800 JavaThread "C2 CompilerThread1" daemon [_thread_blocked, id=2675, stack(0x00007f932ad18000,0x00007f932ae19000)]
  0x00007f93500b7800 JavaThread "C2 CompilerThread0" daemon [_thread_blocked, id=2674, stack(0x00007f932ae19000,0x00007f932af1a000)]
  0x00007f93500b6800 JavaThread "Signal Dispatcher" daemon [_thread_blocked, id=2673, stack(0x00007f932af1a000,0x00007f932b01b000)]
  0x00007f9350083800 JavaThread "Finalizer" daemon [_thread_blocked, id=2672, stack(0x00007f932b2f3000,0x00007f932b3f4000)]
  0x00007f935007f000 JavaThread "Reference Handler" daemon [_thread_blocked, id=2671, stack(0x00007f932b3f4000,0x00007f932b4f5000)]
  0x00007f935000a000 JavaThread "main" [_thread_blocked, id=2665, stack(0x00007f9356dca000,0x00007f9356ecb000)]

Other Threads:
=>0x00007f9350077800 VMThread [stack: 0x00007f932b4f5000,0x00007f932b5f6000] [id=2670]
  0x00007f93500c2000 WatcherThread [stack: 0x00007f932aa15000,0x00007f932ab16000] [id=2678]

VM state:at safepoint (normal execution)

VM Mutex/Monitor currently owned by a thread:  ([mutex/lock_event])
[0x00007f9350005df0] ExpandHeap_lock - owner thread: 0x00007f9350077800
[0x00007f9350006470] Threads_lock - owner thread: 0x00007f9350077800
[0x00007f9350006970] Heap_lock - owner thread: 0x00007f92bc09d000

Heap:
 PSYoungGen      total 409600K, used 44925K [0x00000000e0000000, 0x0000000100000000, 0x0000000100000000)
  eden space 294912K, 0% used [0x00000000e0000000,0x00000000e0000000,0x00000000f2000000)
  from space 114688K, 39% used [0x00000000f2000000,0x00000000f4bdf540,0x00000000f9000000)
  to   space 114688K, 0% used [0x00000000f9000000,0x00000000f9000000,0x0000000100000000)
 ParOldGen       total 598016K, used 597973K [0x00000000a0000000, 0x00000000c4800000, 0x00000000e0000000)
  object space 598016K, 99% used [0x00000000a0000000,0x00000000c47f5458,0x00000000c4800000)
 Metaspace       used 78791K, capacity 82898K, committed 84784K, reserved 1122304K
  class space    used 9768K, capacity 10517K, committed 11056K, reserved 1048576K

Card table byte_map: [0x00007f934093f000,0x00007f9340c40000] byte_map_base: 0x00007f934043f000

Marking Bits: (ParMarkBitMap*) 0x00007f9356298340
 Begin Bits: [0x00007f9339000000, 0x00007f933a800000)
 End Bits:   [0x00007f933a800000, 0x00007f933c000000)

Polling page: 0x00007f9356eea000

CodeCache: size=245760Kb used=66127Kb max_used=66437Kb free=179632Kb
 bounds [0x00007f9341000000, 0x00007f93451d0000, 0x00007f9350000000]
 total_blobs=18521 nmethods=17719 adapters=714
 compilation: enabled

Compilation events (10 events):
Event: 3400.367 Thread 0x00007f93500bc800 23383       3       com.android.dx.ssa.back.FirstFitLocalCombiningAllocator::fitPlanForRange (250 bytes)
Event: 3400.379 Thread 0x00007f93500bc800 nmethod 23383 0x00007f9344e55fd0 code [0x00007f9344e56360, 0x00007f9344e58438]
Event: 3400.390 Thread 0x00007f93500bc800 23382 %     3       com.android.dx.ssa.back.FirstFitLocalCombiningAllocator::rangeContainsReserved @ 2 (30 bytes)
Event: 3400.390 Thread 0x00007f93500bc800 nmethod 23382% 0x00007f93424d8210 code [0x00007f93424d83a0, 0x00007f93424d86a8]
Event: 3400.701 Thread 0x00007f93500bc800 23387 %     3       com.android.dx.ssa.back.FirstFitLocalCombiningAllocator::findNextUnreservedRopReg @ 14 (68 bytes)
Event: 3400.702 Thread 0x00007f93500bc800 nmethod 23387% 0x00007f9344be4350 code [0x00007f9344be4500, 0x00007f9344be4aa8]
Event: 3400.704 Thread 0x00007f93500bc800 23388       3       com.android.dx.ssa.back.FirstFitLocalCombiningAllocator::findNextUnreservedRopReg (68 bytes)
Event: 3400.705 Thread 0x00007f93500bc800 nmethod 23388 0x00007f934251c150 code [0x00007f934251c300, 0x00007f934251c808]
Event: 3400.751 Thread 0x00007f93500b7800 nmethod 23379 0x00007f93451b1650 code [0x00007f93451b2020, 0x00007f93451b88e0]
Event: 3400.763 Thread 0x00007f93500b7800 23384   !   4       com.android.dx.cf.code.Ropper::doit (126 bytes)

GC Heap History (10 events):
Event: 3395.608 GC heap after
Heap after GC invocations=44 (full 6):
 PSYoungGen      total 398848K, used 56401K [0x00000000e0000000, 0x0000000100000000, 0x0000000100000000)
  eden space 313344K, 0% used [0x00000000e0000000,0x00000000e0000000,0x00000000f3200000)
  from space 85504K, 65% used [0x00000000fac80000,0x00000000fe3944e8,0x0000000100000000)
  to   space 105472K, 0% used [0x00000000f3200000,0x00000000f3200000,0x00000000f9900000)
 ParOldGen       total 423936K, used 406190K [0x00000000a0000000, 0x00000000b9e00000, 0x00000000e0000000)
  object space 423936K, 95% used [0x00000000a0000000,0x00000000b8cab918,0x00000000b9e00000)
 Metaspace       used 78790K, capacity 82898K, committed 84784K, reserved 1122304K
  class space    used 9768K, capacity 10517K, committed 11056K, reserved 1048576K
}
Event: 3395.608 GC heap before
{Heap before GC invocations=45 (full 7):
 PSYoungGen      total 398848K, used 56401K [0x00000000e0000000, 0x0000000100000000, 0x0000000100000000)
  eden space 313344K, 0% used [0x00000000e0000000,0x00000000e0000000,0x00000000f3200000)
  from space 85504K, 65% used [0x00000000fac80000,0x00000000fe3944e8,0x0000000100000000)
  to   space 105472K, 0% used [0x00000000f3200000,0x00000000f3200000,0x00000000f9900000)
 ParOldGen       total 423936K, used 406190K [0x00000000a0000000, 0x00000000b9e00000, 0x00000000e0000000)
  object space 423936K, 95% used [0x00000000a0000000,0x00000000b8cab918,0x00000000b9e00000)
 Metaspace       used 78790K, capacity 82898K, committed 84784K, reserved 1122304K
  class space    used 9768K, capacity 10517K, committed 11056K, reserved 1048576K
Event: 3398.090 GC heap after
Heap after GC invocations=45 (full 7):
 PSYoungGen      total 398848K, used 34544K [0x00000000e0000000, 0x0000000100000000, 0x0000000100000000)
  eden space 313344K, 0% used [0x00000000e0000000,0x00000000e0000000,0x00000000f3200000)
  from space 85504K, 40% used [0x00000000fac80000,0x00000000fce3c038,0x0000000100000000)
  to   space 105472K, 0% used [0x00000000f3200000,0x00000000f3200000,0x00000000f9900000)
 ParOldGen       total 598016K, used 423462K [0x00000000a0000000, 0x00000000c4800000, 0x00000000e0000000)
  object space 598016K, 70% used [0x00000000a0000000,0x00000000b9d89850,0x00000000c4800000)
 Metaspace       used 78790K, capacity 82898K, committed 84784K, reserved 1122304K
  class space    used 9768K, capacity 10517K, committed 11056K, reserved 1048576K
}
Event: 3399.000 GC heap before
{Heap before GC invocations=46 (full 7):
 PSYoungGen      total 398848K, used 347888K [0x00000000e0000000, 0x0000000100000000, 0x0000000100000000)
  eden space 313344K, 100% used [0x00000000e0000000,0x00000000f3200000,0x00000000f3200000)
  from space 85504K, 40% used [0x00000000fac80000,0x00000000fce3c038,0x0000000100000000)
  to   space 105472K, 0% used [0x00000000f3200000,0x00000000f3200000,0x00000000f9900000)
 ParOldGen       total 598016K, used 423462K [0x00000000a0000000, 0x00000000c4800000, 0x00000000e0000000)
  object space 598016K, 70% used [0x00000000a0000000,0x00000000b9d89850,0x00000000c4800000)
 Metaspace       used 78790K, capacity 82898K, committed 84784K, reserved 1122304K
  class space    used 9768K, capacity 10517K, committed 11056K, reserved 1048576K
Event: 3399.311 GC heap after
Heap after GC invocations=46 (full 7):
 PSYoungGen      total 418816K, used 50129K [0x00000000e0000000, 0x0000000100000000, 0x0000000100000000)
  eden space 313344K, 0% used [0x00000000e0000000,0x00000000e0000000,0x00000000f3200000)
  from space 105472K, 47% used [0x00000000f3200000,0x00000000f62f4548,0x00000000f9900000)
  to   space 101376K, 0% used [0x00000000f9d00000,0x00000000f9d00000,0x0000000100000000)
 ParOldGen       total 598016K, used 456179K [0x00000000a0000000, 0x00000000c4800000, 0x00000000e0000000)
  object space 598016K, 76% used [0x00000000a0000000,0x00000000bbd7cda8,0x00000000c4800000)
 Metaspace       used 78790K, capacity 82898K, committed 84784K, reserved 1122304K
  class space    used 9768K, capacity 10517K, committed 11056K, reserved 1048576K
}
Event: 3400.198 GC heap before
{Heap before GC invocations=47 (full 7):
 PSYoungGen      total 418816K, used 363473K [0x00000000e0000000, 0x0000000100000000, 0x0000000100000000)
  eden space 313344K, 100% used [0x00000000e0000000,0x00000000f3200000,0x00000000f3200000)
  from space 105472K, 47% used [0x00000000f3200000,0x00000000f62f4548,0x00000000f9900000)
  to   space 101376K, 0% used [0x00000000f9d00000,0x00000000f9d00000,0x0000000100000000)
 ParOldGen       total 598016K, used 456179K [0x00000000a0000000, 0x00000000c4800000, 0x00000000e0000000)
  object space 598016K, 76% used [0x00000000a0000000,0x00000000bbd7cda8,0x00000000c4800000)
 Metaspace       used 78791K, capacity 82898K, committed 84784K, reserved 1122304K
  class space    used 9768K, capacity 10517K, committed 11056K, reserved 1048576K
Event: 3400.364 GC heap after
Heap after GC invocations=47 (full 7):
 PSYoungGen      total 396288K, used 96889K [0x00000000e0000000, 0x0000000100000000, 0x0000000100000000)
  eden space 294912K, 0% used [0x00000000e0000000,0x00000000e0000000,0x00000000f2000000)
  from space 101376K, 95% used [0x00000000f9d00000,0x00000000ffb9e550,0x0000000100000000)
  to   space 114688K, 0% used [0x00000000f2000000,0x00000000f2000000,0x00000000f9000000)
 ParOldGen       total 598016K, used 456179K [0x00000000a0000000, 0x00000000c4800000, 0x00000000e0000000)
  object space 598016K, 76% used [0x00000000a0000000,0x00000000bbd7cda8,0x00000000c4800000)
 Metaspace       used 78791K, capacity 82898K, committed 84784K, reserved 1122304K
  class space    used 9768K, capacity 10517K, committed 11056K, reserved 1048576K
}
Event: 3401.349 GC heap before
{Heap before GC invocations=48 (full 7):
 PSYoungGen      total 396288K, used 391801K [0x00000000e0000000, 0x0000000100000000, 0x0000000100000000)
  eden space 294912K, 100% used [0x00000000e0000000,0x00000000f2000000,0x00000000f2000000)
  from space 101376K, 95% used [0x00000000f9d00000,0x00000000ffb9e550,0x0000000100000000)
  to   space 114688K, 0% used [0x00000000f2000000,0x00000000f2000000,0x00000000f9000000)
 ParOldGen       total 598016K, used 456179K [0x00000000a0000000, 0x00000000c4800000, 0x00000000e0000000)
  object space 598016K, 76% used [0x00000000a0000000,0x00000000bbd7cda8,0x00000000c4800000)
 Metaspace       used 78791K, capacity 82898K, committed 84784K, reserved 1122304K
  class space    used 9768K, capacity 10517K, committed 11056K, reserved 1048576K
Event: 3401.633 GC heap after
Heap after GC invocations=48 (full 7):
 PSYoungGen      total 409600K, used 114669K [0x00000000e0000000, 0x0000000100000000, 0x0000000100000000)
  eden space 294912K, 0% used [0x00000000e0000000,0x00000000e0000000,0x00000000f2000000)
  from space 114688K, 99% used [0x00000000f2000000,0x00000000f8ffb518,0x00000000f9000000)
  to   space 114688K, 0% used [0x00000000f9000000,0x00000000f9000000,0x0000000100000000)
 ParOldGen       total 598016K, used 533175K [0x00000000a0000000, 0x00000000c4800000, 0x00000000e0000000)
  object space 598016K, 89% used [0x00000000a0000000,0x00000000c08ade90,0x00000000c4800000)
 Metaspace       used 78791K, capacity 82898K, committed 84784K, reserved 1122304K
  class space    used 9768K, capacity 10517K, committed 11056K, reserved 1048576K
}
Event: 3401.633 GC heap before
{Heap before GC invocations=49 (full 8):
 PSYoungGen      total 409600K, used 114669K [0x00000000e0000000, 0x0000000100000000, 0x0000000100000000)
  eden space 294912K, 0% used [0x00000000e0000000,0x00000000e0000000,0x00000000f2000000)
  from space 114688K, 99% used [0x00000000f2000000,0x00000000f8ffb518,0x00000000f9000000)
  to   space 114688K, 0% used [0x00000000f9000000,0x00000000f9000000,0x0000000100000000)
 ParOldGen       total 598016K, used 533175K [0x00000000a0000000, 0x00000000c4800000, 0x00000000e0000000)
  object space 598016K, 89% used [0x00000000a0000000,0x00000000c08ade90,0x00000000c4800000)
 Metaspace       used 78791K, capacity 82898K, committed 84784K, reserved 1122304K
  class space    used 9768K, capacity 10517K, committed 11056K, reserved 1048576K

Deoptimization events (10 events):
Event: 3395.366 Thread 0x00007f92bc09d000 Uncommon trap: reason=bimorphic action=maybe_recompile pc=0x00007f934512dde4 method=com.android.dx.cf.code.OneLocalsArray.set(ILcom/android/dx/rop/type/TypeBearer;)V @ 85
Event: 3395.366 Thread 0x00007f92bc09d000 Uncommon trap: reason=bimorphic action=maybe_recompile pc=0x00007f934512dde4 method=com.android.dx.cf.code.OneLocalsArray.set(ILcom/android/dx/rop/type/TypeBearer;)V @ 85
Event: 3398.175 Thread 0x00007f92bc023000 Uncommon trap: reason=bimorphic action=maybe_recompile pc=0x00007f934512dde4 method=com.android.dx.cf.code.OneLocalsArray.set(ILcom/android/dx/rop/type/TypeBearer;)V @ 85
Event: 3398.175 Thread 0x00007f92bc023000 Uncommon trap: reason=bimorphic action=maybe_recompile pc=0x00007f934512dde4 method=com.android.dx.cf.code.OneLocalsArray.set(ILcom/android/dx/rop/type/TypeBearer;)V @ 85
Event: 3398.175 Thread 0x00007f92bc023000 Uncommon trap: reason=class_check action=maybe_recompile pc=0x00007f9344d48994 method=com.android.dx.cf.code.OneLocalsArray.set(ILcom/android/dx/rop/type/TypeBearer;)V @ 85
Event: 3398.454 Thread 0x00007f92bc09d000 Uncommon trap: reason=unstable_if action=reinterpret pc=0x00007f9345117138 method=com.android.dx.ssa.back.IdenticalBlockCombiner.replaceSucc(Lcom/android/dx/rop/code/BasicBlock;II)V @ 30
Event: 3398.456 Thread 0x00007f92bc09d000 Uncommon trap: reason=unstable_if action=reinterpret pc=0x00007f93450feeb4 method=com.android.dx.ssa.back.IdenticalBlockCombiner.replaceSucc(Lcom/android/dx/rop/code/BasicBlock;II)V @ 30
Event: 3398.504 Thread 0x00007f92bc024800 Uncommon trap: reason=unstable_if action=reinterpret pc=0x00007f93451497c0 method=com.android.dx.dex.code.RopTranslator.outputBlock(Lcom/android/dx/rop/code/BasicBlock;I)V @ 140
Event: 3398.781 Thread 0x00007f92bc09d000 Uncommon trap: reason=unstable_if action=reinterpret pc=0x00007f93451593e4 method=com.android.dx.rop.code.DexTranslationAdvice.hasConstantOperation(Lcom/android/dx/rop/code/Rop;Lcom/android/dx/rop/code/RegisterSpec;Lcom/android/dx/rop/code/RegisterSpec;)Z
Event: 3401.346 Thread 0x00007f92c000a000 Uncommon trap: reason=predicate action=maybe_recompile pc=0x00007f9345017e90 method=com.android.dx.ssa.DomFront.run()[Lcom/android/dx/ssa/DomFront$DomInfo; @ 32

Internal exceptions (10 events):
Event: 3367.437 Thread 0x00007f9300005800 Exception <a 'sun/nio/fs/UnixException'> (0x00000000fa3f44e0) thrown at [/ssd/Android/AOSP-openjdk/external/jetbrains/jdk/hotspot/src/share/vm/prims/jni.cpp, line 709]
Event: 3367.437 Thread 0x00007f9300005800 Exception <a 'sun/nio/fs/UnixException'> (0x00000000fa3f5800) thrown at [/ssd/Android/AOSP-openjdk/external/jetbrains/jdk/hotspot/src/share/vm/prims/jni.cpp, line 709]
Event: 3378.255 Thread 0x00007f9300005800 Implicit null exception at 0x00007f93433d5487 to 0x00007f93433da9f5
Event: 3378.271 Thread 0x00007f9300005800 Implicit null exception at 0x00007f93435e52bc to 0x00007f93435e67a9
Event: 3378.312 Thread 0x00007f9300005800 Implicit null exception at 0x00007f9341dd33a3 to 0x00007f9341dd3941
Event: 3378.312 Thread 0x00007f9300005800 Implicit null exception at 0x00007f9342962a35 to 0x00007f93429637a1
Event: 3378.313 Thread 0x00007f9300005800 Implicit null exception at 0x00007f93417a4f40 to 0x00007f93417a53d9
Event: 3381.557 Thread 0x00007f92c000a000 Implicit null exception at 0x00007f9342ecf6e3 to 0x00007f9342ecfef5
Event: 3383.235 Thread 0x00007f92bc023000 Implicit null exception at 0x00007f9344f3faf9 to 0x00007f9344f45751
Event: 3389.167 Thread 0x00007f92bc023000 Implicit null exception at 0x00007f9342d49a0d to 0x00007f9342d4a4dd

Events (10 events):
Event: 3400.771 Thread 0x00007f92bc09d000 DEOPT PACKING pc=0x00007f9344febdf7 sp=0x00007f92e11f42c0
Event: 3400.771 Thread 0x00007f92bc09d000 DEOPT UNPACKING pc=0x00007f9341047373 sp=0x00007f92e11f4110 mode 0
Event: 3400.939 Thread 0x00007f92bc024800 DEOPT PACKING pc=0x00007f9344718aeb sp=0x00007f92e24fb590
Event: 3400.939 Thread 0x00007f92bc024800 DEOPT UNPACKING pc=0x00007f9341047373 sp=0x00007f92e24fb388 mode 0
Event: 3401.346 Thread 0x00007f92c000a000 Uncommon trap: trap_request=0xffffff86 fr.pc=0x00007f9345017e90
Event: 3401.346 Thread 0x00007f92c000a000 DEOPT PACKING pc=0x00007f9345017e90 sp=0x00007f92e0bed770
Event: 3401.346 Thread 0x00007f92c000a000 DEOPT UNPACKING pc=0x00007f9341004f69 sp=0x00007f92e0bed700 mode 2
Event: 3401.346 loading class com/android/dx/util/ListIntSet
Event: 3401.346 loading class com/android/dx/util/ListIntSet done
Event: 3401.348 Executing VM operation: ParallelGCFailedAllocation


Dynamic libraries:
00400000-00401000 r-xp 00000000 08:07 1201464                            /home/chivu/Downloads/android-studio-p/jre/bin/java
00600000-00601000 r--p 00000000 08:07 1201464                            /home/chivu/Downloads/android-studio-p/jre/bin/java
00601000-00602000 rw-p 00001000 08:07 1201464                            /home/chivu/Downloads/android-studio-p/jre/bin/java
016ce000-01710000 rw-p 00000000 00:00 0                                  [heap]
a0000000-c4800000 rw-p 00000000 00:00 0 
d0f00000-e0000000 ---p 00000000 00:00 0 
e0000000-100000000 rw-p 00000000 00:00 0 
100000000-100acc000 rw-p 00000000 00:00 0 
100acc000-140000000 ---p 00000000 00:00 0 
7f92bac7a000-7f92bad43000 r--s 008fa000 08:07 1200109                    /home/chivu/Desktop/newsApp/app/build/intermediates/transforms/jarMerging/debug/jars/1/1f/combined.jar
7f92bad43000-7f92baf43000 rw-p 00000000 00:00 0 
7f92baf43000-7f92bb143000 rw-p 00000000 00:00 0 
7f92bb143000-7f92bb343000 rw-p 00000000 00:00 0 
7f92bb343000-7f92bb543000 rw-p 00000000 00:00 0 
7f92bb543000-7f92bb743000 rw-p 00000000 00:00 0 
7f92bb743000-7f92bb7b3000 r--s 00643000 08:07 932707                     /home/chivu/.gradle/caches/jars-2/8cxlnul3q31hn64oaeyb96yvefwfs4h/groovy-all-2.4.6.jar
7f92bb7b3000-7f92bb9b3000 rw-p 00000000 00:00 0 
7f92bb9b3000-7f92bb9e9000 r-xp 00000000 08:07 1201552                    /home/chivu/Downloads/android-studio-p/jre/jre/lib/amd64/libsunec.so
7f92bb9e9000-7f92bbbe8000 ---p 00036000 08:07 1201552                    /home/chivu/Downloads/android-studio-p/jre/jre/lib/amd64/libsunec.so
7f92bbbe8000-7f92bbbed000 r--p 00035000 08:07 1201552                    /home/chivu/Downloads/android-studio-p/jre/jre/lib/amd64/libsunec.so
7f92bbbed000-7f92bbbef000 rw-p 0003a000 08:07 1201552                    /home/chivu/Downloads/android-studio-p/jre/jre/lib/amd64/libsunec.so
7f92bbbef000-7f92bbe00000 rw-p 00000000 00:00 0 
7f92bbe00000-7f92bc000000 rw-p 00000000 00:00 0 
7f92bc000000-7f92bc201000 rw-p 00000000 00:00 0 
7f92bc201000-7f92c0000000 ---p 00000000 00:00 0 
7f92c0000000-7f92c0131000 rw-p 00000000 00:00 0 
7f92c0131000-7f92c4000000 ---p 00000000 00:00 0 
7f92c4000000-7f92c4026000 rw-p 00000000 00:00 0 
7f92c4026000-7f92c8000000 ---p 00000000 00:00 0 
7f92c8000000-7f92c807b000 rw-p 00000000 00:00 0 
7f92c807b000-7f92cc000000 ---p 00000000 00:00 0 
7f92cc000000-7f92cc06a000 rw-p 00000000 00:00 0 
7f92cc06a000-7f92d0000000 ---p 00000000 00:00 0 
7f92d0000000-7f92d1c6e000 rw-p 00000000 00:00 0 
7f92d1c6e000-7f92d4000000 ---p 00000000 00:00 0 
7f92d4000000-7f92d4021000 rw-p 00000000 00:00 0 
7f92d4021000-7f92d8000000 ---p 00000000 00:00 0 
7f92d8000000-7f92d8021000 rw-p 00000000 00:00 0 
7f92d8021000-7f92dc000000 ---p 00000000 00:00 0 
7f92dc000000-7f92dc021000 rw-p 00000000 00:00 0 
7f92dc021000-7f92e0000000 ---p 00000000 00:00 0 
7f92e000e000-7f92e020e000 rw-p 00000000 00:00 0 
7f92e022b000-7f92e0230000 r--s 00034000 08:07 932705                     /home/chivu/.gradle/caches/jars-2/c74d41v3l7o57dyhdc4xhdfblc3m2cw/gson-2.5.jar
7f92e0230000-7f92e0235000 r--s 0007a000 08:07 1093493                    /home/chivu/.gradle/caches/jars-2/grenzqfqt85mgjj0y0ira3t0y08jana/gradle-tooling-extension-impl.jar
7f92e02ba000-7f92e02e2000 r--s 001cf000 08:07 932619                     /home/chivu/.gradle/caches/jars-2/87eo0lrvp84r6dbxjq018wy66es2era/guava-jdk5-17.0.jar
7f92e02ef000-7f92e04ef000 rw-p 00000000 00:00 0 
7f92e04ef000-7f92e06ef000 rw-p 00000000 00:00 0 
7f92e06ef000-7f92e08ef000 rw-p 00000000 00:00 0 
7f92e08ef000-7f92e0aef000 rw-p 00000000 00:00 0 
7f92e0aef000-7f92e0af2000 ---p 00000000 00:00 0 
7f92e0af2000-7f92e0bf0000 rw-p 00000000 00:00 0 
7f92e0bf0000-7f92e0bf3000 ---p 00000000 00:00 0 
7f92e0bf3000-7f92e0cf1000 rw-p 00000000 00:00 0 
7f92e0cf1000-7f92e0cf4000 ---p 00000000 00:00 0 
7f92e0cf4000-7f92e0df2000 rw-p 00000000 00:00 0 
7f92e0df2000-7f92e0df5000 ---p 00000000 00:00 0 
7f92e0df5000-7f92e0ef3000 rw-p 00000000 00:00 0 
7f92e0ef3000-7f92e0ef6000 ---p 00000000 00:00 0 
7f92e0ef6000-7f92e0ff4000 rw-p 00000000 00:00 0 
7f92e0ff4000-7f92e0ff7000 ---p 00000000 00:00 0 
7f92e0ff7000-7f92e10f5000 rw-p 00000000 00:00 0 
7f92e10f5000-7f92e10f8000 ---p 00000000 00:00 0 
7f92e10f8000-7f92e11f6000 rw-p 00000000 00:00 0 
7f92e11f6000-7f92e11f9000 ---p 00000000 00:00 0 
7f92e11f9000-7f92e12f7000 rw-p 00000000 00:00 0 
7f92e12f7000-7f92e12fa000 ---p 00000000 00:00 0 
7f92e12fa000-7f92e13f8000 rw-p 00000000 00:00 0 
7f92e13f8000-7f92e13fb000 ---p 00000000 00:00 0 
7f92e13fb000-7f92e14f9000 rw-p 00000000 00:00 0 
7f92e14f9000-7f92e14fc000 ---p 00000000 00:00 0 
7f92e14fc000-7f92e15fa000 rw-p 00000000 00:00 0 
7f92e15fa000-7f92e15fd000 ---p 00000000 00:00 0 
7f92e15fd000-7f92e1633000 rw-p 00000000 00:00 0 
7f92e1633000-7f92e1636000 ---p 00000000 00:00 0 
7f92e1636000-7f92e166c000 rw-p 00000000 00:00 0 
7f92e166c000-7f92e166f000 ---p 00000000 00:00 0 
7f92e166f000-7f92e16a5000 rw-p 00000000 00:00 0 
7f92e16a5000-7f92e16a8000 ---p 00000000 00:00 0 
7f92e16a8000-7f92e16de000 rw-p 00000000 00:00 0 
7f92e16de000-7f92e16e1000 ---p 00000000 00:00 0 
7f92e16e1000-7f92e17df000 rw-p 00000000 00:00 0 
7f92e17df000-7f92e17e2000 ---p 00000000 00:00 0 
7f92e17e2000-7f92e18e0000 rw-p 00000000 00:00 0 
7f92e18e0000-7f92e18e3000 ---p 00000000 00:00 0 
7f92e18e3000-7f92e19e1000 rw-p 00000000 00:00 0 
7f92e19e1000-7f92e19e4000 ---p 00000000 00:00 0 
7f92e19e4000-7f92e1ae2000 rw-p 00000000 00:00 0 
7f92e1ae2000-7f92e1ae5000 ---p 00000000 00:00 0 
7f92e1ae5000-7f92e1be3000 rw-p 00000000 00:00 0 
7f92e1be3000-7f92e1be6000 ---p 00000000 00:00 0 
7f92e1be6000-7f92e1ce4000 rw-p 00000000 00:00 0 
7f92e1ce4000-7f92e1ce7000 ---p 00000000 00:00 0 
7f92e1ce7000-7f92e1de5000 rw-p 00000000 00:00 0 
7f92e1de5000-7f92e1de8000 ---p 00000000 00:00 0 
7f92e1de8000-7f92e1ee6000 rw-p 00000000 00:00 0 
7f92e1ee6000-7f92e1ee9000 ---p 00000000 00:00 0 
7f92e1ee9000-7f92e21e7000 rw-p 00000000 00:00 0 
7f92e21e7000-7f92e21e8000 r--s 00002000 08:07 1083683                    /home/chivu/.gradle/caches/jars-2/svwjsy9ijjnr8w6koqz6kn1bqvdhlg4/external-system-rt.jar
7f92e21e8000-7f92e21ea000 r--s 0000a000 08:07 947247                     /home/chivu/.gradle/caches/jars-2/7218vekn48fs59m3epgdn3toof1pltz/gradle-tooling-extension-api.jar
7f92e21f3000-7f92e21f8000 r--s 0003b000 08:07 1201577                    /home/chivu/Downloads/android-studio-p/jre/jre/lib/ext/sunjce_provider.jar
7f92e21f8000-7f92e21f9000 r--s 00008000 08:07 1201575                    /home/chivu/Downloads/android-studio-p/jre/jre/lib/ext/sunec.jar
7f92e21f9000-7f92e21fc000 r--s 00015000 08:07 1201493                    /home/chivu/Downloads/android-studio-p/jre/jre/lib/jce.jar
7f92e21fc000-7f92e23fc000 rw-p 00000000 00:00 0 
7f92e23fc000-7f92e23ff000 ---p 00000000 00:00 0 
7f92e23ff000-7f92e26fd000 rw-p 00000000 00:00 0 
7f92e26fd000-7f92e28fd000 rw-p 00000000 00:00 0 
7f92e28fd000-7f92e2afd000 rw-p 00000000 00:00 0 
7f92e2afd000-7f92e2b10000 r--s 00344000 08:07 1201558                    /home/chivu/Downloads/android-studio-p/jre/jre/lib/resources.jar
7f92e2b10000-7f92e2d10000 rw-p 00000000 00:00 0 
7f92e2d10000-7f92e2f10000 rw-p 00000000 00:00 0 
7f92e2f10000-7f92e3110000 rw-p 00000000 00:00 0 
7f92e3110000-7f92e3310000 rw-p 00000000 00:00 0 
7f92e3310000-7f92e3313000 ---p 00000000 00:00 0 
7f92e3313000-7f92e3611000 rw-p 00000000 00:00 0 
7f92e3611000-7f92e3612000 r--s 00001000 08:07 1094992                    /home/chivu/.gradle/caches/jars-2/cmhx5eetujk7j30d3nllwxyrlnugzjw/annotations-25.3.3.jar
7f92e3612000-7f92e361a000 r--s 000a8000 08:07 932893                     /home/chivu/.gradle/caches/jars-2/lp0h431tl0554nh1vx6zomcvteflkp/lombok-ast-0.2.3.jar
7f92e361a000-7f92e362e000 r--s 000b4000 08:07 139376                     /home/chivu/.gradle/caches/jars-2/hgvw6szzawm3evod5l2d6iutfug31w0/uast-162.2228.14.jar
7f92e362e000-7f92e3630000 r--s 0000d000 08:07 932889                     /home/chivu/.gradle/caches/jars-2/7pwz1bowgakb1eux9ezb56jlturgsyi/commons-codec-1.4.jar
7f92e3630000-7f92e3632000 r--s 0000d000 08:07 932887                     /home/chivu/.gradle/caches/jars-2/9dj1m0eyooi5qt13735vz8fpkl3cnfy/commons-logging-1.1.1.jar
7f92e3632000-7f92e3637000 r--s 00028000 08:07 932885                     /home/chivu/.gradle/caches/jars-2/62lv0fe9b3xbqe57f6ljy5upwi7mf6k/httpcore-4.1.jar
7f92e3637000-7f92e363b000 r--s 0002f000 08:07 932883                     /home/chivu/.gradle/caches/jars-2/gsg5n52frsvw6sx0swqqe2hwijwdcf0/jimfs-1.1.jar
7f92e363b000-7f92e363c000 r--s 00004000 08:07 932881                     /home/chivu/.gradle/caches/jars-2/lxs252id0979odjrerlctkb26c2vj95/annotations-12.0.jar
7f92e363c000-7f92e363d000 r--s 00004000 08:07 932879                     /home/chivu/.gradle/caches/jars-2/9kn99dr0rulyl67sct1ephwcop56l61/asm-analysis-5.0.4.jar
7f92e363d000-7f92e3641000 r--s 00040000 08:07 1094991                    /home/chivu/.gradle/caches/jars-2/ccvn7yglm4blceovs70fngoac1eyn4f/lint-api-25.3.3.jar
7f92e3641000-7f92e3642000 r--s 0000a000 08:07 932875                     /home/chivu/.gradle/caches/jars-2/nwyg9io65lv6jvmwit2wq82xnnxd7ia/kxml2-2.3.0.jar
7f92e3642000-7f92e3644000 r--s 00005000 08:07 932873                     /home/chivu/.gradle/caches/jars-2/i6hc1uuj8e9ck59slmzdyz78ydn8sr6/httpmime-4.1.jar
7f92e3644000-7f92e364c000 r--s 0004e000 08:07 932871                     /home/chivu/.gradle/caches/jars-2/7503wa5irssz0xxahv1xb82p2dl7rr2/httpclient-4.1.1.jar
7f92e364c000-7f92e3653000 r--s 00053000 08:07 932869                     /home/chivu/.gradle/caches/jars-2/jgkfvs4eqggj7qsyw1f5d3up57hanj1/commons-compress-1.8.1.jar
7f92e3653000-7f92e3658000 r--s 0002a000 08:07 932867                     /home/chivu/.gradle/caches/jars-2/je8f027qcr1z1egw08byp1ybxbp9kko/gson-2.2.4.jar
7f92e3658000-7f92e365d000 r--s 0002e000 08:07 1094990                    /home/chivu/.gradle/caches/jars-2/s427p2wh0tfza0xa8qijgx107eeevyl/repository-25.3.3.jar
7f92e365d000-7f92e365f000 r--s 00006000 08:07 1094989                    /home/chivu/.gradle/caches/jars-2/e2s952s6co8tps89l80r4riixwqo2oe/dvlib-25.3.3.jar
7f92e365f000-7f92e3664000 r--s 00058000 08:07 932859                     /home/chivu/.gradle/caches/jars-2/st159835qgxm0l87oqrnhayxos4lc1n/asm-debug-all-5.0.1.jar
7f92e3664000-7f92e3674000 r--s 000d5000 08:07 932857                     /home/chivu/.gradle/caches/jars-2/qzf32gp9kej4w4hlbabft6tplu74cj3/proguard-base-5.3.2.jar
7f92e3674000-7f92e3677000 r--s 00033000 08:07 932855                     /home/chivu/.gradle/caches/jars-2/nz9sndmr8b4xbj4xulkaciy5kdbyfiz/juniversalchardet-1.0.3.jar
7f92e3677000-7f92e368e000 r--s 00154000 08:07 932851                     /home/chivu/.gradle/caches/jars-2/sfeivjswzitn6n0fnjx3ueszz8gv8o1/antlr4-4.5.3.jar
7f92e368e000-7f92e36b9000 r--s 001fc000 08:07 932847                     /home/chivu/.gradle/caches/jars-2/nxjrjftly2xksl8o0wqgivu5netfu2x/guava-18.0.jar
7f92e36b9000-7f92e36cc000 r--s 00241000 08:07 932845                     /home/chivu/.gradle/caches/jars-2/9yuekvg4qerfitq3xec0iyckuw3hwaq/ecj-4.6.1.jar
7f92e36cc000-7f92e36ff000 r--s 00203000 08:07 932839                     /home/chivu/.gradle/caches/jars-2/hj0bfvxu9cq7hkwmecvp0kg137or3hh/bcprov-jdk15on-1.48.jar
7f92e36ff000-7f92e38ff000 rw-p 00000000 00:00 0 
7f92e38ff000-7f92e3902000 ---p 00000000 00:00 0 
7f92e3902000-7f92e3c00000 rw-p 00000000 00:00 0 
7f92e3c00000-7f92e3e00000 rw-p 00000000 00:00 0 
7f92e3e00000-7f92e4000000 rw-p 00000000 00:00 0 
7f92e4000000-7f92e4021000 rw-p 00000000 00:00 0 
7f92e4021000-7f92e8000000 ---p 00000000 00:00 0 
7f92e8000000-7f92e8021000 rw-p 00000000 00:00 0 
7f92e8021000-7f92ec000000 ---p 00000000 00:00 0 
7f92ec000000-7f92edb55000 rw-p 00000000 00:00 0 
7f92edb55000-7f92f0000000 ---p 00000000 00:00 0 
7f92f0000000-7f92f0100000 rw-p 00000000 00:00 0 
7f92f0100000-7f92f4000000 ---p 00000000 00:00 0 
7f92f4000000-7f92f4036000 rw-p 00000000 00:00 0 
7f92f4036000-7f92f8000000 ---p 00000000 00:00 0 
7f92f8000000-7f92f810d000 rw-p 00000000 00:00 0 
7f92f810d000-7f92fc000000 ---p 00000000 00:00 0 
7f92fc000000-7f92fc06d000 rw-p 00000000 00:00 0 
7f92fc06d000-7f9300000000 ---p 00000000 00:00 0 
7f9300000000-7f9300021000 rw-p 00000000 00:00 0 
7f9300021000-7f9304000000 ---p 00000000 00:00 0 
7f9304000000-7f9304021000 rw-p 00000000 00:00 0 
7f9304021000-7f9308000000 ---p 00000000 00:00 0 
7f9308000000-7f9308021000 rw-p 00000000 00:00 0 
7f9308021000-7f930c000000 ---p 00000000 00:00 0 
7f930c000000-7f930e0f7000 rw-p 00000000 00:00 0 
7f930e0f7000-7f9310000000 ---p 00000000 00:00 0 
7f9310000000-7f931140a000 rw-p 00000000 00:00 0 
7f931140a000-7f9314000000 ---p 00000000 00:00 0 
7f9314000000-7f9314021000 rw-p 00000000 00:00 0 
7f9314021000-7f9318000000 ---p 00000000 00:00 0 
7f9318000000-7f9319a8a000 rw-p 00000000 00:00 0 
7f9319a8a000-7f931c000000 ---p 00000000 00:00 0 
7f931c000000-7f931c021000 rw-p 00000000 00:00 0 
7f931c021000-7f9320000000 ---p 00000000 00:00 0 
7f9320000000-7f9320021000 rw-p 00000000 00:00 0 
7f9320021000-7f9324000000 ---p 00000000 00:00 0 
7f9324000000-7f93244ef000 rw-p 00000000 00:00 0 
7f93244ef000-7f9328000000 ---p 00000000 00:00 0 
7f9328000000-7f9328002000 r--s 00013000 08:07 1094883                    /home/chivu/.gradle/caches/jars-2/s02k517nvrh8cbp2c8dz4slqska6dj9/layoutlib-api-25.3.3.jar
7f9328002000-7f9328006000 r--s 0002a000 08:07 932853                     /home/chivu/.gradle/caches/jars-2/krbpn9xjn1qymukyx8cc5l799ty1v3h/commons-io-2.4.jar
7f9328006000-7f9328008000 r--s 00002000 08:07 1094881                    /home/chivu/.gradle/caches/jars-2/rh2ip1x2zziz26tr3qzudtz088pqsb2/baseLibrary-2.3.3.jar
7f9328008000-7f932800f000 r--s 000d9000 08:07 1094862                    /home/chivu/.gradle/caches/jars-2/ak89aa8liqmr44u7r08njntn6oehe0z/lint-checks-25.3.3.jar
7f932800f000-7f9328011000 r--s 00006000 08:07 932841                     /home/chivu/.gradle/caches/jars-2/6phgj9ki3jl3p5epzkqoo8pr6kur40b/asm-tree-5.0.4.jar
7f9328011000-7f932801f000 r--s 00081000 08:07 932837                     /home/chivu/.gradle/caches/jars-2/4r7xli0tz94y0wfjrdyjxlxar3g1pb9/bcpkix-jdk15on-1.48.jar
7f932801f000-7f9328021000 r--s 00002000 08:07 932835                     /home/chivu/.gradle/caches/jars-2/f32bh5uivuf69ecz2j8hl96ksnqdh7v/javawriter-2.5.0.jar
7f9328021000-7f9328023000 r--s 00004000 08:07 1094861                    /home/chivu/.gradle/caches/jars-2/j6s1upogkwo00sygdsekzj4fx0i75uy/tracker-25.3.3.jar
7f9328023000-7f9328024000 r--s 00005000 08:07 1094860                    /home/chivu/.gradle/caches/jars-2/4svya0t1s9wyo35ycd3atidsaoo6w7e/shared-25.3.3.jar
7f9328024000-7f9328032000 r--s 00147000 08:07 1094859                    /home/chivu/.gradle/caches/jars-2/qx6695c5ocd9swxv7wqtxor3plyb4b7/protos-25.3.3.jar
7f9328032000-7f9328033000 r--s 00001000 08:07 139356                     /home/chivu/.gradle/caches/jars-2/bqo69msswbvaagsh45hf1tq02v21sml/jill-api-0.10.0.jar
7f9328033000-7f9328035000 r--s 00003000 08:07 139354                     /home/chivu/.gradle/caches/jars-2/7pldadygbci34ql8thws797g29k1uhh/jack-api-0.13.0.jar
7f9328035000-7f932803b000 r--s 0004a000 08:07 1094853                    /home/chivu/.gradle/caches/jars-2/euoqfzf5y1sibp9ul8mcz0wovj380eo/ddmlib-25.3.3.jar
7f932803b000-7f932803e000 r--s 00022000 08:07 1094848                    /home/chivu/.gradle/caches/jars-2/a81bg2yxzmumashablwecaj0ksz6tmj/manifest-merger-25.3.3.jar
7f932803e000-7f9328041000 r--s 0001c000 08:07 1094847                    /home/chivu/.gradle/caches/jars-2/l6cnyee1vojrkkbpp6qwgpf30shmrja/common-25.3.3.jar
7f9328041000-7f932804a000 r--s 00089000 08:07 1094417                    /home/chivu/.gradle/caches/jars-2/m0t6h8af70sdgxvkj522jy01i14mnb8/sdk-common-25.3.3.jar
7f932804a000-7f9328054000 r--s 00098000 08:07 1094415                    /home/chivu/.gradle/caches/jars-2/28c9ykhc782k8jmlrnbnccai34hziki/sdklib-25.3.3.jar
7f9328054000-7f9328057000 r--s 00006000 08:07 1094385                    /home/chivu/.gradle/caches/jars-2/omk02asobup8sgd6qxom3ej5bg94z2r/builder-model-2.3.3.jar
7f9328057000-7f9328066000 r--s 00130000 08:07 932809                     /home/chivu/.gradle/caches/jars-2/cr6zkqpx14lor9zdtmo49qpc7y8r8p4/protobuf-java-3.0.0.jar
7f9328066000-7f9328068000 r--s 0000f000 08:07 932807                     /home/chivu/.gradle/caches/jars-2/rvfyugrlu5tbpz51p98og0qsxamjq4k/jopt-simple-4.9.jar
7f9328068000-7f932806c000 r--s 0001f000 08:07 932805                     /home/chivu/.gradle/caches/jars-2/nq3fzqkrrm37ob61z4iu5qdbh368uat/org.jacoco.report-0.7.5.201505241946.jar
7f932806c000-7f9328070000 r--s 0001d000 08:07 932803                     /home/chivu/.gradle/caches/jars-2/3kxkmcckmk40ron92zhbm0qjo9l4bkl/org.jacoco.core-0.7.5.201505241946.jar
7f9328070000-7f9328072000 r--s 00002000 08:07 932801                     /home/chivu/.gradle/caches/jars-2/m4m0pzb4gmaeh0in5g2xc4bxeuwt828/proguard-gradle-5.3.2.jar
7f9328072000-7f9328074000 r--s 00009000 08:07 932799                     /home/chivu/.gradle/caches/jars-2/ajvcvdu66lc9e3tvvipxtuq48i9bbkc/asm-commons-5.0.4.jar
7f9328074000-7f9328076000 r--s 0000c000 08:07 932797                     /home/chivu/.gradle/caches/jars-2/1laz1ygmxoc408r7nwqs1q8uk8r236d/asm-5.0.4.jar
7f9328076000-7f932807b000 r--s 0002c000 08:07 1094383                    /home/chivu/.gradle/caches/jars-2/3mlasgi8oo9o7oa12526198jui9zmp2/compilerCommon-2.3.3.jar
7f932807b000-7f9328080000 r--s 0005e000 08:07 1094349                    /home/chivu/.gradle/caches/jars-2/k2xtosjt0in0zj7mpwvctw6iznt93uh/lint-25.3.3.jar
7f9328080000-7f9328096000 r--s 00163000 08:07 1094347                    /home/chivu/.gradle/caches/jars-2/nyg71b5n2lzymmwh5vbtmvjiby07k4g/builder-2.3.3.jar
7f9328096000-7f93280b5000 r--s 001ca000 08:07 1094310                    /home/chivu/.gradle/caches/jars-2/5fwyvjq1ai8mdh1mluqxidj1wo7rls8/gradle-core-2.3.3.jar
7f93280b5000-7f93280b8000 ---p 00000000 00:00 0 
7f93280b8000-7f93282ee000 rw-p 00000000 00:00 0 
7f93282ee000-7f93282ef000 r--s 00002000 08:07 1094389                    /home/chivu/.gradle/caches/jars-2/4dod7a1p5hoai4v37pxbcg65bbahvg2/builder-test-api-2.3.3.jar
7f93282ef000-7f93282f0000 r--s 00002000 08:07 1094379                    /home/chivu/.gradle/caches/jars-2/73l309uzm0ila7rdaaxteq0ng4ayf2y/gradle-api-2.3.3.jar
7f93282f0000-7f93282f1000 r--s 00000000 08:07 139334                     /home/chivu/.gradle/caches/jars-2/tlyajppf8woug00g686fx5mchf8iv3o/transform-api-2.0.0-deprecated-use-gradle-api.jar
7f93282f1000-7f93282f3000 r--s 00007000 08:07 266240                     /home/chivu/.gradle/caches/modules-2/files-2.1/com.google.gms/google-services/3.1.0/166ae4e6acd03b7bbebe221ffa54bc039fece1b9/google-services-3.1.0.jar
7f93282f3000-7f93282f5000 r--s 0000d000 08:07 1094266                    /home/chivu/.gradle/caches/jars-2/mel54vauze7hczg2p6nebauqz8s53sj/gradle-2.3.3.jar
7f93282f5000-7f93282f6000 r--p 00000000 00:00 0 
7f93282f6000-7f93284f6000 rw-p 00000000 00:00 0 
7f93284f6000-7f932856f000 r--s 010ed000 08:07 1201473                    /home/chivu/Downloads/android-studio-p/jre/lib/tools.jar
7f932856f000-7f932876f000 rw-p 00000000 00:00 0 
7f932876f000-7f9328772000 ---p 00000000 00:00 0 
7f9328772000-7f9328870000 rw-p 00000000 00:00 0 
7f9328870000-7f9328873000 ---p 00000000 00:00 0 
7f9328873000-7f9328971000 rw-p 00000000 00:00 0 
7f9328971000-7f9328974000 ---p 00000000 00:00 0 
7f9328974000-7f9328a72000 rw-p 00000000 00:00 0 
7f9328a72000-7f9328a75000 ---p 00000000 00:00 0 
7f9328a75000-7f9328b73000 rw-p 00000000 00:00 0 
7f9328b73000-7f9328b76000 ---p 00000000 00:00 0 
7f9328b76000-7f9328e74000 rw-p 00000000 00:00 0 
7f9328e74000-7f9328e77000 ---p 00000000 00:00 0 
7f9328e77000-7f9328f75000 rw-p 00000000 00:00 0 
7f9328f75000-7f9328f78000 ---p 00000000 00:00 0 
7f9328f78000-7f9329076000 rw-p 00000000 00:00 0 
7f9329076000-7f932907d000 r--s 00000000 08:07 1590595                    /usr/lib/x86_64-linux-gnu/gconv/gconv-modules.cache
7f932907d000-7f932927d000 rw-p 00000000 00:00 0 
7f932927d000-7f9329280000 ---p 00000000 00:00 0 
7f9329280000-7f932937e000 rw-p 00000000 00:00 0 
7f932937e000-7f9329387000 r-xp 00000000 08:07 1201548                    /home/chivu/Downloads/android-studio-p/jre/jre/lib/amd64/libmanagement.so
7f9329387000-7f9329586000 ---p 00009000 08:07 1201548                    /home/chivu/Downloads/android-studio-p/jre/jre/lib/amd64/libmanagement.so
7f9329586000-7f9329587000 r--p 00008000 08:07 1201548                    /home/chivu/Downloads/android-studio-p/jre/jre/lib/amd64/libmanagement.so
7f9329587000-7f9329588000 rw-p 00009000 08:07 1201548                    /home/chivu/Downloads/android-studio-p/jre/jre/lib/amd64/libmanagement.so
7f9329588000-7f932958d000 r--s 00098000 08:07 1201512                    /home/chivu/Downloads/android-studio-p/jre/jre/lib/jsse.jar
7f932958d000-7f932958f000 r--s 00007000 08:07 1189108                    /home/chivu/.gradle/wrapper/dists/gradle-3.3-all/55gk2rcmfc6p2dg9u9ohc3hw9/gradle-3.3/lib/plugins/gradle-tooling-api-builders-3.3.jar
7f932958f000-7f9329592000 r--s 00009000 08:07 1189101                    /home/chivu/.gradle/wrapper/dists/gradle-3.3-all/55gk2rcmfc6p2dg9u9ohc3hw9/gradle-3.3/lib/plugins/gradle-testing-native-3.3.jar
7f9329592000-7f9329598000 r--s 00033000 08:07 1189176                    /home/chivu/.gradle/wrapper/dists/gradle-3.3-all/55gk2rcmfc6p2dg9u9ohc3hw9/gradle-3.3/lib/plugins/snakeyaml-1.6.jar
7f9329598000-7f932959a000 r--s 00006000 08:07 1189175                    /home/chivu/.gradle/wrapper/dists/gradle-3.3-all/55gk2rcmfc6p2dg9u9ohc3hw9/gradle-3.3/lib/plugins/jcommander-1.12.jar
7f932959a000-7f932959f000 r--s 00040000 08:07 1189174                    /home/chivu/.gradle/wrapper/dists/gradle-3.3-all/55gk2rcmfc6p2dg9u9ohc3hw9/gradle-3.3/lib/plugins/bsh-2.0b4.jar
7f932959f000-7f93295a1000 r--s 00009000 08:07 1189182                    /home/chivu/.gradle/wrapper/dists/gradle-3.3-all/55gk2rcmfc6p2dg9u9ohc3hw9/gradle-3.3/lib/plugins/hamcrest-core-1.3.jar
7f93295a1000-7f93295aa000 r--s 00089000 08:07 1189133                    /home/chivu/.gradle/wrapper/dists/gradle-3.3-all/55gk2rcmfc6p2dg9u9ohc3hw9/gradle-3.3/lib/plugins/testng-6.3.1.jar
7f93295aa000-7f93295b2000 r--s 00045000 08:07 1189132                    /home/chivu/.gradle/wrapper/dists/gradle-3.3-all/55gk2rcmfc6p2dg9u9ohc3hw9/gradle-3.3/lib/plugins/junit-4.12.jar
7f93295b2000-7f93295b8000 r--s 0002e000 08:07 1189102                    /home/chivu/.gradle/wrapper/dists/gradle-3.3-all/55gk2rcmfc6p2dg9u9ohc3hw9/gradle-3.3/lib/plugins/gradle-testing-jvm-3.3.jar
7f93295b8000-7f93295bc000 r--s 00016000 08:07 1189100                    /home/chivu/.gradle/wrapper/dists/gradle-3.3-all/55gk2rcmfc6p2dg9u9ohc3hw9/gradle-3.3/lib/plugins/gradle-testing-base-3.3.jar
7f93295bc000-7f93295c3000 r--s 00038000 08:07 1189127                    /home/chivu/.gradle/wrapper/dists/gradle-3.3-all/55gk2rcmfc6p2dg9u9ohc3hw9/gradle-3.3/lib/plugins/bcpg-jdk15on-1.51.jar
7f93295c3000-7f93295c5000 r--s 0000c000 08:07 1189079                    /home/chivu/.gradle/wrapper/dists/gradle-3.3-all/55gk2rcmfc6p2dg9u9ohc3hw9/gradle-3.3/lib/plugins/gradle-signing-3.3.jar
7f93295c5000-7f93295c7000 r--s 00007000 08:07 1189078                    /home/chivu/.gradle/wrapper/dists/gradle-3.3-all/55gk2rcmfc6p2dg9u9ohc3hw9/gradle-3.3/lib/plugins/gradle-scala-3.3.jar
7f93295c7000-7f93295c8000 r--s 00004000 08:07 1189106                    /home/chivu/.gradle/wrapper/dists/gradle-3.3-all/55gk2rcmfc6p2dg9u9ohc3hw9/gradle-3.3/lib/plugins/gradle-resources-sftp-3.3.jar
7f93295c8000-7f93295d8000 r--s 00088000 08:07 1189143                    /home/chivu/.gradle/wrapper/dists/gradle-3.3-all/55gk2rcmfc6p2dg9u9ohc3hw9/gradle-3.3/lib/plugins/joda-time-2.8.2.jar
7f93295d8000-7f93295e9000 r--s 0010d000 08:07 1189142                    /home/chivu/.gradle/wrapper/dists/gradle-3.3-all/55gk2rcmfc6p2dg9u9ohc3hw9/gradle-3.3/lib/plugins/jackson-databind-2.6.6.jar
7f93295e9000-7f93295ec000 r--s 00009000 08:07 1189141                    /home/chivu/.gradle/wrapper/dists/gradle-3.3-all/55gk2rcmfc6p2dg9u9ohc3hw9/gradle-3.3/lib/plugins/jackson-annotations-2.6.6.jar
7f93295ec000-7f93295f0000 r--s 0003c000 08:07 1189140                    /home/chivu/.gradle/wrapper/dists/gradle-3.3-all/55gk2rcmfc6p2dg9u9ohc3hw9/gradle-3.3/lib/plugins/jackson-core-2.6.6.jar
7f93295f0000-7f93295fe000 r--s 00087000 08:07 1189139                    /home/chivu/.gradle/wrapper/dists/gradle-3.3-all/55gk2rcmfc6p2dg9u9ohc3hw9/gradle-3.3/lib/plugins/aws-java-sdk-core-1.11.6.jar
7f93295fe000-7f9329605000 r--s 00057000 08:07 1189138                    /home/chivu/.gradle/wrapper/dists/gradle-3.3-all/55gk2rcmfc6p2dg9u9ohc3hw9/gradle-3.3/lib/plugins/aws-java-sdk-kms-1.11.6.jar
7f9329605000-7f9329612000 r--s 0008e000 08:07 1189137                    /home/chivu/.gradle/wrapper/dists/gradle-3.3-all/55gk2rcmfc6p2dg9u9ohc3hw9/gradle-3.3/lib/plugins/aws-java-sdk-s3-1.11.6.jar
7f9329612000-7f9329614000 r--s 00004000 08:07 1189107                    /home/chivu/.gradle/wrapper/dists/gradle-3.3-all/55gk2rcmfc6p2dg9u9ohc3hw9/gradle-3.3/lib/plugins/gradle-resources-s3-3.3.jar
7f9329614000-7f9329616000 r--s 00005000 08:07 1189131                    /home/chivu/.gradle/wrapper/dists/gradle-3.3-all/55gk2rcmfc6p2dg9u9ohc3hw9/gradle-3.3/lib/plugins/jatl-0.2.2.jar
7f9329616000-7f9329618000 r--s 0000f000 08:07 1189084                    /home/chivu/.gradle/wrapper/dists/gradle-3.3-all/55gk2rcmfc6p2dg9u9ohc3hw9/gradle-3.3/lib/plugins/gradle-reporting-3.3.jar
7f9329618000-7f932961a000 r--s 00002000 08:07 1189085                    /home/chivu/.gradle/wrapper/dists/gradle-3.3-all/55gk2rcmfc6p2dg9u9ohc3hw9/gradle-3.3/lib/plugins/gradle-publish-3.3.jar
7f932961a000-7f932961c000 r--s 00009000 08:07 1189114                    /home/chivu/.gradle/wrapper/dists/gradle-3.3-all/55gk2rcmfc6p2dg9u9ohc3hw9/gradle-3.3/lib/plugins/commons-cli-1.2.jar
7f932961c000-7f9329622000 r--s 00031000 08:07 1189070                    /home/chivu/.gradle/wrapper/dists/gradle-3.3-all/55gk2rcmfc6p2dg9u9ohc3hw9/gradle-3.3/lib/plugins/gradle-plugins-3.3.jar
7f9329622000-7f9329624000 r--s 00009000 08:07 1189103                    /home/chivu/.gradle/wrapper/dists/gradle-3.3-all/55gk2rcmfc6p2dg9u9ohc3hw9/gradle-3.3/lib/plugins/gradle-plugin-development-3.3.jar
7f9329624000-7f932962a000 r--s 0002b000 08:07 1189096                    /home/chivu/.gradle/wrapper/dists/gradle-3.3-all/55gk2rcmfc6p2dg9u9ohc3hw9/gradle-3.3/lib/plugins/gradle-platform-play-3.3.jar
7f932962a000-7f9329638000 r--s 00055000 08:07 1189095                    /home/chivu/.gradle/wrapper/dists/gradle-3.3-all/55gk2rcmfc6p2dg9u9ohc3hw9/gradle-3.3/lib/plugins/gradle-platform-native-3.3.jar
7f9329638000-7f932963d000 r--s 0001f000 08:07 1189090                    /home/chivu/.gradle/wrapper/dists/gradle-3.3-all/55gk2rcmfc6p2dg9u9ohc3hw9/gradle-3.3/lib/plugins/gradle-platform-jvm-3.3.jar
7f932963d000-7f9329645000 r--s 00027000 08:07 1189089                    /home/chivu/.gradle/wrapper/dists/gradle-3.3-all/55gk2rcmfc6p2dg9u9ohc3hw9/gradle-3.3/lib/plugins/gradle-platform-base-3.3.jar
7f9329645000-7f932966d000 r--s 0021c000 08:07 1189122                    /home/chivu/.gradle/wrapper/dists/gradle-3.3-all/55gk2rcmfc6p2dg9u9ohc3hw9/gradle-3.3/lib/plugins/biz.aQute.bndlib-3.2.0.jar
7f932966d000-7f932966f000 r--s 00003000 08:07 1189074                    /home/chivu/.gradle/wrapper/dists/gradle-3.3-all/55gk2rcmfc6p2dg9u9ohc3hw9/gradle-3.3/lib/plugins/gradle-osgi-3.3.jar
7f932966f000-7f9329672000 r--s 0000c000 08:07 1189125                    /home/chivu/.gradle/wrapper/dists/gradle-3.3-all/55gk2rcmfc6p2dg9u9ohc3hw9/gradle-3.3/lib/plugins/pmaven-groovy-0.8-20100325.jar
7f9329672000-7f9329673000 r--s 00004000 08:07 1189124                    /home/chivu/.gradle/wrapper/dists/gradle-3.3-all/55gk2rcmfc6p2dg9u9ohc3hw9/gradle-3.3/lib/plugins/pmaven-common-0.8-20100325.jar
7f9329673000-7f9329679000 r--s 00023000 08:07 1189075                    /home/chivu/.gradle/wrapper/dists/gradle-3.3-all/55gk2rcmfc6p2dg9u9ohc3hw9/gradle-3.3/lib/plugins/gradle-maven-3.3.jar
7f9329679000-7f932967c000 r--s 0000b000 08:07 1189094                    /home/chivu/.gradle/wrapper/dists/gradle-3.3-all/55gk2rcmfc6p2dg9u9ohc3hw9/gradle-3.3/lib/plugins/gradle-language-scala-3.3.jar
7f932967c000-7f9329682000 r--s 0001a000 08:07 1189098                    /home/chivu/.gradle/wrapper/dists/gradle-3.3-all/55gk2rcmfc6p2dg9u9ohc3hw9/gradle-3.3/lib/plugins/gradle-language-native-3.3.jar
7f9329682000-7f9329685000 r--s 00005000 08:07 1189091                    /home/chivu/.gradle/wrapper/dists/gradle-3.3-all/55gk2rcmfc6p2dg9u9ohc3hw9/gradle-3.3/lib/plugins/gradle-language-jvm-3.3.jar
7f9329685000-7f932968b000 r--s 00027000 08:07 1189092                    /home/chivu/.gradle/wrapper/dists/gradle-3.3-all/55gk2rcmfc6p2dg9u9ohc3hw9/gradle-3.3/lib/plugins/gradle-language-java-3.3.jar
7f932968b000-7f932968d000 r--s 0000a000 08:07 1189093                    /home/chivu/.gradle/wrapper/dists/gradle-3.3-all/55gk2rcmfc6p2dg9u9ohc3hw9/gradle-3.3/lib/plugins/gradle-language-groovy-3.3.jar
7f932968d000-7f9329690000 r--s 0001e000 08:07 1189149                    /home/chivu/.gradle/wrapper/dists/gradle-3.3-all/55gk2rcmfc6p2dg9u9ohc3hw9/gradle-3.3/lib/plugins/jsp-api-2.1-6.1.14.jar
7f9329690000-7f93296b3000 r--s 00344000 08:07 1189148                    /home/chivu/.gradle/wrapper/dists/gradle-3.3-all/55gk2rcmfc6p2dg9u9ohc3hw9/gradle-3.3/lib/plugins/core-3.1.1.jar
7f93296b3000-7f93296b4000 r--s 00006000 08:07 1189147                    /home/chivu/.gradle/wrapper/dists/gradle-3.3-all/55gk2rcmfc6p2dg9u9ohc3hw9/gradle-3.3/lib/plugins/jetty-naming-6.1.26.jar
7f93296b4000-7f93296b5000 r--s 00002000 08:07 1189121                    /home/chivu/.gradle/wrapper/dists/gradle-3.3-all/55gk2rcmfc6p2dg9u9ohc3hw9/gradle-3.3/lib/plugins/geronimo-annotation_1.0_spec-1.0.jar
7f93296b5000-7f93296b7000 r--s 00002000 08:07 1189120                    /home/chivu/.gradle/wrapper/dists/gradle-3.3-all/55gk2rcmfc6p2dg9u9ohc3hw9/gradle-3.3/lib/plugins/jetty-annotations-6.1.26.jar
7f93296b7000-7f93296c8000 r--s 000ea000 08:07 1189119                    /home/chivu/.gradle/wrapper/dists/gradle-3.3-all/55gk2rcmfc6p2dg9u9ohc3hw9/gradle-3.3/lib/plugins/jsp-2.1-6.1.14.jar
7f93296c8000-7f93296ca000 r--s 0000d000 08:07 1189118                    /home/chivu/.gradle/wrapper/dists/gradle-3.3-all/55gk2rcmfc6p2dg9u9ohc3hw9/gradle-3.3/lib/plugins/jetty-plus-6.1.26.jar
7f93296ca000-7f93296cc000 r--s 0001f000 08:07 1189117                    /home/chivu/.gradle/wrapper/dists/gradle-3.3-all/55gk2rcmfc6p2dg9u9ohc3hw9/gradle-3.3/lib/plugins/servlet-api-2.5-20081211.jar
7f93296cc000-7f93296d0000 r--s 00028000 08:07 1189116                    /home/chivu/.gradle/wrapper/dists/gradle-3.3-all/55gk2rcmfc6p2dg9u9ohc3hw9/gradle-3.3/lib/plugins/jetty-util-6.1.26.jar
7f93296d0000-7f93296d7000 r--s 0007d000 08:07 1189115                    /home/chivu/.gradle/wrapper/dists/gradle-3.3-all/55gk2rcmfc6p2dg9u9ohc3hw9/gradle-3.3/lib/plugins/jetty-6.1.26.jar
7f93296d7000-7f93296d9000 r--s 0000a000 08:07 1189072                    /home/chivu/.gradle/wrapper/dists/gradle-3.3-all/55gk2rcmfc6p2dg9u9ohc3hw9/gradle-3.3/lib/plugins/gradle-jetty-3.3.jar
7f93296d9000-7f93296e0000 r--s 00035000 08:07 1189130                    /home/chivu/.gradle/wrapper/dists/gradle-3.3-all/55gk2rcmfc6p2dg9u9ohc3hw9/gradle-3.3/lib/plugins/simple-4.1.21.jar
7f93296e0000-7f93296ec000 r--s 00100000 08:07 1189128                    /home/chivu/.gradle/wrapper/dists/gradle-3.3-all/55gk2rcmfc6p2dg9u9ohc3hw9/gradle-3.3/lib/plugins/rhino-1.7R3.jar
7f93296ec000-7f93296f0000 r--s 00012000 08:07 1189081                    /home/chivu/.gradle/wrapper/dists/gradle-3.3-all/55gk2rcmfc6p2dg9u9ohc3hw9/gradle-3.3/lib/plugins/gradle-javascript-3.3.jar
7f93296f0000-7f93296f2000 r--s 0000d000 08:07 1189087                    /home/chivu/.gradle/wrapper/dists/gradle-3.3-all/55gk2rcmfc6p2dg9u9ohc3hw9/gradle-3.3/lib/plugins/gradle-jacoco-3.3.jar
7f93296f2000-7f93296f5000 r--s 0000e000 08:07 1189086                    /home/chivu/.gradle/wrapper/dists/gradle-3.3-all/55gk2rcmfc6p2dg9u9ohc3hw9/gradle-3.3/lib/plugins/gradle-ivy-3.3.jar
7f93296f5000-7f93296f6000 r--s 00002000 08:07 1189097                    /home/chivu/.gradle/wrapper/dists/gradle-3.3-all/55gk2rcmfc6p2dg9u9ohc3hw9/gradle-3.3/lib/plugins/gradle-ide-play-3.3.jar
7f93296f6000-7f93296f9000 r--s 00013000 08:07 1189099                    /home/chivu/.gradle/wrapper/dists/gradle-3.3-all/55gk2rcmfc6p2dg9u9ohc3hw9/gradle-3.3/lib/plugins/gradle-ide-native-3.3.jar
7f93296f9000-7f9329702000 r--s 00055000 08:07 1189076                    /home/chivu/.gradle/wrapper/dists/gradle-3.3-all/55gk2rcmfc6p2dg9u9ohc3hw9/gradle-3.3/lib/plugins/gradle-ide-3.3.jar
7f9329702000-7f9329704000 r--s 00007000 08:07 1189080                    /home/chivu/.gradle/wrapper/dists/gradle-3.3-all/55gk2rcmfc6p2dg9u9ohc3hw9/gradle-3.3/lib/plugins/gradle-ear-3.3.jar
7f9329704000-7f932970a000 r--s 00039000 08:07 1189083                    /home/chivu/.gradle/wrapper/dists/gradle-3.3-all/55gk2rcmfc6p2dg9u9ohc3hw9/gradle-3.3/lib/plugins/gradle-diagnostics-3.3.jar
7f932970a000-7f932970b000 r--s 00009000 08:07 1189109                    /home/chivu/.gradle/wrapper/dists/gradle-3.3-all/55gk2rcmfc6p2dg9u9ohc3hw9/gradle-3.3/lib/plugins/gradle-composite-builds-3.3.jar
7f932970b000-7f932970f000 r--s 00023000 08:07 1189071                    /home/chivu/.gradle/wrapper/dists/gradle-3.3-all/55gk2rcmfc6p2dg9u9ohc3hw9/gradle-3.3/lib/plugins/gradle-code-quality-3.3.jar
7f932970f000-7f9329713000 r--s 00022000 08:07 1189088                    /home/chivu/.gradle/wrapper/dists/gradle-3.3-all/55gk2rcmfc6p2dg9u9ohc3hw9/gradle-3.3/lib/plugins/gradle-build-init-3.3.jar
7f9329713000-7f9329719000 r--s 0008e000 08:07 1189082                    /home/chivu/.gradle/wrapper/dists/gradle-3.3-all/55gk2rcmfc6p2dg9u9ohc3hw9/gradle-3.3/lib/plugins/gradle-build-comparison-3.3.jar
7f9329719000-7f932971a000 r--s 00001000 08:07 1189110                    /home/chivu/.gradle/wrapper/dists/gradle-3.3-all/55gk2rcmfc6p2dg9u9ohc3hw9/gradle-3.3/lib/plugins/gradle-build-cache-http-3.3.jar
7f932971a000-7f932971c000 r--s 00008000 08:07 1189073                    /home/chivu/.gradle/wrapper/dists/gradle-3.3-all/55gk2rcmfc6p2dg9u9ohc3hw9/gradle-3.3/lib/plugins/gradle-antlr-3.3.jar
7f932971c000-7f932971e000 r--s 00004000 08:07 1189077                    /home/chivu/.gradle/wrapper/dists/gradle-3.3-all/55gk2rcmfc6p2dg9u9ohc3hw9/gradle-3.3/lib/plugins/gradle-announce-3.3.jar
7f932971e000-7f9329736000 r--s 00115000 08:07 1189179                    /home/chivu/.gradle/wrapper/dists/gradle-3.3-all/55gk2rcmfc6p2dg9u9ohc3hw9/gradle-3.3/lib/plugins/xercesImpl-2.9.1.jar
7f9329736000-7f932973e000 r--s 00028000 08:07 1189180                    /home/chivu/.gradle/wrapper/dists/gradle-3.3-all/55gk2rcmfc6p2dg9u9ohc3hw9/gradle-3.3/lib/plugins/xml-apis-1.3.04.jar
7f932973e000-7f9329744000 r--s 0005b000 08:07 1189178                    /home/chivu/.gradle/wrapper/dists/gradle-3.3-all/55gk2rcmfc6p2dg9u9ohc3hw9/gradle-3.3/lib/plugins/jcifs-1.3.17.jar
7f9329744000-7f932974a000 r--s 00033000 08:07 1189126                    /home/chivu/.gradle/wrapper/dists/gradle-3.3-all/55gk2rcmfc6p2dg9u9ohc3hw9/gradle-3.3/lib/plugins/commons-codec-1.6.jar
7f932974a000-7f9329751000 r--s 00049000 08:07 1189177                    /home/chivu/.gradle/wrapper/dists/gradle-3.3-all/55gk2rcmfc6p2dg9u9ohc3hw9/gradle-3.3/lib/plugins/httpcore-4.4.4.jar
7f9329751000-7f9329754000 r--s 0001c000 08:07 1189135                    /home/chivu/.gradle/wrapper/dists/gradle-3.3-all/55gk2rcmfc6p2dg9u9ohc3hw9/gradle-3.3/lib/plugins/nekohtml-1.9.14.jar
7f9329754000-7f9329761000 r--s 000a4000 08:07 1189134                    /home/chivu/.gradle/wrapper/dists/gradle-3.3-all/55gk2rcmfc6p2dg9u9ohc3hw9/gradle-3.3/lib/plugins/httpclient-4.4.1.jar
7f9329761000-7f9329764000 r--s 0000a000 08:07 1189105                    /home/chivu/.gradle/wrapper/dists/gradle-3.3-all/55gk2rcmfc6p2dg9u9ohc3hw9/gradle-3.3/lib/plugins/gradle-resources-http-3.3.jar
7f9329764000-7f9329768000 r--s 00015000 08:07 1189104                    /home/chivu/.gradle/wrapper/dists/gradle-3.3-all/55gk2rcmfc6p2dg9u9ohc3hw9/gradle-3.3/lib/plugins/gradle-plugin-use-3.3.jar
7f9329768000-7f9329769000 r--s 00000000 08:07 1189016                    /home/chivu/.gradle/wrapper/dists/gradle-3.3-all/55gk2rcmfc6p2dg9u9ohc3hw9/gradle-3.3/lib/gradle-installation-beacon-3.3.jar
7f9329769000-7f932976b000 r--s 00006000 08:07 1189173                    /home/chivu/.gradle/wrapper/dists/gradle-3.3-all/55gk2rcmfc6p2dg9u9ohc3hw9/gradle-3.3/lib/plugins/aether-connector-wagon-1.13.1.jar
7f932976b000-7f932976f000 r--s 0001c000 08:07 1189172                    /home/chivu/.gradle/wrapper/dists/gradle-3.3-all/55gk2rcmfc6p2dg9u9ohc3hw9/gradle-3.3/lib/plugins/aether-util-1.13.1.jar
7f932976f000-7f9329770000 r--s 00003000 08:07 1189171                    /home/chivu/.gradle/wrapper/dists/gradle-3.3-all/55gk2rcmfc6p2dg9u9ohc3hw9/gradle-3.3/lib/plugins/aether-spi-1.13.1.jar
7f9329770000-7f9329773000 r--s 0001d000 08:07 1189170                    /home/chivu/.gradle/wrapper/dists/gradle-3.3-all/55gk2rcmfc6p2dg9u9ohc3hw9/gradle-3.3/lib/plugins/aether-impl-1.13.1.jar
7f9329773000-7f9329776000 r--s 00013000 08:07 1189169                    /home/chivu/.gradle/wrapper/dists/gradle-3.3-all/55gk2rcmfc6p2dg9u9ohc3hw9/gradle-3.3/lib/plugins/aether-api-1.13.1.jar
7f9329776000-7f9329777000 r--s 00007000 08:07 1189168                    /home/chivu/.gradle/wrapper/dists/gradle-3.3-all/55gk2rcmfc6p2dg9u9ohc3hw9/gradle-3.3/lib/plugins/wagon-http-shared4-2.4.jar
7f9329777000-7f9329779000 r--s 0000b000 08:07 1189167                    /home/chivu/.gradle/wrapper/dists/gradle-3.3-all/55gk2rcmfc6p2dg9u9ohc3hw9/gradle-3.3/lib/plugins/wagon-provider-api-2.4.jar
7f9329779000-7f932977a000 r--s 00002000 08:07 1189166                    /home/chivu/.gradle/wrapper/dists/gradle-3.3-all/55gk2rcmfc6p2dg9u9ohc3hw9/gradle-3.3/lib/plugins/wagon-http-2.4.jar
7f932977a000-7f932977b000 r--s 00002000 08:07 1189165                    /home/chivu/.gradle/wrapper/dists/gradle-3.3-all/55gk2rcmfc6p2dg9u9ohc3hw9/gradle-3.3/lib/plugins/wagon-file-2.4.jar
7f932977b000-7f932977d000 r--s 0000c000 08:07 1189164                    /home/chivu/.gradle/wrapper/dists/gradle-3.3-all/55gk2rcmfc6p2dg9u9ohc3hw9/gradle-3.3/lib/plugins/maven-aether-provider-3.0.4.jar
7f932977d000-7f932977f000 r--s 0000b000 08:07 1189163                    /home/chivu/.gradle/wrapper/dists/gradle-3.3-all/55gk2rcmfc6p2dg9u9ohc3hw9/gradle-3.3/lib/plugins/maven-plugin-api-3.0.4.jar
7f932977f000-7f9329781000 r--s 00006000 08:07 1189162                    /home/chivu/.gradle/wrapper/dists/gradle-3.3-all/55gk2rcmfc6p2dg9u9ohc3hw9/gradle-3.3/lib/plugins/maven-repository-metadata-3.0.4.jar
7f9329781000-7f9329783000 r--s 0000b000 08:07 1189161                    /home/chivu/.gradle/wrapper/dists/gradle-3.3-all/55gk2rcmfc6p2dg9u9ohc3hw9/gradle-3.3/lib/plugins/maven-artifact-3.0.4.jar
7f9329783000-7f9329785000 r--s 00026000 08:07 1189160                    /home/chivu/.gradle/wrapper/dists/gradle-3.3-all/55gk2rcmfc6p2dg9u9ohc3hw9/gradle-3.3/lib/plugins/maven-model-3.0.4.jar
7f9329785000-7f9329789000 r--s 00021000 08:07 1189159                    /home/chivu/.gradle/wrapper/dists/gradle-3.3-all/55gk2rcmfc6p2dg9u9ohc3hw9/gradle-3.3/lib/plugins/maven-model-builder-3.0.4.jar
7f9329789000-7f932978f000 r--s 0003f000 08:07 1189158                    /home/chivu/.gradle/wrapper/dists/gradle-3.3-all/55gk2rcmfc6p2dg9u9ohc3hw9/gradle-3.3/lib/plugins/maven-compat-3.0.4.jar
7f932978f000-7f9329790000 r--s 00006000 08:07 1189157                    /home/chivu/.gradle/wrapper/dists/gradle-3.3-all/55gk2rcmfc6p2dg9u9ohc3hw9/gradle-3.3/lib/plugins/plexus-sec-dispatcher-1.3.jar
7f9329790000-7f9329792000 r--s 00002000 08:07 1189156                    /home/chivu/.gradle/wrapper/dists/gradle-3.3-all/55gk2rcmfc6p2dg9u9ohc3hw9/gradle-3.3/lib/plugins/plexus-cipher-1.7.jar
7f9329792000-7f9329794000 r--s 0000a000 08:07 1189155                    /home/chivu/.gradle/wrapper/dists/gradle-3.3-all/55gk2rcmfc6p2dg9u9ohc3hw9/gradle-3.3/lib/plugins/plexus-classworlds-2.4.jar
7f9329794000-7f932979b000 r--s 0002e000 08:07 1189154                    /home/chivu/.gradle/wrapper/dists/gradle-3.3-all/55gk2rcmfc6p2dg9u9ohc3hw9/gradle-3.3/lib/plugins/plexus-container-default-1.5.5.jar
7f932979b000-7f932979d000 r--s 00000000 08:07 1189181                    /home/chivu/.gradle/wrapper/dists/gradle-3.3-all/55gk2rcmfc6p2dg9u9ohc3hw9/gradle-3.3/lib/plugins/plexus-component-annotations-1.5.5.jar
7f932979d000-7f932979f000 r--s 0000d000 08:07 1189153                    /home/chivu/.gradle/wrapper/dists/gradle-3.3-all/55gk2rcmfc6p2dg9u9ohc3hw9/gradle-3.3/lib/plugins/plexus-interpolation-1.14.jar
7f932979f000-7f93297a3000 r--s 00033000 08:07 1189152                    /home/chivu/.gradle/wrapper/dists/gradle-3.3-all/55gk2rcmfc6p2dg9u9ohc3hw9/gradle-3.3/lib/plugins/plexus-utils-2.0.6.jar
7f93297a3000-7f93297a6000 r--s 00008000 08:07 1189151                    /home/chivu/.gradle/wrapper/dists/gradle-3.3-all/55gk2rcmfc6p2dg9u9ohc3hw9/gradle-3.3/lib/plugins/maven-settings-builder-3.0.4.jar
7f93297a6000-7f93297ab000 r--s 00040000 08:07 1189136                    /home/chivu/.gradle/wrapper/dists/gradle-3.3-all/55gk2rcmfc6p2dg9u9ohc3hw9/gradle-3.3/lib/plugins/jsch-0.1.53.jar
7f93297ab000-7f93297eb000 r--s 00277000 08:07 1189146                    /home/chivu/.gradle/wrapper/dists/gradle-3.3-all/55gk2rcmfc6p2dg9u9ohc3hw9/gradle-3.3/lib/plugins/bcprov-jdk15on-1.51.jar
7f93297eb000-7f93297f7000 r--s 0007d000 08:07 1189123                    /home/chivu/.gradle/wrapper/dists/gradle-3.3-all/55gk2rcmfc6p2dg9u9ohc3hw9/gradle-3.3/lib/plugins/maven-core-3.0.4.jar
7f93297f7000-7f9329816000 r--s 000f6000 08:07 1189112                    /home/chivu/.gradle/wrapper/dists/gradle-3.3-all/55gk2rcmfc6p2dg9u9ohc3hw9/gradle-3.3/lib/plugins/gradle-dependency-management-3.3.jar
7f9329816000-7f932982c000 r-xp 00000000 08:07 529479                     /lib/x86_64-linux-gnu/libgcc_s.so.1
7f932982c000-7f9329a2b000 ---p 00016000 08:07 529479                     /lib/x86_64-linux-gnu/libgcc_s.so.1
7f9329a2b000-7f9329a2c000 rw-p 00015000 08:07 529479                     /lib/x86_64-linux-gnu/libgcc_s.so.1
7f9329a2c000-7f9329b9e000 r-xp 00000000 08:07 1312856                    /usr/lib/x86_64-linux-gnu/libstdc++.so.6.0.21
7f9329b9e000-7f9329d9e000 ---p 00172000 08:07 1312856                    /usr/lib/x86_64-linux-gnu/libstdc++.so.6.0.21
7f9329d9e000-7f9329da8000 r--p 00172000 08:07 1312856                    /usr/lib/x86_64-linux-gnu/libstdc++.so.6.0.21
7f9329da8000-7f9329daa000 rw-p 0017c000 08:07 1312856                    /usr/lib/x86_64-linux-gnu/libstdc++.so.6.0.21
7f9329daa000-7f9329dae000 rw-p 00000000 00:00 0 
7f9329dae000-7f9329db0000 r--s 0000a000 08:07 1189150                    /home/chivu/.gradle/wrapper/dists/gradle-3.3-all/55gk2rcmfc6p2dg9u9ohc3hw9/gradle-3.3/lib/plugins/maven-settings-3.0.4.jar
7f9329db0000-7f9329db4000 r--s 0001d000 08:07 1189145                    /home/chivu/.gradle/wrapper/dists/gradle-3.3-all/55gk2rcmfc6p2dg9u9ohc3hw9/gradle-3.3/lib/plugins/xbean-reflect-3.4.jar
7f9329db4000-7f9329db9000 r--s 00034000 08:07 1189129                    /home/chivu/.gradle/wrapper/dists/gradle-3.3-all/55gk2rcmfc6p2dg9u9ohc3hw9/gradle-3.3/lib/plugins/gson-2.7.jar
7f9329db9000-7f9329dc8000 r--s 000d9000 08:07 1189144                    /home/chivu/.gradle/wrapper/dists/gradle-3.3-all/55gk2rcmfc6p2dg9u9ohc3hw9/gradle-3.3/lib/plugins/ivy-2.2.0.jar
7f9329dc8000-7f9329dca000 r--s 00005000 08:07 1189111                    /home/chivu/.gradle/wrapper/dists/gradle-3.3-all/55gk2rcmfc6p2dg9u9ohc3hw9/gradle-3.3/lib/plugins/gradle-workers-3.3.jar
7f9329dca000-7f9329dcf000 r-xp 00000000 08:07 932602                     /home/chivu/.gradle/native/23/linux-amd64/libnative-platform.so
7f9329dcf000-7f9329fce000 ---p 00005000 08:07 932602                     /home/chivu/.gradle/native/23/linux-amd64/libnative-platform.so
7f9329fce000-7f9329fcf000 rw-p 00004000 08:07 932602                     /home/chivu/.gradle/native/23/linux-amd64/libnative-platform.so
7f9329fcf000-7f9329fe0000 r-xp 00000000 08:07 1201545                    /home/chivu/Downloads/android-studio-p/jre/jre/lib/amd64/libnio.so
7f9329fe0000-7f932a1df000 ---p 00011000 08:07 1201545                    /home/chivu/Downloads/android-studio-p/jre/jre/lib/amd64/libnio.so
7f932a1df000-7f932a1e0000 r--p 00010000 08:07 1201545                    /home/chivu/Downloads/android-studio-p/jre/jre/lib/amd64/libnio.so
7f932a1e0000-7f932a1e1000 rw-p 00011000 08:07 1201545                    /home/chivu/Downloads/android-studio-p/jre/jre/lib/amd64/libnio.so
7f932a1e1000-7f932a4e2000 rw-p 00000000 00:00 0 
7f932a4e2000-7f932a4f9000 r-xp 00000000 08:07 1201544                    /home/chivu/Downloads/android-studio-p/jre/jre/lib/amd64/libnet.so
7f932a4f9000-7f932a6f8000 ---p 00017000 08:07 1201544                    /home/chivu/Downloads/android-studio-p/jre/jre/lib/amd64/libnet.so
7f932a6f8000-7f932a6f9000 r--p 00016000 08:07 1201544                    /home/chivu/Downloads/android-studio-p/jre/jre/lib/amd64/libnet.so
7f932a6f9000-7f932a6fa000 rw-p 00017000 08:07 1201544                    /home/chivu/Downloads/android-studio-p/jre/jre/lib/amd64/libnet.so
7f932a6fa000-7f932a6fb000 r--s 00006000 08:07 1189015                    /home/chivu/.gradle/wrapper/dists/gradle-3.3-all/55gk2rcmfc6p2dg9u9ohc3hw9/gradle-3.3/lib/gradle-wrapper-3.3.jar
7f932a6fb000-7f932a708000 r--s 00041000 08:07 1189022                    /home/chivu/.gradle/wrapper/dists/gradle-3.3-all/55gk2rcmfc6p2dg9u9ohc3hw9/gradle-3.3/lib/gradle-tooling-api-3.3.jar
7f932a708000-7f932a70a000 r--s 00002000 08:07 1189042                    /home/chivu/.gradle/wrapper/dists/gradle-3.3-all/55gk2rcmfc6p2dg9u9ohc3hw9/gradle-3.3/lib/gradle-open-api-3.3.jar
7f932a70a000-7f932a710000 r--s 00032000 08:07 1189044                    /home/chivu/.gradle/wrapper/dists/gradle-3.3-all/55gk2rcmfc6p2dg9u9ohc3hw9/gradle-3.3/lib/jaxen-1.1.jar
7f932a710000-7f932a715000 r--s 00048000 08:07 1189043                    /home/chivu/.gradle/wrapper/dists/gradle-3.3-all/55gk2rcmfc6p2dg9u9ohc3hw9/gradle-3.3/lib/dom4j-1.6.1.jar
7f932a715000-7f932a720000 r--s 00059000 08:07 1189021                    /home/chivu/.gradle/wrapper/dists/gradle-3.3-all/55gk2rcmfc6p2dg9u9ohc3hw9/gradle-3.3/lib/gradle-ui-3.3.jar
7f932a720000-7f932a729000 r--s 0008c000 08:07 1189013                    /home/chivu/.gradle/wrapper/dists/gradle-3.3-all/55gk2rcmfc6p2dg9u9ohc3hw9/gradle-3.3/lib/kotlin-stdlib-1.1-M02.jar
7f932a729000-7f932a72f000 r--s 0002a000 08:07 1189012                    /home/chivu/.gradle/wrapper/dists/gradle-3.3-all/55gk2rcmfc6p2dg9u9ohc3hw9/gradle-3.3/lib/kotlin-runtime-1.1-M02.jar
7f932a72f000-7f932a763000 r--s 00256000 08:07 1189011                    /home/chivu/.gradle/wrapper/dists/gradle-3.3-all/55gk2rcmfc6p2dg9u9ohc3hw9/gradle-3.3/lib/kotlin-reflect-1.1-M02.jar
7f932a763000-7f932a8f9000 r--s 0157e000 08:07 1189010                    /home/chivu/.gradle/wrapper/dists/gradle-3.3-all/55gk2rcmfc6p2dg9u9ohc3hw9/gradle-3.3/lib/kotlin-compiler-embeddable-1.1-M02.jar
7f932a8f9000-7f932a901000 r--s 0004e000 08:07 1189009                    /home/chivu/.gradle/wrapper/dists/gradle-3.3-all/55gk2rcmfc6p2dg9u9ohc3hw9/gradle-3.3/lib/gradle-script-kotlin-0.5.1.jar
7f932a901000-7f932a904000 r--s 0000b000 08:07 1189040                    /home/chivu/.gradle/wrapper/dists/gradle-3.3-all/55gk2rcmfc6p2dg9u9ohc3hw9/gradle-3.3/lib/gradle-resources-3.3.jar
7f932a904000-7f932a906000 r--s 00003000 08:07 1189049                    /home/chivu/.gradle/wrapper/dists/gradle-3.3-all/55gk2rcmfc6p2dg9u9ohc3hw9/gradle-3.3/lib/jcl-over-slf4j-1.7.10.jar
7f932a906000-7f932a907000 r--s 00005000 08:07 1189048                    /home/chivu/.gradle/wrapper/dists/gradle-3.3-all/55gk2rcmfc6p2dg9u9ohc3hw9/gradle-3.3/lib/log4j-over-slf4j-1.7.10.jar
7f932a907000-7f932a909000 r--s 00000000 08:07 1189047                    /home/chivu/.gradle/wrapper/dists/gradle-3.3-all/55gk2rcmfc6p2dg9u9ohc3hw9/gradle-3.3/lib/jul-to-slf4j-1.7.10.jar
7f932a909000-7f932a90e000 r--s 0001e000 08:07 1189024                    /home/chivu/.gradle/wrapper/dists/gradle-3.3-all/55gk2rcmfc6p2dg9u9ohc3hw9/gradle-3.3/lib/gradle-logging-3.3.jar
7f932a90e000-7f932a910000 r--s 00007000 08:07 1189068                    /home/chivu/.gradle/wrapper/dists/gradle-3.3-all/55gk2rcmfc6p2dg9u9ohc3hw9/gradle-3.3/lib/objenesis-1.2.jar
7f932a910000-7f932a912000 r--s 00000000 08:07 1189067                    /home/chivu/.gradle/wrapper/dists/gradle-3.3-all/55gk2rcmfc6p2dg9u9ohc3hw9/gradle-3.3/lib/minlog-1.2.jar
7f932a912000-7f932a914000 r--s 0000f000 08:07 1189066                    /home/chivu/.gradle/wrapper/dists/gradle-3.3-all/55gk2rcmfc6p2dg9u9ohc3hw9/gradle-3.3/lib/reflectasm-1.07-shaded.jar
7f932a914000-7f932a918000 r--s 00026000 08:07 1189051                    /home/chivu/.gradle/wrapper/dists/gradle-3.3-all/55gk2rcmfc6p2dg9u9ohc3hw9/gradle-3.3/lib/kryo-2.20.jar
7f932a918000-7f932a91e000 r--s 00027000 08:07 1189039                    /home/chivu/.gradle/wrapper/dists/gradle-3.3-all/55gk2rcmfc6p2dg9u9ohc3hw9/gradle-3.3/lib/gradle-messaging-3.3.jar
7f932a91e000-7f932a91f000 r--s 00001000 08:07 1189065                    /home/chivu/.gradle/wrapper/dists/gradle-3.3-all/55gk2rcmfc6p2dg9u9ohc3hw9/gradle-3.3/lib/native-platform-linux-i386-ncurses6-0.12.jar
7f932a91f000-7f932a920000 r--s 00001000 08:07 1189064                    /home/chivu/.gradle/wrapper/dists/gradle-3.3-all/55gk2rcmfc6p2dg9u9ohc3hw9/gradle-3.3/lib/native-platform-linux-i386-ncurses5-0.12.jar
7f932a920000-7f932a921000 r--s 00001000 08:07 1189063                    /home/chivu/.gradle/wrapper/dists/gradle-3.3-all/55gk2rcmfc6p2dg9u9ohc3hw9/gradle-3.3/lib/native-platform-linux-amd64-ncurses6-0.12.jar
7f932a921000-7f932a991000 r--s 00641000 08:07 1189029                    /home/chivu/.gradle/wrapper/dists/gradle-3.3-all/55gk2rcmfc6p2dg9u9ohc3hw9/gradle-3.3/lib/groovy-all-2.4.7.jar
7f932a991000-7f932a9b9000 r--s 001cf000 08:07 1189026                    /home/chivu/.gradle/wrapper/dists/gradle-3.3-all/55gk2rcmfc6p2dg9u9ohc3hw9/gradle-3.3/lib/guava-jdk5-17.0.jar
7f932a9b9000-7f932a9d8000 r--s 001d1000 08:07 1189033                    /home/chivu/.gradle/wrapper/dists/gradle-3.3-all/55gk2rcmfc6p2dg9u9ohc3hw9/gradle-3.3/lib/ant-1.9.6.jar
7f932a9d8000-7f932aa15000 r--s 001f8000 08:07 1189019                    /home/chivu/.gradle/wrapper/dists/gradle-3.3-all/55gk2rcmfc6p2dg9u9ohc3hw9/gradle-3.3/lib/gradle-core-3.3.jar
7f932aa15000-7f932aa16000 ---p 00000000 00:00 0 
7f932aa16000-7f932ab16000 rw-p 00000000 00:00 0 
7f932ab16000-7f932ab19000 ---p 00000000 00:00 0 
7f932ab19000-7f932ac17000 rw-p 00000000 00:00 0 
7f932ac17000-7f932ac1a000 ---p 00000000 00:00 0 
7f932ac1a000-7f932ad18000 rw-p 00000000 00:00 0 
7f932ad18000-7f932ad1b000 ---p 00000000 00:00 0 
7f932ad1b000-7f932ae19000 rw-p 00000000 00:00 0 
7f932ae19000-7f932ae1c000 ---p 00000000 00:00 0 
7f932ae1c000-7f932af1a000 rw-p 00000000 00:00 0 
7f932af1a000-7f932af1d000 ---p 00000000 00:00 0 
7f932af1d000-7f932b01b000 rw-p 00000000 00:00 0 
7f932b01b000-7f932b2f3000 r--p 00000000 08:07 1311727                    /usr/lib/locale/locale-archive
7f932b2f3000-7f932b2f6000 ---p 00000000 00:00 0 
7f932b2f6000-7f932b3f4000 rw-p 00000000 00:00 0 
7f932b3f4000-7f932b3f7000 ---p 00000000 00:00 0 
7f932b3f7000-7f932b4f5000 rw-p 00000000 00:00 0 
7f932b4f5000-7f932b4f6000 ---p 00000000 00:00 0 
7f932b4f6000-7f932c000000 rw-p 00000000 00:00 0 
7f932c000000-7f932c140000 rw-p 00000000 00:00 0 
7f932c140000-7f9330000000 ---p 00000000 00:00 0 
7f9330000000-7f9330121000 rw-p 00000000 00:00 0 
7f9330121000-7f9334000000 ---p 00000000 00:00 0 
7f9334000000-7f9334023000 rw-p 00000000 00:00 0 
7f9334023000-7f9338000000 ---p 00000000 00:00 0 
7f9338000000-7f9338001000 r--s 00001000 08:07 1189062                    /home/chivu/.gradle/wrapper/dists/gradle-3.3-all/55gk2rcmfc6p2dg9u9ohc3hw9/gradle-3.3/lib/native-platform-linux-amd64-ncurses5-0.12.jar
7f9338001000-7f9338003000 r--s 0000b000 08:07 1189060                    /home/chivu/.gradle/wrapper/dists/gradle-3.3-all/55gk2rcmfc6p2dg9u9ohc3hw9/gradle-3.3/lib/native-platform-windows-amd64-0.12.jar
7f9338003000-7f9338005000 r--s 00002000 08:07 1189059                    /home/chivu/.gradle/wrapper/dists/gradle-3.3-all/55gk2rcmfc6p2dg9u9ohc3hw9/gradle-3.3/lib/native-platform-osx-i386-0.12.jar
7f9338005000-7f93385bb000 rw-p 00000000 00:00 0 
7f93385bb000-7f933878a000 r--s 03c1b000 08:07 1201515                    /home/chivu/Downloads/android-studio-p/jre/jre/lib/rt.jar
7f933878a000-7f933c000000 rw-p 00000000 00:00 0 
7f933c000000-7f933c052000 rw-p 00000000 00:00 0 
7f933c052000-7f9340000000 ---p 00000000 00:00 0 
7f9340000000-7f9340001000 r--s 0000b000 08:07 1189061                    /home/chivu/.gradle/wrapper/dists/gradle-3.3-all/55gk2rcmfc6p2dg9u9ohc3hw9/gradle-3.3/lib/native-platform-windows-i386-0.12.jar
7f9340001000-7f9340002000 r--s 00002000 08:07 1189058                    /home/chivu/.gradle/wrapper/dists/gradle-3.3-all/55gk2rcmfc6p2dg9u9ohc3hw9/gradle-3.3/lib/native-platform-osx-amd64-0.12.jar
7f9340002000-7f9340003000 r--s 00002000 08:07 1189057                    /home/chivu/.gradle/wrapper/dists/gradle-3.3-all/55gk2rcmfc6p2dg9u9ohc3hw9/gradle-3.3/lib/native-platform-linux-i386-0.12.jar
7f9340003000-7f9340004000 r--s 00002000 08:07 1189056                    /home/chivu/.gradle/wrapper/dists/gradle-3.3-all/55gk2rcmfc6p2dg9u9ohc3hw9/gradle-3.3/lib/native-platform-linux-amd64-0.12.jar
7f9340004000-7f9340005000 r--s 00003000 08:07 1189055                    /home/chivu/.gradle/wrapper/dists/gradle-3.3-all/55gk2rcmfc6p2dg9u9ohc3hw9/gradle-3.3/lib/native-platform-freebsd-i386-libstdcpp-0.12.jar
7f9340005000-7f9340006000 r--s 00004000 08:07 1189054                    /home/chivu/.gradle/wrapper/dists/gradle-3.3-all/55gk2rcmfc6p2dg9u9ohc3hw9/gradle-3.3/lib/native-platform-freebsd-i386-libcpp-0.12.jar
7f9340006000-7f9340008000 r--s 00003000 08:07 1189053                    /home/chivu/.gradle/wrapper/dists/gradle-3.3-all/55gk2rcmfc6p2dg9u9ohc3hw9/gradle-3.3/lib/native-platform-freebsd-amd64-libstdcpp-0.12.jar
7f9340008000-7f934000b000 r--s 00023000 08:07 1189046                    /home/chivu/.gradle/wrapper/dists/gradle-3.3-all/55gk2rcmfc6p2dg9u9ohc3hw9/gradle-3.3/lib/jansi-1.14.jar
7f934000b000-7f934001a000 r--s 0007f000 08:07 1189030                    /home/chivu/.gradle/wrapper/dists/gradle-3.3-all/55gk2rcmfc6p2dg9u9ohc3hw9/gradle-3.3/lib/gradle-model-core-3.3.jar
7f934001a000-7f934033b000 rw-p 00000000 00:00 0 
7f934033b000-7f934033c000 ---p 00000000 00:00 0 
7f934033c000-7f934043c000 rw-p 00000000 00:00 0 
7f934043c000-7f934043d000 ---p 00000000 00:00 0 
7f934043d000-7f934053d000 rw-p 00000000 00:00 0 
7f934053d000-7f934053e000 ---p 00000000 00:00 0 
7f934053e000-7f934063e000 rw-p 00000000 00:00 0 
7f934063e000-7f934063f000 ---p 00000000 00:00 0 
7f934063f000-7f9340863000 rw-p 00000000 00:00 0 
7f9340863000-7f934093f000 ---p 00000000 00:00 0 
7f934093f000-7f9340a63000 rw-p 00000000 00:00 0 
7f9340a63000-7f9340b3f000 ---p 00000000 00:00 0 
7f9340b3f000-7f9340c3f000 rw-p 00000000 00:00 0 
7f9340c3f000-7f9340d48000 rw-p 00000000 00:00 0 
7f9340d48000-7f9341000000 ---p 00000000 00:00 0 
7f9341000000-7f93451d0000 rwxp 00000000 00:00 0 
7f93451d0000-7f9350000000 ---p 00000000 00:00 0 
7f9350000000-7f9350d4b000 rw-p 00000000 00:00 0 
7f9350d4b000-7f9354000000 ---p 00000000 00:00 0 
7f9354000000-7f9354001000 r--s 00004000 08:07 1189052                    /home/chivu/.gradle/wrapper/dists/gradle-3.3-all/55gk2rcmfc6p2dg9u9ohc3hw9/gradle-3.3/lib/native-platform-freebsd-amd64-libcpp-0.12.jar
7f9354001000-7f9354005000 r--s 00011000 08:07 1189045                    /home/chivu/.gradle/wrapper/dists/gradle-3.3-all/55gk2rcmfc6p2dg9u9ohc3hw9/gradle-3.3/lib/native-platform-0.12.jar
7f9354005000-7f9354008000 r--s 0000a000 08:07 1189023                    /home/chivu/.gradle/wrapper/dists/gradle-3.3-all/55gk2rcmfc6p2dg9u9ohc3hw9/gradle-3.3/lib/gradle-native-3.3.jar
7f9354008000-7f935400a000 r--s 00005000 08:07 1189020                    /home/chivu/.gradle/wrapper/dists/gradle-3.3-all/55gk2rcmfc6p2dg9u9ohc3hw9/gradle-3.3/lib/gradle-cli-3.3.jar
7f935400a000-7f935400c000 r--s 00007000 08:07 1189031                    /home/chivu/.gradle/wrapper/dists/gradle-3.3-all/55gk2rcmfc6p2dg9u9ohc3hw9/gradle-3.3/lib/gradle-model-groovy-3.3.jar
7f935400c000-7f935400e000 r--s 00006000 08:07 1189038                    /home/chivu/.gradle/wrapper/dists/gradle-3.3-all/55gk2rcmfc6p2dg9u9ohc3hw9/gradle-3.3/lib/gradle-base-services-groovy-3.3.jar
7f935400e000-7f935400f000 r--s 00002000 08:07 1189041                    /home/chivu/.gradle/wrapper/dists/gradle-3.3-all/55gk2rcmfc6p2dg9u9ohc3hw9/gradle-3.3/lib/gradle-docs-3.3.jar
7f935400f000-7f935401c000 r--s 00083000 08:07 1189034                    /home/chivu/.gradle/wrapper/dists/gradle-3.3-all/55gk2rcmfc6p2dg9u9ohc3hw9/gradle-3.3/lib/commons-collections-3.2.2.jar
7f935401c000-7f9354036000 r-xp 00000000 08:07 1201530                    /home/chivu/Downloads/android-studio-p/jre/jre/lib/amd64/libzip.so
7f9354036000-7f9354236000 ---p 0001a000 08:07 1201530                    /home/chivu/Downloads/android-studio-p/jre/jre/lib/amd64/libzip.so
7f9354236000-7f9354237000 r--p 0001a000 08:07 1201530                    /home/chivu/Downloads/android-studio-p/jre/jre/lib/amd64/libzip.so
7f9354237000-7f9354238000 rw-p 0001b000 08:07 1201530                    /home/chivu/Downloads/android-studio-p/jre/jre/lib/amd64/libzip.so
7f9354238000-7f9354243000 r-xp 00000000 08:07 541944                     /lib/x86_64-linux-gnu/libnss_files-2.23.so
7f9354243000-7f9354442000 ---p 0000b000 08:07 541944                     /lib/x86_64-linux-gnu/libnss_files-2.23.so
7f9354442000-7f9354443000 r--p 0000a000 08:07 541944                     /lib/x86_64-linux-gnu/libnss_files-2.23.so
7f9354443000-7f9354444000 rw-p 0000b000 08:07 541944                     /lib/x86_64-linux-gnu/libnss_files-2.23.so
7f9354444000-7f935444a000 rw-p 00000000 00:00 0 
7f935444a000-7f9354455000 r-xp 00000000 08:07 541937                     /lib/x86_64-linux-gnu/libnss_nis-2.23.so
7f9354455000-7f9354654000 ---p 0000b000 08:07 541937                     /lib/x86_64-linux-gnu/libnss_nis-2.23.so
7f9354654000-7f9354655000 r--p 0000a000 08:07 541937                     /lib/x86_64-linux-gnu/libnss_nis-2.23.so
7f9354655000-7f9354656000 rw-p 0000b000 08:07 541937                     /lib/x86_64-linux-gnu/libnss_nis-2.23.so
7f9354656000-7f935466c000 r-xp 00000000 08:07 541939                     /lib/x86_64-linux-gnu/libnsl-2.23.so
7f935466c000-7f935486b000 ---p 00016000 08:07 541939                     /lib/x86_64-linux-gnu/libnsl-2.23.so
7f935486b000-7f935486c000 r--p 00015000 08:07 541939                     /lib/x86_64-linux-gnu/libnsl-2.23.so
7f935486c000-7f935486d000 rw-p 00016000 08:07 541939                     /lib/x86_64-linux-gnu/libnsl-2.23.so
7f935486d000-7f935486f000 rw-p 00000000 00:00 0 
7f935486f000-7f9354877000 r-xp 00000000 08:07 541946                     /lib/x86_64-linux-gnu/libnss_compat-2.23.so
7f9354877000-7f9354a76000 ---p 00008000 08:07 541946                     /lib/x86_64-linux-gnu/libnss_compat-2.23.so
7f9354a76000-7f9354a77000 r--p 00007000 08:07 541946                     /lib/x86_64-linux-gnu/libnss_compat-2.23.so
7f9354a77000-7f9354a78000 rw-p 00008000 08:07 541946                     /lib/x86_64-linux-gnu/libnss_compat-2.23.so
7f9354a78000-7f9354aa5000 r-xp 00000000 08:07 1201547                    /home/chivu/Downloads/android-studio-p/jre/jre/lib/amd64/libjava.so
7f9354aa5000-7f9354ca4000 ---p 0002d000 08:07 1201547                    /home/chivu/Downloads/android-studio-p/jre/jre/lib/amd64/libjava.so
7f9354ca4000-7f9354ca5000 r--p 0002c000 08:07 1201547                    /home/chivu/Downloads/android-studio-p/jre/jre/lib/amd64/libjava.so
7f9354ca5000-7f9354ca7000 rw-p 0002d000 08:07 1201547                    /home/chivu/Downloads/android-studio-p/jre/jre/lib/amd64/libjava.so
7f9354ca7000-7f9354cb7000 r-xp 00000000 08:07 1201520                    /home/chivu/Downloads/android-studio-p/jre/jre/lib/amd64/libverify.so
7f9354cb7000-7f9354eb6000 ---p 00010000 08:07 1201520                    /home/chivu/Downloads/android-studio-p/jre/jre/lib/amd64/libverify.so
7f9354eb6000-7f9354eb8000 r--p 0000f000 08:07 1201520                    /home/chivu/Downloads/android-studio-p/jre/jre/lib/amd64/libverify.so
7f9354eb8000-7f9354eb9000 rw-p 00011000 08:07 1201520                    /home/chivu/Downloads/android-studio-p/jre/jre/lib/amd64/libverify.so
7f9354eb9000-7f9354ec0000 r-xp 00000000 08:07 541947                     /lib/x86_64-linux-gnu/librt-2.23.so
7f9354ec0000-7f93550bf000 ---p 00007000 08:07 541947                     /lib/x86_64-linux-gnu/librt-2.23.so
7f93550bf000-7f93550c0000 r--p 00006000 08:07 541947                     /lib/x86_64-linux-gnu/librt-2.23.so
7f93550c0000-7f93550c1000 rw-p 00007000 08:07 541947                     /lib/x86_64-linux-gnu/librt-2.23.so
7f93550c1000-7f93551c9000 r-xp 00000000 08:07 541938                     /lib/x86_64-linux-gnu/libm-2.23.so
7f93551c9000-7f93553c8000 ---p 00108000 08:07 541938                     /lib/x86_64-linux-gnu/libm-2.23.so
7f93553c8000-7f93553c9000 r--p 00107000 08:07 541938                     /lib/x86_64-linux-gnu/libm-2.23.so
7f93553c9000-7f93553ca000 rw-p 00108000 08:07 541938                     /lib/x86_64-linux-gnu/libm-2.23.so
7f93553ca000-7f9355fbb000 r-xp 00000000 08:07 1201528                    /home/chivu/Downloads/android-studio-p/jre/jre/lib/amd64/server/libjvm.so
7f9355fbb000-7f93561bb000 ---p 00bf1000 08:07 1201528                    /home/chivu/Downloads/android-studio-p/jre/jre/lib/amd64/server/libjvm.so
7f93561bb000-7f935625a000 r--p 00bf1000 08:07 1201528                    /home/chivu/Downloads/android-studio-p/jre/jre/lib/amd64/server/libjvm.so
7f935625a000-7f9356283000 rw-p 00c90000 08:07 1201528                    /home/chivu/Downloads/android-studio-p/jre/jre/lib/amd64/server/libjvm.so
7f9356283000-7f93562c7000 rw-p 00000000 00:00 0 
7f93562c7000-7f93562df000 r-xp 00000000 08:07 541951                     /lib/x86_64-linux-gnu/libpthread-2.23.so
7f93562df000-7f93564de000 ---p 00018000 08:07 541951                     /lib/x86_64-linux-gnu/libpthread-2.23.so
7f93564de000-7f93564df000 r--p 00017000 08:07 541951                     /lib/x86_64-linux-gnu/libpthread-2.23.so
7f93564df000-7f93564e0000 rw-p 00018000 08:07 541951                     /lib/x86_64-linux-gnu/libpthread-2.23.so
7f93564e0000-7f93564e4000 rw-p 00000000 00:00 0 
7f93564e4000-7f93564e7000 r-xp 00000000 08:07 541936                     /lib/x86_64-linux-gnu/libdl-2.23.so
7f93564e7000-7f93566e6000 ---p 00003000 08:07 541936                     /lib/x86_64-linux-gnu/libdl-2.23.so
7f93566e6000-7f93566e7000 r--p 00002000 08:07 541936                     /lib/x86_64-linux-gnu/libdl-2.23.so
7f93566e7000-7f93566e8000 rw-p 00003000 08:07 541936                     /lib/x86_64-linux-gnu/libdl-2.23.so
7f93566e8000-7f93568a7000 r-xp 00000000 08:07 541940                     /lib/x86_64-linux-gnu/libc-2.23.so
7f93568a7000-7f9356aa7000 ---p 001bf000 08:07 541940                     /lib/x86_64-linux-gnu/libc-2.23.so
7f9356aa7000-7f9356aab000 r--p 001bf000 08:07 541940                     /lib/x86_64-linux-gnu/libc-2.23.so
7f9356aab000-7f9356aad000 rw-p 001c3000 08:07 541940                     /lib/x86_64-linux-gnu/libc-2.23.so
7f9356aad000-7f9356ab1000 rw-p 00000000 00:00 0 
7f9356ab1000-7f9356ac7000 r-xp 00000000 08:07 1201477                    /home/chivu/Downloads/android-studio-p/jre/lib/amd64/jli/libjli.so
7f9356ac7000-7f9356cc6000 ---p 00016000 08:07 1201477                    /home/chivu/Downloads/android-studio-p/jre/lib/amd64/jli/libjli.so
7f9356cc6000-7f9356cc7000 r--p 00015000 08:07 1201477                    /home/chivu/Downloads/android-studio-p/jre/lib/amd64/jli/libjli.so
7f9356cc7000-7f9356cc8000 rw-p 00016000 08:07 1201477                    /home/chivu/Downloads/android-studio-p/jre/lib/amd64/jli/libjli.so
7f9356cc8000-7f9356cee000 r-xp 00000000 08:07 541941                     /lib/x86_64-linux-gnu/ld-2.23.so
7f9356cee000-7f9356cef000 r--s 00000000 08:07 1189037                    /home/chivu/.gradle/wrapper/dists/gradle-3.3-all/55gk2rcmfc6p2dg9u9ohc3hw9/gradle-3.3/lib/javax.inject-1.jar
7f9356cef000-7f9356cf0000 r--s 00000000 08:07 1189036                    /home/chivu/.gradle/wrapper/dists/gradle-3.3-all/55gk2rcmfc6p2dg9u9ohc3hw9/gradle-3.3/lib/jcip-annotations-1.0.jar
7f9356cf0000-7f9356cf4000 r--s 00027000 08:07 1189035                    /home/chivu/.gradle/wrapper/dists/gradle-3.3-all/55gk2rcmfc6p2dg9u9ohc3hw9/gradle-3.3/lib/commons-io-2.2.jar
7f9356cf4000-7f9356cf9000 r--s 00038000 08:07 1189032                    /home/chivu/.gradle/wrapper/dists/gradle-3.3-all/55gk2rcmfc6p2dg9u9ohc3hw9/gradle-3.3/lib/asm-all-5.1.jar
7f9356cf9000-7f9356cfa000 r--s 00001000 08:07 1189028                    /home/chivu/.gradle/wrapper/dists/gradle-3.3-all/55gk2rcmfc6p2dg9u9ohc3hw9/gradle-3.3/lib/gradle-process-services-3.3.jar
7f9356cfa000-7f9356cff000 r--s 00041000 08:07 1189027                    /home/chivu/.gradle/wrapper/dists/gradle-3.3-all/55gk2rcmfc6p2dg9u9ohc3hw9/gradle-3.3/lib/commons-lang-2.6.jar
7f9356cff000-7f9356d08000 r--s 00042000 08:07 1189017                    /home/chivu/.gradle/wrapper/dists/gradle-3.3-all/55gk2rcmfc6p2dg9u9ohc3hw9/gradle-3.3/lib/gradle-base-services-3.3.jar
7f9356d08000-7f9356dca000 rw-p 00000000 00:00 0 
7f9356dca000-7f9356dcd000 ---p 00000000 00:00 0 
7f9356dcd000-7f9356ecf000 rw-p 00000000 00:00 0 
7f9356ecf000-7f9356ed1000 r--s 00000000 08:07 1189018                    /home/chivu/.gradle/wrapper/dists/gradle-3.3-all/55gk2rcmfc6p2dg9u9ohc3hw9/gradle-3.3/lib/gradle-jvm-services-3.3.jar
7f9356ed1000-7f9356ed2000 r--s 00000000 08:07 1189183                    /home/chivu/.gradle/wrapper/dists/gradle-3.3-all/55gk2rcmfc6p2dg9u9ohc3hw9/gradle-3.3/lib/gradle-version-info-3.3.jar
7f9356ed2000-7f9356ed3000 r--s 00007000 08:07 1189025                    /home/chivu/.gradle/wrapper/dists/gradle-3.3-all/55gk2rcmfc6p2dg9u9ohc3hw9/gradle-3.3/lib/slf4j-api-1.7.10.jar
7f9356ed3000-7f9356ed4000 r--s 00004000 08:07 1189050                    /home/chivu/.gradle/wrapper/dists/gradle-3.3-all/55gk2rcmfc6p2dg9u9ohc3hw9/gradle-3.3/lib/ant-launcher-1.9.6.jar
7f9356ed4000-7f9356ee1000 r--s 0005c000 08:07 1189014                    /home/chivu/.gradle/wrapper/dists/gradle-3.3-all/55gk2rcmfc6p2dg9u9ohc3hw9/gradle-3.3/lib/gradle-launcher-3.3.jar
7f9356ee1000-7f9356ee9000 rw-s 00000000 08:07 262181                     /tmp/hsperfdata_chivu/2662
7f9356ee9000-7f9356eea000 rw-p 00000000 00:00 0 
7f9356eea000-7f9356eeb000 ---p 00000000 00:00 0 
7f9356eeb000-7f9356eed000 rw-p 00000000 00:00 0 
7f9356eed000-7f9356eee000 r--p 00025000 08:07 541941                     /lib/x86_64-linux-gnu/ld-2.23.so
7f9356eee000-7f9356eef000 rw-p 00026000 08:07 541941                     /lib/x86_64-linux-gnu/ld-2.23.so
7f9356eef000-7f9356ef0000 rw-p 00000000 00:00 0 
7ffce4c5e000-7ffce4c7f000 rw-p 00000000 00:00 0                          [stack]
7ffce4d7e000-7ffce4d80000 r--p 00000000 00:00 0                          [vvar]
7ffce4d80000-7ffce4d82000 r-xp 00000000 00:00 0                          [vdso]
ffffffffff600000-ffffffffff601000 r-xp 00000000 00:00 0                  [vsyscall]

VM Arguments:
jvm_args: -Xmx1536m -Dfile.encoding=UTF-8 -Duser.country=IN -Duser.language=en -Duser.variant 
java_command: org.gradle.launcher.daemon.bootstrap.GradleDaemon 3.3
java_class_path (initial): /home/chivu/.gradle/wrapper/dists/gradle-3.3-all/55gk2rcmfc6p2dg9u9ohc3hw9/gradle-3.3/lib/gradle-launcher-3.3.jar
Launcher Type: SUN_STANDARD

Environment Variables:
JAVA_HOME=/usr/lib/jvm/java-8-oracle
PATH=/home/chivu/bin:/home/chivu/.local/bin:/usr/local/sbin:/usr/local/bin:/usr/sbin:/usr/bin:/sbin:/bin:/usr/games:/usr/local/games:/snap/bin:/usr/lib/jvm/java-8-oracle/bin:/usr/lib/jvm/java-8-oracle/db/bin:/usr/lib/jvm/java-8-oracle/jre/bin
LD_LIBRARY_PATH=/home/chivu/Downloads/android-studio-p/bin:
SHELL=/bin/bash
DISPLAY=:0

Signal Handlers:
SIGSEGV: [libjvm.so+0x9e5150], sa_mask[0]=11111111011111111101111111111110, sa_flags=SA_RESTART|SA_SIGINFO
SIGBUS: [libjvm.so+0x9e5150], sa_mask[0]=11111111011111111101111111111110, sa_flags=SA_RESTART|SA_SIGINFO
SIGFPE: [libjvm.so+0x848450], sa_mask[0]=11111111011111111101111111111110, sa_flags=SA_RESTART|SA_SIGINFO
SIGPIPE: [libjvm.so+0x848450], sa_mask[0]=11111111011111111101111111111110, sa_flags=SA_RESTART|SA_SIGINFO
SIGXFSZ: [libjvm.so+0x848450], sa_mask[0]=11111111011111111101111111111110, sa_flags=SA_RESTART|SA_SIGINFO
SIGILL: [libjvm.so+0x848450], sa_mask[0]=11111111011111111101111111111110, sa_flags=SA_RESTART|SA_SIGINFO
SIGUSR1: SIG_DFL, sa_mask[0]=00000000000000000000000000000000, sa_flags=none
SIGUSR2: [libjvm.so+0x848320], sa_mask[0]=00100000000000000000000000000000, sa_flags=SA_RESTART|SA_SIGINFO
SIGHUP: [libjvm.so+0x848510], sa_mask[0]=11111111011111111101111111111110, sa_flags=SA_RESTART|SA_SIGINFO
SIGINT: [libjvm.so+0x848510], sa_mask[0]=11111111011111111101111111111110, sa_flags=SA_RESTART|SA_SIGINFO
SIGTERM: [libjvm.so+0x848510], sa_mask[0]=11111111011111111101111111111110, sa_flags=SA_RESTART|SA_SIGINFO
SIGQUIT: [libjvm.so+0x848510], sa_mask[0]=11111111011111111101111111111110, sa_flags=SA_RESTART|SA_SIGINFO


---------------  S Y S T E M  ---------------

OS:DISTRIB_ID=Ubuntu
DISTRIB_RELEASE=16.04
DISTRIB_CODENAME=xenial
DISTRIB_DESCRIPTION="Ubuntu 16.04.2 LTS"

uname:Linux 4.4.0-79-generic #100-Ubuntu SMP Wed May 17 19:58:14 UTC 2017 x86_64
libc:glibc 2.23 NPTL 2.23 
rlimit: STACK 8192k, CORE 0k, NPROC 15361, NOFILE 65536, AS infinity
load average:3.96 2.03 1.66

/proc/meminfo:
MemTotal:        3972820 kB
MemFree:          136056 kB
MemAvailable:      58356 kB
Buffers:            2496 kB
Cached:           232104 kB
SwapCached:          184 kB
Active:          2632904 kB
Inactive:        1046812 kB
Active(anon):    2608064 kB
Inactive(anon):  1021416 kB
Active(file):      24840 kB
Inactive(file):    25396 kB
Unevictable:         136 kB
Mlocked:             136 kB
SwapTotal:          1020 kB
SwapFree:              0 kB
Dirty:               128 kB
Writeback:             0 kB
AnonPages:       3445224 kB
Mapped:            73124 kB
Shmem:            184208 kB
Slab:              73084 kB
SReclaimable:      39364 kB
SUnreclaim:        33720 kB
KernelStack:        8592 kB
PageTables:        32008 kB
NFS_Unstable:          0 kB
Bounce:                0 kB
WritebackTmp:          0 kB
CommitLimit:     1987428 kB
Committed_AS:    6421816 kB
VmallocTotal:   34359738367 kB
VmallocUsed:           0 kB
VmallocChunk:          0 kB
HardwareCorrupted:     0 kB
AnonHugePages:   1296384 kB
CmaTotal:              0 kB
CmaFree:               0 kB
HugePages_Total:       0
HugePages_Free:        0
HugePages_Rsvd:        0
HugePages_Surp:        0
Hugepagesize:       2048 kB
DirectMap4k:      142080 kB
DirectMap2M:     3979264 kB
DirectMap1G:     1048576 kB


CPU:total 4 (2 cores per cpu, 2 threads per core) family 6 model 69 stepping 1, cmov, cx8, fxsr, mmx, sse, sse2, sse3, ssse3, sse4.1, sse4.2, popcnt, avx, avx2, aes, clmul, erms, lzcnt, ht, tsc, tscinvbit, bmi1, bmi2

/proc/cpuinfo:
processor	: 0
vendor_id	: GenuineIntel
cpu family	: 6
model		: 69
model name	: Intel(R) Core(TM) i3-4030U CPU @ 1.90GHz
stepping	: 1
microcode	: 0x1d
cpu MHz		: 1799.953
cache size	: 3072 KB
physical id	: 0
siblings	: 4
core id		: 0
cpu cores	: 2
apicid		: 0
initial apicid	: 0
fpu		: yes
fpu_exception	: yes
cpuid level	: 13
wp		: yes
flags		: fpu vme de pse tsc msr pae mce cx8 apic sep mtrr pge mca cmov pat pse36 clflush dts acpi mmx fxsr sse sse2 ss ht tm pbe syscall nx pdpe1gb rdtscp lm constant_tsc arch_perfmon pebs bts rep_good nopl xtopology nonstop_tsc aperfmperf eagerfpu pni pclmulqdq dtes64 monitor ds_cpl vmx est tm2 ssse3 sdbg fma cx16 xtpr pdcm pcid sse4_1 sse4_2 x2apic movbe popcnt tsc_deadline_timer aes xsave avx f16c rdrand lahf_lm abm epb tpr_shadow vnmi flexpriority ept vpid fsgsbase tsc_adjust bmi1 avx2 smep bmi2 erms invpcid xsaveopt dtherm arat pln pts
bugs		:
bogomips	: 3791.29
clflush size	: 64
cache_alignment	: 64
address sizes	: 39 bits physical, 48 bits virtual
power management:

processor	: 1
vendor_id	: GenuineIntel
cpu family	: 6
model		: 69
model name	: Intel(R) Core(TM) i3-4030U CPU @ 1.90GHz
stepping	: 1
microcode	: 0x1d
cpu MHz		: 1800.027
cache size	: 3072 KB
physical id	: 0
siblings	: 4
core id		: 0
cpu cores	: 2
apicid		: 1
initial apicid	: 1
fpu		: yes
fpu_exception	: yes
cpuid level	: 13
wp		: yes
flags		: fpu vme de pse tsc msr pae mce cx8 apic sep mtrr pge mca cmov pat pse36 clflush dts acpi mmx fxsr sse sse2 ss ht tm pbe syscall nx pdpe1gb rdtscp lm constant_tsc arch_perfmon pebs bts rep_good nopl xtopology nonstop_tsc aperfmperf eagerfpu pni pclmulqdq dtes64 monitor ds_cpl vmx est tm2 ssse3 sdbg fma cx16 xtpr pdcm pcid sse4_1 sse4_2 x2apic movbe popcnt tsc_deadline_timer aes xsave avx f16c rdrand lahf_lm abm epb tpr_shadow vnmi flexpriority ept vpid fsgsbase tsc_adjust bmi1 avx2 smep bmi2 erms invpcid xsaveopt dtherm arat pln pts
bugs		:
bogomips	: 3791.29
clflush size	: 64
cache_alignment	: 64
address sizes	: 39 bits physical, 48 bits virtual
power management:

processor	: 2
vendor_id	: GenuineIntel
cpu family	: 6
model		: 69
model name	: Intel(R) Core(TM) i3-4030U CPU @ 1.90GHz
stepping	: 1
microcode	: 0x1d
cpu MHz		: 1799.953
cache size	: 3072 KB
physical id	: 0
siblings	: 4
core id		: 1
cpu cores	: 2
apicid		: 2
initial apicid	: 2
fpu		: yes
fpu_exception	: yes
cpuid level	: 13
wp		: yes
flags		: fpu vme de pse tsc msr pae mce cx8 apic sep mtrr pge mca cmov pat pse36 clflush dts acpi mmx fxsr sse sse2 ss ht tm pbe syscall nx pdpe1gb rdtscp lm constant_tsc arch_perfmon pebs bts rep_good nopl xtopology nonstop_tsc aperfmperf eagerfpu pni pclmulqdq dtes64 monitor ds_cpl vmx est tm2 ssse3 sdbg fma cx16 xtpr pdcm pcid sse4_1 sse4_2 x2apic movbe popcnt tsc_deadline_timer aes xsave avx f16c rdrand lahf_lm abm epb tpr_shadow vnmi flexpriority ept vpid fsgsbase tsc_adjust bmi1 avx2 smep bmi2 erms invpcid xsaveopt dtherm arat pln pts
bugs		:
bogomips	: 3791.29
clflush size	: 64
cache_alignment	: 64
address sizes	: 39 bits physical, 48 bits virtual
power management:

processor	: 3
vendor_id	: GenuineIntel
cpu family	: 6
model		: 69
model name	: Intel(R) Core(TM) i3-4030U CPU @ 1.90GHz
stepping	: 1
microcode	: 0x1d
cpu MHz		: 1799.953
cache size	: 3072 KB
physical id	: 0
siblings	: 4
core id		: 1
cpu cores	: 2
apicid		: 3
initial apicid	: 3
fpu		: yes
fpu_exception	: yes
cpuid level	: 13
wp		: yes
flags		: fpu vme de pse tsc msr pae mce cx8 apic sep mtrr pge mca cmov pat pse36 clflush dts acpi mmx fxsr sse sse2 ss ht tm pbe syscall nx pdpe1gb rdtscp lm constant_tsc arch_perfmon pebs bts rep_good nopl xtopology nonstop_tsc aperfmperf eagerfpu pni pclmulqdq dtes64 monitor ds_cpl vmx est tm2 ssse3 sdbg fma cx16 xtpr pdcm pcid sse4_1 sse4_2 x2apic movbe popcnt tsc_deadline_timer aes xsave avx f16c rdrand lahf_lm abm epb tpr_shadow vnmi flexpriority ept vpid fsgsbase tsc_adjust bmi1 avx2 smep bmi2 erms invpcid xsaveopt dtherm arat pln pts
bugs		:
bogomips	: 3791.29
clflush size	: 64
cache_alignment	: 64
address sizes	: 39 bits physical, 48 bits virtual
power management:



Memory: 4k page, physical 3972820k(136056k free), swap 1020k(0k free)

vm_info: OpenJDK 64-Bit Server VM (25.112-b06) for linux-amd64 JRE (1.8.0_112-release-b06), built on Dec  6 2016 12:11:18 by "builder" with gcc 4.8.4

time: Fri Jul 14 15:43:20 2017
elapsed time: 3404 seconds (0d 0h 56m 44s)

