#
# There is insufficient memory for the Java Runtime Environment to continue.
# Native memory allocation (mmap) failed to map 116391936 bytes for committing reserved memory.
# Possible reasons:
#   The system is out of physical RAM or swap space
#   In 32 bit mode, the process size limit was hit
# Possible solutions:
#   Reduce memory load on the system
#   Increase physical memory or swap space
#   Check if swap backing store is full
#   Use 64 bit Java on a 64 bit OS
#   Decrease Java heap size (-Xmx/-Xms)
#   Decrease number of Java threads
#   Decrease Java thread stack sizes (-Xss)
#   Set larger code cache with -XX:ReservedCodeCacheSize=
# This output file may be truncated or incomplete.
#
#  Out of Memory Error (os_linux.cpp:2627), pid=3689, tid=0x00007fb3185f5700
#
# JRE version: OpenJDK Runtime Environment (8.0_112-b06) (build 1.8.0_112-release-b06)
# Java VM: OpenJDK 64-Bit Server VM (25.112-b06 mixed mode linux-amd64 compressed oops)
# Failed to write core dump. Core dumps have been disabled. To enable core dumping, try "ulimit -c unlimited" before starting Java again
#

---------------  T H R E A D  ---------------

Current thread (0x00007fb328077800):  VMThread [stack: 0x00007fb3184f5000,0x00007fb3185f6000] [id=3697]

Stack: [0x00007fb3184f5000,0x00007fb3185f6000],  sp=0x00007fb3185f44d0,  free space=1021k
Native frames: (J=compiled Java code, j=interpreted, Vv=VM code, C=native code)
V  [libjvm.so+0x9e465d]  VMError::report_and_die()+0x15d
V  [libjvm.so+0x4b6ada]  report_vm_out_of_memory(char const*, int, unsigned long, VMErrorType, char const*)+0x8a
V  [libjvm.so+0x84c860]  os::pd_commit_memory(char*, unsigned long, unsigned long, bool)+0xf0
V  [libjvm.so+0x84737f]  os::commit_memory(char*, unsigned long, unsigned long, bool)+0x1f
V  [libjvm.so+0x8bd3db]  PSVirtualSpace::expand_by(unsigned long)+0x5b
V  [libjvm.so+0x8ae1bb]  PSOldGen::expand_by(unsigned long) [clone .part.109]+0x1b
V  [libjvm.so+0x8ae37b]  PSOldGen::expand(unsigned long) [clone .part.111]+0xdb
V  [libjvm.so+0x8aec58]  PSOldGen::resize(unsigned long)+0x188
V  [libjvm.so+0x8b426c]  PSParallelCompact::invoke_no_policy(bool)+0x97c
V  [libjvm.so+0x8bb37d]  PSScavenge::invoke()+0x17d
V  [libjvm.so+0x86fcf3]  ParallelScavengeHeap::failed_mem_allocate(unsigned long)+0x63
V  [libjvm.so+0x9e6124]  VM_ParallelGCFailedAllocation::doit()+0x84
V  [libjvm.so+0x9ea537]  VM_Operation::evaluate()+0x47
V  [libjvm.so+0x9e8ff8]  VMThread::evaluate_operation(VM_Operation*)+0x2c8
V  [libjvm.so+0x9e9479]  VMThread::loop()+0x219
V  [libjvm.so+0x9e98c2]  VMThread::run()+0x72
V  [libjvm.so+0x849c82]  java_start(Thread*)+0xf2

VM_Operation (0x00007fb2ae6a9bc0): ParallelGCFailedAllocation, mode: safepoint, requested by thread 0x00007fb298028000


---------------  P R O C E S S  ---------------

Java Threads: ( => current thread )
  0x00007fb29802c800 JavaThread "pool-59-thread-4" [_thread_blocked, id=4931, stack(0x00007fb2ae1a9000,0x00007fb2ae2aa000)]
  0x00007fb29802c000 JavaThread "pool-59-thread-3" [_thread_blocked, id=4930, stack(0x00007fb2af5fe000,0x00007fb2af6ff000)]
  0x00007fb298028000 JavaThread "pool-59-thread-2" [_thread_blocked, id=4929, stack(0x00007fb2ae5ab000,0x00007fb2ae6ac000)]
  0x00007fb298031800 JavaThread "pool-60-thread-1" [_thread_blocked, id=4928, stack(0x00007fb2ae8ac000,0x00007fb2ae9ad000)]
  0x00007fb29802a000 JavaThread "pool-59-thread-1" [_thread_blocked, id=4927, stack(0x00007fb2ae4aa000,0x00007fb2ae5ab000)]
  0x00007fb2a8007800 JavaThread "process reaper" daemon [_thread_blocked, id=4908, stack(0x00007fb2dd987000,0x00007fb2dd9c0000)]
  0x00007fb29401e000 JavaThread "Cache update executor" [_thread_blocked, id=4904, stack(0x00007fb2dc185000,0x00007fb2dc286000)]
  0x00007fb29400b800 JavaThread "Stdin handler" [_thread_blocked, id=4895, stack(0x00007fb2de73b000,0x00007fb2de83c000)]
  0x00007fb294013800 JavaThread "Asynchronous log dispatcher for DefaultDaemonConnection: socket connection from /127.0.0.1:32897 to /127.0.0.1:41032" [_thread_blocked, id=4894, stack(0x00007fb2de83c000,0x00007fb2de93d000)]
  0x00007fb2bc02c800 JavaThread "Daemon worker Thread 11" [_thread_blocked, id=4893, stack(0x00007fb2dea3e000,0x00007fb2deb3f000)]
  0x00007fb2bc081000 JavaThread "Cancel handler" [_thread_blocked, id=4892, stack(0x00007fb2def41000,0x00007fb2df042000)]
  0x00007fb2bc018800 JavaThread "Handler for socket connection from /127.0.0.1:32897 to /127.0.0.1:41032" [_thread_in_native, id=4891, stack(0x00007fb2de93d000,0x00007fb2dea3e000)]
  0x00007fb2d8016800 JavaThread "Daemon Thread 11" [_thread_blocked, id=4890, stack(0x00007fb2dee40000,0x00007fb2def41000)]
  0x00007fb2b8001800 JavaThread "pool-4-thread-4" [_thread_blocked, id=4125, stack(0x00007fb2dc084000,0x00007fb2dc185000)]
  0x00007fb2a0027000 JavaThread "pool-4-thread-3" [_thread_blocked, id=4080, stack(0x00007fb2af2fb000,0x00007fb2af3fc000)]
  0x00007fb2a8004800 JavaThread "pool-4-thread-2" [_thread_blocked, id=3870, stack(0x00007fb2af4fd000,0x00007fb2af5fe000)]
  0x00007fb2a4002000 JavaThread "pool-4-thread-1" [_thread_blocked, id=3758, stack(0x00007fb2af8ff000,0x00007fb2afa00000)]
  0x00007fb2c0a7b000 JavaThread "pool-2-thread-1" [_thread_blocked, id=3755, stack(0x00007fb2dd286000,0x00007fb2dd387000)]
  0x00007fb2c0317000 JavaThread "File lock request listener" [_thread_in_native, id=3747, stack(0x00007fb2ddb8b000,0x00007fb2ddc8c000)]
  0x00007fb328d51000 JavaThread "pool-1-thread-1" [_thread_blocked, id=3718, stack(0x00007fb2deb3f000,0x00007fb2dec40000)]
  0x00007fb328ce3800 JavaThread "Incoming local TCP Connector on port 32897" [_thread_in_native, id=3706, stack(0x00007fb2df249000,0x00007fb2df34a000)]
  0x00007fb3280d9800 JavaThread "Service Thread" daemon [_thread_blocked, id=3704, stack(0x00007fb308afb000,0x00007fb308bfc000)]
  0x00007fb3280bc800 JavaThread "C1 CompilerThread2" daemon [_thread_blocked, id=3703, stack(0x00007fb308bfc000,0x00007fb308cfd000)]
  0x00007fb3280ba800 JavaThread "C2 CompilerThread1" daemon [_thread_blocked, id=3702, stack(0x00007fb308cfd000,0x00007fb308dfe000)]
  0x00007fb3280b7800 JavaThread "C2 CompilerThread0" daemon [_thread_in_native, id=3701, stack(0x00007fb308dfe000,0x00007fb308eff000)]
  0x00007fb3280b6800 JavaThread "Signal Dispatcher" daemon [_thread_blocked, id=3700, stack(0x00007fb308eff000,0x00007fb309000000)]
  0x00007fb328083800 JavaThread "Finalizer" daemon [_thread_blocked, id=3699, stack(0x00007fb3182f3000,0x00007fb3183f4000)]
  0x00007fb32807f000 JavaThread "Reference Handler" daemon [_thread_blocked, id=3698, stack(0x00007fb3183f4000,0x00007fb3184f5000)]
  0x00007fb32800a000 JavaThread "main" [_thread_blocked, id=3692, stack(0x00007fb330d96000,0x00007fb330e97000)]

Other Threads:
=>0x00007fb328077800 VMThread [stack: 0x00007fb3184f5000,0x00007fb3185f6000] [id=3697]
  0x00007fb3280dc000 WatcherThread [stack: 0x00007fb3089fa000,0x00007fb308afb000] [id=3705]

VM state:at safepoint (normal execution)

VM Mutex/Monitor currently owned by a thread:  ([mutex/lock_event])
[0x00007fb328005df0] ExpandHeap_lock - owner thread: 0x00007fb328077800
[0x00007fb328006470] Threads_lock - owner thread: 0x00007fb328077800
[0x00007fb328006970] Heap_lock - owner thread: 0x00007fb298028000

Heap:
 PSYoungGen      total 308736K, used 10180K [0x00000000e0000000, 0x0000000100000000, 0x0000000100000000)
  eden space 178176K, 0% used [0x00000000e0000000,0x00000000e0000000,0x00000000eae00000)
  from space 130560K, 7% used [0x00000000f8080000,0x00000000f8a713e8,0x0000000100000000)
  to   space 173056K, 0% used [0x00000000eae00000,0x00000000eae00000,0x00000000f5700000)
 ParOldGen       total 216576K, used 216303K [0x00000000a0000000, 0x00000000ad380000, 0x00000000e0000000)
  object space 216576K, 99% used [0x00000000a0000000,0x00000000ad33bdf0,0x00000000ad380000)
 Metaspace       used 71865K, capacity 75564K, committed 75824K, reserved 1116160K
  class space    used 8913K, capacity 9465K, committed 9520K, reserved 1048576K

Card table byte_map: [0x00007fb32d927000,0x00007fb32dc28000] byte_map_base: 0x00007fb32d427000

Marking Bits: (ParMarkBitMap*) 0x00007fb330264340
 Begin Bits: [0x00007fb309000000, 0x00007fb30a800000)
 End Bits:   [0x00007fb30a800000, 0x00007fb30c000000)

Polling page: 0x00007fb330eb6000

CodeCache: size=245760Kb used=59754Kb max_used=61437Kb free=186005Kb
 bounds [0x00007fb319000000, 0x00007fb31ccd0000, 0x00007fb328000000]
 total_blobs=17250 nmethods=16460 adapters=702
 compilation: enabled

Compilation events (10 events):
Event: 2781.056 Thread 0x00007fb3280bc800 22210 %     3       com.android.dx.cf.code.ExecutionStack::clear @ 6 (40 bytes)
Event: 2781.057 Thread 0x00007fb3280bc800 nmethod 22210% 0x00007fb31962aa90 code [0x00007fb31962ac40, 0x00007fb31962b1e8]
Event: 2781.148 Thread 0x00007fb3280bc800 22211       3       com.android.dx.cf.code.ExecutionStack::clear (40 bytes)
Event: 2781.149 Thread 0x00007fb3280bc800 nmethod 22211 0x00007fb31b9bba10 code [0x00007fb31b9bbbc0, 0x00007fb31b9bc128]
Event: 2781.152 Thread 0x00007fb3280bc800 22212       2       com.android.dx.rop.code.BasicBlock::getSecondarySuccessor (49 bytes)
Event: 2781.153 Thread 0x00007fb3280bc800 nmethod 22212 0x00007fb31a86a010 code [0x00007fb31a86a1a0, 0x00007fb31a86a408]
Event: 2781.214 Thread 0x00007fb3280bc800 22213       3       com.android.dx.ssa.NormalSsaInsn::changeOneSource (120 bytes)
Event: 2781.217 Thread 0x00007fb3280bc800 nmethod 22213 0x00007fb31a87a990 code [0x00007fb31a87ac20, 0x00007fb31a87c378]
Event: 2781.237 Thread 0x00007fb3280bc800 22214       2       java.util.concurrent.ConcurrentHashMap$TreeNode::findTreeNode (177 bytes)
Event: 2781.238 Thread 0x00007fb3280bc800 nmethod 22214 0x00007fb31a7188d0 code [0x00007fb31a718a80, 0x00007fb31a718eb8]

GC Heap History (10 events):
Event: 2776.736 GC heap after
Heap after GC invocations=42 (full 4):
 PSYoungGen      total 318464K, used 63264K [0x00000000e0000000, 0x00000000fa180000, 0x0000000100000000)
  eden space 242688K, 0% used [0x00000000e0000000,0x00000000e0000000,0x00000000eed00000)
  from space 75776K, 83% used [0x00000000f3d00000,0x00000000f7ac8098,0x00000000f8700000)
  to   space 81920K, 0% used [0x00000000eed00000,0x00000000eed00000,0x00000000f3d00000)
 ParOldGen       total 216576K, used 122151K [0x00000000a0000000, 0x00000000ad380000, 0x00000000e0000000)
  object space 216576K, 56% used [0x00000000a0000000,0x00000000a7749d78,0x00000000ad380000)
 Metaspace       used 71823K, capacity 75500K, committed 75824K, reserved 1116160K
  class space    used 8912K, capacity 9465K, committed 9520K, reserved 1048576K
}
Event: 2777.660 GC heap before
{Heap before GC invocations=43 (full 4):
 PSYoungGen      total 318464K, used 305952K [0x00000000e0000000, 0x00000000fa180000, 0x0000000100000000)
  eden space 242688K, 100% used [0x00000000e0000000,0x00000000eed00000,0x00000000eed00000)
  from space 75776K, 83% used [0x00000000f3d00000,0x00000000f7ac8098,0x00000000f8700000)
  to   space 81920K, 0% used [0x00000000eed00000,0x00000000eed00000,0x00000000f3d00000)
 ParOldGen       total 216576K, used 122151K [0x00000000a0000000, 0x00000000ad380000, 0x00000000e0000000)
  object space 216576K, 56% used [0x00000000a0000000,0x00000000a7749d78,0x00000000ad380000)
 Metaspace       used 71849K, capacity 75500K, committed 75824K, reserved 1116160K
  class space    used 8913K, capacity 9465K, committed 9520K, reserved 1048576K
Event: 2777.907 GC heap after
Heap after GC invocations=43 (full 4):
 PSYoungGen      total 324608K, used 81895K [0x00000000e0000000, 0x00000000fe100000, 0x0000000100000000)
  eden space 242688K, 0% used [0x00000000e0000000,0x00000000e0000000,0x00000000eed00000)
  from space 81920K, 99% used [0x00000000eed00000,0x00000000f3cf9f18,0x00000000f3d00000)
  to   space 98816K, 0% used [0x00000000f8080000,0x00000000f8080000,0x00000000fe100000)
 ParOldGen       total 216576K, used 136481K [0x00000000a0000000, 0x00000000ad380000, 0x00000000e0000000)
  object space 216576K, 63% used [0x00000000a0000000,0x00000000a8548730,0x00000000ad380000)
 Metaspace       used 71849K, capacity 75500K, committed 75824K, reserved 1116160K
  class space    used 8913K, capacity 9465K, committed 9520K, reserved 1048576K
}
Event: 2778.824 GC heap before
{Heap before GC invocations=44 (full 4):
 PSYoungGen      total 324608K, used 324583K [0x00000000e0000000, 0x00000000fe100000, 0x0000000100000000)
  eden space 242688K, 100% used [0x00000000e0000000,0x00000000eed00000,0x00000000eed00000)
  from space 81920K, 99% used [0x00000000eed00000,0x00000000f3cf9f18,0x00000000f3d00000)
  to   space 98816K, 0% used [0x00000000f8080000,0x00000000f8080000,0x00000000fe100000)
 ParOldGen       total 216576K, used 136481K [0x00000000a0000000, 0x00000000ad380000, 0x00000000e0000000)
  object space 216576K, 63% used [0x00000000a0000000,0x00000000a8548730,0x00000000ad380000)
 Metaspace       used 71861K, capacity 75564K, committed 75824K, reserved 1116160K
  class space    used 8913K, capacity 9465K, committed 9520K, reserved 1048576K
Event: 2779.068 GC heap after
Heap after GC invocations=44 (full 4):
 PSYoungGen      total 372224K, used 98809K [0x00000000e0000000, 0x0000000100000000, 0x0000000100000000)
  eden space 273408K, 0% used [0x00000000e0000000,0x00000000e0000000,0x00000000f0b00000)
  from space 98816K, 99% used [0x00000000f8080000,0x00000000fe0fe7b0,0x00000000fe100000)
  to   space 120320K, 0% used [0x00000000f0b00000,0x00000000f0b00000,0x00000000f8080000)
 ParOldGen       total 216576K, used 155506K [0x00000000a0000000, 0x00000000ad380000, 0x00000000e0000000)
  object space 216576K, 71% used [0x00000000a0000000,0x00000000a97dc870,0x00000000ad380000)
 Metaspace       used 71861K, capacity 75564K, committed 75824K, reserved 1116160K
  class space    used 8913K, capacity 9465K, committed 9520K, reserved 1048576K
}
Event: 2779.979 GC heap before
{Heap before GC invocations=45 (full 4):
 PSYoungGen      total 372224K, used 372217K [0x00000000e0000000, 0x0000000100000000, 0x0000000100000000)
  eden space 273408K, 100% used [0x00000000e0000000,0x00000000f0b00000,0x00000000f0b00000)
  from space 98816K, 99% used [0x00000000f8080000,0x00000000fe0fe7b0,0x00000000fe100000)
  to   space 120320K, 0% used [0x00000000f0b00000,0x00000000f0b00000,0x00000000f8080000)
 ParOldGen       total 216576K, used 155506K [0x00000000a0000000, 0x00000000ad380000, 0x00000000e0000000)
  object space 216576K, 71% used [0x00000000a0000000,0x00000000a97dc870,0x00000000ad380000)
 Metaspace       used 71864K, capacity 75564K, committed 75824K, reserved 1116160K
  class space    used 8913K, capacity 9465K, committed 9520K, reserved 1048576K
Event: 2780.235 GC heap after
Heap after GC invocations=45 (full 4):
 PSYoungGen      total 393728K, used 120304K [0x00000000e0000000, 0x0000000100000000, 0x0000000100000000)
  eden space 273408K, 0% used [0x00000000e0000000,0x00000000e0000000,0x00000000f0b00000)
  from space 120320K, 99% used [0x00000000f0b00000,0x00000000f807c0c8,0x00000000f8080000)
  to   space 130560K, 0% used [0x00000000f8080000,0x00000000f8080000,0x0000000100000000)
 ParOldGen       total 216576K, used 175956K [0x00000000a0000000, 0x00000000ad380000, 0x00000000e0000000)
  object space 216576K, 81% used [0x00000000a0000000,0x00000000aabd5300,0x00000000ad380000)
 Metaspace       used 71864K, capacity 75564K, committed 75824K, reserved 1116160K
  class space    used 8913K, capacity 9465K, committed 9520K, reserved 1048576K
}
Event: 2781.274 GC heap before
{Heap before GC invocations=46 (full 4):
 PSYoungGen      total 393728K, used 393712K [0x00000000e0000000, 0x0000000100000000, 0x0000000100000000)
  eden space 273408K, 100% used [0x00000000e0000000,0x00000000f0b00000,0x00000000f0b00000)
  from space 120320K, 99% used [0x00000000f0b00000,0x00000000f807c0c8,0x00000000f8080000)
  to   space 130560K, 0% used [0x00000000f8080000,0x00000000f8080000,0x0000000100000000)
 ParOldGen       total 216576K, used 175956K [0x00000000a0000000, 0x00000000ad380000, 0x00000000e0000000)
  object space 216576K, 81% used [0x00000000a0000000,0x00000000aabd5300,0x00000000ad380000)
 Metaspace       used 71865K, capacity 75564K, committed 75824K, reserved 1116160K
  class space    used 8913K, capacity 9465K, committed 9520K, reserved 1048576K
Event: 2782.806 GC heap after
Heap after GC invocations=46 (full 4):
 PSYoungGen      total 308736K, used 130552K [0x00000000e0000000, 0x0000000100000000, 0x0000000100000000)
  eden space 178176K, 0% used [0x00000000e0000000,0x00000000e0000000,0x00000000eae00000)
  from space 130560K, 99% used [0x00000000f8080000,0x00000000ffffe138,0x0000000100000000)
  to   space 173056K, 0% used [0x00000000eae00000,0x00000000eae00000,0x00000000f5700000)
 ParOldGen       total 216576K, used 201446K [0x00000000a0000000, 0x00000000ad380000, 0x00000000e0000000)
  object space 216576K, 93% used [0x00000000a0000000,0x00000000ac4b9830,0x00000000ad380000)
 Metaspace       used 71865K, capacity 75564K, committed 75824K, reserved 1116160K
  class space    used 8913K, capacity 9465K, committed 9520K, reserved 1048576K
}
Event: 2782.853 GC heap before
{Heap before GC invocations=47 (full 5):
 PSYoungGen      total 308736K, used 130552K [0x00000000e0000000, 0x0000000100000000, 0x0000000100000000)
  eden space 178176K, 0% used [0x00000000e0000000,0x00000000e0000000,0x00000000eae00000)
  from space 130560K, 99% used [0x00000000f8080000,0x00000000ffffe138,0x0000000100000000)
  to   space 173056K, 0% used [0x00000000eae00000,0x00000000eae00000,0x00000000f5700000)
 ParOldGen       total 216576K, used 201446K [0x00000000a0000000, 0x00000000ad380000, 0x00000000e0000000)
  object space 216576K, 93% used [0x00000000a0000000,0x00000000ac4b9830,0x00000000ad380000)
 Metaspace       used 71865K, capacity 75564K, committed 75824K, reserved 1116160K
  class space    used 8913K, capacity 9465K, committed 9520K, reserved 1048576K

Deoptimization events (10 events):
Event: 2778.412 Thread 0x00007fb298028000 Uncommon trap: reason=unstable_if action=reinterpret pc=0x00007fb31ba9b0c0 method=com.android.dx.ssa.MoveParamCombiner$1.visitNonMoveInsn(Lcom/android/dx/ssa/NormalSsaInsn;)V @ 27
Event: 2778.621 Thread 0x00007fb29802c800 Uncommon trap: reason=unstable_if action=reinterpret pc=0x00007fb31bb61aa0 method=com.android.dx.ssa.SCCP.simulateBranch(Lcom/android/dx/ssa/SsaInsn;)V @ 548
Event: 2778.621 Thread 0x00007fb29802c800 Uncommon trap: reason=unstable_if action=reinterpret pc=0x00007fb31c4c4808 method=com.android.dx.ssa.DeadCodeRemover.pruneDeadInstructions()V @ 49
Event: 2778.622 Thread 0x00007fb29802c800 Uncommon trap: reason=unstable_if action=reinterpret pc=0x00007fb31bbe8464 method=com.android.dx.ssa.SsaMethod.deleteInsns(Ljava/util/Set;)V @ 130
Event: 2779.307 Thread 0x00007fb298028000 Uncommon trap: reason=unstable_if action=reinterpret pc=0x00007fb31a008fd4 method=java.util.concurrent.ConcurrentHashMap.transfer([Ljava/util/concurrent/ConcurrentHashMap$Node;[Ljava/util/concurrent/ConcurrentHashMap$Node;)V @ 34
Event: 2779.308 Thread 0x00007fb298028000 Uncommon trap: reason=unstable_if action=reinterpret pc=0x00007fb319462b7c method=java.util.concurrent.ConcurrentHashMap.transfer([Ljava/util/concurrent/ConcurrentHashMap$Node;[Ljava/util/concurrent/ConcurrentHashMap$Node;)V @ 277
Event: 2779.361 Thread 0x00007fb298028000 Uncommon trap: reason=unstable_if action=reinterpret pc=0x00007fb319b2cf18 method=com.android.dx.rop.code.RegisterSpecSet.<init>(I)V @ 2
Event: 2779.433 Thread 0x00007fb2a0027000 Uncommon trap: reason=unstable_if action=reinterpret pc=0x00007fb31c5168d8 method=com.android.dx.ssa.InterferenceRegisterMapper.interferes(III)Z @ 69
Event: 2779.510 Thread 0x00007fb29802a000 Uncommon trap: reason=unstable_if action=reinterpret pc=0x00007fb31cb52fc0 method=com.android.dx.ssa.LiteralOpUpgrader$1.visitNonMoveInsn(Lcom/android/dx/ssa/NormalSsaInsn;)V @ 91
Event: 2780.627 Thread 0x00007fb29802a000 Uncommon trap: reason=unstable_if action=reinterpret pc=0x00007fb31925d214 method=com.android.dx.util.IntList.sort()V @ 8

Internal exceptions (10 events):
Event: 2762.031 Thread 0x00007fb2bc02c800 Exception <a 'sun/nio/fs/UnixException'> (0x00000000e69a23b8) thrown at [/ssd/Android/AOSP-openjdk/external/jetbrains/jdk/hotspot/src/share/vm/prims/jni.cpp, line 709]
Event: 2762.031 Thread 0x00007fb2bc02c800 Exception <a 'sun/nio/fs/UnixException'> (0x00000000e69a36d8) thrown at [/ssd/Android/AOSP-openjdk/external/jetbrains/jdk/hotspot/src/share/vm/prims/jni.cpp, line 709]
Event: 2771.032 Thread 0x00007fb2bc02c800 Implicit null exception at 0x00007fb31c85ec0c to 0x00007fb31c85edcd
Event: 2771.654 Thread 0x00007fb2bc02c800 Implicit null exception at 0x00007fb319d4f163 to 0x00007fb319d4f6fd
Event: 2771.654 Thread 0x00007fb2bc02c800 Implicit null exception at 0x00007fb31a6e557b to 0x00007fb31a6e5b35
Event: 2771.655 Thread 0x00007fb2bc02c800 Implicit null exception at 0x00007fb319ce6a9b to 0x00007fb319ce7069
Event: 2771.655 Thread 0x00007fb2bc02c800 Implicit null exception at 0x00007fb31962ac80 to 0x00007fb31962b115
Event: 2775.025 Thread 0x00007fb2bc02c800 Implicit null exception at 0x00007fb31a3f590a to 0x00007fb31a3fc779
Event: 2775.993 Thread 0x00007fb29802c000 Implicit null exception at 0x00007fb31a9eeb88 to 0x00007fb31a9eed65
Event: 2775.994 Thread 0x00007fb29802c000 Implicit null exception at 0x00007fb31bacb3f5 to 0x00007fb31bacc1a9

Events (10 events):
Event: 2781.246 Thread 0x00007fb2a0027000 DEOPT UNPACKING pc=0x00007fb319047373 sp=0x00007fb2af3f9a08 mode 0
Event: 2781.251 Thread 0x00007fb2a0027000 DEOPT PACKING pc=0x00007fb31c901a0a sp=0x00007fb2af3f9520
Event: 2781.251 Thread 0x00007fb2a0027000 DEOPT UNPACKING pc=0x00007fb319047373 sp=0x00007fb2af3f9320 mode 0
Event: 2781.260 Thread 0x00007fb29802c800 DEOPT PACKING pc=0x00007fb31c901950 sp=0x00007fb2ae2a7ee0
Event: 2781.260 Thread 0x00007fb29802c800 DEOPT UNPACKING pc=0x00007fb319047373 sp=0x00007fb2ae2a7ce0 mode 0
Event: 2781.261 Thread 0x00007fb29802c800 DEOPT PACKING pc=0x00007fb31aa895c8 sp=0x00007fb2ae2a80a0
Event: 2781.261 Thread 0x00007fb29802c800 DEOPT UNPACKING pc=0x00007fb319047373 sp=0x00007fb2ae2a7ed0 mode 0
Event: 2781.264 Thread 0x00007fb29802c000 DEOPT PACKING pc=0x00007fb31cb4d35d sp=0x00007fb2af6fcfb0
Event: 2781.264 Thread 0x00007fb29802c000 DEOPT UNPACKING pc=0x00007fb319047373 sp=0x00007fb2af6fce10 mode 0
Event: 2781.274 Executing VM operation: ParallelGCFailedAllocation


Dynamic libraries:
00400000-00401000 r-xp 00000000 08:07 1201464                            /home/chivu/Downloads/android-studio-p/jre/bin/java
00600000-00601000 r--p 00000000 08:07 1201464                            /home/chivu/Downloads/android-studio-p/jre/bin/java
00601000-00602000 rw-p 00001000 08:07 1201464                            /home/chivu/Downloads/android-studio-p/jre/bin/java
01515000-01536000 rw-p 00000000 00:00 0                                  [heap]
a0000000-ad380000 rw-p 00000000 00:00 0 
b4280000-e0000000 ---p 00000000 00:00 0 
e0000000-100000000 rw-p 00000000 00:00 0 
100000000-10094c000 rw-p 00000000 00:00 0 
10094c000-140000000 ---p 00000000 00:00 0 
7fb294000000-7fb294e16000 rw-p 00000000 00:00 0 
7fb294e16000-7fb298000000 ---p 00000000 00:00 0 
7fb298000000-7fb298145000 rw-p 00000000 00:00 0 
7fb298145000-7fb29c000000 ---p 00000000 00:00 0 
7fb29c000000-7fb29c0e3000 rw-p 00000000 00:00 0 
7fb29c0e3000-7fb2a0000000 ---p 00000000 00:00 0 
7fb2a0000000-7fb2a0149000 rw-p 00000000 00:00 0 
7fb2a0149000-7fb2a4000000 ---p 00000000 00:00 0 
7fb2a4000000-7fb2a4078000 rw-p 00000000 00:00 0 
7fb2a4078000-7fb2a8000000 ---p 00000000 00:00 0 
7fb2a8000000-7fb2a810e000 rw-p 00000000 00:00 0 
7fb2a810e000-7fb2ac000000 ---p 00000000 00:00 0 
7fb2adcd4000-7fb2adda9000 r--s 0095d000 08:07 1200121                    /home/chivu/Desktop/newsApp/app/build/intermediates/transforms/jarMerging/debug/jars/1/1f/combined.jar
7fb2adda9000-7fb2ade69000 rw-p 00000000 00:00 0 
7fb2ade69000-7fb2adfa9000 ---p 00000000 00:00 0 
7fb2adfa9000-7fb2ae1a9000 rw-p 00000000 00:00 0 
7fb2ae1a9000-7fb2ae1ac000 ---p 00000000 00:00 0 
7fb2ae1ac000-7fb2ae4aa000 rw-p 00000000 00:00 0 
7fb2ae4aa000-7fb2ae4ad000 ---p 00000000 00:00 0 
7fb2ae4ad000-7fb2ae5ab000 rw-p 00000000 00:00 0 
7fb2ae5ab000-7fb2ae5ae000 ---p 00000000 00:00 0 
7fb2ae5ae000-7fb2ae8ac000 rw-p 00000000 00:00 0 
7fb2ae8ac000-7fb2ae8af000 ---p 00000000 00:00 0 
7fb2ae8af000-7fb2aebad000 rw-p 00000000 00:00 0 
7fb2aebad000-7fb2aedad000 rw-p 00000000 00:00 0 
7fb2aedad000-7fb2aede3000 r-xp 00000000 08:07 1201552                    /home/chivu/Downloads/android-studio-p/jre/jre/lib/amd64/libsunec.so
7fb2aede3000-7fb2aefe2000 ---p 00036000 08:07 1201552                    /home/chivu/Downloads/android-studio-p/jre/jre/lib/amd64/libsunec.so
7fb2aefe2000-7fb2aefe7000 r--p 00035000 08:07 1201552                    /home/chivu/Downloads/android-studio-p/jre/jre/lib/amd64/libsunec.so
7fb2aefe7000-7fb2aefe9000 rw-p 0003a000 08:07 1201552                    /home/chivu/Downloads/android-studio-p/jre/jre/lib/amd64/libsunec.so
7fb2aefe9000-7fb2af1fa000 rw-p 00000000 00:00 0 
7fb2af1fa000-7fb2af1fd000 ---p 00000000 00:00 0 
7fb2af1fd000-7fb2af2fb000 rw-p 00000000 00:00 0 
7fb2af2fb000-7fb2af2fe000 ---p 00000000 00:00 0 
7fb2af2fe000-7fb2af3fc000 rw-p 00000000 00:00 0 
7fb2af3fc000-7fb2af3ff000 ---p 00000000 00:00 0 
7fb2af3ff000-7fb2af4fd000 rw-p 00000000 00:00 0 
7fb2af4fd000-7fb2af500000 ---p 00000000 00:00 0 
7fb2af500000-7fb2af5fe000 rw-p 00000000 00:00 0 
7fb2af5fe000-7fb2af601000 ---p 00000000 00:00 0 
7fb2af601000-7fb2af8ff000 rw-p 00000000 00:00 0 
7fb2af8ff000-7fb2af902000 ---p 00000000 00:00 0 
7fb2af902000-7fb2afc00000 rw-p 00000000 00:00 0 
7fb2afc00000-7fb2afe00000 rw-p 00000000 00:00 0 
7fb2afe00000-7fb2b0000000 rw-p 00000000 00:00 0 
7fb2b0000000-7fb2b0021000 rw-p 00000000 00:00 0 
7fb2b0021000-7fb2b4000000 ---p 00000000 00:00 0 
7fb2b4000000-7fb2b4021000 rw-p 00000000 00:00 0 
7fb2b4021000-7fb2b8000000 ---p 00000000 00:00 0 
7fb2b8000000-7fb2b811b000 rw-p 00000000 00:00 0 
7fb2b811b000-7fb2bc000000 ---p 00000000 00:00 0 
7fb2bc000000-7fb2bce5b000 rw-p 00000000 00:00 0 
7fb2bce5b000-7fb2c0000000 ---p 00000000 00:00 0 
7fb2c0000000-7fb2c1e2b000 rw-p 00000000 00:00 0 
7fb2c1e2b000-7fb2c4000000 ---p 00000000 00:00 0 
7fb2c4000000-7fb2c4032000 rw-p 00000000 00:00 0 
7fb2c4032000-7fb2c8000000 ---p 00000000 00:00 0 
7fb2c8000000-7fb2c810b000 rw-p 00000000 00:00 0 
7fb2c810b000-7fb2cc000000 ---p 00000000 00:00 0 
7fb2cc000000-7fb2cc021000 rw-p 00000000 00:00 0 
7fb2cc021000-7fb2d0000000 ---p 00000000 00:00 0 
7fb2d0000000-7fb2d0026000 rw-p 00000000 00:00 0 
7fb2d0026000-7fb2d4000000 ---p 00000000 00:00 0 
7fb2d4000000-7fb2d4cc3000 rw-p 00000000 00:00 0 
7fb2d4cc3000-7fb2d8000000 ---p 00000000 00:00 0 
7fb2d8000000-7fb2d8073000 rw-p 00000000 00:00 0 
7fb2d8073000-7fb2dc000000 ---p 00000000 00:00 0 
7fb2dc084000-7fb2dc087000 ---p 00000000 00:00 0 
7fb2dc087000-7fb2dc185000 rw-p 00000000 00:00 0 
7fb2dc185000-7fb2dc188000 ---p 00000000 00:00 0 
7fb2dc188000-7fb2dc486000 rw-p 00000000 00:00 0 
7fb2dc486000-7fb2dc686000 rw-p 00000000 00:00 0 
7fb2dc686000-7fb2dc886000 rw-p 00000000 00:00 0 
7fb2dc886000-7fb2dca86000 rw-p 00000000 00:00 0 
7fb2dca86000-7fb2dcc86000 rw-p 00000000 00:00 0 
7fb2dcc86000-7fb2dce86000 rw-p 00000000 00:00 0 
7fb2dce86000-7fb2dd086000 rw-p 00000000 00:00 0 
7fb2dd086000-7fb2dd286000 rw-p 00000000 00:00 0 
7fb2dd286000-7fb2dd289000 ---p 00000000 00:00 0 
7fb2dd289000-7fb2dd587000 rw-p 00000000 00:00 0 
7fb2dd587000-7fb2dd787000 rw-p 00000000 00:00 0 
7fb2dd787000-7fb2dd987000 rw-p 00000000 00:00 0 
7fb2dd987000-7fb2dd98a000 ---p 00000000 00:00 0 
7fb2dd98a000-7fb2dd9c0000 rw-p 00000000 00:00 0 
7fb2dd9fa000-7fb2dd9ff000 r--s 0003b000 08:07 1201577                    /home/chivu/Downloads/android-studio-p/jre/jre/lib/ext/sunjce_provider.jar
7fb2dd9ff000-7fb2dda00000 r--s 00008000 08:07 1201575                    /home/chivu/Downloads/android-studio-p/jre/jre/lib/ext/sunec.jar
7fb2dda00000-7fb2dda03000 r--s 00015000 08:07 1201493                    /home/chivu/Downloads/android-studio-p/jre/jre/lib/jce.jar
7fb2dda03000-7fb2dda16000 r--s 00344000 08:07 1201558                    /home/chivu/Downloads/android-studio-p/jre/jre/lib/resources.jar
7fb2dda16000-7fb2dda17000 r--s 00001000 08:07 1094992                    /home/chivu/.gradle/caches/jars-2/cmhx5eetujk7j30d3nllwxyrlnugzjw/annotations-25.3.3.jar
7fb2dda17000-7fb2dda1f000 r--s 000a8000 08:07 932893                     /home/chivu/.gradle/caches/jars-2/lp0h431tl0554nh1vx6zomcvteflkp/lombok-ast-0.2.3.jar
7fb2dda1f000-7fb2dda33000 r--s 000b4000 08:07 139376                     /home/chivu/.gradle/caches/jars-2/hgvw6szzawm3evod5l2d6iutfug31w0/uast-162.2228.14.jar
7fb2dda33000-7fb2dda35000 r--s 0000d000 08:07 932889                     /home/chivu/.gradle/caches/jars-2/7pwz1bowgakb1eux9ezb56jlturgsyi/commons-codec-1.4.jar
7fb2dda35000-7fb2dda37000 r--s 0000d000 08:07 932887                     /home/chivu/.gradle/caches/jars-2/9dj1m0eyooi5qt13735vz8fpkl3cnfy/commons-logging-1.1.1.jar
7fb2dda37000-7fb2dda3c000 r--s 00028000 08:07 932885                     /home/chivu/.gradle/caches/jars-2/62lv0fe9b3xbqe57f6ljy5upwi7mf6k/httpcore-4.1.jar
7fb2dda3c000-7fb2dda40000 r--s 0002f000 08:07 932883                     /home/chivu/.gradle/caches/jars-2/gsg5n52frsvw6sx0swqqe2hwijwdcf0/jimfs-1.1.jar
7fb2dda40000-7fb2dda41000 r--s 00004000 08:07 932881                     /home/chivu/.gradle/caches/jars-2/lxs252id0979odjrerlctkb26c2vj95/annotations-12.0.jar
7fb2dda41000-7fb2dda42000 r--s 00004000 08:07 932879                     /home/chivu/.gradle/caches/jars-2/9kn99dr0rulyl67sct1ephwcop56l61/asm-analysis-5.0.4.jar
7fb2dda42000-7fb2dda46000 r--s 00040000 08:07 1094991                    /home/chivu/.gradle/caches/jars-2/ccvn7yglm4blceovs70fngoac1eyn4f/lint-api-25.3.3.jar
7fb2dda46000-7fb2dda47000 r--s 0000a000 08:07 932875                     /home/chivu/.gradle/caches/jars-2/nwyg9io65lv6jvmwit2wq82xnnxd7ia/kxml2-2.3.0.jar
7fb2dda47000-7fb2dda49000 r--s 00005000 08:07 932873                     /home/chivu/.gradle/caches/jars-2/i6hc1uuj8e9ck59slmzdyz78ydn8sr6/httpmime-4.1.jar
7fb2dda49000-7fb2dda51000 r--s 0004e000 08:07 932871                     /home/chivu/.gradle/caches/jars-2/7503wa5irssz0xxahv1xb82p2dl7rr2/httpclient-4.1.1.jar
7fb2dda51000-7fb2dda58000 r--s 00053000 08:07 932869                     /home/chivu/.gradle/caches/jars-2/jgkfvs4eqggj7qsyw1f5d3up57hanj1/commons-compress-1.8.1.jar
7fb2dda58000-7fb2dda5d000 r--s 0002a000 08:07 932867                     /home/chivu/.gradle/caches/jars-2/je8f027qcr1z1egw08byp1ybxbp9kko/gson-2.2.4.jar
7fb2dda5d000-7fb2dda62000 r--s 0002e000 08:07 1094990                    /home/chivu/.gradle/caches/jars-2/s427p2wh0tfza0xa8qijgx107eeevyl/repository-25.3.3.jar
7fb2dda62000-7fb2dda64000 r--s 00006000 08:07 1094989                    /home/chivu/.gradle/caches/jars-2/e2s952s6co8tps89l80r4riixwqo2oe/dvlib-25.3.3.jar
7fb2dda64000-7fb2dda66000 r--s 00013000 08:07 1094883                    /home/chivu/.gradle/caches/jars-2/s02k517nvrh8cbp2c8dz4slqska6dj9/layoutlib-api-25.3.3.jar
7fb2dda66000-7fb2dda6b000 r--s 00058000 08:07 932859                     /home/chivu/.gradle/caches/jars-2/st159835qgxm0l87oqrnhayxos4lc1n/asm-debug-all-5.0.1.jar
7fb2dda6b000-7fb2dda7b000 r--s 000d5000 08:07 932857                     /home/chivu/.gradle/caches/jars-2/qzf32gp9kej4w4hlbabft6tplu74cj3/proguard-base-5.3.2.jar
7fb2dda7b000-7fb2dda7e000 r--s 00033000 08:07 932855                     /home/chivu/.gradle/caches/jars-2/nz9sndmr8b4xbj4xulkaciy5kdbyfiz/juniversalchardet-1.0.3.jar
7fb2dda7e000-7fb2dda82000 r--s 0002a000 08:07 932853                     /home/chivu/.gradle/caches/jars-2/krbpn9xjn1qymukyx8cc5l799ty1v3h/commons-io-2.4.jar
7fb2dda82000-7fb2dda99000 r--s 00154000 08:07 932851                     /home/chivu/.gradle/caches/jars-2/sfeivjswzitn6n0fnjx3ueszz8gv8o1/antlr4-4.5.3.jar
7fb2dda99000-7fb2dda9b000 r--s 00002000 08:07 1094881                    /home/chivu/.gradle/caches/jars-2/rh2ip1x2zziz26tr3qzudtz088pqsb2/baseLibrary-2.3.3.jar
7fb2dda9b000-7fb2ddac6000 r--s 001fc000 08:07 932847                     /home/chivu/.gradle/caches/jars-2/nxjrjftly2xksl8o0wqgivu5netfu2x/guava-18.0.jar
7fb2ddac6000-7fb2ddad9000 r--s 00241000 08:07 932845                     /home/chivu/.gradle/caches/jars-2/9yuekvg4qerfitq3xec0iyckuw3hwaq/ecj-4.6.1.jar
7fb2ddad9000-7fb2ddae0000 r--s 000d9000 08:07 1094862                    /home/chivu/.gradle/caches/jars-2/ak89aa8liqmr44u7r08njntn6oehe0z/lint-checks-25.3.3.jar
7fb2ddae0000-7fb2ddae2000 r--s 00006000 08:07 932841                     /home/chivu/.gradle/caches/jars-2/6phgj9ki3jl3p5epzkqoo8pr6kur40b/asm-tree-5.0.4.jar
7fb2ddae2000-7fb2ddb15000 r--s 00203000 08:07 932839                     /home/chivu/.gradle/caches/jars-2/hj0bfvxu9cq7hkwmecvp0kg137or3hh/bcprov-jdk15on-1.48.jar
7fb2ddb15000-7fb2ddb23000 r--s 00081000 08:07 932837                     /home/chivu/.gradle/caches/jars-2/4r7xli0tz94y0wfjrdyjxlxar3g1pb9/bcpkix-jdk15on-1.48.jar
7fb2ddb23000-7fb2ddb25000 r--s 00002000 08:07 932835                     /home/chivu/.gradle/caches/jars-2/f32bh5uivuf69ecz2j8hl96ksnqdh7v/javawriter-2.5.0.jar
7fb2ddb25000-7fb2ddb27000 r--s 00004000 08:07 1094861                    /home/chivu/.gradle/caches/jars-2/j6s1upogkwo00sygdsekzj4fx0i75uy/tracker-25.3.3.jar
7fb2ddb27000-7fb2ddb28000 r--s 00005000 08:07 1094860                    /home/chivu/.gradle/caches/jars-2/4svya0t1s9wyo35ycd3atidsaoo6w7e/shared-25.3.3.jar
7fb2ddb28000-7fb2ddb36000 r--s 00147000 08:07 1094859                    /home/chivu/.gradle/caches/jars-2/qx6695c5ocd9swxv7wqtxor3plyb4b7/protos-25.3.3.jar
7fb2ddb36000-7fb2ddb37000 r--s 00001000 08:07 139356                     /home/chivu/.gradle/caches/jars-2/bqo69msswbvaagsh45hf1tq02v21sml/jill-api-0.10.0.jar
7fb2ddb37000-7fb2ddb39000 r--s 00003000 08:07 139354                     /home/chivu/.gradle/caches/jars-2/7pldadygbci34ql8thws797g29k1uhh/jack-api-0.13.0.jar
7fb2ddb39000-7fb2ddb3f000 r--s 0004a000 08:07 1094853                    /home/chivu/.gradle/caches/jars-2/euoqfzf5y1sibp9ul8mcz0wovj380eo/ddmlib-25.3.3.jar
7fb2ddb3f000-7fb2ddb42000 r--s 00022000 08:07 1094848                    /home/chivu/.gradle/caches/jars-2/a81bg2yxzmumashablwecaj0ksz6tmj/manifest-merger-25.3.3.jar
7fb2ddb42000-7fb2ddb45000 r--s 0001c000 08:07 1094847                    /home/chivu/.gradle/caches/jars-2/l6cnyee1vojrkkbpp6qwgpf30shmrja/common-25.3.3.jar
7fb2ddb45000-7fb2ddb4e000 r--s 00089000 08:07 1094417                    /home/chivu/.gradle/caches/jars-2/m0t6h8af70sdgxvkj522jy01i14mnb8/sdk-common-25.3.3.jar
7fb2ddb4e000-7fb2ddb58000 r--s 00098000 08:07 1094415                    /home/chivu/.gradle/caches/jars-2/28c9ykhc782k8jmlrnbnccai34hziki/sdklib-25.3.3.jar
7fb2ddb58000-7fb2ddb59000 r--s 00002000 08:07 1094389                    /home/chivu/.gradle/caches/jars-2/4dod7a1p5hoai4v37pxbcg65bbahvg2/builder-test-api-2.3.3.jar
7fb2ddb59000-7fb2ddb5c000 r--s 00006000 08:07 1094385                    /home/chivu/.gradle/caches/jars-2/omk02asobup8sgd6qxom3ej5bg94z2r/builder-model-2.3.3.jar
7fb2ddb5c000-7fb2ddb6b000 r--s 00130000 08:07 932809                     /home/chivu/.gradle/caches/jars-2/cr6zkqpx14lor9zdtmo49qpc7y8r8p4/protobuf-java-3.0.0.jar
7fb2ddb6b000-7fb2ddb6d000 r--s 0000f000 08:07 932807                     /home/chivu/.gradle/caches/jars-2/rvfyugrlu5tbpz51p98og0qsxamjq4k/jopt-simple-4.9.jar
7fb2ddb6d000-7fb2ddb71000 r--s 0001f000 08:07 932805                     /home/chivu/.gradle/caches/jars-2/nq3fzqkrrm37ob61z4iu5qdbh368uat/org.jacoco.report-0.7.5.201505241946.jar
7fb2ddb71000-7fb2ddb75000 r--s 0001d000 08:07 932803                     /home/chivu/.gradle/caches/jars-2/3kxkmcckmk40ron92zhbm0qjo9l4bkl/org.jacoco.core-0.7.5.201505241946.jar
7fb2ddb75000-7fb2ddb8b000 r--s 00163000 08:07 1094347                    /home/chivu/.gradle/caches/jars-2/nyg71b5n2lzymmwh5vbtmvjiby07k4g/builder-2.3.3.jar
7fb2ddb8b000-7fb2ddb8e000 ---p 00000000 00:00 0 
7fb2ddb8e000-7fb2dde8c000 rw-p 00000000 00:00 0 
7fb2dde8c000-7fb2de08c000 rw-p 00000000 00:00 0 
7fb2de08c000-7fb2de28c000 rw-p 00000000 00:00 0 
7fb2de28c000-7fb2de28e000 r--s 00002000 08:07 932801                     /home/chivu/.gradle/caches/jars-2/m4m0pzb4gmaeh0in5g2xc4bxeuwt828/proguard-gradle-5.3.2.jar
7fb2de28e000-7fb2de290000 r--s 00009000 08:07 932799                     /home/chivu/.gradle/caches/jars-2/ajvcvdu66lc9e3tvvipxtuq48i9bbkc/asm-commons-5.0.4.jar
7fb2de290000-7fb2de292000 r--s 0000c000 08:07 932797                     /home/chivu/.gradle/caches/jars-2/1laz1ygmxoc408r7nwqs1q8uk8r236d/asm-5.0.4.jar
7fb2de292000-7fb2de297000 r--s 0002c000 08:07 1094383                    /home/chivu/.gradle/caches/jars-2/3mlasgi8oo9o7oa12526198jui9zmp2/compilerCommon-2.3.3.jar
7fb2de297000-7fb2de298000 r--s 00002000 08:07 1094379                    /home/chivu/.gradle/caches/jars-2/73l309uzm0ila7rdaaxteq0ng4ayf2y/gradle-api-2.3.3.jar
7fb2de298000-7fb2de299000 r--s 00000000 08:07 139334                     /home/chivu/.gradle/caches/jars-2/tlyajppf8woug00g686fx5mchf8iv3o/transform-api-2.0.0-deprecated-use-gradle-api.jar
7fb2de299000-7fb2de29e000 r--s 0005e000 08:07 1094349                    /home/chivu/.gradle/caches/jars-2/k2xtosjt0in0zj7mpwvctw6iznt93uh/lint-25.3.3.jar
7fb2de29e000-7fb2de2bd000 r--s 001ca000 08:07 1094310                    /home/chivu/.gradle/caches/jars-2/5fwyvjq1ai8mdh1mluqxidj1wo7rls8/gradle-core-2.3.3.jar
7fb2de2bd000-7fb2de2bf000 r--s 00007000 08:07 266240                     /home/chivu/.gradle/caches/modules-2/files-2.1/com.google.gms/google-services/3.1.0/166ae4e6acd03b7bbebe221ffa54bc039fece1b9/google-services-3.1.0.jar
7fb2de2bf000-7fb2de2c1000 r--s 0000d000 08:07 1094266                    /home/chivu/.gradle/caches/jars-2/mel54vauze7hczg2p6nebauqz8s53sj/gradle-2.3.3.jar
7fb2de2c1000-7fb2de2c2000 r--p 00000000 00:00 0 
7fb2de2c2000-7fb2de4c2000 rw-p 00000000 00:00 0 
7fb2de4c2000-7fb2de53b000 r--s 010ed000 08:07 1201473                    /home/chivu/Downloads/android-studio-p/jre/lib/tools.jar
7fb2de53b000-7fb2de73b000 rw-p 00000000 00:00 0 
7fb2de73b000-7fb2de73e000 ---p 00000000 00:00 0 
7fb2de73e000-7fb2de83c000 rw-p 00000000 00:00 0 
7fb2de83c000-7fb2de83f000 ---p 00000000 00:00 0 
7fb2de83f000-7fb2de93d000 rw-p 00000000 00:00 0 
7fb2de93d000-7fb2de940000 ---p 00000000 00:00 0 
7fb2de940000-7fb2dea3e000 rw-p 00000000 00:00 0 
7fb2dea3e000-7fb2dea41000 ---p 00000000 00:00 0 
7fb2dea41000-7fb2deb3f000 rw-p 00000000 00:00 0 
7fb2deb3f000-7fb2deb42000 ---p 00000000 00:00 0 
7fb2deb42000-7fb2dee40000 rw-p 00000000 00:00 0 
7fb2dee40000-7fb2dee43000 ---p 00000000 00:00 0 
7fb2dee43000-7fb2def41000 rw-p 00000000 00:00 0 
7fb2def41000-7fb2def44000 ---p 00000000 00:00 0 
7fb2def44000-7fb2df042000 rw-p 00000000 00:00 0 
7fb2df042000-7fb2df049000 r--s 00000000 08:07 1590595                    /usr/lib/x86_64-linux-gnu/gconv/gconv-modules.cache
7fb2df049000-7fb2df249000 rw-p 00000000 00:00 0 
7fb2df249000-7fb2df24c000 ---p 00000000 00:00 0 
7fb2df24c000-7fb2df34a000 rw-p 00000000 00:00 0 
7fb2df34a000-7fb2df353000 r-xp 00000000 08:07 1201548                    /home/chivu/Downloads/android-studio-p/jre/jre/lib/amd64/libmanagement.so
7fb2df353000-7fb2df552000 ---p 00009000 08:07 1201548                    /home/chivu/Downloads/android-studio-p/jre/jre/lib/amd64/libmanagement.so
7fb2df552000-7fb2df553000 r--p 00008000 08:07 1201548                    /home/chivu/Downloads/android-studio-p/jre/jre/lib/amd64/libmanagement.so
7fb2df553000-7fb2df554000 rw-p 00009000 08:07 1201548                    /home/chivu/Downloads/android-studio-p/jre/jre/lib/amd64/libmanagement.so
7fb2df554000-7fb2df559000 r--s 00098000 08:07 1201512                    /home/chivu/Downloads/android-studio-p/jre/jre/lib/jsse.jar
7fb2df559000-7fb2df55b000 r--s 00007000 08:07 1189108                    /home/chivu/.gradle/wrapper/dists/gradle-3.3-all/55gk2rcmfc6p2dg9u9ohc3hw9/gradle-3.3/lib/plugins/gradle-tooling-api-builders-3.3.jar
7fb2df55b000-7fb2df55e000 r--s 00009000 08:07 1189101                    /home/chivu/.gradle/wrapper/dists/gradle-3.3-all/55gk2rcmfc6p2dg9u9ohc3hw9/gradle-3.3/lib/plugins/gradle-testing-native-3.3.jar
7fb2df55e000-7fb2df564000 r--s 00033000 08:07 1189176                    /home/chivu/.gradle/wrapper/dists/gradle-3.3-all/55gk2rcmfc6p2dg9u9ohc3hw9/gradle-3.3/lib/plugins/snakeyaml-1.6.jar
7fb2df564000-7fb2df566000 r--s 00006000 08:07 1189175                    /home/chivu/.gradle/wrapper/dists/gradle-3.3-all/55gk2rcmfc6p2dg9u9ohc3hw9/gradle-3.3/lib/plugins/jcommander-1.12.jar
7fb2df566000-7fb2df56b000 r--s 00040000 08:07 1189174                    /home/chivu/.gradle/wrapper/dists/gradle-3.3-all/55gk2rcmfc6p2dg9u9ohc3hw9/gradle-3.3/lib/plugins/bsh-2.0b4.jar
7fb2df56b000-7fb2df56d000 r--s 00009000 08:07 1189182                    /home/chivu/.gradle/wrapper/dists/gradle-3.3-all/55gk2rcmfc6p2dg9u9ohc3hw9/gradle-3.3/lib/plugins/hamcrest-core-1.3.jar
7fb2df56d000-7fb2df576000 r--s 00089000 08:07 1189133                    /home/chivu/.gradle/wrapper/dists/gradle-3.3-all/55gk2rcmfc6p2dg9u9ohc3hw9/gradle-3.3/lib/plugins/testng-6.3.1.jar
7fb2df576000-7fb2df57e000 r--s 00045000 08:07 1189132                    /home/chivu/.gradle/wrapper/dists/gradle-3.3-all/55gk2rcmfc6p2dg9u9ohc3hw9/gradle-3.3/lib/plugins/junit-4.12.jar
7fb2df57e000-7fb2df584000 r--s 0002e000 08:07 1189102                    /home/chivu/.gradle/wrapper/dists/gradle-3.3-all/55gk2rcmfc6p2dg9u9ohc3hw9/gradle-3.3/lib/plugins/gradle-testing-jvm-3.3.jar
7fb2df584000-7fb2df588000 r--s 00016000 08:07 1189100                    /home/chivu/.gradle/wrapper/dists/gradle-3.3-all/55gk2rcmfc6p2dg9u9ohc3hw9/gradle-3.3/lib/plugins/gradle-testing-base-3.3.jar
7fb2df588000-7fb2df58f000 r--s 00038000 08:07 1189127                    /home/chivu/.gradle/wrapper/dists/gradle-3.3-all/55gk2rcmfc6p2dg9u9ohc3hw9/gradle-3.3/lib/plugins/bcpg-jdk15on-1.51.jar
7fb2df58f000-7fb2df591000 r--s 0000c000 08:07 1189079                    /home/chivu/.gradle/wrapper/dists/gradle-3.3-all/55gk2rcmfc6p2dg9u9ohc3hw9/gradle-3.3/lib/plugins/gradle-signing-3.3.jar
7fb2df591000-7fb2df593000 r--s 00007000 08:07 1189078                    /home/chivu/.gradle/wrapper/dists/gradle-3.3-all/55gk2rcmfc6p2dg9u9ohc3hw9/gradle-3.3/lib/plugins/gradle-scala-3.3.jar
7fb2df593000-7fb2df594000 r--s 00004000 08:07 1189106                    /home/chivu/.gradle/wrapper/dists/gradle-3.3-all/55gk2rcmfc6p2dg9u9ohc3hw9/gradle-3.3/lib/plugins/gradle-resources-sftp-3.3.jar
7fb2df594000-7fb2df5a4000 r--s 00088000 08:07 1189143                    /home/chivu/.gradle/wrapper/dists/gradle-3.3-all/55gk2rcmfc6p2dg9u9ohc3hw9/gradle-3.3/lib/plugins/joda-time-2.8.2.jar
7fb2df5a4000-7fb2df5b5000 r--s 0010d000 08:07 1189142                    /home/chivu/.gradle/wrapper/dists/gradle-3.3-all/55gk2rcmfc6p2dg9u9ohc3hw9/gradle-3.3/lib/plugins/jackson-databind-2.6.6.jar
7fb2df5b5000-7fb2df5b8000 r--s 00009000 08:07 1189141                    /home/chivu/.gradle/wrapper/dists/gradle-3.3-all/55gk2rcmfc6p2dg9u9ohc3hw9/gradle-3.3/lib/plugins/jackson-annotations-2.6.6.jar
7fb2df5b8000-7fb2df5bc000 r--s 0003c000 08:07 1189140                    /home/chivu/.gradle/wrapper/dists/gradle-3.3-all/55gk2rcmfc6p2dg9u9ohc3hw9/gradle-3.3/lib/plugins/jackson-core-2.6.6.jar
7fb2df5bc000-7fb2df5ca000 r--s 00087000 08:07 1189139                    /home/chivu/.gradle/wrapper/dists/gradle-3.3-all/55gk2rcmfc6p2dg9u9ohc3hw9/gradle-3.3/lib/plugins/aws-java-sdk-core-1.11.6.jar
7fb2df5ca000-7fb2df5d1000 r--s 00057000 08:07 1189138                    /home/chivu/.gradle/wrapper/dists/gradle-3.3-all/55gk2rcmfc6p2dg9u9ohc3hw9/gradle-3.3/lib/plugins/aws-java-sdk-kms-1.11.6.jar
7fb2df5d1000-7fb2df5de000 r--s 0008e000 08:07 1189137                    /home/chivu/.gradle/wrapper/dists/gradle-3.3-all/55gk2rcmfc6p2dg9u9ohc3hw9/gradle-3.3/lib/plugins/aws-java-sdk-s3-1.11.6.jar
7fb2df5de000-7fb2df5e0000 r--s 00004000 08:07 1189107                    /home/chivu/.gradle/wrapper/dists/gradle-3.3-all/55gk2rcmfc6p2dg9u9ohc3hw9/gradle-3.3/lib/plugins/gradle-resources-s3-3.3.jar
7fb2df5e0000-7fb2df5e2000 r--s 00005000 08:07 1189131                    /home/chivu/.gradle/wrapper/dists/gradle-3.3-all/55gk2rcmfc6p2dg9u9ohc3hw9/gradle-3.3/lib/plugins/jatl-0.2.2.jar
7fb2df5e2000-7fb2df5e4000 r--s 0000f000 08:07 1189084                    /home/chivu/.gradle/wrapper/dists/gradle-3.3-all/55gk2rcmfc6p2dg9u9ohc3hw9/gradle-3.3/lib/plugins/gradle-reporting-3.3.jar
7fb2df5e4000-7fb2df5e6000 r--s 00002000 08:07 1189085                    /home/chivu/.gradle/wrapper/dists/gradle-3.3-all/55gk2rcmfc6p2dg9u9ohc3hw9/gradle-3.3/lib/plugins/gradle-publish-3.3.jar
7fb2df5e6000-7fb2df5e8000 r--s 00009000 08:07 1189114                    /home/chivu/.gradle/wrapper/dists/gradle-3.3-all/55gk2rcmfc6p2dg9u9ohc3hw9/gradle-3.3/lib/plugins/commons-cli-1.2.jar
7fb2df5e8000-7fb2df5ee000 r--s 00031000 08:07 1189070                    /home/chivu/.gradle/wrapper/dists/gradle-3.3-all/55gk2rcmfc6p2dg9u9ohc3hw9/gradle-3.3/lib/plugins/gradle-plugins-3.3.jar
7fb2df5ee000-7fb2df5f0000 r--s 00009000 08:07 1189103                    /home/chivu/.gradle/wrapper/dists/gradle-3.3-all/55gk2rcmfc6p2dg9u9ohc3hw9/gradle-3.3/lib/plugins/gradle-plugin-development-3.3.jar
7fb2df5f0000-7fb2df5f6000 r--s 0002b000 08:07 1189096                    /home/chivu/.gradle/wrapper/dists/gradle-3.3-all/55gk2rcmfc6p2dg9u9ohc3hw9/gradle-3.3/lib/plugins/gradle-platform-play-3.3.jar
7fb2df5f6000-7fb2df604000 r--s 00055000 08:07 1189095                    /home/chivu/.gradle/wrapper/dists/gradle-3.3-all/55gk2rcmfc6p2dg9u9ohc3hw9/gradle-3.3/lib/plugins/gradle-platform-native-3.3.jar
7fb2df604000-7fb2df609000 r--s 0001f000 08:07 1189090                    /home/chivu/.gradle/wrapper/dists/gradle-3.3-all/55gk2rcmfc6p2dg9u9ohc3hw9/gradle-3.3/lib/plugins/gradle-platform-jvm-3.3.jar
7fb2df609000-7fb2df611000 r--s 00027000 08:07 1189089                    /home/chivu/.gradle/wrapper/dists/gradle-3.3-all/55gk2rcmfc6p2dg9u9ohc3hw9/gradle-3.3/lib/plugins/gradle-platform-base-3.3.jar
7fb2df611000-7fb2df639000 r--s 0021c000 08:07 1189122                    /home/chivu/.gradle/wrapper/dists/gradle-3.3-all/55gk2rcmfc6p2dg9u9ohc3hw9/gradle-3.3/lib/plugins/biz.aQute.bndlib-3.2.0.jar
7fb2df639000-7fb2df63b000 r--s 00003000 08:07 1189074                    /home/chivu/.gradle/wrapper/dists/gradle-3.3-all/55gk2rcmfc6p2dg9u9ohc3hw9/gradle-3.3/lib/plugins/gradle-osgi-3.3.jar
7fb2df63b000-7fb2df63e000 r--s 0000c000 08:07 1189125                    /home/chivu/.gradle/wrapper/dists/gradle-3.3-all/55gk2rcmfc6p2dg9u9ohc3hw9/gradle-3.3/lib/plugins/pmaven-groovy-0.8-20100325.jar
7fb2df63e000-7fb2df63f000 r--s 00004000 08:07 1189124                    /home/chivu/.gradle/wrapper/dists/gradle-3.3-all/55gk2rcmfc6p2dg9u9ohc3hw9/gradle-3.3/lib/plugins/pmaven-common-0.8-20100325.jar
7fb2df63f000-7fb2df645000 r--s 00023000 08:07 1189075                    /home/chivu/.gradle/wrapper/dists/gradle-3.3-all/55gk2rcmfc6p2dg9u9ohc3hw9/gradle-3.3/lib/plugins/gradle-maven-3.3.jar
7fb2df645000-7fb2df648000 r--s 0000b000 08:07 1189094                    /home/chivu/.gradle/wrapper/dists/gradle-3.3-all/55gk2rcmfc6p2dg9u9ohc3hw9/gradle-3.3/lib/plugins/gradle-language-scala-3.3.jar
7fb2df648000-7fb2df64e000 r--s 0001a000 08:07 1189098                    /home/chivu/.gradle/wrapper/dists/gradle-3.3-all/55gk2rcmfc6p2dg9u9ohc3hw9/gradle-3.3/lib/plugins/gradle-language-native-3.3.jar
7fb2df64e000-7fb2df651000 r--s 00005000 08:07 1189091                    /home/chivu/.gradle/wrapper/dists/gradle-3.3-all/55gk2rcmfc6p2dg9u9ohc3hw9/gradle-3.3/lib/plugins/gradle-language-jvm-3.3.jar
7fb2df651000-7fb2df667000 r-xp 00000000 08:07 529479                     /lib/x86_64-linux-gnu/libgcc_s.so.1
7fb2df667000-7fb2df866000 ---p 00016000 08:07 529479                     /lib/x86_64-linux-gnu/libgcc_s.so.1
7fb2df866000-7fb2df867000 rw-p 00015000 08:07 529479                     /lib/x86_64-linux-gnu/libgcc_s.so.1
7fb2df867000-7fb2df9d9000 r-xp 00000000 08:07 1312856                    /usr/lib/x86_64-linux-gnu/libstdc++.so.6.0.21
7fb2df9d9000-7fb2dfbd9000 ---p 00172000 08:07 1312856                    /usr/lib/x86_64-linux-gnu/libstdc++.so.6.0.21
7fb2dfbd9000-7fb2dfbe3000 r--p 00172000 08:07 1312856                    /usr/lib/x86_64-linux-gnu/libstdc++.so.6.0.21
7fb2dfbe3000-7fb2dfbe5000 rw-p 0017c000 08:07 1312856                    /usr/lib/x86_64-linux-gnu/libstdc++.so.6.0.21
7fb2dfbe5000-7fb2dfbe9000 rw-p 00000000 00:00 0 
7fb2dfbe9000-7fb2dfbee000 r-xp 00000000 08:07 932602                     /home/chivu/.gradle/native/23/linux-amd64/libnative-platform.so
7fb2dfbee000-7fb2dfded000 ---p 00005000 08:07 932602                     /home/chivu/.gradle/native/23/linux-amd64/libnative-platform.so
7fb2dfded000-7fb2dfdee000 rw-p 00004000 08:07 932602                     /home/chivu/.gradle/native/23/linux-amd64/libnative-platform.so
7fb2dfdee000-7fb2dfdff000 r-xp 00000000 08:07 1201545                    /home/chivu/Downloads/android-studio-p/jre/jre/lib/amd64/libnio.so
7fb2dfdff000-7fb2dfffe000 ---p 00011000 08:07 1201545                    /home/chivu/Downloads/android-studio-p/jre/jre/lib/amd64/libnio.so
7fb2dfffe000-7fb2dffff000 r--p 00010000 08:07 1201545                    /home/chivu/Downloads/android-studio-p/jre/jre/lib/amd64/libnio.so
7fb2dffff000-7fb2e0000000 rw-p 00011000 08:07 1201545                    /home/chivu/Downloads/android-studio-p/jre/jre/lib/amd64/libnio.so
7fb2e0000000-7fb2e0021000 rw-p 00000000 00:00 0 
7fb2e0021000-7fb2e4000000 ---p 00000000 00:00 0 
7fb2e4000000-7fb2e4021000 rw-p 00000000 00:00 0 
7fb2e4021000-7fb2e8000000 ---p 00000000 00:00 0 
7fb2e8000000-7fb2ea7d0000 rw-p 00000000 00:00 0 
7fb2ea7d0000-7fb2ec000000 ---p 00000000 00:00 0 
7fb2ec000000-7fb2ed2fe000 rw-p 00000000 00:00 0 
7fb2ed2fe000-7fb2f0000000 ---p 00000000 00:00 0 
7fb2f0000000-7fb2f0021000 rw-p 00000000 00:00 0 
7fb2f0021000-7fb2f4000000 ---p 00000000 00:00 0 
7fb2f4000000-7fb2f66f8000 rw-p 00000000 00:00 0 
7fb2f66f8000-7fb2f8000000 ---p 00000000 00:00 0 
7fb2f8000000-7fb2f803b000 rw-p 00000000 00:00 0 
7fb2f803b000-7fb2fc000000 ---p 00000000 00:00 0 
7fb2fc000000-7fb2fc021000 rw-p 00000000 00:00 0 
7fb2fc021000-7fb300000000 ---p 00000000 00:00 0 
7fb300000000-7fb300369000 rw-p 00000000 00:00 0 
7fb300369000-7fb304000000 ---p 00000000 00:00 0 
7fb304000000-7fb30405a000 rw-p 00000000 00:00 0 
7fb30405a000-7fb308000000 ---p 00000000 00:00 0 
7fb308000000-7fb308006000 r--s 00027000 08:07 1189092                    /home/chivu/.gradle/wrapper/dists/gradle-3.3-all/55gk2rcmfc6p2dg9u9ohc3hw9/gradle-3.3/lib/plugins/gradle-language-java-3.3.jar
7fb308006000-7fb308008000 r--s 0000a000 08:07 1189093                    /home/chivu/.gradle/wrapper/dists/gradle-3.3-all/55gk2rcmfc6p2dg9u9ohc3hw9/gradle-3.3/lib/plugins/gradle-language-groovy-3.3.jar
7fb308008000-7fb30800b000 r--s 0001e000 08:07 1189149                    /home/chivu/.gradle/wrapper/dists/gradle-3.3-all/55gk2rcmfc6p2dg9u9ohc3hw9/gradle-3.3/lib/plugins/jsp-api-2.1-6.1.14.jar
7fb30800b000-7fb30802e000 r--s 00344000 08:07 1189148                    /home/chivu/.gradle/wrapper/dists/gradle-3.3-all/55gk2rcmfc6p2dg9u9ohc3hw9/gradle-3.3/lib/plugins/core-3.1.1.jar
7fb30802e000-7fb30802f000 r--s 00006000 08:07 1189147                    /home/chivu/.gradle/wrapper/dists/gradle-3.3-all/55gk2rcmfc6p2dg9u9ohc3hw9/gradle-3.3/lib/plugins/jetty-naming-6.1.26.jar
7fb30802f000-7fb308030000 r--s 00002000 08:07 1189121                    /home/chivu/.gradle/wrapper/dists/gradle-3.3-all/55gk2rcmfc6p2dg9u9ohc3hw9/gradle-3.3/lib/plugins/geronimo-annotation_1.0_spec-1.0.jar
7fb308030000-7fb308032000 r--s 00002000 08:07 1189120                    /home/chivu/.gradle/wrapper/dists/gradle-3.3-all/55gk2rcmfc6p2dg9u9ohc3hw9/gradle-3.3/lib/plugins/jetty-annotations-6.1.26.jar
7fb308032000-7fb308043000 r--s 000ea000 08:07 1189119                    /home/chivu/.gradle/wrapper/dists/gradle-3.3-all/55gk2rcmfc6p2dg9u9ohc3hw9/gradle-3.3/lib/plugins/jsp-2.1-6.1.14.jar
7fb308043000-7fb308045000 r--s 0000d000 08:07 1189118                    /home/chivu/.gradle/wrapper/dists/gradle-3.3-all/55gk2rcmfc6p2dg9u9ohc3hw9/gradle-3.3/lib/plugins/jetty-plus-6.1.26.jar
7fb308045000-7fb308047000 r--s 0001f000 08:07 1189117                    /home/chivu/.gradle/wrapper/dists/gradle-3.3-all/55gk2rcmfc6p2dg9u9ohc3hw9/gradle-3.3/lib/plugins/servlet-api-2.5-20081211.jar
7fb308047000-7fb30804b000 r--s 00028000 08:07 1189116                    /home/chivu/.gradle/wrapper/dists/gradle-3.3-all/55gk2rcmfc6p2dg9u9ohc3hw9/gradle-3.3/lib/plugins/jetty-util-6.1.26.jar
7fb30804b000-7fb308052000 r--s 0007d000 08:07 1189115                    /home/chivu/.gradle/wrapper/dists/gradle-3.3-all/55gk2rcmfc6p2dg9u9ohc3hw9/gradle-3.3/lib/plugins/jetty-6.1.26.jar
7fb308052000-7fb308054000 r--s 0000a000 08:07 1189072                    /home/chivu/.gradle/wrapper/dists/gradle-3.3-all/55gk2rcmfc6p2dg9u9ohc3hw9/gradle-3.3/lib/plugins/gradle-jetty-3.3.jar
7fb308054000-7fb30805b000 r--s 00035000 08:07 1189130                    /home/chivu/.gradle/wrapper/dists/gradle-3.3-all/55gk2rcmfc6p2dg9u9ohc3hw9/gradle-3.3/lib/plugins/simple-4.1.21.jar
7fb30805b000-7fb308067000 r--s 00100000 08:07 1189128                    /home/chivu/.gradle/wrapper/dists/gradle-3.3-all/55gk2rcmfc6p2dg9u9ohc3hw9/gradle-3.3/lib/plugins/rhino-1.7R3.jar
7fb308067000-7fb30806b000 r--s 00012000 08:07 1189081                    /home/chivu/.gradle/wrapper/dists/gradle-3.3-all/55gk2rcmfc6p2dg9u9ohc3hw9/gradle-3.3/lib/plugins/gradle-javascript-3.3.jar
7fb30806b000-7fb30806d000 r--s 0000d000 08:07 1189087                    /home/chivu/.gradle/wrapper/dists/gradle-3.3-all/55gk2rcmfc6p2dg9u9ohc3hw9/gradle-3.3/lib/plugins/gradle-jacoco-3.3.jar
7fb30806d000-7fb308070000 r--s 0000e000 08:07 1189086                    /home/chivu/.gradle/wrapper/dists/gradle-3.3-all/55gk2rcmfc6p2dg9u9ohc3hw9/gradle-3.3/lib/plugins/gradle-ivy-3.3.jar
7fb308070000-7fb308071000 r--s 00002000 08:07 1189097                    /home/chivu/.gradle/wrapper/dists/gradle-3.3-all/55gk2rcmfc6p2dg9u9ohc3hw9/gradle-3.3/lib/plugins/gradle-ide-play-3.3.jar
7fb308071000-7fb308074000 r--s 00013000 08:07 1189099                    /home/chivu/.gradle/wrapper/dists/gradle-3.3-all/55gk2rcmfc6p2dg9u9ohc3hw9/gradle-3.3/lib/plugins/gradle-ide-native-3.3.jar
7fb308074000-7fb30807d000 r--s 00055000 08:07 1189076                    /home/chivu/.gradle/wrapper/dists/gradle-3.3-all/55gk2rcmfc6p2dg9u9ohc3hw9/gradle-3.3/lib/plugins/gradle-ide-3.3.jar
7fb30807d000-7fb30807f000 r--s 00007000 08:07 1189080                    /home/chivu/.gradle/wrapper/dists/gradle-3.3-all/55gk2rcmfc6p2dg9u9ohc3hw9/gradle-3.3/lib/plugins/gradle-ear-3.3.jar
7fb30807f000-7fb308085000 r--s 00039000 08:07 1189083                    /home/chivu/.gradle/wrapper/dists/gradle-3.3-all/55gk2rcmfc6p2dg9u9ohc3hw9/gradle-3.3/lib/plugins/gradle-diagnostics-3.3.jar
7fb308085000-7fb308086000 r--s 00009000 08:07 1189109                    /home/chivu/.gradle/wrapper/dists/gradle-3.3-all/55gk2rcmfc6p2dg9u9ohc3hw9/gradle-3.3/lib/plugins/gradle-composite-builds-3.3.jar
7fb308086000-7fb30808a000 r--s 00023000 08:07 1189071                    /home/chivu/.gradle/wrapper/dists/gradle-3.3-all/55gk2rcmfc6p2dg9u9ohc3hw9/gradle-3.3/lib/plugins/gradle-code-quality-3.3.jar
7fb30808a000-7fb30808e000 r--s 00022000 08:07 1189088                    /home/chivu/.gradle/wrapper/dists/gradle-3.3-all/55gk2rcmfc6p2dg9u9ohc3hw9/gradle-3.3/lib/plugins/gradle-build-init-3.3.jar
7fb30808e000-7fb308094000 r--s 0008e000 08:07 1189082                    /home/chivu/.gradle/wrapper/dists/gradle-3.3-all/55gk2rcmfc6p2dg9u9ohc3hw9/gradle-3.3/lib/plugins/gradle-build-comparison-3.3.jar
7fb308094000-7fb308095000 r--s 00001000 08:07 1189110                    /home/chivu/.gradle/wrapper/dists/gradle-3.3-all/55gk2rcmfc6p2dg9u9ohc3hw9/gradle-3.3/lib/plugins/gradle-build-cache-http-3.3.jar
7fb308095000-7fb308097000 r--s 00008000 08:07 1189073                    /home/chivu/.gradle/wrapper/dists/gradle-3.3-all/55gk2rcmfc6p2dg9u9ohc3hw9/gradle-3.3/lib/plugins/gradle-antlr-3.3.jar
7fb308097000-7fb308099000 r--s 00004000 08:07 1189077                    /home/chivu/.gradle/wrapper/dists/gradle-3.3-all/55gk2rcmfc6p2dg9u9ohc3hw9/gradle-3.3/lib/plugins/gradle-announce-3.3.jar
7fb308099000-7fb3080b1000 r--s 00115000 08:07 1189179                    /home/chivu/.gradle/wrapper/dists/gradle-3.3-all/55gk2rcmfc6p2dg9u9ohc3hw9/gradle-3.3/lib/plugins/xercesImpl-2.9.1.jar
7fb3080b1000-7fb3080b9000 r--s 00028000 08:07 1189180                    /home/chivu/.gradle/wrapper/dists/gradle-3.3-all/55gk2rcmfc6p2dg9u9ohc3hw9/gradle-3.3/lib/plugins/xml-apis-1.3.04.jar
7fb3080b9000-7fb3080bf000 r--s 0005b000 08:07 1189178                    /home/chivu/.gradle/wrapper/dists/gradle-3.3-all/55gk2rcmfc6p2dg9u9ohc3hw9/gradle-3.3/lib/plugins/jcifs-1.3.17.jar
7fb3080bf000-7fb3080c5000 r--s 00033000 08:07 1189126                    /home/chivu/.gradle/wrapper/dists/gradle-3.3-all/55gk2rcmfc6p2dg9u9ohc3hw9/gradle-3.3/lib/plugins/commons-codec-1.6.jar
7fb3080c5000-7fb3080cc000 r--s 00049000 08:07 1189177                    /home/chivu/.gradle/wrapper/dists/gradle-3.3-all/55gk2rcmfc6p2dg9u9ohc3hw9/gradle-3.3/lib/plugins/httpcore-4.4.4.jar
7fb3080cc000-7fb3080cf000 r--s 0001c000 08:07 1189135                    /home/chivu/.gradle/wrapper/dists/gradle-3.3-all/55gk2rcmfc6p2dg9u9ohc3hw9/gradle-3.3/lib/plugins/nekohtml-1.9.14.jar
7fb3080cf000-7fb3080dc000 r--s 000a4000 08:07 1189134                    /home/chivu/.gradle/wrapper/dists/gradle-3.3-all/55gk2rcmfc6p2dg9u9ohc3hw9/gradle-3.3/lib/plugins/httpclient-4.4.1.jar
7fb3080dc000-7fb3080df000 r--s 0000a000 08:07 1189105                    /home/chivu/.gradle/wrapper/dists/gradle-3.3-all/55gk2rcmfc6p2dg9u9ohc3hw9/gradle-3.3/lib/plugins/gradle-resources-http-3.3.jar
7fb3080df000-7fb3080e3000 r--s 00015000 08:07 1189104                    /home/chivu/.gradle/wrapper/dists/gradle-3.3-all/55gk2rcmfc6p2dg9u9ohc3hw9/gradle-3.3/lib/plugins/gradle-plugin-use-3.3.jar
7fb3080e3000-7fb3080e4000 r--s 00000000 08:07 1189016                    /home/chivu/.gradle/wrapper/dists/gradle-3.3-all/55gk2rcmfc6p2dg9u9ohc3hw9/gradle-3.3/lib/gradle-installation-beacon-3.3.jar
7fb3080e4000-7fb3080e6000 r--s 00006000 08:07 1189173                    /home/chivu/.gradle/wrapper/dists/gradle-3.3-all/55gk2rcmfc6p2dg9u9ohc3hw9/gradle-3.3/lib/plugins/aether-connector-wagon-1.13.1.jar
7fb3080e6000-7fb3080ea000 r--s 0001c000 08:07 1189172                    /home/chivu/.gradle/wrapper/dists/gradle-3.3-all/55gk2rcmfc6p2dg9u9ohc3hw9/gradle-3.3/lib/plugins/aether-util-1.13.1.jar
7fb3080ea000-7fb3080eb000 r--s 00003000 08:07 1189171                    /home/chivu/.gradle/wrapper/dists/gradle-3.3-all/55gk2rcmfc6p2dg9u9ohc3hw9/gradle-3.3/lib/plugins/aether-spi-1.13.1.jar
7fb3080eb000-7fb3080ee000 r--s 0001d000 08:07 1189170                    /home/chivu/.gradle/wrapper/dists/gradle-3.3-all/55gk2rcmfc6p2dg9u9ohc3hw9/gradle-3.3/lib/plugins/aether-impl-1.13.1.jar
7fb3080ee000-7fb3080f1000 r--s 00013000 08:07 1189169                    /home/chivu/.gradle/wrapper/dists/gradle-3.3-all/55gk2rcmfc6p2dg9u9ohc3hw9/gradle-3.3/lib/plugins/aether-api-1.13.1.jar
7fb3080f1000-7fb3080f2000 r--s 00007000 08:07 1189168                    /home/chivu/.gradle/wrapper/dists/gradle-3.3-all/55gk2rcmfc6p2dg9u9ohc3hw9/gradle-3.3/lib/plugins/wagon-http-shared4-2.4.jar
7fb3080f2000-7fb3080f4000 r--s 0000b000 08:07 1189167                    /home/chivu/.gradle/wrapper/dists/gradle-3.3-all/55gk2rcmfc6p2dg9u9ohc3hw9/gradle-3.3/lib/plugins/wagon-provider-api-2.4.jar
7fb3080f4000-7fb3080f5000 r--s 00002000 08:07 1189166                    /home/chivu/.gradle/wrapper/dists/gradle-3.3-all/55gk2rcmfc6p2dg9u9ohc3hw9/gradle-3.3/lib/plugins/wagon-http-2.4.jar
7fb3080f5000-7fb3080f6000 r--s 00002000 08:07 1189165                    /home/chivu/.gradle/wrapper/dists/gradle-3.3-all/55gk2rcmfc6p2dg9u9ohc3hw9/gradle-3.3/lib/plugins/wagon-file-2.4.jar
7fb3080f6000-7fb3080f8000 r--s 0000c000 08:07 1189164                    /home/chivu/.gradle/wrapper/dists/gradle-3.3-all/55gk2rcmfc6p2dg9u9ohc3hw9/gradle-3.3/lib/plugins/maven-aether-provider-3.0.4.jar
7fb3080f8000-7fb3080fa000 r--s 0000b000 08:07 1189163                    /home/chivu/.gradle/wrapper/dists/gradle-3.3-all/55gk2rcmfc6p2dg9u9ohc3hw9/gradle-3.3/lib/plugins/maven-plugin-api-3.0.4.jar
7fb3080fa000-7fb3080fc000 r--s 00006000 08:07 1189162                    /home/chivu/.gradle/wrapper/dists/gradle-3.3-all/55gk2rcmfc6p2dg9u9ohc3hw9/gradle-3.3/lib/plugins/maven-repository-metadata-3.0.4.jar
7fb3080fc000-7fb3080fe000 r--s 0000b000 08:07 1189161                    /home/chivu/.gradle/wrapper/dists/gradle-3.3-all/55gk2rcmfc6p2dg9u9ohc3hw9/gradle-3.3/lib/plugins/maven-artifact-3.0.4.jar
7fb3080fe000-7fb308100000 r--s 00026000 08:07 1189160                    /home/chivu/.gradle/wrapper/dists/gradle-3.3-all/55gk2rcmfc6p2dg9u9ohc3hw9/gradle-3.3/lib/plugins/maven-model-3.0.4.jar
7fb308100000-7fb308104000 r--s 00021000 08:07 1189159                    /home/chivu/.gradle/wrapper/dists/gradle-3.3-all/55gk2rcmfc6p2dg9u9ohc3hw9/gradle-3.3/lib/plugins/maven-model-builder-3.0.4.jar
7fb308104000-7fb30810a000 r--s 0003f000 08:07 1189158                    /home/chivu/.gradle/wrapper/dists/gradle-3.3-all/55gk2rcmfc6p2dg9u9ohc3hw9/gradle-3.3/lib/plugins/maven-compat-3.0.4.jar
7fb30810a000-7fb30810b000 r--s 00006000 08:07 1189157                    /home/chivu/.gradle/wrapper/dists/gradle-3.3-all/55gk2rcmfc6p2dg9u9ohc3hw9/gradle-3.3/lib/plugins/plexus-sec-dispatcher-1.3.jar
7fb30810b000-7fb30810d000 r--s 00002000 08:07 1189156                    /home/chivu/.gradle/wrapper/dists/gradle-3.3-all/55gk2rcmfc6p2dg9u9ohc3hw9/gradle-3.3/lib/plugins/plexus-cipher-1.7.jar
7fb30810d000-7fb30810f000 r--s 0000a000 08:07 1189155                    /home/chivu/.gradle/wrapper/dists/gradle-3.3-all/55gk2rcmfc6p2dg9u9ohc3hw9/gradle-3.3/lib/plugins/plexus-classworlds-2.4.jar
7fb30810f000-7fb308116000 r--s 0002e000 08:07 1189154                    /home/chivu/.gradle/wrapper/dists/gradle-3.3-all/55gk2rcmfc6p2dg9u9ohc3hw9/gradle-3.3/lib/plugins/plexus-container-default-1.5.5.jar
7fb308116000-7fb308118000 r--s 00000000 08:07 1189181                    /home/chivu/.gradle/wrapper/dists/gradle-3.3-all/55gk2rcmfc6p2dg9u9ohc3hw9/gradle-3.3/lib/plugins/plexus-component-annotations-1.5.5.jar
7fb308118000-7fb30811a000 r--s 0000d000 08:07 1189153                    /home/chivu/.gradle/wrapper/dists/gradle-3.3-all/55gk2rcmfc6p2dg9u9ohc3hw9/gradle-3.3/lib/plugins/plexus-interpolation-1.14.jar
7fb30811a000-7fb30811e000 r--s 00033000 08:07 1189152                    /home/chivu/.gradle/wrapper/dists/gradle-3.3-all/55gk2rcmfc6p2dg9u9ohc3hw9/gradle-3.3/lib/plugins/plexus-utils-2.0.6.jar
7fb30811e000-7fb308121000 r--s 00008000 08:07 1189151                    /home/chivu/.gradle/wrapper/dists/gradle-3.3-all/55gk2rcmfc6p2dg9u9ohc3hw9/gradle-3.3/lib/plugins/maven-settings-builder-3.0.4.jar
7fb308121000-7fb308123000 r--s 0000a000 08:07 1189150                    /home/chivu/.gradle/wrapper/dists/gradle-3.3-all/55gk2rcmfc6p2dg9u9ohc3hw9/gradle-3.3/lib/plugins/maven-settings-3.0.4.jar
7fb308123000-7fb308128000 r--s 00040000 08:07 1189136                    /home/chivu/.gradle/wrapper/dists/gradle-3.3-all/55gk2rcmfc6p2dg9u9ohc3hw9/gradle-3.3/lib/plugins/jsch-0.1.53.jar
7fb308128000-7fb308168000 r--s 00277000 08:07 1189146                    /home/chivu/.gradle/wrapper/dists/gradle-3.3-all/55gk2rcmfc6p2dg9u9ohc3hw9/gradle-3.3/lib/plugins/bcprov-jdk15on-1.51.jar
7fb308168000-7fb30816c000 r--s 0001d000 08:07 1189145                    /home/chivu/.gradle/wrapper/dists/gradle-3.3-all/55gk2rcmfc6p2dg9u9ohc3hw9/gradle-3.3/lib/plugins/xbean-reflect-3.4.jar
7fb30816c000-7fb308178000 r--s 0007d000 08:07 1189123                    /home/chivu/.gradle/wrapper/dists/gradle-3.3-all/55gk2rcmfc6p2dg9u9ohc3hw9/gradle-3.3/lib/plugins/maven-core-3.0.4.jar
7fb308178000-7fb30817d000 r--s 00034000 08:07 1189129                    /home/chivu/.gradle/wrapper/dists/gradle-3.3-all/55gk2rcmfc6p2dg9u9ohc3hw9/gradle-3.3/lib/plugins/gson-2.7.jar
7fb30817d000-7fb30818c000 r--s 000d9000 08:07 1189144                    /home/chivu/.gradle/wrapper/dists/gradle-3.3-all/55gk2rcmfc6p2dg9u9ohc3hw9/gradle-3.3/lib/plugins/ivy-2.2.0.jar
7fb30818c000-7fb3081ab000 r--s 000f6000 08:07 1189112                    /home/chivu/.gradle/wrapper/dists/gradle-3.3-all/55gk2rcmfc6p2dg9u9ohc3hw9/gradle-3.3/lib/plugins/gradle-dependency-management-3.3.jar
7fb3081ab000-7fb3081ad000 r--s 00005000 08:07 1189111                    /home/chivu/.gradle/wrapper/dists/gradle-3.3-all/55gk2rcmfc6p2dg9u9ohc3hw9/gradle-3.3/lib/plugins/gradle-workers-3.3.jar
7fb3081ad000-7fb3084ae000 rw-p 00000000 00:00 0 
7fb3084ae000-7fb3084c5000 r-xp 00000000 08:07 1201544                    /home/chivu/Downloads/android-studio-p/jre/jre/lib/amd64/libnet.so
7fb3084c5000-7fb3086c4000 ---p 00017000 08:07 1201544                    /home/chivu/Downloads/android-studio-p/jre/jre/lib/amd64/libnet.so
7fb3086c4000-7fb3086c5000 r--p 00016000 08:07 1201544                    /home/chivu/Downloads/android-studio-p/jre/jre/lib/amd64/libnet.so
7fb3086c5000-7fb3086c6000 rw-p 00017000 08:07 1201544                    /home/chivu/Downloads/android-studio-p/jre/jre/lib/amd64/libnet.so
7fb3086c6000-7fb3086c7000 r--s 00006000 08:07 1189015                    /home/chivu/.gradle/wrapper/dists/gradle-3.3-all/55gk2rcmfc6p2dg9u9ohc3hw9/gradle-3.3/lib/gradle-wrapper-3.3.jar
7fb3086c7000-7fb3086d4000 r--s 00041000 08:07 1189022                    /home/chivu/.gradle/wrapper/dists/gradle-3.3-all/55gk2rcmfc6p2dg9u9ohc3hw9/gradle-3.3/lib/gradle-tooling-api-3.3.jar
7fb3086d4000-7fb3086d6000 r--s 00002000 08:07 1189042                    /home/chivu/.gradle/wrapper/dists/gradle-3.3-all/55gk2rcmfc6p2dg9u9ohc3hw9/gradle-3.3/lib/gradle-open-api-3.3.jar
7fb3086d6000-7fb3086dc000 r--s 00032000 08:07 1189044                    /home/chivu/.gradle/wrapper/dists/gradle-3.3-all/55gk2rcmfc6p2dg9u9ohc3hw9/gradle-3.3/lib/jaxen-1.1.jar
7fb3086dc000-7fb3086e1000 r--s 00048000 08:07 1189043                    /home/chivu/.gradle/wrapper/dists/gradle-3.3-all/55gk2rcmfc6p2dg9u9ohc3hw9/gradle-3.3/lib/dom4j-1.6.1.jar
7fb3086e1000-7fb3086ec000 r--s 00059000 08:07 1189021                    /home/chivu/.gradle/wrapper/dists/gradle-3.3-all/55gk2rcmfc6p2dg9u9ohc3hw9/gradle-3.3/lib/gradle-ui-3.3.jar
7fb3086ec000-7fb3086f5000 r--s 0008c000 08:07 1189013                    /home/chivu/.gradle/wrapper/dists/gradle-3.3-all/55gk2rcmfc6p2dg9u9ohc3hw9/gradle-3.3/lib/kotlin-stdlib-1.1-M02.jar
7fb3086f5000-7fb3086fb000 r--s 0002a000 08:07 1189012                    /home/chivu/.gradle/wrapper/dists/gradle-3.3-all/55gk2rcmfc6p2dg9u9ohc3hw9/gradle-3.3/lib/kotlin-runtime-1.1-M02.jar
7fb3086fb000-7fb30872f000 r--s 00256000 08:07 1189011                    /home/chivu/.gradle/wrapper/dists/gradle-3.3-all/55gk2rcmfc6p2dg9u9ohc3hw9/gradle-3.3/lib/kotlin-reflect-1.1-M02.jar
7fb30872f000-7fb3088c5000 r--s 0157e000 08:07 1189010                    /home/chivu/.gradle/wrapper/dists/gradle-3.3-all/55gk2rcmfc6p2dg9u9ohc3hw9/gradle-3.3/lib/kotlin-compiler-embeddable-1.1-M02.jar
7fb3088c5000-7fb3088cd000 r--s 0004e000 08:07 1189009                    /home/chivu/.gradle/wrapper/dists/gradle-3.3-all/55gk2rcmfc6p2dg9u9ohc3hw9/gradle-3.3/lib/gradle-script-kotlin-0.5.1.jar
7fb3088cd000-7fb3088d0000 r--s 0000b000 08:07 1189040                    /home/chivu/.gradle/wrapper/dists/gradle-3.3-all/55gk2rcmfc6p2dg9u9ohc3hw9/gradle-3.3/lib/gradle-resources-3.3.jar
7fb3088d0000-7fb3088d2000 r--s 00003000 08:07 1189049                    /home/chivu/.gradle/wrapper/dists/gradle-3.3-all/55gk2rcmfc6p2dg9u9ohc3hw9/gradle-3.3/lib/jcl-over-slf4j-1.7.10.jar
7fb3088d2000-7fb3088d3000 r--s 00005000 08:07 1189048                    /home/chivu/.gradle/wrapper/dists/gradle-3.3-all/55gk2rcmfc6p2dg9u9ohc3hw9/gradle-3.3/lib/log4j-over-slf4j-1.7.10.jar
7fb3088d3000-7fb3088d5000 r--s 00000000 08:07 1189047                    /home/chivu/.gradle/wrapper/dists/gradle-3.3-all/55gk2rcmfc6p2dg9u9ohc3hw9/gradle-3.3/lib/jul-to-slf4j-1.7.10.jar
7fb3088d5000-7fb3088da000 r--s 0001e000 08:07 1189024                    /home/chivu/.gradle/wrapper/dists/gradle-3.3-all/55gk2rcmfc6p2dg9u9ohc3hw9/gradle-3.3/lib/gradle-logging-3.3.jar
7fb3088da000-7fb3088dc000 r--s 00007000 08:07 1189068                    /home/chivu/.gradle/wrapper/dists/gradle-3.3-all/55gk2rcmfc6p2dg9u9ohc3hw9/gradle-3.3/lib/objenesis-1.2.jar
7fb3088dc000-7fb3088de000 r--s 00000000 08:07 1189067                    /home/chivu/.gradle/wrapper/dists/gradle-3.3-all/55gk2rcmfc6p2dg9u9ohc3hw9/gradle-3.3/lib/minlog-1.2.jar
7fb3088de000-7fb3088e0000 r--s 0000f000 08:07 1189066                    /home/chivu/.gradle/wrapper/dists/gradle-3.3-all/55gk2rcmfc6p2dg9u9ohc3hw9/gradle-3.3/lib/reflectasm-1.07-shaded.jar
7fb3088e0000-7fb3088e4000 r--s 00026000 08:07 1189051                    /home/chivu/.gradle/wrapper/dists/gradle-3.3-all/55gk2rcmfc6p2dg9u9ohc3hw9/gradle-3.3/lib/kryo-2.20.jar
7fb3088e4000-7fb3088ea000 r--s 00027000 08:07 1189039                    /home/chivu/.gradle/wrapper/dists/gradle-3.3-all/55gk2rcmfc6p2dg9u9ohc3hw9/gradle-3.3/lib/gradle-messaging-3.3.jar
7fb3088ea000-7fb3088eb000 r--s 00001000 08:07 1189065                    /home/chivu/.gradle/wrapper/dists/gradle-3.3-all/55gk2rcmfc6p2dg9u9ohc3hw9/gradle-3.3/lib/native-platform-linux-i386-ncurses6-0.12.jar
7fb3088eb000-7fb3088ec000 r--s 00001000 08:07 1189064                    /home/chivu/.gradle/wrapper/dists/gradle-3.3-all/55gk2rcmfc6p2dg9u9ohc3hw9/gradle-3.3/lib/native-platform-linux-i386-ncurses5-0.12.jar
7fb3088ec000-7fb3088ed000 r--s 00001000 08:07 1189063                    /home/chivu/.gradle/wrapper/dists/gradle-3.3-all/55gk2rcmfc6p2dg9u9ohc3hw9/gradle-3.3/lib/native-platform-linux-amd64-ncurses6-0.12.jar
7fb3088ed000-7fb3088ee000 r--s 00001000 08:07 1189062                    /home/chivu/.gradle/wrapper/dists/gradle-3.3-all/55gk2rcmfc6p2dg9u9ohc3hw9/gradle-3.3/lib/native-platform-linux-amd64-ncurses5-0.12.jar
7fb3088ee000-7fb3088ef000 r--s 0000b000 08:07 1189061                    /home/chivu/.gradle/wrapper/dists/gradle-3.3-all/55gk2rcmfc6p2dg9u9ohc3hw9/gradle-3.3/lib/native-platform-windows-i386-0.12.jar
7fb3088ef000-7fb3088f1000 r--s 0000b000 08:07 1189060                    /home/chivu/.gradle/wrapper/dists/gradle-3.3-all/55gk2rcmfc6p2dg9u9ohc3hw9/gradle-3.3/lib/native-platform-windows-amd64-0.12.jar
7fb3088f1000-7fb3088f3000 r--s 00002000 08:07 1189059                    /home/chivu/.gradle/wrapper/dists/gradle-3.3-all/55gk2rcmfc6p2dg9u9ohc3hw9/gradle-3.3/lib/native-platform-osx-i386-0.12.jar
7fb3088f3000-7fb3088f4000 r--s 00002000 08:07 1189058                    /home/chivu/.gradle/wrapper/dists/gradle-3.3-all/55gk2rcmfc6p2dg9u9ohc3hw9/gradle-3.3/lib/native-platform-osx-amd64-0.12.jar
7fb3088f4000-7fb3088f5000 r--s 00002000 08:07 1189057                    /home/chivu/.gradle/wrapper/dists/gradle-3.3-all/55gk2rcmfc6p2dg9u9ohc3hw9/gradle-3.3/lib/native-platform-linux-i386-0.12.jar
7fb3088f5000-7fb3088f6000 r--s 00002000 08:07 1189056                    /home/chivu/.gradle/wrapper/dists/gradle-3.3-all/55gk2rcmfc6p2dg9u9ohc3hw9/gradle-3.3/lib/native-platform-linux-amd64-0.12.jar
7fb3088f6000-7fb3088f7000 r--s 00003000 08:07 1189055                    /home/chivu/.gradle/wrapper/dists/gradle-3.3-all/55gk2rcmfc6p2dg9u9ohc3hw9/gradle-3.3/lib/native-platform-freebsd-i386-libstdcpp-0.12.jar
7fb3088f7000-7fb308906000 r--s 0007f000 08:07 1189030                    /home/chivu/.gradle/wrapper/dists/gradle-3.3-all/55gk2rcmfc6p2dg9u9ohc3hw9/gradle-3.3/lib/gradle-model-core-3.3.jar
7fb308906000-7fb308976000 r--s 00641000 08:07 1189029                    /home/chivu/.gradle/wrapper/dists/gradle-3.3-all/55gk2rcmfc6p2dg9u9ohc3hw9/gradle-3.3/lib/groovy-all-2.4.7.jar
7fb308976000-7fb30899e000 r--s 001cf000 08:07 1189026                    /home/chivu/.gradle/wrapper/dists/gradle-3.3-all/55gk2rcmfc6p2dg9u9ohc3hw9/gradle-3.3/lib/guava-jdk5-17.0.jar
7fb30899e000-7fb3089bd000 r--s 001d1000 08:07 1189033                    /home/chivu/.gradle/wrapper/dists/gradle-3.3-all/55gk2rcmfc6p2dg9u9ohc3hw9/gradle-3.3/lib/ant-1.9.6.jar
7fb3089bd000-7fb3089fa000 r--s 001f8000 08:07 1189019                    /home/chivu/.gradle/wrapper/dists/gradle-3.3-all/55gk2rcmfc6p2dg9u9ohc3hw9/gradle-3.3/lib/gradle-core-3.3.jar
7fb3089fa000-7fb3089fb000 ---p 00000000 00:00 0 
7fb3089fb000-7fb308afb000 rw-p 00000000 00:00 0 
7fb308afb000-7fb308afe000 ---p 00000000 00:00 0 
7fb308afe000-7fb308bfc000 rw-p 00000000 00:00 0 
7fb308bfc000-7fb308bff000 ---p 00000000 00:00 0 
7fb308bff000-7fb308cfd000 rw-p 00000000 00:00 0 
7fb308cfd000-7fb308d00000 ---p 00000000 00:00 0 
7fb308d00000-7fb308dfe000 rw-p 00000000 00:00 0 
7fb308dfe000-7fb308e01000 ---p 00000000 00:00 0 
7fb308e01000-7fb308eff000 rw-p 00000000 00:00 0 
7fb308eff000-7fb308f02000 ---p 00000000 00:00 0 
7fb308f02000-7fb30c000000 rw-p 00000000 00:00 0 
7fb30c000000-7fb30c027000 rw-p 00000000 00:00 0 
7fb30c027000-7fb310000000 ---p 00000000 00:00 0 
7fb310000000-7fb310034000 rw-p 00000000 00:00 0 
7fb310034000-7fb314000000 ---p 00000000 00:00 0 
7fb314000000-7fb314038000 rw-p 00000000 00:00 0 
7fb314038000-7fb318000000 ---p 00000000 00:00 0 
7fb318000000-7fb318001000 r--s 00004000 08:07 1189054                    /home/chivu/.gradle/wrapper/dists/gradle-3.3-all/55gk2rcmfc6p2dg9u9ohc3hw9/gradle-3.3/lib/native-platform-freebsd-i386-libcpp-0.12.jar
7fb318001000-7fb318003000 r--s 00003000 08:07 1189053                    /home/chivu/.gradle/wrapper/dists/gradle-3.3-all/55gk2rcmfc6p2dg9u9ohc3hw9/gradle-3.3/lib/native-platform-freebsd-amd64-libstdcpp-0.12.jar
7fb318003000-7fb318004000 r--s 00004000 08:07 1189052                    /home/chivu/.gradle/wrapper/dists/gradle-3.3-all/55gk2rcmfc6p2dg9u9ohc3hw9/gradle-3.3/lib/native-platform-freebsd-amd64-libcpp-0.12.jar
7fb318004000-7fb318007000 r--s 00023000 08:07 1189046                    /home/chivu/.gradle/wrapper/dists/gradle-3.3-all/55gk2rcmfc6p2dg9u9ohc3hw9/gradle-3.3/lib/jansi-1.14.jar
7fb318007000-7fb31800b000 r--s 00011000 08:07 1189045                    /home/chivu/.gradle/wrapper/dists/gradle-3.3-all/55gk2rcmfc6p2dg9u9ohc3hw9/gradle-3.3/lib/native-platform-0.12.jar
7fb31800b000-7fb31800e000 r--s 0000a000 08:07 1189023                    /home/chivu/.gradle/wrapper/dists/gradle-3.3-all/55gk2rcmfc6p2dg9u9ohc3hw9/gradle-3.3/lib/gradle-native-3.3.jar
7fb31800e000-7fb31801b000 r--s 00083000 08:07 1189034                    /home/chivu/.gradle/wrapper/dists/gradle-3.3-all/55gk2rcmfc6p2dg9u9ohc3hw9/gradle-3.3/lib/commons-collections-3.2.2.jar
7fb31801b000-7fb3182f3000 r--p 00000000 08:07 1311727                    /usr/lib/locale/locale-archive
7fb3182f3000-7fb3182f6000 ---p 00000000 00:00 0 
7fb3182f6000-7fb3183f4000 rw-p 00000000 00:00 0 
7fb3183f4000-7fb3183f7000 ---p 00000000 00:00 0 
7fb3183f7000-7fb3184f5000 rw-p 00000000 00:00 0 
7fb3184f5000-7fb3184f6000 ---p 00000000 00:00 0 
7fb3184f6000-7fb319000000 rw-p 00000000 00:00 0 
7fb319000000-7fb31ccd0000 rwxp 00000000 00:00 0 
7fb31ccd0000-7fb328000000 ---p 00000000 00:00 0 
7fb328000000-7fb328d55000 rw-p 00000000 00:00 0 
7fb328d55000-7fb32c000000 ---p 00000000 00:00 0 
7fb32c000000-7fb32c002000 r--s 00005000 08:07 1189020                    /home/chivu/.gradle/wrapper/dists/gradle-3.3-all/55gk2rcmfc6p2dg9u9ohc3hw9/gradle-3.3/lib/gradle-cli-3.3.jar
7fb32c002000-7fb32c004000 r--s 00007000 08:07 1189031                    /home/chivu/.gradle/wrapper/dists/gradle-3.3-all/55gk2rcmfc6p2dg9u9ohc3hw9/gradle-3.3/lib/gradle-model-groovy-3.3.jar
7fb32c004000-7fb32c006000 r--s 00006000 08:07 1189038                    /home/chivu/.gradle/wrapper/dists/gradle-3.3-all/55gk2rcmfc6p2dg9u9ohc3hw9/gradle-3.3/lib/gradle-base-services-groovy-3.3.jar
7fb32c006000-7fb32c007000 r--s 00002000 08:07 1189041                    /home/chivu/.gradle/wrapper/dists/gradle-3.3-all/55gk2rcmfc6p2dg9u9ohc3hw9/gradle-3.3/lib/gradle-docs-3.3.jar
7fb32c007000-7fb32c5de000 rw-p 00000000 00:00 0 
7fb32c5de000-7fb32c7ad000 r--s 03c1b000 08:07 1201515                    /home/chivu/Downloads/android-studio-p/jre/jre/lib/rt.jar
7fb32c7ad000-7fb32d323000 rw-p 00000000 00:00 0 
7fb32d323000-7fb32d324000 ---p 00000000 00:00 0 
7fb32d324000-7fb32d424000 rw-p 00000000 00:00 0 
7fb32d424000-7fb32d425000 ---p 00000000 00:00 0 
7fb32d425000-7fb32d525000 rw-p 00000000 00:00 0 
7fb32d525000-7fb32d526000 ---p 00000000 00:00 0 
7fb32d526000-7fb32d626000 rw-p 00000000 00:00 0 
7fb32d626000-7fb32d627000 ---p 00000000 00:00 0 
7fb32d627000-7fb32d791000 rw-p 00000000 00:00 0 
7fb32d791000-7fb32d927000 ---p 00000000 00:00 0 
7fb32d927000-7fb32d991000 rw-p 00000000 00:00 0 
7fb32d991000-7fb32db27000 ---p 00000000 00:00 0 
7fb32db27000-7fb32dc27000 rw-p 00000000 00:00 0 
7fb32dc27000-7fb32dd1c000 rw-p 00000000 00:00 0 
7fb32dd1c000-7fb32dfe8000 ---p 00000000 00:00 0 
7fb32dfe8000-7fb32e002000 r-xp 00000000 08:07 1201530                    /home/chivu/Downloads/android-studio-p/jre/jre/lib/amd64/libzip.so
7fb32e002000-7fb32e202000 ---p 0001a000 08:07 1201530                    /home/chivu/Downloads/android-studio-p/jre/jre/lib/amd64/libzip.so
7fb32e202000-7fb32e203000 r--p 0001a000 08:07 1201530                    /home/chivu/Downloads/android-studio-p/jre/jre/lib/amd64/libzip.so
7fb32e203000-7fb32e204000 rw-p 0001b000 08:07 1201530                    /home/chivu/Downloads/android-studio-p/jre/jre/lib/amd64/libzip.so
7fb32e204000-7fb32e20f000 r-xp 00000000 08:07 541944                     /lib/x86_64-linux-gnu/libnss_files-2.23.so
7fb32e20f000-7fb32e40e000 ---p 0000b000 08:07 541944                     /lib/x86_64-linux-gnu/libnss_files-2.23.so
7fb32e40e000-7fb32e40f000 r--p 0000a000 08:07 541944                     /lib/x86_64-linux-gnu/libnss_files-2.23.so
7fb32e40f000-7fb32e410000 rw-p 0000b000 08:07 541944                     /lib/x86_64-linux-gnu/libnss_files-2.23.so
7fb32e410000-7fb32e416000 rw-p 00000000 00:00 0 
7fb32e416000-7fb32e421000 r-xp 00000000 08:07 541937                     /lib/x86_64-linux-gnu/libnss_nis-2.23.so
7fb32e421000-7fb32e620000 ---p 0000b000 08:07 541937                     /lib/x86_64-linux-gnu/libnss_nis-2.23.so
7fb32e620000-7fb32e621000 r--p 0000a000 08:07 541937                     /lib/x86_64-linux-gnu/libnss_nis-2.23.so
7fb32e621000-7fb32e622000 rw-p 0000b000 08:07 541937                     /lib/x86_64-linux-gnu/libnss_nis-2.23.so
7fb32e622000-7fb32e638000 r-xp 00000000 08:07 541939                     /lib/x86_64-linux-gnu/libnsl-2.23.so
7fb32e638000-7fb32e837000 ---p 00016000 08:07 541939                     /lib/x86_64-linux-gnu/libnsl-2.23.so
7fb32e837000-7fb32e838000 r--p 00015000 08:07 541939                     /lib/x86_64-linux-gnu/libnsl-2.23.so
7fb32e838000-7fb32e839000 rw-p 00016000 08:07 541939                     /lib/x86_64-linux-gnu/libnsl-2.23.so
7fb32e839000-7fb32e83b000 rw-p 00000000 00:00 0 
7fb32e83b000-7fb32e843000 r-xp 00000000 08:07 541946                     /lib/x86_64-linux-gnu/libnss_compat-2.23.so
7fb32e843000-7fb32ea42000 ---p 00008000 08:07 541946                     /lib/x86_64-linux-gnu/libnss_compat-2.23.so
7fb32ea42000-7fb32ea43000 r--p 00007000 08:07 541946                     /lib/x86_64-linux-gnu/libnss_compat-2.23.so
7fb32ea43000-7fb32ea44000 rw-p 00008000 08:07 541946                     /lib/x86_64-linux-gnu/libnss_compat-2.23.so
7fb32ea44000-7fb32ea71000 r-xp 00000000 08:07 1201547                    /home/chivu/Downloads/android-studio-p/jre/jre/lib/amd64/libjava.so
7fb32ea71000-7fb32ec70000 ---p 0002d000 08:07 1201547                    /home/chivu/Downloads/android-studio-p/jre/jre/lib/amd64/libjava.so
7fb32ec70000-7fb32ec71000 r--p 0002c000 08:07 1201547                    /home/chivu/Downloads/android-studio-p/jre/jre/lib/amd64/libjava.so
7fb32ec71000-7fb32ec73000 rw-p 0002d000 08:07 1201547                    /home/chivu/Downloads/android-studio-p/jre/jre/lib/amd64/libjava.so
7fb32ec73000-7fb32ec83000 r-xp 00000000 08:07 1201520                    /home/chivu/Downloads/android-studio-p/jre/jre/lib/amd64/libverify.so
7fb32ec83000-7fb32ee82000 ---p 00010000 08:07 1201520                    /home/chivu/Downloads/android-studio-p/jre/jre/lib/amd64/libverify.so
7fb32ee82000-7fb32ee84000 r--p 0000f000 08:07 1201520                    /home/chivu/Downloads/android-studio-p/jre/jre/lib/amd64/libverify.so
7fb32ee84000-7fb32ee85000 rw-p 00011000 08:07 1201520                    /home/chivu/Downloads/android-studio-p/jre/jre/lib/amd64/libverify.so
7fb32ee85000-7fb32ee8c000 r-xp 00000000 08:07 541947                     /lib/x86_64-linux-gnu/librt-2.23.so
7fb32ee8c000-7fb32f08b000 ---p 00007000 08:07 541947                     /lib/x86_64-linux-gnu/librt-2.23.so
7fb32f08b000-7fb32f08c000 r--p 00006000 08:07 541947                     /lib/x86_64-linux-gnu/librt-2.23.so
7fb32f08c000-7fb32f08d000 rw-p 00007000 08:07 541947                     /lib/x86_64-linux-gnu/librt-2.23.so
7fb32f08d000-7fb32f195000 r-xp 00000000 08:07 541938                     /lib/x86_64-linux-gnu/libm-2.23.so
7fb32f195000-7fb32f394000 ---p 00108000 08:07 541938                     /lib/x86_64-linux-gnu/libm-2.23.so
7fb32f394000-7fb32f395000 r--p 00107000 08:07 541938                     /lib/x86_64-linux-gnu/libm-2.23.so
7fb32f395000-7fb32f396000 rw-p 00108000 08:07 541938                     /lib/x86_64-linux-gnu/libm-2.23.so
7fb32f396000-7fb32ff87000 r-xp 00000000 08:07 1201528                    /home/chivu/Downloads/android-studio-p/jre/jre/lib/amd64/server/libjvm.so
7fb32ff87000-7fb330187000 ---p 00bf1000 08:07 1201528                    /home/chivu/Downloads/android-studio-p/jre/jre/lib/amd64/server/libjvm.so
7fb330187000-7fb330226000 r--p 00bf1000 08:07 1201528                    /home/chivu/Downloads/android-studio-p/jre/jre/lib/amd64/server/libjvm.so
7fb330226000-7fb33024f000 rw-p 00c90000 08:07 1201528                    /home/chivu/Downloads/android-studio-p/jre/jre/lib/amd64/server/libjvm.so
7fb33024f000-7fb330293000 rw-p 00000000 00:00 0 
7fb330293000-7fb3302ab000 r-xp 00000000 08:07 541951                     /lib/x86_64-linux-gnu/libpthread-2.23.so
7fb3302ab000-7fb3304aa000 ---p 00018000 08:07 541951                     /lib/x86_64-linux-gnu/libpthread-2.23.so
7fb3304aa000-7fb3304ab000 r--p 00017000 08:07 541951                     /lib/x86_64-linux-gnu/libpthread-2.23.so
7fb3304ab000-7fb3304ac000 rw-p 00018000 08:07 541951                     /lib/x86_64-linux-gnu/libpthread-2.23.so
7fb3304ac000-7fb3304b0000 rw-p 00000000 00:00 0 
7fb3304b0000-7fb3304b3000 r-xp 00000000 08:07 541936                     /lib/x86_64-linux-gnu/libdl-2.23.so
7fb3304b3000-7fb3306b2000 ---p 00003000 08:07 541936                     /lib/x86_64-linux-gnu/libdl-2.23.so
7fb3306b2000-7fb3306b3000 r--p 00002000 08:07 541936                     /lib/x86_64-linux-gnu/libdl-2.23.so
7fb3306b3000-7fb3306b4000 rw-p 00003000 08:07 541936                     /lib/x86_64-linux-gnu/libdl-2.23.so
7fb3306b4000-7fb330873000 r-xp 00000000 08:07 541940                     /lib/x86_64-linux-gnu/libc-2.23.so
7fb330873000-7fb330a73000 ---p 001bf000 08:07 541940                     /lib/x86_64-linux-gnu/libc-2.23.so
7fb330a73000-7fb330a77000 r--p 001bf000 08:07 541940                     /lib/x86_64-linux-gnu/libc-2.23.so
7fb330a77000-7fb330a79000 rw-p 001c3000 08:07 541940                     /lib/x86_64-linux-gnu/libc-2.23.so
7fb330a79000-7fb330a7d000 rw-p 00000000 00:00 0 
7fb330a7d000-7fb330a93000 r-xp 00000000 08:07 1201477                    /home/chivu/Downloads/android-studio-p/jre/lib/amd64/jli/libjli.so
7fb330a93000-7fb330c92000 ---p 00016000 08:07 1201477                    /home/chivu/Downloads/android-studio-p/jre/lib/amd64/jli/libjli.so
7fb330c92000-7fb330c93000 r--p 00015000 08:07 1201477                    /home/chivu/Downloads/android-studio-p/jre/lib/amd64/jli/libjli.so
7fb330c93000-7fb330c94000 rw-p 00016000 08:07 1201477                    /home/chivu/Downloads/android-studio-p/jre/lib/amd64/jli/libjli.so
7fb330c94000-7fb330cba000 r-xp 00000000 08:07 541941                     /lib/x86_64-linux-gnu/ld-2.23.so
7fb330cba000-7fb330cbb000 r--s 00000000 08:07 1189037                    /home/chivu/.gradle/wrapper/dists/gradle-3.3-all/55gk2rcmfc6p2dg9u9ohc3hw9/gradle-3.3/lib/javax.inject-1.jar
7fb330cbb000-7fb330cbc000 r--s 00000000 08:07 1189036                    /home/chivu/.gradle/wrapper/dists/gradle-3.3-all/55gk2rcmfc6p2dg9u9ohc3hw9/gradle-3.3/lib/jcip-annotations-1.0.jar
7fb330cbc000-7fb330cc0000 r--s 00027000 08:07 1189035                    /home/chivu/.gradle/wrapper/dists/gradle-3.3-all/55gk2rcmfc6p2dg9u9ohc3hw9/gradle-3.3/lib/commons-io-2.2.jar
7fb330cc0000-7fb330cc5000 r--s 00038000 08:07 1189032                    /home/chivu/.gradle/wrapper/dists/gradle-3.3-all/55gk2rcmfc6p2dg9u9ohc3hw9/gradle-3.3/lib/asm-all-5.1.jar
7fb330cc5000-7fb330cc6000 r--s 00001000 08:07 1189028                    /home/chivu/.gradle/wrapper/dists/gradle-3.3-all/55gk2rcmfc6p2dg9u9ohc3hw9/gradle-3.3/lib/gradle-process-services-3.3.jar
7fb330cc6000-7fb330ccb000 r--s 00041000 08:07 1189027                    /home/chivu/.gradle/wrapper/dists/gradle-3.3-all/55gk2rcmfc6p2dg9u9ohc3hw9/gradle-3.3/lib/commons-lang-2.6.jar
7fb330ccb000-7fb330cd4000 r--s 00042000 08:07 1189017                    /home/chivu/.gradle/wrapper/dists/gradle-3.3-all/55gk2rcmfc6p2dg9u9ohc3hw9/gradle-3.3/lib/gradle-base-services-3.3.jar
7fb330cd4000-7fb330d96000 rw-p 00000000 00:00 0 
7fb330d96000-7fb330d99000 ---p 00000000 00:00 0 
7fb330d99000-7fb330e9b000 rw-p 00000000 00:00 0 
7fb330e9b000-7fb330e9d000 r--s 00000000 08:07 1189018                    /home/chivu/.gradle/wrapper/dists/gradle-3.3-all/55gk2rcmfc6p2dg9u9ohc3hw9/gradle-3.3/lib/gradle-jvm-services-3.3.jar
7fb330e9d000-7fb330e9e000 r--s 00000000 08:07 1189183                    /home/chivu/.gradle/wrapper/dists/gradle-3.3-all/55gk2rcmfc6p2dg9u9ohc3hw9/gradle-3.3/lib/gradle-version-info-3.3.jar
7fb330e9e000-7fb330e9f000 r--s 00007000 08:07 1189025                    /home/chivu/.gradle/wrapper/dists/gradle-3.3-all/55gk2rcmfc6p2dg9u9ohc3hw9/gradle-3.3/lib/slf4j-api-1.7.10.jar
7fb330e9f000-7fb330ea0000 r--s 00004000 08:07 1189050                    /home/chivu/.gradle/wrapper/dists/gradle-3.3-all/55gk2rcmfc6p2dg9u9ohc3hw9/gradle-3.3/lib/ant-launcher-1.9.6.jar
7fb330ea0000-7fb330ead000 r--s 0005c000 08:07 1189014                    /home/chivu/.gradle/wrapper/dists/gradle-3.3-all/55gk2rcmfc6p2dg9u9ohc3hw9/gradle-3.3/lib/gradle-launcher-3.3.jar
7fb330ead000-7fb330eb5000 rw-s 00000000 08:07 262185                     /tmp/hsperfdata_chivu/3689
7fb330eb5000-7fb330eb6000 rw-p 00000000 00:00 0 
7fb330eb6000-7fb330eb7000 ---p 00000000 00:00 0 
7fb330eb7000-7fb330eb9000 rw-p 00000000 00:00 0 
7fb330eb9000-7fb330eba000 r--p 00025000 08:07 541941                     /lib/x86_64-linux-gnu/ld-2.23.so
7fb330eba000-7fb330ebb000 rw-p 00026000 08:07 541941                     /lib/x86_64-linux-gnu/ld-2.23.so
7fb330ebb000-7fb330ebc000 rw-p 00000000 00:00 0 
7ffe0238d000-7ffe023ae000 rw-p 00000000 00:00 0                          [stack]
7ffe023e9000-7ffe023eb000 r--p 00000000 00:00 0                          [vvar]
7ffe023eb000-7ffe023ed000 r-xp 00000000 00:00 0                          [vdso]
ffffffffff600000-ffffffffff601000 r-xp 00000000 00:00 0                  [vsyscall]

VM Arguments:
jvm_args: -Xmx1536m -Dfile.encoding=UTF-8 -Duser.country=IN -Duser.language=en -Duser.variant 
java_command: org.gradle.launcher.daemon.bootstrap.GradleDaemon 3.3
java_class_path (initial): /home/chivu/.gradle/wrapper/dists/gradle-3.3-all/55gk2rcmfc6p2dg9u9ohc3hw9/gradle-3.3/lib/gradle-launcher-3.3.jar
Launcher Type: SUN_STANDARD

Environment Variables:
JAVA_HOME=/usr/lib/jvm/java-8-oracle
PATH=/home/chivu/bin:/home/chivu/.local/bin:/usr/local/sbin:/usr/local/bin:/usr/sbin:/usr/bin:/sbin:/bin:/usr/games:/usr/local/games:/snap/bin:/usr/lib/jvm/java-8-oracle/bin:/usr/lib/jvm/java-8-oracle/db/bin:/usr/lib/jvm/java-8-oracle/jre/bin
LD_LIBRARY_PATH=/home/chivu/Downloads/android-studio-p/bin:
SHELL=/bin/bash
DISPLAY=:0

Signal Handlers:
SIGSEGV: [libjvm.so+0x9e5150], sa_mask[0]=11111111011111111101111111111110, sa_flags=SA_RESTART|SA_SIGINFO
SIGBUS: [libjvm.so+0x9e5150], sa_mask[0]=11111111011111111101111111111110, sa_flags=SA_RESTART|SA_SIGINFO
SIGFPE: [libjvm.so+0x848450], sa_mask[0]=11111111011111111101111111111110, sa_flags=SA_RESTART|SA_SIGINFO
SIGPIPE: [libjvm.so+0x848450], sa_mask[0]=11111111011111111101111111111110, sa_flags=SA_RESTART|SA_SIGINFO
SIGXFSZ: [libjvm.so+0x848450], sa_mask[0]=11111111011111111101111111111110, sa_flags=SA_RESTART|SA_SIGINFO
SIGILL: [libjvm.so+0x848450], sa_mask[0]=11111111011111111101111111111110, sa_flags=SA_RESTART|SA_SIGINFO
SIGUSR1: SIG_DFL, sa_mask[0]=00000000000000000000000000000000, sa_flags=none
SIGUSR2: [libjvm.so+0x848320], sa_mask[0]=00100000000000000000000000000000, sa_flags=SA_RESTART|SA_SIGINFO
SIGHUP: [libjvm.so+0x848510], sa_mask[0]=11111111011111111101111111111110, sa_flags=SA_RESTART|SA_SIGINFO
SIGINT: [libjvm.so+0x848510], sa_mask[0]=11111111011111111101111111111110, sa_flags=SA_RESTART|SA_SIGINFO
SIGTERM: [libjvm.so+0x848510], sa_mask[0]=11111111011111111101111111111110, sa_flags=SA_RESTART|SA_SIGINFO
SIGQUIT: [libjvm.so+0x848510], sa_mask[0]=11111111011111111101111111111110, sa_flags=SA_RESTART|SA_SIGINFO


---------------  S Y S T E M  ---------------

OS:DISTRIB_ID=Ubuntu
DISTRIB_RELEASE=16.04
DISTRIB_CODENAME=xenial
DISTRIB_DESCRIPTION="Ubuntu 16.04.2 LTS"

uname:Linux 4.4.0-79-generic #100-Ubuntu SMP Wed May 17 19:58:14 UTC 2017 x86_64
libc:glibc 2.23 NPTL 2.23 
rlimit: STACK 8192k, CORE 0k, NPROC 15361, NOFILE 65536, AS infinity
load average:2.85 1.63 1.58

/proc/meminfo:
MemTotal:        3972820 kB
MemFree:          116824 kB
MemAvailable:      48936 kB
Buffers:            4288 kB
Cached:           244340 kB
SwapCached:          928 kB
Active:          2682620 kB
Inactive:        1013012 kB
Active(anon):    2645944 kB
Inactive(anon):   979180 kB
Active(file):      36676 kB
Inactive(file):    33832 kB
Unevictable:         136 kB
Mlocked:             136 kB
SwapTotal:          1020 kB
SwapFree:              0 kB
Dirty:              6584 kB
Writeback:             0 kB
AnonPages:       3446524 kB
Mapped:            89424 kB
Shmem:            177860 kB
Slab:              74000 kB
SReclaimable:      38716 kB
SUnreclaim:        35284 kB
KernelStack:        9456 kB
PageTables:        33984 kB
NFS_Unstable:          0 kB
Bounce:                0 kB
WritebackTmp:          0 kB
CommitLimit:     1987428 kB
Committed_AS:    7177608 kB
VmallocTotal:   34359738367 kB
VmallocUsed:           0 kB
VmallocChunk:          0 kB
HardwareCorrupted:     0 kB
AnonHugePages:   1560576 kB
CmaTotal:              0 kB
CmaFree:               0 kB
HugePages_Total:       0
HugePages_Free:        0
HugePages_Rsvd:        0
HugePages_Surp:        0
Hugepagesize:       2048 kB
DirectMap4k:      150272 kB
DirectMap2M:     3971072 kB
DirectMap1G:     1048576 kB


CPU:total 4 (2 cores per cpu, 2 threads per core) family 6 model 69 stepping 1, cmov, cx8, fxsr, mmx, sse, sse2, sse3, ssse3, sse4.1, sse4.2, popcnt, avx, avx2, aes, clmul, erms, lzcnt, ht, tsc, tscinvbit, bmi1, bmi2

/proc/cpuinfo:
processor	: 0
vendor_id	: GenuineIntel
cpu family	: 6
model		: 69
model name	: Intel(R) Core(TM) i3-4030U CPU @ 1.90GHz
stepping	: 1
microcode	: 0x1d
cpu MHz		: 1799.953
cache size	: 3072 KB
physical id	: 0
siblings	: 4
core id		: 0
cpu cores	: 2
apicid		: 0
initial apicid	: 0
fpu		: yes
fpu_exception	: yes
cpuid level	: 13
wp		: yes
flags		: fpu vme de pse tsc msr pae mce cx8 apic sep mtrr pge mca cmov pat pse36 clflush dts acpi mmx fxsr sse sse2 ss ht tm pbe syscall nx pdpe1gb rdtscp lm constant_tsc arch_perfmon pebs bts rep_good nopl xtopology nonstop_tsc aperfmperf eagerfpu pni pclmulqdq dtes64 monitor ds_cpl vmx est tm2 ssse3 sdbg fma cx16 xtpr pdcm pcid sse4_1 sse4_2 x2apic movbe popcnt tsc_deadline_timer aes xsave avx f16c rdrand lahf_lm abm epb tpr_shadow vnmi flexpriority ept vpid fsgsbase tsc_adjust bmi1 avx2 smep bmi2 erms invpcid xsaveopt dtherm arat pln pts
bugs		:
bogomips	: 3791.02
clflush size	: 64
cache_alignment	: 64
address sizes	: 39 bits physical, 48 bits virtual
power management:

processor	: 1
vendor_id	: GenuineIntel
cpu family	: 6
model		: 69
model name	: Intel(R) Core(TM) i3-4030U CPU @ 1.90GHz
stepping	: 1
microcode	: 0x1d
cpu MHz		: 1799.953
cache size	: 3072 KB
physical id	: 0
siblings	: 4
core id		: 0
cpu cores	: 2
apicid		: 1
initial apicid	: 1
fpu		: yes
fpu_exception	: yes
cpuid level	: 13
wp		: yes
flags		: fpu vme de pse tsc msr pae mce cx8 apic sep mtrr pge mca cmov pat pse36 clflush dts acpi mmx fxsr sse sse2 ss ht tm pbe syscall nx pdpe1gb rdtscp lm constant_tsc arch_perfmon pebs bts rep_good nopl xtopology nonstop_tsc aperfmperf eagerfpu pni pclmulqdq dtes64 monitor ds_cpl vmx est tm2 ssse3 sdbg fma cx16 xtpr pdcm pcid sse4_1 sse4_2 x2apic movbe popcnt tsc_deadline_timer aes xsave avx f16c rdrand lahf_lm abm epb tpr_shadow vnmi flexpriority ept vpid fsgsbase tsc_adjust bmi1 avx2 smep bmi2 erms invpcid xsaveopt dtherm arat pln pts
bugs		:
bogomips	: 3791.02
clflush size	: 64
cache_alignment	: 64
address sizes	: 39 bits physical, 48 bits virtual
power management:

processor	: 2
vendor_id	: GenuineIntel
cpu family	: 6
model		: 69
model name	: Intel(R) Core(TM) i3-4030U CPU @ 1.90GHz
stepping	: 1
microcode	: 0x1d
cpu MHz		: 1800.101
cache size	: 3072 KB
physical id	: 0
siblings	: 4
core id		: 1
cpu cores	: 2
apicid		: 2
initial apicid	: 2
fpu		: yes
fpu_exception	: yes
cpuid level	: 13
wp		: yes
flags		: fpu vme de pse tsc msr pae mce cx8 apic sep mtrr pge mca cmov pat pse36 clflush dts acpi mmx fxsr sse sse2 ss ht tm pbe syscall nx pdpe1gb rdtscp lm constant_tsc arch_perfmon pebs bts rep_good nopl xtopology nonstop_tsc aperfmperf eagerfpu pni pclmulqdq dtes64 monitor ds_cpl vmx est tm2 ssse3 sdbg fma cx16 xtpr pdcm pcid sse4_1 sse4_2 x2apic movbe popcnt tsc_deadline_timer aes xsave avx f16c rdrand lahf_lm abm epb tpr_shadow vnmi flexpriority ept vpid fsgsbase tsc_adjust bmi1 avx2 smep bmi2 erms invpcid xsaveopt dtherm arat pln pts
bugs		:
bogomips	: 3791.02
clflush size	: 64
cache_alignment	: 64
address sizes	: 39 bits physical, 48 bits virtual
power management:

processor	: 3
vendor_id	: GenuineIntel
cpu family	: 6
model		: 69
model name	: Intel(R) Core(TM) i3-4030U CPU @ 1.90GHz
stepping	: 1
microcode	: 0x1d
cpu MHz		: 1799.953
cache size	: 3072 KB
physical id	: 0
siblings	: 4
core id		: 1
cpu cores	: 2
apicid		: 3
initial apicid	: 3
fpu		: yes
fpu_exception	: yes
cpuid level	: 13
wp		: yes
flags		: fpu vme de pse tsc msr pae mce cx8 apic sep mtrr pge mca cmov pat pse36 clflush dts acpi mmx fxsr sse sse2 ss ht tm pbe syscall nx pdpe1gb rdtscp lm constant_tsc arch_perfmon pebs bts rep_good nopl xtopology nonstop_tsc aperfmperf eagerfpu pni pclmulqdq dtes64 monitor ds_cpl vmx est tm2 ssse3 sdbg fma cx16 xtpr pdcm pcid sse4_1 sse4_2 x2apic movbe popcnt tsc_deadline_timer aes xsave avx f16c rdrand lahf_lm abm epb tpr_shadow vnmi flexpriority ept vpid fsgsbase tsc_adjust bmi1 avx2 smep bmi2 erms invpcid xsaveopt dtherm arat pln pts
bugs		:
bogomips	: 3791.02
clflush size	: 64
cache_alignment	: 64
address sizes	: 39 bits physical, 48 bits virtual
power management:



Memory: 4k page, physical 3972820k(116824k free), swap 1020k(0k free)

vm_info: OpenJDK 64-Bit Server VM (25.112-b06) for linux-amd64 JRE (1.8.0_112-release-b06), built on Dec  6 2016 12:11:18 by "builder" with gcc 4.8.4

time: Wed Jul 19 13:50:39 2017
elapsed time: 2786 seconds (0d 0h 46m 26s)

