#
# There is insufficient memory for the Java Runtime Environment to continue.
# Native memory allocation (mmap) failed to map 167772160 bytes for committing reserved memory.
# Possible reasons:
#   The system is out of physical RAM or swap space
#   In 32 bit mode, the process size limit was hit
# Possible solutions:
#   Reduce memory load on the system
#   Increase physical memory or swap space
#   Check if swap backing store is full
#   Use 64 bit Java on a 64 bit OS
#   Decrease Java heap size (-Xmx/-Xms)
#   Decrease number of Java threads
#   Decrease Java thread stack sizes (-Xss)
#   Set larger code cache with -XX:ReservedCodeCacheSize=
# This output file may be truncated or incomplete.
#
#  Out of Memory Error (os_linux.cpp:2627), pid=3150, tid=0x00007fa5ad36f700
#
# JRE version: OpenJDK Runtime Environment (8.0_112-b06) (build 1.8.0_112-release-b06)
# Java VM: OpenJDK 64-Bit Server VM (25.112-b06 mixed mode linux-amd64 compressed oops)
# Failed to write core dump. Core dumps have been disabled. To enable core dumping, try "ulimit -c unlimited" before starting Java again
#

---------------  T H R E A D  ---------------

Current thread (0x00007fa5c0077800):  VMThread [stack: 0x00007fa5ad26f000,0x00007fa5ad370000] [id=3159]

Stack: [0x00007fa5ad26f000,0x00007fa5ad370000],  sp=0x00007fa5ad36e4d0,  free space=1021k
Native frames: (J=compiled Java code, j=interpreted, Vv=VM code, C=native code)
V  [libjvm.so+0x9e465d]  VMError::report_and_die()+0x15d
V  [libjvm.so+0x4b6ada]  report_vm_out_of_memory(char const*, int, unsigned long, VMErrorType, char const*)+0x8a
V  [libjvm.so+0x84c860]  os::pd_commit_memory(char*, unsigned long, unsigned long, bool)+0xf0
V  [libjvm.so+0x84737f]  os::commit_memory(char*, unsigned long, unsigned long, bool)+0x1f
V  [libjvm.so+0x8bd3db]  PSVirtualSpace::expand_by(unsigned long)+0x5b
V  [libjvm.so+0x8ae1bb]  PSOldGen::expand_by(unsigned long) [clone .part.109]+0x1b
V  [libjvm.so+0x8ae37b]  PSOldGen::expand(unsigned long) [clone .part.111]+0xdb
V  [libjvm.so+0x8aec58]  PSOldGen::resize(unsigned long)+0x188
V  [libjvm.so+0x8b426c]  PSParallelCompact::invoke_no_policy(bool)+0x97c
V  [libjvm.so+0x8bb37d]  PSScavenge::invoke()+0x17d
V  [libjvm.so+0x86fcf3]  ParallelScavengeHeap::failed_mem_allocate(unsigned long)+0x63
V  [libjvm.so+0x9e6124]  VM_ParallelGCFailedAllocation::doit()+0x84
V  [libjvm.so+0x9ea537]  VM_Operation::evaluate()+0x47
V  [libjvm.so+0x9e8ff8]  VMThread::evaluate_operation(VM_Operation*)+0x2c8
V  [libjvm.so+0x9e9479]  VMThread::loop()+0x219
V  [libjvm.so+0x9e98c2]  VMThread::run()+0x72
V  [libjvm.so+0x849c82]  java_start(Thread*)+0xf2

VM_Operation (0x00007fa5477fa0c0): ParallelGCFailedAllocation, mode: safepoint, requested by thread 0x00007fa538056000


---------------  P R O C E S S  ---------------

Java Threads: ( => current thread )
  0x00007fa53805b000 JavaThread "pool-5-thread-4" [_thread_blocked, id=3210, stack(0x00007fa547424000,0x00007fa547525000)]
  0x00007fa538059800 JavaThread "pool-5-thread-3" [_thread_blocked, id=3209, stack(0x00007fa547525000,0x00007fa547626000)]
  0x00007fa538058800 JavaThread "pool-5-thread-2" [_thread_blocked, id=3208, stack(0x00007fa5478fd000,0x00007fa5479fe000)]
  0x00007fa538057800 JavaThread "pool-6-thread-1" [_thread_blocked, id=3207, stack(0x00007fa5477fc000,0x00007fa5478fd000)]
  0x00007fa538056000 JavaThread "pool-5-thread-1" [_thread_blocked, id=3206, stack(0x00007fa5476fb000,0x00007fa5477fc000)]
  0x00007fa55915f000 JavaThread "pool-3-thread-1" [_thread_blocked, id=3205, stack(0x00007fa5479fe000,0x00007fa547aff000)]
  0x00007fa558b95000 JavaThread "Cache update executor" [_thread_blocked, id=3184, stack(0x00007fa547eff000,0x00007fa548000000)]
  0x00007fa5585a9000 JavaThread "pool-2-thread-1" [_thread_blocked, id=3181, stack(0x00007fa5a5058000,0x00007fa5a5159000)]
  0x00007fa5589d7800 JavaThread "File lock request listener" [_thread_in_native, id=3180, stack(0x00007fa5a589f000,0x00007fa5a59a0000)]
  0x00007fa55885d000 JavaThread "process reaper" daemon [_thread_blocked, id=3179, stack(0x00007fa5a6004000,0x00007fa5a603d000)]
  0x00007fa558006000 JavaThread "Asynchronous log dispatcher for DefaultDaemonConnection: socket connection from /127.0.0.1:35374 to /127.0.0.1:35970" [_thread_blocked, id=3175, stack(0x00007fa5a65b8000,0x00007fa5a66b9000)]
  0x00007fa568007000 JavaThread "Daemon worker" [_thread_blocked, id=3173, stack(0x00007fa5a66b9000,0x00007fa5a67ba000)]
  0x00007fa568004800 JavaThread "Cancel handler" [_thread_blocked, id=3172, stack(0x00007fa5a67ba000,0x00007fa5a68bb000)]
  0x00007fa5c0c8d800 JavaThread "pool-1-thread-1" [_thread_blocked, id=3171, stack(0x00007fa5a68bb000,0x00007fa5a69bc000)]
  0x00007fa568005800 JavaThread "Handler for socket connection from /127.0.0.1:35374 to /127.0.0.1:35970" [_thread_in_native, id=3170, stack(0x00007fa5a6bbc000,0x00007fa5a6cbd000)]
  0x00007fa57403b000 JavaThread "Daemon" [_thread_blocked, id=3169, stack(0x00007fa5a6cbd000,0x00007fa5a6dbe000)]
  0x00007fa5c0c2d800 JavaThread "Incoming local TCP Connector on port 35374" [_thread_in_native, id=3168, stack(0x00007fa5a6fc5000,0x00007fa5a70c6000)]
  0x00007fa5c00d1800 JavaThread "Service Thread" daemon [_thread_blocked, id=3166, stack(0x00007fa5ac890000,0x00007fa5ac991000)]
  0x00007fa5c00bc800 JavaThread "C1 CompilerThread2" daemon [_thread_blocked, id=3165, stack(0x00007fa5ac991000,0x00007fa5aca92000)]
  0x00007fa5c00ba800 JavaThread "C2 CompilerThread1" daemon [_thread_blocked, id=3164, stack(0x00007fa5aca92000,0x00007fa5acb93000)]
  0x00007fa5c00b7800 JavaThread "C2 CompilerThread0" daemon [_thread_blocked, id=3163, stack(0x00007fa5acb93000,0x00007fa5acc94000)]
  0x00007fa5c00b6800 JavaThread "Signal Dispatcher" daemon [_thread_blocked, id=3162, stack(0x00007fa5acc94000,0x00007fa5acd95000)]
  0x00007fa5c0083800 JavaThread "Finalizer" daemon [_thread_blocked, id=3161, stack(0x00007fa5ad06d000,0x00007fa5ad16e000)]
  0x00007fa5c007f000 JavaThread "Reference Handler" daemon [_thread_blocked, id=3160, stack(0x00007fa5ad16e000,0x00007fa5ad26f000)]
  0x00007fa5c000a000 JavaThread "main" [_thread_blocked, id=3154, stack(0x00007fa5c8b12000,0x00007fa5c8c13000)]

Other Threads:
=>0x00007fa5c0077800 VMThread [stack: 0x00007fa5ad26f000,0x00007fa5ad370000] [id=3159]
  0x00007fa5c00d4000 WatcherThread [stack: 0x00007fa5ac78f000,0x00007fa5ac890000] [id=3167]

VM state:at safepoint (normal execution)

VM Mutex/Monitor currently owned by a thread:  ([mutex/lock_event])
[0x00007fa5c0005df0] ExpandHeap_lock - owner thread: 0x00007fa5c0077800
[0x00007fa5c0006470] Threads_lock - owner thread: 0x00007fa5c0077800
[0x00007fa5c0006970] Heap_lock - owner thread: 0x00007fa538056000

Heap:
 PSYoungGen      total 349696K, used 0K [0x00000000e0000000, 0x0000000100000000, 0x0000000100000000)
  eden space 175104K, 0% used [0x00000000e0000000,0x00000000e0000000,0x00000000eab00000)
  from space 174592K, 0% used [0x00000000f5580000,0x00000000f5580000,0x0000000100000000)
  to   space 174592K, 0% used [0x00000000eab00000,0x00000000eab00000,0x00000000f5580000)
 ParOldGen       total 884736K, used 832950K [0x00000000a0000000, 0x00000000d6000000, 0x00000000e0000000)
  object space 884736K, 94% used [0x00000000a0000000,0x00000000d2d6db18,0x00000000d6000000)
 Metaspace       used 56169K, capacity 57908K, committed 58288K, reserved 1099776K
  class space    used 7433K, capacity 7793K, committed 7856K, reserved 1048576K

Card table byte_map: [0x00007fa5c56a3000,0x00007fa5c59a4000] byte_map_base: 0x00007fa5c51a3000

Marking Bits: (ParMarkBitMap*) 0x00007fa5c7fe0340
 Begin Bits: [0x00007fa5ae000000, 0x00007fa5af800000)
 End Bits:   [0x00007fa5af800000, 0x00007fa5b1000000)

Polling page: 0x00007fa5c8c32000

CodeCache: size=245760Kb used=32605Kb max_used=32617Kb free=213154Kb
 bounds [0x00007fa5b1000000, 0x00007fa5b3090000, 0x00007fa5c0000000]
 total_blobs=9639 nmethods=8881 adapters=670
 compilation: enabled

Compilation events (10 events):
Event: 70.562 Thread 0x00007fa5c00ba800 nmethod 11316% 0x00007fa5b2ba8050 code [0x00007fa5b2ba8320, 0x00007fa5b2ba91c0]
Event: 70.562 Thread 0x00007fa5c00ba800 11320       4       com.android.dx.cf.code.Merger::mergeLocals (122 bytes)
Event: 70.612 Thread 0x00007fa5c00ba800 nmethod 11320 0x00007fa5b1d25290 code [0x00007fa5b1d254e0, 0x00007fa5b1d26738]
Event: 70.612 Thread 0x00007fa5c00ba800 11323 %     4       com.android.dx.ssa.SCCP::run @ 93 (298 bytes)
Event: 70.690 Thread 0x00007fa5c00ba800 nmethod 11323% 0x00007fa5b2d90d90 code [0x00007fa5b2d91060, 0x00007fa5b2d91f40]
Event: 70.690 Thread 0x00007fa5c00ba800 11319       4       com.android.dx.cf.code.ByteCatchList::toRopCatchList (57 bytes)
Event: 70.695 Thread 0x00007fa5c00bc800 11325       2       com.android.dx.ssa.back.FirstFitLocalCombiningAllocator$1::processInsn (169 bytes)
Event: 70.698 Thread 0x00007fa5c00bc800 nmethod 11325 0x00007fa5b25b9250 code [0x00007fa5b25b94c0, 0x00007fa5b25b9f68]
Event: 70.699 Thread 0x00007fa5c00ba800 nmethod 11319 0x00007fa5b171ac10 code [0x00007fa5b171ad80, 0x00007fa5b171b058]
Event: 70.700 Thread 0x00007fa5c00ba800 11315 %     4       com.android.dx.ssa.SsaMethod::forEachBlockDepthFirst @ 62 (194 bytes)

GC Heap History (10 events):
Event: 68.112 GC heap after
Heap after GC invocations=45 (full 9):
 PSYoungGen      total 345600K, used 123119K [0x00000000e0000000, 0x0000000100000000, 0x0000000100000000)
  eden space 184320K, 0% used [0x00000000e0000000,0x00000000e0000000,0x00000000eb400000)
  from space 161280K, 76% used [0x00000000f6080000,0x00000000fd8bbc50,0x00000000ffe00000)
  to   space 169984K, 0% used [0x00000000eb400000,0x00000000eb400000,0x00000000f5a00000)
 ParOldGen       total 884736K, used 671675K [0x00000000a0000000, 0x00000000d6000000, 0x00000000e0000000)
  object space 884736K, 75% used [0x00000000a0000000,0x00000000c8feeef0,0x00000000d6000000)
 Metaspace       used 56166K, capacity 57908K, committed 58288K, reserved 1099776K
  class space    used 7433K, capacity 7793K, committed 7856K, reserved 1048576K
}
Event: 68.572 GC heap before
{Heap before GC invocations=46 (full 9):
 PSYoungGen      total 345600K, used 307439K [0x00000000e0000000, 0x0000000100000000, 0x0000000100000000)
  eden space 184320K, 100% used [0x00000000e0000000,0x00000000eb400000,0x00000000eb400000)
  from space 161280K, 76% used [0x00000000f6080000,0x00000000fd8bbc50,0x00000000ffe00000)
  to   space 169984K, 0% used [0x00000000eb400000,0x00000000eb400000,0x00000000f5a00000)
 ParOldGen       total 884736K, used 671675K [0x00000000a0000000, 0x00000000d6000000, 0x00000000e0000000)
  object space 884736K, 75% used [0x00000000a0000000,0x00000000c8feeef0,0x00000000d6000000)
 Metaspace       used 56167K, capacity 57908K, committed 58288K, reserved 1099776K
  class space    used 7433K, capacity 7793K, committed 7856K, reserved 1048576K
Event: 68.736 GC heap after
Heap after GC invocations=46 (full 9):
 PSYoungGen      total 334848K, used 150131K [0x00000000e0000000, 0x0000000100000000, 0x0000000100000000)
  eden space 184320K, 0% used [0x00000000e0000000,0x00000000e0000000,0x00000000eb400000)
  from space 150528K, 99% used [0x00000000eb400000,0x00000000f469ccc8,0x00000000f4700000)
  to   space 174592K, 0% used [0x00000000f5580000,0x00000000f5580000,0x0000000100000000)
 ParOldGen       total 884736K, used 671675K [0x00000000a0000000, 0x00000000d6000000, 0x00000000e0000000)
  object space 884736K, 75% used [0x00000000a0000000,0x00000000c8feeef0,0x00000000d6000000)
 Metaspace       used 56167K, capacity 57908K, committed 58288K, reserved 1099776K
  class space    used 7433K, capacity 7793K, committed 7856K, reserved 1048576K
}
Event: 69.357 GC heap before
{Heap before GC invocations=47 (full 9):
 PSYoungGen      total 334848K, used 334451K [0x00000000e0000000, 0x0000000100000000, 0x0000000100000000)
  eden space 184320K, 100% used [0x00000000e0000000,0x00000000eb400000,0x00000000eb400000)
  from space 150528K, 99% used [0x00000000eb400000,0x00000000f469ccc8,0x00000000f4700000)
  to   space 174592K, 0% used [0x00000000f5580000,0x00000000f5580000,0x0000000100000000)
 ParOldGen       total 884736K, used 671675K [0x00000000a0000000, 0x00000000d6000000, 0x00000000e0000000)
  object space 884736K, 75% used [0x00000000a0000000,0x00000000c8feeef0,0x00000000d6000000)
 Metaspace       used 56169K, capacity 57908K, committed 58288K, reserved 1099776K
  class space    used 7433K, capacity 7793K, committed 7856K, reserved 1048576K
Event: 69.561 GC heap after
Heap after GC invocations=47 (full 9):
 PSYoungGen      total 349696K, used 136035K [0x00000000e0000000, 0x0000000100000000, 0x0000000100000000)
  eden space 175104K, 0% used [0x00000000e0000000,0x00000000e0000000,0x00000000eab00000)
  from space 174592K, 77% used [0x00000000f5580000,0x00000000fda58fa8,0x0000000100000000)
  to   space 174592K, 0% used [0x00000000eab00000,0x00000000eab00000,0x00000000f5580000)
 ParOldGen       total 884736K, used 712076K [0x00000000a0000000, 0x00000000d6000000, 0x00000000e0000000)
  object space 884736K, 80% used [0x00000000a0000000,0x00000000cb7630e0,0x00000000d6000000)
 Metaspace       used 56169K, capacity 57908K, committed 58288K, reserved 1099776K
  class space    used 7433K, capacity 7793K, committed 7856K, reserved 1048576K
}
Event: 70.008 GC heap before
{Heap before GC invocations=48 (full 9):
 PSYoungGen      total 349696K, used 311139K [0x00000000e0000000, 0x0000000100000000, 0x0000000100000000)
  eden space 175104K, 100% used [0x00000000e0000000,0x00000000eab00000,0x00000000eab00000)
  from space 174592K, 77% used [0x00000000f5580000,0x00000000fda58fa8,0x0000000100000000)
  to   space 174592K, 0% used [0x00000000eab00000,0x00000000eab00000,0x00000000f5580000)
 ParOldGen       total 884736K, used 712076K [0x00000000a0000000, 0x00000000d6000000, 0x00000000e0000000)
  object space 884736K, 80% used [0x00000000a0000000,0x00000000cb7630e0,0x00000000d6000000)
 Metaspace       used 56169K, capacity 57908K, committed 58288K, reserved 1099776K
  class space    used 7433K, capacity 7793K, committed 7856K, reserved 1048576K
Event: 70.266 GC heap after
Heap after GC invocations=48 (full 9):
 PSYoungGen      total 349696K, used 136879K [0x00000000e0000000, 0x0000000100000000, 0x0000000100000000)
  eden space 175104K, 0% used [0x00000000e0000000,0x00000000e0000000,0x00000000eab00000)
  from space 174592K, 78% used [0x00000000eab00000,0x00000000f30abcc8,0x00000000f5580000)
  to   space 174592K, 0% used [0x00000000f5580000,0x00000000f5580000,0x0000000100000000)
 ParOldGen       total 884736K, used 740848K [0x00000000a0000000, 0x00000000d6000000, 0x00000000e0000000)
  object space 884736K, 83% used [0x00000000a0000000,0x00000000cd37c308,0x00000000d6000000)
 Metaspace       used 56169K, capacity 57908K, committed 58288K, reserved 1099776K
  class space    used 7433K, capacity 7793K, committed 7856K, reserved 1048576K
}
Event: 70.740 GC heap before
{Heap before GC invocations=49 (full 9):
 PSYoungGen      total 349696K, used 311983K [0x00000000e0000000, 0x0000000100000000, 0x0000000100000000)
  eden space 175104K, 100% used [0x00000000e0000000,0x00000000eab00000,0x00000000eab00000)
  from space 174592K, 78% used [0x00000000eab00000,0x00000000f30abcc8,0x00000000f5580000)
  to   space 174592K, 0% used [0x00000000f5580000,0x00000000f5580000,0x0000000100000000)
 ParOldGen       total 884736K, used 740848K [0x00000000a0000000, 0x00000000d6000000, 0x00000000e0000000)
  object space 884736K, 83% used [0x00000000a0000000,0x00000000cd37c308,0x00000000d6000000)
 Metaspace       used 56169K, capacity 57908K, committed 58288K, reserved 1099776K
  class space    used 7433K, capacity 7793K, committed 7856K, reserved 1048576K
Event: 71.109 GC heap after
Heap after GC invocations=49 (full 9):
 PSYoungGen      total 349696K, used 109953K [0x00000000e0000000, 0x0000000100000000, 0x0000000100000000)
  eden space 175104K, 0% used [0x00000000e0000000,0x00000000e0000000,0x00000000eab00000)
  from space 174592K, 62% used [0x00000000f5580000,0x00000000fc0e07b0,0x0000000100000000)
  to   space 174592K, 0% used [0x00000000eab00000,0x00000000eab00000,0x00000000f5580000)
 ParOldGen       total 884736K, used 794409K [0x00000000a0000000, 0x00000000d6000000, 0x00000000e0000000)
  object space 884736K, 89% used [0x00000000a0000000,0x00000000d07ca478,0x00000000d6000000)
 Metaspace       used 56169K, capacity 57908K, committed 58288K, reserved 1099776K
  class space    used 7433K, capacity 7793K, committed 7856K, reserved 1048576K
}
Event: 71.109 GC heap before
{Heap before GC invocations=50 (full 10):
 PSYoungGen      total 349696K, used 109953K [0x00000000e0000000, 0x0000000100000000, 0x0000000100000000)
  eden space 175104K, 0% used [0x00000000e0000000,0x00000000e0000000,0x00000000eab00000)
  from space 174592K, 62% used [0x00000000f5580000,0x00000000fc0e07b0,0x0000000100000000)
  to   space 174592K, 0% used [0x00000000eab00000,0x00000000eab00000,0x00000000f5580000)
 ParOldGen       total 884736K, used 794409K [0x00000000a0000000, 0x00000000d6000000, 0x00000000e0000000)
  object space 884736K, 89% used [0x00000000a0000000,0x00000000d07ca478,0x00000000d6000000)
 Metaspace       used 56169K, capacity 57908K, committed 58288K, reserved 1099776K
  class space    used 7433K, capacity 7793K, committed 7856K, reserved 1048576K

Deoptimization events (10 events):
Event: 64.550 Thread 0x00007fa538058800 Uncommon trap: reason=class_check action=maybe_recompile pc=0x00007fa5b2bc539c method=com.android.dx.ssa.SsaConverter.placePhiFunctions(Lcom/android/dx/ssa/SsaMethod;Lcom/android/dx/ssa/LocalVariableInfo;I)V @ 257
Event: 64.826 Thread 0x00007fa55915f000 Uncommon trap: reason=bimorphic action=maybe_recompile pc=0x00007fa5b297e308 method=com.android.dx.cf.code.OneLocalsArray.set(ILcom/android/dx/rop/type/TypeBearer;)V @ 85
Event: 65.854 Thread 0x00007fa53805b000 Uncommon trap: reason=unstable_if action=reinterpret pc=0x00007fa5b27649a8 method=com.android.dx.cf.code.Merger.isPossiblyAssignableFrom(Lcom/android/dx/rop/type/TypeBearer;Lcom/android/dx/rop/type/TypeBearer;)Z @ 131
Event: 65.987 Thread 0x00007fa53805b000 Uncommon trap: reason=unstable_if action=reinterpret pc=0x00007fa5b297e2b4 method=com.android.dx.cf.code.Merger.mergeType(Lcom/android/dx/rop/type/TypeBearer;Lcom/android/dx/rop/type/TypeBearer;)Lcom/android/dx/rop/type/TypeBearer; @ 77
Event: 66.010 Thread 0x00007fa53805b000 Uncommon trap: reason=unstable_if action=reinterpret pc=0x00007fa5b2b295bc method=com.android.dx.ssa.SCCP.replaceBranches()V @ 14
Event: 66.991 Thread 0x00007fa538059800 Uncommon trap: reason=unstable_if action=reinterpret pc=0x00007fa5b120c20c method=com.android.dx.ssa.SCCP.replaceBranches()V @ 14
Event: 69.256 Thread 0x00007fa538056000 Uncommon trap: reason=unstable_if action=reinterpret pc=0x00007fa5b2f46184 method=com.android.dx.cf.code.Ropper.processBlock(Lcom/android/dx/cf/code/ByteBlock;Lcom/android/dx/cf/code/Frame;[I)V @ 651
Event: 69.902 Thread 0x00007fa53805b000 Uncommon trap: reason=null_check action=make_not_entrant pc=0x00007fa5b2e42694 method=java.util.concurrent.ConcurrentHashMap$TreeBin.<init>(Ljava/util/concurrent/ConcurrentHashMap$TreeNode;)V @ 26
Event: 69.922 Thread 0x00007fa538059800 Uncommon trap: reason=null_check action=make_not_entrant pc=0x00007fa5b2a03b30 method=java.util.concurrent.ConcurrentHashMap$TreeBin.<init>(Ljava/util/concurrent/ConcurrentHashMap$TreeNode;)V @ 26
Event: 70.694 Thread 0x00007fa538059800 Uncommon trap: reason=unstable_if action=reinterpret pc=0x00007fa5b2beda40 method=com.android.dx.rop.code.LocalItem.compareHandlesNulls(Lcom/android/dx/rop/cst/CstString;Lcom/android/dx/rop/cst/CstString;)I @ 8

Internal exceptions (10 events):
Event: 32.505 Thread 0x00007fa558b95000 Exception <a 'java/lang/NoSuchMethodError': <clinit>> (0x00000000e08be768) thrown at [/ssd/Android/AOSP-openjdk/external/jetbrains/jdk/hotspot/src/share/vm/prims/jni.cpp, line 1613]
Event: 33.273 Thread 0x00007fa538059800 Implicit null exception at 0x00007fa5b188ffe2 to 0x00007fa5b18900db
Event: 33.438 Thread 0x00007fa538059800 Implicit null exception at 0x00007fa5b27f2869 to 0x00007fa5b27f3761
Event: 33.781 Thread 0x00007fa538058800 Implicit null exception at 0x00007fa5b1d0a43c to 0x00007fa5b1d0b04d
Event: 33.958 Thread 0x00007fa538058800 Implicit null exception at 0x00007fa5b289310d to 0x00007fa5b28932e9
Event: 36.250 Thread 0x00007fa55915f000 Implicit null exception at 0x00007fa5b2c5bbdc to 0x00007fa5b2c5c33d
Event: 36.988 Thread 0x00007fa55915f000 Implicit null exception at 0x00007fa5b29612ad to 0x00007fa5b2962b31
Event: 69.902 Thread 0x00007fa53805b000 Implicit null exception at 0x00007fa5b2e415bf to 0x00007fa5b2e42649
Event: 69.922 Thread 0x00007fa538059800 Implicit null exception at 0x00007fa5b2a01fc9 to 0x00007fa5b2a03aad
Event: 70.694 Thread 0x00007fa538059800 Implicit null exception at 0x00007fa5b2bececa to 0x00007fa5b2beda19

Events (10 events):
Event: 70.647 Thread 0x00007fa538056000 DEOPT PACKING pc=0x00007fa5b293aab1 sp=0x00007fa5477fa1a0
Event: 70.647 Thread 0x00007fa538056000 DEOPT UNPACKING pc=0x00007fa5b1047373 sp=0x00007fa5477f9f50 mode 0
Event: 70.648 Thread 0x00007fa538056000 DEOPT PACKING pc=0x00007fa5b295f148 sp=0x00007fa5477fa100
Event: 70.648 Thread 0x00007fa538056000 DEOPT UNPACKING pc=0x00007fa5b1047373 sp=0x00007fa5477f9f30 mode 0
Event: 70.694 Thread 0x00007fa538059800 Uncommon trap: trap_request=0xffffff65 fr.pc=0x00007fa5b2beda40
Event: 70.694 Thread 0x00007fa538059800 DEOPT PACKING pc=0x00007fa5b2beda40 sp=0x00007fa547624080
Event: 70.694 Thread 0x00007fa538059800 DEOPT UNPACKING pc=0x00007fa5b1004f69 sp=0x00007fa547623e58 mode 2
Event: 70.728 Thread 0x00007fa538058800 DEOPT PACKING pc=0x00007fa5b293aab1 sp=0x00007fa5479fc1a0
Event: 70.728 Thread 0x00007fa538058800 DEOPT UNPACKING pc=0x00007fa5b1047373 sp=0x00007fa5479fbf50 mode 0
Event: 70.736 Executing VM operation: ParallelGCFailedAllocation


Dynamic libraries:
00400000-00401000 r-xp 00000000 08:07 1201464                            /home/chivu/Downloads/android-studio-p/jre/bin/java
00600000-00601000 r--p 00000000 08:07 1201464                            /home/chivu/Downloads/android-studio-p/jre/bin/java
00601000-00602000 rw-p 00001000 08:07 1201464                            /home/chivu/Downloads/android-studio-p/jre/bin/java
02447000-02489000 rw-p 00000000 00:00 0                                  [heap]
a0000000-d6000000 rw-p 00000000 00:00 0 
e0000000-100000000 rw-p 00000000 00:00 0 
100000000-1007ac000 rw-p 00000000 00:00 0 
1007ac000-140000000 ---p 00000000 00:00 0 
7fa528000000-7fa52802b000 rw-p 00000000 00:00 0 
7fa52802b000-7fa52c000000 ---p 00000000 00:00 0 
7fa530000000-7fa530021000 rw-p 00000000 00:00 0 
7fa530021000-7fa534000000 ---p 00000000 00:00 0 
7fa534000000-7fa53402b000 rw-p 00000000 00:00 0 
7fa53402b000-7fa538000000 ---p 00000000 00:00 0 
7fa538000000-7fa538258000 rw-p 00000000 00:00 0 
7fa538258000-7fa53c000000 ---p 00000000 00:00 0 
7fa53c000000-7fa53c038000 rw-p 00000000 00:00 0 
7fa53c038000-7fa540000000 ---p 00000000 00:00 0 
7fa540000000-7fa540031000 rw-p 00000000 00:00 0 
7fa540031000-7fa544000000 ---p 00000000 00:00 0 
7fa547224000-7fa547364000 rw-p 00000000 00:00 0 
7fa547364000-7fa547424000 ---p 00000000 00:00 0 
7fa547424000-7fa547427000 ---p 00000000 00:00 0 
7fa547427000-7fa547525000 rw-p 00000000 00:00 0 
7fa547525000-7fa547528000 ---p 00000000 00:00 0 
7fa547528000-7fa547626000 rw-p 00000000 00:00 0 
7fa547626000-7fa5476fb000 r--s 0095c000 08:07 1195887                    /home/chivu/Desktop/newsApp/app/build/intermediates/transforms/jarMerging/debug/jars/1/1f/combined.jar
7fa5476fb000-7fa5476fe000 ---p 00000000 00:00 0 
7fa5476fe000-7fa5477fc000 rw-p 00000000 00:00 0 
7fa5477fc000-7fa5477ff000 ---p 00000000 00:00 0 
7fa5477ff000-7fa5478fd000 rw-p 00000000 00:00 0 
7fa5478fd000-7fa547900000 ---p 00000000 00:00 0 
7fa547900000-7fa5479fe000 rw-p 00000000 00:00 0 
7fa5479fe000-7fa547a01000 ---p 00000000 00:00 0 
7fa547a01000-7fa547cff000 rw-p 00000000 00:00 0 
7fa547cff000-7fa547eff000 rw-p 00000000 00:00 0 
7fa547eff000-7fa547f02000 ---p 00000000 00:00 0 
7fa547f02000-7fa548000000 rw-p 00000000 00:00 0 
7fa548000000-7fa548021000 rw-p 00000000 00:00 0 
7fa548021000-7fa54c000000 ---p 00000000 00:00 0 
7fa54c000000-7fa54c021000 rw-p 00000000 00:00 0 
7fa54c021000-7fa550000000 ---p 00000000 00:00 0 
7fa550000000-7fa550021000 rw-p 00000000 00:00 0 
7fa550021000-7fa554000000 ---p 00000000 00:00 0 
7fa554000000-7fa554021000 rw-p 00000000 00:00 0 
7fa554021000-7fa558000000 ---p 00000000 00:00 0 
7fa558000000-7fa55944a000 rw-p 00000000 00:00 0 
7fa55944a000-7fa55c000000 ---p 00000000 00:00 0 
7fa55c000000-7fa55c021000 rw-p 00000000 00:00 0 
7fa55c021000-7fa560000000 ---p 00000000 00:00 0 
7fa560000000-7fa560021000 rw-p 00000000 00:00 0 
7fa560021000-7fa564000000 ---p 00000000 00:00 0 
7fa564000000-7fa564021000 rw-p 00000000 00:00 0 
7fa564021000-7fa568000000 ---p 00000000 00:00 0 
7fa568000000-7fa568021000 rw-p 00000000 00:00 0 
7fa568021000-7fa56c000000 ---p 00000000 00:00 0 
7fa56c000000-7fa56c021000 rw-p 00000000 00:00 0 
7fa56c021000-7fa570000000 ---p 00000000 00:00 0 
7fa570000000-7fa570021000 rw-p 00000000 00:00 0 
7fa570021000-7fa574000000 ---p 00000000 00:00 0 
7fa574000000-7fa574075000 rw-p 00000000 00:00 0 
7fa574075000-7fa578000000 ---p 00000000 00:00 0 
7fa578000000-7fa5790e6000 rw-p 00000000 00:00 0 
7fa5790e6000-7fa57c000000 ---p 00000000 00:00 0 
7fa57c000000-7fa57c021000 rw-p 00000000 00:00 0 
7fa57c021000-7fa580000000 ---p 00000000 00:00 0 
7fa580000000-7fa58222c000 rw-p 00000000 00:00 0 
7fa58222c000-7fa584000000 ---p 00000000 00:00 0 
7fa584000000-7fa585dd0000 rw-p 00000000 00:00 0 
7fa585dd0000-7fa588000000 ---p 00000000 00:00 0 
7fa588000000-7fa588021000 rw-p 00000000 00:00 0 
7fa588021000-7fa58c000000 ---p 00000000 00:00 0 
7fa58c000000-7fa58c021000 rw-p 00000000 00:00 0 
7fa58c021000-7fa590000000 ---p 00000000 00:00 0 
7fa590000000-7fa59035a000 rw-p 00000000 00:00 0 
7fa59035a000-7fa594000000 ---p 00000000 00:00 0 
7fa594000000-7fa594021000 rw-p 00000000 00:00 0 
7fa594021000-7fa598000000 ---p 00000000 00:00 0 
7fa598000000-7fa598322000 rw-p 00000000 00:00 0 
7fa598322000-7fa59c000000 ---p 00000000 00:00 0 
7fa59c000000-7fa59c021000 rw-p 00000000 00:00 0 
7fa59c021000-7fa5a0000000 ---p 00000000 00:00 0 
7fa5a0000000-7fa5a032f000 rw-p 00000000 00:00 0 
7fa5a032f000-7fa5a4000000 ---p 00000000 00:00 0 
7fa5a4045000-7fa5a4245000 rw-p 00000000 00:00 0 
7fa5a4245000-7fa5a4445000 rw-p 00000000 00:00 0 
7fa5a4445000-7fa5a4645000 rw-p 00000000 00:00 0 
7fa5a4645000-7fa5a4845000 rw-p 00000000 00:00 0 
7fa5a4845000-7fa5a4858000 r--s 00344000 08:07 1201558                    /home/chivu/Downloads/android-studio-p/jre/jre/lib/resources.jar
7fa5a4858000-7fa5a4a58000 rw-p 00000000 00:00 0 
7fa5a4a58000-7fa5a4c58000 rw-p 00000000 00:00 0 
7fa5a4c58000-7fa5a4e58000 rw-p 00000000 00:00 0 
7fa5a4e58000-7fa5a5058000 rw-p 00000000 00:00 0 
7fa5a5058000-7fa5a505b000 ---p 00000000 00:00 0 
7fa5a505b000-7fa5a5359000 rw-p 00000000 00:00 0 
7fa5a5359000-7fa5a535a000 r--s 00001000 08:07 1094992                    /home/chivu/.gradle/caches/jars-2/cmhx5eetujk7j30d3nllwxyrlnugzjw/annotations-25.3.3.jar
7fa5a535a000-7fa5a5362000 r--s 000a8000 08:07 932893                     /home/chivu/.gradle/caches/jars-2/lp0h431tl0554nh1vx6zomcvteflkp/lombok-ast-0.2.3.jar
7fa5a5362000-7fa5a5376000 r--s 000b4000 08:07 139376                     /home/chivu/.gradle/caches/jars-2/hgvw6szzawm3evod5l2d6iutfug31w0/uast-162.2228.14.jar
7fa5a5376000-7fa5a5378000 r--s 0000d000 08:07 932889                     /home/chivu/.gradle/caches/jars-2/7pwz1bowgakb1eux9ezb56jlturgsyi/commons-codec-1.4.jar
7fa5a5378000-7fa5a537a000 r--s 0000d000 08:07 932887                     /home/chivu/.gradle/caches/jars-2/9dj1m0eyooi5qt13735vz8fpkl3cnfy/commons-logging-1.1.1.jar
7fa5a537a000-7fa5a537f000 r--s 00028000 08:07 932885                     /home/chivu/.gradle/caches/jars-2/62lv0fe9b3xbqe57f6ljy5upwi7mf6k/httpcore-4.1.jar
7fa5a537f000-7fa5a5383000 r--s 0002f000 08:07 932883                     /home/chivu/.gradle/caches/jars-2/gsg5n52frsvw6sx0swqqe2hwijwdcf0/jimfs-1.1.jar
7fa5a5383000-7fa5a5384000 r--s 00004000 08:07 932881                     /home/chivu/.gradle/caches/jars-2/lxs252id0979odjrerlctkb26c2vj95/annotations-12.0.jar
7fa5a5384000-7fa5a5385000 r--s 00004000 08:07 932879                     /home/chivu/.gradle/caches/jars-2/9kn99dr0rulyl67sct1ephwcop56l61/asm-analysis-5.0.4.jar
7fa5a5385000-7fa5a5389000 r--s 00040000 08:07 1094991                    /home/chivu/.gradle/caches/jars-2/ccvn7yglm4blceovs70fngoac1eyn4f/lint-api-25.3.3.jar
7fa5a5389000-7fa5a538a000 r--s 0000a000 08:07 932875                     /home/chivu/.gradle/caches/jars-2/nwyg9io65lv6jvmwit2wq82xnnxd7ia/kxml2-2.3.0.jar
7fa5a538a000-7fa5a538c000 r--s 00005000 08:07 932873                     /home/chivu/.gradle/caches/jars-2/i6hc1uuj8e9ck59slmzdyz78ydn8sr6/httpmime-4.1.jar
7fa5a538c000-7fa5a5394000 r--s 0004e000 08:07 932871                     /home/chivu/.gradle/caches/jars-2/7503wa5irssz0xxahv1xb82p2dl7rr2/httpclient-4.1.1.jar
7fa5a5394000-7fa5a539b000 r--s 00053000 08:07 932869                     /home/chivu/.gradle/caches/jars-2/jgkfvs4eqggj7qsyw1f5d3up57hanj1/commons-compress-1.8.1.jar
7fa5a539b000-7fa5a53a0000 r--s 0002a000 08:07 932867                     /home/chivu/.gradle/caches/jars-2/je8f027qcr1z1egw08byp1ybxbp9kko/gson-2.2.4.jar
7fa5a53a0000-7fa5a53a5000 r--s 0002e000 08:07 1094990                    /home/chivu/.gradle/caches/jars-2/s427p2wh0tfza0xa8qijgx107eeevyl/repository-25.3.3.jar
7fa5a53a5000-7fa5a53a7000 r--s 00006000 08:07 1094989                    /home/chivu/.gradle/caches/jars-2/e2s952s6co8tps89l80r4riixwqo2oe/dvlib-25.3.3.jar
7fa5a53a7000-7fa5a53a9000 r--s 00013000 08:07 1094883                    /home/chivu/.gradle/caches/jars-2/s02k517nvrh8cbp2c8dz4slqska6dj9/layoutlib-api-25.3.3.jar
7fa5a53a9000-7fa5a53ae000 r--s 00058000 08:07 932859                     /home/chivu/.gradle/caches/jars-2/st159835qgxm0l87oqrnhayxos4lc1n/asm-debug-all-5.0.1.jar
7fa5a53ae000-7fa5a53be000 r--s 000d5000 08:07 932857                     /home/chivu/.gradle/caches/jars-2/qzf32gp9kej4w4hlbabft6tplu74cj3/proguard-base-5.3.2.jar
7fa5a53be000-7fa5a53c1000 r--s 00033000 08:07 932855                     /home/chivu/.gradle/caches/jars-2/nz9sndmr8b4xbj4xulkaciy5kdbyfiz/juniversalchardet-1.0.3.jar
7fa5a53c1000-7fa5a53c5000 r--s 0002a000 08:07 932853                     /home/chivu/.gradle/caches/jars-2/krbpn9xjn1qymukyx8cc5l799ty1v3h/commons-io-2.4.jar
7fa5a53c5000-7fa5a53dc000 r--s 00154000 08:07 932851                     /home/chivu/.gradle/caches/jars-2/sfeivjswzitn6n0fnjx3ueszz8gv8o1/antlr4-4.5.3.jar
7fa5a53dc000-7fa5a53de000 r--s 00002000 08:07 1094881                    /home/chivu/.gradle/caches/jars-2/rh2ip1x2zziz26tr3qzudtz088pqsb2/baseLibrary-2.3.3.jar
7fa5a53de000-7fa5a5409000 r--s 001fc000 08:07 932847                     /home/chivu/.gradle/caches/jars-2/nxjrjftly2xksl8o0wqgivu5netfu2x/guava-18.0.jar
7fa5a5409000-7fa5a541c000 r--s 00241000 08:07 932845                     /home/chivu/.gradle/caches/jars-2/9yuekvg4qerfitq3xec0iyckuw3hwaq/ecj-4.6.1.jar
7fa5a541c000-7fa5a5423000 r--s 000d9000 08:07 1094862                    /home/chivu/.gradle/caches/jars-2/ak89aa8liqmr44u7r08njntn6oehe0z/lint-checks-25.3.3.jar
7fa5a5423000-7fa5a5425000 r--s 00006000 08:07 932841                     /home/chivu/.gradle/caches/jars-2/6phgj9ki3jl3p5epzkqoo8pr6kur40b/asm-tree-5.0.4.jar
7fa5a5425000-7fa5a5458000 r--s 00203000 08:07 932839                     /home/chivu/.gradle/caches/jars-2/hj0bfvxu9cq7hkwmecvp0kg137or3hh/bcprov-jdk15on-1.48.jar
7fa5a5458000-7fa5a5466000 r--s 00081000 08:07 932837                     /home/chivu/.gradle/caches/jars-2/4r7xli0tz94y0wfjrdyjxlxar3g1pb9/bcpkix-jdk15on-1.48.jar
7fa5a5466000-7fa5a5468000 r--s 00002000 08:07 932835                     /home/chivu/.gradle/caches/jars-2/f32bh5uivuf69ecz2j8hl96ksnqdh7v/javawriter-2.5.0.jar
7fa5a5468000-7fa5a546a000 r--s 00004000 08:07 1094861                    /home/chivu/.gradle/caches/jars-2/j6s1upogkwo00sygdsekzj4fx0i75uy/tracker-25.3.3.jar
7fa5a546a000-7fa5a546b000 r--s 00005000 08:07 1094860                    /home/chivu/.gradle/caches/jars-2/4svya0t1s9wyo35ycd3atidsaoo6w7e/shared-25.3.3.jar
7fa5a546b000-7fa5a5479000 r--s 00147000 08:07 1094859                    /home/chivu/.gradle/caches/jars-2/qx6695c5ocd9swxv7wqtxor3plyb4b7/protos-25.3.3.jar
7fa5a5479000-7fa5a547a000 r--s 00001000 08:07 139356                     /home/chivu/.gradle/caches/jars-2/bqo69msswbvaagsh45hf1tq02v21sml/jill-api-0.10.0.jar
7fa5a547a000-7fa5a547c000 r--s 00003000 08:07 139354                     /home/chivu/.gradle/caches/jars-2/7pldadygbci34ql8thws797g29k1uhh/jack-api-0.13.0.jar
7fa5a547c000-7fa5a5482000 r--s 0004a000 08:07 1094853                    /home/chivu/.gradle/caches/jars-2/euoqfzf5y1sibp9ul8mcz0wovj380eo/ddmlib-25.3.3.jar
7fa5a5482000-7fa5a5485000 r--s 00022000 08:07 1094848                    /home/chivu/.gradle/caches/jars-2/a81bg2yxzmumashablwecaj0ksz6tmj/manifest-merger-25.3.3.jar
7fa5a5485000-7fa5a5488000 r--s 0001c000 08:07 1094847                    /home/chivu/.gradle/caches/jars-2/l6cnyee1vojrkkbpp6qwgpf30shmrja/common-25.3.3.jar
7fa5a5488000-7fa5a5491000 r--s 00089000 08:07 1094417                    /home/chivu/.gradle/caches/jars-2/m0t6h8af70sdgxvkj522jy01i14mnb8/sdk-common-25.3.3.jar
7fa5a5491000-7fa5a549b000 r--s 00098000 08:07 1094415                    /home/chivu/.gradle/caches/jars-2/28c9ykhc782k8jmlrnbnccai34hziki/sdklib-25.3.3.jar
7fa5a549b000-7fa5a549c000 r--s 00002000 08:07 1094389                    /home/chivu/.gradle/caches/jars-2/4dod7a1p5hoai4v37pxbcg65bbahvg2/builder-test-api-2.3.3.jar
7fa5a549c000-7fa5a549f000 r--s 00006000 08:07 1094385                    /home/chivu/.gradle/caches/jars-2/omk02asobup8sgd6qxom3ej5bg94z2r/builder-model-2.3.3.jar
7fa5a549f000-7fa5a569f000 rw-p 00000000 00:00 0 
7fa5a569f000-7fa5a589f000 rw-p 00000000 00:00 0 
7fa5a589f000-7fa5a58a2000 ---p 00000000 00:00 0 
7fa5a58a2000-7fa5a5ba0000 rw-p 00000000 00:00 0 
7fa5a5ba0000-7fa5a5da0000 rw-p 00000000 00:00 0 
7fa5a5da0000-7fa5a5fa0000 rw-p 00000000 00:00 0 
7fa5a5fa0000-7fa5a5faf000 r--s 00130000 08:07 932809                     /home/chivu/.gradle/caches/jars-2/cr6zkqpx14lor9zdtmo49qpc7y8r8p4/protobuf-java-3.0.0.jar
7fa5a5faf000-7fa5a5fb1000 r--s 0000f000 08:07 932807                     /home/chivu/.gradle/caches/jars-2/rvfyugrlu5tbpz51p98og0qsxamjq4k/jopt-simple-4.9.jar
7fa5a5fb1000-7fa5a5fb5000 r--s 0001f000 08:07 932805                     /home/chivu/.gradle/caches/jars-2/nq3fzqkrrm37ob61z4iu5qdbh368uat/org.jacoco.report-0.7.5.201505241946.jar
7fa5a5fb5000-7fa5a5fb9000 r--s 0001d000 08:07 932803                     /home/chivu/.gradle/caches/jars-2/3kxkmcckmk40ron92zhbm0qjo9l4bkl/org.jacoco.core-0.7.5.201505241946.jar
7fa5a5fb9000-7fa5a5fbb000 r--s 00002000 08:07 932801                     /home/chivu/.gradle/caches/jars-2/m4m0pzb4gmaeh0in5g2xc4bxeuwt828/proguard-gradle-5.3.2.jar
7fa5a5fbb000-7fa5a5fbd000 r--s 00009000 08:07 932799                     /home/chivu/.gradle/caches/jars-2/ajvcvdu66lc9e3tvvipxtuq48i9bbkc/asm-commons-5.0.4.jar
7fa5a5fbd000-7fa5a5fbf000 r--s 0000c000 08:07 932797                     /home/chivu/.gradle/caches/jars-2/1laz1ygmxoc408r7nwqs1q8uk8r236d/asm-5.0.4.jar
7fa5a5fbf000-7fa5a5fc4000 r--s 0002c000 08:07 1094383                    /home/chivu/.gradle/caches/jars-2/3mlasgi8oo9o7oa12526198jui9zmp2/compilerCommon-2.3.3.jar
7fa5a5fc4000-7fa5a5fc5000 r--s 00002000 08:07 1094379                    /home/chivu/.gradle/caches/jars-2/73l309uzm0ila7rdaaxteq0ng4ayf2y/gradle-api-2.3.3.jar
7fa5a5fc5000-7fa5a5fc6000 r--s 00000000 08:07 139334                     /home/chivu/.gradle/caches/jars-2/tlyajppf8woug00g686fx5mchf8iv3o/transform-api-2.0.0-deprecated-use-gradle-api.jar
7fa5a5fc6000-7fa5a5fcb000 r--s 0005e000 08:07 1094349                    /home/chivu/.gradle/caches/jars-2/k2xtosjt0in0zj7mpwvctw6iznt93uh/lint-25.3.3.jar
7fa5a5fcb000-7fa5a5fe1000 r--s 00163000 08:07 1094347                    /home/chivu/.gradle/caches/jars-2/nyg71b5n2lzymmwh5vbtmvjiby07k4g/builder-2.3.3.jar
7fa5a5fe1000-7fa5a6000000 r--s 001ca000 08:07 1094310                    /home/chivu/.gradle/caches/jars-2/5fwyvjq1ai8mdh1mluqxidj1wo7rls8/gradle-core-2.3.3.jar
7fa5a6000000-7fa5a6002000 r--s 00007000 08:07 266240                     /home/chivu/.gradle/caches/modules-2/files-2.1/com.google.gms/google-services/3.1.0/166ae4e6acd03b7bbebe221ffa54bc039fece1b9/google-services-3.1.0.jar
7fa5a6002000-7fa5a6004000 r--s 0000d000 08:07 1094266                    /home/chivu/.gradle/caches/jars-2/mel54vauze7hczg2p6nebauqz8s53sj/gradle-2.3.3.jar
7fa5a6004000-7fa5a6007000 ---p 00000000 00:00 0 
7fa5a6007000-7fa5a603d000 rw-p 00000000 00:00 0 
7fa5a603d000-7fa5a603e000 r--p 00000000 00:00 0 
7fa5a603e000-7fa5a623e000 rw-p 00000000 00:00 0 
7fa5a623e000-7fa5a62b7000 r--s 010ed000 08:07 1201473                    /home/chivu/Downloads/android-studio-p/jre/lib/tools.jar
7fa5a62b7000-7fa5a64b7000 rw-p 00000000 00:00 0 
7fa5a64b7000-7fa5a64ba000 ---p 00000000 00:00 0 
7fa5a64ba000-7fa5a65b8000 rw-p 00000000 00:00 0 
7fa5a65b8000-7fa5a65bb000 ---p 00000000 00:00 0 
7fa5a65bb000-7fa5a66b9000 rw-p 00000000 00:00 0 
7fa5a66b9000-7fa5a66bc000 ---p 00000000 00:00 0 
7fa5a66bc000-7fa5a67ba000 rw-p 00000000 00:00 0 
7fa5a67ba000-7fa5a67bd000 ---p 00000000 00:00 0 
7fa5a67bd000-7fa5a68bb000 rw-p 00000000 00:00 0 
7fa5a68bb000-7fa5a68be000 ---p 00000000 00:00 0 
7fa5a68be000-7fa5a6bbc000 rw-p 00000000 00:00 0 
7fa5a6bbc000-7fa5a6bbf000 ---p 00000000 00:00 0 
7fa5a6bbf000-7fa5a6cbd000 rw-p 00000000 00:00 0 
7fa5a6cbd000-7fa5a6cc0000 ---p 00000000 00:00 0 
7fa5a6cc0000-7fa5a6dbe000 rw-p 00000000 00:00 0 
7fa5a6dbe000-7fa5a6dc5000 r--s 00000000 08:07 1590595                    /usr/lib/x86_64-linux-gnu/gconv/gconv-modules.cache
7fa5a6dc5000-7fa5a6fc5000 rw-p 00000000 00:00 0 
7fa5a6fc5000-7fa5a6fc8000 ---p 00000000 00:00 0 
7fa5a6fc8000-7fa5a70c6000 rw-p 00000000 00:00 0 
7fa5a70c6000-7fa5a70cf000 r-xp 00000000 08:07 1201548                    /home/chivu/Downloads/android-studio-p/jre/jre/lib/amd64/libmanagement.so
7fa5a70cf000-7fa5a72ce000 ---p 00009000 08:07 1201548                    /home/chivu/Downloads/android-studio-p/jre/jre/lib/amd64/libmanagement.so
7fa5a72ce000-7fa5a72cf000 r--p 00008000 08:07 1201548                    /home/chivu/Downloads/android-studio-p/jre/jre/lib/amd64/libmanagement.so
7fa5a72cf000-7fa5a72d0000 rw-p 00009000 08:07 1201548                    /home/chivu/Downloads/android-studio-p/jre/jre/lib/amd64/libmanagement.so
7fa5a72d0000-7fa5a72d5000 r--s 00098000 08:07 1201512                    /home/chivu/Downloads/android-studio-p/jre/jre/lib/jsse.jar
7fa5a72d5000-7fa5a72d7000 r--s 00007000 08:07 1189108                    /home/chivu/.gradle/wrapper/dists/gradle-3.3-all/55gk2rcmfc6p2dg9u9ohc3hw9/gradle-3.3/lib/plugins/gradle-tooling-api-builders-3.3.jar
7fa5a72d7000-7fa5a72da000 r--s 00009000 08:07 1189101                    /home/chivu/.gradle/wrapper/dists/gradle-3.3-all/55gk2rcmfc6p2dg9u9ohc3hw9/gradle-3.3/lib/plugins/gradle-testing-native-3.3.jar
7fa5a72da000-7fa5a72e0000 r--s 00033000 08:07 1189176                    /home/chivu/.gradle/wrapper/dists/gradle-3.3-all/55gk2rcmfc6p2dg9u9ohc3hw9/gradle-3.3/lib/plugins/snakeyaml-1.6.jar
7fa5a72e0000-7fa5a72e2000 r--s 00006000 08:07 1189175                    /home/chivu/.gradle/wrapper/dists/gradle-3.3-all/55gk2rcmfc6p2dg9u9ohc3hw9/gradle-3.3/lib/plugins/jcommander-1.12.jar
7fa5a72e2000-7fa5a72e7000 r--s 00040000 08:07 1189174                    /home/chivu/.gradle/wrapper/dists/gradle-3.3-all/55gk2rcmfc6p2dg9u9ohc3hw9/gradle-3.3/lib/plugins/bsh-2.0b4.jar
7fa5a72e7000-7fa5a72e9000 r--s 00009000 08:07 1189182                    /home/chivu/.gradle/wrapper/dists/gradle-3.3-all/55gk2rcmfc6p2dg9u9ohc3hw9/gradle-3.3/lib/plugins/hamcrest-core-1.3.jar
7fa5a72e9000-7fa5a72f2000 r--s 00089000 08:07 1189133                    /home/chivu/.gradle/wrapper/dists/gradle-3.3-all/55gk2rcmfc6p2dg9u9ohc3hw9/gradle-3.3/lib/plugins/testng-6.3.1.jar
7fa5a72f2000-7fa5a72fa000 r--s 00045000 08:07 1189132                    /home/chivu/.gradle/wrapper/dists/gradle-3.3-all/55gk2rcmfc6p2dg9u9ohc3hw9/gradle-3.3/lib/plugins/junit-4.12.jar
7fa5a72fa000-7fa5a7300000 r--s 0002e000 08:07 1189102                    /home/chivu/.gradle/wrapper/dists/gradle-3.3-all/55gk2rcmfc6p2dg9u9ohc3hw9/gradle-3.3/lib/plugins/gradle-testing-jvm-3.3.jar
7fa5a7300000-7fa5a7304000 r--s 00016000 08:07 1189100                    /home/chivu/.gradle/wrapper/dists/gradle-3.3-all/55gk2rcmfc6p2dg9u9ohc3hw9/gradle-3.3/lib/plugins/gradle-testing-base-3.3.jar
7fa5a7304000-7fa5a730b000 r--s 00038000 08:07 1189127                    /home/chivu/.gradle/wrapper/dists/gradle-3.3-all/55gk2rcmfc6p2dg9u9ohc3hw9/gradle-3.3/lib/plugins/bcpg-jdk15on-1.51.jar
7fa5a730b000-7fa5a730d000 r--s 0000c000 08:07 1189079                    /home/chivu/.gradle/wrapper/dists/gradle-3.3-all/55gk2rcmfc6p2dg9u9ohc3hw9/gradle-3.3/lib/plugins/gradle-signing-3.3.jar
7fa5a730d000-7fa5a730f000 r--s 00007000 08:07 1189078                    /home/chivu/.gradle/wrapper/dists/gradle-3.3-all/55gk2rcmfc6p2dg9u9ohc3hw9/gradle-3.3/lib/plugins/gradle-scala-3.3.jar
7fa5a730f000-7fa5a7310000 r--s 00004000 08:07 1189106                    /home/chivu/.gradle/wrapper/dists/gradle-3.3-all/55gk2rcmfc6p2dg9u9ohc3hw9/gradle-3.3/lib/plugins/gradle-resources-sftp-3.3.jar
7fa5a7310000-7fa5a7320000 r--s 00088000 08:07 1189143                    /home/chivu/.gradle/wrapper/dists/gradle-3.3-all/55gk2rcmfc6p2dg9u9ohc3hw9/gradle-3.3/lib/plugins/joda-time-2.8.2.jar
7fa5a7320000-7fa5a7331000 r--s 0010d000 08:07 1189142                    /home/chivu/.gradle/wrapper/dists/gradle-3.3-all/55gk2rcmfc6p2dg9u9ohc3hw9/gradle-3.3/lib/plugins/jackson-databind-2.6.6.jar
7fa5a7331000-7fa5a7334000 r--s 00009000 08:07 1189141                    /home/chivu/.gradle/wrapper/dists/gradle-3.3-all/55gk2rcmfc6p2dg9u9ohc3hw9/gradle-3.3/lib/plugins/jackson-annotations-2.6.6.jar
7fa5a7334000-7fa5a7338000 r--s 0003c000 08:07 1189140                    /home/chivu/.gradle/wrapper/dists/gradle-3.3-all/55gk2rcmfc6p2dg9u9ohc3hw9/gradle-3.3/lib/plugins/jackson-core-2.6.6.jar
7fa5a7338000-7fa5a7346000 r--s 00087000 08:07 1189139                    /home/chivu/.gradle/wrapper/dists/gradle-3.3-all/55gk2rcmfc6p2dg9u9ohc3hw9/gradle-3.3/lib/plugins/aws-java-sdk-core-1.11.6.jar
7fa5a7346000-7fa5a734d000 r--s 00057000 08:07 1189138                    /home/chivu/.gradle/wrapper/dists/gradle-3.3-all/55gk2rcmfc6p2dg9u9ohc3hw9/gradle-3.3/lib/plugins/aws-java-sdk-kms-1.11.6.jar
7fa5a734d000-7fa5a735a000 r--s 0008e000 08:07 1189137                    /home/chivu/.gradle/wrapper/dists/gradle-3.3-all/55gk2rcmfc6p2dg9u9ohc3hw9/gradle-3.3/lib/plugins/aws-java-sdk-s3-1.11.6.jar
7fa5a735a000-7fa5a735c000 r--s 00004000 08:07 1189107                    /home/chivu/.gradle/wrapper/dists/gradle-3.3-all/55gk2rcmfc6p2dg9u9ohc3hw9/gradle-3.3/lib/plugins/gradle-resources-s3-3.3.jar
7fa5a735c000-7fa5a735e000 r--s 00005000 08:07 1189131                    /home/chivu/.gradle/wrapper/dists/gradle-3.3-all/55gk2rcmfc6p2dg9u9ohc3hw9/gradle-3.3/lib/plugins/jatl-0.2.2.jar
7fa5a735e000-7fa5a7360000 r--s 0000f000 08:07 1189084                    /home/chivu/.gradle/wrapper/dists/gradle-3.3-all/55gk2rcmfc6p2dg9u9ohc3hw9/gradle-3.3/lib/plugins/gradle-reporting-3.3.jar
7fa5a7360000-7fa5a7362000 r--s 00002000 08:07 1189085                    /home/chivu/.gradle/wrapper/dists/gradle-3.3-all/55gk2rcmfc6p2dg9u9ohc3hw9/gradle-3.3/lib/plugins/gradle-publish-3.3.jar
7fa5a7362000-7fa5a7364000 r--s 00009000 08:07 1189114                    /home/chivu/.gradle/wrapper/dists/gradle-3.3-all/55gk2rcmfc6p2dg9u9ohc3hw9/gradle-3.3/lib/plugins/commons-cli-1.2.jar
7fa5a7364000-7fa5a736a000 r--s 00031000 08:07 1189070                    /home/chivu/.gradle/wrapper/dists/gradle-3.3-all/55gk2rcmfc6p2dg9u9ohc3hw9/gradle-3.3/lib/plugins/gradle-plugins-3.3.jar
7fa5a736a000-7fa5a736c000 r--s 00009000 08:07 1189103                    /home/chivu/.gradle/wrapper/dists/gradle-3.3-all/55gk2rcmfc6p2dg9u9ohc3hw9/gradle-3.3/lib/plugins/gradle-plugin-development-3.3.jar
7fa5a736c000-7fa5a7372000 r--s 0002b000 08:07 1189096                    /home/chivu/.gradle/wrapper/dists/gradle-3.3-all/55gk2rcmfc6p2dg9u9ohc3hw9/gradle-3.3/lib/plugins/gradle-platform-play-3.3.jar
7fa5a7372000-7fa5a7380000 r--s 00055000 08:07 1189095                    /home/chivu/.gradle/wrapper/dists/gradle-3.3-all/55gk2rcmfc6p2dg9u9ohc3hw9/gradle-3.3/lib/plugins/gradle-platform-native-3.3.jar
7fa5a7380000-7fa5a7385000 r--s 0001f000 08:07 1189090                    /home/chivu/.gradle/wrapper/dists/gradle-3.3-all/55gk2rcmfc6p2dg9u9ohc3hw9/gradle-3.3/lib/plugins/gradle-platform-jvm-3.3.jar
7fa5a7385000-7fa5a738d000 r--s 00027000 08:07 1189089                    /home/chivu/.gradle/wrapper/dists/gradle-3.3-all/55gk2rcmfc6p2dg9u9ohc3hw9/gradle-3.3/lib/plugins/gradle-platform-base-3.3.jar
7fa5a738d000-7fa5a73b5000 r--s 0021c000 08:07 1189122                    /home/chivu/.gradle/wrapper/dists/gradle-3.3-all/55gk2rcmfc6p2dg9u9ohc3hw9/gradle-3.3/lib/plugins/biz.aQute.bndlib-3.2.0.jar
7fa5a73b5000-7fa5a73b7000 r--s 00003000 08:07 1189074                    /home/chivu/.gradle/wrapper/dists/gradle-3.3-all/55gk2rcmfc6p2dg9u9ohc3hw9/gradle-3.3/lib/plugins/gradle-osgi-3.3.jar
7fa5a73b7000-7fa5a73ba000 r--s 0000c000 08:07 1189125                    /home/chivu/.gradle/wrapper/dists/gradle-3.3-all/55gk2rcmfc6p2dg9u9ohc3hw9/gradle-3.3/lib/plugins/pmaven-groovy-0.8-20100325.jar
7fa5a73ba000-7fa5a73bb000 r--s 00004000 08:07 1189124                    /home/chivu/.gradle/wrapper/dists/gradle-3.3-all/55gk2rcmfc6p2dg9u9ohc3hw9/gradle-3.3/lib/plugins/pmaven-common-0.8-20100325.jar
7fa5a73bb000-7fa5a73c1000 r--s 00023000 08:07 1189075                    /home/chivu/.gradle/wrapper/dists/gradle-3.3-all/55gk2rcmfc6p2dg9u9ohc3hw9/gradle-3.3/lib/plugins/gradle-maven-3.3.jar
7fa5a73c1000-7fa5a73c4000 r--s 0000b000 08:07 1189094                    /home/chivu/.gradle/wrapper/dists/gradle-3.3-all/55gk2rcmfc6p2dg9u9ohc3hw9/gradle-3.3/lib/plugins/gradle-language-scala-3.3.jar
7fa5a73c4000-7fa5a73ca000 r--s 0001a000 08:07 1189098                    /home/chivu/.gradle/wrapper/dists/gradle-3.3-all/55gk2rcmfc6p2dg9u9ohc3hw9/gradle-3.3/lib/plugins/gradle-language-native-3.3.jar
7fa5a73ca000-7fa5a73cd000 r--s 00005000 08:07 1189091                    /home/chivu/.gradle/wrapper/dists/gradle-3.3-all/55gk2rcmfc6p2dg9u9ohc3hw9/gradle-3.3/lib/plugins/gradle-language-jvm-3.3.jar
7fa5a73cd000-7fa5a73d3000 r--s 00027000 08:07 1189092                    /home/chivu/.gradle/wrapper/dists/gradle-3.3-all/55gk2rcmfc6p2dg9u9ohc3hw9/gradle-3.3/lib/plugins/gradle-language-java-3.3.jar
7fa5a73d3000-7fa5a73d5000 r--s 0000a000 08:07 1189093                    /home/chivu/.gradle/wrapper/dists/gradle-3.3-all/55gk2rcmfc6p2dg9u9ohc3hw9/gradle-3.3/lib/plugins/gradle-language-groovy-3.3.jar
7fa5a73d5000-7fa5a73d8000 r--s 0001e000 08:07 1189149                    /home/chivu/.gradle/wrapper/dists/gradle-3.3-all/55gk2rcmfc6p2dg9u9ohc3hw9/gradle-3.3/lib/plugins/jsp-api-2.1-6.1.14.jar
7fa5a73d8000-7fa5a73fb000 r--s 00344000 08:07 1189148                    /home/chivu/.gradle/wrapper/dists/gradle-3.3-all/55gk2rcmfc6p2dg9u9ohc3hw9/gradle-3.3/lib/plugins/core-3.1.1.jar
7fa5a73fb000-7fa5a73fc000 r--s 00006000 08:07 1189147                    /home/chivu/.gradle/wrapper/dists/gradle-3.3-all/55gk2rcmfc6p2dg9u9ohc3hw9/gradle-3.3/lib/plugins/jetty-naming-6.1.26.jar
7fa5a73fc000-7fa5a73fd000 r--s 00002000 08:07 1189121                    /home/chivu/.gradle/wrapper/dists/gradle-3.3-all/55gk2rcmfc6p2dg9u9ohc3hw9/gradle-3.3/lib/plugins/geronimo-annotation_1.0_spec-1.0.jar
7fa5a73fd000-7fa5a73ff000 r--s 00002000 08:07 1189120                    /home/chivu/.gradle/wrapper/dists/gradle-3.3-all/55gk2rcmfc6p2dg9u9ohc3hw9/gradle-3.3/lib/plugins/jetty-annotations-6.1.26.jar
7fa5a73ff000-7fa5a7410000 r--s 000ea000 08:07 1189119                    /home/chivu/.gradle/wrapper/dists/gradle-3.3-all/55gk2rcmfc6p2dg9u9ohc3hw9/gradle-3.3/lib/plugins/jsp-2.1-6.1.14.jar
7fa5a7410000-7fa5a7412000 r--s 0000d000 08:07 1189118                    /home/chivu/.gradle/wrapper/dists/gradle-3.3-all/55gk2rcmfc6p2dg9u9ohc3hw9/gradle-3.3/lib/plugins/jetty-plus-6.1.26.jar
7fa5a7412000-7fa5a7414000 r--s 0001f000 08:07 1189117                    /home/chivu/.gradle/wrapper/dists/gradle-3.3-all/55gk2rcmfc6p2dg9u9ohc3hw9/gradle-3.3/lib/plugins/servlet-api-2.5-20081211.jar
7fa5a7414000-7fa5a7418000 r--s 00028000 08:07 1189116                    /home/chivu/.gradle/wrapper/dists/gradle-3.3-all/55gk2rcmfc6p2dg9u9ohc3hw9/gradle-3.3/lib/plugins/jetty-util-6.1.26.jar
7fa5a7418000-7fa5a741f000 r--s 0007d000 08:07 1189115                    /home/chivu/.gradle/wrapper/dists/gradle-3.3-all/55gk2rcmfc6p2dg9u9ohc3hw9/gradle-3.3/lib/plugins/jetty-6.1.26.jar
7fa5a741f000-7fa5a7421000 r--s 0000a000 08:07 1189072                    /home/chivu/.gradle/wrapper/dists/gradle-3.3-all/55gk2rcmfc6p2dg9u9ohc3hw9/gradle-3.3/lib/plugins/gradle-jetty-3.3.jar
7fa5a7421000-7fa5a7428000 r--s 00035000 08:07 1189130                    /home/chivu/.gradle/wrapper/dists/gradle-3.3-all/55gk2rcmfc6p2dg9u9ohc3hw9/gradle-3.3/lib/plugins/simple-4.1.21.jar
7fa5a7428000-7fa5a7434000 r--s 00100000 08:07 1189128                    /home/chivu/.gradle/wrapper/dists/gradle-3.3-all/55gk2rcmfc6p2dg9u9ohc3hw9/gradle-3.3/lib/plugins/rhino-1.7R3.jar
7fa5a7434000-7fa5a7438000 r--s 00012000 08:07 1189081                    /home/chivu/.gradle/wrapper/dists/gradle-3.3-all/55gk2rcmfc6p2dg9u9ohc3hw9/gradle-3.3/lib/plugins/gradle-javascript-3.3.jar
7fa5a7438000-7fa5a743a000 r--s 0000d000 08:07 1189087                    /home/chivu/.gradle/wrapper/dists/gradle-3.3-all/55gk2rcmfc6p2dg9u9ohc3hw9/gradle-3.3/lib/plugins/gradle-jacoco-3.3.jar
7fa5a743a000-7fa5a743d000 r--s 0000e000 08:07 1189086                    /home/chivu/.gradle/wrapper/dists/gradle-3.3-all/55gk2rcmfc6p2dg9u9ohc3hw9/gradle-3.3/lib/plugins/gradle-ivy-3.3.jar
7fa5a743d000-7fa5a743e000 r--s 00002000 08:07 1189097                    /home/chivu/.gradle/wrapper/dists/gradle-3.3-all/55gk2rcmfc6p2dg9u9ohc3hw9/gradle-3.3/lib/plugins/gradle-ide-play-3.3.jar
7fa5a743e000-7fa5a7441000 r--s 00013000 08:07 1189099                    /home/chivu/.gradle/wrapper/dists/gradle-3.3-all/55gk2rcmfc6p2dg9u9ohc3hw9/gradle-3.3/lib/plugins/gradle-ide-native-3.3.jar
7fa5a7441000-7fa5a744a000 r--s 00055000 08:07 1189076                    /home/chivu/.gradle/wrapper/dists/gradle-3.3-all/55gk2rcmfc6p2dg9u9ohc3hw9/gradle-3.3/lib/plugins/gradle-ide-3.3.jar
7fa5a744a000-7fa5a744c000 r--s 00007000 08:07 1189080                    /home/chivu/.gradle/wrapper/dists/gradle-3.3-all/55gk2rcmfc6p2dg9u9ohc3hw9/gradle-3.3/lib/plugins/gradle-ear-3.3.jar
7fa5a744c000-7fa5a7452000 r--s 00039000 08:07 1189083                    /home/chivu/.gradle/wrapper/dists/gradle-3.3-all/55gk2rcmfc6p2dg9u9ohc3hw9/gradle-3.3/lib/plugins/gradle-diagnostics-3.3.jar
7fa5a7452000-7fa5a7453000 r--s 00009000 08:07 1189109                    /home/chivu/.gradle/wrapper/dists/gradle-3.3-all/55gk2rcmfc6p2dg9u9ohc3hw9/gradle-3.3/lib/plugins/gradle-composite-builds-3.3.jar
7fa5a7453000-7fa5a7457000 r--s 00023000 08:07 1189071                    /home/chivu/.gradle/wrapper/dists/gradle-3.3-all/55gk2rcmfc6p2dg9u9ohc3hw9/gradle-3.3/lib/plugins/gradle-code-quality-3.3.jar
7fa5a7457000-7fa5a745b000 r--s 00022000 08:07 1189088                    /home/chivu/.gradle/wrapper/dists/gradle-3.3-all/55gk2rcmfc6p2dg9u9ohc3hw9/gradle-3.3/lib/plugins/gradle-build-init-3.3.jar
7fa5a745b000-7fa5a7461000 r--s 0008e000 08:07 1189082                    /home/chivu/.gradle/wrapper/dists/gradle-3.3-all/55gk2rcmfc6p2dg9u9ohc3hw9/gradle-3.3/lib/plugins/gradle-build-comparison-3.3.jar
7fa5a7461000-7fa5a7462000 r--s 00001000 08:07 1189110                    /home/chivu/.gradle/wrapper/dists/gradle-3.3-all/55gk2rcmfc6p2dg9u9ohc3hw9/gradle-3.3/lib/plugins/gradle-build-cache-http-3.3.jar
7fa5a7462000-7fa5a7464000 r--s 00008000 08:07 1189073                    /home/chivu/.gradle/wrapper/dists/gradle-3.3-all/55gk2rcmfc6p2dg9u9ohc3hw9/gradle-3.3/lib/plugins/gradle-antlr-3.3.jar
7fa5a7464000-7fa5a7466000 r--s 00004000 08:07 1189077                    /home/chivu/.gradle/wrapper/dists/gradle-3.3-all/55gk2rcmfc6p2dg9u9ohc3hw9/gradle-3.3/lib/plugins/gradle-announce-3.3.jar
7fa5a7466000-7fa5a747e000 r--s 00115000 08:07 1189179                    /home/chivu/.gradle/wrapper/dists/gradle-3.3-all/55gk2rcmfc6p2dg9u9ohc3hw9/gradle-3.3/lib/plugins/xercesImpl-2.9.1.jar
7fa5a747e000-7fa5a7486000 r--s 00028000 08:07 1189180                    /home/chivu/.gradle/wrapper/dists/gradle-3.3-all/55gk2rcmfc6p2dg9u9ohc3hw9/gradle-3.3/lib/plugins/xml-apis-1.3.04.jar
7fa5a7486000-7fa5a748c000 r--s 0005b000 08:07 1189178                    /home/chivu/.gradle/wrapper/dists/gradle-3.3-all/55gk2rcmfc6p2dg9u9ohc3hw9/gradle-3.3/lib/plugins/jcifs-1.3.17.jar
7fa5a748c000-7fa5a7492000 r--s 00033000 08:07 1189126                    /home/chivu/.gradle/wrapper/dists/gradle-3.3-all/55gk2rcmfc6p2dg9u9ohc3hw9/gradle-3.3/lib/plugins/commons-codec-1.6.jar
7fa5a7492000-7fa5a7499000 r--s 00049000 08:07 1189177                    /home/chivu/.gradle/wrapper/dists/gradle-3.3-all/55gk2rcmfc6p2dg9u9ohc3hw9/gradle-3.3/lib/plugins/httpcore-4.4.4.jar
7fa5a7499000-7fa5a749c000 r--s 0001c000 08:07 1189135                    /home/chivu/.gradle/wrapper/dists/gradle-3.3-all/55gk2rcmfc6p2dg9u9ohc3hw9/gradle-3.3/lib/plugins/nekohtml-1.9.14.jar
7fa5a749c000-7fa5a74a9000 r--s 000a4000 08:07 1189134                    /home/chivu/.gradle/wrapper/dists/gradle-3.3-all/55gk2rcmfc6p2dg9u9ohc3hw9/gradle-3.3/lib/plugins/httpclient-4.4.1.jar
7fa5a74a9000-7fa5a74ac000 r--s 0000a000 08:07 1189105                    /home/chivu/.gradle/wrapper/dists/gradle-3.3-all/55gk2rcmfc6p2dg9u9ohc3hw9/gradle-3.3/lib/plugins/gradle-resources-http-3.3.jar
7fa5a74ac000-7fa5a74b0000 r--s 00015000 08:07 1189104                    /home/chivu/.gradle/wrapper/dists/gradle-3.3-all/55gk2rcmfc6p2dg9u9ohc3hw9/gradle-3.3/lib/plugins/gradle-plugin-use-3.3.jar
7fa5a74b0000-7fa5a74b1000 r--s 00000000 08:07 1189016                    /home/chivu/.gradle/wrapper/dists/gradle-3.3-all/55gk2rcmfc6p2dg9u9ohc3hw9/gradle-3.3/lib/gradle-installation-beacon-3.3.jar
7fa5a74b1000-7fa5a74b3000 r--s 00006000 08:07 1189173                    /home/chivu/.gradle/wrapper/dists/gradle-3.3-all/55gk2rcmfc6p2dg9u9ohc3hw9/gradle-3.3/lib/plugins/aether-connector-wagon-1.13.1.jar
7fa5a74b3000-7fa5a74b7000 r--s 0001c000 08:07 1189172                    /home/chivu/.gradle/wrapper/dists/gradle-3.3-all/55gk2rcmfc6p2dg9u9ohc3hw9/gradle-3.3/lib/plugins/aether-util-1.13.1.jar
7fa5a74b7000-7fa5a74b8000 r--s 00003000 08:07 1189171                    /home/chivu/.gradle/wrapper/dists/gradle-3.3-all/55gk2rcmfc6p2dg9u9ohc3hw9/gradle-3.3/lib/plugins/aether-spi-1.13.1.jar
7fa5a74b8000-7fa5a74bb000 r--s 0001d000 08:07 1189170                    /home/chivu/.gradle/wrapper/dists/gradle-3.3-all/55gk2rcmfc6p2dg9u9ohc3hw9/gradle-3.3/lib/plugins/aether-impl-1.13.1.jar
7fa5a74bb000-7fa5a74be000 r--s 00013000 08:07 1189169                    /home/chivu/.gradle/wrapper/dists/gradle-3.3-all/55gk2rcmfc6p2dg9u9ohc3hw9/gradle-3.3/lib/plugins/aether-api-1.13.1.jar
7fa5a74be000-7fa5a74bf000 r--s 00007000 08:07 1189168                    /home/chivu/.gradle/wrapper/dists/gradle-3.3-all/55gk2rcmfc6p2dg9u9ohc3hw9/gradle-3.3/lib/plugins/wagon-http-shared4-2.4.jar
7fa5a74bf000-7fa5a74c1000 r--s 0000b000 08:07 1189167                    /home/chivu/.gradle/wrapper/dists/gradle-3.3-all/55gk2rcmfc6p2dg9u9ohc3hw9/gradle-3.3/lib/plugins/wagon-provider-api-2.4.jar
7fa5a74c1000-7fa5a74c2000 r--s 00002000 08:07 1189166                    /home/chivu/.gradle/wrapper/dists/gradle-3.3-all/55gk2rcmfc6p2dg9u9ohc3hw9/gradle-3.3/lib/plugins/wagon-http-2.4.jar
7fa5a74c2000-7fa5a74c3000 r--s 00002000 08:07 1189165                    /home/chivu/.gradle/wrapper/dists/gradle-3.3-all/55gk2rcmfc6p2dg9u9ohc3hw9/gradle-3.3/lib/plugins/wagon-file-2.4.jar
7fa5a74c3000-7fa5a74c5000 r--s 0000c000 08:07 1189164                    /home/chivu/.gradle/wrapper/dists/gradle-3.3-all/55gk2rcmfc6p2dg9u9ohc3hw9/gradle-3.3/lib/plugins/maven-aether-provider-3.0.4.jar
7fa5a74c5000-7fa5a74c7000 r--s 0000b000 08:07 1189163                    /home/chivu/.gradle/wrapper/dists/gradle-3.3-all/55gk2rcmfc6p2dg9u9ohc3hw9/gradle-3.3/lib/plugins/maven-plugin-api-3.0.4.jar
7fa5a74c7000-7fa5a74c9000 r--s 00006000 08:07 1189162                    /home/chivu/.gradle/wrapper/dists/gradle-3.3-all/55gk2rcmfc6p2dg9u9ohc3hw9/gradle-3.3/lib/plugins/maven-repository-metadata-3.0.4.jar
7fa5a74c9000-7fa5a74cb000 r--s 0000b000 08:07 1189161                    /home/chivu/.gradle/wrapper/dists/gradle-3.3-all/55gk2rcmfc6p2dg9u9ohc3hw9/gradle-3.3/lib/plugins/maven-artifact-3.0.4.jar
7fa5a74cb000-7fa5a74cd000 r--s 00026000 08:07 1189160                    /home/chivu/.gradle/wrapper/dists/gradle-3.3-all/55gk2rcmfc6p2dg9u9ohc3hw9/gradle-3.3/lib/plugins/maven-model-3.0.4.jar
7fa5a74cd000-7fa5a74d1000 r--s 00021000 08:07 1189159                    /home/chivu/.gradle/wrapper/dists/gradle-3.3-all/55gk2rcmfc6p2dg9u9ohc3hw9/gradle-3.3/lib/plugins/maven-model-builder-3.0.4.jar
7fa5a74d1000-7fa5a74d7000 r--s 0003f000 08:07 1189158                    /home/chivu/.gradle/wrapper/dists/gradle-3.3-all/55gk2rcmfc6p2dg9u9ohc3hw9/gradle-3.3/lib/plugins/maven-compat-3.0.4.jar
7fa5a74d7000-7fa5a74d8000 r--s 00006000 08:07 1189157                    /home/chivu/.gradle/wrapper/dists/gradle-3.3-all/55gk2rcmfc6p2dg9u9ohc3hw9/gradle-3.3/lib/plugins/plexus-sec-dispatcher-1.3.jar
7fa5a74d8000-7fa5a74da000 r--s 00002000 08:07 1189156                    /home/chivu/.gradle/wrapper/dists/gradle-3.3-all/55gk2rcmfc6p2dg9u9ohc3hw9/gradle-3.3/lib/plugins/plexus-cipher-1.7.jar
7fa5a74da000-7fa5a74dc000 r--s 0000a000 08:07 1189155                    /home/chivu/.gradle/wrapper/dists/gradle-3.3-all/55gk2rcmfc6p2dg9u9ohc3hw9/gradle-3.3/lib/plugins/plexus-classworlds-2.4.jar
7fa5a74dc000-7fa5a74e3000 r--s 0002e000 08:07 1189154                    /home/chivu/.gradle/wrapper/dists/gradle-3.3-all/55gk2rcmfc6p2dg9u9ohc3hw9/gradle-3.3/lib/plugins/plexus-container-default-1.5.5.jar
7fa5a74e3000-7fa5a74e5000 r--s 00000000 08:07 1189181                    /home/chivu/.gradle/wrapper/dists/gradle-3.3-all/55gk2rcmfc6p2dg9u9ohc3hw9/gradle-3.3/lib/plugins/plexus-component-annotations-1.5.5.jar
7fa5a74e5000-7fa5a74e7000 r--s 0000d000 08:07 1189153                    /home/chivu/.gradle/wrapper/dists/gradle-3.3-all/55gk2rcmfc6p2dg9u9ohc3hw9/gradle-3.3/lib/plugins/plexus-interpolation-1.14.jar
7fa5a74e7000-7fa5a7527000 r--s 00277000 08:07 1189146                    /home/chivu/.gradle/wrapper/dists/gradle-3.3-all/55gk2rcmfc6p2dg9u9ohc3hw9/gradle-3.3/lib/plugins/bcprov-jdk15on-1.51.jar
7fa5a7527000-7fa5a7546000 r--s 000f6000 08:07 1189112                    /home/chivu/.gradle/wrapper/dists/gradle-3.3-all/55gk2rcmfc6p2dg9u9ohc3hw9/gradle-3.3/lib/plugins/gradle-dependency-management-3.3.jar
7fa5a7546000-7fa5a755c000 r-xp 00000000 08:07 529479                     /lib/x86_64-linux-gnu/libgcc_s.so.1
7fa5a755c000-7fa5a775b000 ---p 00016000 08:07 529479                     /lib/x86_64-linux-gnu/libgcc_s.so.1
7fa5a775b000-7fa5a775c000 rw-p 00015000 08:07 529479                     /lib/x86_64-linux-gnu/libgcc_s.so.1
7fa5a775c000-7fa5a78ce000 r-xp 00000000 08:07 1312856                    /usr/lib/x86_64-linux-gnu/libstdc++.so.6.0.21
7fa5a78ce000-7fa5a7ace000 ---p 00172000 08:07 1312856                    /usr/lib/x86_64-linux-gnu/libstdc++.so.6.0.21
7fa5a7ace000-7fa5a7ad8000 r--p 00172000 08:07 1312856                    /usr/lib/x86_64-linux-gnu/libstdc++.so.6.0.21
7fa5a7ad8000-7fa5a7ada000 rw-p 0017c000 08:07 1312856                    /usr/lib/x86_64-linux-gnu/libstdc++.so.6.0.21
7fa5a7ada000-7fa5a7ade000 rw-p 00000000 00:00 0 
7fa5a7ade000-7fa5a7ae2000 r--s 00033000 08:07 1189152                    /home/chivu/.gradle/wrapper/dists/gradle-3.3-all/55gk2rcmfc6p2dg9u9ohc3hw9/gradle-3.3/lib/plugins/plexus-utils-2.0.6.jar
7fa5a7ae2000-7fa5a7ae5000 r--s 00008000 08:07 1189151                    /home/chivu/.gradle/wrapper/dists/gradle-3.3-all/55gk2rcmfc6p2dg9u9ohc3hw9/gradle-3.3/lib/plugins/maven-settings-builder-3.0.4.jar
7fa5a7ae5000-7fa5a7aea000 r--s 00040000 08:07 1189136                    /home/chivu/.gradle/wrapper/dists/gradle-3.3-all/55gk2rcmfc6p2dg9u9ohc3hw9/gradle-3.3/lib/plugins/jsch-0.1.53.jar
7fa5a7aea000-7fa5a7aee000 r--s 0001d000 08:07 1189145                    /home/chivu/.gradle/wrapper/dists/gradle-3.3-all/55gk2rcmfc6p2dg9u9ohc3hw9/gradle-3.3/lib/plugins/xbean-reflect-3.4.jar
7fa5a7aee000-7fa5a7afa000 r--s 0007d000 08:07 1189123                    /home/chivu/.gradle/wrapper/dists/gradle-3.3-all/55gk2rcmfc6p2dg9u9ohc3hw9/gradle-3.3/lib/plugins/maven-core-3.0.4.jar
7fa5a7afa000-7fa5a7aff000 r-xp 00000000 08:07 932602                     /home/chivu/.gradle/native/23/linux-amd64/libnative-platform.so
7fa5a7aff000-7fa5a7cfe000 ---p 00005000 08:07 932602                     /home/chivu/.gradle/native/23/linux-amd64/libnative-platform.so
7fa5a7cfe000-7fa5a7cff000 rw-p 00004000 08:07 932602                     /home/chivu/.gradle/native/23/linux-amd64/libnative-platform.so
7fa5a7cff000-7fa5a8000000 rw-p 00000000 00:00 0 
7fa5a8000000-7fa5a8133000 rw-p 00000000 00:00 0 
7fa5a8133000-7fa5ac000000 ---p 00000000 00:00 0 
7fa5ac000000-7fa5ac002000 r--s 0000a000 08:07 1189150                    /home/chivu/.gradle/wrapper/dists/gradle-3.3-all/55gk2rcmfc6p2dg9u9ohc3hw9/gradle-3.3/lib/plugins/maven-settings-3.0.4.jar
7fa5ac002000-7fa5ac007000 r--s 00034000 08:07 1189129                    /home/chivu/.gradle/wrapper/dists/gradle-3.3-all/55gk2rcmfc6p2dg9u9ohc3hw9/gradle-3.3/lib/plugins/gson-2.7.jar
7fa5ac007000-7fa5ac016000 r--s 000d9000 08:07 1189144                    /home/chivu/.gradle/wrapper/dists/gradle-3.3-all/55gk2rcmfc6p2dg9u9ohc3hw9/gradle-3.3/lib/plugins/ivy-2.2.0.jar
7fa5ac016000-7fa5ac018000 r--s 00005000 08:07 1189111                    /home/chivu/.gradle/wrapper/dists/gradle-3.3-all/55gk2rcmfc6p2dg9u9ohc3hw9/gradle-3.3/lib/plugins/gradle-workers-3.3.jar
7fa5ac018000-7fa5ac029000 r-xp 00000000 08:07 1201545                    /home/chivu/Downloads/android-studio-p/jre/jre/lib/amd64/libnio.so
7fa5ac029000-7fa5ac228000 ---p 00011000 08:07 1201545                    /home/chivu/Downloads/android-studio-p/jre/jre/lib/amd64/libnio.so
7fa5ac228000-7fa5ac229000 r--p 00010000 08:07 1201545                    /home/chivu/Downloads/android-studio-p/jre/jre/lib/amd64/libnio.so
7fa5ac229000-7fa5ac22a000 rw-p 00011000 08:07 1201545                    /home/chivu/Downloads/android-studio-p/jre/jre/lib/amd64/libnio.so
7fa5ac22a000-7fa5ac241000 r-xp 00000000 08:07 1201544                    /home/chivu/Downloads/android-studio-p/jre/jre/lib/amd64/libnet.so
7fa5ac241000-7fa5ac440000 ---p 00017000 08:07 1201544                    /home/chivu/Downloads/android-studio-p/jre/jre/lib/amd64/libnet.so
7fa5ac440000-7fa5ac441000 r--p 00016000 08:07 1201544                    /home/chivu/Downloads/android-studio-p/jre/jre/lib/amd64/libnet.so
7fa5ac441000-7fa5ac442000 rw-p 00017000 08:07 1201544                    /home/chivu/Downloads/android-studio-p/jre/jre/lib/amd64/libnet.so
7fa5ac442000-7fa5ac443000 r--s 00006000 08:07 1189015                    /home/chivu/.gradle/wrapper/dists/gradle-3.3-all/55gk2rcmfc6p2dg9u9ohc3hw9/gradle-3.3/lib/gradle-wrapper-3.3.jar
7fa5ac443000-7fa5ac450000 r--s 00041000 08:07 1189022                    /home/chivu/.gradle/wrapper/dists/gradle-3.3-all/55gk2rcmfc6p2dg9u9ohc3hw9/gradle-3.3/lib/gradle-tooling-api-3.3.jar
7fa5ac450000-7fa5ac452000 r--s 00002000 08:07 1189042                    /home/chivu/.gradle/wrapper/dists/gradle-3.3-all/55gk2rcmfc6p2dg9u9ohc3hw9/gradle-3.3/lib/gradle-open-api-3.3.jar
7fa5ac452000-7fa5ac458000 r--s 00032000 08:07 1189044                    /home/chivu/.gradle/wrapper/dists/gradle-3.3-all/55gk2rcmfc6p2dg9u9ohc3hw9/gradle-3.3/lib/jaxen-1.1.jar
7fa5ac458000-7fa5ac45d000 r--s 00048000 08:07 1189043                    /home/chivu/.gradle/wrapper/dists/gradle-3.3-all/55gk2rcmfc6p2dg9u9ohc3hw9/gradle-3.3/lib/dom4j-1.6.1.jar
7fa5ac45d000-7fa5ac468000 r--s 00059000 08:07 1189021                    /home/chivu/.gradle/wrapper/dists/gradle-3.3-all/55gk2rcmfc6p2dg9u9ohc3hw9/gradle-3.3/lib/gradle-ui-3.3.jar
7fa5ac468000-7fa5ac471000 r--s 0008c000 08:07 1189013                    /home/chivu/.gradle/wrapper/dists/gradle-3.3-all/55gk2rcmfc6p2dg9u9ohc3hw9/gradle-3.3/lib/kotlin-stdlib-1.1-M02.jar
7fa5ac471000-7fa5ac477000 r--s 0002a000 08:07 1189012                    /home/chivu/.gradle/wrapper/dists/gradle-3.3-all/55gk2rcmfc6p2dg9u9ohc3hw9/gradle-3.3/lib/kotlin-runtime-1.1-M02.jar
7fa5ac477000-7fa5ac4ab000 r--s 00256000 08:07 1189011                    /home/chivu/.gradle/wrapper/dists/gradle-3.3-all/55gk2rcmfc6p2dg9u9ohc3hw9/gradle-3.3/lib/kotlin-reflect-1.1-M02.jar
7fa5ac4ab000-7fa5ac641000 r--s 0157e000 08:07 1189010                    /home/chivu/.gradle/wrapper/dists/gradle-3.3-all/55gk2rcmfc6p2dg9u9ohc3hw9/gradle-3.3/lib/kotlin-compiler-embeddable-1.1-M02.jar
7fa5ac641000-7fa5ac649000 r--s 0004e000 08:07 1189009                    /home/chivu/.gradle/wrapper/dists/gradle-3.3-all/55gk2rcmfc6p2dg9u9ohc3hw9/gradle-3.3/lib/gradle-script-kotlin-0.5.1.jar
7fa5ac649000-7fa5ac64c000 r--s 0000b000 08:07 1189040                    /home/chivu/.gradle/wrapper/dists/gradle-3.3-all/55gk2rcmfc6p2dg9u9ohc3hw9/gradle-3.3/lib/gradle-resources-3.3.jar
7fa5ac64c000-7fa5ac64e000 r--s 00003000 08:07 1189049                    /home/chivu/.gradle/wrapper/dists/gradle-3.3-all/55gk2rcmfc6p2dg9u9ohc3hw9/gradle-3.3/lib/jcl-over-slf4j-1.7.10.jar
7fa5ac64e000-7fa5ac64f000 r--s 00005000 08:07 1189048                    /home/chivu/.gradle/wrapper/dists/gradle-3.3-all/55gk2rcmfc6p2dg9u9ohc3hw9/gradle-3.3/lib/log4j-over-slf4j-1.7.10.jar
7fa5ac64f000-7fa5ac651000 r--s 00000000 08:07 1189047                    /home/chivu/.gradle/wrapper/dists/gradle-3.3-all/55gk2rcmfc6p2dg9u9ohc3hw9/gradle-3.3/lib/jul-to-slf4j-1.7.10.jar
7fa5ac651000-7fa5ac656000 r--s 0001e000 08:07 1189024                    /home/chivu/.gradle/wrapper/dists/gradle-3.3-all/55gk2rcmfc6p2dg9u9ohc3hw9/gradle-3.3/lib/gradle-logging-3.3.jar
7fa5ac656000-7fa5ac658000 r--s 00007000 08:07 1189068                    /home/chivu/.gradle/wrapper/dists/gradle-3.3-all/55gk2rcmfc6p2dg9u9ohc3hw9/gradle-3.3/lib/objenesis-1.2.jar
7fa5ac658000-7fa5ac65a000 r--s 00000000 08:07 1189067                    /home/chivu/.gradle/wrapper/dists/gradle-3.3-all/55gk2rcmfc6p2dg9u9ohc3hw9/gradle-3.3/lib/minlog-1.2.jar
7fa5ac65a000-7fa5ac65c000 r--s 0000f000 08:07 1189066                    /home/chivu/.gradle/wrapper/dists/gradle-3.3-all/55gk2rcmfc6p2dg9u9ohc3hw9/gradle-3.3/lib/reflectasm-1.07-shaded.jar
7fa5ac65c000-7fa5ac660000 r--s 00026000 08:07 1189051                    /home/chivu/.gradle/wrapper/dists/gradle-3.3-all/55gk2rcmfc6p2dg9u9ohc3hw9/gradle-3.3/lib/kryo-2.20.jar
7fa5ac660000-7fa5ac666000 r--s 00027000 08:07 1189039                    /home/chivu/.gradle/wrapper/dists/gradle-3.3-all/55gk2rcmfc6p2dg9u9ohc3hw9/gradle-3.3/lib/gradle-messaging-3.3.jar
7fa5ac666000-7fa5ac667000 r--s 00001000 08:07 1189065                    /home/chivu/.gradle/wrapper/dists/gradle-3.3-all/55gk2rcmfc6p2dg9u9ohc3hw9/gradle-3.3/lib/native-platform-linux-i386-ncurses6-0.12.jar
7fa5ac667000-7fa5ac668000 r--s 00001000 08:07 1189064                    /home/chivu/.gradle/wrapper/dists/gradle-3.3-all/55gk2rcmfc6p2dg9u9ohc3hw9/gradle-3.3/lib/native-platform-linux-i386-ncurses5-0.12.jar
7fa5ac668000-7fa5ac669000 r--s 00001000 08:07 1189063                    /home/chivu/.gradle/wrapper/dists/gradle-3.3-all/55gk2rcmfc6p2dg9u9ohc3hw9/gradle-3.3/lib/native-platform-linux-amd64-ncurses6-0.12.jar
7fa5ac669000-7fa5ac66a000 r--s 00001000 08:07 1189062                    /home/chivu/.gradle/wrapper/dists/gradle-3.3-all/55gk2rcmfc6p2dg9u9ohc3hw9/gradle-3.3/lib/native-platform-linux-amd64-ncurses5-0.12.jar
7fa5ac66a000-7fa5ac66b000 r--s 0000b000 08:07 1189061                    /home/chivu/.gradle/wrapper/dists/gradle-3.3-all/55gk2rcmfc6p2dg9u9ohc3hw9/gradle-3.3/lib/native-platform-windows-i386-0.12.jar
7fa5ac66b000-7fa5ac66d000 r--s 0000b000 08:07 1189060                    /home/chivu/.gradle/wrapper/dists/gradle-3.3-all/55gk2rcmfc6p2dg9u9ohc3hw9/gradle-3.3/lib/native-platform-windows-amd64-0.12.jar
7fa5ac66d000-7fa5ac66f000 r--s 00002000 08:07 1189059                    /home/chivu/.gradle/wrapper/dists/gradle-3.3-all/55gk2rcmfc6p2dg9u9ohc3hw9/gradle-3.3/lib/native-platform-osx-i386-0.12.jar
7fa5ac66f000-7fa5ac670000 r--s 00002000 08:07 1189058                    /home/chivu/.gradle/wrapper/dists/gradle-3.3-all/55gk2rcmfc6p2dg9u9ohc3hw9/gradle-3.3/lib/native-platform-osx-amd64-0.12.jar
7fa5ac670000-7fa5ac671000 r--s 00002000 08:07 1189057                    /home/chivu/.gradle/wrapper/dists/gradle-3.3-all/55gk2rcmfc6p2dg9u9ohc3hw9/gradle-3.3/lib/native-platform-linux-i386-0.12.jar
7fa5ac671000-7fa5ac672000 r--s 00002000 08:07 1189056                    /home/chivu/.gradle/wrapper/dists/gradle-3.3-all/55gk2rcmfc6p2dg9u9ohc3hw9/gradle-3.3/lib/native-platform-linux-amd64-0.12.jar
7fa5ac672000-7fa5ac673000 r--s 00003000 08:07 1189055                    /home/chivu/.gradle/wrapper/dists/gradle-3.3-all/55gk2rcmfc6p2dg9u9ohc3hw9/gradle-3.3/lib/native-platform-freebsd-i386-libstdcpp-0.12.jar
7fa5ac673000-7fa5ac675000 r--s 00003000 08:07 1189053                    /home/chivu/.gradle/wrapper/dists/gradle-3.3-all/55gk2rcmfc6p2dg9u9ohc3hw9/gradle-3.3/lib/native-platform-freebsd-amd64-libstdcpp-0.12.jar
7fa5ac675000-7fa5ac678000 r--s 00023000 08:07 1189046                    /home/chivu/.gradle/wrapper/dists/gradle-3.3-all/55gk2rcmfc6p2dg9u9ohc3hw9/gradle-3.3/lib/jansi-1.14.jar
7fa5ac678000-7fa5ac67c000 r--s 00011000 08:07 1189045                    /home/chivu/.gradle/wrapper/dists/gradle-3.3-all/55gk2rcmfc6p2dg9u9ohc3hw9/gradle-3.3/lib/native-platform-0.12.jar
7fa5ac67c000-7fa5ac67f000 r--s 0000a000 08:07 1189023                    /home/chivu/.gradle/wrapper/dists/gradle-3.3-all/55gk2rcmfc6p2dg9u9ohc3hw9/gradle-3.3/lib/gradle-native-3.3.jar
7fa5ac67f000-7fa5ac68e000 r--s 0007f000 08:07 1189030                    /home/chivu/.gradle/wrapper/dists/gradle-3.3-all/55gk2rcmfc6p2dg9u9ohc3hw9/gradle-3.3/lib/gradle-model-core-3.3.jar
7fa5ac68e000-7fa5ac69b000 r--s 00083000 08:07 1189034                    /home/chivu/.gradle/wrapper/dists/gradle-3.3-all/55gk2rcmfc6p2dg9u9ohc3hw9/gradle-3.3/lib/commons-collections-3.2.2.jar
7fa5ac69b000-7fa5ac70b000 r--s 00641000 08:07 1189029                    /home/chivu/.gradle/wrapper/dists/gradle-3.3-all/55gk2rcmfc6p2dg9u9ohc3hw9/gradle-3.3/lib/groovy-all-2.4.7.jar
7fa5ac70b000-7fa5ac733000 r--s 001cf000 08:07 1189026                    /home/chivu/.gradle/wrapper/dists/gradle-3.3-all/55gk2rcmfc6p2dg9u9ohc3hw9/gradle-3.3/lib/guava-jdk5-17.0.jar
7fa5ac733000-7fa5ac752000 r--s 001d1000 08:07 1189033                    /home/chivu/.gradle/wrapper/dists/gradle-3.3-all/55gk2rcmfc6p2dg9u9ohc3hw9/gradle-3.3/lib/ant-1.9.6.jar
7fa5ac752000-7fa5ac78f000 r--s 001f8000 08:07 1189019                    /home/chivu/.gradle/wrapper/dists/gradle-3.3-all/55gk2rcmfc6p2dg9u9ohc3hw9/gradle-3.3/lib/gradle-core-3.3.jar
7fa5ac78f000-7fa5ac790000 ---p 00000000 00:00 0 
7fa5ac790000-7fa5ac890000 rw-p 00000000 00:00 0 
7fa5ac890000-7fa5ac893000 ---p 00000000 00:00 0 
7fa5ac893000-7fa5ac991000 rw-p 00000000 00:00 0 
7fa5ac991000-7fa5ac994000 ---p 00000000 00:00 0 
7fa5ac994000-7fa5aca92000 rw-p 00000000 00:00 0 
7fa5aca92000-7fa5aca95000 ---p 00000000 00:00 0 
7fa5aca95000-7fa5acb93000 rw-p 00000000 00:00 0 
7fa5acb93000-7fa5acb96000 ---p 00000000 00:00 0 
7fa5acb96000-7fa5acc94000 rw-p 00000000 00:00 0 
7fa5acc94000-7fa5acc97000 ---p 00000000 00:00 0 
7fa5acc97000-7fa5acd95000 rw-p 00000000 00:00 0 
7fa5acd95000-7fa5ad06d000 r--p 00000000 08:07 1311727                    /usr/lib/locale/locale-archive
7fa5ad06d000-7fa5ad070000 ---p 00000000 00:00 0 
7fa5ad070000-7fa5ad16e000 rw-p 00000000 00:00 0 
7fa5ad16e000-7fa5ad171000 ---p 00000000 00:00 0 
7fa5ad171000-7fa5ad26f000 rw-p 00000000 00:00 0 
7fa5ad26f000-7fa5ad270000 ---p 00000000 00:00 0 
7fa5ad270000-7fa5b1000000 rw-p 00000000 00:00 0 
7fa5b1000000-7fa5b3090000 rwxp 00000000 00:00 0 
7fa5b3090000-7fa5c0000000 ---p 00000000 00:00 0 
7fa5c0000000-7fa5c0c91000 rw-p 00000000 00:00 0 
7fa5c0c91000-7fa5c4000000 ---p 00000000 00:00 0 
7fa5c4000000-7fa5c4001000 r--s 00004000 08:07 1189054                    /home/chivu/.gradle/wrapper/dists/gradle-3.3-all/55gk2rcmfc6p2dg9u9ohc3hw9/gradle-3.3/lib/native-platform-freebsd-i386-libcpp-0.12.jar
7fa5c4001000-7fa5c4002000 r--s 00004000 08:07 1189052                    /home/chivu/.gradle/wrapper/dists/gradle-3.3-all/55gk2rcmfc6p2dg9u9ohc3hw9/gradle-3.3/lib/native-platform-freebsd-amd64-libcpp-0.12.jar
7fa5c4002000-7fa5c4004000 r--s 00005000 08:07 1189020                    /home/chivu/.gradle/wrapper/dists/gradle-3.3-all/55gk2rcmfc6p2dg9u9ohc3hw9/gradle-3.3/lib/gradle-cli-3.3.jar
7fa5c4004000-7fa5c4006000 r--s 00007000 08:07 1189031                    /home/chivu/.gradle/wrapper/dists/gradle-3.3-all/55gk2rcmfc6p2dg9u9ohc3hw9/gradle-3.3/lib/gradle-model-groovy-3.3.jar
7fa5c4006000-7fa5c4008000 r--s 00006000 08:07 1189038                    /home/chivu/.gradle/wrapper/dists/gradle-3.3-all/55gk2rcmfc6p2dg9u9ohc3hw9/gradle-3.3/lib/gradle-base-services-groovy-3.3.jar
7fa5c4008000-7fa5c4009000 r--s 00002000 08:07 1189041                    /home/chivu/.gradle/wrapper/dists/gradle-3.3-all/55gk2rcmfc6p2dg9u9ohc3hw9/gradle-3.3/lib/gradle-docs-3.3.jar
7fa5c4009000-7fa5c435a000 rw-p 00000000 00:00 0 
7fa5c435a000-7fa5c4529000 r--s 03c1b000 08:07 1201515                    /home/chivu/Downloads/android-studio-p/jre/jre/lib/rt.jar
7fa5c4529000-7fa5c509f000 rw-p 00000000 00:00 0 
7fa5c509f000-7fa5c50a0000 ---p 00000000 00:00 0 
7fa5c50a0000-7fa5c51a0000 rw-p 00000000 00:00 0 
7fa5c51a0000-7fa5c51a1000 ---p 00000000 00:00 0 
7fa5c51a1000-7fa5c52a1000 rw-p 00000000 00:00 0 
7fa5c52a1000-7fa5c52a2000 ---p 00000000 00:00 0 
7fa5c52a2000-7fa5c53a2000 rw-p 00000000 00:00 0 
7fa5c53a2000-7fa5c53a3000 ---p 00000000 00:00 0 
7fa5c53a3000-7fa5c5653000 rw-p 00000000 00:00 0 
7fa5c5653000-7fa5c56a3000 ---p 00000000 00:00 0 
7fa5c56a3000-7fa5c5853000 rw-p 00000000 00:00 0 
7fa5c5853000-7fa5c58a3000 ---p 00000000 00:00 0 
7fa5c58a3000-7fa5c59a3000 rw-p 00000000 00:00 0 
7fa5c59a3000-7fa5c5a27000 rw-p 00000000 00:00 0 
7fa5c5a27000-7fa5c5d64000 ---p 00000000 00:00 0 
7fa5c5d64000-7fa5c5d7e000 r-xp 00000000 08:07 1201530                    /home/chivu/Downloads/android-studio-p/jre/jre/lib/amd64/libzip.so
7fa5c5d7e000-7fa5c5f7e000 ---p 0001a000 08:07 1201530                    /home/chivu/Downloads/android-studio-p/jre/jre/lib/amd64/libzip.so
7fa5c5f7e000-7fa5c5f7f000 r--p 0001a000 08:07 1201530                    /home/chivu/Downloads/android-studio-p/jre/jre/lib/amd64/libzip.so
7fa5c5f7f000-7fa5c5f80000 rw-p 0001b000 08:07 1201530                    /home/chivu/Downloads/android-studio-p/jre/jre/lib/amd64/libzip.so
7fa5c5f80000-7fa5c5f8b000 r-xp 00000000 08:07 541944                     /lib/x86_64-linux-gnu/libnss_files-2.23.so
7fa5c5f8b000-7fa5c618a000 ---p 0000b000 08:07 541944                     /lib/x86_64-linux-gnu/libnss_files-2.23.so
7fa5c618a000-7fa5c618b000 r--p 0000a000 08:07 541944                     /lib/x86_64-linux-gnu/libnss_files-2.23.so
7fa5c618b000-7fa5c618c000 rw-p 0000b000 08:07 541944                     /lib/x86_64-linux-gnu/libnss_files-2.23.so
7fa5c618c000-7fa5c6192000 rw-p 00000000 00:00 0 
7fa5c6192000-7fa5c619d000 r-xp 00000000 08:07 541937                     /lib/x86_64-linux-gnu/libnss_nis-2.23.so
7fa5c619d000-7fa5c639c000 ---p 0000b000 08:07 541937                     /lib/x86_64-linux-gnu/libnss_nis-2.23.so
7fa5c639c000-7fa5c639d000 r--p 0000a000 08:07 541937                     /lib/x86_64-linux-gnu/libnss_nis-2.23.so
7fa5c639d000-7fa5c639e000 rw-p 0000b000 08:07 541937                     /lib/x86_64-linux-gnu/libnss_nis-2.23.so
7fa5c639e000-7fa5c63b4000 r-xp 00000000 08:07 541939                     /lib/x86_64-linux-gnu/libnsl-2.23.so
7fa5c63b4000-7fa5c65b3000 ---p 00016000 08:07 541939                     /lib/x86_64-linux-gnu/libnsl-2.23.so
7fa5c65b3000-7fa5c65b4000 r--p 00015000 08:07 541939                     /lib/x86_64-linux-gnu/libnsl-2.23.so
7fa5c65b4000-7fa5c65b5000 rw-p 00016000 08:07 541939                     /lib/x86_64-linux-gnu/libnsl-2.23.so
7fa5c65b5000-7fa5c65b7000 rw-p 00000000 00:00 0 
7fa5c65b7000-7fa5c65bf000 r-xp 00000000 08:07 541946                     /lib/x86_64-linux-gnu/libnss_compat-2.23.so
7fa5c65bf000-7fa5c67be000 ---p 00008000 08:07 541946                     /lib/x86_64-linux-gnu/libnss_compat-2.23.so
7fa5c67be000-7fa5c67bf000 r--p 00007000 08:07 541946                     /lib/x86_64-linux-gnu/libnss_compat-2.23.so
7fa5c67bf000-7fa5c67c0000 rw-p 00008000 08:07 541946                     /lib/x86_64-linux-gnu/libnss_compat-2.23.so
7fa5c67c0000-7fa5c67ed000 r-xp 00000000 08:07 1201547                    /home/chivu/Downloads/android-studio-p/jre/jre/lib/amd64/libjava.so
7fa5c67ed000-7fa5c69ec000 ---p 0002d000 08:07 1201547                    /home/chivu/Downloads/android-studio-p/jre/jre/lib/amd64/libjava.so
7fa5c69ec000-7fa5c69ed000 r--p 0002c000 08:07 1201547                    /home/chivu/Downloads/android-studio-p/jre/jre/lib/amd64/libjava.so
7fa5c69ed000-7fa5c69ef000 rw-p 0002d000 08:07 1201547                    /home/chivu/Downloads/android-studio-p/jre/jre/lib/amd64/libjava.so
7fa5c69ef000-7fa5c69ff000 r-xp 00000000 08:07 1201520                    /home/chivu/Downloads/android-studio-p/jre/jre/lib/amd64/libverify.so
7fa5c69ff000-7fa5c6bfe000 ---p 00010000 08:07 1201520                    /home/chivu/Downloads/android-studio-p/jre/jre/lib/amd64/libverify.so
7fa5c6bfe000-7fa5c6c00000 r--p 0000f000 08:07 1201520                    /home/chivu/Downloads/android-studio-p/jre/jre/lib/amd64/libverify.so
7fa5c6c00000-7fa5c6c01000 rw-p 00011000 08:07 1201520                    /home/chivu/Downloads/android-studio-p/jre/jre/lib/amd64/libverify.so
7fa5c6c01000-7fa5c6c08000 r-xp 00000000 08:07 541947                     /lib/x86_64-linux-gnu/librt-2.23.so
7fa5c6c08000-7fa5c6e07000 ---p 00007000 08:07 541947                     /lib/x86_64-linux-gnu/librt-2.23.so
7fa5c6e07000-7fa5c6e08000 r--p 00006000 08:07 541947                     /lib/x86_64-linux-gnu/librt-2.23.so
7fa5c6e08000-7fa5c6e09000 rw-p 00007000 08:07 541947                     /lib/x86_64-linux-gnu/librt-2.23.so
7fa5c6e09000-7fa5c6f11000 r-xp 00000000 08:07 541938                     /lib/x86_64-linux-gnu/libm-2.23.so
7fa5c6f11000-7fa5c7110000 ---p 00108000 08:07 541938                     /lib/x86_64-linux-gnu/libm-2.23.so
7fa5c7110000-7fa5c7111000 r--p 00107000 08:07 541938                     /lib/x86_64-linux-gnu/libm-2.23.so
7fa5c7111000-7fa5c7112000 rw-p 00108000 08:07 541938                     /lib/x86_64-linux-gnu/libm-2.23.so
7fa5c7112000-7fa5c7d03000 r-xp 00000000 08:07 1201528                    /home/chivu/Downloads/android-studio-p/jre/jre/lib/amd64/server/libjvm.so
7fa5c7d03000-7fa5c7f03000 ---p 00bf1000 08:07 1201528                    /home/chivu/Downloads/android-studio-p/jre/jre/lib/amd64/server/libjvm.so
7fa5c7f03000-7fa5c7fa2000 r--p 00bf1000 08:07 1201528                    /home/chivu/Downloads/android-studio-p/jre/jre/lib/amd64/server/libjvm.so
7fa5c7fa2000-7fa5c7fcb000 rw-p 00c90000 08:07 1201528                    /home/chivu/Downloads/android-studio-p/jre/jre/lib/amd64/server/libjvm.so
7fa5c7fcb000-7fa5c800f000 rw-p 00000000 00:00 0 
7fa5c800f000-7fa5c8027000 r-xp 00000000 08:07 541951                     /lib/x86_64-linux-gnu/libpthread-2.23.so
7fa5c8027000-7fa5c8226000 ---p 00018000 08:07 541951                     /lib/x86_64-linux-gnu/libpthread-2.23.so
7fa5c8226000-7fa5c8227000 r--p 00017000 08:07 541951                     /lib/x86_64-linux-gnu/libpthread-2.23.so
7fa5c8227000-7fa5c8228000 rw-p 00018000 08:07 541951                     /lib/x86_64-linux-gnu/libpthread-2.23.so
7fa5c8228000-7fa5c822c000 rw-p 00000000 00:00 0 
7fa5c822c000-7fa5c822f000 r-xp 00000000 08:07 541936                     /lib/x86_64-linux-gnu/libdl-2.23.so
7fa5c822f000-7fa5c842e000 ---p 00003000 08:07 541936                     /lib/x86_64-linux-gnu/libdl-2.23.so
7fa5c842e000-7fa5c842f000 r--p 00002000 08:07 541936                     /lib/x86_64-linux-gnu/libdl-2.23.so
7fa5c842f000-7fa5c8430000 rw-p 00003000 08:07 541936                     /lib/x86_64-linux-gnu/libdl-2.23.so
7fa5c8430000-7fa5c85ef000 r-xp 00000000 08:07 541940                     /lib/x86_64-linux-gnu/libc-2.23.so
7fa5c85ef000-7fa5c87ef000 ---p 001bf000 08:07 541940                     /lib/x86_64-linux-gnu/libc-2.23.so
7fa5c87ef000-7fa5c87f3000 r--p 001bf000 08:07 541940                     /lib/x86_64-linux-gnu/libc-2.23.so
7fa5c87f3000-7fa5c87f5000 rw-p 001c3000 08:07 541940                     /lib/x86_64-linux-gnu/libc-2.23.so
7fa5c87f5000-7fa5c87f9000 rw-p 00000000 00:00 0 
7fa5c87f9000-7fa5c880f000 r-xp 00000000 08:07 1201477                    /home/chivu/Downloads/android-studio-p/jre/lib/amd64/jli/libjli.so
7fa5c880f000-7fa5c8a0e000 ---p 00016000 08:07 1201477                    /home/chivu/Downloads/android-studio-p/jre/lib/amd64/jli/libjli.so
7fa5c8a0e000-7fa5c8a0f000 r--p 00015000 08:07 1201477                    /home/chivu/Downloads/android-studio-p/jre/lib/amd64/jli/libjli.so
7fa5c8a0f000-7fa5c8a10000 rw-p 00016000 08:07 1201477                    /home/chivu/Downloads/android-studio-p/jre/lib/amd64/jli/libjli.so
7fa5c8a10000-7fa5c8a36000 r-xp 00000000 08:07 541941                     /lib/x86_64-linux-gnu/ld-2.23.so
7fa5c8a36000-7fa5c8a37000 r--s 00000000 08:07 1189037                    /home/chivu/.gradle/wrapper/dists/gradle-3.3-all/55gk2rcmfc6p2dg9u9ohc3hw9/gradle-3.3/lib/javax.inject-1.jar
7fa5c8a37000-7fa5c8a38000 r--s 00000000 08:07 1189036                    /home/chivu/.gradle/wrapper/dists/gradle-3.3-all/55gk2rcmfc6p2dg9u9ohc3hw9/gradle-3.3/lib/jcip-annotations-1.0.jar
7fa5c8a38000-7fa5c8a3c000 r--s 00027000 08:07 1189035                    /home/chivu/.gradle/wrapper/dists/gradle-3.3-all/55gk2rcmfc6p2dg9u9ohc3hw9/gradle-3.3/lib/commons-io-2.2.jar
7fa5c8a3c000-7fa5c8a41000 r--s 00038000 08:07 1189032                    /home/chivu/.gradle/wrapper/dists/gradle-3.3-all/55gk2rcmfc6p2dg9u9ohc3hw9/gradle-3.3/lib/asm-all-5.1.jar
7fa5c8a41000-7fa5c8a42000 r--s 00001000 08:07 1189028                    /home/chivu/.gradle/wrapper/dists/gradle-3.3-all/55gk2rcmfc6p2dg9u9ohc3hw9/gradle-3.3/lib/gradle-process-services-3.3.jar
7fa5c8a42000-7fa5c8a47000 r--s 00041000 08:07 1189027                    /home/chivu/.gradle/wrapper/dists/gradle-3.3-all/55gk2rcmfc6p2dg9u9ohc3hw9/gradle-3.3/lib/commons-lang-2.6.jar
7fa5c8a47000-7fa5c8a50000 r--s 00042000 08:07 1189017                    /home/chivu/.gradle/wrapper/dists/gradle-3.3-all/55gk2rcmfc6p2dg9u9ohc3hw9/gradle-3.3/lib/gradle-base-services-3.3.jar
7fa5c8a50000-7fa5c8b12000 rw-p 00000000 00:00 0 
7fa5c8b12000-7fa5c8b15000 ---p 00000000 00:00 0 
7fa5c8b15000-7fa5c8c17000 rw-p 00000000 00:00 0 
7fa5c8c17000-7fa5c8c19000 r--s 00000000 08:07 1189018                    /home/chivu/.gradle/wrapper/dists/gradle-3.3-all/55gk2rcmfc6p2dg9u9ohc3hw9/gradle-3.3/lib/gradle-jvm-services-3.3.jar
7fa5c8c19000-7fa5c8c1a000 r--s 00000000 08:07 1189183                    /home/chivu/.gradle/wrapper/dists/gradle-3.3-all/55gk2rcmfc6p2dg9u9ohc3hw9/gradle-3.3/lib/gradle-version-info-3.3.jar
7fa5c8c1a000-7fa5c8c1b000 r--s 00007000 08:07 1189025                    /home/chivu/.gradle/wrapper/dists/gradle-3.3-all/55gk2rcmfc6p2dg9u9ohc3hw9/gradle-3.3/lib/slf4j-api-1.7.10.jar
7fa5c8c1b000-7fa5c8c1c000 r--s 00004000 08:07 1189050                    /home/chivu/.gradle/wrapper/dists/gradle-3.3-all/55gk2rcmfc6p2dg9u9ohc3hw9/gradle-3.3/lib/ant-launcher-1.9.6.jar
7fa5c8c1c000-7fa5c8c29000 r--s 0005c000 08:07 1189014                    /home/chivu/.gradle/wrapper/dists/gradle-3.3-all/55gk2rcmfc6p2dg9u9ohc3hw9/gradle-3.3/lib/gradle-launcher-3.3.jar
7fa5c8c29000-7fa5c8c31000 rw-s 00000000 08:07 262184                     /tmp/hsperfdata_chivu/3150
7fa5c8c31000-7fa5c8c32000 rw-p 00000000 00:00 0 
7fa5c8c32000-7fa5c8c33000 ---p 00000000 00:00 0 
7fa5c8c33000-7fa5c8c35000 rw-p 00000000 00:00 0 
7fa5c8c35000-7fa5c8c36000 r--p 00025000 08:07 541941                     /lib/x86_64-linux-gnu/ld-2.23.so
7fa5c8c36000-7fa5c8c37000 rw-p 00026000 08:07 541941                     /lib/x86_64-linux-gnu/ld-2.23.so
7fa5c8c37000-7fa5c8c38000 rw-p 00000000 00:00 0 
7ffd8b539000-7ffd8b55a000 rw-p 00000000 00:00 0                          [stack]
7ffd8b58a000-7ffd8b58c000 r--p 00000000 00:00 0                          [vvar]
7ffd8b58c000-7ffd8b58e000 r-xp 00000000 00:00 0                          [vdso]
ffffffffff600000-ffffffffff601000 r-xp 00000000 00:00 0                  [vsyscall]

VM Arguments:
jvm_args: -Xmx1536m -Dfile.encoding=UTF-8 -Duser.country=IN -Duser.language=en -Duser.variant 
java_command: org.gradle.launcher.daemon.bootstrap.GradleDaemon 3.3
java_class_path (initial): /home/chivu/.gradle/wrapper/dists/gradle-3.3-all/55gk2rcmfc6p2dg9u9ohc3hw9/gradle-3.3/lib/gradle-launcher-3.3.jar
Launcher Type: SUN_STANDARD

Environment Variables:
JAVA_HOME=/usr/lib/jvm/java-8-oracle
PATH=/home/chivu/bin:/home/chivu/.local/bin:/usr/local/sbin:/usr/local/bin:/usr/sbin:/usr/bin:/sbin:/bin:/usr/games:/usr/local/games:/snap/bin:/usr/lib/jvm/java-8-oracle/bin:/usr/lib/jvm/java-8-oracle/db/bin:/usr/lib/jvm/java-8-oracle/jre/bin
LD_LIBRARY_PATH=/home/chivu/Downloads/android-studio-p/bin:
SHELL=/bin/bash
DISPLAY=:0

Signal Handlers:
SIGSEGV: [libjvm.so+0x9e5150], sa_mask[0]=11111111011111111101111111111110, sa_flags=SA_RESTART|SA_SIGINFO
SIGBUS: [libjvm.so+0x9e5150], sa_mask[0]=11111111011111111101111111111110, sa_flags=SA_RESTART|SA_SIGINFO
SIGFPE: [libjvm.so+0x848450], sa_mask[0]=11111111011111111101111111111110, sa_flags=SA_RESTART|SA_SIGINFO
SIGPIPE: [libjvm.so+0x848450], sa_mask[0]=11111111011111111101111111111110, sa_flags=SA_RESTART|SA_SIGINFO
SIGXFSZ: [libjvm.so+0x848450], sa_mask[0]=11111111011111111101111111111110, sa_flags=SA_RESTART|SA_SIGINFO
SIGILL: [libjvm.so+0x848450], sa_mask[0]=11111111011111111101111111111110, sa_flags=SA_RESTART|SA_SIGINFO
SIGUSR1: SIG_DFL, sa_mask[0]=00000000000000000000000000000000, sa_flags=none
SIGUSR2: [libjvm.so+0x848320], sa_mask[0]=00100000000000000000000000000000, sa_flags=SA_RESTART|SA_SIGINFO
SIGHUP: [libjvm.so+0x848510], sa_mask[0]=11111111011111111101111111111110, sa_flags=SA_RESTART|SA_SIGINFO
SIGINT: [libjvm.so+0x848510], sa_mask[0]=11111111011111111101111111111110, sa_flags=SA_RESTART|SA_SIGINFO
SIGTERM: [libjvm.so+0x848510], sa_mask[0]=11111111011111111101111111111110, sa_flags=SA_RESTART|SA_SIGINFO
SIGQUIT: [libjvm.so+0x848510], sa_mask[0]=11111111011111111101111111111110, sa_flags=SA_RESTART|SA_SIGINFO


---------------  S Y S T E M  ---------------

OS:DISTRIB_ID=Ubuntu
DISTRIB_RELEASE=16.04
DISTRIB_CODENAME=xenial
DISTRIB_DESCRIPTION="Ubuntu 16.04.2 LTS"

uname:Linux 4.4.0-79-generic #100-Ubuntu SMP Wed May 17 19:58:14 UTC 2017 x86_64
libc:glibc 2.23 NPTL 2.23 
rlimit: STACK 8192k, CORE 0k, NPROC 15361, NOFILE 65536, AS infinity
load average:5.73 3.71 1.69

/proc/meminfo:
MemTotal:        3972820 kB
MemFree:          122912 kB
MemAvailable:      83196 kB
Buffers:            4128 kB
Cached:           257548 kB
SwapCached:           44 kB
Active:          2577992 kB
Inactive:        1114224 kB
Active(anon):    2515368 kB
Inactive(anon):  1049772 kB
Active(file):      62624 kB
Inactive(file):    64452 kB
Unevictable:         136 kB
Mlocked:             136 kB
SwapTotal:          1020 kB
SwapFree:              0 kB
Dirty:                92 kB
Writeback:             0 kB
AnonPages:       3430708 kB
Mapped:           138480 kB
Shmem:            134564 kB
Slab:              71520 kB
SReclaimable:      38492 kB
SUnreclaim:        33028 kB
KernelStack:        8944 kB
PageTables:        35140 kB
NFS_Unstable:          0 kB
Bounce:                0 kB
WritebackTmp:          0 kB
CommitLimit:     1987428 kB
Committed_AS:    6854384 kB
VmallocTotal:   34359738367 kB
VmallocUsed:           0 kB
VmallocChunk:          0 kB
HardwareCorrupted:     0 kB
AnonHugePages:   1052672 kB
CmaTotal:              0 kB
CmaFree:               0 kB
HugePages_Total:       0
HugePages_Free:        0
HugePages_Rsvd:        0
HugePages_Surp:        0
Hugepagesize:       2048 kB
DirectMap4k:      146176 kB
DirectMap2M:     3975168 kB
DirectMap1G:     1048576 kB


CPU:total 4 (2 cores per cpu, 2 threads per core) family 6 model 69 stepping 1, cmov, cx8, fxsr, mmx, sse, sse2, sse3, ssse3, sse4.1, sse4.2, popcnt, avx, avx2, aes, clmul, erms, lzcnt, ht, tsc, tscinvbit, bmi1, bmi2

/proc/cpuinfo:
processor	: 0
vendor_id	: GenuineIntel
cpu family	: 6
model		: 69
model name	: Intel(R) Core(TM) i3-4030U CPU @ 1.90GHz
stepping	: 1
microcode	: 0x1d
cpu MHz		: 1799.953
cache size	: 3072 KB
physical id	: 0
siblings	: 4
core id		: 0
cpu cores	: 2
apicid		: 0
initial apicid	: 0
fpu		: yes
fpu_exception	: yes
cpuid level	: 13
wp		: yes
flags		: fpu vme de pse tsc msr pae mce cx8 apic sep mtrr pge mca cmov pat pse36 clflush dts acpi mmx fxsr sse sse2 ss ht tm pbe syscall nx pdpe1gb rdtscp lm constant_tsc arch_perfmon pebs bts rep_good nopl xtopology nonstop_tsc aperfmperf eagerfpu pni pclmulqdq dtes64 monitor ds_cpl vmx est tm2 ssse3 sdbg fma cx16 xtpr pdcm pcid sse4_1 sse4_2 x2apic movbe popcnt tsc_deadline_timer aes xsave avx f16c rdrand lahf_lm abm epb tpr_shadow vnmi flexpriority ept vpid fsgsbase tsc_adjust bmi1 avx2 smep bmi2 erms invpcid xsaveopt dtherm arat pln pts
bugs		:
bogomips	: 3791.18
clflush size	: 64
cache_alignment	: 64
address sizes	: 39 bits physical, 48 bits virtual
power management:

processor	: 1
vendor_id	: GenuineIntel
cpu family	: 6
model		: 69
model name	: Intel(R) Core(TM) i3-4030U CPU @ 1.90GHz
stepping	: 1
microcode	: 0x1d
cpu MHz		: 1799.953
cache size	: 3072 KB
physical id	: 0
siblings	: 4
core id		: 0
cpu cores	: 2
apicid		: 1
initial apicid	: 1
fpu		: yes
fpu_exception	: yes
cpuid level	: 13
wp		: yes
flags		: fpu vme de pse tsc msr pae mce cx8 apic sep mtrr pge mca cmov pat pse36 clflush dts acpi mmx fxsr sse sse2 ss ht tm pbe syscall nx pdpe1gb rdtscp lm constant_tsc arch_perfmon pebs bts rep_good nopl xtopology nonstop_tsc aperfmperf eagerfpu pni pclmulqdq dtes64 monitor ds_cpl vmx est tm2 ssse3 sdbg fma cx16 xtpr pdcm pcid sse4_1 sse4_2 x2apic movbe popcnt tsc_deadline_timer aes xsave avx f16c rdrand lahf_lm abm epb tpr_shadow vnmi flexpriority ept vpid fsgsbase tsc_adjust bmi1 avx2 smep bmi2 erms invpcid xsaveopt dtherm arat pln pts
bugs		:
bogomips	: 3791.18
clflush size	: 64
cache_alignment	: 64
address sizes	: 39 bits physical, 48 bits virtual
power management:

processor	: 2
vendor_id	: GenuineIntel
cpu family	: 6
model		: 69
model name	: Intel(R) Core(TM) i3-4030U CPU @ 1.90GHz
stepping	: 1
microcode	: 0x1d
cpu MHz		: 1799.953
cache size	: 3072 KB
physical id	: 0
siblings	: 4
core id		: 1
cpu cores	: 2
apicid		: 2
initial apicid	: 2
fpu		: yes
fpu_exception	: yes
cpuid level	: 13
wp		: yes
flags		: fpu vme de pse tsc msr pae mce cx8 apic sep mtrr pge mca cmov pat pse36 clflush dts acpi mmx fxsr sse sse2 ss ht tm pbe syscall nx pdpe1gb rdtscp lm constant_tsc arch_perfmon pebs bts rep_good nopl xtopology nonstop_tsc aperfmperf eagerfpu pni pclmulqdq dtes64 monitor ds_cpl vmx est tm2 ssse3 sdbg fma cx16 xtpr pdcm pcid sse4_1 sse4_2 x2apic movbe popcnt tsc_deadline_timer aes xsave avx f16c rdrand lahf_lm abm epb tpr_shadow vnmi flexpriority ept vpid fsgsbase tsc_adjust bmi1 avx2 smep bmi2 erms invpcid xsaveopt dtherm arat pln pts
bugs		:
bogomips	: 3791.18
clflush size	: 64
cache_alignment	: 64
address sizes	: 39 bits physical, 48 bits virtual
power management:

processor	: 3
vendor_id	: GenuineIntel
cpu family	: 6
model		: 69
model name	: Intel(R) Core(TM) i3-4030U CPU @ 1.90GHz
stepping	: 1
microcode	: 0x1d
cpu MHz		: 998.687
cache size	: 3072 KB
physical id	: 0
siblings	: 4
core id		: 1
cpu cores	: 2
apicid		: 3
initial apicid	: 3
fpu		: yes
fpu_exception	: yes
cpuid level	: 13
wp		: yes
flags		: fpu vme de pse tsc msr pae mce cx8 apic sep mtrr pge mca cmov pat pse36 clflush dts acpi mmx fxsr sse sse2 ss ht tm pbe syscall nx pdpe1gb rdtscp lm constant_tsc arch_perfmon pebs bts rep_good nopl xtopology nonstop_tsc aperfmperf eagerfpu pni pclmulqdq dtes64 monitor ds_cpl vmx est tm2 ssse3 sdbg fma cx16 xtpr pdcm pcid sse4_1 sse4_2 x2apic movbe popcnt tsc_deadline_timer aes xsave avx f16c rdrand lahf_lm abm epb tpr_shadow vnmi flexpriority ept vpid fsgsbase tsc_adjust bmi1 avx2 smep bmi2 erms invpcid xsaveopt dtherm arat pln pts
bugs		:
bogomips	: 3791.18
clflush size	: 64
cache_alignment	: 64
address sizes	: 39 bits physical, 48 bits virtual
power management:



Memory: 4k page, physical 3972820k(122912k free), swap 1020k(0k free)

vm_info: OpenJDK 64-Bit Server VM (25.112-b06) for linux-amd64 JRE (1.8.0_112-release-b06), built on Dec  6 2016 12:11:18 by "builder" with gcc 4.8.4

time: Sun Jul 16 17:24:56 2017
elapsed time: 75 seconds (0d 0h 1m 15s)

