#
# There is insufficient memory for the Java Runtime Environment to continue.
# Native memory allocation (mmap) failed to map 128450560 bytes for committing reserved memory.
# Possible reasons:
#   The system is out of physical RAM or swap space
#   In 32 bit mode, the process size limit was hit
# Possible solutions:
#   Reduce memory load on the system
#   Increase physical memory or swap space
#   Check if swap backing store is full
#   Use 64 bit Java on a 64 bit OS
#   Decrease Java heap size (-Xmx/-Xms)
#   Decrease number of Java threads
#   Decrease Java thread stack sizes (-Xss)
#   Set larger code cache with -XX:ReservedCodeCacheSize=
# This output file may be truncated or incomplete.
#
#  Out of Memory Error (os_linux.cpp:2627), pid=3915, tid=0x00007ffa779f9700
#
# JRE version: OpenJDK Runtime Environment (8.0_112-b06) (build 1.8.0_112-release-b06)
# Java VM: OpenJDK 64-Bit Server VM (25.112-b06 mixed mode linux-amd64 compressed oops)
# Failed to write core dump. Core dumps have been disabled. To enable core dumping, try "ulimit -c unlimited" before starting Java again
#

---------------  T H R E A D  ---------------

Current thread (0x00007ffa94077800):  VMThread [stack: 0x00007ffa778f9000,0x00007ffa779fa000] [id=3924]

Stack: [0x00007ffa778f9000,0x00007ffa779fa000],  sp=0x00007ffa779f84d0,  free space=1021k
Native frames: (J=compiled Java code, j=interpreted, Vv=VM code, C=native code)
V  [libjvm.so+0x9e465d]  VMError::report_and_die()+0x15d
V  [libjvm.so+0x4b6ada]  report_vm_out_of_memory(char const*, int, unsigned long, VMErrorType, char const*)+0x8a
V  [libjvm.so+0x84c860]  os::pd_commit_memory(char*, unsigned long, unsigned long, bool)+0xf0
V  [libjvm.so+0x84737f]  os::commit_memory(char*, unsigned long, unsigned long, bool)+0x1f
V  [libjvm.so+0x8bd3db]  PSVirtualSpace::expand_by(unsigned long)+0x5b
V  [libjvm.so+0x8ae1bb]  PSOldGen::expand_by(unsigned long) [clone .part.109]+0x1b
V  [libjvm.so+0x8ae37b]  PSOldGen::expand(unsigned long) [clone .part.111]+0xdb
V  [libjvm.so+0x8aec58]  PSOldGen::resize(unsigned long)+0x188
V  [libjvm.so+0x8b426c]  PSParallelCompact::invoke_no_policy(bool)+0x97c
V  [libjvm.so+0x8bb37d]  PSScavenge::invoke()+0x17d
V  [libjvm.so+0x86fcf3]  ParallelScavengeHeap::failed_mem_allocate(unsigned long)+0x63
V  [libjvm.so+0x9e6124]  VM_ParallelGCFailedAllocation::doit()+0x84
V  [libjvm.so+0x9ea537]  VM_Operation::evaluate()+0x47
V  [libjvm.so+0x9e8ff8]  VMThread::evaluate_operation(VM_Operation*)+0x2c8
V  [libjvm.so+0x9e9479]  VMThread::loop()+0x219
V  [libjvm.so+0x9e98c2]  VMThread::run()+0x72
V  [libjvm.so+0x849c82]  java_start(Thread*)+0xf2

VM_Operation (0x00007ffa1dd48050): ParallelGCFailedAllocation, mode: safepoint, requested by thread 0x00007ffa14090000


---------------  P R O C E S S  ---------------

Java Threads: ( => current thread )
  0x00007ffa14093800 JavaThread "pool-5-thread-4" [_thread_blocked, id=3956, stack(0x00007ffa1da47000,0x00007ffa1db48000)]
  0x00007ffa14091800 JavaThread "pool-5-thread-3" [_thread_blocked, id=3955, stack(0x00007ffa1db48000,0x00007ffa1dc49000)]
  0x00007ffa14090000 JavaThread "pool-5-thread-2" [_thread_blocked, id=3954, stack(0x00007ffa1dc49000,0x00007ffa1dd4a000)]
  0x00007ffa1408e000 JavaThread "pool-6-thread-1" [_thread_blocked, id=3953, stack(0x00007ffa1dd4a000,0x00007ffa1de4b000)]
  0x00007ffa14089800 JavaThread "pool-5-thread-1" [_thread_blocked, id=3952, stack(0x00007ffa1de4b000,0x00007ffa1df4c000)]
  0x00007ffa3048b800 JavaThread "pool-3-thread-1" [_thread_blocked, id=3950, stack(0x00007ffa1df4c000,0x00007ffa1e04d000)]
  0x00007ffa30c6e000 JavaThread "Cache update executor" [_thread_blocked, id=3947, stack(0x00007ffa1e73f000,0x00007ffa1e840000)]
  0x00007ffa30347800 JavaThread "pool-2-thread-1" [_thread_blocked, id=3946, stack(0x00007ffa1f853000,0x00007ffa1f954000)]
  0x00007ffa30dd7000 JavaThread "File lock request listener" [_thread_in_native, id=3945, stack(0x00007ffa740f4000,0x00007ffa741f5000)]
  0x00007ffa30a8a000 JavaThread "process reaper" daemon [_thread_blocked, id=3944, stack(0x00007ffa743f5000,0x00007ffa7442e000)]
  0x00007ffa30009800 JavaThread "Stdin handler" [_thread_blocked, id=3942, stack(0x00007ffa74cb2000,0x00007ffa74db3000)]
  0x00007ffa30008000 JavaThread "Asynchronous log dispatcher for DefaultDaemonConnection: socket connection from /127.0.0.1:45421 to /127.0.0.1:60762" [_thread_blocked, id=3941, stack(0x00007ffa74db3000,0x00007ffa74eb4000)]
  0x00007ffa94d8b000 JavaThread "pool-1-thread-1" [_thread_blocked, id=3940, stack(0x00007ffa74eb4000,0x00007ffa74fb5000)]
  0x00007ffa4400b000 JavaThread "Daemon worker" [_thread_blocked, id=3937, stack(0x00007ffa74fb5000,0x00007ffa750b6000)]
  0x00007ffa44009800 JavaThread "Cancel handler" [_thread_blocked, id=3936, stack(0x00007ffa750b6000,0x00007ffa751b7000)]
  0x00007ffa44003800 JavaThread "Handler for socket connection from /127.0.0.1:45421 to /127.0.0.1:60762" [_thread_in_native, id=3935, stack(0x00007ffa753b7000,0x00007ffa754b8000)]
  0x00007ffa4003a800 JavaThread "Daemon" [_thread_blocked, id=3934, stack(0x00007ffa754b8000,0x00007ffa755b9000)]
  0x00007ffa94d2f000 JavaThread "Incoming local TCP Connector on port 45421" [_thread_in_native, id=3933, stack(0x00007ffa757c0000,0x00007ffa758c1000)]
  0x00007ffa940c7800 JavaThread "Service Thread" daemon [_thread_blocked, id=3931, stack(0x00007ffa76f1a000,0x00007ffa7701b000)]
  0x00007ffa940bc800 JavaThread "C1 CompilerThread2" daemon [_thread_blocked, id=3930, stack(0x00007ffa7701b000,0x00007ffa7711c000)]
  0x00007ffa940ba800 JavaThread "C2 CompilerThread1" daemon [_thread_blocked, id=3929, stack(0x00007ffa7711c000,0x00007ffa7721d000)]
  0x00007ffa940b7800 JavaThread "C2 CompilerThread0" daemon [_thread_blocked, id=3928, stack(0x00007ffa7721d000,0x00007ffa7731e000)]
  0x00007ffa940b6800 JavaThread "Signal Dispatcher" daemon [_thread_blocked, id=3927, stack(0x00007ffa7731e000,0x00007ffa7741f000)]
  0x00007ffa94083800 JavaThread "Finalizer" daemon [_thread_blocked, id=3926, stack(0x00007ffa776f7000,0x00007ffa777f8000)]
  0x00007ffa9407f000 JavaThread "Reference Handler" daemon [_thread_blocked, id=3925, stack(0x00007ffa777f8000,0x00007ffa778f9000)]
  0x00007ffa9400a000 JavaThread "main" [_thread_blocked, id=3919, stack(0x00007ffa9b30d000,0x00007ffa9b40e000)]

Other Threads:
=>0x00007ffa94077800 VMThread [stack: 0x00007ffa778f9000,0x00007ffa779fa000] [id=3924]
  0x00007ffa940ca000 WatcherThread [stack: 0x00007ffa76e19000,0x00007ffa76f1a000] [id=3932]

VM state:at safepoint (normal execution)

VM Mutex/Monitor currently owned by a thread:  ([mutex/lock_event])
[0x00007ffa94005df0] ExpandHeap_lock - owner thread: 0x00007ffa94077800
[0x00007ffa94006470] Threads_lock - owner thread: 0x00007ffa94077800
[0x00007ffa94006970] Heap_lock - owner thread: 0x00007ffa14090000

Heap:
 PSYoungGen      total 334336K, used 0K [0x00000000e0000000, 0x0000000100000000, 0x0000000100000000)
  eden space 175104K, 0% used [0x00000000e0000000,0x00000000e0000000,0x00000000eab00000)
  from space 159232K, 0% used [0x00000000f6480000,0x00000000f6480000,0x0000000100000000)
  to   space 174592K, 0% used [0x00000000eab00000,0x00000000eab00000,0x00000000f5580000)
 ParOldGen       total 835072K, used 706194K [0x00000000a0000000, 0x00000000d2f80000, 0x00000000e0000000)
  object space 835072K, 84% used [0x00000000a0000000,0x00000000cb1a4828,0x00000000d2f80000)
 Metaspace       used 59009K, capacity 60672K, committed 60976K, reserved 1101824K
  class space    used 7757K, capacity 8117K, committed 8240K, reserved 1048576K

Card table byte_map: [0x00007ffa84cff000,0x00007ffa85000000] byte_map_base: 0x00007ffa847ff000

Marking Bits: (ParMarkBitMap*) 0x00007ffa9a7db340
 Begin Bits: [0x00007ffa7d000000, 0x00007ffa7e800000)
 End Bits:   [0x00007ffa7e800000, 0x00007ffa80000000)

Polling page: 0x00007ffa9b42d000

CodeCache: size=245760Kb used=31219Kb max_used=31232Kb free=214540Kb
 bounds [0x00007ffa85000000, 0x00007ffa86ed0000, 0x00007ffa94000000]
 total_blobs=9208 nmethods=8437 adapters=683
 compilation: enabled

Compilation events (10 events):
Event: 54.630 Thread 0x00007ffa940ba800 nmethod 8918 0x00007ffa85460890 code [0x00007ffa854609e0, 0x00007ffa85460a78]
Event: 54.631 Thread 0x00007ffa940ba800 8946       4       com.android.dx.cf.code.Ropper::mergeAndWorkAsNecessary (102 bytes)
Event: 54.646 Thread 0x00007ffa940bc800 10447       2       com.android.dx.ssa.SsaMethod::borrowSpareRegister (36 bytes)
Event: 54.647 Thread 0x00007ffa940bc800 nmethod 10447 0x00007ffa867af1d0 code [0x00007ffa867af320, 0x00007ffa867af490]
Event: 54.647 Thread 0x00007ffa940bc800 10448       2       java.util.ArrayList$SubList::add (45 bytes)
Event: 54.647 Thread 0x00007ffa940bc800 nmethod 10448 0x00007ffa851f6ed0 code [0x00007ffa851f7080, 0x00007ffa851f73d8]
Event: 54.657 Thread 0x00007ffa940ba800 nmethod 8946 0x00007ffa86771690 code [0x00007ffa867718c0, 0x00007ffa86772310]
Event: 54.657 Thread 0x00007ffa940ba800 10446       4       com.android.dx.ssa.back.FirstFitLocalCombiningAllocator::handleCheckCastResults (413 bytes)
Event: 54.714 Thread 0x00007ffa940bc800 10449       2       com.android.dx.rop.code.Rops::opIfLt (13 bytes)
Event: 54.715 Thread 0x00007ffa940bc800 nmethod 10449 0x00007ffa86e48f90 code [0x00007ffa86e49100, 0x00007ffa86e49288]

GC Heap History (10 events):
Event: 52.208 GC heap after
Heap after GC invocations=36 (full 8):
 PSYoungGen      total 296960K, used 20261K [0x00000000e0000000, 0x0000000100000000, 0x0000000100000000)
  eden space 203776K, 0% used [0x00000000e0000000,0x00000000e0000000,0x00000000ec700000)
  from space 93184K, 21% used [0x00000000fa500000,0x00000000fb8c9768,0x0000000100000000)
  to   space 160256K, 0% used [0x00000000ec700000,0x00000000ec700000,0x00000000f6380000)
 ParOldGen       total 835072K, used 612094K [0x00000000a0000000, 0x00000000d2f80000, 0x00000000e0000000)
  object space 835072K, 73% used [0x00000000a0000000,0x00000000c55bfb48,0x00000000d2f80000)
 Metaspace       used 59007K, capacity 60672K, committed 60976K, reserved 1101824K
  class space    used 7757K, capacity 8117K, committed 8240K, reserved 1048576K
}
Event: 52.640 GC heap before
{Heap before GC invocations=37 (full 8):
 PSYoungGen      total 296960K, used 224037K [0x00000000e0000000, 0x0000000100000000, 0x0000000100000000)
  eden space 203776K, 100% used [0x00000000e0000000,0x00000000ec700000,0x00000000ec700000)
  from space 93184K, 21% used [0x00000000fa500000,0x00000000fb8c9768,0x0000000100000000)
  to   space 160256K, 0% used [0x00000000ec700000,0x00000000ec700000,0x00000000f6380000)
 ParOldGen       total 835072K, used 612094K [0x00000000a0000000, 0x00000000d2f80000, 0x00000000e0000000)
  object space 835072K, 73% used [0x00000000a0000000,0x00000000c55bfb48,0x00000000d2f80000)
 Metaspace       used 59008K, capacity 60672K, committed 60976K, reserved 1101824K
  class space    used 7757K, capacity 8117K, committed 8240K, reserved 1048576K
Event: 53.011 GC heap after
Heap after GC invocations=37 (full 8):
 PSYoungGen      total 364032K, used 68209K [0x00000000e0000000, 0x0000000100000000, 0x0000000100000000)
  eden space 203776K, 0% used [0x00000000e0000000,0x00000000e0000000,0x00000000ec700000)
  from space 160256K, 42% used [0x00000000ec700000,0x00000000f099c480,0x00000000f6380000)
  to   space 153088K, 0% used [0x00000000f6a80000,0x00000000f6a80000,0x0000000100000000)
 ParOldGen       total 835072K, used 632517K [0x00000000a0000000, 0x00000000d2f80000, 0x00000000e0000000)
  object space 835072K, 75% used [0x00000000a0000000,0x00000000c69b1710,0x00000000d2f80000)
 Metaspace       used 59008K, capacity 60672K, committed 60976K, reserved 1101824K
  class space    used 7757K, capacity 8117K, committed 8240K, reserved 1048576K
}
Event: 53.901 GC heap before
{Heap before GC invocations=38 (full 8):
 PSYoungGen      total 364032K, used 271985K [0x00000000e0000000, 0x0000000100000000, 0x0000000100000000)
  eden space 203776K, 100% used [0x00000000e0000000,0x00000000ec700000,0x00000000ec700000)
  from space 160256K, 42% used [0x00000000ec700000,0x00000000f099c480,0x00000000f6380000)
  to   space 153088K, 0% used [0x00000000f6a80000,0x00000000f6a80000,0x0000000100000000)
 ParOldGen       total 835072K, used 632517K [0x00000000a0000000, 0x00000000d2f80000, 0x00000000e0000000)
  object space 835072K, 75% used [0x00000000a0000000,0x00000000c69b1710,0x00000000d2f80000)
 Metaspace       used 59008K, capacity 60672K, committed 60976K, reserved 1101824K
  class space    used 7757K, capacity 8117K, committed 8240K, reserved 1048576K
Event: 53.988 GC heap after
Heap after GC invocations=38 (full 8):
 PSYoungGen      total 358912K, used 103483K [0x00000000e0000000, 0x0000000100000000, 0x0000000100000000)
  eden space 205824K, 0% used [0x00000000e0000000,0x00000000e0000000,0x00000000ec900000)
  from space 153088K, 67% used [0x00000000f6a80000,0x00000000fcf8eda8,0x0000000100000000)
  to   space 159232K, 0% used [0x00000000ec900000,0x00000000ec900000,0x00000000f6480000)
 ParOldGen       total 835072K, used 632517K [0x00000000a0000000, 0x00000000d2f80000, 0x00000000e0000000)
  object space 835072K, 75% used [0x00000000a0000000,0x00000000c69b1710,0x00000000d2f80000)
 Metaspace       used 59008K, capacity 60672K, committed 60976K, reserved 1101824K
  class space    used 7757K, capacity 8117K, committed 8240K, reserved 1048576K
}
Event: 54.352 GC heap before
{Heap before GC invocations=39 (full 8):
 PSYoungGen      total 358912K, used 309307K [0x00000000e0000000, 0x0000000100000000, 0x0000000100000000)
  eden space 205824K, 100% used [0x00000000e0000000,0x00000000ec900000,0x00000000ec900000)
  from space 153088K, 67% used [0x00000000f6a80000,0x00000000fcf8eda8,0x0000000100000000)
  to   space 159232K, 0% used [0x00000000ec900000,0x00000000ec900000,0x00000000f6480000)
 ParOldGen       total 835072K, used 632517K [0x00000000a0000000, 0x00000000d2f80000, 0x00000000e0000000)
  object space 835072K, 75% used [0x00000000a0000000,0x00000000c69b1710,0x00000000d2f80000)
 Metaspace       used 59008K, capacity 60672K, committed 60976K, reserved 1101824K
  class space    used 7757K, capacity 8117K, committed 8240K, reserved 1048576K
Event: 54.529 GC heap after
Heap after GC invocations=39 (full 8):
 PSYoungGen      total 365056K, used 159230K [0x00000000e0000000, 0x0000000100000000, 0x0000000100000000)
  eden space 205824K, 0% used [0x00000000e0000000,0x00000000e0000000,0x00000000ec900000)
  from space 159232K, 99% used [0x00000000ec900000,0x00000000f647fb00,0x00000000f6480000)
  to   space 159232K, 0% used [0x00000000f6480000,0x00000000f6480000,0x0000000100000000)
 ParOldGen       total 835072K, used 677619K [0x00000000a0000000, 0x00000000d2f80000, 0x00000000e0000000)
  object space 835072K, 81% used [0x00000000a0000000,0x00000000c95bcc68,0x00000000d2f80000)
 Metaspace       used 59008K, capacity 60672K, committed 60976K, reserved 1101824K
  class space    used 7757K, capacity 8117K, committed 8240K, reserved 1048576K
}
Event: 54.970 GC heap before
{Heap before GC invocations=40 (full 8):
 PSYoungGen      total 365056K, used 365054K [0x00000000e0000000, 0x0000000100000000, 0x0000000100000000)
  eden space 205824K, 100% used [0x00000000e0000000,0x00000000ec900000,0x00000000ec900000)
  from space 159232K, 99% used [0x00000000ec900000,0x00000000f647fb00,0x00000000f6480000)
  to   space 159232K, 0% used [0x00000000f6480000,0x00000000f6480000,0x0000000100000000)
 ParOldGen       total 835072K, used 677619K [0x00000000a0000000, 0x00000000d2f80000, 0x00000000e0000000)
  object space 835072K, 81% used [0x00000000a0000000,0x00000000c95bcc68,0x00000000d2f80000)
 Metaspace       used 59009K, capacity 60672K, committed 60976K, reserved 1101824K
  class space    used 7757K, capacity 8117K, committed 8240K, reserved 1048576K
Event: 55.230 GC heap after
Heap after GC invocations=40 (full 8):
 PSYoungGen      total 334336K, used 111167K [0x00000000e0000000, 0x0000000100000000, 0x0000000100000000)
  eden space 175104K, 0% used [0x00000000e0000000,0x00000000e0000000,0x00000000eab00000)
  from space 159232K, 69% used [0x00000000f6480000,0x00000000fd10fdb0,0x0000000100000000)
  to   space 174592K, 0% used [0x00000000eab00000,0x00000000eab00000,0x00000000f5580000)
 ParOldGen       total 835072K, used 762961K [0x00000000a0000000, 0x00000000d2f80000, 0x00000000e0000000)
  object space 835072K, 91% used [0x00000000a0000000,0x00000000ce914680,0x00000000d2f80000)
 Metaspace       used 59009K, capacity 60672K, committed 60976K, reserved 1101824K
  class space    used 7757K, capacity 8117K, committed 8240K, reserved 1048576K
}
Event: 55.230 GC heap before
{Heap before GC invocations=41 (full 9):
 PSYoungGen      total 334336K, used 111167K [0x00000000e0000000, 0x0000000100000000, 0x0000000100000000)
  eden space 175104K, 0% used [0x00000000e0000000,0x00000000e0000000,0x00000000eab00000)
  from space 159232K, 69% used [0x00000000f6480000,0x00000000fd10fdb0,0x0000000100000000)
  to   space 174592K, 0% used [0x00000000eab00000,0x00000000eab00000,0x00000000f5580000)
 ParOldGen       total 835072K, used 762961K [0x00000000a0000000, 0x00000000d2f80000, 0x00000000e0000000)
  object space 835072K, 91% used [0x00000000a0000000,0x00000000ce914680,0x00000000d2f80000)
 Metaspace       used 59009K, capacity 60672K, committed 60976K, reserved 1101824K
  class space    used 7757K, capacity 8117K, committed 8240K, reserved 1048576K

Deoptimization events (10 events):
Event: 52.359 Thread 0x00007ffa14091800 Uncommon trap: reason=unstable_if action=reinterpret pc=0x00007ffa85af851c method=com.android.dx.ssa.SetFactory.makeLivenessSet(I)Lcom/android/dx/util/IntSet; @ 4
Event: 52.366 Thread 0x00007ffa14091800 Uncommon trap: reason=class_check action=maybe_recompile pc=0x00007ffa860e9df0 method=com.android.dx.ssa.back.InterferenceGraph.add(II)V @ 19
Event: 52.366 Thread 0x00007ffa14091800 Uncommon trap: reason=class_check action=maybe_recompile pc=0x00007ffa860e9df0 method=com.android.dx.ssa.back.InterferenceGraph.add(II)V @ 19
Event: 52.366 Thread 0x00007ffa14091800 Uncommon trap: reason=class_check action=maybe_recompile pc=0x00007ffa860e9df0 method=com.android.dx.ssa.back.InterferenceGraph.add(II)V @ 19
Event: 52.366 Thread 0x00007ffa14091800 Uncommon trap: reason=class_check action=maybe_recompile pc=0x00007ffa860e9df0 method=com.android.dx.ssa.back.InterferenceGraph.add(II)V @ 19
Event: 52.450 Thread 0x00007ffa14091800 Uncommon trap: reason=class_check action=maybe_recompile pc=0x00007ffa85a1cd38 method=com.android.dx.ssa.back.InterferenceGraph.mergeInterferenceSet(ILcom/android/dx/util/IntSet;)V @ 20
Event: 52.451 Thread 0x00007ffa14091800 Uncommon trap: reason=class_check action=maybe_recompile pc=0x00007ffa85a1cd38 method=com.android.dx.ssa.back.InterferenceGraph.mergeInterferenceSet(ILcom/android/dx/util/IntSet;)V @ 20
Event: 52.451 Thread 0x00007ffa14091800 Uncommon trap: reason=class_check action=maybe_recompile pc=0x00007ffa85a1cd38 method=com.android.dx.ssa.back.InterferenceGraph.mergeInterferenceSet(ILcom/android/dx/util/IntSet;)V @ 20
Event: 52.458 Thread 0x00007ffa14091800 Uncommon trap: reason=class_check action=maybe_recompile pc=0x00007ffa85a1cd38 method=com.android.dx.ssa.back.InterferenceGraph.mergeInterferenceSet(ILcom/android/dx/util/IntSet;)V @ 20
Event: 53.187 Thread 0x00007ffa3048b800 Uncommon trap: reason=unstable_if action=reinterpret pc=0x00007ffa86e91fa4 method=com.android.dx.cf.code.Ropper.processBlock(Lcom/android/dx/cf/code/ByteBlock;Lcom/android/dx/cf/code/Frame;[I)V @ 513

Internal exceptions (10 events):
Event: 17.175 Thread 0x00007ffa4400b000 Exception <a 'java/lang/NoSuchMethodError': <clinit>> (0x00000000e38edb98) thrown at [/ssd/Android/AOSP-openjdk/external/jetbrains/jdk/hotspot/src/share/vm/prims/jni.cpp, line 1613]
Event: 17.176 Thread 0x00007ffa4400b000 Exception <a 'java/lang/NoSuchMethodError': <clinit>> (0x00000000e38fb438) thrown at [/ssd/Android/AOSP-openjdk/external/jetbrains/jdk/hotspot/src/share/vm/prims/jni.cpp, line 1613]
Event: 17.198 Thread 0x00007ffa4400b000 Exception <a 'java/lang/NoSuchMethodError': <clinit>> (0x00000000e3976f30) thrown at [/ssd/Android/AOSP-openjdk/external/jetbrains/jdk/hotspot/src/share/vm/prims/jni.cpp, line 1613]
Event: 17.201 Thread 0x00007ffa4400b000 Exception <a 'java/lang/NoSuchMethodError': <clinit>> (0x00000000e398fc88) thrown at [/ssd/Android/AOSP-openjdk/external/jetbrains/jdk/hotspot/src/share/vm/prims/jni.cpp, line 1613]
Event: 17.201 Thread 0x00007ffa4400b000 Exception <a 'java/lang/NoSuchMethodError': <clinit>> (0x00000000e3991908) thrown at [/ssd/Android/AOSP-openjdk/external/jetbrains/jdk/hotspot/src/share/vm/prims/jni.cpp, line 1613]
Event: 26.468 Thread 0x00007ffa14090000 Implicit null exception at 0x00007ffa85d60fe2 to 0x00007ffa85d610db
Event: 26.514 Thread 0x00007ffa14093800 Implicit null exception at 0x00007ffa851747f2 to 0x00007ffa85175699
Event: 27.141 Thread 0x00007ffa14090000 Implicit null exception at 0x00007ffa864e0c4d to 0x00007ffa864e0e29
Event: 30.731 Thread 0x00007ffa14089800 Implicit null exception at 0x00007ffa862e9201 to 0x00007ffa862eab61
Event: 47.057 Thread 0x00007ffa14090000 Implicit null exception at 0x00007ffa869d39be to 0x00007ffa869d456d

Events (10 events):
Event: 53.758 Thread 0x00007ffa3048b800 DEOPT UNPACKING pc=0x00007ffa85047373 sp=0x00007ffa1e04a540 mode 0
Event: 53.842 Thread 0x00007ffa14091800 DEOPT PACKING pc=0x00007ffa85faab2c sp=0x00007ffa1dc47190
Event: 53.842 Thread 0x00007ffa14091800 DEOPT UNPACKING pc=0x00007ffa85047373 sp=0x00007ffa1dc46e90 mode 0
Event: 53.900 Executing VM operation: ParallelGCFailedAllocation
Event: 53.988 Executing VM operation: ParallelGCFailedAllocation done
Event: 54.347 Executing VM operation: ParallelGCFailedAllocation
Event: 54.529 Executing VM operation: ParallelGCFailedAllocation done
Event: 54.729 Thread 0x00007ffa3048b800 DEOPT PACKING pc=0x00007ffa865742a2 sp=0x00007ffa1e04a3e0
Event: 54.729 Thread 0x00007ffa3048b800 DEOPT UNPACKING pc=0x00007ffa85047373 sp=0x00007ffa1e04a1e0 mode 0
Event: 54.962 Executing VM operation: ParallelGCFailedAllocation


Dynamic libraries:
00400000-00401000 r-xp 00000000 08:07 1201464                            /home/chivu/Downloads/android-studio-p/jre/bin/java
00600000-00601000 r--p 00000000 08:07 1201464                            /home/chivu/Downloads/android-studio-p/jre/bin/java
00601000-00602000 rw-p 00001000 08:07 1201464                            /home/chivu/Downloads/android-studio-p/jre/bin/java
01b09000-01b6e000 rw-p 00000000 00:00 0                                  [heap]
a0000000-d2f80000 rw-p 00000000 00:00 0 
daa00000-e0000000 ---p 00000000 00:00 0 
e0000000-100000000 rw-p 00000000 00:00 0 
100000000-10080c000 rw-p 00000000 00:00 0 
10080c000-140000000 ---p 00000000 00:00 0 
7ffa00000000-7ffa0003c000 rw-p 00000000 00:00 0 
7ffa0003c000-7ffa04000000 ---p 00000000 00:00 0 
7ffa04000000-7ffa04033000 rw-p 00000000 00:00 0 
7ffa04033000-7ffa08000000 ---p 00000000 00:00 0 
7ffa08000000-7ffa08033000 rw-p 00000000 00:00 0 
7ffa08033000-7ffa0c000000 ---p 00000000 00:00 0 
7ffa0c000000-7ffa0c021000 rw-p 00000000 00:00 0 
7ffa0c021000-7ffa10000000 ---p 00000000 00:00 0 
7ffa10000000-7ffa1002d000 rw-p 00000000 00:00 0 
7ffa1002d000-7ffa14000000 ---p 00000000 00:00 0 
7ffa14000000-7ffa14201000 rw-p 00000000 00:00 0 
7ffa14201000-7ffa18000000 ---p 00000000 00:00 0 
7ffa18000000-7ffa18021000 rw-p 00000000 00:00 0 
7ffa18021000-7ffa1c000000 ---p 00000000 00:00 0 
7ffa1d847000-7ffa1d9c7000 rw-p 00000000 00:00 0 
7ffa1d9c7000-7ffa1da47000 ---p 00000000 00:00 0 
7ffa1da47000-7ffa1da4a000 ---p 00000000 00:00 0 
7ffa1da4a000-7ffa1db48000 rw-p 00000000 00:00 0 
7ffa1db48000-7ffa1db4b000 ---p 00000000 00:00 0 
7ffa1db4b000-7ffa1dc49000 rw-p 00000000 00:00 0 
7ffa1dc49000-7ffa1dc4c000 ---p 00000000 00:00 0 
7ffa1dc4c000-7ffa1dd4a000 rw-p 00000000 00:00 0 
7ffa1dd4a000-7ffa1dd4d000 ---p 00000000 00:00 0 
7ffa1dd4d000-7ffa1de4b000 rw-p 00000000 00:00 0 
7ffa1de4b000-7ffa1de4e000 ---p 00000000 00:00 0 
7ffa1de4e000-7ffa1df4c000 rw-p 00000000 00:00 0 
7ffa1df4c000-7ffa1df4f000 ---p 00000000 00:00 0 
7ffa1df4f000-7ffa1e24d000 rw-p 00000000 00:00 0 
7ffa1e279000-7ffa1e33f000 r--s 008d4000 08:07 2145242                    /home/chivu/Desktop/newsApp/app/build/intermediates/transforms/jarMerging/debug/jars/1/1f/combined.jar
7ffa1e33f000-7ffa1e53f000 rw-p 00000000 00:00 0 
7ffa1e53f000-7ffa1e73f000 rw-p 00000000 00:00 0 
7ffa1e73f000-7ffa1e742000 ---p 00000000 00:00 0 
7ffa1e742000-7ffa1ea40000 rw-p 00000000 00:00 0 
7ffa1ea40000-7ffa1ec40000 rw-p 00000000 00:00 0 
7ffa1ec40000-7ffa1ee40000 rw-p 00000000 00:00 0 
7ffa1ee40000-7ffa1f040000 rw-p 00000000 00:00 0 
7ffa1f040000-7ffa1f053000 r--s 00344000 08:07 1201558                    /home/chivu/Downloads/android-studio-p/jre/jre/lib/resources.jar
7ffa1f053000-7ffa1f253000 rw-p 00000000 00:00 0 
7ffa1f253000-7ffa1f453000 rw-p 00000000 00:00 0 
7ffa1f453000-7ffa1f653000 rw-p 00000000 00:00 0 
7ffa1f653000-7ffa1f853000 rw-p 00000000 00:00 0 
7ffa1f853000-7ffa1f856000 ---p 00000000 00:00 0 
7ffa1f856000-7ffa1fb54000 rw-p 00000000 00:00 0 
7ffa1fb54000-7ffa1fb55000 r--s 00001000 08:07 1094992                    /home/chivu/.gradle/caches/jars-2/cmhx5eetujk7j30d3nllwxyrlnugzjw/annotations-25.3.3.jar
7ffa1fb55000-7ffa1fb5d000 r--s 000a8000 08:07 932893                     /home/chivu/.gradle/caches/jars-2/lp0h431tl0554nh1vx6zomcvteflkp/lombok-ast-0.2.3.jar
7ffa1fb5d000-7ffa1fb71000 r--s 000b4000 08:07 139376                     /home/chivu/.gradle/caches/jars-2/hgvw6szzawm3evod5l2d6iutfug31w0/uast-162.2228.14.jar
7ffa1fb71000-7ffa1fb73000 r--s 0000d000 08:07 932889                     /home/chivu/.gradle/caches/jars-2/7pwz1bowgakb1eux9ezb56jlturgsyi/commons-codec-1.4.jar
7ffa1fb73000-7ffa1fb75000 r--s 0000d000 08:07 932887                     /home/chivu/.gradle/caches/jars-2/9dj1m0eyooi5qt13735vz8fpkl3cnfy/commons-logging-1.1.1.jar
7ffa1fb75000-7ffa1fb7a000 r--s 00028000 08:07 932885                     /home/chivu/.gradle/caches/jars-2/62lv0fe9b3xbqe57f6ljy5upwi7mf6k/httpcore-4.1.jar
7ffa1fb7a000-7ffa1fb7e000 r--s 0002f000 08:07 932883                     /home/chivu/.gradle/caches/jars-2/gsg5n52frsvw6sx0swqqe2hwijwdcf0/jimfs-1.1.jar
7ffa1fb7e000-7ffa1fb7f000 r--s 00004000 08:07 932881                     /home/chivu/.gradle/caches/jars-2/lxs252id0979odjrerlctkb26c2vj95/annotations-12.0.jar
7ffa1fb7f000-7ffa1fb80000 r--s 00004000 08:07 932879                     /home/chivu/.gradle/caches/jars-2/9kn99dr0rulyl67sct1ephwcop56l61/asm-analysis-5.0.4.jar
7ffa1fb80000-7ffa1fb84000 r--s 00040000 08:07 1094991                    /home/chivu/.gradle/caches/jars-2/ccvn7yglm4blceovs70fngoac1eyn4f/lint-api-25.3.3.jar
7ffa1fb84000-7ffa1fb85000 r--s 0000a000 08:07 932875                     /home/chivu/.gradle/caches/jars-2/nwyg9io65lv6jvmwit2wq82xnnxd7ia/kxml2-2.3.0.jar
7ffa1fb85000-7ffa1fb87000 r--s 00005000 08:07 932873                     /home/chivu/.gradle/caches/jars-2/i6hc1uuj8e9ck59slmzdyz78ydn8sr6/httpmime-4.1.jar
7ffa1fb87000-7ffa1fb8f000 r--s 0004e000 08:07 932871                     /home/chivu/.gradle/caches/jars-2/7503wa5irssz0xxahv1xb82p2dl7rr2/httpclient-4.1.1.jar
7ffa1fb8f000-7ffa1fb96000 r--s 00053000 08:07 932869                     /home/chivu/.gradle/caches/jars-2/jgkfvs4eqggj7qsyw1f5d3up57hanj1/commons-compress-1.8.1.jar
7ffa1fb96000-7ffa1fb9b000 r--s 0002a000 08:07 932867                     /home/chivu/.gradle/caches/jars-2/je8f027qcr1z1egw08byp1ybxbp9kko/gson-2.2.4.jar
7ffa1fb9b000-7ffa1fba0000 r--s 0002e000 08:07 1094990                    /home/chivu/.gradle/caches/jars-2/s427p2wh0tfza0xa8qijgx107eeevyl/repository-25.3.3.jar
7ffa1fba0000-7ffa1fba2000 r--s 00006000 08:07 1094989                    /home/chivu/.gradle/caches/jars-2/e2s952s6co8tps89l80r4riixwqo2oe/dvlib-25.3.3.jar
7ffa1fba2000-7ffa1fba7000 r--s 00058000 08:07 932859                     /home/chivu/.gradle/caches/jars-2/st159835qgxm0l87oqrnhayxos4lc1n/asm-debug-all-5.0.1.jar
7ffa1fba7000-7ffa1fbb7000 r--s 000d5000 08:07 932857                     /home/chivu/.gradle/caches/jars-2/qzf32gp9kej4w4hlbabft6tplu74cj3/proguard-base-5.3.2.jar
7ffa1fbb7000-7ffa1fbba000 r--s 00033000 08:07 932855                     /home/chivu/.gradle/caches/jars-2/nz9sndmr8b4xbj4xulkaciy5kdbyfiz/juniversalchardet-1.0.3.jar
7ffa1fbba000-7ffa1fbbe000 r--s 0002a000 08:07 932853                     /home/chivu/.gradle/caches/jars-2/krbpn9xjn1qymukyx8cc5l799ty1v3h/commons-io-2.4.jar
7ffa1fbbe000-7ffa1fbd5000 r--s 00154000 08:07 932851                     /home/chivu/.gradle/caches/jars-2/sfeivjswzitn6n0fnjx3ueszz8gv8o1/antlr4-4.5.3.jar
7ffa1fbd5000-7ffa1fc00000 r--s 001fc000 08:07 932847                     /home/chivu/.gradle/caches/jars-2/nxjrjftly2xksl8o0wqgivu5netfu2x/guava-18.0.jar
7ffa1fc00000-7ffa1fe00000 rw-p 00000000 00:00 0 
7ffa1fe00000-7ffa20000000 rw-p 00000000 00:00 0 
7ffa20000000-7ffa20021000 rw-p 00000000 00:00 0 
7ffa20021000-7ffa24000000 ---p 00000000 00:00 0 
7ffa24000000-7ffa24021000 rw-p 00000000 00:00 0 
7ffa24021000-7ffa28000000 ---p 00000000 00:00 0 
7ffa28000000-7ffa28021000 rw-p 00000000 00:00 0 
7ffa28021000-7ffa2c000000 ---p 00000000 00:00 0 
7ffa2c000000-7ffa2c021000 rw-p 00000000 00:00 0 
7ffa2c021000-7ffa30000000 ---p 00000000 00:00 0 
7ffa30000000-7ffa3152f000 rw-p 00000000 00:00 0 
7ffa3152f000-7ffa34000000 ---p 00000000 00:00 0 
7ffa34000000-7ffa34021000 rw-p 00000000 00:00 0 
7ffa34021000-7ffa38000000 ---p 00000000 00:00 0 
7ffa38000000-7ffa38021000 rw-p 00000000 00:00 0 
7ffa38021000-7ffa3c000000 ---p 00000000 00:00 0 
7ffa3c000000-7ffa3c021000 rw-p 00000000 00:00 0 
7ffa3c021000-7ffa40000000 ---p 00000000 00:00 0 
7ffa40000000-7ffa4006f000 rw-p 00000000 00:00 0 
7ffa4006f000-7ffa44000000 ---p 00000000 00:00 0 
7ffa44000000-7ffa44021000 rw-p 00000000 00:00 0 
7ffa44021000-7ffa48000000 ---p 00000000 00:00 0 
7ffa48000000-7ffa48021000 rw-p 00000000 00:00 0 
7ffa48021000-7ffa4c000000 ---p 00000000 00:00 0 
7ffa4c000000-7ffa4c021000 rw-p 00000000 00:00 0 
7ffa4c021000-7ffa50000000 ---p 00000000 00:00 0 
7ffa50000000-7ffa51f32000 rw-p 00000000 00:00 0 
7ffa51f32000-7ffa54000000 ---p 00000000 00:00 0 
7ffa54000000-7ffa54dac000 rw-p 00000000 00:00 0 
7ffa54dac000-7ffa58000000 ---p 00000000 00:00 0 
7ffa58000000-7ffa58021000 rw-p 00000000 00:00 0 
7ffa58021000-7ffa5c000000 ---p 00000000 00:00 0 
7ffa5c000000-7ffa5da73000 rw-p 00000000 00:00 0 
7ffa5da73000-7ffa60000000 ---p 00000000 00:00 0 
7ffa60000000-7ffa60021000 rw-p 00000000 00:00 0 
7ffa60021000-7ffa64000000 ---p 00000000 00:00 0 
7ffa64000000-7ffa64021000 rw-p 00000000 00:00 0 
7ffa64021000-7ffa68000000 ---p 00000000 00:00 0 
7ffa68000000-7ffa6803c000 rw-p 00000000 00:00 0 
7ffa6803c000-7ffa6c000000 ---p 00000000 00:00 0 
7ffa6c000000-7ffa6c370000 rw-p 00000000 00:00 0 
7ffa6c370000-7ffa70000000 ---p 00000000 00:00 0 
7ffa70000000-7ffa70021000 rw-p 00000000 00:00 0 
7ffa70021000-7ffa74000000 ---p 00000000 00:00 0 
7ffa74000000-7ffa74002000 r--s 00013000 08:07 1094883                    /home/chivu/.gradle/caches/jars-2/s02k517nvrh8cbp2c8dz4slqska6dj9/layoutlib-api-25.3.3.jar
7ffa74002000-7ffa74004000 r--s 00002000 08:07 1094881                    /home/chivu/.gradle/caches/jars-2/rh2ip1x2zziz26tr3qzudtz088pqsb2/baseLibrary-2.3.3.jar
7ffa74004000-7ffa74017000 r--s 00241000 08:07 932845                     /home/chivu/.gradle/caches/jars-2/9yuekvg4qerfitq3xec0iyckuw3hwaq/ecj-4.6.1.jar
7ffa74017000-7ffa7401e000 r--s 000d9000 08:07 1094862                    /home/chivu/.gradle/caches/jars-2/ak89aa8liqmr44u7r08njntn6oehe0z/lint-checks-25.3.3.jar
7ffa7401e000-7ffa74020000 r--s 00006000 08:07 932841                     /home/chivu/.gradle/caches/jars-2/6phgj9ki3jl3p5epzkqoo8pr6kur40b/asm-tree-5.0.4.jar
7ffa74020000-7ffa74053000 r--s 00203000 08:07 932839                     /home/chivu/.gradle/caches/jars-2/hj0bfvxu9cq7hkwmecvp0kg137or3hh/bcprov-jdk15on-1.48.jar
7ffa74053000-7ffa74061000 r--s 00081000 08:07 932837                     /home/chivu/.gradle/caches/jars-2/4r7xli0tz94y0wfjrdyjxlxar3g1pb9/bcpkix-jdk15on-1.48.jar
7ffa74061000-7ffa74063000 r--s 00002000 08:07 932835                     /home/chivu/.gradle/caches/jars-2/f32bh5uivuf69ecz2j8hl96ksnqdh7v/javawriter-2.5.0.jar
7ffa74063000-7ffa74065000 r--s 00004000 08:07 1094861                    /home/chivu/.gradle/caches/jars-2/j6s1upogkwo00sygdsekzj4fx0i75uy/tracker-25.3.3.jar
7ffa74065000-7ffa74066000 r--s 00005000 08:07 1094860                    /home/chivu/.gradle/caches/jars-2/4svya0t1s9wyo35ycd3atidsaoo6w7e/shared-25.3.3.jar
7ffa74066000-7ffa74074000 r--s 00147000 08:07 1094859                    /home/chivu/.gradle/caches/jars-2/qx6695c5ocd9swxv7wqtxor3plyb4b7/protos-25.3.3.jar
7ffa74074000-7ffa74075000 r--s 00001000 08:07 139356                     /home/chivu/.gradle/caches/jars-2/bqo69msswbvaagsh45hf1tq02v21sml/jill-api-0.10.0.jar
7ffa74075000-7ffa74077000 r--s 00003000 08:07 139354                     /home/chivu/.gradle/caches/jars-2/7pldadygbci34ql8thws797g29k1uhh/jack-api-0.13.0.jar
7ffa74077000-7ffa7407d000 r--s 0004a000 08:07 1094853                    /home/chivu/.gradle/caches/jars-2/euoqfzf5y1sibp9ul8mcz0wovj380eo/ddmlib-25.3.3.jar
7ffa7407d000-7ffa74080000 r--s 00022000 08:07 1094848                    /home/chivu/.gradle/caches/jars-2/a81bg2yxzmumashablwecaj0ksz6tmj/manifest-merger-25.3.3.jar
7ffa74080000-7ffa74083000 r--s 0001c000 08:07 1094847                    /home/chivu/.gradle/caches/jars-2/l6cnyee1vojrkkbpp6qwgpf30shmrja/common-25.3.3.jar
7ffa74083000-7ffa7408c000 r--s 00089000 08:07 1094417                    /home/chivu/.gradle/caches/jars-2/m0t6h8af70sdgxvkj522jy01i14mnb8/sdk-common-25.3.3.jar
7ffa7408c000-7ffa74096000 r--s 00098000 08:07 1094415                    /home/chivu/.gradle/caches/jars-2/28c9ykhc782k8jmlrnbnccai34hziki/sdklib-25.3.3.jar
7ffa74096000-7ffa74097000 r--s 00002000 08:07 1094389                    /home/chivu/.gradle/caches/jars-2/4dod7a1p5hoai4v37pxbcg65bbahvg2/builder-test-api-2.3.3.jar
7ffa74097000-7ffa7409a000 r--s 00006000 08:07 1094385                    /home/chivu/.gradle/caches/jars-2/omk02asobup8sgd6qxom3ej5bg94z2r/builder-model-2.3.3.jar
7ffa7409a000-7ffa740a9000 r--s 00130000 08:07 932809                     /home/chivu/.gradle/caches/jars-2/cr6zkqpx14lor9zdtmo49qpc7y8r8p4/protobuf-java-3.0.0.jar
7ffa740a9000-7ffa740ab000 r--s 0000f000 08:07 932807                     /home/chivu/.gradle/caches/jars-2/rvfyugrlu5tbpz51p98og0qsxamjq4k/jopt-simple-4.9.jar
7ffa740ab000-7ffa740af000 r--s 0001f000 08:07 932805                     /home/chivu/.gradle/caches/jars-2/nq3fzqkrrm37ob61z4iu5qdbh368uat/org.jacoco.report-0.7.5.201505241946.jar
7ffa740af000-7ffa740b3000 r--s 0001d000 08:07 932803                     /home/chivu/.gradle/caches/jars-2/3kxkmcckmk40ron92zhbm0qjo9l4bkl/org.jacoco.core-0.7.5.201505241946.jar
7ffa740b3000-7ffa740b5000 r--s 00002000 08:07 932801                     /home/chivu/.gradle/caches/jars-2/m4m0pzb4gmaeh0in5g2xc4bxeuwt828/proguard-gradle-5.3.2.jar
7ffa740b5000-7ffa740b7000 r--s 00009000 08:07 932799                     /home/chivu/.gradle/caches/jars-2/ajvcvdu66lc9e3tvvipxtuq48i9bbkc/asm-commons-5.0.4.jar
7ffa740b7000-7ffa740b9000 r--s 0000c000 08:07 932797                     /home/chivu/.gradle/caches/jars-2/1laz1ygmxoc408r7nwqs1q8uk8r236d/asm-5.0.4.jar
7ffa740b9000-7ffa740be000 r--s 0002c000 08:07 1094383                    /home/chivu/.gradle/caches/jars-2/3mlasgi8oo9o7oa12526198jui9zmp2/compilerCommon-2.3.3.jar
7ffa740be000-7ffa740bf000 r--s 00002000 08:07 1094379                    /home/chivu/.gradle/caches/jars-2/73l309uzm0ila7rdaaxteq0ng4ayf2y/gradle-api-2.3.3.jar
7ffa740bf000-7ffa740d5000 r--s 00163000 08:07 1094347                    /home/chivu/.gradle/caches/jars-2/nyg71b5n2lzymmwh5vbtmvjiby07k4g/builder-2.3.3.jar
7ffa740d5000-7ffa740f4000 r--s 001ca000 08:07 1094310                    /home/chivu/.gradle/caches/jars-2/5fwyvjq1ai8mdh1mluqxidj1wo7rls8/gradle-core-2.3.3.jar
7ffa740f4000-7ffa740f7000 ---p 00000000 00:00 0 
7ffa740f7000-7ffa743f5000 rw-p 00000000 00:00 0 
7ffa743f5000-7ffa743f8000 ---p 00000000 00:00 0 
7ffa743f8000-7ffa7462e000 rw-p 00000000 00:00 0 
7ffa7462e000-7ffa7482e000 rw-p 00000000 00:00 0 
7ffa7482e000-7ffa7482f000 r--s 00000000 08:07 139334                     /home/chivu/.gradle/caches/jars-2/tlyajppf8woug00g686fx5mchf8iv3o/transform-api-2.0.0-deprecated-use-gradle-api.jar
7ffa7482f000-7ffa74834000 r--s 0005e000 08:07 1094349                    /home/chivu/.gradle/caches/jars-2/k2xtosjt0in0zj7mpwvctw6iznt93uh/lint-25.3.3.jar
7ffa74834000-7ffa74836000 r--s 00007000 08:07 266240                     /home/chivu/.gradle/caches/modules-2/files-2.1/com.google.gms/google-services/3.1.0/166ae4e6acd03b7bbebe221ffa54bc039fece1b9/google-services-3.1.0.jar
7ffa74836000-7ffa74838000 r--s 0000d000 08:07 1094266                    /home/chivu/.gradle/caches/jars-2/mel54vauze7hczg2p6nebauqz8s53sj/gradle-2.3.3.jar
7ffa74838000-7ffa74839000 r--p 00000000 00:00 0 
7ffa74839000-7ffa74a39000 rw-p 00000000 00:00 0 
7ffa74a39000-7ffa74ab2000 r--s 010ed000 08:07 1201473                    /home/chivu/Downloads/android-studio-p/jre/lib/tools.jar
7ffa74ab2000-7ffa74cb2000 rw-p 00000000 00:00 0 
7ffa74cb2000-7ffa74cb5000 ---p 00000000 00:00 0 
7ffa74cb5000-7ffa74db3000 rw-p 00000000 00:00 0 
7ffa74db3000-7ffa74db6000 ---p 00000000 00:00 0 
7ffa74db6000-7ffa74eb4000 rw-p 00000000 00:00 0 
7ffa74eb4000-7ffa74eb7000 ---p 00000000 00:00 0 
7ffa74eb7000-7ffa74fb5000 rw-p 00000000 00:00 0 
7ffa74fb5000-7ffa74fb8000 ---p 00000000 00:00 0 
7ffa74fb8000-7ffa750b6000 rw-p 00000000 00:00 0 
7ffa750b6000-7ffa750b9000 ---p 00000000 00:00 0 
7ffa750b9000-7ffa753b7000 rw-p 00000000 00:00 0 
7ffa753b7000-7ffa753ba000 ---p 00000000 00:00 0 
7ffa753ba000-7ffa754b8000 rw-p 00000000 00:00 0 
7ffa754b8000-7ffa754bb000 ---p 00000000 00:00 0 
7ffa754bb000-7ffa755b9000 rw-p 00000000 00:00 0 
7ffa755b9000-7ffa755c0000 r--s 00000000 08:07 1590595                    /usr/lib/x86_64-linux-gnu/gconv/gconv-modules.cache
7ffa755c0000-7ffa757c0000 rw-p 00000000 00:00 0 
7ffa757c0000-7ffa757c3000 ---p 00000000 00:00 0 
7ffa757c3000-7ffa758c1000 rw-p 00000000 00:00 0 
7ffa758c1000-7ffa758ca000 r-xp 00000000 08:07 1201548                    /home/chivu/Downloads/android-studio-p/jre/jre/lib/amd64/libmanagement.so
7ffa758ca000-7ffa75ac9000 ---p 00009000 08:07 1201548                    /home/chivu/Downloads/android-studio-p/jre/jre/lib/amd64/libmanagement.so
7ffa75ac9000-7ffa75aca000 r--p 00008000 08:07 1201548                    /home/chivu/Downloads/android-studio-p/jre/jre/lib/amd64/libmanagement.so
7ffa75aca000-7ffa75acb000 rw-p 00009000 08:07 1201548                    /home/chivu/Downloads/android-studio-p/jre/jre/lib/amd64/libmanagement.so
7ffa75acb000-7ffa75ad0000 r--s 00098000 08:07 1201512                    /home/chivu/Downloads/android-studio-p/jre/jre/lib/jsse.jar
7ffa75ad0000-7ffa75ad2000 r--s 00007000 08:07 1189108                    /home/chivu/.gradle/wrapper/dists/gradle-3.3-all/55gk2rcmfc6p2dg9u9ohc3hw9/gradle-3.3/lib/plugins/gradle-tooling-api-builders-3.3.jar
7ffa75ad2000-7ffa75ad5000 r--s 00009000 08:07 1189101                    /home/chivu/.gradle/wrapper/dists/gradle-3.3-all/55gk2rcmfc6p2dg9u9ohc3hw9/gradle-3.3/lib/plugins/gradle-testing-native-3.3.jar
7ffa75ad5000-7ffa75adb000 r--s 00033000 08:07 1189176                    /home/chivu/.gradle/wrapper/dists/gradle-3.3-all/55gk2rcmfc6p2dg9u9ohc3hw9/gradle-3.3/lib/plugins/snakeyaml-1.6.jar
7ffa75adb000-7ffa75add000 r--s 00006000 08:07 1189175                    /home/chivu/.gradle/wrapper/dists/gradle-3.3-all/55gk2rcmfc6p2dg9u9ohc3hw9/gradle-3.3/lib/plugins/jcommander-1.12.jar
7ffa75add000-7ffa75ae2000 r--s 00040000 08:07 1189174                    /home/chivu/.gradle/wrapper/dists/gradle-3.3-all/55gk2rcmfc6p2dg9u9ohc3hw9/gradle-3.3/lib/plugins/bsh-2.0b4.jar
7ffa75ae2000-7ffa75ae4000 r--s 00009000 08:07 1189182                    /home/chivu/.gradle/wrapper/dists/gradle-3.3-all/55gk2rcmfc6p2dg9u9ohc3hw9/gradle-3.3/lib/plugins/hamcrest-core-1.3.jar
7ffa75ae4000-7ffa75aed000 r--s 00089000 08:07 1189133                    /home/chivu/.gradle/wrapper/dists/gradle-3.3-all/55gk2rcmfc6p2dg9u9ohc3hw9/gradle-3.3/lib/plugins/testng-6.3.1.jar
7ffa75aed000-7ffa75af5000 r--s 00045000 08:07 1189132                    /home/chivu/.gradle/wrapper/dists/gradle-3.3-all/55gk2rcmfc6p2dg9u9ohc3hw9/gradle-3.3/lib/plugins/junit-4.12.jar
7ffa75af5000-7ffa75afb000 r--s 0002e000 08:07 1189102                    /home/chivu/.gradle/wrapper/dists/gradle-3.3-all/55gk2rcmfc6p2dg9u9ohc3hw9/gradle-3.3/lib/plugins/gradle-testing-jvm-3.3.jar
7ffa75afb000-7ffa75aff000 r--s 00016000 08:07 1189100                    /home/chivu/.gradle/wrapper/dists/gradle-3.3-all/55gk2rcmfc6p2dg9u9ohc3hw9/gradle-3.3/lib/plugins/gradle-testing-base-3.3.jar
7ffa75aff000-7ffa75b06000 r--s 00038000 08:07 1189127                    /home/chivu/.gradle/wrapper/dists/gradle-3.3-all/55gk2rcmfc6p2dg9u9ohc3hw9/gradle-3.3/lib/plugins/bcpg-jdk15on-1.51.jar
7ffa75b06000-7ffa75b08000 r--s 0000c000 08:07 1189079                    /home/chivu/.gradle/wrapper/dists/gradle-3.3-all/55gk2rcmfc6p2dg9u9ohc3hw9/gradle-3.3/lib/plugins/gradle-signing-3.3.jar
7ffa75b08000-7ffa75b0a000 r--s 00007000 08:07 1189078                    /home/chivu/.gradle/wrapper/dists/gradle-3.3-all/55gk2rcmfc6p2dg9u9ohc3hw9/gradle-3.3/lib/plugins/gradle-scala-3.3.jar
7ffa75b0a000-7ffa75b0b000 r--s 00004000 08:07 1189106                    /home/chivu/.gradle/wrapper/dists/gradle-3.3-all/55gk2rcmfc6p2dg9u9ohc3hw9/gradle-3.3/lib/plugins/gradle-resources-sftp-3.3.jar
7ffa75b0b000-7ffa75b1b000 r--s 00088000 08:07 1189143                    /home/chivu/.gradle/wrapper/dists/gradle-3.3-all/55gk2rcmfc6p2dg9u9ohc3hw9/gradle-3.3/lib/plugins/joda-time-2.8.2.jar
7ffa75b1b000-7ffa75b2c000 r--s 0010d000 08:07 1189142                    /home/chivu/.gradle/wrapper/dists/gradle-3.3-all/55gk2rcmfc6p2dg9u9ohc3hw9/gradle-3.3/lib/plugins/jackson-databind-2.6.6.jar
7ffa75b2c000-7ffa75b2f000 r--s 00009000 08:07 1189141                    /home/chivu/.gradle/wrapper/dists/gradle-3.3-all/55gk2rcmfc6p2dg9u9ohc3hw9/gradle-3.3/lib/plugins/jackson-annotations-2.6.6.jar
7ffa75b2f000-7ffa75b33000 r--s 0003c000 08:07 1189140                    /home/chivu/.gradle/wrapper/dists/gradle-3.3-all/55gk2rcmfc6p2dg9u9ohc3hw9/gradle-3.3/lib/plugins/jackson-core-2.6.6.jar
7ffa75b33000-7ffa75b41000 r--s 00087000 08:07 1189139                    /home/chivu/.gradle/wrapper/dists/gradle-3.3-all/55gk2rcmfc6p2dg9u9ohc3hw9/gradle-3.3/lib/plugins/aws-java-sdk-core-1.11.6.jar
7ffa75b41000-7ffa75b48000 r--s 00057000 08:07 1189138                    /home/chivu/.gradle/wrapper/dists/gradle-3.3-all/55gk2rcmfc6p2dg9u9ohc3hw9/gradle-3.3/lib/plugins/aws-java-sdk-kms-1.11.6.jar
7ffa75b48000-7ffa75b55000 r--s 0008e000 08:07 1189137                    /home/chivu/.gradle/wrapper/dists/gradle-3.3-all/55gk2rcmfc6p2dg9u9ohc3hw9/gradle-3.3/lib/plugins/aws-java-sdk-s3-1.11.6.jar
7ffa75b55000-7ffa75b57000 r--s 00004000 08:07 1189107                    /home/chivu/.gradle/wrapper/dists/gradle-3.3-all/55gk2rcmfc6p2dg9u9ohc3hw9/gradle-3.3/lib/plugins/gradle-resources-s3-3.3.jar
7ffa75b57000-7ffa75b59000 r--s 00005000 08:07 1189131                    /home/chivu/.gradle/wrapper/dists/gradle-3.3-all/55gk2rcmfc6p2dg9u9ohc3hw9/gradle-3.3/lib/plugins/jatl-0.2.2.jar
7ffa75b59000-7ffa75b5b000 r--s 0000f000 08:07 1189084                    /home/chivu/.gradle/wrapper/dists/gradle-3.3-all/55gk2rcmfc6p2dg9u9ohc3hw9/gradle-3.3/lib/plugins/gradle-reporting-3.3.jar
7ffa75b5b000-7ffa75b5d000 r--s 00002000 08:07 1189085                    /home/chivu/.gradle/wrapper/dists/gradle-3.3-all/55gk2rcmfc6p2dg9u9ohc3hw9/gradle-3.3/lib/plugins/gradle-publish-3.3.jar
7ffa75b5d000-7ffa75b5f000 r--s 00009000 08:07 1189114                    /home/chivu/.gradle/wrapper/dists/gradle-3.3-all/55gk2rcmfc6p2dg9u9ohc3hw9/gradle-3.3/lib/plugins/commons-cli-1.2.jar
7ffa75b5f000-7ffa75b65000 r--s 00031000 08:07 1189070                    /home/chivu/.gradle/wrapper/dists/gradle-3.3-all/55gk2rcmfc6p2dg9u9ohc3hw9/gradle-3.3/lib/plugins/gradle-plugins-3.3.jar
7ffa75b65000-7ffa75b67000 r--s 00009000 08:07 1189103                    /home/chivu/.gradle/wrapper/dists/gradle-3.3-all/55gk2rcmfc6p2dg9u9ohc3hw9/gradle-3.3/lib/plugins/gradle-plugin-development-3.3.jar
7ffa75b67000-7ffa75b6d000 r--s 0002b000 08:07 1189096                    /home/chivu/.gradle/wrapper/dists/gradle-3.3-all/55gk2rcmfc6p2dg9u9ohc3hw9/gradle-3.3/lib/plugins/gradle-platform-play-3.3.jar
7ffa75b6d000-7ffa75b7b000 r--s 00055000 08:07 1189095                    /home/chivu/.gradle/wrapper/dists/gradle-3.3-all/55gk2rcmfc6p2dg9u9ohc3hw9/gradle-3.3/lib/plugins/gradle-platform-native-3.3.jar
7ffa75b7b000-7ffa75b80000 r--s 0001f000 08:07 1189090                    /home/chivu/.gradle/wrapper/dists/gradle-3.3-all/55gk2rcmfc6p2dg9u9ohc3hw9/gradle-3.3/lib/plugins/gradle-platform-jvm-3.3.jar
7ffa75b80000-7ffa75b88000 r--s 00027000 08:07 1189089                    /home/chivu/.gradle/wrapper/dists/gradle-3.3-all/55gk2rcmfc6p2dg9u9ohc3hw9/gradle-3.3/lib/plugins/gradle-platform-base-3.3.jar
7ffa75b88000-7ffa75bb0000 r--s 0021c000 08:07 1189122                    /home/chivu/.gradle/wrapper/dists/gradle-3.3-all/55gk2rcmfc6p2dg9u9ohc3hw9/gradle-3.3/lib/plugins/biz.aQute.bndlib-3.2.0.jar
7ffa75bb0000-7ffa75bb2000 r--s 00003000 08:07 1189074                    /home/chivu/.gradle/wrapper/dists/gradle-3.3-all/55gk2rcmfc6p2dg9u9ohc3hw9/gradle-3.3/lib/plugins/gradle-osgi-3.3.jar
7ffa75bb2000-7ffa75bb5000 r--s 0000c000 08:07 1189125                    /home/chivu/.gradle/wrapper/dists/gradle-3.3-all/55gk2rcmfc6p2dg9u9ohc3hw9/gradle-3.3/lib/plugins/pmaven-groovy-0.8-20100325.jar
7ffa75bb5000-7ffa75bb6000 r--s 00004000 08:07 1189124                    /home/chivu/.gradle/wrapper/dists/gradle-3.3-all/55gk2rcmfc6p2dg9u9ohc3hw9/gradle-3.3/lib/plugins/pmaven-common-0.8-20100325.jar
7ffa75bb6000-7ffa75bbc000 r--s 00023000 08:07 1189075                    /home/chivu/.gradle/wrapper/dists/gradle-3.3-all/55gk2rcmfc6p2dg9u9ohc3hw9/gradle-3.3/lib/plugins/gradle-maven-3.3.jar
7ffa75bbc000-7ffa75bbf000 r--s 0000b000 08:07 1189094                    /home/chivu/.gradle/wrapper/dists/gradle-3.3-all/55gk2rcmfc6p2dg9u9ohc3hw9/gradle-3.3/lib/plugins/gradle-language-scala-3.3.jar
7ffa75bbf000-7ffa75bc5000 r--s 0001a000 08:07 1189098                    /home/chivu/.gradle/wrapper/dists/gradle-3.3-all/55gk2rcmfc6p2dg9u9ohc3hw9/gradle-3.3/lib/plugins/gradle-language-native-3.3.jar
7ffa75bc5000-7ffa75bc8000 r--s 00005000 08:07 1189091                    /home/chivu/.gradle/wrapper/dists/gradle-3.3-all/55gk2rcmfc6p2dg9u9ohc3hw9/gradle-3.3/lib/plugins/gradle-language-jvm-3.3.jar
7ffa75bc8000-7ffa75bce000 r--s 00027000 08:07 1189092                    /home/chivu/.gradle/wrapper/dists/gradle-3.3-all/55gk2rcmfc6p2dg9u9ohc3hw9/gradle-3.3/lib/plugins/gradle-language-java-3.3.jar
7ffa75bce000-7ffa75bd0000 r--s 0000a000 08:07 1189093                    /home/chivu/.gradle/wrapper/dists/gradle-3.3-all/55gk2rcmfc6p2dg9u9ohc3hw9/gradle-3.3/lib/plugins/gradle-language-groovy-3.3.jar
7ffa75bd0000-7ffa75bd3000 r--s 0001e000 08:07 1189149                    /home/chivu/.gradle/wrapper/dists/gradle-3.3-all/55gk2rcmfc6p2dg9u9ohc3hw9/gradle-3.3/lib/plugins/jsp-api-2.1-6.1.14.jar
7ffa75bd3000-7ffa75bf6000 r--s 00344000 08:07 1189148                    /home/chivu/.gradle/wrapper/dists/gradle-3.3-all/55gk2rcmfc6p2dg9u9ohc3hw9/gradle-3.3/lib/plugins/core-3.1.1.jar
7ffa75bf6000-7ffa75bf7000 r--s 00006000 08:07 1189147                    /home/chivu/.gradle/wrapper/dists/gradle-3.3-all/55gk2rcmfc6p2dg9u9ohc3hw9/gradle-3.3/lib/plugins/jetty-naming-6.1.26.jar
7ffa75bf7000-7ffa75bf8000 r--s 00002000 08:07 1189121                    /home/chivu/.gradle/wrapper/dists/gradle-3.3-all/55gk2rcmfc6p2dg9u9ohc3hw9/gradle-3.3/lib/plugins/geronimo-annotation_1.0_spec-1.0.jar
7ffa75bf8000-7ffa75bfa000 r--s 00002000 08:07 1189120                    /home/chivu/.gradle/wrapper/dists/gradle-3.3-all/55gk2rcmfc6p2dg9u9ohc3hw9/gradle-3.3/lib/plugins/jetty-annotations-6.1.26.jar
7ffa75bfa000-7ffa75c0b000 r--s 000ea000 08:07 1189119                    /home/chivu/.gradle/wrapper/dists/gradle-3.3-all/55gk2rcmfc6p2dg9u9ohc3hw9/gradle-3.3/lib/plugins/jsp-2.1-6.1.14.jar
7ffa75c0b000-7ffa75c0d000 r--s 0000d000 08:07 1189118                    /home/chivu/.gradle/wrapper/dists/gradle-3.3-all/55gk2rcmfc6p2dg9u9ohc3hw9/gradle-3.3/lib/plugins/jetty-plus-6.1.26.jar
7ffa75c0d000-7ffa75c0f000 r--s 0001f000 08:07 1189117                    /home/chivu/.gradle/wrapper/dists/gradle-3.3-all/55gk2rcmfc6p2dg9u9ohc3hw9/gradle-3.3/lib/plugins/servlet-api-2.5-20081211.jar
7ffa75c0f000-7ffa75c13000 r--s 00028000 08:07 1189116                    /home/chivu/.gradle/wrapper/dists/gradle-3.3-all/55gk2rcmfc6p2dg9u9ohc3hw9/gradle-3.3/lib/plugins/jetty-util-6.1.26.jar
7ffa75c13000-7ffa75c1a000 r--s 0007d000 08:07 1189115                    /home/chivu/.gradle/wrapper/dists/gradle-3.3-all/55gk2rcmfc6p2dg9u9ohc3hw9/gradle-3.3/lib/plugins/jetty-6.1.26.jar
7ffa75c1a000-7ffa75c1c000 r--s 0000a000 08:07 1189072                    /home/chivu/.gradle/wrapper/dists/gradle-3.3-all/55gk2rcmfc6p2dg9u9ohc3hw9/gradle-3.3/lib/plugins/gradle-jetty-3.3.jar
7ffa75c1c000-7ffa75c23000 r--s 00035000 08:07 1189130                    /home/chivu/.gradle/wrapper/dists/gradle-3.3-all/55gk2rcmfc6p2dg9u9ohc3hw9/gradle-3.3/lib/plugins/simple-4.1.21.jar
7ffa75c23000-7ffa75c2f000 r--s 00100000 08:07 1189128                    /home/chivu/.gradle/wrapper/dists/gradle-3.3-all/55gk2rcmfc6p2dg9u9ohc3hw9/gradle-3.3/lib/plugins/rhino-1.7R3.jar
7ffa75c2f000-7ffa75c33000 r--s 00012000 08:07 1189081                    /home/chivu/.gradle/wrapper/dists/gradle-3.3-all/55gk2rcmfc6p2dg9u9ohc3hw9/gradle-3.3/lib/plugins/gradle-javascript-3.3.jar
7ffa75c33000-7ffa75c35000 r--s 0000d000 08:07 1189087                    /home/chivu/.gradle/wrapper/dists/gradle-3.3-all/55gk2rcmfc6p2dg9u9ohc3hw9/gradle-3.3/lib/plugins/gradle-jacoco-3.3.jar
7ffa75c35000-7ffa75c38000 r--s 0000e000 08:07 1189086                    /home/chivu/.gradle/wrapper/dists/gradle-3.3-all/55gk2rcmfc6p2dg9u9ohc3hw9/gradle-3.3/lib/plugins/gradle-ivy-3.3.jar
7ffa75c38000-7ffa75c39000 r--s 00002000 08:07 1189097                    /home/chivu/.gradle/wrapper/dists/gradle-3.3-all/55gk2rcmfc6p2dg9u9ohc3hw9/gradle-3.3/lib/plugins/gradle-ide-play-3.3.jar
7ffa75c39000-7ffa75c3c000 r--s 00013000 08:07 1189099                    /home/chivu/.gradle/wrapper/dists/gradle-3.3-all/55gk2rcmfc6p2dg9u9ohc3hw9/gradle-3.3/lib/plugins/gradle-ide-native-3.3.jar
7ffa75c3c000-7ffa75c45000 r--s 00055000 08:07 1189076                    /home/chivu/.gradle/wrapper/dists/gradle-3.3-all/55gk2rcmfc6p2dg9u9ohc3hw9/gradle-3.3/lib/plugins/gradle-ide-3.3.jar
7ffa75c45000-7ffa75c47000 r--s 00007000 08:07 1189080                    /home/chivu/.gradle/wrapper/dists/gradle-3.3-all/55gk2rcmfc6p2dg9u9ohc3hw9/gradle-3.3/lib/plugins/gradle-ear-3.3.jar
7ffa75c47000-7ffa75c4d000 r--s 00039000 08:07 1189083                    /home/chivu/.gradle/wrapper/dists/gradle-3.3-all/55gk2rcmfc6p2dg9u9ohc3hw9/gradle-3.3/lib/plugins/gradle-diagnostics-3.3.jar
7ffa75c4d000-7ffa75c4e000 r--s 00009000 08:07 1189109                    /home/chivu/.gradle/wrapper/dists/gradle-3.3-all/55gk2rcmfc6p2dg9u9ohc3hw9/gradle-3.3/lib/plugins/gradle-composite-builds-3.3.jar
7ffa75c4e000-7ffa75c52000 r--s 00023000 08:07 1189071                    /home/chivu/.gradle/wrapper/dists/gradle-3.3-all/55gk2rcmfc6p2dg9u9ohc3hw9/gradle-3.3/lib/plugins/gradle-code-quality-3.3.jar
7ffa75c52000-7ffa75c56000 r--s 00022000 08:07 1189088                    /home/chivu/.gradle/wrapper/dists/gradle-3.3-all/55gk2rcmfc6p2dg9u9ohc3hw9/gradle-3.3/lib/plugins/gradle-build-init-3.3.jar
7ffa75c56000-7ffa75c5c000 r--s 0008e000 08:07 1189082                    /home/chivu/.gradle/wrapper/dists/gradle-3.3-all/55gk2rcmfc6p2dg9u9ohc3hw9/gradle-3.3/lib/plugins/gradle-build-comparison-3.3.jar
7ffa75c5c000-7ffa75c5d000 r--s 00001000 08:07 1189110                    /home/chivu/.gradle/wrapper/dists/gradle-3.3-all/55gk2rcmfc6p2dg9u9ohc3hw9/gradle-3.3/lib/plugins/gradle-build-cache-http-3.3.jar
7ffa75c5d000-7ffa75c5f000 r--s 00008000 08:07 1189073                    /home/chivu/.gradle/wrapper/dists/gradle-3.3-all/55gk2rcmfc6p2dg9u9ohc3hw9/gradle-3.3/lib/plugins/gradle-antlr-3.3.jar
7ffa75c5f000-7ffa75c61000 r--s 00004000 08:07 1189077                    /home/chivu/.gradle/wrapper/dists/gradle-3.3-all/55gk2rcmfc6p2dg9u9ohc3hw9/gradle-3.3/lib/plugins/gradle-announce-3.3.jar
7ffa75c61000-7ffa75c79000 r--s 00115000 08:07 1189179                    /home/chivu/.gradle/wrapper/dists/gradle-3.3-all/55gk2rcmfc6p2dg9u9ohc3hw9/gradle-3.3/lib/plugins/xercesImpl-2.9.1.jar
7ffa75c79000-7ffa75c81000 r--s 00028000 08:07 1189180                    /home/chivu/.gradle/wrapper/dists/gradle-3.3-all/55gk2rcmfc6p2dg9u9ohc3hw9/gradle-3.3/lib/plugins/xml-apis-1.3.04.jar
7ffa75c81000-7ffa75c87000 r--s 0005b000 08:07 1189178                    /home/chivu/.gradle/wrapper/dists/gradle-3.3-all/55gk2rcmfc6p2dg9u9ohc3hw9/gradle-3.3/lib/plugins/jcifs-1.3.17.jar
7ffa75c87000-7ffa75c8d000 r--s 00033000 08:07 1189126                    /home/chivu/.gradle/wrapper/dists/gradle-3.3-all/55gk2rcmfc6p2dg9u9ohc3hw9/gradle-3.3/lib/plugins/commons-codec-1.6.jar
7ffa75c8d000-7ffa75c94000 r--s 00049000 08:07 1189177                    /home/chivu/.gradle/wrapper/dists/gradle-3.3-all/55gk2rcmfc6p2dg9u9ohc3hw9/gradle-3.3/lib/plugins/httpcore-4.4.4.jar
7ffa75c94000-7ffa75c97000 r--s 0001c000 08:07 1189135                    /home/chivu/.gradle/wrapper/dists/gradle-3.3-all/55gk2rcmfc6p2dg9u9ohc3hw9/gradle-3.3/lib/plugins/nekohtml-1.9.14.jar
7ffa75c97000-7ffa75ca4000 r--s 000a4000 08:07 1189134                    /home/chivu/.gradle/wrapper/dists/gradle-3.3-all/55gk2rcmfc6p2dg9u9ohc3hw9/gradle-3.3/lib/plugins/httpclient-4.4.1.jar
7ffa75ca4000-7ffa75ca7000 r--s 0000a000 08:07 1189105                    /home/chivu/.gradle/wrapper/dists/gradle-3.3-all/55gk2rcmfc6p2dg9u9ohc3hw9/gradle-3.3/lib/plugins/gradle-resources-http-3.3.jar
7ffa75ca7000-7ffa75cab000 r--s 00015000 08:07 1189104                    /home/chivu/.gradle/wrapper/dists/gradle-3.3-all/55gk2rcmfc6p2dg9u9ohc3hw9/gradle-3.3/lib/plugins/gradle-plugin-use-3.3.jar
7ffa75cab000-7ffa75cac000 r--s 00000000 08:07 1189016                    /home/chivu/.gradle/wrapper/dists/gradle-3.3-all/55gk2rcmfc6p2dg9u9ohc3hw9/gradle-3.3/lib/gradle-installation-beacon-3.3.jar
7ffa75cac000-7ffa75cae000 r--s 00006000 08:07 1189173                    /home/chivu/.gradle/wrapper/dists/gradle-3.3-all/55gk2rcmfc6p2dg9u9ohc3hw9/gradle-3.3/lib/plugins/aether-connector-wagon-1.13.1.jar
7ffa75cae000-7ffa75cb2000 r--s 0001c000 08:07 1189172                    /home/chivu/.gradle/wrapper/dists/gradle-3.3-all/55gk2rcmfc6p2dg9u9ohc3hw9/gradle-3.3/lib/plugins/aether-util-1.13.1.jar
7ffa75cb2000-7ffa75cb3000 r--s 00003000 08:07 1189171                    /home/chivu/.gradle/wrapper/dists/gradle-3.3-all/55gk2rcmfc6p2dg9u9ohc3hw9/gradle-3.3/lib/plugins/aether-spi-1.13.1.jar
7ffa75cb3000-7ffa75cb6000 r--s 0001d000 08:07 1189170                    /home/chivu/.gradle/wrapper/dists/gradle-3.3-all/55gk2rcmfc6p2dg9u9ohc3hw9/gradle-3.3/lib/plugins/aether-impl-1.13.1.jar
7ffa75cb6000-7ffa75cb9000 r--s 00013000 08:07 1189169                    /home/chivu/.gradle/wrapper/dists/gradle-3.3-all/55gk2rcmfc6p2dg9u9ohc3hw9/gradle-3.3/lib/plugins/aether-api-1.13.1.jar
7ffa75cb9000-7ffa75cba000 r--s 00007000 08:07 1189168                    /home/chivu/.gradle/wrapper/dists/gradle-3.3-all/55gk2rcmfc6p2dg9u9ohc3hw9/gradle-3.3/lib/plugins/wagon-http-shared4-2.4.jar
7ffa75cba000-7ffa75cbc000 r--s 0000b000 08:07 1189167                    /home/chivu/.gradle/wrapper/dists/gradle-3.3-all/55gk2rcmfc6p2dg9u9ohc3hw9/gradle-3.3/lib/plugins/wagon-provider-api-2.4.jar
7ffa75cbc000-7ffa75cbd000 r--s 00002000 08:07 1189166                    /home/chivu/.gradle/wrapper/dists/gradle-3.3-all/55gk2rcmfc6p2dg9u9ohc3hw9/gradle-3.3/lib/plugins/wagon-http-2.4.jar
7ffa75cbd000-7ffa75cbe000 r--s 00002000 08:07 1189165                    /home/chivu/.gradle/wrapper/dists/gradle-3.3-all/55gk2rcmfc6p2dg9u9ohc3hw9/gradle-3.3/lib/plugins/wagon-file-2.4.jar
7ffa75cbe000-7ffa75cc0000 r--s 0000c000 08:07 1189164                    /home/chivu/.gradle/wrapper/dists/gradle-3.3-all/55gk2rcmfc6p2dg9u9ohc3hw9/gradle-3.3/lib/plugins/maven-aether-provider-3.0.4.jar
7ffa75cc0000-7ffa75cc2000 r--s 0000b000 08:07 1189163                    /home/chivu/.gradle/wrapper/dists/gradle-3.3-all/55gk2rcmfc6p2dg9u9ohc3hw9/gradle-3.3/lib/plugins/maven-plugin-api-3.0.4.jar
7ffa75cc2000-7ffa75cc4000 r--s 00006000 08:07 1189162                    /home/chivu/.gradle/wrapper/dists/gradle-3.3-all/55gk2rcmfc6p2dg9u9ohc3hw9/gradle-3.3/lib/plugins/maven-repository-metadata-3.0.4.jar
7ffa75cc4000-7ffa75cc6000 r--s 0000b000 08:07 1189161                    /home/chivu/.gradle/wrapper/dists/gradle-3.3-all/55gk2rcmfc6p2dg9u9ohc3hw9/gradle-3.3/lib/plugins/maven-artifact-3.0.4.jar
7ffa75cc6000-7ffa75cc8000 r--s 00026000 08:07 1189160                    /home/chivu/.gradle/wrapper/dists/gradle-3.3-all/55gk2rcmfc6p2dg9u9ohc3hw9/gradle-3.3/lib/plugins/maven-model-3.0.4.jar
7ffa75cc8000-7ffa75ccc000 r--s 00021000 08:07 1189159                    /home/chivu/.gradle/wrapper/dists/gradle-3.3-all/55gk2rcmfc6p2dg9u9ohc3hw9/gradle-3.3/lib/plugins/maven-model-builder-3.0.4.jar
7ffa75ccc000-7ffa75cd2000 r--s 0003f000 08:07 1189158                    /home/chivu/.gradle/wrapper/dists/gradle-3.3-all/55gk2rcmfc6p2dg9u9ohc3hw9/gradle-3.3/lib/plugins/maven-compat-3.0.4.jar
7ffa75cd2000-7ffa75cd4000 r--s 00002000 08:07 1189156                    /home/chivu/.gradle/wrapper/dists/gradle-3.3-all/55gk2rcmfc6p2dg9u9ohc3hw9/gradle-3.3/lib/plugins/plexus-cipher-1.7.jar
7ffa75cd4000-7ffa75cd6000 r--s 0000a000 08:07 1189155                    /home/chivu/.gradle/wrapper/dists/gradle-3.3-all/55gk2rcmfc6p2dg9u9ohc3hw9/gradle-3.3/lib/plugins/plexus-classworlds-2.4.jar
7ffa75cd6000-7ffa75cdd000 r--s 0002e000 08:07 1189154                    /home/chivu/.gradle/wrapper/dists/gradle-3.3-all/55gk2rcmfc6p2dg9u9ohc3hw9/gradle-3.3/lib/plugins/plexus-container-default-1.5.5.jar
7ffa75cdd000-7ffa75cdf000 r--s 00000000 08:07 1189181                    /home/chivu/.gradle/wrapper/dists/gradle-3.3-all/55gk2rcmfc6p2dg9u9ohc3hw9/gradle-3.3/lib/plugins/plexus-component-annotations-1.5.5.jar
7ffa75cdf000-7ffa75ce1000 r--s 0000d000 08:07 1189153                    /home/chivu/.gradle/wrapper/dists/gradle-3.3-all/55gk2rcmfc6p2dg9u9ohc3hw9/gradle-3.3/lib/plugins/plexus-interpolation-1.14.jar
7ffa75ce1000-7ffa75ce5000 r--s 00033000 08:07 1189152                    /home/chivu/.gradle/wrapper/dists/gradle-3.3-all/55gk2rcmfc6p2dg9u9ohc3hw9/gradle-3.3/lib/plugins/plexus-utils-2.0.6.jar
7ffa75ce5000-7ffa75ce8000 r--s 00008000 08:07 1189151                    /home/chivu/.gradle/wrapper/dists/gradle-3.3-all/55gk2rcmfc6p2dg9u9ohc3hw9/gradle-3.3/lib/plugins/maven-settings-builder-3.0.4.jar
7ffa75ce8000-7ffa75ced000 r--s 00040000 08:07 1189136                    /home/chivu/.gradle/wrapper/dists/gradle-3.3-all/55gk2rcmfc6p2dg9u9ohc3hw9/gradle-3.3/lib/plugins/jsch-0.1.53.jar
7ffa75ced000-7ffa75d2d000 r--s 00277000 08:07 1189146                    /home/chivu/.gradle/wrapper/dists/gradle-3.3-all/55gk2rcmfc6p2dg9u9ohc3hw9/gradle-3.3/lib/plugins/bcprov-jdk15on-1.51.jar
7ffa75d2d000-7ffa75d39000 r--s 0007d000 08:07 1189123                    /home/chivu/.gradle/wrapper/dists/gradle-3.3-all/55gk2rcmfc6p2dg9u9ohc3hw9/gradle-3.3/lib/plugins/maven-core-3.0.4.jar
7ffa75d39000-7ffa75d58000 r--s 000f6000 08:07 1189112                    /home/chivu/.gradle/wrapper/dists/gradle-3.3-all/55gk2rcmfc6p2dg9u9ohc3hw9/gradle-3.3/lib/plugins/gradle-dependency-management-3.3.jar
7ffa75d58000-7ffa75d6e000 r-xp 00000000 08:07 529479                     /lib/x86_64-linux-gnu/libgcc_s.so.1
7ffa75d6e000-7ffa75f6d000 ---p 00016000 08:07 529479                     /lib/x86_64-linux-gnu/libgcc_s.so.1
7ffa75f6d000-7ffa75f6e000 rw-p 00015000 08:07 529479                     /lib/x86_64-linux-gnu/libgcc_s.so.1
7ffa75f6e000-7ffa760e0000 r-xp 00000000 08:07 1312856                    /usr/lib/x86_64-linux-gnu/libstdc++.so.6.0.21
7ffa760e0000-7ffa762e0000 ---p 00172000 08:07 1312856                    /usr/lib/x86_64-linux-gnu/libstdc++.so.6.0.21
7ffa762e0000-7ffa762ea000 r--p 00172000 08:07 1312856                    /usr/lib/x86_64-linux-gnu/libstdc++.so.6.0.21
7ffa762ea000-7ffa762ec000 rw-p 0017c000 08:07 1312856                    /usr/lib/x86_64-linux-gnu/libstdc++.so.6.0.21
7ffa762ec000-7ffa762f0000 rw-p 00000000 00:00 0 
7ffa762f0000-7ffa762f2000 r--s 0000a000 08:07 1189150                    /home/chivu/.gradle/wrapper/dists/gradle-3.3-all/55gk2rcmfc6p2dg9u9ohc3hw9/gradle-3.3/lib/plugins/maven-settings-3.0.4.jar
7ffa762f2000-7ffa762f6000 r--s 0001d000 08:07 1189145                    /home/chivu/.gradle/wrapper/dists/gradle-3.3-all/55gk2rcmfc6p2dg9u9ohc3hw9/gradle-3.3/lib/plugins/xbean-reflect-3.4.jar
7ffa762f6000-7ffa762fb000 r--s 00034000 08:07 1189129                    /home/chivu/.gradle/wrapper/dists/gradle-3.3-all/55gk2rcmfc6p2dg9u9ohc3hw9/gradle-3.3/lib/plugins/gson-2.7.jar
7ffa762fb000-7ffa7630a000 r--s 000d9000 08:07 1189144                    /home/chivu/.gradle/wrapper/dists/gradle-3.3-all/55gk2rcmfc6p2dg9u9ohc3hw9/gradle-3.3/lib/plugins/ivy-2.2.0.jar
7ffa7630a000-7ffa7630c000 r--s 00005000 08:07 1189111                    /home/chivu/.gradle/wrapper/dists/gradle-3.3-all/55gk2rcmfc6p2dg9u9ohc3hw9/gradle-3.3/lib/plugins/gradle-workers-3.3.jar
7ffa7630c000-7ffa76311000 r-xp 00000000 08:07 932602                     /home/chivu/.gradle/native/23/linux-amd64/libnative-platform.so
7ffa76311000-7ffa76510000 ---p 00005000 08:07 932602                     /home/chivu/.gradle/native/23/linux-amd64/libnative-platform.so
7ffa76510000-7ffa76511000 rw-p 00004000 08:07 932602                     /home/chivu/.gradle/native/23/linux-amd64/libnative-platform.so
7ffa76511000-7ffa76522000 r-xp 00000000 08:07 1201545                    /home/chivu/Downloads/android-studio-p/jre/jre/lib/amd64/libnio.so
7ffa76522000-7ffa76721000 ---p 00011000 08:07 1201545                    /home/chivu/Downloads/android-studio-p/jre/jre/lib/amd64/libnio.so
7ffa76721000-7ffa76722000 r--p 00010000 08:07 1201545                    /home/chivu/Downloads/android-studio-p/jre/jre/lib/amd64/libnio.so
7ffa76722000-7ffa76723000 rw-p 00011000 08:07 1201545                    /home/chivu/Downloads/android-studio-p/jre/jre/lib/amd64/libnio.so
7ffa76723000-7ffa76a24000 rw-p 00000000 00:00 0 
7ffa76a24000-7ffa76a3b000 r-xp 00000000 08:07 1201544                    /home/chivu/Downloads/android-studio-p/jre/jre/lib/amd64/libnet.so
7ffa76a3b000-7ffa76c3a000 ---p 00017000 08:07 1201544                    /home/chivu/Downloads/android-studio-p/jre/jre/lib/amd64/libnet.so
7ffa76c3a000-7ffa76c3b000 r--p 00016000 08:07 1201544                    /home/chivu/Downloads/android-studio-p/jre/jre/lib/amd64/libnet.so
7ffa76c3b000-7ffa76c3c000 rw-p 00017000 08:07 1201544                    /home/chivu/Downloads/android-studio-p/jre/jre/lib/amd64/libnet.so
7ffa76c3c000-7ffa76c49000 r--s 00041000 08:07 1189022                    /home/chivu/.gradle/wrapper/dists/gradle-3.3-all/55gk2rcmfc6p2dg9u9ohc3hw9/gradle-3.3/lib/gradle-tooling-api-3.3.jar
7ffa76c49000-7ffa76c4f000 r--s 00032000 08:07 1189044                    /home/chivu/.gradle/wrapper/dists/gradle-3.3-all/55gk2rcmfc6p2dg9u9ohc3hw9/gradle-3.3/lib/jaxen-1.1.jar
7ffa76c4f000-7ffa76c83000 r--s 00256000 08:07 1189011                    /home/chivu/.gradle/wrapper/dists/gradle-3.3-all/55gk2rcmfc6p2dg9u9ohc3hw9/gradle-3.3/lib/kotlin-reflect-1.1-M02.jar
7ffa76c83000-7ffa76e19000 r--s 0157e000 08:07 1189010                    /home/chivu/.gradle/wrapper/dists/gradle-3.3-all/55gk2rcmfc6p2dg9u9ohc3hw9/gradle-3.3/lib/kotlin-compiler-embeddable-1.1-M02.jar
7ffa76e19000-7ffa76e1a000 ---p 00000000 00:00 0 
7ffa76e1a000-7ffa76f1a000 rw-p 00000000 00:00 0 
7ffa76f1a000-7ffa76f1d000 ---p 00000000 00:00 0 
7ffa76f1d000-7ffa7701b000 rw-p 00000000 00:00 0 
7ffa7701b000-7ffa7701e000 ---p 00000000 00:00 0 
7ffa7701e000-7ffa7711c000 rw-p 00000000 00:00 0 
7ffa7711c000-7ffa7711f000 ---p 00000000 00:00 0 
7ffa7711f000-7ffa7721d000 rw-p 00000000 00:00 0 
7ffa7721d000-7ffa77220000 ---p 00000000 00:00 0 
7ffa77220000-7ffa7731e000 rw-p 00000000 00:00 0 
7ffa7731e000-7ffa77321000 ---p 00000000 00:00 0 
7ffa77321000-7ffa7741f000 rw-p 00000000 00:00 0 
7ffa7741f000-7ffa776f7000 r--p 00000000 08:07 1311727                    /usr/lib/locale/locale-archive
7ffa776f7000-7ffa776fa000 ---p 00000000 00:00 0 
7ffa776fa000-7ffa777f8000 rw-p 00000000 00:00 0 
7ffa777f8000-7ffa777fb000 ---p 00000000 00:00 0 
7ffa777fb000-7ffa778f9000 rw-p 00000000 00:00 0 
7ffa778f9000-7ffa778fa000 ---p 00000000 00:00 0 
7ffa778fa000-7ffa78000000 rw-p 00000000 00:00 0 
7ffa78000000-7ffa78117000 rw-p 00000000 00:00 0 
7ffa78117000-7ffa7c000000 ---p 00000000 00:00 0 
7ffa7c000000-7ffa7c001000 r--s 00006000 08:07 1189157                    /home/chivu/.gradle/wrapper/dists/gradle-3.3-all/55gk2rcmfc6p2dg9u9ohc3hw9/gradle-3.3/lib/plugins/plexus-sec-dispatcher-1.3.jar
7ffa7c001000-7ffa7c002000 r--s 00006000 08:07 1189015                    /home/chivu/.gradle/wrapper/dists/gradle-3.3-all/55gk2rcmfc6p2dg9u9ohc3hw9/gradle-3.3/lib/gradle-wrapper-3.3.jar
7ffa7c002000-7ffa7c004000 r--s 00002000 08:07 1189042                    /home/chivu/.gradle/wrapper/dists/gradle-3.3-all/55gk2rcmfc6p2dg9u9ohc3hw9/gradle-3.3/lib/gradle-open-api-3.3.jar
7ffa7c004000-7ffa7c009000 r--s 00048000 08:07 1189043                    /home/chivu/.gradle/wrapper/dists/gradle-3.3-all/55gk2rcmfc6p2dg9u9ohc3hw9/gradle-3.3/lib/dom4j-1.6.1.jar
7ffa7c009000-7ffa7c014000 r--s 00059000 08:07 1189021                    /home/chivu/.gradle/wrapper/dists/gradle-3.3-all/55gk2rcmfc6p2dg9u9ohc3hw9/gradle-3.3/lib/gradle-ui-3.3.jar
7ffa7c014000-7ffa7c01d000 r--s 0008c000 08:07 1189013                    /home/chivu/.gradle/wrapper/dists/gradle-3.3-all/55gk2rcmfc6p2dg9u9ohc3hw9/gradle-3.3/lib/kotlin-stdlib-1.1-M02.jar
7ffa7c01d000-7ffa7c023000 r--s 0002a000 08:07 1189012                    /home/chivu/.gradle/wrapper/dists/gradle-3.3-all/55gk2rcmfc6p2dg9u9ohc3hw9/gradle-3.3/lib/kotlin-runtime-1.1-M02.jar
7ffa7c023000-7ffa7c02b000 r--s 0004e000 08:07 1189009                    /home/chivu/.gradle/wrapper/dists/gradle-3.3-all/55gk2rcmfc6p2dg9u9ohc3hw9/gradle-3.3/lib/gradle-script-kotlin-0.5.1.jar
7ffa7c02b000-7ffa7c02e000 r--s 0000b000 08:07 1189040                    /home/chivu/.gradle/wrapper/dists/gradle-3.3-all/55gk2rcmfc6p2dg9u9ohc3hw9/gradle-3.3/lib/gradle-resources-3.3.jar
7ffa7c02e000-7ffa7c030000 r--s 00003000 08:07 1189049                    /home/chivu/.gradle/wrapper/dists/gradle-3.3-all/55gk2rcmfc6p2dg9u9ohc3hw9/gradle-3.3/lib/jcl-over-slf4j-1.7.10.jar
7ffa7c030000-7ffa7c031000 r--s 00005000 08:07 1189048                    /home/chivu/.gradle/wrapper/dists/gradle-3.3-all/55gk2rcmfc6p2dg9u9ohc3hw9/gradle-3.3/lib/log4j-over-slf4j-1.7.10.jar
7ffa7c031000-7ffa7c033000 r--s 00000000 08:07 1189047                    /home/chivu/.gradle/wrapper/dists/gradle-3.3-all/55gk2rcmfc6p2dg9u9ohc3hw9/gradle-3.3/lib/jul-to-slf4j-1.7.10.jar
7ffa7c033000-7ffa7c038000 r--s 0001e000 08:07 1189024                    /home/chivu/.gradle/wrapper/dists/gradle-3.3-all/55gk2rcmfc6p2dg9u9ohc3hw9/gradle-3.3/lib/gradle-logging-3.3.jar
7ffa7c038000-7ffa7c03a000 r--s 00007000 08:07 1189068                    /home/chivu/.gradle/wrapper/dists/gradle-3.3-all/55gk2rcmfc6p2dg9u9ohc3hw9/gradle-3.3/lib/objenesis-1.2.jar
7ffa7c03a000-7ffa7c03c000 r--s 00000000 08:07 1189067                    /home/chivu/.gradle/wrapper/dists/gradle-3.3-all/55gk2rcmfc6p2dg9u9ohc3hw9/gradle-3.3/lib/minlog-1.2.jar
7ffa7c03c000-7ffa7c03e000 r--s 0000f000 08:07 1189066                    /home/chivu/.gradle/wrapper/dists/gradle-3.3-all/55gk2rcmfc6p2dg9u9ohc3hw9/gradle-3.3/lib/reflectasm-1.07-shaded.jar
7ffa7c03e000-7ffa7c042000 r--s 00026000 08:07 1189051                    /home/chivu/.gradle/wrapper/dists/gradle-3.3-all/55gk2rcmfc6p2dg9u9ohc3hw9/gradle-3.3/lib/kryo-2.20.jar
7ffa7c042000-7ffa7c048000 r--s 00027000 08:07 1189039                    /home/chivu/.gradle/wrapper/dists/gradle-3.3-all/55gk2rcmfc6p2dg9u9ohc3hw9/gradle-3.3/lib/gradle-messaging-3.3.jar
7ffa7c048000-7ffa7c049000 r--s 00001000 08:07 1189065                    /home/chivu/.gradle/wrapper/dists/gradle-3.3-all/55gk2rcmfc6p2dg9u9ohc3hw9/gradle-3.3/lib/native-platform-linux-i386-ncurses6-0.12.jar
7ffa7c049000-7ffa7c04a000 r--s 00001000 08:07 1189064                    /home/chivu/.gradle/wrapper/dists/gradle-3.3-all/55gk2rcmfc6p2dg9u9ohc3hw9/gradle-3.3/lib/native-platform-linux-i386-ncurses5-0.12.jar
7ffa7c04a000-7ffa7c04b000 r--s 00001000 08:07 1189063                    /home/chivu/.gradle/wrapper/dists/gradle-3.3-all/55gk2rcmfc6p2dg9u9ohc3hw9/gradle-3.3/lib/native-platform-linux-amd64-ncurses6-0.12.jar
7ffa7c04b000-7ffa7c04c000 r--s 00001000 08:07 1189062                    /home/chivu/.gradle/wrapper/dists/gradle-3.3-all/55gk2rcmfc6p2dg9u9ohc3hw9/gradle-3.3/lib/native-platform-linux-amd64-ncurses5-0.12.jar
7ffa7c04c000-7ffa7c04d000 r--s 0000b000 08:07 1189061                    /home/chivu/.gradle/wrapper/dists/gradle-3.3-all/55gk2rcmfc6p2dg9u9ohc3hw9/gradle-3.3/lib/native-platform-windows-i386-0.12.jar
7ffa7c04d000-7ffa7c04f000 r--s 0000b000 08:07 1189060                    /home/chivu/.gradle/wrapper/dists/gradle-3.3-all/55gk2rcmfc6p2dg9u9ohc3hw9/gradle-3.3/lib/native-platform-windows-amd64-0.12.jar
7ffa7c04f000-7ffa7c051000 r--s 00002000 08:07 1189059                    /home/chivu/.gradle/wrapper/dists/gradle-3.3-all/55gk2rcmfc6p2dg9u9ohc3hw9/gradle-3.3/lib/native-platform-osx-i386-0.12.jar
7ffa7c051000-7ffa7c052000 r--s 00002000 08:07 1189058                    /home/chivu/.gradle/wrapper/dists/gradle-3.3-all/55gk2rcmfc6p2dg9u9ohc3hw9/gradle-3.3/lib/native-platform-osx-amd64-0.12.jar
7ffa7c052000-7ffa7c053000 r--s 00002000 08:07 1189057                    /home/chivu/.gradle/wrapper/dists/gradle-3.3-all/55gk2rcmfc6p2dg9u9ohc3hw9/gradle-3.3/lib/native-platform-linux-i386-0.12.jar
7ffa7c053000-7ffa7c054000 r--s 00002000 08:07 1189056                    /home/chivu/.gradle/wrapper/dists/gradle-3.3-all/55gk2rcmfc6p2dg9u9ohc3hw9/gradle-3.3/lib/native-platform-linux-amd64-0.12.jar
7ffa7c054000-7ffa7c055000 r--s 00003000 08:07 1189055                    /home/chivu/.gradle/wrapper/dists/gradle-3.3-all/55gk2rcmfc6p2dg9u9ohc3hw9/gradle-3.3/lib/native-platform-freebsd-i386-libstdcpp-0.12.jar
7ffa7c055000-7ffa7c057000 r--s 00003000 08:07 1189053                    /home/chivu/.gradle/wrapper/dists/gradle-3.3-all/55gk2rcmfc6p2dg9u9ohc3hw9/gradle-3.3/lib/native-platform-freebsd-amd64-libstdcpp-0.12.jar
7ffa7c057000-7ffa7c05a000 r--s 00023000 08:07 1189046                    /home/chivu/.gradle/wrapper/dists/gradle-3.3-all/55gk2rcmfc6p2dg9u9ohc3hw9/gradle-3.3/lib/jansi-1.14.jar
7ffa7c05a000-7ffa7c05e000 r--s 00011000 08:07 1189045                    /home/chivu/.gradle/wrapper/dists/gradle-3.3-all/55gk2rcmfc6p2dg9u9ohc3hw9/gradle-3.3/lib/native-platform-0.12.jar
7ffa7c05e000-7ffa7c061000 r--s 0000a000 08:07 1189023                    /home/chivu/.gradle/wrapper/dists/gradle-3.3-all/55gk2rcmfc6p2dg9u9ohc3hw9/gradle-3.3/lib/gradle-native-3.3.jar
7ffa7c061000-7ffa7c0d1000 r--s 00641000 08:07 1189029                    /home/chivu/.gradle/wrapper/dists/gradle-3.3-all/55gk2rcmfc6p2dg9u9ohc3hw9/gradle-3.3/lib/groovy-all-2.4.7.jar
7ffa7c0d1000-7ffa7c0f9000 r--s 001cf000 08:07 1189026                    /home/chivu/.gradle/wrapper/dists/gradle-3.3-all/55gk2rcmfc6p2dg9u9ohc3hw9/gradle-3.3/lib/guava-jdk5-17.0.jar
7ffa7c0f9000-7ffa80000000 rw-p 00000000 00:00 0 
7ffa80000000-7ffa80124000 rw-p 00000000 00:00 0 
7ffa80124000-7ffa84000000 ---p 00000000 00:00 0 
7ffa84000000-7ffa84001000 r--s 00004000 08:07 1189054                    /home/chivu/.gradle/wrapper/dists/gradle-3.3-all/55gk2rcmfc6p2dg9u9ohc3hw9/gradle-3.3/lib/native-platform-freebsd-i386-libcpp-0.12.jar
7ffa84001000-7ffa84002000 r--s 00004000 08:07 1189052                    /home/chivu/.gradle/wrapper/dists/gradle-3.3-all/55gk2rcmfc6p2dg9u9ohc3hw9/gradle-3.3/lib/native-platform-freebsd-amd64-libcpp-0.12.jar
7ffa84002000-7ffa84011000 r--s 0007f000 08:07 1189030                    /home/chivu/.gradle/wrapper/dists/gradle-3.3-all/55gk2rcmfc6p2dg9u9ohc3hw9/gradle-3.3/lib/gradle-model-core-3.3.jar
7ffa84011000-7ffa8401e000 r--s 00083000 08:07 1189034                    /home/chivu/.gradle/wrapper/dists/gradle-3.3-all/55gk2rcmfc6p2dg9u9ohc3hw9/gradle-3.3/lib/commons-collections-3.2.2.jar
7ffa8401e000-7ffa8403d000 r--s 001d1000 08:07 1189033                    /home/chivu/.gradle/wrapper/dists/gradle-3.3-all/55gk2rcmfc6p2dg9u9ohc3hw9/gradle-3.3/lib/ant-1.9.6.jar
7ffa8403d000-7ffa8407a000 r--s 001f8000 08:07 1189019                    /home/chivu/.gradle/wrapper/dists/gradle-3.3-all/55gk2rcmfc6p2dg9u9ohc3hw9/gradle-3.3/lib/gradle-core-3.3.jar
7ffa8407a000-7ffa8432d000 rw-p 00000000 00:00 0 
7ffa8432d000-7ffa844fc000 r--s 03c1b000 08:07 1201515                    /home/chivu/Downloads/android-studio-p/jre/jre/lib/rt.jar
7ffa844fc000-7ffa847fc000 rw-p 00000000 00:00 0 
7ffa847fc000-7ffa847fd000 ---p 00000000 00:00 0 
7ffa847fd000-7ffa848fd000 rw-p 00000000 00:00 0 
7ffa848fd000-7ffa848fe000 ---p 00000000 00:00 0 
7ffa848fe000-7ffa849fe000 rw-p 00000000 00:00 0 
7ffa849fe000-7ffa849ff000 ---p 00000000 00:00 0 
7ffa849ff000-7ffa84c97000 rw-p 00000000 00:00 0 
7ffa84c97000-7ffa84cff000 ---p 00000000 00:00 0 
7ffa84cff000-7ffa84e97000 rw-p 00000000 00:00 0 
7ffa84e97000-7ffa84eff000 ---p 00000000 00:00 0 
7ffa84eff000-7ffa84fff000 rw-p 00000000 00:00 0 
7ffa84fff000-7ffa85000000 rw-p 00000000 00:00 0 
7ffa85000000-7ffa86ed0000 rwxp 00000000 00:00 0 
7ffa86ed0000-7ffa94000000 ---p 00000000 00:00 0 
7ffa94000000-7ffa94d94000 rw-p 00000000 00:00 0 
7ffa94d94000-7ffa98000000 ---p 00000000 00:00 0 
7ffa98000000-7ffa98002000 r--s 00005000 08:07 1189020                    /home/chivu/.gradle/wrapper/dists/gradle-3.3-all/55gk2rcmfc6p2dg9u9ohc3hw9/gradle-3.3/lib/gradle-cli-3.3.jar
7ffa98002000-7ffa98004000 r--s 00007000 08:07 1189031                    /home/chivu/.gradle/wrapper/dists/gradle-3.3-all/55gk2rcmfc6p2dg9u9ohc3hw9/gradle-3.3/lib/gradle-model-groovy-3.3.jar
7ffa98004000-7ffa98006000 r--s 00006000 08:07 1189038                    /home/chivu/.gradle/wrapper/dists/gradle-3.3-all/55gk2rcmfc6p2dg9u9ohc3hw9/gradle-3.3/lib/gradle-base-services-groovy-3.3.jar
7ffa98006000-7ffa98007000 r--s 00002000 08:07 1189041                    /home/chivu/.gradle/wrapper/dists/gradle-3.3-all/55gk2rcmfc6p2dg9u9ohc3hw9/gradle-3.3/lib/gradle-docs-3.3.jar
7ffa98007000-7ffa9809e000 rw-p 00000000 00:00 0 
7ffa9809e000-7ffa9809f000 ---p 00000000 00:00 0 
7ffa9809f000-7ffa9821b000 rw-p 00000000 00:00 0 
7ffa9821b000-7ffa9855f000 ---p 00000000 00:00 0 
7ffa9855f000-7ffa98579000 r-xp 00000000 08:07 1201530                    /home/chivu/Downloads/android-studio-p/jre/jre/lib/amd64/libzip.so
7ffa98579000-7ffa98779000 ---p 0001a000 08:07 1201530                    /home/chivu/Downloads/android-studio-p/jre/jre/lib/amd64/libzip.so
7ffa98779000-7ffa9877a000 r--p 0001a000 08:07 1201530                    /home/chivu/Downloads/android-studio-p/jre/jre/lib/amd64/libzip.so
7ffa9877a000-7ffa9877b000 rw-p 0001b000 08:07 1201530                    /home/chivu/Downloads/android-studio-p/jre/jre/lib/amd64/libzip.so
7ffa9877b000-7ffa98786000 r-xp 00000000 08:07 541944                     /lib/x86_64-linux-gnu/libnss_files-2.23.so
7ffa98786000-7ffa98985000 ---p 0000b000 08:07 541944                     /lib/x86_64-linux-gnu/libnss_files-2.23.so
7ffa98985000-7ffa98986000 r--p 0000a000 08:07 541944                     /lib/x86_64-linux-gnu/libnss_files-2.23.so
7ffa98986000-7ffa98987000 rw-p 0000b000 08:07 541944                     /lib/x86_64-linux-gnu/libnss_files-2.23.so
7ffa98987000-7ffa9898d000 rw-p 00000000 00:00 0 
7ffa9898d000-7ffa98998000 r-xp 00000000 08:07 541937                     /lib/x86_64-linux-gnu/libnss_nis-2.23.so
7ffa98998000-7ffa98b97000 ---p 0000b000 08:07 541937                     /lib/x86_64-linux-gnu/libnss_nis-2.23.so
7ffa98b97000-7ffa98b98000 r--p 0000a000 08:07 541937                     /lib/x86_64-linux-gnu/libnss_nis-2.23.so
7ffa98b98000-7ffa98b99000 rw-p 0000b000 08:07 541937                     /lib/x86_64-linux-gnu/libnss_nis-2.23.so
7ffa98b99000-7ffa98baf000 r-xp 00000000 08:07 541939                     /lib/x86_64-linux-gnu/libnsl-2.23.so
7ffa98baf000-7ffa98dae000 ---p 00016000 08:07 541939                     /lib/x86_64-linux-gnu/libnsl-2.23.so
7ffa98dae000-7ffa98daf000 r--p 00015000 08:07 541939                     /lib/x86_64-linux-gnu/libnsl-2.23.so
7ffa98daf000-7ffa98db0000 rw-p 00016000 08:07 541939                     /lib/x86_64-linux-gnu/libnsl-2.23.so
7ffa98db0000-7ffa98db2000 rw-p 00000000 00:00 0 
7ffa98db2000-7ffa98dba000 r-xp 00000000 08:07 541946                     /lib/x86_64-linux-gnu/libnss_compat-2.23.so
7ffa98dba000-7ffa98fb9000 ---p 00008000 08:07 541946                     /lib/x86_64-linux-gnu/libnss_compat-2.23.so
7ffa98fb9000-7ffa98fba000 r--p 00007000 08:07 541946                     /lib/x86_64-linux-gnu/libnss_compat-2.23.so
7ffa98fba000-7ffa98fbb000 rw-p 00008000 08:07 541946                     /lib/x86_64-linux-gnu/libnss_compat-2.23.so
7ffa98fbb000-7ffa98fe8000 r-xp 00000000 08:07 1201547                    /home/chivu/Downloads/android-studio-p/jre/jre/lib/amd64/libjava.so
7ffa98fe8000-7ffa991e7000 ---p 0002d000 08:07 1201547                    /home/chivu/Downloads/android-studio-p/jre/jre/lib/amd64/libjava.so
7ffa991e7000-7ffa991e8000 r--p 0002c000 08:07 1201547                    /home/chivu/Downloads/android-studio-p/jre/jre/lib/amd64/libjava.so
7ffa991e8000-7ffa991ea000 rw-p 0002d000 08:07 1201547                    /home/chivu/Downloads/android-studio-p/jre/jre/lib/amd64/libjava.so
7ffa991ea000-7ffa991fa000 r-xp 00000000 08:07 1201520                    /home/chivu/Downloads/android-studio-p/jre/jre/lib/amd64/libverify.so
7ffa991fa000-7ffa993f9000 ---p 00010000 08:07 1201520                    /home/chivu/Downloads/android-studio-p/jre/jre/lib/amd64/libverify.so
7ffa993f9000-7ffa993fb000 r--p 0000f000 08:07 1201520                    /home/chivu/Downloads/android-studio-p/jre/jre/lib/amd64/libverify.so
7ffa993fb000-7ffa993fc000 rw-p 00011000 08:07 1201520                    /home/chivu/Downloads/android-studio-p/jre/jre/lib/amd64/libverify.so
7ffa993fc000-7ffa99403000 r-xp 00000000 08:07 541947                     /lib/x86_64-linux-gnu/librt-2.23.so
7ffa99403000-7ffa99602000 ---p 00007000 08:07 541947                     /lib/x86_64-linux-gnu/librt-2.23.so
7ffa99602000-7ffa99603000 r--p 00006000 08:07 541947                     /lib/x86_64-linux-gnu/librt-2.23.so
7ffa99603000-7ffa99604000 rw-p 00007000 08:07 541947                     /lib/x86_64-linux-gnu/librt-2.23.so
7ffa99604000-7ffa9970c000 r-xp 00000000 08:07 541938                     /lib/x86_64-linux-gnu/libm-2.23.so
7ffa9970c000-7ffa9990b000 ---p 00108000 08:07 541938                     /lib/x86_64-linux-gnu/libm-2.23.so
7ffa9990b000-7ffa9990c000 r--p 00107000 08:07 541938                     /lib/x86_64-linux-gnu/libm-2.23.so
7ffa9990c000-7ffa9990d000 rw-p 00108000 08:07 541938                     /lib/x86_64-linux-gnu/libm-2.23.so
7ffa9990d000-7ffa9a4fe000 r-xp 00000000 08:07 1201528                    /home/chivu/Downloads/android-studio-p/jre/jre/lib/amd64/server/libjvm.so
7ffa9a4fe000-7ffa9a6fe000 ---p 00bf1000 08:07 1201528                    /home/chivu/Downloads/android-studio-p/jre/jre/lib/amd64/server/libjvm.so
7ffa9a6fe000-7ffa9a79d000 r--p 00bf1000 08:07 1201528                    /home/chivu/Downloads/android-studio-p/jre/jre/lib/amd64/server/libjvm.so
7ffa9a79d000-7ffa9a7c6000 rw-p 00c90000 08:07 1201528                    /home/chivu/Downloads/android-studio-p/jre/jre/lib/amd64/server/libjvm.so
7ffa9a7c6000-7ffa9a80a000 rw-p 00000000 00:00 0 
7ffa9a80a000-7ffa9a822000 r-xp 00000000 08:07 541951                     /lib/x86_64-linux-gnu/libpthread-2.23.so
7ffa9a822000-7ffa9aa21000 ---p 00018000 08:07 541951                     /lib/x86_64-linux-gnu/libpthread-2.23.so
7ffa9aa21000-7ffa9aa22000 r--p 00017000 08:07 541951                     /lib/x86_64-linux-gnu/libpthread-2.23.so
7ffa9aa22000-7ffa9aa23000 rw-p 00018000 08:07 541951                     /lib/x86_64-linux-gnu/libpthread-2.23.so
7ffa9aa23000-7ffa9aa27000 rw-p 00000000 00:00 0 
7ffa9aa27000-7ffa9aa2a000 r-xp 00000000 08:07 541936                     /lib/x86_64-linux-gnu/libdl-2.23.so
7ffa9aa2a000-7ffa9ac29000 ---p 00003000 08:07 541936                     /lib/x86_64-linux-gnu/libdl-2.23.so
7ffa9ac29000-7ffa9ac2a000 r--p 00002000 08:07 541936                     /lib/x86_64-linux-gnu/libdl-2.23.so
7ffa9ac2a000-7ffa9ac2b000 rw-p 00003000 08:07 541936                     /lib/x86_64-linux-gnu/libdl-2.23.so
7ffa9ac2b000-7ffa9adea000 r-xp 00000000 08:07 541940                     /lib/x86_64-linux-gnu/libc-2.23.so
7ffa9adea000-7ffa9afea000 ---p 001bf000 08:07 541940                     /lib/x86_64-linux-gnu/libc-2.23.so
7ffa9afea000-7ffa9afee000 r--p 001bf000 08:07 541940                     /lib/x86_64-linux-gnu/libc-2.23.so
7ffa9afee000-7ffa9aff0000 rw-p 001c3000 08:07 541940                     /lib/x86_64-linux-gnu/libc-2.23.so
7ffa9aff0000-7ffa9aff4000 rw-p 00000000 00:00 0 
7ffa9aff4000-7ffa9b00a000 r-xp 00000000 08:07 1201477                    /home/chivu/Downloads/android-studio-p/jre/lib/amd64/jli/libjli.so
7ffa9b00a000-7ffa9b209000 ---p 00016000 08:07 1201477                    /home/chivu/Downloads/android-studio-p/jre/lib/amd64/jli/libjli.so
7ffa9b209000-7ffa9b20a000 r--p 00015000 08:07 1201477                    /home/chivu/Downloads/android-studio-p/jre/lib/amd64/jli/libjli.so
7ffa9b20a000-7ffa9b20b000 rw-p 00016000 08:07 1201477                    /home/chivu/Downloads/android-studio-p/jre/lib/amd64/jli/libjli.so
7ffa9b20b000-7ffa9b231000 r-xp 00000000 08:07 541941                     /lib/x86_64-linux-gnu/ld-2.23.so
7ffa9b231000-7ffa9b232000 r--s 00000000 08:07 1189037                    /home/chivu/.gradle/wrapper/dists/gradle-3.3-all/55gk2rcmfc6p2dg9u9ohc3hw9/gradle-3.3/lib/javax.inject-1.jar
7ffa9b232000-7ffa9b233000 r--s 00000000 08:07 1189036                    /home/chivu/.gradle/wrapper/dists/gradle-3.3-all/55gk2rcmfc6p2dg9u9ohc3hw9/gradle-3.3/lib/jcip-annotations-1.0.jar
7ffa9b233000-7ffa9b237000 r--s 00027000 08:07 1189035                    /home/chivu/.gradle/wrapper/dists/gradle-3.3-all/55gk2rcmfc6p2dg9u9ohc3hw9/gradle-3.3/lib/commons-io-2.2.jar
7ffa9b237000-7ffa9b23c000 r--s 00038000 08:07 1189032                    /home/chivu/.gradle/wrapper/dists/gradle-3.3-all/55gk2rcmfc6p2dg9u9ohc3hw9/gradle-3.3/lib/asm-all-5.1.jar
7ffa9b23c000-7ffa9b23d000 r--s 00001000 08:07 1189028                    /home/chivu/.gradle/wrapper/dists/gradle-3.3-all/55gk2rcmfc6p2dg9u9ohc3hw9/gradle-3.3/lib/gradle-process-services-3.3.jar
7ffa9b23d000-7ffa9b242000 r--s 00041000 08:07 1189027                    /home/chivu/.gradle/wrapper/dists/gradle-3.3-all/55gk2rcmfc6p2dg9u9ohc3hw9/gradle-3.3/lib/commons-lang-2.6.jar
7ffa9b242000-7ffa9b24b000 r--s 00042000 08:07 1189017                    /home/chivu/.gradle/wrapper/dists/gradle-3.3-all/55gk2rcmfc6p2dg9u9ohc3hw9/gradle-3.3/lib/gradle-base-services-3.3.jar
7ffa9b24b000-7ffa9b30d000 rw-p 00000000 00:00 0 
7ffa9b30d000-7ffa9b310000 ---p 00000000 00:00 0 
7ffa9b310000-7ffa9b412000 rw-p 00000000 00:00 0 
7ffa9b412000-7ffa9b414000 r--s 00000000 08:07 1189018                    /home/chivu/.gradle/wrapper/dists/gradle-3.3-all/55gk2rcmfc6p2dg9u9ohc3hw9/gradle-3.3/lib/gradle-jvm-services-3.3.jar
7ffa9b414000-7ffa9b415000 r--s 00000000 08:07 1189183                    /home/chivu/.gradle/wrapper/dists/gradle-3.3-all/55gk2rcmfc6p2dg9u9ohc3hw9/gradle-3.3/lib/gradle-version-info-3.3.jar
7ffa9b415000-7ffa9b416000 r--s 00007000 08:07 1189025                    /home/chivu/.gradle/wrapper/dists/gradle-3.3-all/55gk2rcmfc6p2dg9u9ohc3hw9/gradle-3.3/lib/slf4j-api-1.7.10.jar
7ffa9b416000-7ffa9b417000 r--s 00004000 08:07 1189050                    /home/chivu/.gradle/wrapper/dists/gradle-3.3-all/55gk2rcmfc6p2dg9u9ohc3hw9/gradle-3.3/lib/ant-launcher-1.9.6.jar
7ffa9b417000-7ffa9b424000 r--s 0005c000 08:07 1189014                    /home/chivu/.gradle/wrapper/dists/gradle-3.3-all/55gk2rcmfc6p2dg9u9ohc3hw9/gradle-3.3/lib/gradle-launcher-3.3.jar
7ffa9b424000-7ffa9b42c000 rw-s 00000000 08:07 266236                     /tmp/hsperfdata_chivu/3915
7ffa9b42c000-7ffa9b42d000 rw-p 00000000 00:00 0 
7ffa9b42d000-7ffa9b42e000 ---p 00000000 00:00 0 
7ffa9b42e000-7ffa9b430000 rw-p 00000000 00:00 0 
7ffa9b430000-7ffa9b431000 r--p 00025000 08:07 541941                     /lib/x86_64-linux-gnu/ld-2.23.so
7ffa9b431000-7ffa9b432000 rw-p 00026000 08:07 541941                     /lib/x86_64-linux-gnu/ld-2.23.so
7ffa9b432000-7ffa9b433000 rw-p 00000000 00:00 0 
7ffd63f09000-7ffd63f2a000 rw-p 00000000 00:00 0                          [stack]
7ffd63f33000-7ffd63f35000 r--p 00000000 00:00 0                          [vvar]
7ffd63f35000-7ffd63f37000 r-xp 00000000 00:00 0                          [vdso]
ffffffffff600000-ffffffffff601000 r-xp 00000000 00:00 0                  [vsyscall]

VM Arguments:
jvm_args: -Xmx1536m -Dfile.encoding=UTF-8 -Duser.country=IN -Duser.language=en -Duser.variant 
java_command: org.gradle.launcher.daemon.bootstrap.GradleDaemon 3.3
java_class_path (initial): /home/chivu/.gradle/wrapper/dists/gradle-3.3-all/55gk2rcmfc6p2dg9u9ohc3hw9/gradle-3.3/lib/gradle-launcher-3.3.jar
Launcher Type: SUN_STANDARD

Environment Variables:
JAVA_HOME=/usr/lib/jvm/java-8-oracle
PATH=/home/chivu/bin:/home/chivu/.local/bin:/usr/local/sbin:/usr/local/bin:/usr/sbin:/usr/bin:/sbin:/bin:/usr/games:/usr/local/games:/snap/bin:/usr/lib/jvm/java-8-oracle/bin:/usr/lib/jvm/java-8-oracle/db/bin:/usr/lib/jvm/java-8-oracle/jre/bin
LD_LIBRARY_PATH=/home/chivu/Downloads/android-studio-p/bin:
SHELL=/bin/bash
DISPLAY=:0

Signal Handlers:
SIGSEGV: [libjvm.so+0x9e5150], sa_mask[0]=11111111011111111101111111111110, sa_flags=SA_RESTART|SA_SIGINFO
SIGBUS: [libjvm.so+0x9e5150], sa_mask[0]=11111111011111111101111111111110, sa_flags=SA_RESTART|SA_SIGINFO
SIGFPE: [libjvm.so+0x848450], sa_mask[0]=11111111011111111101111111111110, sa_flags=SA_RESTART|SA_SIGINFO
SIGPIPE: [libjvm.so+0x848450], sa_mask[0]=11111111011111111101111111111110, sa_flags=SA_RESTART|SA_SIGINFO
SIGXFSZ: [libjvm.so+0x848450], sa_mask[0]=11111111011111111101111111111110, sa_flags=SA_RESTART|SA_SIGINFO
SIGILL: [libjvm.so+0x848450], sa_mask[0]=11111111011111111101111111111110, sa_flags=SA_RESTART|SA_SIGINFO
SIGUSR1: SIG_DFL, sa_mask[0]=00000000000000000000000000000000, sa_flags=none
SIGUSR2: [libjvm.so+0x848320], sa_mask[0]=00100000000000000000000000000000, sa_flags=SA_RESTART|SA_SIGINFO
SIGHUP: [libjvm.so+0x848510], sa_mask[0]=11111111011111111101111111111110, sa_flags=SA_RESTART|SA_SIGINFO
SIGINT: [libjvm.so+0x848510], sa_mask[0]=11111111011111111101111111111110, sa_flags=SA_RESTART|SA_SIGINFO
SIGTERM: [libjvm.so+0x848510], sa_mask[0]=11111111011111111101111111111110, sa_flags=SA_RESTART|SA_SIGINFO
SIGQUIT: [libjvm.so+0x848510], sa_mask[0]=11111111011111111101111111111110, sa_flags=SA_RESTART|SA_SIGINFO


---------------  S Y S T E M  ---------------

OS:DISTRIB_ID=Ubuntu
DISTRIB_RELEASE=16.04
DISTRIB_CODENAME=xenial
DISTRIB_DESCRIPTION="Ubuntu 16.04.2 LTS"

uname:Linux 4.4.0-79-generic #100-Ubuntu SMP Wed May 17 19:58:14 UTC 2017 x86_64
libc:glibc 2.23 NPTL 2.23 
rlimit: STACK 8192k, CORE 0k, NPROC 15361, NOFILE 65536, AS infinity
load average:4.82 3.02 2.43

/proc/meminfo:
MemTotal:        3972820 kB
MemFree:          129844 kB
MemAvailable:      58220 kB
Buffers:            3040 kB
Cached:           249092 kB
SwapCached:          652 kB
Active:          2791560 kB
Inactive:         892516 kB
Active(anon):    2759884 kB
Inactive(anon):   862596 kB
Active(file):      31676 kB
Inactive(file):    29920 kB
Unevictable:         136 kB
Mlocked:             136 kB
SwapTotal:          1020 kB
SwapFree:              0 kB
Dirty:               108 kB
Writeback:             0 kB
AnonPages:       3431840 kB
Mapped:            90352 kB
Shmem:            190152 kB
Slab:              74376 kB
SReclaimable:      40160 kB
SUnreclaim:        34216 kB
KernelStack:        8896 kB
PageTables:        32812 kB
NFS_Unstable:          0 kB
Bounce:                0 kB
WritebackTmp:          0 kB
CommitLimit:     1987428 kB
Committed_AS:    7036912 kB
VmallocTotal:   34359738367 kB
VmallocUsed:           0 kB
VmallocChunk:          0 kB
HardwareCorrupted:     0 kB
AnonHugePages:   1454080 kB
CmaTotal:              0 kB
CmaFree:               0 kB
HugePages_Total:       0
HugePages_Free:        0
HugePages_Rsvd:        0
HugePages_Surp:        0
Hugepagesize:       2048 kB
DirectMap4k:      142080 kB
DirectMap2M:     3979264 kB
DirectMap1G:     1048576 kB


CPU:total 4 (2 cores per cpu, 2 threads per core) family 6 model 69 stepping 1, cmov, cx8, fxsr, mmx, sse, sse2, sse3, ssse3, sse4.1, sse4.2, popcnt, avx, avx2, aes, clmul, erms, lzcnt, ht, tsc, tscinvbit, bmi1, bmi2

/proc/cpuinfo:
processor	: 0
vendor_id	: GenuineIntel
cpu family	: 6
model		: 69
model name	: Intel(R) Core(TM) i3-4030U CPU @ 1.90GHz
stepping	: 1
microcode	: 0x1d
cpu MHz		: 1799.953
cache size	: 3072 KB
physical id	: 0
siblings	: 4
core id		: 0
cpu cores	: 2
apicid		: 0
initial apicid	: 0
fpu		: yes
fpu_exception	: yes
cpuid level	: 13
wp		: yes
flags		: fpu vme de pse tsc msr pae mce cx8 apic sep mtrr pge mca cmov pat pse36 clflush dts acpi mmx fxsr sse sse2 ss ht tm pbe syscall nx pdpe1gb rdtscp lm constant_tsc arch_perfmon pebs bts rep_good nopl xtopology nonstop_tsc aperfmperf eagerfpu pni pclmulqdq dtes64 monitor ds_cpl vmx est tm2 ssse3 sdbg fma cx16 xtpr pdcm pcid sse4_1 sse4_2 x2apic movbe popcnt tsc_deadline_timer aes xsave avx f16c rdrand lahf_lm abm epb tpr_shadow vnmi flexpriority ept vpid fsgsbase tsc_adjust bmi1 avx2 smep bmi2 erms invpcid xsaveopt dtherm arat pln pts
bugs		:
bogomips	: 3791.05
clflush size	: 64
cache_alignment	: 64
address sizes	: 39 bits physical, 48 bits virtual
power management:

processor	: 1
vendor_id	: GenuineIntel
cpu family	: 6
model		: 69
model name	: Intel(R) Core(TM) i3-4030U CPU @ 1.90GHz
stepping	: 1
microcode	: 0x1d
cpu MHz		: 1799.953
cache size	: 3072 KB
physical id	: 0
siblings	: 4
core id		: 0
cpu cores	: 2
apicid		: 1
initial apicid	: 1
fpu		: yes
fpu_exception	: yes
cpuid level	: 13
wp		: yes
flags		: fpu vme de pse tsc msr pae mce cx8 apic sep mtrr pge mca cmov pat pse36 clflush dts acpi mmx fxsr sse sse2 ss ht tm pbe syscall nx pdpe1gb rdtscp lm constant_tsc arch_perfmon pebs bts rep_good nopl xtopology nonstop_tsc aperfmperf eagerfpu pni pclmulqdq dtes64 monitor ds_cpl vmx est tm2 ssse3 sdbg fma cx16 xtpr pdcm pcid sse4_1 sse4_2 x2apic movbe popcnt tsc_deadline_timer aes xsave avx f16c rdrand lahf_lm abm epb tpr_shadow vnmi flexpriority ept vpid fsgsbase tsc_adjust bmi1 avx2 smep bmi2 erms invpcid xsaveopt dtherm arat pln pts
bugs		:
bogomips	: 3791.05
clflush size	: 64
cache_alignment	: 64
address sizes	: 39 bits physical, 48 bits virtual
power management:

processor	: 2
vendor_id	: GenuineIntel
cpu family	: 6
model		: 69
model name	: Intel(R) Core(TM) i3-4030U CPU @ 1.90GHz
stepping	: 1
microcode	: 0x1d
cpu MHz		: 1800.027
cache size	: 3072 KB
physical id	: 0
siblings	: 4
core id		: 1
cpu cores	: 2
apicid		: 2
initial apicid	: 2
fpu		: yes
fpu_exception	: yes
cpuid level	: 13
wp		: yes
flags		: fpu vme de pse tsc msr pae mce cx8 apic sep mtrr pge mca cmov pat pse36 clflush dts acpi mmx fxsr sse sse2 ss ht tm pbe syscall nx pdpe1gb rdtscp lm constant_tsc arch_perfmon pebs bts rep_good nopl xtopology nonstop_tsc aperfmperf eagerfpu pni pclmulqdq dtes64 monitor ds_cpl vmx est tm2 ssse3 sdbg fma cx16 xtpr pdcm pcid sse4_1 sse4_2 x2apic movbe popcnt tsc_deadline_timer aes xsave avx f16c rdrand lahf_lm abm epb tpr_shadow vnmi flexpriority ept vpid fsgsbase tsc_adjust bmi1 avx2 smep bmi2 erms invpcid xsaveopt dtherm arat pln pts
bugs		:
bogomips	: 3791.05
clflush size	: 64
cache_alignment	: 64
address sizes	: 39 bits physical, 48 bits virtual
power management:

processor	: 3
vendor_id	: GenuineIntel
cpu family	: 6
model		: 69
model name	: Intel(R) Core(TM) i3-4030U CPU @ 1.90GHz
stepping	: 1
microcode	: 0x1d
cpu MHz		: 1799.953
cache size	: 3072 KB
physical id	: 0
siblings	: 4
core id		: 1
cpu cores	: 2
apicid		: 3
initial apicid	: 3
fpu		: yes
fpu_exception	: yes
cpuid level	: 13
wp		: yes
flags		: fpu vme de pse tsc msr pae mce cx8 apic sep mtrr pge mca cmov pat pse36 clflush dts acpi mmx fxsr sse sse2 ss ht tm pbe syscall nx pdpe1gb rdtscp lm constant_tsc arch_perfmon pebs bts rep_good nopl xtopology nonstop_tsc aperfmperf eagerfpu pni pclmulqdq dtes64 monitor ds_cpl vmx est tm2 ssse3 sdbg fma cx16 xtpr pdcm pcid sse4_1 sse4_2 x2apic movbe popcnt tsc_deadline_timer aes xsave avx f16c rdrand lahf_lm abm epb tpr_shadow vnmi flexpriority ept vpid fsgsbase tsc_adjust bmi1 avx2 smep bmi2 erms invpcid xsaveopt dtherm arat pln pts
bugs		:
bogomips	: 3791.05
clflush size	: 64
cache_alignment	: 64
address sizes	: 39 bits physical, 48 bits virtual
power management:



Memory: 4k page, physical 3972820k(129844k free), swap 1020k(0k free)

vm_info: OpenJDK 64-Bit Server VM (25.112-b06) for linux-amd64 JRE (1.8.0_112-release-b06), built on Dec  6 2016 12:11:18 by "builder" with gcc 4.8.4

time: Fri Jul  7 16:56:24 2017
elapsed time: 57 seconds (0d 0h 0m 57s)

