#
# There is insufficient memory for the Java Runtime Environment to continue.
# Native memory allocation (mmap) failed to map 207093760 bytes for committing reserved memory.
# Possible reasons:
#   The system is out of physical RAM or swap space
#   In 32 bit mode, the process size limit was hit
# Possible solutions:
#   Reduce memory load on the system
#   Increase physical memory or swap space
#   Check if swap backing store is full
#   Use 64 bit Java on a 64 bit OS
#   Decrease Java heap size (-Xmx/-Xms)
#   Decrease number of Java threads
#   Decrease Java thread stack sizes (-Xss)
#   Set larger code cache with -XX:ReservedCodeCacheSize=
# This output file may be truncated or incomplete.
#
#  Out of Memory Error (os_linux.cpp:2627), pid=4429, tid=0x00007fb0881af700
#
# JRE version: OpenJDK Runtime Environment (8.0_112-b06) (build 1.8.0_112-release-b06)
# Java VM: OpenJDK 64-Bit Server VM (25.112-b06 mixed mode linux-amd64 compressed oops)
# Failed to write core dump. Core dumps have been disabled. To enable core dumping, try "ulimit -c unlimited" before starting Java again
#

---------------  T H R E A D  ---------------

Current thread (0x00007fb098077800):  VMThread [stack: 0x00007fb0880af000,0x00007fb0881b0000] [id=4437]

Stack: [0x00007fb0880af000,0x00007fb0881b0000],  sp=0x00007fb0881ae4d0,  free space=1021k
Native frames: (J=compiled Java code, j=interpreted, Vv=VM code, C=native code)
V  [libjvm.so+0x9e465d]  VMError::report_and_die()+0x15d
V  [libjvm.so+0x4b6ada]  report_vm_out_of_memory(char const*, int, unsigned long, VMErrorType, char const*)+0x8a
V  [libjvm.so+0x84c860]  os::pd_commit_memory(char*, unsigned long, unsigned long, bool)+0xf0
V  [libjvm.so+0x84737f]  os::commit_memory(char*, unsigned long, unsigned long, bool)+0x1f
V  [libjvm.so+0x8bd3db]  PSVirtualSpace::expand_by(unsigned long)+0x5b
V  [libjvm.so+0x8ae1bb]  PSOldGen::expand_by(unsigned long) [clone .part.109]+0x1b
V  [libjvm.so+0x8ae37b]  PSOldGen::expand(unsigned long) [clone .part.111]+0xdb
V  [libjvm.so+0x8aec58]  PSOldGen::resize(unsigned long)+0x188
V  [libjvm.so+0x8b426c]  PSParallelCompact::invoke_no_policy(bool)+0x97c
V  [libjvm.so+0x8bb37d]  PSScavenge::invoke()+0x17d
V  [libjvm.so+0x86fcf3]  ParallelScavengeHeap::failed_mem_allocate(unsigned long)+0x63
V  [libjvm.so+0x9e6124]  VM_ParallelGCFailedAllocation::doit()+0x84
V  [libjvm.so+0x9ea537]  VM_Operation::evaluate()+0x47
V  [libjvm.so+0x9e8ff8]  VMThread::evaluate_operation(VM_Operation*)+0x2c8
V  [libjvm.so+0x9e9479]  VMThread::loop()+0x219
V  [libjvm.so+0x9e98c2]  VMThread::run()+0x72
V  [libjvm.so+0x849c82]  java_start(Thread*)+0xf2

VM_Operation (0x00007fb023926ec0): ParallelGCFailedAllocation, mode: safepoint, requested by thread 0x00007fb010079800


---------------  P R O C E S S  ---------------

Java Threads: ( => current thread )
  0x00007fb010080000 JavaThread "pool-5-thread-4" [_thread_blocked, id=4467, stack(0x00007fb023424000,0x00007fb023525000)]
  0x00007fb01007e800 JavaThread "pool-5-thread-3" [_thread_blocked, id=4466, stack(0x00007fb023525000,0x00007fb023626000)]
  0x00007fb01007c800 JavaThread "pool-5-thread-2" [_thread_blocked, id=4465, stack(0x00007fb023626000,0x00007fb023727000)]
  0x00007fb01007b000 JavaThread "pool-6-thread-1" [_thread_blocked, id=4464, stack(0x00007fb023727000,0x00007fb023828000)]
  0x00007fb010079800 JavaThread "pool-5-thread-1" [_thread_blocked, id=4463, stack(0x00007fb023828000,0x00007fb023929000)]
  0x00007fb0354ba000 JavaThread "pool-3-thread-1" [_thread_blocked, id=4462, stack(0x00007fb0239fe000,0x00007fb023aff000)]
  0x00007fb03544d800 JavaThread "Cache update executor" [_thread_blocked, id=4461, stack(0x00007fb023cff000,0x00007fb023e00000)]
  0x00007fb0349bc800 JavaThread "pool-2-thread-1" [_thread_blocked, id=4459, stack(0x00007fb078e9f000,0x00007fb078fa0000)]
  0x00007fb034c6b800 JavaThread "File lock request listener" [_thread_in_native, id=4458, stack(0x00007fb07974a000,0x00007fb07984b000)]
  0x00007fb034b88800 JavaThread "process reaper" daemon [_thread_blocked, id=4457, stack(0x00007fb07984b000,0x00007fb079884000)]
  0x00007fb098cb7000 JavaThread "pool-1-thread-1" [_thread_blocked, id=4455, stack(0x00007fb07a2fe000,0x00007fb07a3ff000)]
  0x00007fb034008800 JavaThread "Stdin handler" [_thread_blocked, id=4454, stack(0x00007fb07a3ff000,0x00007fb07a500000)]
  0x00007fb034007800 JavaThread "Asynchronous log dispatcher for DefaultDaemonConnection: socket connection from /127.0.0.1:41580 to /127.0.0.1:44446" [_thread_blocked, id=4453, stack(0x00007fb07a500000,0x00007fb07a601000)]
  0x00007fb048007000 JavaThread "Daemon worker" [_thread_blocked, id=4450, stack(0x00007fb07a601000,0x00007fb07a702000)]
  0x00007fb048004800 JavaThread "Cancel handler" [_thread_blocked, id=4449, stack(0x00007fb07a702000,0x00007fb07a803000)]
  0x00007fb048005800 JavaThread "Handler for socket connection from /127.0.0.1:41580 to /127.0.0.1:44446" [_thread_in_native, id=4448, stack(0x00007fb07aa03000,0x00007fb07ab04000)]
  0x00007fb04401a800 JavaThread "Daemon" [_thread_blocked, id=4447, stack(0x00007fb07ab04000,0x00007fb07ac05000)]
  0x00007fb098c4d800 JavaThread "Incoming local TCP Connector on port 41580" [_thread_in_native, id=4446, stack(0x00007fb07ae0c000,0x00007fb07af0d000)]
  0x00007fb0980c7800 JavaThread "Service Thread" daemon [_thread_blocked, id=4444, stack(0x00007fb080621000,0x00007fb080722000)]
  0x00007fb0980bc800 JavaThread "C1 CompilerThread2" daemon [_thread_blocked, id=4443, stack(0x00007fb080722000,0x00007fb080823000)]
  0x00007fb0980ba800 JavaThread "C2 CompilerThread1" daemon [_thread_blocked, id=4442, stack(0x00007fb080823000,0x00007fb080924000)]
  0x00007fb0980b7800 JavaThread "C2 CompilerThread0" daemon [_thread_blocked, id=4441, stack(0x00007fb080924000,0x00007fb080a25000)]
  0x00007fb0980b6800 JavaThread "Signal Dispatcher" daemon [_thread_blocked, id=4440, stack(0x00007fb080a25000,0x00007fb080b26000)]
  0x00007fb098083800 JavaThread "Finalizer" daemon [_thread_blocked, id=4439, stack(0x00007fb080dfe000,0x00007fb080eff000)]
  0x00007fb09807f000 JavaThread "Reference Handler" daemon [_thread_blocked, id=4438, stack(0x00007fb080eff000,0x00007fb081000000)]
  0x00007fb09800a000 JavaThread "main" [_thread_blocked, id=4432, stack(0x00007fb0a095a000,0x00007fb0a0a5b000)]

Other Threads:
=>0x00007fb098077800 VMThread [stack: 0x00007fb0880af000,0x00007fb0881b0000] [id=4437]
  0x00007fb0980c9800 WatcherThread [stack: 0x00007fb080520000,0x00007fb080621000] [id=4445]

VM state:at safepoint (normal execution)

VM Mutex/Monitor currently owned by a thread:  ([mutex/lock_event])
[0x00007fb098005df0] ExpandHeap_lock - owner thread: 0x00007fb098077800
[0x00007fb098006470] Threads_lock - owner thread: 0x00007fb098077800
[0x00007fb098006970] Heap_lock - owner thread: 0x00007fb010079800

Heap:
 PSYoungGen      total 313344K, used 0K [0x00000000e0000000, 0x0000000100000000, 0x0000000100000000)
  eden space 175104K, 0% used [0x00000000e0000000,0x00000000e0000000,0x00000000eab00000)
  from space 138240K, 0% used [0x00000000f7900000,0x00000000f7900000,0x0000000100000000)
  to   space 174592K, 0% used [0x00000000eab00000,0x00000000eab00000,0x00000000f5580000)
 ParOldGen       total 688640K, used 666563K [0x00000000a0000000, 0x00000000ca080000, 0x00000000e0000000)
  object space 688640K, 96% used [0x00000000a0000000,0x00000000c8af0c98,0x00000000ca080000)
 Metaspace       used 54091K, capacity 55752K, committed 55984K, reserved 1097728K
  class space    used 7120K, capacity 7501K, committed 7600K, reserved 1048576K

Card table byte_map: [0x00007fb09d4ea000,0x00007fb09d7eb000] byte_map_base: 0x00007fb09cfea000

Marking Bits: (ParMarkBitMap*) 0x00007fb09fe27340
 Begin Bits: [0x00007fb081000000, 0x00007fb082800000)
 End Bits:   [0x00007fb082800000, 0x00007fb084000000)

Polling page: 0x00007fb0a0a7a000

CodeCache: size=245760Kb used=29947Kb max_used=29966Kb free=215812Kb
 bounds [0x00007fb089000000, 0x00007fb08ada0000, 0x00007fb098000000]
 total_blobs=8745 nmethods=7994 adapters=664
 compilation: enabled

Compilation events (10 events):
Event: 54.282 Thread 0x00007fb0980b7800 nmethod 9702 0x00007fb08a67f650 code [0x00007fb08a67f7e0, 0x00007fb08a67fd78]
Event: 54.282 Thread 0x00007fb0980b7800 8384 %     4       com.android.dx.rop.code.BasicBlockList::getInstructionCount @ 9 (48 bytes)
Event: 54.290 Thread 0x00007fb0980b7800 nmethod 8384% 0x00007fb08acb0290 code [0x00007fb08acb0400, 0x00007fb08acb06f8]
Event: 54.290 Thread 0x00007fb0980b7800 8209       4       com.android.dx.ssa.back.IdenticalBlockCombiner::combineBlocks (102 bytes)
Event: 54.422 Thread 0x00007fb0980b7800 nmethod 8209 0x00007fb08a819cd0 code [0x00007fb08a819fc0, 0x00007fb08a81ca28]
Event: 54.423 Thread 0x00007fb0980b7800 9699 %     4       com.android.dx.ssa.SsaMethod::mapRegisters @ 8 (87 bytes)
Event: 54.501 Thread 0x00007fb0980b7800 nmethod 9699% 0x00007fb08ad6c590 code [0x00007fb08ad6c880, 0x00007fb08ad6e290]
Event: 54.501 Thread 0x00007fb0980b7800 8292 %     4       com.android.dx.ssa.SsaMethod::forEachBlockDepthFirst @ 62 (194 bytes)
Event: 54.715 Thread 0x00007fb0980b7800 nmethod 8292% 0x00007fb08a70a550 code [0x00007fb08a70a800, 0x00007fb08a70cae8]
Event: 54.716 Thread 0x00007fb0980b7800 9723 %     4       com.android.dx.ssa.back.IdenticalBlockCombiner::process @ 79 (323 bytes)

GC Heap History (10 events):
Event: 50.435 GC heap after
Heap after GC invocations=52 (full 8):
 PSYoungGen      total 389632K, used 16842K [0x00000000e0000000, 0x00000000ffb00000, 0x0000000100000000)
  eden space 270336K, 0% used [0x00000000e0000000,0x00000000e0000000,0x00000000f0800000)
  from space 119296K, 14% used [0x00000000f7f00000,0x00000000f8f72b60,0x00000000ff380000)
  to   space 121856K, 0% used [0x00000000f0800000,0x00000000f0800000,0x00000000f7f00000)
 ParOldGen       total 688640K, used 513835K [0x00000000a0000000, 0x00000000ca080000, 0x00000000e0000000)
  object space 688640K, 74% used [0x00000000a0000000,0x00000000bf5cacc0,0x00000000ca080000)
 Metaspace       used 54082K, capacity 55752K, committed 55984K, reserved 1097728K
  class space    used 7119K, capacity 7501K, committed 7600K, reserved 1048576K
}
Event: 51.281 GC heap before
{Heap before GC invocations=53 (full 8):
 PSYoungGen      total 389632K, used 287178K [0x00000000e0000000, 0x00000000ffb00000, 0x0000000100000000)
  eden space 270336K, 100% used [0x00000000e0000000,0x00000000f0800000,0x00000000f0800000)
  from space 119296K, 14% used [0x00000000f7f00000,0x00000000f8f72b60,0x00000000ff380000)
  to   space 121856K, 0% used [0x00000000f0800000,0x00000000f0800000,0x00000000f7f00000)
 ParOldGen       total 688640K, used 513835K [0x00000000a0000000, 0x00000000ca080000, 0x00000000e0000000)
  object space 688640K, 74% used [0x00000000a0000000,0x00000000bf5cacc0,0x00000000ca080000)
 Metaspace       used 54082K, capacity 55752K, committed 55984K, reserved 1097728K
  class space    used 7119K, capacity 7501K, committed 7600K, reserved 1048576K
Event: 51.506 GC heap after
Heap after GC invocations=53 (full 8):
 PSYoungGen      total 392192K, used 61738K [0x00000000e0000000, 0x00000000ffc80000, 0x0000000100000000)
  eden space 270336K, 0% used [0x00000000e0000000,0x00000000e0000000,0x00000000f0800000)
  from space 121856K, 50% used [0x00000000f0800000,0x00000000f444a830,0x00000000f7f00000)
  to   space 118784K, 0% used [0x00000000f8880000,0x00000000f8880000,0x00000000ffc80000)
 ParOldGen       total 688640K, used 513835K [0x00000000a0000000, 0x00000000ca080000, 0x00000000e0000000)
  object space 688640K, 74% used [0x00000000a0000000,0x00000000bf5cacc0,0x00000000ca080000)
 Metaspace       used 54082K, capacity 55752K, committed 55984K, reserved 1097728K
  class space    used 7119K, capacity 7501K, committed 7600K, reserved 1048576K
}
Event: 53.189 GC heap before
{Heap before GC invocations=54 (full 8):
 PSYoungGen      total 392192K, used 332074K [0x00000000e0000000, 0x00000000ffc80000, 0x0000000100000000)
  eden space 270336K, 100% used [0x00000000e0000000,0x00000000f0800000,0x00000000f0800000)
  from space 121856K, 50% used [0x00000000f0800000,0x00000000f444a830,0x00000000f7f00000)
  to   space 118784K, 0% used [0x00000000f8880000,0x00000000f8880000,0x00000000ffc80000)
 ParOldGen       total 688640K, used 513835K [0x00000000a0000000, 0x00000000ca080000, 0x00000000e0000000)
  object space 688640K, 74% used [0x00000000a0000000,0x00000000bf5cacc0,0x00000000ca080000)
 Metaspace       used 54091K, capacity 55752K, committed 55984K, reserved 1097728K
  class space    used 7120K, capacity 7501K, committed 7600K, reserved 1048576K
Event: 53.411 GC heap after
Heap after GC invocations=54 (full 8):
 PSYoungGen      total 366592K, used 118771K [0x00000000e0000000, 0x0000000100000000, 0x0000000100000000)
  eden space 247808K, 0% used [0x00000000e0000000,0x00000000e0000000,0x00000000ef200000)
  from space 118784K, 99% used [0x00000000f8880000,0x00000000ffc7ced8,0x00000000ffc80000)
  to   space 138240K, 0% used [0x00000000ef200000,0x00000000ef200000,0x00000000f7900000)
 ParOldGen       total 688640K, used 517969K [0x00000000a0000000, 0x00000000ca080000, 0x00000000e0000000)
  object space 688640K, 75% used [0x00000000a0000000,0x00000000bf9d46a0,0x00000000ca080000)
 Metaspace       used 54091K, capacity 55752K, committed 55984K, reserved 1097728K
  class space    used 7120K, capacity 7501K, committed 7600K, reserved 1048576K
}
Event: 53.862 GC heap before
{Heap before GC invocations=55 (full 8):
 PSYoungGen      total 366592K, used 366579K [0x00000000e0000000, 0x0000000100000000, 0x0000000100000000)
  eden space 247808K, 100% used [0x00000000e0000000,0x00000000ef200000,0x00000000ef200000)
  from space 118784K, 99% used [0x00000000f8880000,0x00000000ffc7ced8,0x00000000ffc80000)
  to   space 138240K, 0% used [0x00000000ef200000,0x00000000ef200000,0x00000000f7900000)
 ParOldGen       total 688640K, used 517969K [0x00000000a0000000, 0x00000000ca080000, 0x00000000e0000000)
  object space 688640K, 75% used [0x00000000a0000000,0x00000000bf9d46a0,0x00000000ca080000)
 Metaspace       used 54091K, capacity 55752K, committed 55984K, reserved 1097728K
  class space    used 7120K, capacity 7501K, committed 7600K, reserved 1048576K
Event: 54.192 GC heap after
Heap after GC invocations=55 (full 8):
 PSYoungGen      total 386048K, used 138222K [0x00000000e0000000, 0x0000000100000000, 0x0000000100000000)
  eden space 247808K, 0% used [0x00000000e0000000,0x00000000e0000000,0x00000000ef200000)
  from space 138240K, 99% used [0x00000000ef200000,0x00000000f78fba10,0x00000000f7900000)
  to   space 138240K, 0% used [0x00000000f7900000,0x00000000f7900000,0x0000000100000000)
 ParOldGen       total 688640K, used 605063K [0x00000000a0000000, 0x00000000ca080000, 0x00000000e0000000)
  object space 688640K, 87% used [0x00000000a0000000,0x00000000c4ee1d08,0x00000000ca080000)
 Metaspace       used 54091K, capacity 55752K, committed 55984K, reserved 1097728K
  class space    used 7120K, capacity 7501K, committed 7600K, reserved 1048576K
}
Event: 54.908 GC heap before
{Heap before GC invocations=56 (full 8):
 PSYoungGen      total 386048K, used 386030K [0x00000000e0000000, 0x0000000100000000, 0x0000000100000000)
  eden space 247808K, 100% used [0x00000000e0000000,0x00000000ef200000,0x00000000ef200000)
  from space 138240K, 99% used [0x00000000ef200000,0x00000000f78fba10,0x00000000f7900000)
  to   space 138240K, 0% used [0x00000000f7900000,0x00000000f7900000,0x0000000100000000)
 ParOldGen       total 688640K, used 605063K [0x00000000a0000000, 0x00000000ca080000, 0x00000000e0000000)
  object space 688640K, 87% used [0x00000000a0000000,0x00000000c4ee1d08,0x00000000ca080000)
 Metaspace       used 54091K, capacity 55752K, committed 55984K, reserved 1097728K
  class space    used 7120K, capacity 7501K, committed 7600K, reserved 1048576K
Event: 55.121 GC heap after
Heap after GC invocations=56 (full 8):
 PSYoungGen      total 313344K, used 136875K [0x00000000e0000000, 0x0000000100000000, 0x0000000100000000)
  eden space 175104K, 0% used [0x00000000e0000000,0x00000000e0000000,0x00000000eab00000)
  from space 138240K, 99% used [0x00000000f7900000,0x00000000ffeaafa8,0x0000000100000000)
  to   space 174592K, 0% used [0x00000000eab00000,0x00000000eab00000,0x00000000f5580000)
 ParOldGen       total 688640K, used 688254K [0x00000000a0000000, 0x00000000ca080000, 0x00000000e0000000)
  object space 688640K, 99% used [0x00000000a0000000,0x00000000ca01fa58,0x00000000ca080000)
 Metaspace       used 54091K, capacity 55752K, committed 55984K, reserved 1097728K
  class space    used 7120K, capacity 7501K, committed 7600K, reserved 1048576K
}
Event: 55.121 GC heap before
{Heap before GC invocations=57 (full 9):
 PSYoungGen      total 313344K, used 136875K [0x00000000e0000000, 0x0000000100000000, 0x0000000100000000)
  eden space 175104K, 0% used [0x00000000e0000000,0x00000000e0000000,0x00000000eab00000)
  from space 138240K, 99% used [0x00000000f7900000,0x00000000ffeaafa8,0x0000000100000000)
  to   space 174592K, 0% used [0x00000000eab00000,0x00000000eab00000,0x00000000f5580000)
 ParOldGen       total 688640K, used 688254K [0x00000000a0000000, 0x00000000ca080000, 0x00000000e0000000)
  object space 688640K, 99% used [0x00000000a0000000,0x00000000ca01fa58,0x00000000ca080000)
 Metaspace       used 54091K, capacity 55752K, committed 55984K, reserved 1097728K
  class space    used 7120K, capacity 7501K, committed 7600K, reserved 1048576K

Deoptimization events (10 events):
Event: 52.459 Thread 0x00007fb0354ba000 Uncommon trap: reason=class_check action=maybe_recompile pc=0x00007fb08a723f00 method=com.android.dx.ssa.back.InterferenceGraph.mergeInterferenceSet(ILcom/android/dx/util/IntSet;)V @ 20
Event: 52.459 Thread 0x00007fb0354ba000 Uncommon trap: reason=class_check action=maybe_recompile pc=0x00007fb08a889610 method=com.android.dx.util.BitIntSet.merge(Lcom/android/dx/util/IntSet;)V @ 1
Event: 52.467 Thread 0x00007fb0354ba000 Uncommon trap: reason=class_check action=maybe_recompile pc=0x00007fb08ad19100 method=com.android.dx.ssa.back.InterferenceGraph.mergeInterferenceSet(ILcom/android/dx/util/IntSet;)V @ 20
Event: 52.467 Thread 0x00007fb0354ba000 Uncommon trap: reason=class_check action=maybe_recompile pc=0x00007fb08a889610 method=com.android.dx.util.BitIntSet.merge(Lcom/android/dx/util/IntSet;)V @ 1
Event: 52.467 Thread 0x00007fb0354ba000 Uncommon trap: reason=class_check action=maybe_recompile pc=0x00007fb08a723f00 method=com.android.dx.ssa.back.InterferenceGraph.mergeInterferenceSet(ILcom/android/dx/util/IntSet;)V @ 20
Event: 52.621 Thread 0x00007fb0354ba000 Uncommon trap: reason=unstable_if action=reinterpret pc=0x00007fb08a8eb91c method=com.android.dx.rop.code.BasicBlock.hasExceptionHandlers()Z @ 17
Event: 52.621 Thread 0x00007fb0354ba000 Uncommon trap: reason=unstable_if action=reinterpret pc=0x00007fb08a902908 method=com.android.dx.rop.code.LocalVariableInfo.mergeStarts(ILcom/android/dx/rop/code/RegisterSpecSet;)Z @ 31
Event: 53.455 Thread 0x00007fb010079800 Uncommon trap: reason=class_check action=maybe_recompile pc=0x00007fb08a616bd0 method=com.android.dx.ssa.SsaConverter.placePhiFunctions(Lcom/android/dx/ssa/SsaMethod;Lcom/android/dx/ssa/LocalVariableInfo;I)V @ 257
Event: 53.807 Thread 0x00007fb010079800 Uncommon trap: reason=class_check action=maybe_recompile pc=0x00007fb08aba04e8 method=com.android.dx.ssa.back.InterferenceGraph.mergeInterferenceSet(ILcom/android/dx/util/IntSet;)V @ 20
Event: 53.809 Thread 0x00007fb01007e800 Uncommon trap: reason=class_check action=maybe_recompile pc=0x00007fb08acd9ea8 method=com.android.dx.ssa.SsaConverter.placePhiFunctions(Lcom/android/dx/ssa/SsaMethod;Lcom/android/dx/ssa/LocalVariableInfo;I)V @ 257

Internal exceptions (10 events):
Event: 22.508 Thread 0x00007fb048007000 Exception <a 'java/lang/NoSuchMethodError': <clinit>> (0x00000000e303a188) thrown at [/ssd/Android/AOSP-openjdk/external/jetbrains/jdk/hotspot/src/share/vm/prims/jni.cpp, line 1613]
Event: 22.510 Thread 0x00007fb048007000 Exception <a 'java/lang/NoSuchMethodError': <clinit>> (0x00000000e3052ee0) thrown at [/ssd/Android/AOSP-openjdk/external/jetbrains/jdk/hotspot/src/share/vm/prims/jni.cpp, line 1613]
Event: 22.510 Thread 0x00007fb048007000 Exception <a 'java/lang/NoSuchMethodError': <clinit>> (0x00000000e3054b60) thrown at [/ssd/Android/AOSP-openjdk/external/jetbrains/jdk/hotspot/src/share/vm/prims/jni.cpp, line 1613]
Event: 26.899 Thread 0x00007fb01007c800 Implicit null exception at 0x00007fb08a663522 to 0x00007fb08a66361b
Event: 27.072 Thread 0x00007fb010080000 Implicit null exception at 0x00007fb0899cb01c to 0x00007fb0899cbedd
Event: 27.377 Thread 0x00007fb010079800 Implicit null exception at 0x00007fb08a6a2021 to 0x00007fb08a6a2ced
Event: 27.564 Thread 0x00007fb01007e800 Implicit null exception at 0x00007fb08960b54d to 0x00007fb08960b729
Event: 30.413 Thread 0x00007fb0354ba000 Implicit null exception at 0x00007fb08a92202c to 0x00007fb08a92271d
Event: 35.445 Thread 0x00007fb0354ba000 Implicit null exception at 0x00007fb0898f8703 to 0x00007fb0898f8d75
Event: 46.655 Thread 0x00007fb01007e800 Implicit null exception at 0x00007fb08a8f6624 to 0x00007fb08a8f7189

Events (10 events):
Event: 54.782 Thread 0x00007fb01007c800 DEOPT UNPACKING pc=0x00007fb089047373 sp=0x00007fb023724f30 mode 0
Event: 54.855 Thread 0x00007fb01007c800 DEOPT PACKING pc=0x00007fb08914de6c sp=0x00007fb0237252e0
Event: 54.855 Thread 0x00007fb01007c800 DEOPT UNPACKING pc=0x00007fb089047373 sp=0x00007fb023724fe0 mode 0
Event: 54.856 Thread 0x00007fb01007c800 DEOPT PACKING pc=0x00007fb08a29ddcf sp=0x00007fb0237252b0
Event: 54.856 Thread 0x00007fb01007c800 DEOPT UNPACKING pc=0x00007fb089047373 sp=0x00007fb023724fe8 mode 0
Event: 54.878 Thread 0x00007fb010079800 DEOPT PACKING pc=0x00007fb08a683b8d sp=0x00007fb0239270e0
Event: 54.878 Thread 0x00007fb010079800 DEOPT UNPACKING pc=0x00007fb089047373 sp=0x00007fb023926f30 mode 0
Event: 54.888 Thread 0x00007fb01007c800 DEOPT PACKING pc=0x00007fb08914de6c sp=0x00007fb0237251e0
Event: 54.888 Thread 0x00007fb01007c800 DEOPT UNPACKING pc=0x00007fb089047373 sp=0x00007fb023724ee0 mode 0
Event: 54.905 Executing VM operation: ParallelGCFailedAllocation


Dynamic libraries:
00400000-00401000 r-xp 00000000 08:07 1201464                            /home/chivu/Downloads/android-studio-p/jre/bin/java
00600000-00601000 r--p 00000000 08:07 1201464                            /home/chivu/Downloads/android-studio-p/jre/bin/java
00601000-00602000 rw-p 00001000 08:07 1201464                            /home/chivu/Downloads/android-studio-p/jre/bin/java
0077d000-00811000 rw-p 00000000 00:00 0                                  [heap]
a0000000-ca080000 rw-p 00000000 00:00 0 
d6600000-e0000000 ---p 00000000 00:00 0 
e0000000-100000000 rw-p 00000000 00:00 0 
100000000-10076c000 rw-p 00000000 00:00 0 
10076c000-140000000 ---p 00000000 00:00 0 
7fb000000000-7fb00007d000 rw-p 00000000 00:00 0 
7fb00007d000-7fb004000000 ---p 00000000 00:00 0 
7fb008000000-7fb008021000 rw-p 00000000 00:00 0 
7fb008021000-7fb00c000000 ---p 00000000 00:00 0 
7fb00c000000-7fb00c06c000 rw-p 00000000 00:00 0 
7fb00c06c000-7fb010000000 ---p 00000000 00:00 0 
7fb010000000-7fb010215000 rw-p 00000000 00:00 0 
7fb010215000-7fb014000000 ---p 00000000 00:00 0 
7fb014000000-7fb014077000 rw-p 00000000 00:00 0 
7fb014077000-7fb018000000 ---p 00000000 00:00 0 
7fb018000000-7fb018034000 rw-p 00000000 00:00 0 
7fb018034000-7fb01c000000 ---p 00000000 00:00 0 
7fb01c000000-7fb01c021000 rw-p 00000000 00:00 0 
7fb01c021000-7fb020000000 ---p 00000000 00:00 0 
7fb023224000-7fb023364000 rw-p 00000000 00:00 0 
7fb023364000-7fb023424000 ---p 00000000 00:00 0 
7fb023424000-7fb023427000 ---p 00000000 00:00 0 
7fb023427000-7fb023525000 rw-p 00000000 00:00 0 
7fb023525000-7fb023528000 ---p 00000000 00:00 0 
7fb023528000-7fb023626000 rw-p 00000000 00:00 0 
7fb023626000-7fb023629000 ---p 00000000 00:00 0 
7fb023629000-7fb023727000 rw-p 00000000 00:00 0 
7fb023727000-7fb02372a000 ---p 00000000 00:00 0 
7fb02372a000-7fb023828000 rw-p 00000000 00:00 0 
7fb023828000-7fb02382b000 ---p 00000000 00:00 0 
7fb02382b000-7fb023929000 rw-p 00000000 00:00 0 
7fb023929000-7fb0239fe000 r--s 00960000 08:07 1195715                    /home/chivu/Desktop/newsApp/app/build/intermediates/transforms/jarMerging/debug/jars/1/1f/combined.jar
7fb0239fe000-7fb023a01000 ---p 00000000 00:00 0 
7fb023a01000-7fb023cff000 rw-p 00000000 00:00 0 
7fb023cff000-7fb023d02000 ---p 00000000 00:00 0 
7fb023d02000-7fb024000000 rw-p 00000000 00:00 0 
7fb024000000-7fb024021000 rw-p 00000000 00:00 0 
7fb024021000-7fb028000000 ---p 00000000 00:00 0 
7fb028000000-7fb028021000 rw-p 00000000 00:00 0 
7fb028021000-7fb02c000000 ---p 00000000 00:00 0 
7fb02c000000-7fb02c021000 rw-p 00000000 00:00 0 
7fb02c021000-7fb030000000 ---p 00000000 00:00 0 
7fb030000000-7fb030021000 rw-p 00000000 00:00 0 
7fb030021000-7fb034000000 ---p 00000000 00:00 0 
7fb034000000-7fb0354ee000 rw-p 00000000 00:00 0 
7fb0354ee000-7fb038000000 ---p 00000000 00:00 0 
7fb038000000-7fb038021000 rw-p 00000000 00:00 0 
7fb038021000-7fb03c000000 ---p 00000000 00:00 0 
7fb03c000000-7fb03c021000 rw-p 00000000 00:00 0 
7fb03c021000-7fb040000000 ---p 00000000 00:00 0 
7fb040000000-7fb040021000 rw-p 00000000 00:00 0 
7fb040021000-7fb044000000 ---p 00000000 00:00 0 
7fb044000000-7fb044077000 rw-p 00000000 00:00 0 
7fb044077000-7fb048000000 ---p 00000000 00:00 0 
7fb048000000-7fb048021000 rw-p 00000000 00:00 0 
7fb048021000-7fb04c000000 ---p 00000000 00:00 0 
7fb04c000000-7fb04c021000 rw-p 00000000 00:00 0 
7fb04c021000-7fb050000000 ---p 00000000 00:00 0 
7fb050000000-7fb050021000 rw-p 00000000 00:00 0 
7fb050021000-7fb054000000 ---p 00000000 00:00 0 
7fb054000000-7fb056295000 rw-p 00000000 00:00 0 
7fb056295000-7fb058000000 ---p 00000000 00:00 0 
7fb058000000-7fb058c84000 rw-p 00000000 00:00 0 
7fb058c84000-7fb05c000000 ---p 00000000 00:00 0 
7fb05c000000-7fb05c021000 rw-p 00000000 00:00 0 
7fb05c021000-7fb060000000 ---p 00000000 00:00 0 
7fb060000000-7fb062296000 rw-p 00000000 00:00 0 
7fb062296000-7fb064000000 ---p 00000000 00:00 0 
7fb064000000-7fb064021000 rw-p 00000000 00:00 0 
7fb064021000-7fb068000000 ---p 00000000 00:00 0 
7fb068000000-7fb068021000 rw-p 00000000 00:00 0 
7fb068021000-7fb06c000000 ---p 00000000 00:00 0 
7fb06c000000-7fb06c116000 rw-p 00000000 00:00 0 
7fb06c116000-7fb070000000 ---p 00000000 00:00 0 
7fb070000000-7fb07036a000 rw-p 00000000 00:00 0 
7fb07036a000-7fb074000000 ---p 00000000 00:00 0 
7fb074000000-7fb074144000 rw-p 00000000 00:00 0 
7fb074144000-7fb078000000 ---p 00000000 00:00 0 
7fb07808c000-7fb07828c000 rw-p 00000000 00:00 0 
7fb07828c000-7fb07848c000 rw-p 00000000 00:00 0 
7fb07848c000-7fb07868c000 rw-p 00000000 00:00 0 
7fb07868c000-7fb07869f000 r--s 00344000 08:07 1201558                    /home/chivu/Downloads/android-studio-p/jre/jre/lib/resources.jar
7fb07869f000-7fb07889f000 rw-p 00000000 00:00 0 
7fb07889f000-7fb078a9f000 rw-p 00000000 00:00 0 
7fb078a9f000-7fb078c9f000 rw-p 00000000 00:00 0 
7fb078c9f000-7fb078e9f000 rw-p 00000000 00:00 0 
7fb078e9f000-7fb078ea2000 ---p 00000000 00:00 0 
7fb078ea2000-7fb0791a0000 rw-p 00000000 00:00 0 
7fb0791a0000-7fb0791a1000 r--s 00001000 08:07 1094992                    /home/chivu/.gradle/caches/jars-2/cmhx5eetujk7j30d3nllwxyrlnugzjw/annotations-25.3.3.jar
7fb0791a1000-7fb0791a9000 r--s 000a8000 08:07 932893                     /home/chivu/.gradle/caches/jars-2/lp0h431tl0554nh1vx6zomcvteflkp/lombok-ast-0.2.3.jar
7fb0791a9000-7fb0791bd000 r--s 000b4000 08:07 139376                     /home/chivu/.gradle/caches/jars-2/hgvw6szzawm3evod5l2d6iutfug31w0/uast-162.2228.14.jar
7fb0791bd000-7fb0791bf000 r--s 0000d000 08:07 932889                     /home/chivu/.gradle/caches/jars-2/7pwz1bowgakb1eux9ezb56jlturgsyi/commons-codec-1.4.jar
7fb0791bf000-7fb0791c1000 r--s 0000d000 08:07 932887                     /home/chivu/.gradle/caches/jars-2/9dj1m0eyooi5qt13735vz8fpkl3cnfy/commons-logging-1.1.1.jar
7fb0791c1000-7fb0791c6000 r--s 00028000 08:07 932885                     /home/chivu/.gradle/caches/jars-2/62lv0fe9b3xbqe57f6ljy5upwi7mf6k/httpcore-4.1.jar
7fb0791c6000-7fb0791ca000 r--s 0002f000 08:07 932883                     /home/chivu/.gradle/caches/jars-2/gsg5n52frsvw6sx0swqqe2hwijwdcf0/jimfs-1.1.jar
7fb0791ca000-7fb0791cb000 r--s 00004000 08:07 932881                     /home/chivu/.gradle/caches/jars-2/lxs252id0979odjrerlctkb26c2vj95/annotations-12.0.jar
7fb0791cb000-7fb0791cc000 r--s 00004000 08:07 932879                     /home/chivu/.gradle/caches/jars-2/9kn99dr0rulyl67sct1ephwcop56l61/asm-analysis-5.0.4.jar
7fb0791cc000-7fb0791d0000 r--s 00040000 08:07 1094991                    /home/chivu/.gradle/caches/jars-2/ccvn7yglm4blceovs70fngoac1eyn4f/lint-api-25.3.3.jar
7fb0791d0000-7fb0791d1000 r--s 0000a000 08:07 932875                     /home/chivu/.gradle/caches/jars-2/nwyg9io65lv6jvmwit2wq82xnnxd7ia/kxml2-2.3.0.jar
7fb0791d1000-7fb0791d3000 r--s 00005000 08:07 932873                     /home/chivu/.gradle/caches/jars-2/i6hc1uuj8e9ck59slmzdyz78ydn8sr6/httpmime-4.1.jar
7fb0791d3000-7fb0791db000 r--s 0004e000 08:07 932871                     /home/chivu/.gradle/caches/jars-2/7503wa5irssz0xxahv1xb82p2dl7rr2/httpclient-4.1.1.jar
7fb0791db000-7fb0791e2000 r--s 00053000 08:07 932869                     /home/chivu/.gradle/caches/jars-2/jgkfvs4eqggj7qsyw1f5d3up57hanj1/commons-compress-1.8.1.jar
7fb0791e2000-7fb0791e7000 r--s 0002a000 08:07 932867                     /home/chivu/.gradle/caches/jars-2/je8f027qcr1z1egw08byp1ybxbp9kko/gson-2.2.4.jar
7fb0791e7000-7fb0791ec000 r--s 0002e000 08:07 1094990                    /home/chivu/.gradle/caches/jars-2/s427p2wh0tfza0xa8qijgx107eeevyl/repository-25.3.3.jar
7fb0791ec000-7fb0791ee000 r--s 00006000 08:07 1094989                    /home/chivu/.gradle/caches/jars-2/e2s952s6co8tps89l80r4riixwqo2oe/dvlib-25.3.3.jar
7fb0791ee000-7fb0791f0000 r--s 00013000 08:07 1094883                    /home/chivu/.gradle/caches/jars-2/s02k517nvrh8cbp2c8dz4slqska6dj9/layoutlib-api-25.3.3.jar
7fb0791f0000-7fb0791f5000 r--s 00058000 08:07 932859                     /home/chivu/.gradle/caches/jars-2/st159835qgxm0l87oqrnhayxos4lc1n/asm-debug-all-5.0.1.jar
7fb0791f5000-7fb079205000 r--s 000d5000 08:07 932857                     /home/chivu/.gradle/caches/jars-2/qzf32gp9kej4w4hlbabft6tplu74cj3/proguard-base-5.3.2.jar
7fb079205000-7fb079208000 r--s 00033000 08:07 932855                     /home/chivu/.gradle/caches/jars-2/nz9sndmr8b4xbj4xulkaciy5kdbyfiz/juniversalchardet-1.0.3.jar
7fb079208000-7fb07920c000 r--s 0002a000 08:07 932853                     /home/chivu/.gradle/caches/jars-2/krbpn9xjn1qymukyx8cc5l799ty1v3h/commons-io-2.4.jar
7fb07920c000-7fb079223000 r--s 00154000 08:07 932851                     /home/chivu/.gradle/caches/jars-2/sfeivjswzitn6n0fnjx3ueszz8gv8o1/antlr4-4.5.3.jar
7fb079223000-7fb079225000 r--s 00002000 08:07 1094881                    /home/chivu/.gradle/caches/jars-2/rh2ip1x2zziz26tr3qzudtz088pqsb2/baseLibrary-2.3.3.jar
7fb079225000-7fb079250000 r--s 001fc000 08:07 932847                     /home/chivu/.gradle/caches/jars-2/nxjrjftly2xksl8o0wqgivu5netfu2x/guava-18.0.jar
7fb079250000-7fb079263000 r--s 00241000 08:07 932845                     /home/chivu/.gradle/caches/jars-2/9yuekvg4qerfitq3xec0iyckuw3hwaq/ecj-4.6.1.jar
7fb079263000-7fb07926a000 r--s 000d9000 08:07 1094862                    /home/chivu/.gradle/caches/jars-2/ak89aa8liqmr44u7r08njntn6oehe0z/lint-checks-25.3.3.jar
7fb07926a000-7fb07926c000 r--s 00006000 08:07 932841                     /home/chivu/.gradle/caches/jars-2/6phgj9ki3jl3p5epzkqoo8pr6kur40b/asm-tree-5.0.4.jar
7fb07926c000-7fb07929f000 r--s 00203000 08:07 932839                     /home/chivu/.gradle/caches/jars-2/hj0bfvxu9cq7hkwmecvp0kg137or3hh/bcprov-jdk15on-1.48.jar
7fb07929f000-7fb0792ad000 r--s 00081000 08:07 932837                     /home/chivu/.gradle/caches/jars-2/4r7xli0tz94y0wfjrdyjxlxar3g1pb9/bcpkix-jdk15on-1.48.jar
7fb0792ad000-7fb0792af000 r--s 00002000 08:07 932835                     /home/chivu/.gradle/caches/jars-2/f32bh5uivuf69ecz2j8hl96ksnqdh7v/javawriter-2.5.0.jar
7fb0792af000-7fb0792b1000 r--s 00004000 08:07 1094861                    /home/chivu/.gradle/caches/jars-2/j6s1upogkwo00sygdsekzj4fx0i75uy/tracker-25.3.3.jar
7fb0792b1000-7fb0792b2000 r--s 00005000 08:07 1094860                    /home/chivu/.gradle/caches/jars-2/4svya0t1s9wyo35ycd3atidsaoo6w7e/shared-25.3.3.jar
7fb0792b2000-7fb0792c0000 r--s 00147000 08:07 1094859                    /home/chivu/.gradle/caches/jars-2/qx6695c5ocd9swxv7wqtxor3plyb4b7/protos-25.3.3.jar
7fb0792c0000-7fb0792c1000 r--s 00001000 08:07 139356                     /home/chivu/.gradle/caches/jars-2/bqo69msswbvaagsh45hf1tq02v21sml/jill-api-0.10.0.jar
7fb0792c1000-7fb0792c3000 r--s 00003000 08:07 139354                     /home/chivu/.gradle/caches/jars-2/7pldadygbci34ql8thws797g29k1uhh/jack-api-0.13.0.jar
7fb0792c3000-7fb0792c9000 r--s 0004a000 08:07 1094853                    /home/chivu/.gradle/caches/jars-2/euoqfzf5y1sibp9ul8mcz0wovj380eo/ddmlib-25.3.3.jar
7fb0792c9000-7fb0792cc000 r--s 00022000 08:07 1094848                    /home/chivu/.gradle/caches/jars-2/a81bg2yxzmumashablwecaj0ksz6tmj/manifest-merger-25.3.3.jar
7fb0792cc000-7fb0792cf000 r--s 0001c000 08:07 1094847                    /home/chivu/.gradle/caches/jars-2/l6cnyee1vojrkkbpp6qwgpf30shmrja/common-25.3.3.jar
7fb0792cf000-7fb0792d8000 r--s 00089000 08:07 1094417                    /home/chivu/.gradle/caches/jars-2/m0t6h8af70sdgxvkj522jy01i14mnb8/sdk-common-25.3.3.jar
7fb0792d8000-7fb0792e2000 r--s 00098000 08:07 1094415                    /home/chivu/.gradle/caches/jars-2/28c9ykhc782k8jmlrnbnccai34hziki/sdklib-25.3.3.jar
7fb0792e2000-7fb0792e3000 r--s 00002000 08:07 1094389                    /home/chivu/.gradle/caches/jars-2/4dod7a1p5hoai4v37pxbcg65bbahvg2/builder-test-api-2.3.3.jar
7fb0792e3000-7fb0792e6000 r--s 00006000 08:07 1094385                    /home/chivu/.gradle/caches/jars-2/omk02asobup8sgd6qxom3ej5bg94z2r/builder-model-2.3.3.jar
7fb0792e6000-7fb0792f5000 r--s 00130000 08:07 932809                     /home/chivu/.gradle/caches/jars-2/cr6zkqpx14lor9zdtmo49qpc7y8r8p4/protobuf-java-3.0.0.jar
7fb0792f5000-7fb0792f7000 r--s 0000f000 08:07 932807                     /home/chivu/.gradle/caches/jars-2/rvfyugrlu5tbpz51p98og0qsxamjq4k/jopt-simple-4.9.jar
7fb0792f7000-7fb0792fb000 r--s 0001f000 08:07 932805                     /home/chivu/.gradle/caches/jars-2/nq3fzqkrrm37ob61z4iu5qdbh368uat/org.jacoco.report-0.7.5.201505241946.jar
7fb0792fb000-7fb0792ff000 r--s 0001d000 08:07 932803                     /home/chivu/.gradle/caches/jars-2/3kxkmcckmk40ron92zhbm0qjo9l4bkl/org.jacoco.core-0.7.5.201505241946.jar
7fb0792ff000-7fb079301000 r--s 00002000 08:07 932801                     /home/chivu/.gradle/caches/jars-2/m4m0pzb4gmaeh0in5g2xc4bxeuwt828/proguard-gradle-5.3.2.jar
7fb079301000-7fb079303000 r--s 00009000 08:07 932799                     /home/chivu/.gradle/caches/jars-2/ajvcvdu66lc9e3tvvipxtuq48i9bbkc/asm-commons-5.0.4.jar
7fb079303000-7fb079305000 r--s 0000c000 08:07 932797                     /home/chivu/.gradle/caches/jars-2/1laz1ygmxoc408r7nwqs1q8uk8r236d/asm-5.0.4.jar
7fb079305000-7fb07930a000 r--s 0002c000 08:07 1094383                    /home/chivu/.gradle/caches/jars-2/3mlasgi8oo9o7oa12526198jui9zmp2/compilerCommon-2.3.3.jar
7fb07930a000-7fb07930b000 r--s 00002000 08:07 1094379                    /home/chivu/.gradle/caches/jars-2/73l309uzm0ila7rdaaxteq0ng4ayf2y/gradle-api-2.3.3.jar
7fb07930b000-7fb07930c000 r--s 00000000 08:07 139334                     /home/chivu/.gradle/caches/jars-2/tlyajppf8woug00g686fx5mchf8iv3o/transform-api-2.0.0-deprecated-use-gradle-api.jar
7fb07930c000-7fb079311000 r--s 0005e000 08:07 1094349                    /home/chivu/.gradle/caches/jars-2/k2xtosjt0in0zj7mpwvctw6iznt93uh/lint-25.3.3.jar
7fb079311000-7fb079327000 r--s 00163000 08:07 1094347                    /home/chivu/.gradle/caches/jars-2/nyg71b5n2lzymmwh5vbtmvjiby07k4g/builder-2.3.3.jar
7fb079327000-7fb079346000 r--s 001ca000 08:07 1094310                    /home/chivu/.gradle/caches/jars-2/5fwyvjq1ai8mdh1mluqxidj1wo7rls8/gradle-core-2.3.3.jar
7fb079346000-7fb079348000 r--s 00007000 08:07 266240                     /home/chivu/.gradle/caches/modules-2/files-2.1/com.google.gms/google-services/3.1.0/166ae4e6acd03b7bbebe221ffa54bc039fece1b9/google-services-3.1.0.jar
7fb079348000-7fb07934a000 r--s 0000d000 08:07 1094266                    /home/chivu/.gradle/caches/jars-2/mel54vauze7hczg2p6nebauqz8s53sj/gradle-2.3.3.jar
7fb07934a000-7fb07954a000 rw-p 00000000 00:00 0 
7fb07954a000-7fb07974a000 rw-p 00000000 00:00 0 
7fb07974a000-7fb07974d000 ---p 00000000 00:00 0 
7fb07974d000-7fb07984b000 rw-p 00000000 00:00 0 
7fb07984b000-7fb07984e000 ---p 00000000 00:00 0 
7fb07984e000-7fb079884000 rw-p 00000000 00:00 0 
7fb079884000-7fb079885000 r--p 00000000 00:00 0 
7fb079885000-7fb079a85000 rw-p 00000000 00:00 0 
7fb079a85000-7fb079c85000 rw-p 00000000 00:00 0 
7fb079c85000-7fb079e85000 rw-p 00000000 00:00 0 
7fb079e85000-7fb07a085000 rw-p 00000000 00:00 0 
7fb07a085000-7fb07a0fe000 r--s 010ed000 08:07 1201473                    /home/chivu/Downloads/android-studio-p/jre/lib/tools.jar
7fb07a0fe000-7fb07a2fe000 rw-p 00000000 00:00 0 
7fb07a2fe000-7fb07a301000 ---p 00000000 00:00 0 
7fb07a301000-7fb07a3ff000 rw-p 00000000 00:00 0 
7fb07a3ff000-7fb07a402000 ---p 00000000 00:00 0 
7fb07a402000-7fb07a500000 rw-p 00000000 00:00 0 
7fb07a500000-7fb07a503000 ---p 00000000 00:00 0 
7fb07a503000-7fb07a601000 rw-p 00000000 00:00 0 
7fb07a601000-7fb07a604000 ---p 00000000 00:00 0 
7fb07a604000-7fb07a702000 rw-p 00000000 00:00 0 
7fb07a702000-7fb07a705000 ---p 00000000 00:00 0 
7fb07a705000-7fb07aa03000 rw-p 00000000 00:00 0 
7fb07aa03000-7fb07aa06000 ---p 00000000 00:00 0 
7fb07aa06000-7fb07ab04000 rw-p 00000000 00:00 0 
7fb07ab04000-7fb07ab07000 ---p 00000000 00:00 0 
7fb07ab07000-7fb07ac05000 rw-p 00000000 00:00 0 
7fb07ac05000-7fb07ac0c000 r--s 00000000 08:07 1591546                    /usr/lib/x86_64-linux-gnu/gconv/gconv-modules.cache
7fb07ac0c000-7fb07ae0c000 rw-p 00000000 00:00 0 
7fb07ae0c000-7fb07ae0f000 ---p 00000000 00:00 0 
7fb07ae0f000-7fb07af0d000 rw-p 00000000 00:00 0 
7fb07af0d000-7fb07af16000 r-xp 00000000 08:07 1201548                    /home/chivu/Downloads/android-studio-p/jre/jre/lib/amd64/libmanagement.so
7fb07af16000-7fb07b115000 ---p 00009000 08:07 1201548                    /home/chivu/Downloads/android-studio-p/jre/jre/lib/amd64/libmanagement.so
7fb07b115000-7fb07b116000 r--p 00008000 08:07 1201548                    /home/chivu/Downloads/android-studio-p/jre/jre/lib/amd64/libmanagement.so
7fb07b116000-7fb07b117000 rw-p 00009000 08:07 1201548                    /home/chivu/Downloads/android-studio-p/jre/jre/lib/amd64/libmanagement.so
7fb07b117000-7fb07b11c000 r--s 00098000 08:07 1201512                    /home/chivu/Downloads/android-studio-p/jre/jre/lib/jsse.jar
7fb07b11c000-7fb07b11e000 r--s 00007000 08:07 1189108                    /home/chivu/.gradle/wrapper/dists/gradle-3.3-all/55gk2rcmfc6p2dg9u9ohc3hw9/gradle-3.3/lib/plugins/gradle-tooling-api-builders-3.3.jar
7fb07b11e000-7fb07b121000 r--s 00009000 08:07 1189101                    /home/chivu/.gradle/wrapper/dists/gradle-3.3-all/55gk2rcmfc6p2dg9u9ohc3hw9/gradle-3.3/lib/plugins/gradle-testing-native-3.3.jar
7fb07b121000-7fb07b127000 r--s 00033000 08:07 1189176                    /home/chivu/.gradle/wrapper/dists/gradle-3.3-all/55gk2rcmfc6p2dg9u9ohc3hw9/gradle-3.3/lib/plugins/snakeyaml-1.6.jar
7fb07b127000-7fb07b129000 r--s 00006000 08:07 1189175                    /home/chivu/.gradle/wrapper/dists/gradle-3.3-all/55gk2rcmfc6p2dg9u9ohc3hw9/gradle-3.3/lib/plugins/jcommander-1.12.jar
7fb07b129000-7fb07b12e000 r--s 00040000 08:07 1189174                    /home/chivu/.gradle/wrapper/dists/gradle-3.3-all/55gk2rcmfc6p2dg9u9ohc3hw9/gradle-3.3/lib/plugins/bsh-2.0b4.jar
7fb07b12e000-7fb07b130000 r--s 00009000 08:07 1189182                    /home/chivu/.gradle/wrapper/dists/gradle-3.3-all/55gk2rcmfc6p2dg9u9ohc3hw9/gradle-3.3/lib/plugins/hamcrest-core-1.3.jar
7fb07b130000-7fb07b139000 r--s 00089000 08:07 1189133                    /home/chivu/.gradle/wrapper/dists/gradle-3.3-all/55gk2rcmfc6p2dg9u9ohc3hw9/gradle-3.3/lib/plugins/testng-6.3.1.jar
7fb07b139000-7fb07b141000 r--s 00045000 08:07 1189132                    /home/chivu/.gradle/wrapper/dists/gradle-3.3-all/55gk2rcmfc6p2dg9u9ohc3hw9/gradle-3.3/lib/plugins/junit-4.12.jar
7fb07b141000-7fb07b147000 r--s 0002e000 08:07 1189102                    /home/chivu/.gradle/wrapper/dists/gradle-3.3-all/55gk2rcmfc6p2dg9u9ohc3hw9/gradle-3.3/lib/plugins/gradle-testing-jvm-3.3.jar
7fb07b147000-7fb07b14b000 r--s 00016000 08:07 1189100                    /home/chivu/.gradle/wrapper/dists/gradle-3.3-all/55gk2rcmfc6p2dg9u9ohc3hw9/gradle-3.3/lib/plugins/gradle-testing-base-3.3.jar
7fb07b14b000-7fb07b152000 r--s 00038000 08:07 1189127                    /home/chivu/.gradle/wrapper/dists/gradle-3.3-all/55gk2rcmfc6p2dg9u9ohc3hw9/gradle-3.3/lib/plugins/bcpg-jdk15on-1.51.jar
7fb07b152000-7fb07b154000 r--s 0000c000 08:07 1189079                    /home/chivu/.gradle/wrapper/dists/gradle-3.3-all/55gk2rcmfc6p2dg9u9ohc3hw9/gradle-3.3/lib/plugins/gradle-signing-3.3.jar
7fb07b154000-7fb07b156000 r--s 00007000 08:07 1189078                    /home/chivu/.gradle/wrapper/dists/gradle-3.3-all/55gk2rcmfc6p2dg9u9ohc3hw9/gradle-3.3/lib/plugins/gradle-scala-3.3.jar
7fb07b156000-7fb07b157000 r--s 00004000 08:07 1189106                    /home/chivu/.gradle/wrapper/dists/gradle-3.3-all/55gk2rcmfc6p2dg9u9ohc3hw9/gradle-3.3/lib/plugins/gradle-resources-sftp-3.3.jar
7fb07b157000-7fb07b167000 r--s 00088000 08:07 1189143                    /home/chivu/.gradle/wrapper/dists/gradle-3.3-all/55gk2rcmfc6p2dg9u9ohc3hw9/gradle-3.3/lib/plugins/joda-time-2.8.2.jar
7fb07b167000-7fb07b178000 r--s 0010d000 08:07 1189142                    /home/chivu/.gradle/wrapper/dists/gradle-3.3-all/55gk2rcmfc6p2dg9u9ohc3hw9/gradle-3.3/lib/plugins/jackson-databind-2.6.6.jar
7fb07b178000-7fb07b17b000 r--s 00009000 08:07 1189141                    /home/chivu/.gradle/wrapper/dists/gradle-3.3-all/55gk2rcmfc6p2dg9u9ohc3hw9/gradle-3.3/lib/plugins/jackson-annotations-2.6.6.jar
7fb07b17b000-7fb07b17f000 r--s 0003c000 08:07 1189140                    /home/chivu/.gradle/wrapper/dists/gradle-3.3-all/55gk2rcmfc6p2dg9u9ohc3hw9/gradle-3.3/lib/plugins/jackson-core-2.6.6.jar
7fb07b17f000-7fb07b18d000 r--s 00087000 08:07 1189139                    /home/chivu/.gradle/wrapper/dists/gradle-3.3-all/55gk2rcmfc6p2dg9u9ohc3hw9/gradle-3.3/lib/plugins/aws-java-sdk-core-1.11.6.jar
7fb07b18d000-7fb07b194000 r--s 00057000 08:07 1189138                    /home/chivu/.gradle/wrapper/dists/gradle-3.3-all/55gk2rcmfc6p2dg9u9ohc3hw9/gradle-3.3/lib/plugins/aws-java-sdk-kms-1.11.6.jar
7fb07b194000-7fb07b1a1000 r--s 0008e000 08:07 1189137                    /home/chivu/.gradle/wrapper/dists/gradle-3.3-all/55gk2rcmfc6p2dg9u9ohc3hw9/gradle-3.3/lib/plugins/aws-java-sdk-s3-1.11.6.jar
7fb07b1a1000-7fb07b1a3000 r--s 00004000 08:07 1189107                    /home/chivu/.gradle/wrapper/dists/gradle-3.3-all/55gk2rcmfc6p2dg9u9ohc3hw9/gradle-3.3/lib/plugins/gradle-resources-s3-3.3.jar
7fb07b1a3000-7fb07b1a5000 r--s 00005000 08:07 1189131                    /home/chivu/.gradle/wrapper/dists/gradle-3.3-all/55gk2rcmfc6p2dg9u9ohc3hw9/gradle-3.3/lib/plugins/jatl-0.2.2.jar
7fb07b1a5000-7fb07b1a7000 r--s 0000f000 08:07 1189084                    /home/chivu/.gradle/wrapper/dists/gradle-3.3-all/55gk2rcmfc6p2dg9u9ohc3hw9/gradle-3.3/lib/plugins/gradle-reporting-3.3.jar
7fb07b1a7000-7fb07b1a9000 r--s 00002000 08:07 1189085                    /home/chivu/.gradle/wrapper/dists/gradle-3.3-all/55gk2rcmfc6p2dg9u9ohc3hw9/gradle-3.3/lib/plugins/gradle-publish-3.3.jar
7fb07b1a9000-7fb07b1ab000 r--s 00009000 08:07 1189114                    /home/chivu/.gradle/wrapper/dists/gradle-3.3-all/55gk2rcmfc6p2dg9u9ohc3hw9/gradle-3.3/lib/plugins/commons-cli-1.2.jar
7fb07b1ab000-7fb07b1b1000 r--s 00031000 08:07 1189070                    /home/chivu/.gradle/wrapper/dists/gradle-3.3-all/55gk2rcmfc6p2dg9u9ohc3hw9/gradle-3.3/lib/plugins/gradle-plugins-3.3.jar
7fb07b1b1000-7fb07b1b3000 r--s 00009000 08:07 1189103                    /home/chivu/.gradle/wrapper/dists/gradle-3.3-all/55gk2rcmfc6p2dg9u9ohc3hw9/gradle-3.3/lib/plugins/gradle-plugin-development-3.3.jar
7fb07b1b3000-7fb07b1b9000 r--s 0002b000 08:07 1189096                    /home/chivu/.gradle/wrapper/dists/gradle-3.3-all/55gk2rcmfc6p2dg9u9ohc3hw9/gradle-3.3/lib/plugins/gradle-platform-play-3.3.jar
7fb07b1b9000-7fb07b1c7000 r--s 00055000 08:07 1189095                    /home/chivu/.gradle/wrapper/dists/gradle-3.3-all/55gk2rcmfc6p2dg9u9ohc3hw9/gradle-3.3/lib/plugins/gradle-platform-native-3.3.jar
7fb07b1c7000-7fb07b1cc000 r--s 0001f000 08:07 1189090                    /home/chivu/.gradle/wrapper/dists/gradle-3.3-all/55gk2rcmfc6p2dg9u9ohc3hw9/gradle-3.3/lib/plugins/gradle-platform-jvm-3.3.jar
7fb07b1cc000-7fb07b1d4000 r--s 00027000 08:07 1189089                    /home/chivu/.gradle/wrapper/dists/gradle-3.3-all/55gk2rcmfc6p2dg9u9ohc3hw9/gradle-3.3/lib/plugins/gradle-platform-base-3.3.jar
7fb07b1d4000-7fb07b1fc000 r--s 0021c000 08:07 1189122                    /home/chivu/.gradle/wrapper/dists/gradle-3.3-all/55gk2rcmfc6p2dg9u9ohc3hw9/gradle-3.3/lib/plugins/biz.aQute.bndlib-3.2.0.jar
7fb07b1fc000-7fb07b1fe000 r--s 00003000 08:07 1189074                    /home/chivu/.gradle/wrapper/dists/gradle-3.3-all/55gk2rcmfc6p2dg9u9ohc3hw9/gradle-3.3/lib/plugins/gradle-osgi-3.3.jar
7fb07b1fe000-7fb07b201000 r--s 0000c000 08:07 1189125                    /home/chivu/.gradle/wrapper/dists/gradle-3.3-all/55gk2rcmfc6p2dg9u9ohc3hw9/gradle-3.3/lib/plugins/pmaven-groovy-0.8-20100325.jar
7fb07b201000-7fb07b202000 r--s 00004000 08:07 1189124                    /home/chivu/.gradle/wrapper/dists/gradle-3.3-all/55gk2rcmfc6p2dg9u9ohc3hw9/gradle-3.3/lib/plugins/pmaven-common-0.8-20100325.jar
7fb07b202000-7fb07b208000 r--s 00023000 08:07 1189075                    /home/chivu/.gradle/wrapper/dists/gradle-3.3-all/55gk2rcmfc6p2dg9u9ohc3hw9/gradle-3.3/lib/plugins/gradle-maven-3.3.jar
7fb07b208000-7fb07b20b000 r--s 0000b000 08:07 1189094                    /home/chivu/.gradle/wrapper/dists/gradle-3.3-all/55gk2rcmfc6p2dg9u9ohc3hw9/gradle-3.3/lib/plugins/gradle-language-scala-3.3.jar
7fb07b20b000-7fb07b211000 r--s 0001a000 08:07 1189098                    /home/chivu/.gradle/wrapper/dists/gradle-3.3-all/55gk2rcmfc6p2dg9u9ohc3hw9/gradle-3.3/lib/plugins/gradle-language-native-3.3.jar
7fb07b211000-7fb07b214000 r--s 00005000 08:07 1189091                    /home/chivu/.gradle/wrapper/dists/gradle-3.3-all/55gk2rcmfc6p2dg9u9ohc3hw9/gradle-3.3/lib/plugins/gradle-language-jvm-3.3.jar
7fb07b214000-7fb07b21a000 r--s 00027000 08:07 1189092                    /home/chivu/.gradle/wrapper/dists/gradle-3.3-all/55gk2rcmfc6p2dg9u9ohc3hw9/gradle-3.3/lib/plugins/gradle-language-java-3.3.jar
7fb07b21a000-7fb07b21c000 r--s 0000a000 08:07 1189093                    /home/chivu/.gradle/wrapper/dists/gradle-3.3-all/55gk2rcmfc6p2dg9u9ohc3hw9/gradle-3.3/lib/plugins/gradle-language-groovy-3.3.jar
7fb07b21c000-7fb07b21f000 r--s 0001e000 08:07 1189149                    /home/chivu/.gradle/wrapper/dists/gradle-3.3-all/55gk2rcmfc6p2dg9u9ohc3hw9/gradle-3.3/lib/plugins/jsp-api-2.1-6.1.14.jar
7fb07b21f000-7fb07b242000 r--s 00344000 08:07 1189148                    /home/chivu/.gradle/wrapper/dists/gradle-3.3-all/55gk2rcmfc6p2dg9u9ohc3hw9/gradle-3.3/lib/plugins/core-3.1.1.jar
7fb07b242000-7fb07b243000 r--s 00006000 08:07 1189147                    /home/chivu/.gradle/wrapper/dists/gradle-3.3-all/55gk2rcmfc6p2dg9u9ohc3hw9/gradle-3.3/lib/plugins/jetty-naming-6.1.26.jar
7fb07b243000-7fb07b244000 r--s 00002000 08:07 1189121                    /home/chivu/.gradle/wrapper/dists/gradle-3.3-all/55gk2rcmfc6p2dg9u9ohc3hw9/gradle-3.3/lib/plugins/geronimo-annotation_1.0_spec-1.0.jar
7fb07b244000-7fb07b246000 r--s 00002000 08:07 1189120                    /home/chivu/.gradle/wrapper/dists/gradle-3.3-all/55gk2rcmfc6p2dg9u9ohc3hw9/gradle-3.3/lib/plugins/jetty-annotations-6.1.26.jar
7fb07b246000-7fb07b257000 r--s 000ea000 08:07 1189119                    /home/chivu/.gradle/wrapper/dists/gradle-3.3-all/55gk2rcmfc6p2dg9u9ohc3hw9/gradle-3.3/lib/plugins/jsp-2.1-6.1.14.jar
7fb07b257000-7fb07b259000 r--s 0000d000 08:07 1189118                    /home/chivu/.gradle/wrapper/dists/gradle-3.3-all/55gk2rcmfc6p2dg9u9ohc3hw9/gradle-3.3/lib/plugins/jetty-plus-6.1.26.jar
7fb07b259000-7fb07b25b000 r--s 0001f000 08:07 1189117                    /home/chivu/.gradle/wrapper/dists/gradle-3.3-all/55gk2rcmfc6p2dg9u9ohc3hw9/gradle-3.3/lib/plugins/servlet-api-2.5-20081211.jar
7fb07b25b000-7fb07b25f000 r--s 00028000 08:07 1189116                    /home/chivu/.gradle/wrapper/dists/gradle-3.3-all/55gk2rcmfc6p2dg9u9ohc3hw9/gradle-3.3/lib/plugins/jetty-util-6.1.26.jar
7fb07b25f000-7fb07b266000 r--s 0007d000 08:07 1189115                    /home/chivu/.gradle/wrapper/dists/gradle-3.3-all/55gk2rcmfc6p2dg9u9ohc3hw9/gradle-3.3/lib/plugins/jetty-6.1.26.jar
7fb07b266000-7fb07b268000 r--s 0000a000 08:07 1189072                    /home/chivu/.gradle/wrapper/dists/gradle-3.3-all/55gk2rcmfc6p2dg9u9ohc3hw9/gradle-3.3/lib/plugins/gradle-jetty-3.3.jar
7fb07b268000-7fb07b26f000 r--s 00035000 08:07 1189130                    /home/chivu/.gradle/wrapper/dists/gradle-3.3-all/55gk2rcmfc6p2dg9u9ohc3hw9/gradle-3.3/lib/plugins/simple-4.1.21.jar
7fb07b26f000-7fb07b27b000 r--s 00100000 08:07 1189128                    /home/chivu/.gradle/wrapper/dists/gradle-3.3-all/55gk2rcmfc6p2dg9u9ohc3hw9/gradle-3.3/lib/plugins/rhino-1.7R3.jar
7fb07b27b000-7fb07b27f000 r--s 00012000 08:07 1189081                    /home/chivu/.gradle/wrapper/dists/gradle-3.3-all/55gk2rcmfc6p2dg9u9ohc3hw9/gradle-3.3/lib/plugins/gradle-javascript-3.3.jar
7fb07b27f000-7fb07b281000 r--s 0000d000 08:07 1189087                    /home/chivu/.gradle/wrapper/dists/gradle-3.3-all/55gk2rcmfc6p2dg9u9ohc3hw9/gradle-3.3/lib/plugins/gradle-jacoco-3.3.jar
7fb07b281000-7fb07b284000 r--s 0000e000 08:07 1189086                    /home/chivu/.gradle/wrapper/dists/gradle-3.3-all/55gk2rcmfc6p2dg9u9ohc3hw9/gradle-3.3/lib/plugins/gradle-ivy-3.3.jar
7fb07b284000-7fb07b285000 r--s 00002000 08:07 1189097                    /home/chivu/.gradle/wrapper/dists/gradle-3.3-all/55gk2rcmfc6p2dg9u9ohc3hw9/gradle-3.3/lib/plugins/gradle-ide-play-3.3.jar
7fb07b285000-7fb07b288000 r--s 00013000 08:07 1189099                    /home/chivu/.gradle/wrapper/dists/gradle-3.3-all/55gk2rcmfc6p2dg9u9ohc3hw9/gradle-3.3/lib/plugins/gradle-ide-native-3.3.jar
7fb07b288000-7fb07b291000 r--s 00055000 08:07 1189076                    /home/chivu/.gradle/wrapper/dists/gradle-3.3-all/55gk2rcmfc6p2dg9u9ohc3hw9/gradle-3.3/lib/plugins/gradle-ide-3.3.jar
7fb07b291000-7fb07b293000 r--s 00007000 08:07 1189080                    /home/chivu/.gradle/wrapper/dists/gradle-3.3-all/55gk2rcmfc6p2dg9u9ohc3hw9/gradle-3.3/lib/plugins/gradle-ear-3.3.jar
7fb07b293000-7fb07b299000 r--s 00039000 08:07 1189083                    /home/chivu/.gradle/wrapper/dists/gradle-3.3-all/55gk2rcmfc6p2dg9u9ohc3hw9/gradle-3.3/lib/plugins/gradle-diagnostics-3.3.jar
7fb07b299000-7fb07b29a000 r--s 00009000 08:07 1189109                    /home/chivu/.gradle/wrapper/dists/gradle-3.3-all/55gk2rcmfc6p2dg9u9ohc3hw9/gradle-3.3/lib/plugins/gradle-composite-builds-3.3.jar
7fb07b29a000-7fb07b29e000 r--s 00023000 08:07 1189071                    /home/chivu/.gradle/wrapper/dists/gradle-3.3-all/55gk2rcmfc6p2dg9u9ohc3hw9/gradle-3.3/lib/plugins/gradle-code-quality-3.3.jar
7fb07b29e000-7fb07b2a2000 r--s 00022000 08:07 1189088                    /home/chivu/.gradle/wrapper/dists/gradle-3.3-all/55gk2rcmfc6p2dg9u9ohc3hw9/gradle-3.3/lib/plugins/gradle-build-init-3.3.jar
7fb07b2a2000-7fb07b2a8000 r--s 0008e000 08:07 1189082                    /home/chivu/.gradle/wrapper/dists/gradle-3.3-all/55gk2rcmfc6p2dg9u9ohc3hw9/gradle-3.3/lib/plugins/gradle-build-comparison-3.3.jar
7fb07b2a8000-7fb07b2a9000 r--s 00001000 08:07 1189110                    /home/chivu/.gradle/wrapper/dists/gradle-3.3-all/55gk2rcmfc6p2dg9u9ohc3hw9/gradle-3.3/lib/plugins/gradle-build-cache-http-3.3.jar
7fb07b2a9000-7fb07b2ab000 r--s 00008000 08:07 1189073                    /home/chivu/.gradle/wrapper/dists/gradle-3.3-all/55gk2rcmfc6p2dg9u9ohc3hw9/gradle-3.3/lib/plugins/gradle-antlr-3.3.jar
7fb07b2ab000-7fb07b2ad000 r--s 00004000 08:07 1189077                    /home/chivu/.gradle/wrapper/dists/gradle-3.3-all/55gk2rcmfc6p2dg9u9ohc3hw9/gradle-3.3/lib/plugins/gradle-announce-3.3.jar
7fb07b2ad000-7fb07b2c5000 r--s 00115000 08:07 1189179                    /home/chivu/.gradle/wrapper/dists/gradle-3.3-all/55gk2rcmfc6p2dg9u9ohc3hw9/gradle-3.3/lib/plugins/xercesImpl-2.9.1.jar
7fb07b2c5000-7fb07b2cd000 r--s 00028000 08:07 1189180                    /home/chivu/.gradle/wrapper/dists/gradle-3.3-all/55gk2rcmfc6p2dg9u9ohc3hw9/gradle-3.3/lib/plugins/xml-apis-1.3.04.jar
7fb07b2cd000-7fb07b2d3000 r--s 0005b000 08:07 1189178                    /home/chivu/.gradle/wrapper/dists/gradle-3.3-all/55gk2rcmfc6p2dg9u9ohc3hw9/gradle-3.3/lib/plugins/jcifs-1.3.17.jar
7fb07b2d3000-7fb07b2d9000 r--s 00033000 08:07 1189126                    /home/chivu/.gradle/wrapper/dists/gradle-3.3-all/55gk2rcmfc6p2dg9u9ohc3hw9/gradle-3.3/lib/plugins/commons-codec-1.6.jar
7fb07b2d9000-7fb07b2e0000 r--s 00049000 08:07 1189177                    /home/chivu/.gradle/wrapper/dists/gradle-3.3-all/55gk2rcmfc6p2dg9u9ohc3hw9/gradle-3.3/lib/plugins/httpcore-4.4.4.jar
7fb07b2e0000-7fb07b2e3000 r--s 0001c000 08:07 1189135                    /home/chivu/.gradle/wrapper/dists/gradle-3.3-all/55gk2rcmfc6p2dg9u9ohc3hw9/gradle-3.3/lib/plugins/nekohtml-1.9.14.jar
7fb07b2e3000-7fb07b2f0000 r--s 000a4000 08:07 1189134                    /home/chivu/.gradle/wrapper/dists/gradle-3.3-all/55gk2rcmfc6p2dg9u9ohc3hw9/gradle-3.3/lib/plugins/httpclient-4.4.1.jar
7fb07b2f0000-7fb07b2f3000 r--s 0000a000 08:07 1189105                    /home/chivu/.gradle/wrapper/dists/gradle-3.3-all/55gk2rcmfc6p2dg9u9ohc3hw9/gradle-3.3/lib/plugins/gradle-resources-http-3.3.jar
7fb07b2f3000-7fb07b2f7000 r--s 00015000 08:07 1189104                    /home/chivu/.gradle/wrapper/dists/gradle-3.3-all/55gk2rcmfc6p2dg9u9ohc3hw9/gradle-3.3/lib/plugins/gradle-plugin-use-3.3.jar
7fb07b2f7000-7fb07b2f8000 r--s 00000000 08:07 1189016                    /home/chivu/.gradle/wrapper/dists/gradle-3.3-all/55gk2rcmfc6p2dg9u9ohc3hw9/gradle-3.3/lib/gradle-installation-beacon-3.3.jar
7fb07b2f8000-7fb07b2fa000 r--s 00006000 08:07 1189173                    /home/chivu/.gradle/wrapper/dists/gradle-3.3-all/55gk2rcmfc6p2dg9u9ohc3hw9/gradle-3.3/lib/plugins/aether-connector-wagon-1.13.1.jar
7fb07b2fa000-7fb07b2fe000 r--s 0001c000 08:07 1189172                    /home/chivu/.gradle/wrapper/dists/gradle-3.3-all/55gk2rcmfc6p2dg9u9ohc3hw9/gradle-3.3/lib/plugins/aether-util-1.13.1.jar
7fb07b2fe000-7fb07b2ff000 r--s 00003000 08:07 1189171                    /home/chivu/.gradle/wrapper/dists/gradle-3.3-all/55gk2rcmfc6p2dg9u9ohc3hw9/gradle-3.3/lib/plugins/aether-spi-1.13.1.jar
7fb07b2ff000-7fb07b302000 r--s 0001d000 08:07 1189170                    /home/chivu/.gradle/wrapper/dists/gradle-3.3-all/55gk2rcmfc6p2dg9u9ohc3hw9/gradle-3.3/lib/plugins/aether-impl-1.13.1.jar
7fb07b302000-7fb07b305000 r--s 00013000 08:07 1189169                    /home/chivu/.gradle/wrapper/dists/gradle-3.3-all/55gk2rcmfc6p2dg9u9ohc3hw9/gradle-3.3/lib/plugins/aether-api-1.13.1.jar
7fb07b305000-7fb07b306000 r--s 00007000 08:07 1189168                    /home/chivu/.gradle/wrapper/dists/gradle-3.3-all/55gk2rcmfc6p2dg9u9ohc3hw9/gradle-3.3/lib/plugins/wagon-http-shared4-2.4.jar
7fb07b306000-7fb07b308000 r--s 0000b000 08:07 1189167                    /home/chivu/.gradle/wrapper/dists/gradle-3.3-all/55gk2rcmfc6p2dg9u9ohc3hw9/gradle-3.3/lib/plugins/wagon-provider-api-2.4.jar
7fb07b308000-7fb07b309000 r--s 00002000 08:07 1189166                    /home/chivu/.gradle/wrapper/dists/gradle-3.3-all/55gk2rcmfc6p2dg9u9ohc3hw9/gradle-3.3/lib/plugins/wagon-http-2.4.jar
7fb07b309000-7fb07b30a000 r--s 00002000 08:07 1189165                    /home/chivu/.gradle/wrapper/dists/gradle-3.3-all/55gk2rcmfc6p2dg9u9ohc3hw9/gradle-3.3/lib/plugins/wagon-file-2.4.jar
7fb07b30a000-7fb07b30c000 r--s 0000c000 08:07 1189164                    /home/chivu/.gradle/wrapper/dists/gradle-3.3-all/55gk2rcmfc6p2dg9u9ohc3hw9/gradle-3.3/lib/plugins/maven-aether-provider-3.0.4.jar
7fb07b30c000-7fb07b30e000 r--s 0000b000 08:07 1189163                    /home/chivu/.gradle/wrapper/dists/gradle-3.3-all/55gk2rcmfc6p2dg9u9ohc3hw9/gradle-3.3/lib/plugins/maven-plugin-api-3.0.4.jar
7fb07b30e000-7fb07b310000 r--s 00006000 08:07 1189162                    /home/chivu/.gradle/wrapper/dists/gradle-3.3-all/55gk2rcmfc6p2dg9u9ohc3hw9/gradle-3.3/lib/plugins/maven-repository-metadata-3.0.4.jar
7fb07b310000-7fb07b350000 r--s 00277000 08:07 1189146                    /home/chivu/.gradle/wrapper/dists/gradle-3.3-all/55gk2rcmfc6p2dg9u9ohc3hw9/gradle-3.3/lib/plugins/bcprov-jdk15on-1.51.jar
7fb07b350000-7fb07b366000 r-xp 00000000 08:07 529479                     /lib/x86_64-linux-gnu/libgcc_s.so.1
7fb07b366000-7fb07b565000 ---p 00016000 08:07 529479                     /lib/x86_64-linux-gnu/libgcc_s.so.1
7fb07b565000-7fb07b566000 rw-p 00015000 08:07 529479                     /lib/x86_64-linux-gnu/libgcc_s.so.1
7fb07b566000-7fb07b6d8000 r-xp 00000000 08:07 1312856                    /usr/lib/x86_64-linux-gnu/libstdc++.so.6.0.21
7fb07b6d8000-7fb07b8d8000 ---p 00172000 08:07 1312856                    /usr/lib/x86_64-linux-gnu/libstdc++.so.6.0.21
7fb07b8d8000-7fb07b8e2000 r--p 00172000 08:07 1312856                    /usr/lib/x86_64-linux-gnu/libstdc++.so.6.0.21
7fb07b8e2000-7fb07b8e4000 rw-p 0017c000 08:07 1312856                    /usr/lib/x86_64-linux-gnu/libstdc++.so.6.0.21
7fb07b8e4000-7fb07b8e8000 rw-p 00000000 00:00 0 
7fb07b8e8000-7fb07b8ed000 r-xp 00000000 08:07 932602                     /home/chivu/.gradle/native/23/linux-amd64/libnative-platform.so
7fb07b8ed000-7fb07baec000 ---p 00005000 08:07 932602                     /home/chivu/.gradle/native/23/linux-amd64/libnative-platform.so
7fb07baec000-7fb07baed000 rw-p 00004000 08:07 932602                     /home/chivu/.gradle/native/23/linux-amd64/libnative-platform.so
7fb07baed000-7fb07bafe000 r-xp 00000000 08:07 1201545                    /home/chivu/Downloads/android-studio-p/jre/jre/lib/amd64/libnio.so
7fb07bafe000-7fb07bcfd000 ---p 00011000 08:07 1201545                    /home/chivu/Downloads/android-studio-p/jre/jre/lib/amd64/libnio.so
7fb07bcfd000-7fb07bcfe000 r--p 00010000 08:07 1201545                    /home/chivu/Downloads/android-studio-p/jre/jre/lib/amd64/libnio.so
7fb07bcfe000-7fb07bcff000 rw-p 00011000 08:07 1201545                    /home/chivu/Downloads/android-studio-p/jre/jre/lib/amd64/libnio.so
7fb07bcff000-7fb07c000000 rw-p 00000000 00:00 0 
7fb07c000000-7fb07c054000 rw-p 00000000 00:00 0 
7fb07c054000-7fb080000000 ---p 00000000 00:00 0 
7fb080000000-7fb080002000 r--s 0000b000 08:07 1189161                    /home/chivu/.gradle/wrapper/dists/gradle-3.3-all/55gk2rcmfc6p2dg9u9ohc3hw9/gradle-3.3/lib/plugins/maven-artifact-3.0.4.jar
7fb080002000-7fb080004000 r--s 00026000 08:07 1189160                    /home/chivu/.gradle/wrapper/dists/gradle-3.3-all/55gk2rcmfc6p2dg9u9ohc3hw9/gradle-3.3/lib/plugins/maven-model-3.0.4.jar
7fb080004000-7fb080008000 r--s 00021000 08:07 1189159                    /home/chivu/.gradle/wrapper/dists/gradle-3.3-all/55gk2rcmfc6p2dg9u9ohc3hw9/gradle-3.3/lib/plugins/maven-model-builder-3.0.4.jar
7fb080008000-7fb08000e000 r--s 0003f000 08:07 1189158                    /home/chivu/.gradle/wrapper/dists/gradle-3.3-all/55gk2rcmfc6p2dg9u9ohc3hw9/gradle-3.3/lib/plugins/maven-compat-3.0.4.jar
7fb08000e000-7fb08000f000 r--s 00006000 08:07 1189157                    /home/chivu/.gradle/wrapper/dists/gradle-3.3-all/55gk2rcmfc6p2dg9u9ohc3hw9/gradle-3.3/lib/plugins/plexus-sec-dispatcher-1.3.jar
7fb08000f000-7fb080011000 r--s 00002000 08:07 1189156                    /home/chivu/.gradle/wrapper/dists/gradle-3.3-all/55gk2rcmfc6p2dg9u9ohc3hw9/gradle-3.3/lib/plugins/plexus-cipher-1.7.jar
7fb080011000-7fb080013000 r--s 0000a000 08:07 1189155                    /home/chivu/.gradle/wrapper/dists/gradle-3.3-all/55gk2rcmfc6p2dg9u9ohc3hw9/gradle-3.3/lib/plugins/plexus-classworlds-2.4.jar
7fb080013000-7fb08001a000 r--s 0002e000 08:07 1189154                    /home/chivu/.gradle/wrapper/dists/gradle-3.3-all/55gk2rcmfc6p2dg9u9ohc3hw9/gradle-3.3/lib/plugins/plexus-container-default-1.5.5.jar
7fb08001a000-7fb08001c000 r--s 00000000 08:07 1189181                    /home/chivu/.gradle/wrapper/dists/gradle-3.3-all/55gk2rcmfc6p2dg9u9ohc3hw9/gradle-3.3/lib/plugins/plexus-component-annotations-1.5.5.jar
7fb08001c000-7fb08001e000 r--s 0000d000 08:07 1189153                    /home/chivu/.gradle/wrapper/dists/gradle-3.3-all/55gk2rcmfc6p2dg9u9ohc3hw9/gradle-3.3/lib/plugins/plexus-interpolation-1.14.jar
7fb08001e000-7fb080022000 r--s 00033000 08:07 1189152                    /home/chivu/.gradle/wrapper/dists/gradle-3.3-all/55gk2rcmfc6p2dg9u9ohc3hw9/gradle-3.3/lib/plugins/plexus-utils-2.0.6.jar
7fb080022000-7fb080025000 r--s 00008000 08:07 1189151                    /home/chivu/.gradle/wrapper/dists/gradle-3.3-all/55gk2rcmfc6p2dg9u9ohc3hw9/gradle-3.3/lib/plugins/maven-settings-builder-3.0.4.jar
7fb080025000-7fb080027000 r--s 0000a000 08:07 1189150                    /home/chivu/.gradle/wrapper/dists/gradle-3.3-all/55gk2rcmfc6p2dg9u9ohc3hw9/gradle-3.3/lib/plugins/maven-settings-3.0.4.jar
7fb080027000-7fb08002c000 r--s 00040000 08:07 1189136                    /home/chivu/.gradle/wrapper/dists/gradle-3.3-all/55gk2rcmfc6p2dg9u9ohc3hw9/gradle-3.3/lib/plugins/jsch-0.1.53.jar
7fb08002c000-7fb080030000 r--s 0001d000 08:07 1189145                    /home/chivu/.gradle/wrapper/dists/gradle-3.3-all/55gk2rcmfc6p2dg9u9ohc3hw9/gradle-3.3/lib/plugins/xbean-reflect-3.4.jar
7fb080030000-7fb08003c000 r--s 0007d000 08:07 1189123                    /home/chivu/.gradle/wrapper/dists/gradle-3.3-all/55gk2rcmfc6p2dg9u9ohc3hw9/gradle-3.3/lib/plugins/maven-core-3.0.4.jar
7fb08003c000-7fb080041000 r--s 00034000 08:07 1189129                    /home/chivu/.gradle/wrapper/dists/gradle-3.3-all/55gk2rcmfc6p2dg9u9ohc3hw9/gradle-3.3/lib/plugins/gson-2.7.jar
7fb080041000-7fb080050000 r--s 000d9000 08:07 1189144                    /home/chivu/.gradle/wrapper/dists/gradle-3.3-all/55gk2rcmfc6p2dg9u9ohc3hw9/gradle-3.3/lib/plugins/ivy-2.2.0.jar
7fb080050000-7fb08006f000 r--s 000f6000 08:07 1189112                    /home/chivu/.gradle/wrapper/dists/gradle-3.3-all/55gk2rcmfc6p2dg9u9ohc3hw9/gradle-3.3/lib/plugins/gradle-dependency-management-3.3.jar
7fb08006f000-7fb080071000 r--s 00005000 08:07 1189111                    /home/chivu/.gradle/wrapper/dists/gradle-3.3-all/55gk2rcmfc6p2dg9u9ohc3hw9/gradle-3.3/lib/plugins/gradle-workers-3.3.jar
7fb080071000-7fb080088000 r-xp 00000000 08:07 1201544                    /home/chivu/Downloads/android-studio-p/jre/jre/lib/amd64/libnet.so
7fb080088000-7fb080287000 ---p 00017000 08:07 1201544                    /home/chivu/Downloads/android-studio-p/jre/jre/lib/amd64/libnet.so
7fb080287000-7fb080288000 r--p 00016000 08:07 1201544                    /home/chivu/Downloads/android-studio-p/jre/jre/lib/amd64/libnet.so
7fb080288000-7fb080289000 rw-p 00017000 08:07 1201544                    /home/chivu/Downloads/android-studio-p/jre/jre/lib/amd64/libnet.so
7fb080289000-7fb08028a000 r--s 00006000 08:07 1189015                    /home/chivu/.gradle/wrapper/dists/gradle-3.3-all/55gk2rcmfc6p2dg9u9ohc3hw9/gradle-3.3/lib/gradle-wrapper-3.3.jar
7fb08028a000-7fb080297000 r--s 00041000 08:07 1189022                    /home/chivu/.gradle/wrapper/dists/gradle-3.3-all/55gk2rcmfc6p2dg9u9ohc3hw9/gradle-3.3/lib/gradle-tooling-api-3.3.jar
7fb080297000-7fb080299000 r--s 00002000 08:07 1189042                    /home/chivu/.gradle/wrapper/dists/gradle-3.3-all/55gk2rcmfc6p2dg9u9ohc3hw9/gradle-3.3/lib/gradle-open-api-3.3.jar
7fb080299000-7fb08029f000 r--s 00032000 08:07 1189044                    /home/chivu/.gradle/wrapper/dists/gradle-3.3-all/55gk2rcmfc6p2dg9u9ohc3hw9/gradle-3.3/lib/jaxen-1.1.jar
7fb08029f000-7fb0802a4000 r--s 00048000 08:07 1189043                    /home/chivu/.gradle/wrapper/dists/gradle-3.3-all/55gk2rcmfc6p2dg9u9ohc3hw9/gradle-3.3/lib/dom4j-1.6.1.jar
7fb0802a4000-7fb0802af000 r--s 00059000 08:07 1189021                    /home/chivu/.gradle/wrapper/dists/gradle-3.3-all/55gk2rcmfc6p2dg9u9ohc3hw9/gradle-3.3/lib/gradle-ui-3.3.jar
7fb0802af000-7fb0802b8000 r--s 0008c000 08:07 1189013                    /home/chivu/.gradle/wrapper/dists/gradle-3.3-all/55gk2rcmfc6p2dg9u9ohc3hw9/gradle-3.3/lib/kotlin-stdlib-1.1-M02.jar
7fb0802b8000-7fb0802be000 r--s 0002a000 08:07 1189012                    /home/chivu/.gradle/wrapper/dists/gradle-3.3-all/55gk2rcmfc6p2dg9u9ohc3hw9/gradle-3.3/lib/kotlin-runtime-1.1-M02.jar
7fb0802be000-7fb0802f2000 r--s 00256000 08:07 1189011                    /home/chivu/.gradle/wrapper/dists/gradle-3.3-all/55gk2rcmfc6p2dg9u9ohc3hw9/gradle-3.3/lib/kotlin-reflect-1.1-M02.jar
7fb0802f2000-7fb080488000 r--s 0157e000 08:07 1189010                    /home/chivu/.gradle/wrapper/dists/gradle-3.3-all/55gk2rcmfc6p2dg9u9ohc3hw9/gradle-3.3/lib/kotlin-compiler-embeddable-1.1-M02.jar
7fb080488000-7fb080490000 r--s 0004e000 08:07 1189009                    /home/chivu/.gradle/wrapper/dists/gradle-3.3-all/55gk2rcmfc6p2dg9u9ohc3hw9/gradle-3.3/lib/gradle-script-kotlin-0.5.1.jar
7fb080490000-7fb080493000 r--s 0000b000 08:07 1189040                    /home/chivu/.gradle/wrapper/dists/gradle-3.3-all/55gk2rcmfc6p2dg9u9ohc3hw9/gradle-3.3/lib/gradle-resources-3.3.jar
7fb080493000-7fb080495000 r--s 00003000 08:07 1189049                    /home/chivu/.gradle/wrapper/dists/gradle-3.3-all/55gk2rcmfc6p2dg9u9ohc3hw9/gradle-3.3/lib/jcl-over-slf4j-1.7.10.jar
7fb080495000-7fb080496000 r--s 00005000 08:07 1189048                    /home/chivu/.gradle/wrapper/dists/gradle-3.3-all/55gk2rcmfc6p2dg9u9ohc3hw9/gradle-3.3/lib/log4j-over-slf4j-1.7.10.jar
7fb080496000-7fb080498000 r--s 00000000 08:07 1189047                    /home/chivu/.gradle/wrapper/dists/gradle-3.3-all/55gk2rcmfc6p2dg9u9ohc3hw9/gradle-3.3/lib/jul-to-slf4j-1.7.10.jar
7fb080498000-7fb08049d000 r--s 0001e000 08:07 1189024                    /home/chivu/.gradle/wrapper/dists/gradle-3.3-all/55gk2rcmfc6p2dg9u9ohc3hw9/gradle-3.3/lib/gradle-logging-3.3.jar
7fb08049d000-7fb08049f000 r--s 00007000 08:07 1189068                    /home/chivu/.gradle/wrapper/dists/gradle-3.3-all/55gk2rcmfc6p2dg9u9ohc3hw9/gradle-3.3/lib/objenesis-1.2.jar
7fb08049f000-7fb0804a1000 r--s 00000000 08:07 1189067                    /home/chivu/.gradle/wrapper/dists/gradle-3.3-all/55gk2rcmfc6p2dg9u9ohc3hw9/gradle-3.3/lib/minlog-1.2.jar
7fb0804a1000-7fb0804a3000 r--s 0000f000 08:07 1189066                    /home/chivu/.gradle/wrapper/dists/gradle-3.3-all/55gk2rcmfc6p2dg9u9ohc3hw9/gradle-3.3/lib/reflectasm-1.07-shaded.jar
7fb0804a3000-7fb0804a7000 r--s 00026000 08:07 1189051                    /home/chivu/.gradle/wrapper/dists/gradle-3.3-all/55gk2rcmfc6p2dg9u9ohc3hw9/gradle-3.3/lib/kryo-2.20.jar
7fb0804a7000-7fb0804ad000 r--s 00027000 08:07 1189039                    /home/chivu/.gradle/wrapper/dists/gradle-3.3-all/55gk2rcmfc6p2dg9u9ohc3hw9/gradle-3.3/lib/gradle-messaging-3.3.jar
7fb0804ad000-7fb0804ae000 r--s 00001000 08:07 1189065                    /home/chivu/.gradle/wrapper/dists/gradle-3.3-all/55gk2rcmfc6p2dg9u9ohc3hw9/gradle-3.3/lib/native-platform-linux-i386-ncurses6-0.12.jar
7fb0804ae000-7fb0804af000 r--s 00001000 08:07 1189064                    /home/chivu/.gradle/wrapper/dists/gradle-3.3-all/55gk2rcmfc6p2dg9u9ohc3hw9/gradle-3.3/lib/native-platform-linux-i386-ncurses5-0.12.jar
7fb0804af000-7fb0804b0000 r--s 00001000 08:07 1189063                    /home/chivu/.gradle/wrapper/dists/gradle-3.3-all/55gk2rcmfc6p2dg9u9ohc3hw9/gradle-3.3/lib/native-platform-linux-amd64-ncurses6-0.12.jar
7fb0804b0000-7fb080520000 r--s 00641000 08:07 1189029                    /home/chivu/.gradle/wrapper/dists/gradle-3.3-all/55gk2rcmfc6p2dg9u9ohc3hw9/gradle-3.3/lib/groovy-all-2.4.7.jar
7fb080520000-7fb080521000 ---p 00000000 00:00 0 
7fb080521000-7fb080621000 rw-p 00000000 00:00 0 
7fb080621000-7fb080624000 ---p 00000000 00:00 0 
7fb080624000-7fb080722000 rw-p 00000000 00:00 0 
7fb080722000-7fb080725000 ---p 00000000 00:00 0 
7fb080725000-7fb080823000 rw-p 00000000 00:00 0 
7fb080823000-7fb080826000 ---p 00000000 00:00 0 
7fb080826000-7fb080924000 rw-p 00000000 00:00 0 
7fb080924000-7fb080927000 ---p 00000000 00:00 0 
7fb080927000-7fb080a25000 rw-p 00000000 00:00 0 
7fb080a25000-7fb080a28000 ---p 00000000 00:00 0 
7fb080a28000-7fb080b26000 rw-p 00000000 00:00 0 
7fb080b26000-7fb080dfe000 r--p 00000000 08:07 1375560                    /usr/lib/locale/locale-archive
7fb080dfe000-7fb080e01000 ---p 00000000 00:00 0 
7fb080e01000-7fb080eff000 rw-p 00000000 00:00 0 
7fb080eff000-7fb080f02000 ---p 00000000 00:00 0 
7fb080f02000-7fb084000000 rw-p 00000000 00:00 0 
7fb084000000-7fb084122000 rw-p 00000000 00:00 0 
7fb084122000-7fb088000000 ---p 00000000 00:00 0 
7fb088000000-7fb088001000 r--s 00001000 08:07 1189062                    /home/chivu/.gradle/wrapper/dists/gradle-3.3-all/55gk2rcmfc6p2dg9u9ohc3hw9/gradle-3.3/lib/native-platform-linux-amd64-ncurses5-0.12.jar
7fb088001000-7fb088002000 r--s 0000b000 08:07 1189061                    /home/chivu/.gradle/wrapper/dists/gradle-3.3-all/55gk2rcmfc6p2dg9u9ohc3hw9/gradle-3.3/lib/native-platform-windows-i386-0.12.jar
7fb088002000-7fb088004000 r--s 0000b000 08:07 1189060                    /home/chivu/.gradle/wrapper/dists/gradle-3.3-all/55gk2rcmfc6p2dg9u9ohc3hw9/gradle-3.3/lib/native-platform-windows-amd64-0.12.jar
7fb088004000-7fb088006000 r--s 00002000 08:07 1189059                    /home/chivu/.gradle/wrapper/dists/gradle-3.3-all/55gk2rcmfc6p2dg9u9ohc3hw9/gradle-3.3/lib/native-platform-osx-i386-0.12.jar
7fb088006000-7fb088007000 r--s 00002000 08:07 1189058                    /home/chivu/.gradle/wrapper/dists/gradle-3.3-all/55gk2rcmfc6p2dg9u9ohc3hw9/gradle-3.3/lib/native-platform-osx-amd64-0.12.jar
7fb088007000-7fb088008000 r--s 00002000 08:07 1189057                    /home/chivu/.gradle/wrapper/dists/gradle-3.3-all/55gk2rcmfc6p2dg9u9ohc3hw9/gradle-3.3/lib/native-platform-linux-i386-0.12.jar
7fb088008000-7fb088009000 r--s 00002000 08:07 1189056                    /home/chivu/.gradle/wrapper/dists/gradle-3.3-all/55gk2rcmfc6p2dg9u9ohc3hw9/gradle-3.3/lib/native-platform-linux-amd64-0.12.jar
7fb088009000-7fb08800a000 r--s 00003000 08:07 1189055                    /home/chivu/.gradle/wrapper/dists/gradle-3.3-all/55gk2rcmfc6p2dg9u9ohc3hw9/gradle-3.3/lib/native-platform-freebsd-i386-libstdcpp-0.12.jar
7fb08800a000-7fb08800b000 r--s 00004000 08:07 1189054                    /home/chivu/.gradle/wrapper/dists/gradle-3.3-all/55gk2rcmfc6p2dg9u9ohc3hw9/gradle-3.3/lib/native-platform-freebsd-i386-libcpp-0.12.jar
7fb08800b000-7fb08800d000 r--s 00003000 08:07 1189053                    /home/chivu/.gradle/wrapper/dists/gradle-3.3-all/55gk2rcmfc6p2dg9u9ohc3hw9/gradle-3.3/lib/native-platform-freebsd-amd64-libstdcpp-0.12.jar
7fb08800d000-7fb08800e000 r--s 00004000 08:07 1189052                    /home/chivu/.gradle/wrapper/dists/gradle-3.3-all/55gk2rcmfc6p2dg9u9ohc3hw9/gradle-3.3/lib/native-platform-freebsd-amd64-libcpp-0.12.jar
7fb08800e000-7fb088011000 r--s 00023000 08:07 1189046                    /home/chivu/.gradle/wrapper/dists/gradle-3.3-all/55gk2rcmfc6p2dg9u9ohc3hw9/gradle-3.3/lib/jansi-1.14.jar
7fb088011000-7fb088015000 r--s 00011000 08:07 1189045                    /home/chivu/.gradle/wrapper/dists/gradle-3.3-all/55gk2rcmfc6p2dg9u9ohc3hw9/gradle-3.3/lib/native-platform-0.12.jar
7fb088015000-7fb088018000 r--s 0000a000 08:07 1189023                    /home/chivu/.gradle/wrapper/dists/gradle-3.3-all/55gk2rcmfc6p2dg9u9ohc3hw9/gradle-3.3/lib/gradle-native-3.3.jar
7fb088018000-7fb08801a000 r--s 00005000 08:07 1189020                    /home/chivu/.gradle/wrapper/dists/gradle-3.3-all/55gk2rcmfc6p2dg9u9ohc3hw9/gradle-3.3/lib/gradle-cli-3.3.jar
7fb08801a000-7fb08801c000 r--s 00007000 08:07 1189031                    /home/chivu/.gradle/wrapper/dists/gradle-3.3-all/55gk2rcmfc6p2dg9u9ohc3hw9/gradle-3.3/lib/gradle-model-groovy-3.3.jar
7fb08801c000-7fb08802b000 r--s 0007f000 08:07 1189030                    /home/chivu/.gradle/wrapper/dists/gradle-3.3-all/55gk2rcmfc6p2dg9u9ohc3hw9/gradle-3.3/lib/gradle-model-core-3.3.jar
7fb08802b000-7fb088053000 r--s 001cf000 08:07 1189026                    /home/chivu/.gradle/wrapper/dists/gradle-3.3-all/55gk2rcmfc6p2dg9u9ohc3hw9/gradle-3.3/lib/guava-jdk5-17.0.jar
7fb088053000-7fb088072000 r--s 001d1000 08:07 1189033                    /home/chivu/.gradle/wrapper/dists/gradle-3.3-all/55gk2rcmfc6p2dg9u9ohc3hw9/gradle-3.3/lib/ant-1.9.6.jar
7fb088072000-7fb0880af000 r--s 001f8000 08:07 1189019                    /home/chivu/.gradle/wrapper/dists/gradle-3.3-all/55gk2rcmfc6p2dg9u9ohc3hw9/gradle-3.3/lib/gradle-core-3.3.jar
7fb0880af000-7fb0880b0000 ---p 00000000 00:00 0 
7fb0880b0000-7fb089000000 rw-p 00000000 00:00 0 
7fb089000000-7fb08ada0000 rwxp 00000000 00:00 0 
7fb08ada0000-7fb098000000 ---p 00000000 00:00 0 
7fb098000000-7fb098cbb000 rw-p 00000000 00:00 0 
7fb098cbb000-7fb09c000000 ---p 00000000 00:00 0 
7fb09c000000-7fb09c002000 r--s 00006000 08:07 1189038                    /home/chivu/.gradle/wrapper/dists/gradle-3.3-all/55gk2rcmfc6p2dg9u9ohc3hw9/gradle-3.3/lib/gradle-base-services-groovy-3.3.jar
7fb09c002000-7fb09c003000 r--s 00002000 08:07 1189041                    /home/chivu/.gradle/wrapper/dists/gradle-3.3-all/55gk2rcmfc6p2dg9u9ohc3hw9/gradle-3.3/lib/gradle-docs-3.3.jar
7fb09c003000-7fb09c010000 r--s 00083000 08:07 1189034                    /home/chivu/.gradle/wrapper/dists/gradle-3.3-all/55gk2rcmfc6p2dg9u9ohc3hw9/gradle-3.3/lib/commons-collections-3.2.2.jar
7fb09c010000-7fb09c1a1000 rw-p 00000000 00:00 0 
7fb09c1a1000-7fb09c370000 r--s 03c1b000 08:07 1201515                    /home/chivu/Downloads/android-studio-p/jre/jre/lib/rt.jar
7fb09c370000-7fb09cee6000 rw-p 00000000 00:00 0 
7fb09cee6000-7fb09cee7000 ---p 00000000 00:00 0 
7fb09cee7000-7fb09cfe7000 rw-p 00000000 00:00 0 
7fb09cfe7000-7fb09cfe8000 ---p 00000000 00:00 0 
7fb09cfe8000-7fb09d0e8000 rw-p 00000000 00:00 0 
7fb09d0e8000-7fb09d0e9000 ---p 00000000 00:00 0 
7fb09d0e9000-7fb09d1e9000 rw-p 00000000 00:00 0 
7fb09d1e9000-7fb09d1ea000 ---p 00000000 00:00 0 
7fb09d1ea000-7fb09d43b000 rw-p 00000000 00:00 0 
7fb09d43b000-7fb09d4ea000 ---p 00000000 00:00 0 
7fb09d4ea000-7fb09d63b000 rw-p 00000000 00:00 0 
7fb09d63b000-7fb09d6ea000 ---p 00000000 00:00 0 
7fb09d6ea000-7fb09d7ea000 rw-p 00000000 00:00 0 
7fb09d7ea000-7fb09d862000 rw-p 00000000 00:00 0 
7fb09d862000-7fb09dbab000 ---p 00000000 00:00 0 
7fb09dbab000-7fb09dbc5000 r-xp 00000000 08:07 1201530                    /home/chivu/Downloads/android-studio-p/jre/jre/lib/amd64/libzip.so
7fb09dbc5000-7fb09ddc5000 ---p 0001a000 08:07 1201530                    /home/chivu/Downloads/android-studio-p/jre/jre/lib/amd64/libzip.so
7fb09ddc5000-7fb09ddc6000 r--p 0001a000 08:07 1201530                    /home/chivu/Downloads/android-studio-p/jre/jre/lib/amd64/libzip.so
7fb09ddc6000-7fb09ddc7000 rw-p 0001b000 08:07 1201530                    /home/chivu/Downloads/android-studio-p/jre/jre/lib/amd64/libzip.so
7fb09ddc7000-7fb09ddd2000 r-xp 00000000 08:07 524372                     /lib/x86_64-linux-gnu/libnss_files-2.23.so
7fb09ddd2000-7fb09dfd1000 ---p 0000b000 08:07 524372                     /lib/x86_64-linux-gnu/libnss_files-2.23.so
7fb09dfd1000-7fb09dfd2000 r--p 0000a000 08:07 524372                     /lib/x86_64-linux-gnu/libnss_files-2.23.so
7fb09dfd2000-7fb09dfd3000 rw-p 0000b000 08:07 524372                     /lib/x86_64-linux-gnu/libnss_files-2.23.so
7fb09dfd3000-7fb09dfd9000 rw-p 00000000 00:00 0 
7fb09dfd9000-7fb09dfe4000 r-xp 00000000 08:07 524375                     /lib/x86_64-linux-gnu/libnss_nis-2.23.so
7fb09dfe4000-7fb09e1e3000 ---p 0000b000 08:07 524375                     /lib/x86_64-linux-gnu/libnss_nis-2.23.so
7fb09e1e3000-7fb09e1e4000 r--p 0000a000 08:07 524375                     /lib/x86_64-linux-gnu/libnss_nis-2.23.so
7fb09e1e4000-7fb09e1e5000 rw-p 0000b000 08:07 524375                     /lib/x86_64-linux-gnu/libnss_nis-2.23.so
7fb09e1e5000-7fb09e1fb000 r-xp 00000000 08:07 524302                     /lib/x86_64-linux-gnu/libnsl-2.23.so
7fb09e1fb000-7fb09e3fa000 ---p 00016000 08:07 524302                     /lib/x86_64-linux-gnu/libnsl-2.23.so
7fb09e3fa000-7fb09e3fb000 r--p 00015000 08:07 524302                     /lib/x86_64-linux-gnu/libnsl-2.23.so
7fb09e3fb000-7fb09e3fc000 rw-p 00016000 08:07 524302                     /lib/x86_64-linux-gnu/libnsl-2.23.so
7fb09e3fc000-7fb09e3fe000 rw-p 00000000 00:00 0 
7fb09e3fe000-7fb09e406000 r-xp 00000000 08:07 524381                     /lib/x86_64-linux-gnu/libnss_compat-2.23.so
7fb09e406000-7fb09e605000 ---p 00008000 08:07 524381                     /lib/x86_64-linux-gnu/libnss_compat-2.23.so
7fb09e605000-7fb09e606000 r--p 00007000 08:07 524381                     /lib/x86_64-linux-gnu/libnss_compat-2.23.so
7fb09e606000-7fb09e607000 rw-p 00008000 08:07 524381                     /lib/x86_64-linux-gnu/libnss_compat-2.23.so
7fb09e607000-7fb09e634000 r-xp 00000000 08:07 1201547                    /home/chivu/Downloads/android-studio-p/jre/jre/lib/amd64/libjava.so
7fb09e634000-7fb09e833000 ---p 0002d000 08:07 1201547                    /home/chivu/Downloads/android-studio-p/jre/jre/lib/amd64/libjava.so
7fb09e833000-7fb09e834000 r--p 0002c000 08:07 1201547                    /home/chivu/Downloads/android-studio-p/jre/jre/lib/amd64/libjava.so
7fb09e834000-7fb09e836000 rw-p 0002d000 08:07 1201547                    /home/chivu/Downloads/android-studio-p/jre/jre/lib/amd64/libjava.so
7fb09e836000-7fb09e846000 r-xp 00000000 08:07 1201520                    /home/chivu/Downloads/android-studio-p/jre/jre/lib/amd64/libverify.so
7fb09e846000-7fb09ea45000 ---p 00010000 08:07 1201520                    /home/chivu/Downloads/android-studio-p/jre/jre/lib/amd64/libverify.so
7fb09ea45000-7fb09ea47000 r--p 0000f000 08:07 1201520                    /home/chivu/Downloads/android-studio-p/jre/jre/lib/amd64/libverify.so
7fb09ea47000-7fb09ea48000 rw-p 00011000 08:07 1201520                    /home/chivu/Downloads/android-studio-p/jre/jre/lib/amd64/libverify.so
7fb09ea48000-7fb09ea4f000 r-xp 00000000 08:07 524377                     /lib/x86_64-linux-gnu/librt-2.23.so
7fb09ea4f000-7fb09ec4e000 ---p 00007000 08:07 524377                     /lib/x86_64-linux-gnu/librt-2.23.so
7fb09ec4e000-7fb09ec4f000 r--p 00006000 08:07 524377                     /lib/x86_64-linux-gnu/librt-2.23.so
7fb09ec4f000-7fb09ec50000 rw-p 00007000 08:07 524377                     /lib/x86_64-linux-gnu/librt-2.23.so
7fb09ec50000-7fb09ed58000 r-xp 00000000 08:07 524386                     /lib/x86_64-linux-gnu/libm-2.23.so
7fb09ed58000-7fb09ef57000 ---p 00108000 08:07 524386                     /lib/x86_64-linux-gnu/libm-2.23.so
7fb09ef57000-7fb09ef58000 r--p 00107000 08:07 524386                     /lib/x86_64-linux-gnu/libm-2.23.so
7fb09ef58000-7fb09ef59000 rw-p 00108000 08:07 524386                     /lib/x86_64-linux-gnu/libm-2.23.so
7fb09ef59000-7fb09fb4a000 r-xp 00000000 08:07 1201528                    /home/chivu/Downloads/android-studio-p/jre/jre/lib/amd64/server/libjvm.so
7fb09fb4a000-7fb09fd4a000 ---p 00bf1000 08:07 1201528                    /home/chivu/Downloads/android-studio-p/jre/jre/lib/amd64/server/libjvm.so
7fb09fd4a000-7fb09fde9000 r--p 00bf1000 08:07 1201528                    /home/chivu/Downloads/android-studio-p/jre/jre/lib/amd64/server/libjvm.so
7fb09fde9000-7fb09fe12000 rw-p 00c90000 08:07 1201528                    /home/chivu/Downloads/android-studio-p/jre/jre/lib/amd64/server/libjvm.so
7fb09fe12000-7fb09fe56000 rw-p 00000000 00:00 0 
7fb09fe56000-7fb09fe6e000 r-xp 00000000 08:07 524374                     /lib/x86_64-linux-gnu/libpthread-2.23.so
7fb09fe6e000-7fb0a006d000 ---p 00018000 08:07 524374                     /lib/x86_64-linux-gnu/libpthread-2.23.so
7fb0a006d000-7fb0a006e000 r--p 00017000 08:07 524374                     /lib/x86_64-linux-gnu/libpthread-2.23.so
7fb0a006e000-7fb0a006f000 rw-p 00018000 08:07 524374                     /lib/x86_64-linux-gnu/libpthread-2.23.so
7fb0a006f000-7fb0a0073000 rw-p 00000000 00:00 0 
7fb0a0073000-7fb0a0076000 r-xp 00000000 08:07 524380                     /lib/x86_64-linux-gnu/libdl-2.23.so
7fb0a0076000-7fb0a0275000 ---p 00003000 08:07 524380                     /lib/x86_64-linux-gnu/libdl-2.23.so
7fb0a0275000-7fb0a0276000 r--p 00002000 08:07 524380                     /lib/x86_64-linux-gnu/libdl-2.23.so
7fb0a0276000-7fb0a0277000 rw-p 00003000 08:07 524380                     /lib/x86_64-linux-gnu/libdl-2.23.so
7fb0a0277000-7fb0a0437000 r-xp 00000000 08:07 524518                     /lib/x86_64-linux-gnu/libc-2.23.so
7fb0a0437000-7fb0a0637000 ---p 001c0000 08:07 524518                     /lib/x86_64-linux-gnu/libc-2.23.so
7fb0a0637000-7fb0a063b000 r--p 001c0000 08:07 524518                     /lib/x86_64-linux-gnu/libc-2.23.so
7fb0a063b000-7fb0a063d000 rw-p 001c4000 08:07 524518                     /lib/x86_64-linux-gnu/libc-2.23.so
7fb0a063d000-7fb0a0641000 rw-p 00000000 00:00 0 
7fb0a0641000-7fb0a0657000 r-xp 00000000 08:07 1201477                    /home/chivu/Downloads/android-studio-p/jre/lib/amd64/jli/libjli.so
7fb0a0657000-7fb0a0856000 ---p 00016000 08:07 1201477                    /home/chivu/Downloads/android-studio-p/jre/lib/amd64/jli/libjli.so
7fb0a0856000-7fb0a0857000 r--p 00015000 08:07 1201477                    /home/chivu/Downloads/android-studio-p/jre/lib/amd64/jli/libjli.so
7fb0a0857000-7fb0a0858000 rw-p 00016000 08:07 1201477                    /home/chivu/Downloads/android-studio-p/jre/lib/amd64/jli/libjli.so
7fb0a0858000-7fb0a087e000 r-xp 00000000 08:07 524305                     /lib/x86_64-linux-gnu/ld-2.23.so
7fb0a087e000-7fb0a087f000 r--s 00000000 08:07 1189037                    /home/chivu/.gradle/wrapper/dists/gradle-3.3-all/55gk2rcmfc6p2dg9u9ohc3hw9/gradle-3.3/lib/javax.inject-1.jar
7fb0a087f000-7fb0a0880000 r--s 00000000 08:07 1189036                    /home/chivu/.gradle/wrapper/dists/gradle-3.3-all/55gk2rcmfc6p2dg9u9ohc3hw9/gradle-3.3/lib/jcip-annotations-1.0.jar
7fb0a0880000-7fb0a0884000 r--s 00027000 08:07 1189035                    /home/chivu/.gradle/wrapper/dists/gradle-3.3-all/55gk2rcmfc6p2dg9u9ohc3hw9/gradle-3.3/lib/commons-io-2.2.jar
7fb0a0884000-7fb0a0889000 r--s 00038000 08:07 1189032                    /home/chivu/.gradle/wrapper/dists/gradle-3.3-all/55gk2rcmfc6p2dg9u9ohc3hw9/gradle-3.3/lib/asm-all-5.1.jar
7fb0a0889000-7fb0a088a000 r--s 00001000 08:07 1189028                    /home/chivu/.gradle/wrapper/dists/gradle-3.3-all/55gk2rcmfc6p2dg9u9ohc3hw9/gradle-3.3/lib/gradle-process-services-3.3.jar
7fb0a088a000-7fb0a088f000 r--s 00041000 08:07 1189027                    /home/chivu/.gradle/wrapper/dists/gradle-3.3-all/55gk2rcmfc6p2dg9u9ohc3hw9/gradle-3.3/lib/commons-lang-2.6.jar
7fb0a088f000-7fb0a0898000 r--s 00042000 08:07 1189017                    /home/chivu/.gradle/wrapper/dists/gradle-3.3-all/55gk2rcmfc6p2dg9u9ohc3hw9/gradle-3.3/lib/gradle-base-services-3.3.jar
7fb0a0898000-7fb0a095a000 rw-p 00000000 00:00 0 
7fb0a095a000-7fb0a095d000 ---p 00000000 00:00 0 
7fb0a095d000-7fb0a0a5f000 rw-p 00000000 00:00 0 
7fb0a0a5f000-7fb0a0a61000 r--s 00000000 08:07 1189018                    /home/chivu/.gradle/wrapper/dists/gradle-3.3-all/55gk2rcmfc6p2dg9u9ohc3hw9/gradle-3.3/lib/gradle-jvm-services-3.3.jar
7fb0a0a61000-7fb0a0a62000 r--s 00000000 08:07 1189183                    /home/chivu/.gradle/wrapper/dists/gradle-3.3-all/55gk2rcmfc6p2dg9u9ohc3hw9/gradle-3.3/lib/gradle-version-info-3.3.jar
7fb0a0a62000-7fb0a0a63000 r--s 00007000 08:07 1189025                    /home/chivu/.gradle/wrapper/dists/gradle-3.3-all/55gk2rcmfc6p2dg9u9ohc3hw9/gradle-3.3/lib/slf4j-api-1.7.10.jar
7fb0a0a63000-7fb0a0a64000 r--s 00004000 08:07 1189050                    /home/chivu/.gradle/wrapper/dists/gradle-3.3-all/55gk2rcmfc6p2dg9u9ohc3hw9/gradle-3.3/lib/ant-launcher-1.9.6.jar
7fb0a0a64000-7fb0a0a71000 r--s 0005c000 08:07 1189014                    /home/chivu/.gradle/wrapper/dists/gradle-3.3-all/55gk2rcmfc6p2dg9u9ohc3hw9/gradle-3.3/lib/gradle-launcher-3.3.jar
7fb0a0a71000-7fb0a0a79000 rw-s 00000000 08:07 283101                     /tmp/hsperfdata_chivu/4429
7fb0a0a79000-7fb0a0a7a000 rw-p 00000000 00:00 0 
7fb0a0a7a000-7fb0a0a7b000 ---p 00000000 00:00 0 
7fb0a0a7b000-7fb0a0a7d000 rw-p 00000000 00:00 0 
7fb0a0a7d000-7fb0a0a7e000 r--p 00025000 08:07 524305                     /lib/x86_64-linux-gnu/ld-2.23.so
7fb0a0a7e000-7fb0a0a7f000 rw-p 00026000 08:07 524305                     /lib/x86_64-linux-gnu/ld-2.23.so
7fb0a0a7f000-7fb0a0a80000 rw-p 00000000 00:00 0 
7ffcf125b000-7ffcf127c000 rw-p 00000000 00:00 0                          [stack]
7ffcf12dc000-7ffcf12de000 r--p 00000000 00:00 0                          [vvar]
7ffcf12de000-7ffcf12e0000 r-xp 00000000 00:00 0                          [vdso]
ffffffffff600000-ffffffffff601000 r-xp 00000000 00:00 0                  [vsyscall]

VM Arguments:
jvm_args: -Xmx1536m -Dfile.encoding=UTF-8 -Duser.country=IN -Duser.language=en -Duser.variant 
java_command: org.gradle.launcher.daemon.bootstrap.GradleDaemon 3.3
java_class_path (initial): /home/chivu/.gradle/wrapper/dists/gradle-3.3-all/55gk2rcmfc6p2dg9u9ohc3hw9/gradle-3.3/lib/gradle-launcher-3.3.jar
Launcher Type: SUN_STANDARD

Environment Variables:
JAVA_HOME=/usr/lib/jvm/java-8-oracle
PATH=/home/chivu/bin:/home/chivu/.local/bin:/usr/local/sbin:/usr/local/bin:/usr/sbin:/usr/bin:/sbin:/bin:/usr/games:/usr/local/games:/snap/bin:/usr/lib/jvm/java-8-oracle/bin:/usr/lib/jvm/java-8-oracle/db/bin:/usr/lib/jvm/java-8-oracle/jre/bin
LD_LIBRARY_PATH=/home/chivu/Downloads/android-studio-p/bin:
SHELL=/bin/bash
DISPLAY=:0

Signal Handlers:
SIGSEGV: [libjvm.so+0x9e5150], sa_mask[0]=11111111011111111101111111111110, sa_flags=SA_RESTART|SA_SIGINFO
SIGBUS: [libjvm.so+0x9e5150], sa_mask[0]=11111111011111111101111111111110, sa_flags=SA_RESTART|SA_SIGINFO
SIGFPE: [libjvm.so+0x848450], sa_mask[0]=11111111011111111101111111111110, sa_flags=SA_RESTART|SA_SIGINFO
SIGPIPE: [libjvm.so+0x848450], sa_mask[0]=11111111011111111101111111111110, sa_flags=SA_RESTART|SA_SIGINFO
SIGXFSZ: [libjvm.so+0x848450], sa_mask[0]=11111111011111111101111111111110, sa_flags=SA_RESTART|SA_SIGINFO
SIGILL: [libjvm.so+0x848450], sa_mask[0]=11111111011111111101111111111110, sa_flags=SA_RESTART|SA_SIGINFO
SIGUSR1: SIG_DFL, sa_mask[0]=00000000000000000000000000000000, sa_flags=none
SIGUSR2: [libjvm.so+0x848320], sa_mask[0]=00100000000000000000000000000000, sa_flags=SA_RESTART|SA_SIGINFO
SIGHUP: [libjvm.so+0x848510], sa_mask[0]=11111111011111111101111111111110, sa_flags=SA_RESTART|SA_SIGINFO
SIGINT: [libjvm.so+0x848510], sa_mask[0]=11111111011111111101111111111110, sa_flags=SA_RESTART|SA_SIGINFO
SIGTERM: [libjvm.so+0x848510], sa_mask[0]=11111111011111111101111111111110, sa_flags=SA_RESTART|SA_SIGINFO
SIGQUIT: [libjvm.so+0x848510], sa_mask[0]=11111111011111111101111111111110, sa_flags=SA_RESTART|SA_SIGINFO


---------------  S Y S T E M  ---------------

OS:DISTRIB_ID=Ubuntu
DISTRIB_RELEASE=16.04
DISTRIB_CODENAME=xenial
DISTRIB_DESCRIPTION="Ubuntu 16.04.2 LTS"

uname:Linux 4.4.0-83-generic #106-Ubuntu SMP Mon Jun 26 17:54:43 UTC 2017 x86_64
libc:glibc 2.23 NPTL 2.23 
rlimit: STACK 8192k, CORE 0k, NPROC 15360, NOFILE 65536, AS infinity
load average:5.06 3.52 2.47

/proc/meminfo:
MemTotal:        3972820 kB
MemFree:          126820 kB
MemAvailable:      77520 kB
Buffers:           10992 kB
Cached:           243584 kB
SwapCached:          508 kB
Active:          2680408 kB
Inactive:        1004092 kB
Active(anon):    2627272 kB
Inactive(anon):   954364 kB
Active(file):      53136 kB
Inactive(file):    49728 kB
Unevictable:         136 kB
Mlocked:             136 kB
SwapTotal:          1020 kB
SwapFree:              0 kB
Dirty:               136 kB
Writeback:             0 kB
AnonPages:       3429852 kB
Mapped:           105272 kB
Shmem:            151460 kB
Slab:              78088 kB
SReclaimable:      43532 kB
SUnreclaim:        34556 kB
KernelStack:        8528 kB
PageTables:        32516 kB
NFS_Unstable:          0 kB
Bounce:                0 kB
WritebackTmp:          0 kB
CommitLimit:     1987428 kB
Committed_AS:    6482744 kB
VmallocTotal:   34359738367 kB
VmallocUsed:           0 kB
VmallocChunk:          0 kB
HardwareCorrupted:     0 kB
AnonHugePages:   1736704 kB
CmaTotal:              0 kB
CmaFree:               0 kB
HugePages_Total:       0
HugePages_Free:        0
HugePages_Rsvd:        0
HugePages_Surp:        0
Hugepagesize:       2048 kB
DirectMap4k:      152320 kB
DirectMap2M:     3969024 kB
DirectMap1G:     1048576 kB


CPU:total 4 (2 cores per cpu, 2 threads per core) family 6 model 69 stepping 1, cmov, cx8, fxsr, mmx, sse, sse2, sse3, ssse3, sse4.1, sse4.2, popcnt, avx, avx2, aes, clmul, erms, lzcnt, ht, tsc, tscinvbit, bmi1, bmi2

/proc/cpuinfo:
processor	: 0
vendor_id	: GenuineIntel
cpu family	: 6
model		: 69
model name	: Intel(R) Core(TM) i3-4030U CPU @ 1.90GHz
stepping	: 1
microcode	: 0x1d
cpu MHz		: 1800.027
cache size	: 3072 KB
physical id	: 0
siblings	: 4
core id		: 0
cpu cores	: 2
apicid		: 0
initial apicid	: 0
fpu		: yes
fpu_exception	: yes
cpuid level	: 13
wp		: yes
flags		: fpu vme de pse tsc msr pae mce cx8 apic sep mtrr pge mca cmov pat pse36 clflush dts acpi mmx fxsr sse sse2 ss ht tm pbe syscall nx pdpe1gb rdtscp lm constant_tsc arch_perfmon pebs bts rep_good nopl xtopology nonstop_tsc aperfmperf eagerfpu pni pclmulqdq dtes64 monitor ds_cpl vmx est tm2 ssse3 sdbg fma cx16 xtpr pdcm pcid sse4_1 sse4_2 x2apic movbe popcnt tsc_deadline_timer aes xsave avx f16c rdrand lahf_lm abm epb tpr_shadow vnmi flexpriority ept vpid fsgsbase tsc_adjust bmi1 avx2 smep bmi2 erms invpcid xsaveopt dtherm arat pln pts
bugs		:
bogomips	: 3791.11
clflush size	: 64
cache_alignment	: 64
address sizes	: 39 bits physical, 48 bits virtual
power management:

processor	: 1
vendor_id	: GenuineIntel
cpu family	: 6
model		: 69
model name	: Intel(R) Core(TM) i3-4030U CPU @ 1.90GHz
stepping	: 1
microcode	: 0x1d
cpu MHz		: 1799.953
cache size	: 3072 KB
physical id	: 0
siblings	: 4
core id		: 0
cpu cores	: 2
apicid		: 1
initial apicid	: 1
fpu		: yes
fpu_exception	: yes
cpuid level	: 13
wp		: yes
flags		: fpu vme de pse tsc msr pae mce cx8 apic sep mtrr pge mca cmov pat pse36 clflush dts acpi mmx fxsr sse sse2 ss ht tm pbe syscall nx pdpe1gb rdtscp lm constant_tsc arch_perfmon pebs bts rep_good nopl xtopology nonstop_tsc aperfmperf eagerfpu pni pclmulqdq dtes64 monitor ds_cpl vmx est tm2 ssse3 sdbg fma cx16 xtpr pdcm pcid sse4_1 sse4_2 x2apic movbe popcnt tsc_deadline_timer aes xsave avx f16c rdrand lahf_lm abm epb tpr_shadow vnmi flexpriority ept vpid fsgsbase tsc_adjust bmi1 avx2 smep bmi2 erms invpcid xsaveopt dtherm arat pln pts
bugs		:
bogomips	: 3791.11
clflush size	: 64
cache_alignment	: 64
address sizes	: 39 bits physical, 48 bits virtual
power management:

processor	: 2
vendor_id	: GenuineIntel
cpu family	: 6
model		: 69
model name	: Intel(R) Core(TM) i3-4030U CPU @ 1.90GHz
stepping	: 1
microcode	: 0x1d
cpu MHz		: 1626.726
cache size	: 3072 KB
physical id	: 0
siblings	: 4
core id		: 1
cpu cores	: 2
apicid		: 2
initial apicid	: 2
fpu		: yes
fpu_exception	: yes
cpuid level	: 13
wp		: yes
flags		: fpu vme de pse tsc msr pae mce cx8 apic sep mtrr pge mca cmov pat pse36 clflush dts acpi mmx fxsr sse sse2 ss ht tm pbe syscall nx pdpe1gb rdtscp lm constant_tsc arch_perfmon pebs bts rep_good nopl xtopology nonstop_tsc aperfmperf eagerfpu pni pclmulqdq dtes64 monitor ds_cpl vmx est tm2 ssse3 sdbg fma cx16 xtpr pdcm pcid sse4_1 sse4_2 x2apic movbe popcnt tsc_deadline_timer aes xsave avx f16c rdrand lahf_lm abm epb tpr_shadow vnmi flexpriority ept vpid fsgsbase tsc_adjust bmi1 avx2 smep bmi2 erms invpcid xsaveopt dtherm arat pln pts
bugs		:
bogomips	: 3791.11
clflush size	: 64
cache_alignment	: 64
address sizes	: 39 bits physical, 48 bits virtual
power management:

processor	: 3
vendor_id	: GenuineIntel
cpu family	: 6
model		: 69
model name	: Intel(R) Core(TM) i3-4030U CPU @ 1.90GHz
stepping	: 1
microcode	: 0x1d
cpu MHz		: 1800.101
cache size	: 3072 KB
physical id	: 0
siblings	: 4
core id		: 1
cpu cores	: 2
apicid		: 3
initial apicid	: 3
fpu		: yes
fpu_exception	: yes
cpuid level	: 13
wp		: yes
flags		: fpu vme de pse tsc msr pae mce cx8 apic sep mtrr pge mca cmov pat pse36 clflush dts acpi mmx fxsr sse sse2 ss ht tm pbe syscall nx pdpe1gb rdtscp lm constant_tsc arch_perfmon pebs bts rep_good nopl xtopology nonstop_tsc aperfmperf eagerfpu pni pclmulqdq dtes64 monitor ds_cpl vmx est tm2 ssse3 sdbg fma cx16 xtpr pdcm pcid sse4_1 sse4_2 x2apic movbe popcnt tsc_deadline_timer aes xsave avx f16c rdrand lahf_lm abm epb tpr_shadow vnmi flexpriority ept vpid fsgsbase tsc_adjust bmi1 avx2 smep bmi2 erms invpcid xsaveopt dtherm arat pln pts
bugs		:
bogomips	: 3791.11
clflush size	: 64
cache_alignment	: 64
address sizes	: 39 bits physical, 48 bits virtual
power management:



Memory: 4k page, physical 3972820k(126820k free), swap 1020k(0k free)

vm_info: OpenJDK 64-Bit Server VM (25.112-b06) for linux-amd64 JRE (1.8.0_112-release-b06), built on Dec  6 2016 12:11:18 by "builder" with gcc 4.8.4

time: Mon Jul 24 11:52:36 2017
elapsed time: 57 seconds (0d 0h 0m 57s)

