#
# There is insufficient memory for the Java Runtime Environment to continue.
# Native memory allocation (mmap) failed to map 221249536 bytes for committing reserved memory.
# Possible reasons:
#   The system is out of physical RAM or swap space
#   In 32 bit mode, the process size limit was hit
# Possible solutions:
#   Reduce memory load on the system
#   Increase physical memory or swap space
#   Check if swap backing store is full
#   Use 64 bit Java on a 64 bit OS
#   Decrease Java heap size (-Xmx/-Xms)
#   Decrease number of Java threads
#   Decrease Java thread stack sizes (-Xss)
#   Set larger code cache with -XX:ReservedCodeCacheSize=
# This output file may be truncated or incomplete.
#
#  Out of Memory Error (os_linux.cpp:2627), pid=5170, tid=0x00007f6e945f5700
#
# JRE version: OpenJDK Runtime Environment (8.0_112-b06) (build 1.8.0_112-release-b06)
# Java VM: OpenJDK 64-Bit Server VM (25.112-b06 mixed mode linux-amd64 compressed oops)
# Failed to write core dump. Core dumps have been disabled. To enable core dumping, try "ulimit -c unlimited" before starting Java again
#

---------------  T H R E A D  ---------------

Current thread (0x00007f6ea4077800):  VMThread [stack: 0x00007f6e944f5000,0x00007f6e945f6000] [id=5180]

Stack: [0x00007f6e944f5000,0x00007f6e945f6000],  sp=0x00007f6e945f44d0,  free space=1021k
Native frames: (J=compiled Java code, j=interpreted, Vv=VM code, C=native code)
V  [libjvm.so+0x9e465d]  VMError::report_and_die()+0x15d
V  [libjvm.so+0x4b6ada]  report_vm_out_of_memory(char const*, int, unsigned long, VMErrorType, char const*)+0x8a
V  [libjvm.so+0x84c860]  os::pd_commit_memory(char*, unsigned long, unsigned long, bool)+0xf0
V  [libjvm.so+0x84737f]  os::commit_memory(char*, unsigned long, unsigned long, bool)+0x1f
V  [libjvm.so+0x8bd3db]  PSVirtualSpace::expand_by(unsigned long)+0x5b
V  [libjvm.so+0x8ae1bb]  PSOldGen::expand_by(unsigned long) [clone .part.109]+0x1b
V  [libjvm.so+0x8ae37b]  PSOldGen::expand(unsigned long) [clone .part.111]+0xdb
V  [libjvm.so+0x8aec58]  PSOldGen::resize(unsigned long)+0x188
V  [libjvm.so+0x8b426c]  PSParallelCompact::invoke_no_policy(bool)+0x97c
V  [libjvm.so+0x8bb37d]  PSScavenge::invoke()+0x17d
V  [libjvm.so+0x86fcf3]  ParallelScavengeHeap::failed_mem_allocate(unsigned long)+0x63
V  [libjvm.so+0x9e6124]  VM_ParallelGCFailedAllocation::doit()+0x84
V  [libjvm.so+0x9ea537]  VM_Operation::evaluate()+0x47
V  [libjvm.so+0x9e8ff8]  VMThread::evaluate_operation(VM_Operation*)+0x2c8
V  [libjvm.so+0x9e9479]  VMThread::loop()+0x219
V  [libjvm.so+0x9e98c2]  VMThread::run()+0x72
V  [libjvm.so+0x849c82]  java_start(Thread*)+0xf2

VM_Operation (0x00007f6e27dfc130): ParallelGCFailedAllocation, mode: safepoint, requested by thread 0x00007f6e200cd800


---------------  P R O C E S S  ---------------

Java Threads: ( => current thread )
  0x00007f6e200cf000 JavaThread "pool-6-thread-4" [_thread_blocked, id=5221, stack(0x00007f6e27722000,0x00007f6e27823000)]
  0x00007f6e200cd800 JavaThread "pool-6-thread-3" [_thread_blocked, id=5220, stack(0x00007f6e27cfd000,0x00007f6e27dfe000)]
  0x00007f6e200cc800 JavaThread "pool-6-thread-2" [_thread_blocked, id=5219, stack(0x00007f6e27bfc000,0x00007f6e27cfd000)]
  0x00007f6e200cb800 JavaThread "pool-7-thread-1" [_thread_blocked, id=5218, stack(0x00007f6e27afb000,0x00007f6e27bfc000)]
  0x00007f6e200ca800 JavaThread "pool-6-thread-1" [_thread_blocked, id=5217, stack(0x00007f6e27dfe000,0x00007f6e27eff000)]
  0x00007f6e4047d000 JavaThread "pool-4-thread-1" [_thread_blocked, id=5216, stack(0x00007f6e27eff000,0x00007f6e28000000)]
  0x00007f6e40d53800 JavaThread "Cache update executor" [_thread_blocked, id=5208, stack(0x00007f6e84210000,0x00007f6e84311000)]
  0x00007f6e402b0800 JavaThread "pool-2-thread-1" [_thread_blocked, id=5207, stack(0x00007f6e85324000,0x00007f6e85425000)]
  0x00007f6e40b29000 JavaThread "File lock request listener" [_thread_in_native, id=5205, stack(0x00007f6e85bcf000,0x00007f6e85cd0000)]
  0x00007f6e40a42800 JavaThread "process reaper" daemon [_thread_blocked, id=5204, stack(0x00007f6e85cd0000,0x00007f6e85d09000)]
  0x00007f6ea4d1c800 JavaThread "pool-1-thread-1" [_thread_blocked, id=5202, stack(0x00007f6e86783000,0x00007f6e86884000)]
  0x00007f6e4000a800 JavaThread "Stdin handler" [_thread_blocked, id=5201, stack(0x00007f6e86884000,0x00007f6e86985000)]
  0x00007f6e40009800 JavaThread "Asynchronous log dispatcher for DefaultDaemonConnection: socket connection from /127.0.0.1:33650 to /127.0.0.1:52418" [_thread_blocked, id=5200, stack(0x00007f6e86985000,0x00007f6e86a86000)]
  0x00007f6e54006800 JavaThread "Daemon worker" [_thread_blocked, id=5197, stack(0x00007f6e86a86000,0x00007f6e86b87000)]
  0x00007f6e54004800 JavaThread "Cancel handler" [_thread_blocked, id=5196, stack(0x00007f6e86b87000,0x00007f6e86c88000)]
  0x00007f6e54005800 JavaThread "Handler for socket connection from /127.0.0.1:33650 to /127.0.0.1:52418" [_thread_in_native, id=5195, stack(0x00007f6e86e88000,0x00007f6e86f89000)]
  0x00007f6e5000f800 JavaThread "Daemon" [_thread_blocked, id=5194, stack(0x00007f6e86f89000,0x00007f6e8708a000)]
  0x00007f6ea4cb4800 JavaThread "Incoming local TCP Connector on port 33650" [_thread_in_native, id=5193, stack(0x00007f6e87291000,0x00007f6e87392000)]
  0x00007f6ea40bf800 JavaThread "Service Thread" daemon [_thread_blocked, id=5187, stack(0x00007f6e8cafb000,0x00007f6e8cbfc000)]
  0x00007f6ea40bc800 JavaThread "C1 CompilerThread2" daemon [_thread_blocked, id=5186, stack(0x00007f6e8cbfc000,0x00007f6e8ccfd000)]
  0x00007f6ea40ba800 JavaThread "C2 CompilerThread1" daemon [_thread_blocked, id=5185, stack(0x00007f6e8ccfd000,0x00007f6e8cdfe000)]
  0x00007f6ea40b7800 JavaThread "C2 CompilerThread0" daemon [_thread_blocked, id=5184, stack(0x00007f6e8cdfe000,0x00007f6e8ceff000)]
  0x00007f6ea40b6800 JavaThread "Signal Dispatcher" daemon [_thread_blocked, id=5183, stack(0x00007f6e8ceff000,0x00007f6e8d000000)]
  0x00007f6ea4083800 JavaThread "Finalizer" daemon [_thread_blocked, id=5182, stack(0x00007f6e942f3000,0x00007f6e943f4000)]
  0x00007f6ea407f000 JavaThread "Reference Handler" daemon [_thread_blocked, id=5181, stack(0x00007f6e943f4000,0x00007f6e944f5000)]
  0x00007f6ea400a000 JavaThread "main" [_thread_blocked, id=5175, stack(0x00007f6eacdde000,0x00007f6eacedf000)]

Other Threads:
=>0x00007f6ea4077800 VMThread [stack: 0x00007f6e944f5000,0x00007f6e945f6000] [id=5180]
  0x00007f6ea40c2000 WatcherThread [stack: 0x00007f6e8c9fa000,0x00007f6e8cafb000] [id=5188]

VM state:at safepoint (normal execution)

VM Mutex/Monitor currently owned by a thread:  ([mutex/lock_event])
[0x00007f6ea4005df0] ExpandHeap_lock - owner thread: 0x00007f6ea4077800
[0x00007f6ea4006470] Threads_lock - owner thread: 0x00007f6ea4077800
[0x00007f6ea4006970] Heap_lock - owner thread: 0x00007f6e200cd800

Heap:
 PSYoungGen      total 330752K, used 58191K [0x00000000e0000000, 0x0000000100000000, 0x0000000100000000)
  eden space 175104K, 0% used [0x00000000e0000000,0x00000000e0000000,0x00000000eab00000)
  from space 155648K, 37% used [0x00000000f6800000,0x00000000fa0d3f10,0x0000000100000000)
  to   space 174592K, 0% used [0x00000000eab00000,0x00000000eab00000,0x00000000f5580000)
 ParOldGen       total 671232K, used 671119K [0x00000000a0000000, 0x00000000c8f80000, 0x00000000e0000000)
  object space 671232K, 99% used [0x00000000a0000000,0x00000000c8f63c80,0x00000000c8f80000)
 Metaspace       used 55414K, capacity 57168K, committed 57392K, reserved 1099776K
  class space    used 7300K, capacity 7708K, committed 7728K, reserved 1048576K

Card table byte_map: [0x00007f6ea996f000,0x00007f6ea9c70000] byte_map_base: 0x00007f6ea946f000

Marking Bits: (ParMarkBitMap*) 0x00007f6eac2ac340
 Begin Bits: [0x00007f6e8d000000, 0x00007f6e8e800000)
 End Bits:   [0x00007f6e8e800000, 0x00007f6e90000000)

Polling page: 0x00007f6eacefe000

CodeCache: size=245760Kb used=30288Kb max_used=30304Kb free=215471Kb
 bounds [0x00007f6e95000000, 0x00007f6e96e10000, 0x00007f6ea4000000]
 total_blobs=9035 nmethods=8279 adapters=669
 compilation: enabled

Compilation events (10 events):
Event: 64.807 Thread 0x00007f6ea40bc800 10245 %     2       com.android.dx.ssa.back.RegisterAllocator::insertMoveBefore @ 198 (240 bytes)
Event: 64.811 Thread 0x00007f6ea40bc800 nmethod 10245% 0x00007f6e96daa950 code [0x00007f6e96daac80, 0x00007f6e96dabd48]
Event: 64.912 Thread 0x00007f6ea40bc800 10246       2       java.util.concurrent.ConcurrentHashMap$TreeBin::lockRoot (20 bytes)
Event: 64.913 Thread 0x00007f6ea40bc800 nmethod 10246 0x00007f6e967c5610 code [0x00007f6e967c5780, 0x00007f6e967c5928]
Event: 65.228 Thread 0x00007f6ea40ba800 nmethod 10221% 0x00007f6e96dece10 code [0x00007f6e96ded1a0, 0x00007f6e96df0018]
Event: 65.229 Thread 0x00007f6ea40ba800 10244       4       com.android.dx.ssa.back.LivenessAnalyzer::handleTailRecursion (94 bytes)
Event: 65.697 Thread 0x00007f6ea40ba800 nmethod 10244 0x00007f6e96b36f10 code [0x00007f6e96b37340, 0x00007f6e96b3a750]
Event: 65.698 Thread 0x00007f6ea40ba800 10210       4       com.android.dx.cf.code.Merger::mergeLocals (122 bytes)
Event: 65.749 Thread 0x00007f6ea40ba800 nmethod 10210 0x00007f6e96adf150 code [0x00007f6e96adf3a0, 0x00007f6e96ae0398]
Event: 65.750 Thread 0x00007f6ea40ba800 10209   !   4       com.android.dx.cf.code.RopperMachine::run (1550 bytes)

GC Heap History (10 events):
Event: 62.855 GC heap after
Heap after GC invocations=52 (full 8):
 PSYoungGen      total 371712K, used 67377K [0x00000000e0000000, 0x00000000fe000000, 0x0000000100000000)
  eden space 260096K, 0% used [0x00000000e0000000,0x00000000e0000000,0x00000000efe00000)
  from space 111616K, 60% used [0x00000000f7300000,0x00000000fb4cc7b0,0x00000000fe000000)
  to   space 115712K, 0% used [0x00000000efe00000,0x00000000efe00000,0x00000000f6f00000)
 ParOldGen       total 671232K, used 497751K [0x00000000a0000000, 0x00000000c8f80000, 0x00000000e0000000)
  object space 671232K, 74% used [0x00000000a0000000,0x00000000be615f60,0x00000000c8f80000)
 Metaspace       used 55402K, capacity 57136K, committed 57392K, reserved 1099776K
  class space    used 7299K, capacity 7676K, committed 7728K, reserved 1048576K
}
Event: 63.587 GC heap before
{Heap before GC invocations=53 (full 8):
 PSYoungGen      total 371712K, used 327473K [0x00000000e0000000, 0x00000000fe000000, 0x0000000100000000)
  eden space 260096K, 100% used [0x00000000e0000000,0x00000000efe00000,0x00000000efe00000)
  from space 111616K, 60% used [0x00000000f7300000,0x00000000fb4cc7b0,0x00000000fe000000)
  to   space 115712K, 0% used [0x00000000efe00000,0x00000000efe00000,0x00000000f6f00000)
 ParOldGen       total 671232K, used 497751K [0x00000000a0000000, 0x00000000c8f80000, 0x00000000e0000000)
  object space 671232K, 74% used [0x00000000a0000000,0x00000000be615f60,0x00000000c8f80000)
 Metaspace       used 55404K, capacity 57136K, committed 57392K, reserved 1099776K
  class space    used 7299K, capacity 7676K, committed 7728K, reserved 1048576K
Event: 63.754 GC heap after
Heap after GC invocations=53 (full 8):
 PSYoungGen      total 375808K, used 107439K [0x00000000e0000000, 0x0000000100000000, 0x0000000100000000)
  eden space 260096K, 0% used [0x00000000e0000000,0x00000000e0000000,0x00000000efe00000)
  from space 115712K, 92% used [0x00000000efe00000,0x00000000f66ebf70,0x00000000f6f00000)
  to   space 130560K, 0% used [0x00000000f8080000,0x00000000f8080000,0x0000000100000000)
 ParOldGen       total 671232K, used 497751K [0x00000000a0000000, 0x00000000c8f80000, 0x00000000e0000000)
  object space 671232K, 74% used [0x00000000a0000000,0x00000000be615f60,0x00000000c8f80000)
 Metaspace       used 55404K, capacity 57136K, committed 57392K, reserved 1099776K
  class space    used 7299K, capacity 7676K, committed 7728K, reserved 1048576K
}
Event: 64.932 GC heap before
{Heap before GC invocations=54 (full 8):
 PSYoungGen      total 375808K, used 367535K [0x00000000e0000000, 0x0000000100000000, 0x0000000100000000)
  eden space 260096K, 100% used [0x00000000e0000000,0x00000000efe00000,0x00000000efe00000)
  from space 115712K, 92% used [0x00000000efe00000,0x00000000f66ebf70,0x00000000f6f00000)
  to   space 130560K, 0% used [0x00000000f8080000,0x00000000f8080000,0x0000000100000000)
 ParOldGen       total 671232K, used 497751K [0x00000000a0000000, 0x00000000c8f80000, 0x00000000e0000000)
  object space 671232K, 74% used [0x00000000a0000000,0x00000000be615f60,0x00000000c8f80000)
 Metaspace       used 55414K, capacity 57168K, committed 57392K, reserved 1099776K
  class space    used 7300K, capacity 7708K, committed 7728K, reserved 1048576K
Event: 65.219 GC heap after
Heap after GC invocations=54 (full 8):
 PSYoungGen      total 343552K, used 130545K [0x00000000e0000000, 0x0000000100000000, 0x0000000100000000)
  eden space 212992K, 0% used [0x00000000e0000000,0x00000000e0000000,0x00000000ed000000)
  from space 130560K, 99% used [0x00000000f8080000,0x00000000ffffc600,0x0000000100000000)
  to   space 155648K, 0% used [0x00000000ed000000,0x00000000ed000000,0x00000000f6800000)
 ParOldGen       total 671232K, used 511153K [0x00000000a0000000, 0x00000000c8f80000, 0x00000000e0000000)
  object space 671232K, 76% used [0x00000000a0000000,0x00000000bf32c6d8,0x00000000c8f80000)
 Metaspace       used 55414K, capacity 57168K, committed 57392K, reserved 1099776K
  class space    used 7300K, capacity 7708K, committed 7728K, reserved 1048576K
}
Event: 66.188 GC heap before
{Heap before GC invocations=55 (full 8):
 PSYoungGen      total 343552K, used 343537K [0x00000000e0000000, 0x0000000100000000, 0x0000000100000000)
  eden space 212992K, 100% used [0x00000000e0000000,0x00000000ed000000,0x00000000ed000000)
  from space 130560K, 99% used [0x00000000f8080000,0x00000000ffffc600,0x0000000100000000)
  to   space 155648K, 0% used [0x00000000ed000000,0x00000000ed000000,0x00000000f6800000)
 ParOldGen       total 671232K, used 511153K [0x00000000a0000000, 0x00000000c8f80000, 0x00000000e0000000)
  object space 671232K, 76% used [0x00000000a0000000,0x00000000bf32c6d8,0x00000000c8f80000)
 Metaspace       used 55414K, capacity 57168K, committed 57392K, reserved 1099776K
  class space    used 7300K, capacity 7708K, committed 7728K, reserved 1048576K
Event: 66.514 GC heap after
Heap after GC invocations=55 (full 8):
 PSYoungGen      total 368640K, used 155621K [0x00000000e0000000, 0x0000000100000000, 0x0000000100000000)
  eden space 212992K, 0% used [0x00000000e0000000,0x00000000e0000000,0x00000000ed000000)
  from space 155648K, 99% used [0x00000000ed000000,0x00000000f67f97f0,0x00000000f6800000)
  to   space 155648K, 0% used [0x00000000f6800000,0x00000000f6800000,0x0000000100000000)
 ParOldGen       total 671232K, used 594192K [0x00000000a0000000, 0x00000000c8f80000, 0x00000000e0000000)
  object space 671232K, 88% used [0x00000000a0000000,0x00000000c4444308,0x00000000c8f80000)
 Metaspace       used 55414K, capacity 57168K, committed 57392K, reserved 1099776K
  class space    used 7300K, capacity 7708K, committed 7728K, reserved 1048576K
}
Event: 66.944 GC heap before
{Heap before GC invocations=56 (full 8):
 PSYoungGen      total 368640K, used 368613K [0x00000000e0000000, 0x0000000100000000, 0x0000000100000000)
  eden space 212992K, 100% used [0x00000000e0000000,0x00000000ed000000,0x00000000ed000000)
  from space 155648K, 99% used [0x00000000ed000000,0x00000000f67f97f0,0x00000000f6800000)
  to   space 155648K, 0% used [0x00000000f6800000,0x00000000f6800000,0x0000000100000000)
 ParOldGen       total 671232K, used 594192K [0x00000000a0000000, 0x00000000c8f80000, 0x00000000e0000000)
  object space 671232K, 88% used [0x00000000a0000000,0x00000000c4444308,0x00000000c8f80000)
 Metaspace       used 55414K, capacity 57168K, committed 57392K, reserved 1099776K
  class space    used 7300K, capacity 7708K, committed 7728K, reserved 1048576K
Event: 67.289 GC heap after
Heap after GC invocations=56 (full 8):
 PSYoungGen      total 330752K, used 149659K [0x00000000e0000000, 0x0000000100000000, 0x0000000100000000)
  eden space 175104K, 0% used [0x00000000e0000000,0x00000000e0000000,0x00000000eab00000)
  from space 155648K, 96% used [0x00000000f6800000,0x00000000ffa26d18,0x0000000100000000)
  to   space 174592K, 0% used [0x00000000eab00000,0x00000000eab00000,0x00000000f5580000)
 ParOldGen       total 671232K, used 660346K [0x00000000a0000000, 0x00000000c8f80000, 0x00000000e0000000)
  object space 671232K, 98% used [0x00000000a0000000,0x00000000c84dead0,0x00000000c8f80000)
 Metaspace       used 55414K, capacity 57168K, committed 57392K, reserved 1099776K
  class space    used 7300K, capacity 7708K, committed 7728K, reserved 1048576K
}
Event: 67.408 GC heap before
{Heap before GC invocations=57 (full 9):
 PSYoungGen      total 330752K, used 149659K [0x00000000e0000000, 0x0000000100000000, 0x0000000100000000)
  eden space 175104K, 0% used [0x00000000e0000000,0x00000000e0000000,0x00000000eab00000)
  from space 155648K, 96% used [0x00000000f6800000,0x00000000ffa26d18,0x0000000100000000)
  to   space 174592K, 0% used [0x00000000eab00000,0x00000000eab00000,0x00000000f5580000)
 ParOldGen       total 671232K, used 660346K [0x00000000a0000000, 0x00000000c8f80000, 0x00000000e0000000)
  object space 671232K, 98% used [0x00000000a0000000,0x00000000c84dead0,0x00000000c8f80000)
 Metaspace       used 55414K, capacity 57168K, committed 57392K, reserved 1099776K
  class space    used 7300K, capacity 7708K, committed 7728K, reserved 1048576K

Deoptimization events (10 events):
Event: 64.526 Thread 0x00007f6e4047d000 Uncommon trap: reason=unstable_if action=reinterpret pc=0x00007f6e9671ab08 method=com.android.dx.ssa.SetFactory.makeLivenessSet(I)Lcom/android/dx/util/IntSet; @ 4
Event: 64.590 Thread 0x00007f6e4047d000 Uncommon trap: reason=class_check action=maybe_recompile pc=0x00007f6e968aba58 method=com.android.dx.ssa.back.InterferenceGraph.mergeInterferenceSet(ILcom/android/dx/util/IntSet;)V @ 20
Event: 64.591 Thread 0x00007f6e4047d000 Uncommon trap: reason=class_check action=maybe_recompile pc=0x00007f6e966eff70 method=com.android.dx.ssa.back.InterferenceGraph.mergeInterferenceSet(ILcom/android/dx/util/IntSet;)V @ 20
Event: 64.591 Thread 0x00007f6e4047d000 Uncommon trap: reason=class_check action=maybe_recompile pc=0x00007f6e966eff70 method=com.android.dx.ssa.back.InterferenceGraph.mergeInterferenceSet(ILcom/android/dx/util/IntSet;)V @ 20
Event: 64.597 Thread 0x00007f6e4047d000 Uncommon trap: reason=class_check action=maybe_recompile pc=0x00007f6e966eff70 method=com.android.dx.ssa.back.InterferenceGraph.mergeInterferenceSet(ILcom/android/dx/util/IntSet;)V @ 20
Event: 66.084 Thread 0x00007f6e200cc800 Uncommon trap: reason=class_check action=maybe_recompile pc=0x00007f6e96a43cb0 method=com.android.dx.ssa.SsaConverter.placePhiFunctions(Lcom/android/dx/ssa/SsaMethod;Lcom/android/dx/ssa/LocalVariableInfo;I)V @ 257
Event: 66.537 Thread 0x00007f6e200cd800 Uncommon trap: reason=class_check action=maybe_recompile pc=0x00007f6e96a43cb0 method=com.android.dx.ssa.SsaConverter.placePhiFunctions(Lcom/android/dx/ssa/SsaMethod;Lcom/android/dx/ssa/LocalVariableInfo;I)V @ 257
Event: 66.578 Thread 0x00007f6e200ca800 Uncommon trap: reason=class_check action=maybe_recompile pc=0x00007f6e96a43cb0 method=com.android.dx.ssa.SsaConverter.placePhiFunctions(Lcom/android/dx/ssa/SsaMethod;Lcom/android/dx/ssa/LocalVariableInfo;I)V @ 257
Event: 66.730 Thread 0x00007f6e200cc800 Uncommon trap: reason=class_check action=maybe_recompile pc=0x00007f6e968aba58 method=com.android.dx.ssa.back.InterferenceGraph.mergeInterferenceSet(ILcom/android/dx/util/IntSet;)V @ 20
Event: 66.775 Thread 0x00007f6e200cf000 Uncommon trap: reason=class_check action=maybe_recompile pc=0x00007f6e96baf8f8 method=com.android.dx.ssa.SsaConverter.placePhiFunctions(Lcom/android/dx/ssa/SsaMethod;Lcom/android/dx/ssa/LocalVariableInfo;I)V @ 257

Internal exceptions (10 events):
Event: 29.927 Thread 0x00007f6e54006800 Exception <a 'java/lang/NoSuchMethodError': <clinit>> (0x00000000e3e9c6d8) thrown at [/ssd/Android/AOSP-openjdk/external/jetbrains/jdk/hotspot/src/share/vm/prims/jni.cpp, line 1613]
Event: 29.928 Thread 0x00007f6e54006800 Exception <a 'java/lang/NoSuchMethodError': <clinit>> (0x00000000e3ea9f78) thrown at [/ssd/Android/AOSP-openjdk/external/jetbrains/jdk/hotspot/src/share/vm/prims/jni.cpp, line 1613]
Event: 29.950 Thread 0x00007f6e54006800 Exception <a 'java/lang/NoSuchMethodError': <clinit>> (0x00000000e3f26948) thrown at [/ssd/Android/AOSP-openjdk/external/jetbrains/jdk/hotspot/src/share/vm/prims/jni.cpp, line 1613]
Event: 29.952 Thread 0x00007f6e54006800 Exception <a 'java/lang/NoSuchMethodError': <clinit>> (0x00000000e3f3f6a0) thrown at [/ssd/Android/AOSP-openjdk/external/jetbrains/jdk/hotspot/src/share/vm/prims/jni.cpp, line 1613]
Event: 29.952 Thread 0x00007f6e54006800 Exception <a 'java/lang/NoSuchMethodError': <clinit>> (0x00000000e3f41320) thrown at [/ssd/Android/AOSP-openjdk/external/jetbrains/jdk/hotspot/src/share/vm/prims/jni.cpp, line 1613]
Event: 33.245 Thread 0x00007f6e54006800 Exception <a 'java/lang/NoSuchMethodError': java.lang.Object.lambda$negate$1(Ljava/lang/Object;)Z> (0x00000000e3e5ed88) thrown at [/ssd/Android/AOSP-openjdk/external/jetbrains/jdk/hotspot/src/share/vm/interpreter/linkResolver.cpp, line 582]
Event: 38.067 Thread 0x00007f6e200cf000 Implicit null exception at 0x00007f6e966673a4 to 0x00007f6e966682e9
Event: 38.206 Thread 0x00007f6e200ca800 Implicit null exception at 0x00007f6e9665bce2 to 0x00007f6e9665bddb
Event: 38.813 Thread 0x00007f6e4047d000 Implicit null exception at 0x00007f6e96718dcd to 0x00007f6e96718fa9
Event: 47.909 Thread 0x00007f6e4047d000 Implicit null exception at 0x00007f6e965911c3 to 0x00007f6e96591835

Events (10 events):
Event: 66.775 Thread 0x00007f6e200cf000 DEOPT UNPACKING pc=0x00007f6e95004f69 sp=0x00007f6e278211b8 mode 2
Event: 66.826 Thread 0x00007f6e200cc800 DEOPT PACKING pc=0x00007f6e967918ec sp=0x00007f6e27cfb2e0
Event: 66.826 Thread 0x00007f6e200cc800 DEOPT UNPACKING pc=0x00007f6e95047373 sp=0x00007f6e27cfafe0 mode 0
Event: 66.836 Thread 0x00007f6e200cc800 DEOPT PACKING pc=0x00007f6e967918ec sp=0x00007f6e27cfb1e0
Event: 66.836 Thread 0x00007f6e200cc800 DEOPT UNPACKING pc=0x00007f6e95047373 sp=0x00007f6e27cfaee0 mode 0
Event: 66.893 Thread 0x00007f6e200cd800 DEOPT PACKING pc=0x00007f6e967b2b88 sp=0x00007f6e27dfc100
Event: 66.893 Thread 0x00007f6e200cd800 DEOPT UNPACKING pc=0x00007f6e95047373 sp=0x00007f6e27dfbf30 mode 0
Event: 66.928 Thread 0x00007f6e200cd800 DEOPT PACKING pc=0x00007f6e967918ec sp=0x00007f6e27dfc2e0
Event: 66.928 Thread 0x00007f6e200cd800 DEOPT UNPACKING pc=0x00007f6e95047373 sp=0x00007f6e27dfbfe0 mode 0
Event: 66.942 Executing VM operation: ParallelGCFailedAllocation


Dynamic libraries:
00400000-00401000 r-xp 00000000 08:07 1201464                            /home/chivu/Downloads/android-studio-p/jre/bin/java
00600000-00601000 r--p 00000000 08:07 1201464                            /home/chivu/Downloads/android-studio-p/jre/bin/java
00601000-00602000 rw-p 00001000 08:07 1201464                            /home/chivu/Downloads/android-studio-p/jre/bin/java
022cf000-022f0000 rw-p 00000000 00:00 0                                  [heap]
a0000000-c8f80000 rw-p 00000000 00:00 0 
d6280000-e0000000 ---p 00000000 00:00 0 
e0000000-100000000 rw-p 00000000 00:00 0 
100000000-10078c000 rw-p 00000000 00:00 0 
10078c000-140000000 ---p 00000000 00:00 0 
7f6e10000000-7f6e1003f000 rw-p 00000000 00:00 0 
7f6e1003f000-7f6e14000000 ---p 00000000 00:00 0 
7f6e14000000-7f6e14021000 rw-p 00000000 00:00 0 
7f6e14021000-7f6e18000000 ---p 00000000 00:00 0 
7f6e18000000-7f6e1802d000 rw-p 00000000 00:00 0 
7f6e1802d000-7f6e1c000000 ---p 00000000 00:00 0 
7f6e1c000000-7f6e1c021000 rw-p 00000000 00:00 0 
7f6e1c021000-7f6e20000000 ---p 00000000 00:00 0 
7f6e20000000-7f6e2025b000 rw-p 00000000 00:00 0 
7f6e2025b000-7f6e24000000 ---p 00000000 00:00 0 
7f6e27522000-7f6e275a2000 rw-p 00000000 00:00 0 
7f6e275a2000-7f6e27722000 ---p 00000000 00:00 0 
7f6e27722000-7f6e27725000 ---p 00000000 00:00 0 
7f6e27725000-7f6e27a23000 rw-p 00000000 00:00 0 
7f6e27a23000-7f6e27afb000 r--s 009c7000 08:07 2145335                    /home/chivu/Desktop/newsApp/app/build/intermediates/transforms/jarMerging/debug/jars/1/1f/combined.jar
7f6e27afb000-7f6e27afe000 ---p 00000000 00:00 0 
7f6e27afe000-7f6e27bfc000 rw-p 00000000 00:00 0 
7f6e27bfc000-7f6e27bff000 ---p 00000000 00:00 0 
7f6e27bff000-7f6e27cfd000 rw-p 00000000 00:00 0 
7f6e27cfd000-7f6e27d00000 ---p 00000000 00:00 0 
7f6e27d00000-7f6e27dfe000 rw-p 00000000 00:00 0 
7f6e27dfe000-7f6e27e01000 ---p 00000000 00:00 0 
7f6e27e01000-7f6e27eff000 rw-p 00000000 00:00 0 
7f6e27eff000-7f6e27f02000 ---p 00000000 00:00 0 
7f6e27f02000-7f6e28000000 rw-p 00000000 00:00 0 
7f6e28000000-7f6e28021000 rw-p 00000000 00:00 0 
7f6e28021000-7f6e2c000000 ---p 00000000 00:00 0 
7f6e2c000000-7f6e2c033000 rw-p 00000000 00:00 0 
7f6e2c033000-7f6e30000000 ---p 00000000 00:00 0 
7f6e30000000-7f6e30021000 rw-p 00000000 00:00 0 
7f6e30021000-7f6e34000000 ---p 00000000 00:00 0 
7f6e34000000-7f6e34021000 rw-p 00000000 00:00 0 
7f6e34021000-7f6e38000000 ---p 00000000 00:00 0 
7f6e38000000-7f6e38021000 rw-p 00000000 00:00 0 
7f6e38021000-7f6e3c000000 ---p 00000000 00:00 0 
7f6e3c000000-7f6e3c021000 rw-p 00000000 00:00 0 
7f6e3c021000-7f6e40000000 ---p 00000000 00:00 0 
7f6e40000000-7f6e41405000 rw-p 00000000 00:00 0 
7f6e41405000-7f6e44000000 ---p 00000000 00:00 0 
7f6e44000000-7f6e44021000 rw-p 00000000 00:00 0 
7f6e44021000-7f6e48000000 ---p 00000000 00:00 0 
7f6e48000000-7f6e48021000 rw-p 00000000 00:00 0 
7f6e48021000-7f6e4c000000 ---p 00000000 00:00 0 
7f6e4c000000-7f6e4c021000 rw-p 00000000 00:00 0 
7f6e4c021000-7f6e50000000 ---p 00000000 00:00 0 
7f6e50000000-7f6e5006f000 rw-p 00000000 00:00 0 
7f6e5006f000-7f6e54000000 ---p 00000000 00:00 0 
7f6e54000000-7f6e54021000 rw-p 00000000 00:00 0 
7f6e54021000-7f6e58000000 ---p 00000000 00:00 0 
7f6e58000000-7f6e58021000 rw-p 00000000 00:00 0 
7f6e58021000-7f6e5c000000 ---p 00000000 00:00 0 
7f6e5c000000-7f6e5c021000 rw-p 00000000 00:00 0 
7f6e5c021000-7f6e60000000 ---p 00000000 00:00 0 
7f6e60000000-7f6e62576000 rw-p 00000000 00:00 0 
7f6e62576000-7f6e64000000 ---p 00000000 00:00 0 
7f6e64000000-7f6e64bfb000 rw-p 00000000 00:00 0 
7f6e64bfb000-7f6e68000000 ---p 00000000 00:00 0 
7f6e68000000-7f6e68021000 rw-p 00000000 00:00 0 
7f6e68021000-7f6e6c000000 ---p 00000000 00:00 0 
7f6e6c000000-7f6e6df66000 rw-p 00000000 00:00 0 
7f6e6df66000-7f6e70000000 ---p 00000000 00:00 0 
7f6e70000000-7f6e70021000 rw-p 00000000 00:00 0 
7f6e70021000-7f6e74000000 ---p 00000000 00:00 0 
7f6e74000000-7f6e74021000 rw-p 00000000 00:00 0 
7f6e74021000-7f6e78000000 ---p 00000000 00:00 0 
7f6e78000000-7f6e78137000 rw-p 00000000 00:00 0 
7f6e78137000-7f6e7c000000 ---p 00000000 00:00 0 
7f6e7c000000-7f6e7c360000 rw-p 00000000 00:00 0 
7f6e7c360000-7f6e80000000 ---p 00000000 00:00 0 
7f6e80000000-7f6e80032000 rw-p 00000000 00:00 0 
7f6e80032000-7f6e84000000 ---p 00000000 00:00 0 
7f6e84010000-7f6e84210000 rw-p 00000000 00:00 0 
7f6e84210000-7f6e84213000 ---p 00000000 00:00 0 
7f6e84213000-7f6e84511000 rw-p 00000000 00:00 0 
7f6e84511000-7f6e84711000 rw-p 00000000 00:00 0 
7f6e84711000-7f6e84911000 rw-p 00000000 00:00 0 
7f6e84911000-7f6e84b11000 rw-p 00000000 00:00 0 
7f6e84b11000-7f6e84b24000 r--s 00344000 08:07 1201558                    /home/chivu/Downloads/android-studio-p/jre/jre/lib/resources.jar
7f6e84b24000-7f6e84d24000 rw-p 00000000 00:00 0 
7f6e84d24000-7f6e84f24000 rw-p 00000000 00:00 0 
7f6e84f24000-7f6e85124000 rw-p 00000000 00:00 0 
7f6e85124000-7f6e85324000 rw-p 00000000 00:00 0 
7f6e85324000-7f6e85327000 ---p 00000000 00:00 0 
7f6e85327000-7f6e85625000 rw-p 00000000 00:00 0 
7f6e85625000-7f6e85626000 r--s 00001000 08:07 1094992                    /home/chivu/.gradle/caches/jars-2/cmhx5eetujk7j30d3nllwxyrlnugzjw/annotations-25.3.3.jar
7f6e85626000-7f6e8562e000 r--s 000a8000 08:07 932893                     /home/chivu/.gradle/caches/jars-2/lp0h431tl0554nh1vx6zomcvteflkp/lombok-ast-0.2.3.jar
7f6e8562e000-7f6e85642000 r--s 000b4000 08:07 139376                     /home/chivu/.gradle/caches/jars-2/hgvw6szzawm3evod5l2d6iutfug31w0/uast-162.2228.14.jar
7f6e85642000-7f6e85644000 r--s 0000d000 08:07 932889                     /home/chivu/.gradle/caches/jars-2/7pwz1bowgakb1eux9ezb56jlturgsyi/commons-codec-1.4.jar
7f6e85644000-7f6e85646000 r--s 0000d000 08:07 932887                     /home/chivu/.gradle/caches/jars-2/9dj1m0eyooi5qt13735vz8fpkl3cnfy/commons-logging-1.1.1.jar
7f6e85646000-7f6e8564b000 r--s 00028000 08:07 932885                     /home/chivu/.gradle/caches/jars-2/62lv0fe9b3xbqe57f6ljy5upwi7mf6k/httpcore-4.1.jar
7f6e8564b000-7f6e8564f000 r--s 0002f000 08:07 932883                     /home/chivu/.gradle/caches/jars-2/gsg5n52frsvw6sx0swqqe2hwijwdcf0/jimfs-1.1.jar
7f6e8564f000-7f6e85650000 r--s 00004000 08:07 932881                     /home/chivu/.gradle/caches/jars-2/lxs252id0979odjrerlctkb26c2vj95/annotations-12.0.jar
7f6e85650000-7f6e85651000 r--s 00004000 08:07 932879                     /home/chivu/.gradle/caches/jars-2/9kn99dr0rulyl67sct1ephwcop56l61/asm-analysis-5.0.4.jar
7f6e85651000-7f6e85655000 r--s 00040000 08:07 1094991                    /home/chivu/.gradle/caches/jars-2/ccvn7yglm4blceovs70fngoac1eyn4f/lint-api-25.3.3.jar
7f6e85655000-7f6e85656000 r--s 0000a000 08:07 932875                     /home/chivu/.gradle/caches/jars-2/nwyg9io65lv6jvmwit2wq82xnnxd7ia/kxml2-2.3.0.jar
7f6e85656000-7f6e85658000 r--s 00005000 08:07 932873                     /home/chivu/.gradle/caches/jars-2/i6hc1uuj8e9ck59slmzdyz78ydn8sr6/httpmime-4.1.jar
7f6e85658000-7f6e85660000 r--s 0004e000 08:07 932871                     /home/chivu/.gradle/caches/jars-2/7503wa5irssz0xxahv1xb82p2dl7rr2/httpclient-4.1.1.jar
7f6e85660000-7f6e85667000 r--s 00053000 08:07 932869                     /home/chivu/.gradle/caches/jars-2/jgkfvs4eqggj7qsyw1f5d3up57hanj1/commons-compress-1.8.1.jar
7f6e85667000-7f6e8566c000 r--s 0002a000 08:07 932867                     /home/chivu/.gradle/caches/jars-2/je8f027qcr1z1egw08byp1ybxbp9kko/gson-2.2.4.jar
7f6e8566c000-7f6e85671000 r--s 0002e000 08:07 1094990                    /home/chivu/.gradle/caches/jars-2/s427p2wh0tfza0xa8qijgx107eeevyl/repository-25.3.3.jar
7f6e85671000-7f6e85673000 r--s 00006000 08:07 1094989                    /home/chivu/.gradle/caches/jars-2/e2s952s6co8tps89l80r4riixwqo2oe/dvlib-25.3.3.jar
7f6e85673000-7f6e85675000 r--s 00013000 08:07 1094883                    /home/chivu/.gradle/caches/jars-2/s02k517nvrh8cbp2c8dz4slqska6dj9/layoutlib-api-25.3.3.jar
7f6e85675000-7f6e8567a000 r--s 00058000 08:07 932859                     /home/chivu/.gradle/caches/jars-2/st159835qgxm0l87oqrnhayxos4lc1n/asm-debug-all-5.0.1.jar
7f6e8567a000-7f6e8568a000 r--s 000d5000 08:07 932857                     /home/chivu/.gradle/caches/jars-2/qzf32gp9kej4w4hlbabft6tplu74cj3/proguard-base-5.3.2.jar
7f6e8568a000-7f6e8568d000 r--s 00033000 08:07 932855                     /home/chivu/.gradle/caches/jars-2/nz9sndmr8b4xbj4xulkaciy5kdbyfiz/juniversalchardet-1.0.3.jar
7f6e8568d000-7f6e85691000 r--s 0002a000 08:07 932853                     /home/chivu/.gradle/caches/jars-2/krbpn9xjn1qymukyx8cc5l799ty1v3h/commons-io-2.4.jar
7f6e85691000-7f6e856a8000 r--s 00154000 08:07 932851                     /home/chivu/.gradle/caches/jars-2/sfeivjswzitn6n0fnjx3ueszz8gv8o1/antlr4-4.5.3.jar
7f6e856a8000-7f6e856aa000 r--s 00002000 08:07 1094881                    /home/chivu/.gradle/caches/jars-2/rh2ip1x2zziz26tr3qzudtz088pqsb2/baseLibrary-2.3.3.jar
7f6e856aa000-7f6e856d5000 r--s 001fc000 08:07 932847                     /home/chivu/.gradle/caches/jars-2/nxjrjftly2xksl8o0wqgivu5netfu2x/guava-18.0.jar
7f6e856d5000-7f6e856e8000 r--s 00241000 08:07 932845                     /home/chivu/.gradle/caches/jars-2/9yuekvg4qerfitq3xec0iyckuw3hwaq/ecj-4.6.1.jar
7f6e856e8000-7f6e856ef000 r--s 000d9000 08:07 1094862                    /home/chivu/.gradle/caches/jars-2/ak89aa8liqmr44u7r08njntn6oehe0z/lint-checks-25.3.3.jar
7f6e856ef000-7f6e856f1000 r--s 00006000 08:07 932841                     /home/chivu/.gradle/caches/jars-2/6phgj9ki3jl3p5epzkqoo8pr6kur40b/asm-tree-5.0.4.jar
7f6e856f1000-7f6e85724000 r--s 00203000 08:07 932839                     /home/chivu/.gradle/caches/jars-2/hj0bfvxu9cq7hkwmecvp0kg137or3hh/bcprov-jdk15on-1.48.jar
7f6e85724000-7f6e85732000 r--s 00081000 08:07 932837                     /home/chivu/.gradle/caches/jars-2/4r7xli0tz94y0wfjrdyjxlxar3g1pb9/bcpkix-jdk15on-1.48.jar
7f6e85732000-7f6e85734000 r--s 00002000 08:07 932835                     /home/chivu/.gradle/caches/jars-2/f32bh5uivuf69ecz2j8hl96ksnqdh7v/javawriter-2.5.0.jar
7f6e85734000-7f6e85736000 r--s 00004000 08:07 1094861                    /home/chivu/.gradle/caches/jars-2/j6s1upogkwo00sygdsekzj4fx0i75uy/tracker-25.3.3.jar
7f6e85736000-7f6e85737000 r--s 00005000 08:07 1094860                    /home/chivu/.gradle/caches/jars-2/4svya0t1s9wyo35ycd3atidsaoo6w7e/shared-25.3.3.jar
7f6e85737000-7f6e85745000 r--s 00147000 08:07 1094859                    /home/chivu/.gradle/caches/jars-2/qx6695c5ocd9swxv7wqtxor3plyb4b7/protos-25.3.3.jar
7f6e85745000-7f6e85746000 r--s 00001000 08:07 139356                     /home/chivu/.gradle/caches/jars-2/bqo69msswbvaagsh45hf1tq02v21sml/jill-api-0.10.0.jar
7f6e85746000-7f6e85748000 r--s 00003000 08:07 139354                     /home/chivu/.gradle/caches/jars-2/7pldadygbci34ql8thws797g29k1uhh/jack-api-0.13.0.jar
7f6e85748000-7f6e8574e000 r--s 0004a000 08:07 1094853                    /home/chivu/.gradle/caches/jars-2/euoqfzf5y1sibp9ul8mcz0wovj380eo/ddmlib-25.3.3.jar
7f6e8574e000-7f6e85751000 r--s 00022000 08:07 1094848                    /home/chivu/.gradle/caches/jars-2/a81bg2yxzmumashablwecaj0ksz6tmj/manifest-merger-25.3.3.jar
7f6e85751000-7f6e85754000 r--s 0001c000 08:07 1094847                    /home/chivu/.gradle/caches/jars-2/l6cnyee1vojrkkbpp6qwgpf30shmrja/common-25.3.3.jar
7f6e85754000-7f6e8575d000 r--s 00089000 08:07 1094417                    /home/chivu/.gradle/caches/jars-2/m0t6h8af70sdgxvkj522jy01i14mnb8/sdk-common-25.3.3.jar
7f6e8575d000-7f6e85767000 r--s 00098000 08:07 1094415                    /home/chivu/.gradle/caches/jars-2/28c9ykhc782k8jmlrnbnccai34hziki/sdklib-25.3.3.jar
7f6e85767000-7f6e85768000 r--s 00002000 08:07 1094389                    /home/chivu/.gradle/caches/jars-2/4dod7a1p5hoai4v37pxbcg65bbahvg2/builder-test-api-2.3.3.jar
7f6e85768000-7f6e8576b000 r--s 00006000 08:07 1094385                    /home/chivu/.gradle/caches/jars-2/omk02asobup8sgd6qxom3ej5bg94z2r/builder-model-2.3.3.jar
7f6e8576b000-7f6e8577a000 r--s 00130000 08:07 932809                     /home/chivu/.gradle/caches/jars-2/cr6zkqpx14lor9zdtmo49qpc7y8r8p4/protobuf-java-3.0.0.jar
7f6e8577a000-7f6e8577c000 r--s 0000f000 08:07 932807                     /home/chivu/.gradle/caches/jars-2/rvfyugrlu5tbpz51p98og0qsxamjq4k/jopt-simple-4.9.jar
7f6e8577c000-7f6e85780000 r--s 0001f000 08:07 932805                     /home/chivu/.gradle/caches/jars-2/nq3fzqkrrm37ob61z4iu5qdbh368uat/org.jacoco.report-0.7.5.201505241946.jar
7f6e85780000-7f6e85784000 r--s 0001d000 08:07 932803                     /home/chivu/.gradle/caches/jars-2/3kxkmcckmk40ron92zhbm0qjo9l4bkl/org.jacoco.core-0.7.5.201505241946.jar
7f6e85784000-7f6e85786000 r--s 00002000 08:07 932801                     /home/chivu/.gradle/caches/jars-2/m4m0pzb4gmaeh0in5g2xc4bxeuwt828/proguard-gradle-5.3.2.jar
7f6e85786000-7f6e85788000 r--s 00009000 08:07 932799                     /home/chivu/.gradle/caches/jars-2/ajvcvdu66lc9e3tvvipxtuq48i9bbkc/asm-commons-5.0.4.jar
7f6e85788000-7f6e8578a000 r--s 0000c000 08:07 932797                     /home/chivu/.gradle/caches/jars-2/1laz1ygmxoc408r7nwqs1q8uk8r236d/asm-5.0.4.jar
7f6e8578a000-7f6e8578f000 r--s 0002c000 08:07 1094383                    /home/chivu/.gradle/caches/jars-2/3mlasgi8oo9o7oa12526198jui9zmp2/compilerCommon-2.3.3.jar
7f6e8578f000-7f6e85790000 r--s 00002000 08:07 1094379                    /home/chivu/.gradle/caches/jars-2/73l309uzm0ila7rdaaxteq0ng4ayf2y/gradle-api-2.3.3.jar
7f6e85790000-7f6e85791000 r--s 00000000 08:07 139334                     /home/chivu/.gradle/caches/jars-2/tlyajppf8woug00g686fx5mchf8iv3o/transform-api-2.0.0-deprecated-use-gradle-api.jar
7f6e85791000-7f6e85796000 r--s 0005e000 08:07 1094349                    /home/chivu/.gradle/caches/jars-2/k2xtosjt0in0zj7mpwvctw6iznt93uh/lint-25.3.3.jar
7f6e85796000-7f6e857ac000 r--s 00163000 08:07 1094347                    /home/chivu/.gradle/caches/jars-2/nyg71b5n2lzymmwh5vbtmvjiby07k4g/builder-2.3.3.jar
7f6e857ac000-7f6e857cb000 r--s 001ca000 08:07 1094310                    /home/chivu/.gradle/caches/jars-2/5fwyvjq1ai8mdh1mluqxidj1wo7rls8/gradle-core-2.3.3.jar
7f6e857cb000-7f6e857cd000 r--s 00007000 08:07 266240                     /home/chivu/.gradle/caches/modules-2/files-2.1/com.google.gms/google-services/3.1.0/166ae4e6acd03b7bbebe221ffa54bc039fece1b9/google-services-3.1.0.jar
7f6e857cd000-7f6e857cf000 r--s 0000d000 08:07 1094266                    /home/chivu/.gradle/caches/jars-2/mel54vauze7hczg2p6nebauqz8s53sj/gradle-2.3.3.jar
7f6e857cf000-7f6e859cf000 rw-p 00000000 00:00 0 
7f6e859cf000-7f6e85bcf000 rw-p 00000000 00:00 0 
7f6e85bcf000-7f6e85bd2000 ---p 00000000 00:00 0 
7f6e85bd2000-7f6e85cd0000 rw-p 00000000 00:00 0 
7f6e85cd0000-7f6e85cd3000 ---p 00000000 00:00 0 
7f6e85cd3000-7f6e85d09000 rw-p 00000000 00:00 0 
7f6e85d09000-7f6e85d0a000 r--p 00000000 00:00 0 
7f6e85d0a000-7f6e85f0a000 rw-p 00000000 00:00 0 
7f6e85f0a000-7f6e8610a000 rw-p 00000000 00:00 0 
7f6e8610a000-7f6e8630a000 rw-p 00000000 00:00 0 
7f6e8630a000-7f6e8650a000 rw-p 00000000 00:00 0 
7f6e8650a000-7f6e86583000 r--s 010ed000 08:07 1201473                    /home/chivu/Downloads/android-studio-p/jre/lib/tools.jar
7f6e86583000-7f6e86783000 rw-p 00000000 00:00 0 
7f6e86783000-7f6e86786000 ---p 00000000 00:00 0 
7f6e86786000-7f6e86884000 rw-p 00000000 00:00 0 
7f6e86884000-7f6e86887000 ---p 00000000 00:00 0 
7f6e86887000-7f6e86985000 rw-p 00000000 00:00 0 
7f6e86985000-7f6e86988000 ---p 00000000 00:00 0 
7f6e86988000-7f6e86a86000 rw-p 00000000 00:00 0 
7f6e86a86000-7f6e86a89000 ---p 00000000 00:00 0 
7f6e86a89000-7f6e86b87000 rw-p 00000000 00:00 0 
7f6e86b87000-7f6e86b8a000 ---p 00000000 00:00 0 
7f6e86b8a000-7f6e86e88000 rw-p 00000000 00:00 0 
7f6e86e88000-7f6e86e8b000 ---p 00000000 00:00 0 
7f6e86e8b000-7f6e86f89000 rw-p 00000000 00:00 0 
7f6e86f89000-7f6e86f8c000 ---p 00000000 00:00 0 
7f6e86f8c000-7f6e8708a000 rw-p 00000000 00:00 0 
7f6e8708a000-7f6e87091000 r--s 00000000 08:07 1590595                    /usr/lib/x86_64-linux-gnu/gconv/gconv-modules.cache
7f6e87091000-7f6e87291000 rw-p 00000000 00:00 0 
7f6e87291000-7f6e87294000 ---p 00000000 00:00 0 
7f6e87294000-7f6e87392000 rw-p 00000000 00:00 0 
7f6e87392000-7f6e8739b000 r-xp 00000000 08:07 1201548                    /home/chivu/Downloads/android-studio-p/jre/jre/lib/amd64/libmanagement.so
7f6e8739b000-7f6e8759a000 ---p 00009000 08:07 1201548                    /home/chivu/Downloads/android-studio-p/jre/jre/lib/amd64/libmanagement.so
7f6e8759a000-7f6e8759b000 r--p 00008000 08:07 1201548                    /home/chivu/Downloads/android-studio-p/jre/jre/lib/amd64/libmanagement.so
7f6e8759b000-7f6e8759c000 rw-p 00009000 08:07 1201548                    /home/chivu/Downloads/android-studio-p/jre/jre/lib/amd64/libmanagement.so
7f6e8759c000-7f6e875a1000 r--s 00098000 08:07 1201512                    /home/chivu/Downloads/android-studio-p/jre/jre/lib/jsse.jar
7f6e875a1000-7f6e875a3000 r--s 00007000 08:07 1189108                    /home/chivu/.gradle/wrapper/dists/gradle-3.3-all/55gk2rcmfc6p2dg9u9ohc3hw9/gradle-3.3/lib/plugins/gradle-tooling-api-builders-3.3.jar
7f6e875a3000-7f6e875a6000 r--s 00009000 08:07 1189101                    /home/chivu/.gradle/wrapper/dists/gradle-3.3-all/55gk2rcmfc6p2dg9u9ohc3hw9/gradle-3.3/lib/plugins/gradle-testing-native-3.3.jar
7f6e875a6000-7f6e875ac000 r--s 00033000 08:07 1189176                    /home/chivu/.gradle/wrapper/dists/gradle-3.3-all/55gk2rcmfc6p2dg9u9ohc3hw9/gradle-3.3/lib/plugins/snakeyaml-1.6.jar
7f6e875ac000-7f6e875ae000 r--s 00006000 08:07 1189175                    /home/chivu/.gradle/wrapper/dists/gradle-3.3-all/55gk2rcmfc6p2dg9u9ohc3hw9/gradle-3.3/lib/plugins/jcommander-1.12.jar
7f6e875ae000-7f6e875b3000 r--s 00040000 08:07 1189174                    /home/chivu/.gradle/wrapper/dists/gradle-3.3-all/55gk2rcmfc6p2dg9u9ohc3hw9/gradle-3.3/lib/plugins/bsh-2.0b4.jar
7f6e875b3000-7f6e875b5000 r--s 00009000 08:07 1189182                    /home/chivu/.gradle/wrapper/dists/gradle-3.3-all/55gk2rcmfc6p2dg9u9ohc3hw9/gradle-3.3/lib/plugins/hamcrest-core-1.3.jar
7f6e875b5000-7f6e875be000 r--s 00089000 08:07 1189133                    /home/chivu/.gradle/wrapper/dists/gradle-3.3-all/55gk2rcmfc6p2dg9u9ohc3hw9/gradle-3.3/lib/plugins/testng-6.3.1.jar
7f6e875be000-7f6e875c6000 r--s 00045000 08:07 1189132                    /home/chivu/.gradle/wrapper/dists/gradle-3.3-all/55gk2rcmfc6p2dg9u9ohc3hw9/gradle-3.3/lib/plugins/junit-4.12.jar
7f6e875c6000-7f6e875cc000 r--s 0002e000 08:07 1189102                    /home/chivu/.gradle/wrapper/dists/gradle-3.3-all/55gk2rcmfc6p2dg9u9ohc3hw9/gradle-3.3/lib/plugins/gradle-testing-jvm-3.3.jar
7f6e875cc000-7f6e875d0000 r--s 00016000 08:07 1189100                    /home/chivu/.gradle/wrapper/dists/gradle-3.3-all/55gk2rcmfc6p2dg9u9ohc3hw9/gradle-3.3/lib/plugins/gradle-testing-base-3.3.jar
7f6e875d0000-7f6e875d7000 r--s 00038000 08:07 1189127                    /home/chivu/.gradle/wrapper/dists/gradle-3.3-all/55gk2rcmfc6p2dg9u9ohc3hw9/gradle-3.3/lib/plugins/bcpg-jdk15on-1.51.jar
7f6e875d7000-7f6e875d9000 r--s 0000c000 08:07 1189079                    /home/chivu/.gradle/wrapper/dists/gradle-3.3-all/55gk2rcmfc6p2dg9u9ohc3hw9/gradle-3.3/lib/plugins/gradle-signing-3.3.jar
7f6e875d9000-7f6e875db000 r--s 00007000 08:07 1189078                    /home/chivu/.gradle/wrapper/dists/gradle-3.3-all/55gk2rcmfc6p2dg9u9ohc3hw9/gradle-3.3/lib/plugins/gradle-scala-3.3.jar
7f6e875db000-7f6e875dc000 r--s 00004000 08:07 1189106                    /home/chivu/.gradle/wrapper/dists/gradle-3.3-all/55gk2rcmfc6p2dg9u9ohc3hw9/gradle-3.3/lib/plugins/gradle-resources-sftp-3.3.jar
7f6e875dc000-7f6e875ec000 r--s 00088000 08:07 1189143                    /home/chivu/.gradle/wrapper/dists/gradle-3.3-all/55gk2rcmfc6p2dg9u9ohc3hw9/gradle-3.3/lib/plugins/joda-time-2.8.2.jar
7f6e875ec000-7f6e875fd000 r--s 0010d000 08:07 1189142                    /home/chivu/.gradle/wrapper/dists/gradle-3.3-all/55gk2rcmfc6p2dg9u9ohc3hw9/gradle-3.3/lib/plugins/jackson-databind-2.6.6.jar
7f6e875fd000-7f6e87600000 r--s 00009000 08:07 1189141                    /home/chivu/.gradle/wrapper/dists/gradle-3.3-all/55gk2rcmfc6p2dg9u9ohc3hw9/gradle-3.3/lib/plugins/jackson-annotations-2.6.6.jar
7f6e87600000-7f6e87604000 r--s 0003c000 08:07 1189140                    /home/chivu/.gradle/wrapper/dists/gradle-3.3-all/55gk2rcmfc6p2dg9u9ohc3hw9/gradle-3.3/lib/plugins/jackson-core-2.6.6.jar
7f6e87604000-7f6e87612000 r--s 00087000 08:07 1189139                    /home/chivu/.gradle/wrapper/dists/gradle-3.3-all/55gk2rcmfc6p2dg9u9ohc3hw9/gradle-3.3/lib/plugins/aws-java-sdk-core-1.11.6.jar
7f6e87612000-7f6e87619000 r--s 00057000 08:07 1189138                    /home/chivu/.gradle/wrapper/dists/gradle-3.3-all/55gk2rcmfc6p2dg9u9ohc3hw9/gradle-3.3/lib/plugins/aws-java-sdk-kms-1.11.6.jar
7f6e87619000-7f6e87626000 r--s 0008e000 08:07 1189137                    /home/chivu/.gradle/wrapper/dists/gradle-3.3-all/55gk2rcmfc6p2dg9u9ohc3hw9/gradle-3.3/lib/plugins/aws-java-sdk-s3-1.11.6.jar
7f6e87626000-7f6e87628000 r--s 00004000 08:07 1189107                    /home/chivu/.gradle/wrapper/dists/gradle-3.3-all/55gk2rcmfc6p2dg9u9ohc3hw9/gradle-3.3/lib/plugins/gradle-resources-s3-3.3.jar
7f6e87628000-7f6e8762a000 r--s 00005000 08:07 1189131                    /home/chivu/.gradle/wrapper/dists/gradle-3.3-all/55gk2rcmfc6p2dg9u9ohc3hw9/gradle-3.3/lib/plugins/jatl-0.2.2.jar
7f6e8762a000-7f6e8762c000 r--s 0000f000 08:07 1189084                    /home/chivu/.gradle/wrapper/dists/gradle-3.3-all/55gk2rcmfc6p2dg9u9ohc3hw9/gradle-3.3/lib/plugins/gradle-reporting-3.3.jar
7f6e8762c000-7f6e8762e000 r--s 00002000 08:07 1189085                    /home/chivu/.gradle/wrapper/dists/gradle-3.3-all/55gk2rcmfc6p2dg9u9ohc3hw9/gradle-3.3/lib/plugins/gradle-publish-3.3.jar
7f6e8762e000-7f6e87630000 r--s 00009000 08:07 1189114                    /home/chivu/.gradle/wrapper/dists/gradle-3.3-all/55gk2rcmfc6p2dg9u9ohc3hw9/gradle-3.3/lib/plugins/commons-cli-1.2.jar
7f6e87630000-7f6e87636000 r--s 00031000 08:07 1189070                    /home/chivu/.gradle/wrapper/dists/gradle-3.3-all/55gk2rcmfc6p2dg9u9ohc3hw9/gradle-3.3/lib/plugins/gradle-plugins-3.3.jar
7f6e87636000-7f6e87638000 r--s 00009000 08:07 1189103                    /home/chivu/.gradle/wrapper/dists/gradle-3.3-all/55gk2rcmfc6p2dg9u9ohc3hw9/gradle-3.3/lib/plugins/gradle-plugin-development-3.3.jar
7f6e87638000-7f6e8763e000 r--s 0002b000 08:07 1189096                    /home/chivu/.gradle/wrapper/dists/gradle-3.3-all/55gk2rcmfc6p2dg9u9ohc3hw9/gradle-3.3/lib/plugins/gradle-platform-play-3.3.jar
7f6e8763e000-7f6e8764c000 r--s 00055000 08:07 1189095                    /home/chivu/.gradle/wrapper/dists/gradle-3.3-all/55gk2rcmfc6p2dg9u9ohc3hw9/gradle-3.3/lib/plugins/gradle-platform-native-3.3.jar
7f6e8764c000-7f6e87651000 r--s 0001f000 08:07 1189090                    /home/chivu/.gradle/wrapper/dists/gradle-3.3-all/55gk2rcmfc6p2dg9u9ohc3hw9/gradle-3.3/lib/plugins/gradle-platform-jvm-3.3.jar
7f6e87651000-7f6e87667000 r-xp 00000000 08:07 529479                     /lib/x86_64-linux-gnu/libgcc_s.so.1
7f6e87667000-7f6e87866000 ---p 00016000 08:07 529479                     /lib/x86_64-linux-gnu/libgcc_s.so.1
7f6e87866000-7f6e87867000 rw-p 00015000 08:07 529479                     /lib/x86_64-linux-gnu/libgcc_s.so.1
7f6e87867000-7f6e879d9000 r-xp 00000000 08:07 1312856                    /usr/lib/x86_64-linux-gnu/libstdc++.so.6.0.21
7f6e879d9000-7f6e87bd9000 ---p 00172000 08:07 1312856                    /usr/lib/x86_64-linux-gnu/libstdc++.so.6.0.21
7f6e87bd9000-7f6e87be3000 r--p 00172000 08:07 1312856                    /usr/lib/x86_64-linux-gnu/libstdc++.so.6.0.21
7f6e87be3000-7f6e87be5000 rw-p 0017c000 08:07 1312856                    /usr/lib/x86_64-linux-gnu/libstdc++.so.6.0.21
7f6e87be5000-7f6e87be9000 rw-p 00000000 00:00 0 
7f6e87be9000-7f6e87bee000 r-xp 00000000 08:07 932602                     /home/chivu/.gradle/native/23/linux-amd64/libnative-platform.so
7f6e87bee000-7f6e87ded000 ---p 00005000 08:07 932602                     /home/chivu/.gradle/native/23/linux-amd64/libnative-platform.so
7f6e87ded000-7f6e87dee000 rw-p 00004000 08:07 932602                     /home/chivu/.gradle/native/23/linux-amd64/libnative-platform.so
7f6e87dee000-7f6e87dff000 r-xp 00000000 08:07 1201545                    /home/chivu/Downloads/android-studio-p/jre/jre/lib/amd64/libnio.so
7f6e87dff000-7f6e87ffe000 ---p 00011000 08:07 1201545                    /home/chivu/Downloads/android-studio-p/jre/jre/lib/amd64/libnio.so
7f6e87ffe000-7f6e87fff000 r--p 00010000 08:07 1201545                    /home/chivu/Downloads/android-studio-p/jre/jre/lib/amd64/libnio.so
7f6e87fff000-7f6e88000000 rw-p 00011000 08:07 1201545                    /home/chivu/Downloads/android-studio-p/jre/jre/lib/amd64/libnio.so
7f6e88000000-7f6e88043000 rw-p 00000000 00:00 0 
7f6e88043000-7f6e8c000000 ---p 00000000 00:00 0 
7f6e8c000000-7f6e8c008000 r--s 00027000 08:07 1189089                    /home/chivu/.gradle/wrapper/dists/gradle-3.3-all/55gk2rcmfc6p2dg9u9ohc3hw9/gradle-3.3/lib/plugins/gradle-platform-base-3.3.jar
7f6e8c008000-7f6e8c030000 r--s 0021c000 08:07 1189122                    /home/chivu/.gradle/wrapper/dists/gradle-3.3-all/55gk2rcmfc6p2dg9u9ohc3hw9/gradle-3.3/lib/plugins/biz.aQute.bndlib-3.2.0.jar
7f6e8c030000-7f6e8c032000 r--s 00003000 08:07 1189074                    /home/chivu/.gradle/wrapper/dists/gradle-3.3-all/55gk2rcmfc6p2dg9u9ohc3hw9/gradle-3.3/lib/plugins/gradle-osgi-3.3.jar
7f6e8c032000-7f6e8c035000 r--s 0000c000 08:07 1189125                    /home/chivu/.gradle/wrapper/dists/gradle-3.3-all/55gk2rcmfc6p2dg9u9ohc3hw9/gradle-3.3/lib/plugins/pmaven-groovy-0.8-20100325.jar
7f6e8c035000-7f6e8c036000 r--s 00004000 08:07 1189124                    /home/chivu/.gradle/wrapper/dists/gradle-3.3-all/55gk2rcmfc6p2dg9u9ohc3hw9/gradle-3.3/lib/plugins/pmaven-common-0.8-20100325.jar
7f6e8c036000-7f6e8c03c000 r--s 00023000 08:07 1189075                    /home/chivu/.gradle/wrapper/dists/gradle-3.3-all/55gk2rcmfc6p2dg9u9ohc3hw9/gradle-3.3/lib/plugins/gradle-maven-3.3.jar
7f6e8c03c000-7f6e8c03f000 r--s 0000b000 08:07 1189094                    /home/chivu/.gradle/wrapper/dists/gradle-3.3-all/55gk2rcmfc6p2dg9u9ohc3hw9/gradle-3.3/lib/plugins/gradle-language-scala-3.3.jar
7f6e8c03f000-7f6e8c045000 r--s 0001a000 08:07 1189098                    /home/chivu/.gradle/wrapper/dists/gradle-3.3-all/55gk2rcmfc6p2dg9u9ohc3hw9/gradle-3.3/lib/plugins/gradle-language-native-3.3.jar
7f6e8c045000-7f6e8c048000 r--s 00005000 08:07 1189091                    /home/chivu/.gradle/wrapper/dists/gradle-3.3-all/55gk2rcmfc6p2dg9u9ohc3hw9/gradle-3.3/lib/plugins/gradle-language-jvm-3.3.jar
7f6e8c048000-7f6e8c04e000 r--s 00027000 08:07 1189092                    /home/chivu/.gradle/wrapper/dists/gradle-3.3-all/55gk2rcmfc6p2dg9u9ohc3hw9/gradle-3.3/lib/plugins/gradle-language-java-3.3.jar
7f6e8c04e000-7f6e8c050000 r--s 0000a000 08:07 1189093                    /home/chivu/.gradle/wrapper/dists/gradle-3.3-all/55gk2rcmfc6p2dg9u9ohc3hw9/gradle-3.3/lib/plugins/gradle-language-groovy-3.3.jar
7f6e8c050000-7f6e8c053000 r--s 0001e000 08:07 1189149                    /home/chivu/.gradle/wrapper/dists/gradle-3.3-all/55gk2rcmfc6p2dg9u9ohc3hw9/gradle-3.3/lib/plugins/jsp-api-2.1-6.1.14.jar
7f6e8c053000-7f6e8c076000 r--s 00344000 08:07 1189148                    /home/chivu/.gradle/wrapper/dists/gradle-3.3-all/55gk2rcmfc6p2dg9u9ohc3hw9/gradle-3.3/lib/plugins/core-3.1.1.jar
7f6e8c076000-7f6e8c077000 r--s 00006000 08:07 1189147                    /home/chivu/.gradle/wrapper/dists/gradle-3.3-all/55gk2rcmfc6p2dg9u9ohc3hw9/gradle-3.3/lib/plugins/jetty-naming-6.1.26.jar
7f6e8c077000-7f6e8c078000 r--s 00002000 08:07 1189121                    /home/chivu/.gradle/wrapper/dists/gradle-3.3-all/55gk2rcmfc6p2dg9u9ohc3hw9/gradle-3.3/lib/plugins/geronimo-annotation_1.0_spec-1.0.jar
7f6e8c078000-7f6e8c07a000 r--s 00002000 08:07 1189120                    /home/chivu/.gradle/wrapper/dists/gradle-3.3-all/55gk2rcmfc6p2dg9u9ohc3hw9/gradle-3.3/lib/plugins/jetty-annotations-6.1.26.jar
7f6e8c07a000-7f6e8c08b000 r--s 000ea000 08:07 1189119                    /home/chivu/.gradle/wrapper/dists/gradle-3.3-all/55gk2rcmfc6p2dg9u9ohc3hw9/gradle-3.3/lib/plugins/jsp-2.1-6.1.14.jar
7f6e8c08b000-7f6e8c08d000 r--s 0000d000 08:07 1189118                    /home/chivu/.gradle/wrapper/dists/gradle-3.3-all/55gk2rcmfc6p2dg9u9ohc3hw9/gradle-3.3/lib/plugins/jetty-plus-6.1.26.jar
7f6e8c08d000-7f6e8c08f000 r--s 0001f000 08:07 1189117                    /home/chivu/.gradle/wrapper/dists/gradle-3.3-all/55gk2rcmfc6p2dg9u9ohc3hw9/gradle-3.3/lib/plugins/servlet-api-2.5-20081211.jar
7f6e8c08f000-7f6e8c093000 r--s 00028000 08:07 1189116                    /home/chivu/.gradle/wrapper/dists/gradle-3.3-all/55gk2rcmfc6p2dg9u9ohc3hw9/gradle-3.3/lib/plugins/jetty-util-6.1.26.jar
7f6e8c093000-7f6e8c09a000 r--s 0007d000 08:07 1189115                    /home/chivu/.gradle/wrapper/dists/gradle-3.3-all/55gk2rcmfc6p2dg9u9ohc3hw9/gradle-3.3/lib/plugins/jetty-6.1.26.jar
7f6e8c09a000-7f6e8c09c000 r--s 0000a000 08:07 1189072                    /home/chivu/.gradle/wrapper/dists/gradle-3.3-all/55gk2rcmfc6p2dg9u9ohc3hw9/gradle-3.3/lib/plugins/gradle-jetty-3.3.jar
7f6e8c09c000-7f6e8c0a3000 r--s 00035000 08:07 1189130                    /home/chivu/.gradle/wrapper/dists/gradle-3.3-all/55gk2rcmfc6p2dg9u9ohc3hw9/gradle-3.3/lib/plugins/simple-4.1.21.jar
7f6e8c0a3000-7f6e8c0af000 r--s 00100000 08:07 1189128                    /home/chivu/.gradle/wrapper/dists/gradle-3.3-all/55gk2rcmfc6p2dg9u9ohc3hw9/gradle-3.3/lib/plugins/rhino-1.7R3.jar
7f6e8c0af000-7f6e8c0b3000 r--s 00012000 08:07 1189081                    /home/chivu/.gradle/wrapper/dists/gradle-3.3-all/55gk2rcmfc6p2dg9u9ohc3hw9/gradle-3.3/lib/plugins/gradle-javascript-3.3.jar
7f6e8c0b3000-7f6e8c0b5000 r--s 0000d000 08:07 1189087                    /home/chivu/.gradle/wrapper/dists/gradle-3.3-all/55gk2rcmfc6p2dg9u9ohc3hw9/gradle-3.3/lib/plugins/gradle-jacoco-3.3.jar
7f6e8c0b5000-7f6e8c0b8000 r--s 0000e000 08:07 1189086                    /home/chivu/.gradle/wrapper/dists/gradle-3.3-all/55gk2rcmfc6p2dg9u9ohc3hw9/gradle-3.3/lib/plugins/gradle-ivy-3.3.jar
7f6e8c0b8000-7f6e8c0b9000 r--s 00002000 08:07 1189097                    /home/chivu/.gradle/wrapper/dists/gradle-3.3-all/55gk2rcmfc6p2dg9u9ohc3hw9/gradle-3.3/lib/plugins/gradle-ide-play-3.3.jar
7f6e8c0b9000-7f6e8c0bc000 r--s 00013000 08:07 1189099                    /home/chivu/.gradle/wrapper/dists/gradle-3.3-all/55gk2rcmfc6p2dg9u9ohc3hw9/gradle-3.3/lib/plugins/gradle-ide-native-3.3.jar
7f6e8c0bc000-7f6e8c0c5000 r--s 00055000 08:07 1189076                    /home/chivu/.gradle/wrapper/dists/gradle-3.3-all/55gk2rcmfc6p2dg9u9ohc3hw9/gradle-3.3/lib/plugins/gradle-ide-3.3.jar
7f6e8c0c5000-7f6e8c0c7000 r--s 00007000 08:07 1189080                    /home/chivu/.gradle/wrapper/dists/gradle-3.3-all/55gk2rcmfc6p2dg9u9ohc3hw9/gradle-3.3/lib/plugins/gradle-ear-3.3.jar
7f6e8c0c7000-7f6e8c0cd000 r--s 00039000 08:07 1189083                    /home/chivu/.gradle/wrapper/dists/gradle-3.3-all/55gk2rcmfc6p2dg9u9ohc3hw9/gradle-3.3/lib/plugins/gradle-diagnostics-3.3.jar
7f6e8c0cd000-7f6e8c0ce000 r--s 00009000 08:07 1189109                    /home/chivu/.gradle/wrapper/dists/gradle-3.3-all/55gk2rcmfc6p2dg9u9ohc3hw9/gradle-3.3/lib/plugins/gradle-composite-builds-3.3.jar
7f6e8c0ce000-7f6e8c0d2000 r--s 00023000 08:07 1189071                    /home/chivu/.gradle/wrapper/dists/gradle-3.3-all/55gk2rcmfc6p2dg9u9ohc3hw9/gradle-3.3/lib/plugins/gradle-code-quality-3.3.jar
7f6e8c0d2000-7f6e8c0d6000 r--s 00022000 08:07 1189088                    /home/chivu/.gradle/wrapper/dists/gradle-3.3-all/55gk2rcmfc6p2dg9u9ohc3hw9/gradle-3.3/lib/plugins/gradle-build-init-3.3.jar
7f6e8c0d6000-7f6e8c0dc000 r--s 0008e000 08:07 1189082                    /home/chivu/.gradle/wrapper/dists/gradle-3.3-all/55gk2rcmfc6p2dg9u9ohc3hw9/gradle-3.3/lib/plugins/gradle-build-comparison-3.3.jar
7f6e8c0dc000-7f6e8c0dd000 r--s 00001000 08:07 1189110                    /home/chivu/.gradle/wrapper/dists/gradle-3.3-all/55gk2rcmfc6p2dg9u9ohc3hw9/gradle-3.3/lib/plugins/gradle-build-cache-http-3.3.jar
7f6e8c0dd000-7f6e8c0df000 r--s 00008000 08:07 1189073                    /home/chivu/.gradle/wrapper/dists/gradle-3.3-all/55gk2rcmfc6p2dg9u9ohc3hw9/gradle-3.3/lib/plugins/gradle-antlr-3.3.jar
7f6e8c0df000-7f6e8c0e1000 r--s 00004000 08:07 1189077                    /home/chivu/.gradle/wrapper/dists/gradle-3.3-all/55gk2rcmfc6p2dg9u9ohc3hw9/gradle-3.3/lib/plugins/gradle-announce-3.3.jar
7f6e8c0e1000-7f6e8c0f9000 r--s 00115000 08:07 1189179                    /home/chivu/.gradle/wrapper/dists/gradle-3.3-all/55gk2rcmfc6p2dg9u9ohc3hw9/gradle-3.3/lib/plugins/xercesImpl-2.9.1.jar
7f6e8c0f9000-7f6e8c101000 r--s 00028000 08:07 1189180                    /home/chivu/.gradle/wrapper/dists/gradle-3.3-all/55gk2rcmfc6p2dg9u9ohc3hw9/gradle-3.3/lib/plugins/xml-apis-1.3.04.jar
7f6e8c101000-7f6e8c107000 r--s 0005b000 08:07 1189178                    /home/chivu/.gradle/wrapper/dists/gradle-3.3-all/55gk2rcmfc6p2dg9u9ohc3hw9/gradle-3.3/lib/plugins/jcifs-1.3.17.jar
7f6e8c107000-7f6e8c10d000 r--s 00033000 08:07 1189126                    /home/chivu/.gradle/wrapper/dists/gradle-3.3-all/55gk2rcmfc6p2dg9u9ohc3hw9/gradle-3.3/lib/plugins/commons-codec-1.6.jar
7f6e8c10d000-7f6e8c114000 r--s 00049000 08:07 1189177                    /home/chivu/.gradle/wrapper/dists/gradle-3.3-all/55gk2rcmfc6p2dg9u9ohc3hw9/gradle-3.3/lib/plugins/httpcore-4.4.4.jar
7f6e8c114000-7f6e8c117000 r--s 0001c000 08:07 1189135                    /home/chivu/.gradle/wrapper/dists/gradle-3.3-all/55gk2rcmfc6p2dg9u9ohc3hw9/gradle-3.3/lib/plugins/nekohtml-1.9.14.jar
7f6e8c117000-7f6e8c124000 r--s 000a4000 08:07 1189134                    /home/chivu/.gradle/wrapper/dists/gradle-3.3-all/55gk2rcmfc6p2dg9u9ohc3hw9/gradle-3.3/lib/plugins/httpclient-4.4.1.jar
7f6e8c124000-7f6e8c127000 r--s 0000a000 08:07 1189105                    /home/chivu/.gradle/wrapper/dists/gradle-3.3-all/55gk2rcmfc6p2dg9u9ohc3hw9/gradle-3.3/lib/plugins/gradle-resources-http-3.3.jar
7f6e8c127000-7f6e8c12b000 r--s 00015000 08:07 1189104                    /home/chivu/.gradle/wrapper/dists/gradle-3.3-all/55gk2rcmfc6p2dg9u9ohc3hw9/gradle-3.3/lib/plugins/gradle-plugin-use-3.3.jar
7f6e8c12b000-7f6e8c12c000 r--s 00000000 08:07 1189016                    /home/chivu/.gradle/wrapper/dists/gradle-3.3-all/55gk2rcmfc6p2dg9u9ohc3hw9/gradle-3.3/lib/gradle-installation-beacon-3.3.jar
7f6e8c12c000-7f6e8c12e000 r--s 00006000 08:07 1189173                    /home/chivu/.gradle/wrapper/dists/gradle-3.3-all/55gk2rcmfc6p2dg9u9ohc3hw9/gradle-3.3/lib/plugins/aether-connector-wagon-1.13.1.jar
7f6e8c12e000-7f6e8c132000 r--s 0001c000 08:07 1189172                    /home/chivu/.gradle/wrapper/dists/gradle-3.3-all/55gk2rcmfc6p2dg9u9ohc3hw9/gradle-3.3/lib/plugins/aether-util-1.13.1.jar
7f6e8c132000-7f6e8c133000 r--s 00003000 08:07 1189171                    /home/chivu/.gradle/wrapper/dists/gradle-3.3-all/55gk2rcmfc6p2dg9u9ohc3hw9/gradle-3.3/lib/plugins/aether-spi-1.13.1.jar
7f6e8c133000-7f6e8c136000 r--s 0001d000 08:07 1189170                    /home/chivu/.gradle/wrapper/dists/gradle-3.3-all/55gk2rcmfc6p2dg9u9ohc3hw9/gradle-3.3/lib/plugins/aether-impl-1.13.1.jar
7f6e8c136000-7f6e8c139000 r--s 00013000 08:07 1189169                    /home/chivu/.gradle/wrapper/dists/gradle-3.3-all/55gk2rcmfc6p2dg9u9ohc3hw9/gradle-3.3/lib/plugins/aether-api-1.13.1.jar
7f6e8c139000-7f6e8c13a000 r--s 00007000 08:07 1189168                    /home/chivu/.gradle/wrapper/dists/gradle-3.3-all/55gk2rcmfc6p2dg9u9ohc3hw9/gradle-3.3/lib/plugins/wagon-http-shared4-2.4.jar
7f6e8c13a000-7f6e8c13c000 r--s 0000b000 08:07 1189167                    /home/chivu/.gradle/wrapper/dists/gradle-3.3-all/55gk2rcmfc6p2dg9u9ohc3hw9/gradle-3.3/lib/plugins/wagon-provider-api-2.4.jar
7f6e8c13c000-7f6e8c13d000 r--s 00002000 08:07 1189166                    /home/chivu/.gradle/wrapper/dists/gradle-3.3-all/55gk2rcmfc6p2dg9u9ohc3hw9/gradle-3.3/lib/plugins/wagon-http-2.4.jar
7f6e8c13d000-7f6e8c13e000 r--s 00002000 08:07 1189165                    /home/chivu/.gradle/wrapper/dists/gradle-3.3-all/55gk2rcmfc6p2dg9u9ohc3hw9/gradle-3.3/lib/plugins/wagon-file-2.4.jar
7f6e8c13e000-7f6e8c140000 r--s 0000c000 08:07 1189164                    /home/chivu/.gradle/wrapper/dists/gradle-3.3-all/55gk2rcmfc6p2dg9u9ohc3hw9/gradle-3.3/lib/plugins/maven-aether-provider-3.0.4.jar
7f6e8c140000-7f6e8c142000 r--s 0000b000 08:07 1189163                    /home/chivu/.gradle/wrapper/dists/gradle-3.3-all/55gk2rcmfc6p2dg9u9ohc3hw9/gradle-3.3/lib/plugins/maven-plugin-api-3.0.4.jar
7f6e8c142000-7f6e8c144000 r--s 00006000 08:07 1189162                    /home/chivu/.gradle/wrapper/dists/gradle-3.3-all/55gk2rcmfc6p2dg9u9ohc3hw9/gradle-3.3/lib/plugins/maven-repository-metadata-3.0.4.jar
7f6e8c144000-7f6e8c146000 r--s 0000b000 08:07 1189161                    /home/chivu/.gradle/wrapper/dists/gradle-3.3-all/55gk2rcmfc6p2dg9u9ohc3hw9/gradle-3.3/lib/plugins/maven-artifact-3.0.4.jar
7f6e8c146000-7f6e8c148000 r--s 00026000 08:07 1189160                    /home/chivu/.gradle/wrapper/dists/gradle-3.3-all/55gk2rcmfc6p2dg9u9ohc3hw9/gradle-3.3/lib/plugins/maven-model-3.0.4.jar
7f6e8c148000-7f6e8c14c000 r--s 00021000 08:07 1189159                    /home/chivu/.gradle/wrapper/dists/gradle-3.3-all/55gk2rcmfc6p2dg9u9ohc3hw9/gradle-3.3/lib/plugins/maven-model-builder-3.0.4.jar
7f6e8c14c000-7f6e8c152000 r--s 0003f000 08:07 1189158                    /home/chivu/.gradle/wrapper/dists/gradle-3.3-all/55gk2rcmfc6p2dg9u9ohc3hw9/gradle-3.3/lib/plugins/maven-compat-3.0.4.jar
7f6e8c152000-7f6e8c153000 r--s 00006000 08:07 1189157                    /home/chivu/.gradle/wrapper/dists/gradle-3.3-all/55gk2rcmfc6p2dg9u9ohc3hw9/gradle-3.3/lib/plugins/plexus-sec-dispatcher-1.3.jar
7f6e8c153000-7f6e8c155000 r--s 00002000 08:07 1189156                    /home/chivu/.gradle/wrapper/dists/gradle-3.3-all/55gk2rcmfc6p2dg9u9ohc3hw9/gradle-3.3/lib/plugins/plexus-cipher-1.7.jar
7f6e8c155000-7f6e8c157000 r--s 0000a000 08:07 1189155                    /home/chivu/.gradle/wrapper/dists/gradle-3.3-all/55gk2rcmfc6p2dg9u9ohc3hw9/gradle-3.3/lib/plugins/plexus-classworlds-2.4.jar
7f6e8c157000-7f6e8c15e000 r--s 0002e000 08:07 1189154                    /home/chivu/.gradle/wrapper/dists/gradle-3.3-all/55gk2rcmfc6p2dg9u9ohc3hw9/gradle-3.3/lib/plugins/plexus-container-default-1.5.5.jar
7f6e8c15e000-7f6e8c160000 r--s 00000000 08:07 1189181                    /home/chivu/.gradle/wrapper/dists/gradle-3.3-all/55gk2rcmfc6p2dg9u9ohc3hw9/gradle-3.3/lib/plugins/plexus-component-annotations-1.5.5.jar
7f6e8c160000-7f6e8c162000 r--s 0000d000 08:07 1189153                    /home/chivu/.gradle/wrapper/dists/gradle-3.3-all/55gk2rcmfc6p2dg9u9ohc3hw9/gradle-3.3/lib/plugins/plexus-interpolation-1.14.jar
7f6e8c162000-7f6e8c166000 r--s 00033000 08:07 1189152                    /home/chivu/.gradle/wrapper/dists/gradle-3.3-all/55gk2rcmfc6p2dg9u9ohc3hw9/gradle-3.3/lib/plugins/plexus-utils-2.0.6.jar
7f6e8c166000-7f6e8c169000 r--s 00008000 08:07 1189151                    /home/chivu/.gradle/wrapper/dists/gradle-3.3-all/55gk2rcmfc6p2dg9u9ohc3hw9/gradle-3.3/lib/plugins/maven-settings-builder-3.0.4.jar
7f6e8c169000-7f6e8c16b000 r--s 0000a000 08:07 1189150                    /home/chivu/.gradle/wrapper/dists/gradle-3.3-all/55gk2rcmfc6p2dg9u9ohc3hw9/gradle-3.3/lib/plugins/maven-settings-3.0.4.jar
7f6e8c16b000-7f6e8c170000 r--s 00040000 08:07 1189136                    /home/chivu/.gradle/wrapper/dists/gradle-3.3-all/55gk2rcmfc6p2dg9u9ohc3hw9/gradle-3.3/lib/plugins/jsch-0.1.53.jar
7f6e8c170000-7f6e8c1b0000 r--s 00277000 08:07 1189146                    /home/chivu/.gradle/wrapper/dists/gradle-3.3-all/55gk2rcmfc6p2dg9u9ohc3hw9/gradle-3.3/lib/plugins/bcprov-jdk15on-1.51.jar
7f6e8c1b0000-7f6e8c1b4000 r--s 0001d000 08:07 1189145                    /home/chivu/.gradle/wrapper/dists/gradle-3.3-all/55gk2rcmfc6p2dg9u9ohc3hw9/gradle-3.3/lib/plugins/xbean-reflect-3.4.jar
7f6e8c1b4000-7f6e8c1c0000 r--s 0007d000 08:07 1189123                    /home/chivu/.gradle/wrapper/dists/gradle-3.3-all/55gk2rcmfc6p2dg9u9ohc3hw9/gradle-3.3/lib/plugins/maven-core-3.0.4.jar
7f6e8c1c0000-7f6e8c1c5000 r--s 00034000 08:07 1189129                    /home/chivu/.gradle/wrapper/dists/gradle-3.3-all/55gk2rcmfc6p2dg9u9ohc3hw9/gradle-3.3/lib/plugins/gson-2.7.jar
7f6e8c1c5000-7f6e8c1d4000 r--s 000d9000 08:07 1189144                    /home/chivu/.gradle/wrapper/dists/gradle-3.3-all/55gk2rcmfc6p2dg9u9ohc3hw9/gradle-3.3/lib/plugins/ivy-2.2.0.jar
7f6e8c1d4000-7f6e8c1f3000 r--s 000f6000 08:07 1189112                    /home/chivu/.gradle/wrapper/dists/gradle-3.3-all/55gk2rcmfc6p2dg9u9ohc3hw9/gradle-3.3/lib/plugins/gradle-dependency-management-3.3.jar
7f6e8c1f3000-7f6e8c1f5000 r--s 00005000 08:07 1189111                    /home/chivu/.gradle/wrapper/dists/gradle-3.3-all/55gk2rcmfc6p2dg9u9ohc3hw9/gradle-3.3/lib/plugins/gradle-workers-3.3.jar
7f6e8c1f5000-7f6e8c4f6000 rw-p 00000000 00:00 0 
7f6e8c4f6000-7f6e8c50d000 r-xp 00000000 08:07 1201544                    /home/chivu/Downloads/android-studio-p/jre/jre/lib/amd64/libnet.so
7f6e8c50d000-7f6e8c70c000 ---p 00017000 08:07 1201544                    /home/chivu/Downloads/android-studio-p/jre/jre/lib/amd64/libnet.so
7f6e8c70c000-7f6e8c70d000 r--p 00016000 08:07 1201544                    /home/chivu/Downloads/android-studio-p/jre/jre/lib/amd64/libnet.so
7f6e8c70d000-7f6e8c70e000 rw-p 00017000 08:07 1201544                    /home/chivu/Downloads/android-studio-p/jre/jre/lib/amd64/libnet.so
7f6e8c70e000-7f6e8c70f000 r--s 00006000 08:07 1189015                    /home/chivu/.gradle/wrapper/dists/gradle-3.3-all/55gk2rcmfc6p2dg9u9ohc3hw9/gradle-3.3/lib/gradle-wrapper-3.3.jar
7f6e8c70f000-7f6e8c71c000 r--s 00041000 08:07 1189022                    /home/chivu/.gradle/wrapper/dists/gradle-3.3-all/55gk2rcmfc6p2dg9u9ohc3hw9/gradle-3.3/lib/gradle-tooling-api-3.3.jar
7f6e8c71c000-7f6e8c71e000 r--s 00002000 08:07 1189042                    /home/chivu/.gradle/wrapper/dists/gradle-3.3-all/55gk2rcmfc6p2dg9u9ohc3hw9/gradle-3.3/lib/gradle-open-api-3.3.jar
7f6e8c71e000-7f6e8c724000 r--s 00032000 08:07 1189044                    /home/chivu/.gradle/wrapper/dists/gradle-3.3-all/55gk2rcmfc6p2dg9u9ohc3hw9/gradle-3.3/lib/jaxen-1.1.jar
7f6e8c724000-7f6e8c729000 r--s 00048000 08:07 1189043                    /home/chivu/.gradle/wrapper/dists/gradle-3.3-all/55gk2rcmfc6p2dg9u9ohc3hw9/gradle-3.3/lib/dom4j-1.6.1.jar
7f6e8c729000-7f6e8c734000 r--s 00059000 08:07 1189021                    /home/chivu/.gradle/wrapper/dists/gradle-3.3-all/55gk2rcmfc6p2dg9u9ohc3hw9/gradle-3.3/lib/gradle-ui-3.3.jar
7f6e8c734000-7f6e8c73d000 r--s 0008c000 08:07 1189013                    /home/chivu/.gradle/wrapper/dists/gradle-3.3-all/55gk2rcmfc6p2dg9u9ohc3hw9/gradle-3.3/lib/kotlin-stdlib-1.1-M02.jar
7f6e8c73d000-7f6e8c743000 r--s 0002a000 08:07 1189012                    /home/chivu/.gradle/wrapper/dists/gradle-3.3-all/55gk2rcmfc6p2dg9u9ohc3hw9/gradle-3.3/lib/kotlin-runtime-1.1-M02.jar
7f6e8c743000-7f6e8c777000 r--s 00256000 08:07 1189011                    /home/chivu/.gradle/wrapper/dists/gradle-3.3-all/55gk2rcmfc6p2dg9u9ohc3hw9/gradle-3.3/lib/kotlin-reflect-1.1-M02.jar
7f6e8c777000-7f6e8c90d000 r--s 0157e000 08:07 1189010                    /home/chivu/.gradle/wrapper/dists/gradle-3.3-all/55gk2rcmfc6p2dg9u9ohc3hw9/gradle-3.3/lib/kotlin-compiler-embeddable-1.1-M02.jar
7f6e8c90d000-7f6e8c915000 r--s 0004e000 08:07 1189009                    /home/chivu/.gradle/wrapper/dists/gradle-3.3-all/55gk2rcmfc6p2dg9u9ohc3hw9/gradle-3.3/lib/gradle-script-kotlin-0.5.1.jar
7f6e8c915000-7f6e8c918000 r--s 0000b000 08:07 1189040                    /home/chivu/.gradle/wrapper/dists/gradle-3.3-all/55gk2rcmfc6p2dg9u9ohc3hw9/gradle-3.3/lib/gradle-resources-3.3.jar
7f6e8c918000-7f6e8c91a000 r--s 00003000 08:07 1189049                    /home/chivu/.gradle/wrapper/dists/gradle-3.3-all/55gk2rcmfc6p2dg9u9ohc3hw9/gradle-3.3/lib/jcl-over-slf4j-1.7.10.jar
7f6e8c91a000-7f6e8c91b000 r--s 00005000 08:07 1189048                    /home/chivu/.gradle/wrapper/dists/gradle-3.3-all/55gk2rcmfc6p2dg9u9ohc3hw9/gradle-3.3/lib/log4j-over-slf4j-1.7.10.jar
7f6e8c91b000-7f6e8c91d000 r--s 00000000 08:07 1189047                    /home/chivu/.gradle/wrapper/dists/gradle-3.3-all/55gk2rcmfc6p2dg9u9ohc3hw9/gradle-3.3/lib/jul-to-slf4j-1.7.10.jar
7f6e8c91d000-7f6e8c922000 r--s 0001e000 08:07 1189024                    /home/chivu/.gradle/wrapper/dists/gradle-3.3-all/55gk2rcmfc6p2dg9u9ohc3hw9/gradle-3.3/lib/gradle-logging-3.3.jar
7f6e8c922000-7f6e8c924000 r--s 00007000 08:07 1189068                    /home/chivu/.gradle/wrapper/dists/gradle-3.3-all/55gk2rcmfc6p2dg9u9ohc3hw9/gradle-3.3/lib/objenesis-1.2.jar
7f6e8c924000-7f6e8c926000 r--s 00000000 08:07 1189067                    /home/chivu/.gradle/wrapper/dists/gradle-3.3-all/55gk2rcmfc6p2dg9u9ohc3hw9/gradle-3.3/lib/minlog-1.2.jar
7f6e8c926000-7f6e8c928000 r--s 0000f000 08:07 1189066                    /home/chivu/.gradle/wrapper/dists/gradle-3.3-all/55gk2rcmfc6p2dg9u9ohc3hw9/gradle-3.3/lib/reflectasm-1.07-shaded.jar
7f6e8c928000-7f6e8c92c000 r--s 00026000 08:07 1189051                    /home/chivu/.gradle/wrapper/dists/gradle-3.3-all/55gk2rcmfc6p2dg9u9ohc3hw9/gradle-3.3/lib/kryo-2.20.jar
7f6e8c92c000-7f6e8c932000 r--s 00027000 08:07 1189039                    /home/chivu/.gradle/wrapper/dists/gradle-3.3-all/55gk2rcmfc6p2dg9u9ohc3hw9/gradle-3.3/lib/gradle-messaging-3.3.jar
7f6e8c932000-7f6e8c933000 r--s 00001000 08:07 1189065                    /home/chivu/.gradle/wrapper/dists/gradle-3.3-all/55gk2rcmfc6p2dg9u9ohc3hw9/gradle-3.3/lib/native-platform-linux-i386-ncurses6-0.12.jar
7f6e8c933000-7f6e8c934000 r--s 00001000 08:07 1189064                    /home/chivu/.gradle/wrapper/dists/gradle-3.3-all/55gk2rcmfc6p2dg9u9ohc3hw9/gradle-3.3/lib/native-platform-linux-i386-ncurses5-0.12.jar
7f6e8c934000-7f6e8c935000 r--s 00001000 08:07 1189063                    /home/chivu/.gradle/wrapper/dists/gradle-3.3-all/55gk2rcmfc6p2dg9u9ohc3hw9/gradle-3.3/lib/native-platform-linux-amd64-ncurses6-0.12.jar
7f6e8c935000-7f6e8c936000 r--s 00001000 08:07 1189062                    /home/chivu/.gradle/wrapper/dists/gradle-3.3-all/55gk2rcmfc6p2dg9u9ohc3hw9/gradle-3.3/lib/native-platform-linux-amd64-ncurses5-0.12.jar
7f6e8c936000-7f6e8c937000 r--s 0000b000 08:07 1189061                    /home/chivu/.gradle/wrapper/dists/gradle-3.3-all/55gk2rcmfc6p2dg9u9ohc3hw9/gradle-3.3/lib/native-platform-windows-i386-0.12.jar
7f6e8c937000-7f6e8c939000 r--s 0000b000 08:07 1189060                    /home/chivu/.gradle/wrapper/dists/gradle-3.3-all/55gk2rcmfc6p2dg9u9ohc3hw9/gradle-3.3/lib/native-platform-windows-amd64-0.12.jar
7f6e8c939000-7f6e8c93b000 r--s 00002000 08:07 1189059                    /home/chivu/.gradle/wrapper/dists/gradle-3.3-all/55gk2rcmfc6p2dg9u9ohc3hw9/gradle-3.3/lib/native-platform-osx-i386-0.12.jar
7f6e8c93b000-7f6e8c93c000 r--s 00002000 08:07 1189058                    /home/chivu/.gradle/wrapper/dists/gradle-3.3-all/55gk2rcmfc6p2dg9u9ohc3hw9/gradle-3.3/lib/native-platform-osx-amd64-0.12.jar
7f6e8c93c000-7f6e8c93d000 r--s 00002000 08:07 1189057                    /home/chivu/.gradle/wrapper/dists/gradle-3.3-all/55gk2rcmfc6p2dg9u9ohc3hw9/gradle-3.3/lib/native-platform-linux-i386-0.12.jar
7f6e8c93d000-7f6e8c93e000 r--s 00002000 08:07 1189056                    /home/chivu/.gradle/wrapper/dists/gradle-3.3-all/55gk2rcmfc6p2dg9u9ohc3hw9/gradle-3.3/lib/native-platform-linux-amd64-0.12.jar
7f6e8c93e000-7f6e8c93f000 r--s 00003000 08:07 1189055                    /home/chivu/.gradle/wrapper/dists/gradle-3.3-all/55gk2rcmfc6p2dg9u9ohc3hw9/gradle-3.3/lib/native-platform-freebsd-i386-libstdcpp-0.12.jar
7f6e8c93f000-7f6e8c940000 r--s 00004000 08:07 1189054                    /home/chivu/.gradle/wrapper/dists/gradle-3.3-all/55gk2rcmfc6p2dg9u9ohc3hw9/gradle-3.3/lib/native-platform-freebsd-i386-libcpp-0.12.jar
7f6e8c940000-7f6e8c942000 r--s 00003000 08:07 1189053                    /home/chivu/.gradle/wrapper/dists/gradle-3.3-all/55gk2rcmfc6p2dg9u9ohc3hw9/gradle-3.3/lib/native-platform-freebsd-amd64-libstdcpp-0.12.jar
7f6e8c942000-7f6e8c943000 r--s 00004000 08:07 1189052                    /home/chivu/.gradle/wrapper/dists/gradle-3.3-all/55gk2rcmfc6p2dg9u9ohc3hw9/gradle-3.3/lib/native-platform-freebsd-amd64-libcpp-0.12.jar
7f6e8c943000-7f6e8c9b3000 r--s 00641000 08:07 1189029                    /home/chivu/.gradle/wrapper/dists/gradle-3.3-all/55gk2rcmfc6p2dg9u9ohc3hw9/gradle-3.3/lib/groovy-all-2.4.7.jar
7f6e8c9b3000-7f6e8c9db000 r--s 001cf000 08:07 1189026                    /home/chivu/.gradle/wrapper/dists/gradle-3.3-all/55gk2rcmfc6p2dg9u9ohc3hw9/gradle-3.3/lib/guava-jdk5-17.0.jar
7f6e8c9db000-7f6e8c9fa000 r--s 001d1000 08:07 1189033                    /home/chivu/.gradle/wrapper/dists/gradle-3.3-all/55gk2rcmfc6p2dg9u9ohc3hw9/gradle-3.3/lib/ant-1.9.6.jar
7f6e8c9fa000-7f6e8c9fb000 ---p 00000000 00:00 0 
7f6e8c9fb000-7f6e8cafb000 rw-p 00000000 00:00 0 
7f6e8cafb000-7f6e8cafe000 ---p 00000000 00:00 0 
7f6e8cafe000-7f6e8cbfc000 rw-p 00000000 00:00 0 
7f6e8cbfc000-7f6e8cbff000 ---p 00000000 00:00 0 
7f6e8cbff000-7f6e8ccfd000 rw-p 00000000 00:00 0 
7f6e8ccfd000-7f6e8cd00000 ---p 00000000 00:00 0 
7f6e8cd00000-7f6e8cdfe000 rw-p 00000000 00:00 0 
7f6e8cdfe000-7f6e8ce01000 ---p 00000000 00:00 0 
7f6e8ce01000-7f6e8ceff000 rw-p 00000000 00:00 0 
7f6e8ceff000-7f6e8cf02000 ---p 00000000 00:00 0 
7f6e8cf02000-7f6e90000000 rw-p 00000000 00:00 0 
7f6e90000000-7f6e90021000 rw-p 00000000 00:00 0 
7f6e90021000-7f6e94000000 ---p 00000000 00:00 0 
7f6e94000000-7f6e94003000 r--s 00023000 08:07 1189046                    /home/chivu/.gradle/wrapper/dists/gradle-3.3-all/55gk2rcmfc6p2dg9u9ohc3hw9/gradle-3.3/lib/jansi-1.14.jar
7f6e94003000-7f6e94007000 r--s 00011000 08:07 1189045                    /home/chivu/.gradle/wrapper/dists/gradle-3.3-all/55gk2rcmfc6p2dg9u9ohc3hw9/gradle-3.3/lib/native-platform-0.12.jar
7f6e94007000-7f6e9400a000 r--s 0000a000 08:07 1189023                    /home/chivu/.gradle/wrapper/dists/gradle-3.3-all/55gk2rcmfc6p2dg9u9ohc3hw9/gradle-3.3/lib/gradle-native-3.3.jar
7f6e9400a000-7f6e9400c000 r--s 00005000 08:07 1189020                    /home/chivu/.gradle/wrapper/dists/gradle-3.3-all/55gk2rcmfc6p2dg9u9ohc3hw9/gradle-3.3/lib/gradle-cli-3.3.jar
7f6e9400c000-7f6e9401b000 r--s 0007f000 08:07 1189030                    /home/chivu/.gradle/wrapper/dists/gradle-3.3-all/55gk2rcmfc6p2dg9u9ohc3hw9/gradle-3.3/lib/gradle-model-core-3.3.jar
7f6e9401b000-7f6e942f3000 r--p 00000000 08:07 1311727                    /usr/lib/locale/locale-archive
7f6e942f3000-7f6e942f6000 ---p 00000000 00:00 0 
7f6e942f6000-7f6e943f4000 rw-p 00000000 00:00 0 
7f6e943f4000-7f6e943f7000 ---p 00000000 00:00 0 
7f6e943f7000-7f6e944f5000 rw-p 00000000 00:00 0 
7f6e944f5000-7f6e944f6000 ---p 00000000 00:00 0 
7f6e944f6000-7f6e95000000 rw-p 00000000 00:00 0 
7f6e95000000-7f6e96e10000 rwxp 00000000 00:00 0 
7f6e96e10000-7f6ea4000000 ---p 00000000 00:00 0 
7f6ea4000000-7f6ea4d23000 rw-p 00000000 00:00 0 
7f6ea4d23000-7f6ea8000000 ---p 00000000 00:00 0 
7f6ea8000000-7f6ea8002000 r--s 00007000 08:07 1189031                    /home/chivu/.gradle/wrapper/dists/gradle-3.3-all/55gk2rcmfc6p2dg9u9ohc3hw9/gradle-3.3/lib/gradle-model-groovy-3.3.jar
7f6ea8002000-7f6ea8004000 r--s 00006000 08:07 1189038                    /home/chivu/.gradle/wrapper/dists/gradle-3.3-all/55gk2rcmfc6p2dg9u9ohc3hw9/gradle-3.3/lib/gradle-base-services-groovy-3.3.jar
7f6ea8004000-7f6ea8005000 r--s 00002000 08:07 1189041                    /home/chivu/.gradle/wrapper/dists/gradle-3.3-all/55gk2rcmfc6p2dg9u9ohc3hw9/gradle-3.3/lib/gradle-docs-3.3.jar
7f6ea8005000-7f6ea8012000 r--s 00083000 08:07 1189034                    /home/chivu/.gradle/wrapper/dists/gradle-3.3-all/55gk2rcmfc6p2dg9u9ohc3hw9/gradle-3.3/lib/commons-collections-3.2.2.jar
7f6ea8012000-7f6ea804f000 r--s 001f8000 08:07 1189019                    /home/chivu/.gradle/wrapper/dists/gradle-3.3-all/55gk2rcmfc6p2dg9u9ohc3hw9/gradle-3.3/lib/gradle-core-3.3.jar
7f6ea804f000-7f6ea8626000 rw-p 00000000 00:00 0 
7f6ea8626000-7f6ea87f5000 r--s 03c1b000 08:07 1201515                    /home/chivu/Downloads/android-studio-p/jre/jre/lib/rt.jar
7f6ea87f5000-7f6ea936b000 rw-p 00000000 00:00 0 
7f6ea936b000-7f6ea936c000 ---p 00000000 00:00 0 
7f6ea936c000-7f6ea946c000 rw-p 00000000 00:00 0 
7f6ea946c000-7f6ea946d000 ---p 00000000 00:00 0 
7f6ea946d000-7f6ea956d000 rw-p 00000000 00:00 0 
7f6ea956d000-7f6ea956e000 ---p 00000000 00:00 0 
7f6ea956e000-7f6ea966e000 rw-p 00000000 00:00 0 
7f6ea966e000-7f6ea966f000 ---p 00000000 00:00 0 
7f6ea966f000-7f6ea98b7000 rw-p 00000000 00:00 0 
7f6ea98b7000-7f6ea996f000 ---p 00000000 00:00 0 
7f6ea996f000-7f6ea9ab7000 rw-p 00000000 00:00 0 
7f6ea9ab7000-7f6ea9b6f000 ---p 00000000 00:00 0 
7f6ea9b6f000-7f6ea9c6f000 rw-p 00000000 00:00 0 
7f6ea9c6f000-7f6ea9ce9000 rw-p 00000000 00:00 0 
7f6ea9ce9000-7f6eaa030000 ---p 00000000 00:00 0 
7f6eaa030000-7f6eaa04a000 r-xp 00000000 08:07 1201530                    /home/chivu/Downloads/android-studio-p/jre/jre/lib/amd64/libzip.so
7f6eaa04a000-7f6eaa24a000 ---p 0001a000 08:07 1201530                    /home/chivu/Downloads/android-studio-p/jre/jre/lib/amd64/libzip.so
7f6eaa24a000-7f6eaa24b000 r--p 0001a000 08:07 1201530                    /home/chivu/Downloads/android-studio-p/jre/jre/lib/amd64/libzip.so
7f6eaa24b000-7f6eaa24c000 rw-p 0001b000 08:07 1201530                    /home/chivu/Downloads/android-studio-p/jre/jre/lib/amd64/libzip.so
7f6eaa24c000-7f6eaa257000 r-xp 00000000 08:07 541944                     /lib/x86_64-linux-gnu/libnss_files-2.23.so
7f6eaa257000-7f6eaa456000 ---p 0000b000 08:07 541944                     /lib/x86_64-linux-gnu/libnss_files-2.23.so
7f6eaa456000-7f6eaa457000 r--p 0000a000 08:07 541944                     /lib/x86_64-linux-gnu/libnss_files-2.23.so
7f6eaa457000-7f6eaa458000 rw-p 0000b000 08:07 541944                     /lib/x86_64-linux-gnu/libnss_files-2.23.so
7f6eaa458000-7f6eaa45e000 rw-p 00000000 00:00 0 
7f6eaa45e000-7f6eaa469000 r-xp 00000000 08:07 541937                     /lib/x86_64-linux-gnu/libnss_nis-2.23.so
7f6eaa469000-7f6eaa668000 ---p 0000b000 08:07 541937                     /lib/x86_64-linux-gnu/libnss_nis-2.23.so
7f6eaa668000-7f6eaa669000 r--p 0000a000 08:07 541937                     /lib/x86_64-linux-gnu/libnss_nis-2.23.so
7f6eaa669000-7f6eaa66a000 rw-p 0000b000 08:07 541937                     /lib/x86_64-linux-gnu/libnss_nis-2.23.so
7f6eaa66a000-7f6eaa680000 r-xp 00000000 08:07 541939                     /lib/x86_64-linux-gnu/libnsl-2.23.so
7f6eaa680000-7f6eaa87f000 ---p 00016000 08:07 541939                     /lib/x86_64-linux-gnu/libnsl-2.23.so
7f6eaa87f000-7f6eaa880000 r--p 00015000 08:07 541939                     /lib/x86_64-linux-gnu/libnsl-2.23.so
7f6eaa880000-7f6eaa881000 rw-p 00016000 08:07 541939                     /lib/x86_64-linux-gnu/libnsl-2.23.so
7f6eaa881000-7f6eaa883000 rw-p 00000000 00:00 0 
7f6eaa883000-7f6eaa88b000 r-xp 00000000 08:07 541946                     /lib/x86_64-linux-gnu/libnss_compat-2.23.so
7f6eaa88b000-7f6eaaa8a000 ---p 00008000 08:07 541946                     /lib/x86_64-linux-gnu/libnss_compat-2.23.so
7f6eaaa8a000-7f6eaaa8b000 r--p 00007000 08:07 541946                     /lib/x86_64-linux-gnu/libnss_compat-2.23.so
7f6eaaa8b000-7f6eaaa8c000 rw-p 00008000 08:07 541946                     /lib/x86_64-linux-gnu/libnss_compat-2.23.so
7f6eaaa8c000-7f6eaaab9000 r-xp 00000000 08:07 1201547                    /home/chivu/Downloads/android-studio-p/jre/jre/lib/amd64/libjava.so
7f6eaaab9000-7f6eaacb8000 ---p 0002d000 08:07 1201547                    /home/chivu/Downloads/android-studio-p/jre/jre/lib/amd64/libjava.so
7f6eaacb8000-7f6eaacb9000 r--p 0002c000 08:07 1201547                    /home/chivu/Downloads/android-studio-p/jre/jre/lib/amd64/libjava.so
7f6eaacb9000-7f6eaacbb000 rw-p 0002d000 08:07 1201547                    /home/chivu/Downloads/android-studio-p/jre/jre/lib/amd64/libjava.so
7f6eaacbb000-7f6eaaccb000 r-xp 00000000 08:07 1201520                    /home/chivu/Downloads/android-studio-p/jre/jre/lib/amd64/libverify.so
7f6eaaccb000-7f6eaaeca000 ---p 00010000 08:07 1201520                    /home/chivu/Downloads/android-studio-p/jre/jre/lib/amd64/libverify.so
7f6eaaeca000-7f6eaaecc000 r--p 0000f000 08:07 1201520                    /home/chivu/Downloads/android-studio-p/jre/jre/lib/amd64/libverify.so
7f6eaaecc000-7f6eaaecd000 rw-p 00011000 08:07 1201520                    /home/chivu/Downloads/android-studio-p/jre/jre/lib/amd64/libverify.so
7f6eaaecd000-7f6eaaed4000 r-xp 00000000 08:07 541947                     /lib/x86_64-linux-gnu/librt-2.23.so
7f6eaaed4000-7f6eab0d3000 ---p 00007000 08:07 541947                     /lib/x86_64-linux-gnu/librt-2.23.so
7f6eab0d3000-7f6eab0d4000 r--p 00006000 08:07 541947                     /lib/x86_64-linux-gnu/librt-2.23.so
7f6eab0d4000-7f6eab0d5000 rw-p 00007000 08:07 541947                     /lib/x86_64-linux-gnu/librt-2.23.so
7f6eab0d5000-7f6eab1dd000 r-xp 00000000 08:07 541938                     /lib/x86_64-linux-gnu/libm-2.23.so
7f6eab1dd000-7f6eab3dc000 ---p 00108000 08:07 541938                     /lib/x86_64-linux-gnu/libm-2.23.so
7f6eab3dc000-7f6eab3dd000 r--p 00107000 08:07 541938                     /lib/x86_64-linux-gnu/libm-2.23.so
7f6eab3dd000-7f6eab3de000 rw-p 00108000 08:07 541938                     /lib/x86_64-linux-gnu/libm-2.23.so
7f6eab3de000-7f6eabfcf000 r-xp 00000000 08:07 1201528                    /home/chivu/Downloads/android-studio-p/jre/jre/lib/amd64/server/libjvm.so
7f6eabfcf000-7f6eac1cf000 ---p 00bf1000 08:07 1201528                    /home/chivu/Downloads/android-studio-p/jre/jre/lib/amd64/server/libjvm.so
7f6eac1cf000-7f6eac26e000 r--p 00bf1000 08:07 1201528                    /home/chivu/Downloads/android-studio-p/jre/jre/lib/amd64/server/libjvm.so
7f6eac26e000-7f6eac297000 rw-p 00c90000 08:07 1201528                    /home/chivu/Downloads/android-studio-p/jre/jre/lib/amd64/server/libjvm.so
7f6eac297000-7f6eac2db000 rw-p 00000000 00:00 0 
7f6eac2db000-7f6eac2f3000 r-xp 00000000 08:07 541951                     /lib/x86_64-linux-gnu/libpthread-2.23.so
7f6eac2f3000-7f6eac4f2000 ---p 00018000 08:07 541951                     /lib/x86_64-linux-gnu/libpthread-2.23.so
7f6eac4f2000-7f6eac4f3000 r--p 00017000 08:07 541951                     /lib/x86_64-linux-gnu/libpthread-2.23.so
7f6eac4f3000-7f6eac4f4000 rw-p 00018000 08:07 541951                     /lib/x86_64-linux-gnu/libpthread-2.23.so
7f6eac4f4000-7f6eac4f8000 rw-p 00000000 00:00 0 
7f6eac4f8000-7f6eac4fb000 r-xp 00000000 08:07 541936                     /lib/x86_64-linux-gnu/libdl-2.23.so
7f6eac4fb000-7f6eac6fa000 ---p 00003000 08:07 541936                     /lib/x86_64-linux-gnu/libdl-2.23.so
7f6eac6fa000-7f6eac6fb000 r--p 00002000 08:07 541936                     /lib/x86_64-linux-gnu/libdl-2.23.so
7f6eac6fb000-7f6eac6fc000 rw-p 00003000 08:07 541936                     /lib/x86_64-linux-gnu/libdl-2.23.so
7f6eac6fc000-7f6eac8bb000 r-xp 00000000 08:07 541940                     /lib/x86_64-linux-gnu/libc-2.23.so
7f6eac8bb000-7f6eacabb000 ---p 001bf000 08:07 541940                     /lib/x86_64-linux-gnu/libc-2.23.so
7f6eacabb000-7f6eacabf000 r--p 001bf000 08:07 541940                     /lib/x86_64-linux-gnu/libc-2.23.so
7f6eacabf000-7f6eacac1000 rw-p 001c3000 08:07 541940                     /lib/x86_64-linux-gnu/libc-2.23.so
7f6eacac1000-7f6eacac5000 rw-p 00000000 00:00 0 
7f6eacac5000-7f6eacadb000 r-xp 00000000 08:07 1201477                    /home/chivu/Downloads/android-studio-p/jre/lib/amd64/jli/libjli.so
7f6eacadb000-7f6eaccda000 ---p 00016000 08:07 1201477                    /home/chivu/Downloads/android-studio-p/jre/lib/amd64/jli/libjli.so
7f6eaccda000-7f6eaccdb000 r--p 00015000 08:07 1201477                    /home/chivu/Downloads/android-studio-p/jre/lib/amd64/jli/libjli.so
7f6eaccdb000-7f6eaccdc000 rw-p 00016000 08:07 1201477                    /home/chivu/Downloads/android-studio-p/jre/lib/amd64/jli/libjli.so
7f6eaccdc000-7f6eacd02000 r-xp 00000000 08:07 541941                     /lib/x86_64-linux-gnu/ld-2.23.so
7f6eacd02000-7f6eacd03000 r--s 00000000 08:07 1189037                    /home/chivu/.gradle/wrapper/dists/gradle-3.3-all/55gk2rcmfc6p2dg9u9ohc3hw9/gradle-3.3/lib/javax.inject-1.jar
7f6eacd03000-7f6eacd04000 r--s 00000000 08:07 1189036                    /home/chivu/.gradle/wrapper/dists/gradle-3.3-all/55gk2rcmfc6p2dg9u9ohc3hw9/gradle-3.3/lib/jcip-annotations-1.0.jar
7f6eacd04000-7f6eacd08000 r--s 00027000 08:07 1189035                    /home/chivu/.gradle/wrapper/dists/gradle-3.3-all/55gk2rcmfc6p2dg9u9ohc3hw9/gradle-3.3/lib/commons-io-2.2.jar
7f6eacd08000-7f6eacd0d000 r--s 00038000 08:07 1189032                    /home/chivu/.gradle/wrapper/dists/gradle-3.3-all/55gk2rcmfc6p2dg9u9ohc3hw9/gradle-3.3/lib/asm-all-5.1.jar
7f6eacd0d000-7f6eacd0e000 r--s 00001000 08:07 1189028                    /home/chivu/.gradle/wrapper/dists/gradle-3.3-all/55gk2rcmfc6p2dg9u9ohc3hw9/gradle-3.3/lib/gradle-process-services-3.3.jar
7f6eacd0e000-7f6eacd13000 r--s 00041000 08:07 1189027                    /home/chivu/.gradle/wrapper/dists/gradle-3.3-all/55gk2rcmfc6p2dg9u9ohc3hw9/gradle-3.3/lib/commons-lang-2.6.jar
7f6eacd13000-7f6eacd1c000 r--s 00042000 08:07 1189017                    /home/chivu/.gradle/wrapper/dists/gradle-3.3-all/55gk2rcmfc6p2dg9u9ohc3hw9/gradle-3.3/lib/gradle-base-services-3.3.jar
7f6eacd1c000-7f6eacdde000 rw-p 00000000 00:00 0 
7f6eacdde000-7f6eacde1000 ---p 00000000 00:00 0 
7f6eacde1000-7f6eacee3000 rw-p 00000000 00:00 0 
7f6eacee3000-7f6eacee5000 r--s 00000000 08:07 1189018                    /home/chivu/.gradle/wrapper/dists/gradle-3.3-all/55gk2rcmfc6p2dg9u9ohc3hw9/gradle-3.3/lib/gradle-jvm-services-3.3.jar
7f6eacee5000-7f6eacee6000 r--s 00000000 08:07 1189183                    /home/chivu/.gradle/wrapper/dists/gradle-3.3-all/55gk2rcmfc6p2dg9u9ohc3hw9/gradle-3.3/lib/gradle-version-info-3.3.jar
7f6eacee6000-7f6eacee7000 r--s 00007000 08:07 1189025                    /home/chivu/.gradle/wrapper/dists/gradle-3.3-all/55gk2rcmfc6p2dg9u9ohc3hw9/gradle-3.3/lib/slf4j-api-1.7.10.jar
7f6eacee7000-7f6eacee8000 r--s 00004000 08:07 1189050                    /home/chivu/.gradle/wrapper/dists/gradle-3.3-all/55gk2rcmfc6p2dg9u9ohc3hw9/gradle-3.3/lib/ant-launcher-1.9.6.jar
7f6eacee8000-7f6eacef5000 r--s 0005c000 08:07 1189014                    /home/chivu/.gradle/wrapper/dists/gradle-3.3-all/55gk2rcmfc6p2dg9u9ohc3hw9/gradle-3.3/lib/gradle-launcher-3.3.jar
7f6eacef5000-7f6eacefd000 rw-s 00000000 08:07 266476                     /tmp/hsperfdata_chivu/5170
7f6eacefd000-7f6eacefe000 rw-p 00000000 00:00 0 
7f6eacefe000-7f6eaceff000 ---p 00000000 00:00 0 
7f6eaceff000-7f6eacf01000 rw-p 00000000 00:00 0 
7f6eacf01000-7f6eacf02000 r--p 00025000 08:07 541941                     /lib/x86_64-linux-gnu/ld-2.23.so
7f6eacf02000-7f6eacf03000 rw-p 00026000 08:07 541941                     /lib/x86_64-linux-gnu/ld-2.23.so
7f6eacf03000-7f6eacf04000 rw-p 00000000 00:00 0 
7ffdf836d000-7ffdf838e000 rw-p 00000000 00:00 0                          [stack]
7ffdf83f1000-7ffdf83f3000 r--p 00000000 00:00 0                          [vvar]
7ffdf83f3000-7ffdf83f5000 r-xp 00000000 00:00 0                          [vdso]
ffffffffff600000-ffffffffff601000 r-xp 00000000 00:00 0                  [vsyscall]

VM Arguments:
jvm_args: -Xmx1536m -Dfile.encoding=UTF-8 -Duser.country=IN -Duser.language=en -Duser.variant 
java_command: org.gradle.launcher.daemon.bootstrap.GradleDaemon 3.3
java_class_path (initial): /home/chivu/.gradle/wrapper/dists/gradle-3.3-all/55gk2rcmfc6p2dg9u9ohc3hw9/gradle-3.3/lib/gradle-launcher-3.3.jar
Launcher Type: SUN_STANDARD

Environment Variables:
JAVA_HOME=/usr/lib/jvm/java-8-oracle
PATH=/home/chivu/bin:/home/chivu/.local/bin:/usr/local/sbin:/usr/local/bin:/usr/sbin:/usr/bin:/sbin:/bin:/usr/games:/usr/local/games:/snap/bin:/usr/lib/jvm/java-8-oracle/bin:/usr/lib/jvm/java-8-oracle/db/bin:/usr/lib/jvm/java-8-oracle/jre/bin
LD_LIBRARY_PATH=/home/chivu/Downloads/android-studio-p/bin:
SHELL=/bin/bash
DISPLAY=:0

Signal Handlers:
SIGSEGV: [libjvm.so+0x9e5150], sa_mask[0]=11111111011111111101111111111110, sa_flags=SA_RESTART|SA_SIGINFO
SIGBUS: [libjvm.so+0x9e5150], sa_mask[0]=11111111011111111101111111111110, sa_flags=SA_RESTART|SA_SIGINFO
SIGFPE: [libjvm.so+0x848450], sa_mask[0]=11111111011111111101111111111110, sa_flags=SA_RESTART|SA_SIGINFO
SIGPIPE: [libjvm.so+0x848450], sa_mask[0]=11111111011111111101111111111110, sa_flags=SA_RESTART|SA_SIGINFO
SIGXFSZ: [libjvm.so+0x848450], sa_mask[0]=11111111011111111101111111111110, sa_flags=SA_RESTART|SA_SIGINFO
SIGILL: [libjvm.so+0x848450], sa_mask[0]=11111111011111111101111111111110, sa_flags=SA_RESTART|SA_SIGINFO
SIGUSR1: SIG_DFL, sa_mask[0]=00000000000000000000000000000000, sa_flags=none
SIGUSR2: [libjvm.so+0x848320], sa_mask[0]=00100000000000000000000000000000, sa_flags=SA_RESTART|SA_SIGINFO
SIGHUP: [libjvm.so+0x848510], sa_mask[0]=11111111011111111101111111111110, sa_flags=SA_RESTART|SA_SIGINFO
SIGINT: [libjvm.so+0x848510], sa_mask[0]=11111111011111111101111111111110, sa_flags=SA_RESTART|SA_SIGINFO
SIGTERM: [libjvm.so+0x848510], sa_mask[0]=11111111011111111101111111111110, sa_flags=SA_RESTART|SA_SIGINFO
SIGQUIT: [libjvm.so+0x848510], sa_mask[0]=11111111011111111101111111111110, sa_flags=SA_RESTART|SA_SIGINFO


---------------  S Y S T E M  ---------------

OS:DISTRIB_ID=Ubuntu
DISTRIB_RELEASE=16.04
DISTRIB_CODENAME=xenial
DISTRIB_DESCRIPTION="Ubuntu 16.04.2 LTS"

uname:Linux 4.4.0-79-generic #100-Ubuntu SMP Wed May 17 19:58:14 UTC 2017 x86_64
libc:glibc 2.23 NPTL 2.23 
rlimit: STACK 8192k, CORE 0k, NPROC 15361, NOFILE 65536, AS infinity
load average:5.47 4.96 4.23

/proc/meminfo:
MemTotal:        3972820 kB
MemFree:          111668 kB
MemAvailable:      22444 kB
Buffers:             836 kB
Cached:           191416 kB
SwapCached:          168 kB
Active:          2809092 kB
Inactive:         892412 kB
Active(anon):    2803740 kB
Inactive(anon):   872404 kB
Active(file):       5352 kB
Inactive(file):    20008 kB
Unevictable:         136 kB
Mlocked:             136 kB
SwapTotal:          1020 kB
SwapFree:              0 kB
Dirty:               108 kB
Writeback:             0 kB
AnonPages:       3509708 kB
Mapped:            65740 kB
Shmem:            166404 kB
Slab:              75512 kB
SReclaimable:      41196 kB
SUnreclaim:        34316 kB
KernelStack:        9008 kB
PageTables:        33240 kB
NFS_Unstable:          0 kB
Bounce:                0 kB
WritebackTmp:          0 kB
CommitLimit:     1987428 kB
Committed_AS:    6938604 kB
VmallocTotal:   34359738367 kB
VmallocUsed:           0 kB
VmallocChunk:          0 kB
HardwareCorrupted:     0 kB
AnonHugePages:   2134016 kB
CmaTotal:              0 kB
CmaFree:               0 kB
HugePages_Total:       0
HugePages_Free:        0
HugePages_Rsvd:        0
HugePages_Surp:        0
Hugepagesize:       2048 kB
DirectMap4k:      148224 kB
DirectMap2M:     3973120 kB
DirectMap1G:     1048576 kB


CPU:total 4 (2 cores per cpu, 2 threads per core) family 6 model 69 stepping 1, cmov, cx8, fxsr, mmx, sse, sse2, sse3, ssse3, sse4.1, sse4.2, popcnt, avx, avx2, aes, clmul, erms, lzcnt, ht, tsc, tscinvbit, bmi1, bmi2

/proc/cpuinfo:
processor	: 0
vendor_id	: GenuineIntel
cpu family	: 6
model		: 69
model name	: Intel(R) Core(TM) i3-4030U CPU @ 1.90GHz
stepping	: 1
microcode	: 0x1d
cpu MHz		: 1642.683
cache size	: 3072 KB
physical id	: 0
siblings	: 4
core id		: 0
cpu cores	: 2
apicid		: 0
initial apicid	: 0
fpu		: yes
fpu_exception	: yes
cpuid level	: 13
wp		: yes
flags		: fpu vme de pse tsc msr pae mce cx8 apic sep mtrr pge mca cmov pat pse36 clflush dts acpi mmx fxsr sse sse2 ss ht tm pbe syscall nx pdpe1gb rdtscp lm constant_tsc arch_perfmon pebs bts rep_good nopl xtopology nonstop_tsc aperfmperf eagerfpu pni pclmulqdq dtes64 monitor ds_cpl vmx est tm2 ssse3 sdbg fma cx16 xtpr pdcm pcid sse4_1 sse4_2 x2apic movbe popcnt tsc_deadline_timer aes xsave avx f16c rdrand lahf_lm abm epb tpr_shadow vnmi flexpriority ept vpid fsgsbase tsc_adjust bmi1 avx2 smep bmi2 erms invpcid xsaveopt dtherm arat pln pts
bugs		:
bogomips	: 3791.34
clflush size	: 64
cache_alignment	: 64
address sizes	: 39 bits physical, 48 bits virtual
power management:

processor	: 1
vendor_id	: GenuineIntel
cpu family	: 6
model		: 69
model name	: Intel(R) Core(TM) i3-4030U CPU @ 1.90GHz
stepping	: 1
microcode	: 0x1d
cpu MHz		: 900.125
cache size	: 3072 KB
physical id	: 0
siblings	: 4
core id		: 0
cpu cores	: 2
apicid		: 1
initial apicid	: 1
fpu		: yes
fpu_exception	: yes
cpuid level	: 13
wp		: yes
flags		: fpu vme de pse tsc msr pae mce cx8 apic sep mtrr pge mca cmov pat pse36 clflush dts acpi mmx fxsr sse sse2 ss ht tm pbe syscall nx pdpe1gb rdtscp lm constant_tsc arch_perfmon pebs bts rep_good nopl xtopology nonstop_tsc aperfmperf eagerfpu pni pclmulqdq dtes64 monitor ds_cpl vmx est tm2 ssse3 sdbg fma cx16 xtpr pdcm pcid sse4_1 sse4_2 x2apic movbe popcnt tsc_deadline_timer aes xsave avx f16c rdrand lahf_lm abm epb tpr_shadow vnmi flexpriority ept vpid fsgsbase tsc_adjust bmi1 avx2 smep bmi2 erms invpcid xsaveopt dtherm arat pln pts
bugs		:
bogomips	: 3791.34
clflush size	: 64
cache_alignment	: 64
address sizes	: 39 bits physical, 48 bits virtual
power management:

processor	: 2
vendor_id	: GenuineIntel
cpu family	: 6
model		: 69
model name	: Intel(R) Core(TM) i3-4030U CPU @ 1.90GHz
stepping	: 1
microcode	: 0x1d
cpu MHz		: 1769.597
cache size	: 3072 KB
physical id	: 0
siblings	: 4
core id		: 1
cpu cores	: 2
apicid		: 2
initial apicid	: 2
fpu		: yes
fpu_exception	: yes
cpuid level	: 13
wp		: yes
flags		: fpu vme de pse tsc msr pae mce cx8 apic sep mtrr pge mca cmov pat pse36 clflush dts acpi mmx fxsr sse sse2 ss ht tm pbe syscall nx pdpe1gb rdtscp lm constant_tsc arch_perfmon pebs bts rep_good nopl xtopology nonstop_tsc aperfmperf eagerfpu pni pclmulqdq dtes64 monitor ds_cpl vmx est tm2 ssse3 sdbg fma cx16 xtpr pdcm pcid sse4_1 sse4_2 x2apic movbe popcnt tsc_deadline_timer aes xsave avx f16c rdrand lahf_lm abm epb tpr_shadow vnmi flexpriority ept vpid fsgsbase tsc_adjust bmi1 avx2 smep bmi2 erms invpcid xsaveopt dtherm arat pln pts
bugs		:
bogomips	: 3791.34
clflush size	: 64
cache_alignment	: 64
address sizes	: 39 bits physical, 48 bits virtual
power management:

processor	: 3
vendor_id	: GenuineIntel
cpu family	: 6
model		: 69
model name	: Intel(R) Core(TM) i3-4030U CPU @ 1.90GHz
stepping	: 1
microcode	: 0x1d
cpu MHz		: 1800.917
cache size	: 3072 KB
physical id	: 0
siblings	: 4
core id		: 1
cpu cores	: 2
apicid		: 3
initial apicid	: 3
fpu		: yes
fpu_exception	: yes
cpuid level	: 13
wp		: yes
flags		: fpu vme de pse tsc msr pae mce cx8 apic sep mtrr pge mca cmov pat pse36 clflush dts acpi mmx fxsr sse sse2 ss ht tm pbe syscall nx pdpe1gb rdtscp lm constant_tsc arch_perfmon pebs bts rep_good nopl xtopology nonstop_tsc aperfmperf eagerfpu pni pclmulqdq dtes64 monitor ds_cpl vmx est tm2 ssse3 sdbg fma cx16 xtpr pdcm pcid sse4_1 sse4_2 x2apic movbe popcnt tsc_deadline_timer aes xsave avx f16c rdrand lahf_lm abm epb tpr_shadow vnmi flexpriority ept vpid fsgsbase tsc_adjust bmi1 avx2 smep bmi2 erms invpcid xsaveopt dtherm arat pln pts
bugs		:
bogomips	: 3791.34
clflush size	: 64
cache_alignment	: 64
address sizes	: 39 bits physical, 48 bits virtual
power management:



Memory: 4k page, physical 3972820k(111668k free), swap 1020k(0k free)

vm_info: OpenJDK 64-Bit Server VM (25.112-b06) for linux-amd64 JRE (1.8.0_112-release-b06), built on Dec  6 2016 12:11:18 by "builder" with gcc 4.8.4

time: Thu Jul  6 18:06:47 2017
elapsed time: 77 seconds (0d 0h 1m 17s)

