#
# There is insufficient memory for the Java Runtime Environment to continue.
# Native memory allocation (mmap) failed to map 249036800 bytes for committing reserved memory.
# Possible reasons:
#   The system is out of physical RAM or swap space
#   In 32 bit mode, the process size limit was hit
# Possible solutions:
#   Reduce memory load on the system
#   Increase physical memory or swap space
#   Check if swap backing store is full
#   Use 64 bit Java on a 64 bit OS
#   Decrease Java heap size (-Xmx/-Xms)
#   Decrease number of Java threads
#   Decrease Java thread stack sizes (-Xss)
#   Set larger code cache with -XX:ReservedCodeCacheSize=
# This output file may be truncated or incomplete.
#
#  Out of Memory Error (os_linux.cpp:2627), pid=4959, tid=0x00007f7998afa700
#
# JRE version: OpenJDK Runtime Environment (8.0_112-b06) (build 1.8.0_112-release-b06)
# Java VM: OpenJDK 64-Bit Server VM (25.112-b06 mixed mode linux-amd64 compressed oops)
# Failed to write core dump. Core dumps have been disabled. To enable core dumping, try "ulimit -c unlimited" before starting Java again
#

---------------  T H R E A D  ---------------

Current thread (0x00007f79a8077800):  VMThread [stack: 0x00007f79989fa000,0x00007f7998afb000] [id=4967]

Stack: [0x00007f79989fa000,0x00007f7998afb000],  sp=0x00007f7998af94d0,  free space=1021k
Native frames: (J=compiled Java code, j=interpreted, Vv=VM code, C=native code)
V  [libjvm.so+0x9e465d]  VMError::report_and_die()+0x15d
V  [libjvm.so+0x4b6ada]  report_vm_out_of_memory(char const*, int, unsigned long, VMErrorType, char const*)+0x8a
V  [libjvm.so+0x84c860]  os::pd_commit_memory(char*, unsigned long, unsigned long, bool)+0xf0
V  [libjvm.so+0x84737f]  os::commit_memory(char*, unsigned long, unsigned long, bool)+0x1f
V  [libjvm.so+0x8bd3db]  PSVirtualSpace::expand_by(unsigned long)+0x5b
V  [libjvm.so+0x8ae1bb]  PSOldGen::expand_by(unsigned long) [clone .part.109]+0x1b
V  [libjvm.so+0x8ae37b]  PSOldGen::expand(unsigned long) [clone .part.111]+0xdb
V  [libjvm.so+0x8aec58]  PSOldGen::resize(unsigned long)+0x188
V  [libjvm.so+0x8b426c]  PSParallelCompact::invoke_no_policy(bool)+0x97c
V  [libjvm.so+0x8bb37d]  PSScavenge::invoke()+0x17d
V  [libjvm.so+0x86fcf3]  ParallelScavengeHeap::failed_mem_allocate(unsigned long)+0x63
V  [libjvm.so+0x9e6124]  VM_ParallelGCFailedAllocation::doit()+0x84
V  [libjvm.so+0x9ea537]  VM_Operation::evaluate()+0x47
V  [libjvm.so+0x9e8ff8]  VMThread::evaluate_operation(VM_Operation*)+0x2c8
V  [libjvm.so+0x9e9479]  VMThread::loop()+0x219
V  [libjvm.so+0x9e98c2]  VMThread::run()+0x72
V  [libjvm.so+0x849c82]  java_start(Thread*)+0xf2

VM_Operation (0x00007f791e822310): ParallelGCFailedAllocation, mode: safepoint, requested by thread 0x00007f791402b000


---------------  P R O C E S S  ---------------

Java Threads: ( => current thread )
  0x00007f791402c000 JavaThread "pool-21-thread-4" [_thread_blocked, id=5505, stack(0x00007f791ea26000,0x00007f791eb27000)]
  0x00007f791402b000 JavaThread "pool-21-thread-3" [_thread_blocked, id=5504, stack(0x00007f791e723000,0x00007f791e824000)]
  0x00007f791401a000 JavaThread "pool-21-thread-2" [_thread_blocked, id=5503, stack(0x00007f795c796000,0x00007f795c897000)]
  0x00007f7914019000 JavaThread "pool-22-thread-1" [_thread_blocked, id=5502, stack(0x00007f795c2bf000,0x00007f795c3c0000)]
  0x00007f7914018800 JavaThread "pool-21-thread-1" [_thread_blocked, id=5501, stack(0x00007f795ed09000,0x00007f795ee0a000)]
  0x00007f79483fa800 JavaThread "pool-3-thread-4" [_thread_blocked, id=5500, stack(0x00007f795c0bd000,0x00007f795c1be000)]
  0x00007f7928013000 JavaThread "process reaper" daemon [_thread_blocked, id=5474, stack(0x00007f795e856000,0x00007f795e88f000)]
  0x00007f79481e3800 JavaThread "Cache update executor" [_thread_blocked, id=5470, stack(0x00007f791ed27000,0x00007f791ee28000)]
  0x00007f7948002000 JavaThread "Stdin handler" [_thread_blocked, id=5466, stack(0x00007f791fafd000,0x00007f791fbfe000)]
  0x00007f7948007000 JavaThread "Asynchronous log dispatcher for DefaultDaemonConnection: socket connection from /127.0.0.1:39707 to /127.0.0.1:55694" [_thread_blocked, id=5465, stack(0x00007f795ee0a000,0x00007f795ef0b000)]
  0x00007f7950007000 JavaThread "Daemon worker Thread 4" [_thread_blocked, id=5463, stack(0x00007f795f00c000,0x00007f795f10d000)]
  0x00007f7950005800 JavaThread "Cancel handler" [_thread_blocked, id=5462, stack(0x00007f795f10d000,0x00007f795f20e000)]
  0x00007f7950004800 JavaThread "Handler for socket connection from /127.0.0.1:39707 to /127.0.0.1:55694" [_thread_in_native, id=5461, stack(0x00007f795f40e000,0x00007f795f50f000)]
  0x00007f795803d000 JavaThread "Daemon Thread 4" [_thread_blocked, id=5460, stack(0x00007f795f50f000,0x00007f795f610000)]
  0x00007f7938007000 JavaThread "pool-3-thread-3" [_thread_blocked, id=5320, stack(0x00007f791fdfe000,0x00007f791feff000)]
  0x00007f7948460000 JavaThread "pool-3-thread-2" [_thread_blocked, id=5109, stack(0x00007f795c1be000,0x00007f795c2bf000)]
  0x00007f794d463000 JavaThread "pool-3-thread-1" [_thread_blocked, id=4994, stack(0x00007f795c495000,0x00007f795c596000)]
  0x00007f794c3cf000 JavaThread "pool-2-thread-1" [_thread_blocked, id=4989, stack(0x00007f795d8aa000,0x00007f795d9ab000)]
  0x00007f794ce76000 JavaThread "File lock request listener" [_thread_in_native, id=4988, stack(0x00007f795e11e000,0x00007f795e21f000)]
  0x00007f79a8d4e800 JavaThread "pool-1-thread-1" [_thread_blocked, id=4982, stack(0x00007f795ef0b000,0x00007f795f00c000)]
  0x00007f79a8cfa000 JavaThread "Incoming local TCP Connector on port 39707" [_thread_in_native, id=4976, stack(0x00007f795f817000,0x00007f795f918000)]
  0x00007f79a80d1800 JavaThread "Service Thread" daemon [_thread_blocked, id=4974, stack(0x00007f799801b000,0x00007f799811c000)]
  0x00007f79a80bc800 JavaThread "C1 CompilerThread2" daemon [_thread_blocked, id=4973, stack(0x00007f799811c000,0x00007f799821d000)]
  0x00007f79a80ba800 JavaThread "C2 CompilerThread1" daemon [_thread_blocked, id=4972, stack(0x00007f799821d000,0x00007f799831e000)]
  0x00007f79a80b7800 JavaThread "C2 CompilerThread0" daemon [_thread_blocked, id=4971, stack(0x00007f799831e000,0x00007f799841f000)]
  0x00007f79a80b6800 JavaThread "Signal Dispatcher" daemon [_thread_blocked, id=4970, stack(0x00007f799841f000,0x00007f7998520000)]
  0x00007f79a8083800 JavaThread "Finalizer" daemon [_thread_blocked, id=4969, stack(0x00007f79987f8000,0x00007f79988f9000)]
  0x00007f79a807f000 JavaThread "Reference Handler" daemon [_thread_blocked, id=4968, stack(0x00007f79988f9000,0x00007f79989fa000)]
  0x00007f79a800a000 JavaThread "main" [_thread_blocked, id=4962, stack(0x00007f79b1364000,0x00007f79b1465000)]

Other Threads:
=>0x00007f79a8077800 VMThread [stack: 0x00007f79989fa000,0x00007f7998afb000] [id=4967]
  0x00007f79a80dc000 WatcherThread [stack: 0x00007f7988eff000,0x00007f7989000000] [id=4975]

VM state:at safepoint (normal execution)

VM Mutex/Monitor currently owned by a thread:  ([mutex/lock_event])
[0x00007f79a8005df0] ExpandHeap_lock - owner thread: 0x00007f79a8077800
[0x00007f79a8006470] Threads_lock - owner thread: 0x00007f79a8077800
[0x00007f79a8006970] Heap_lock - owner thread: 0x00007f791402b000

Heap:
 PSYoungGen      total 346624K, used 0K [0x00000000e0000000, 0x00000000feb00000, 0x0000000100000000)
  eden space 181248K, 0% used [0x00000000e0000000,0x00000000e0000000,0x00000000eb100000)
  from space 165376K, 0% used [0x00000000eb100000,0x00000000eb100000,0x00000000f5280000)
  to   space 156160K, 0% used [0x00000000f5280000,0x00000000f5280000,0x00000000feb00000)
 ParOldGen       total 805376K, used 705956K [0x00000000a0000000, 0x00000000d1280000, 0x00000000e0000000)
  object space 805376K, 87% used [0x00000000a0000000,0x00000000cb1691c8,0x00000000d1280000)
 Metaspace       used 69179K, capacity 71712K, committed 71984K, reserved 1112064K
  class space    used 8698K, capacity 9148K, committed 9264K, reserved 1048576K

Card table byte_map: [0x00007f79adef5000,0x00007f79ae1f6000] byte_map_base: 0x00007f79ad9f5000

Marking Bits: (ParMarkBitMap*) 0x00007f79b0832340
 Begin Bits: [0x00007f7989000000, 0x00007f798a800000)
 End Bits:   [0x00007f798a800000, 0x00007f798c000000)

Polling page: 0x00007f79b1484000

CodeCache: size=245760Kb used=52792Kb max_used=52841Kb free=192967Kb
 bounds [0x00007f7999000000, 0x00007f799c3f0000, 0x00007f79a8000000]
 total_blobs=15288 nmethods=14495 adapters=705
 compilation: enabled

Compilation events (10 events):
Event: 1035.424 Thread 0x00007f79a80bc800 19728       3       com.android.dx.rop.code.Rops::opRem (29 bytes)
Event: 1035.425 Thread 0x00007f79a80bc800 nmethod 19728 0x00007f7999c91310 code [0x00007f7999c91480, 0x00007f7999c91648]
Event: 1035.468 Thread 0x00007f79a80b7800 19729       4       com.android.dx.cf.code.ExecutionStack::peekLocal (46 bytes)
Event: 1035.470 Thread 0x00007f79a80b7800 nmethod 19729 0x00007f799a423a90 code [0x00007f799a423be0, 0x00007f799a423cb8]
Event: 1035.522 Thread 0x00007f79a80b7800 19730   !   4       java.util.concurrent.LinkedBlockingQueue::take (93 bytes)
Event: 1035.682 Thread 0x00007f79a80b7800 nmethod 19730 0x00007f799a4cfa50 code [0x00007f799a4cfe00, 0x00007f799a4d2178]
Event: 1035.727 Thread 0x00007f79a80ba800 19731       4       com.android.dx.dex.code.SwitchData::packedCodeSize (56 bytes)
Event: 1035.729 Thread 0x00007f79a80ba800 nmethod 19731 0x00007f799a081110 code [0x00007f799a081260, 0x00007f799a081398]
Event: 1036.035 Thread 0x00007f79a80bc800 19732       3       com.android.dx.ssa.ConstCollector$1::compare (13 bytes)
Event: 1036.035 Thread 0x00007f79a80bc800 nmethod 19732 0x00007f7999102710 code [0x00007f79991028a0, 0x00007f7999102c08]

GC Heap History (10 events):
Event: 1035.947 GC heap after
Heap after GC invocations=143 (full 16):
 PSYoungGen      total 349696K, used 26925K [0x00000000e0000000, 0x0000000100000000, 0x0000000100000000)
  eden space 175104K, 0% used [0x00000000e0000000,0x00000000e0000000,0x00000000eab00000)
  from space 174592K, 15% used [0x00000000eab00000,0x00000000ec54b5f8,0x00000000f5580000)
  to   space 174592K, 0% used [0x00000000f5580000,0x00000000f5580000,0x0000000100000000)
 ParOldGen       total 805376K, used 548108K [0x00000000a0000000, 0x00000000d1280000, 0x00000000e0000000)
  object space 805376K, 68% used [0x00000000a0000000,0x00000000c1743078,0x00000000d1280000)
 Metaspace       used 69179K, capacity 71712K, committed 71984K, reserved 1112064K
  class space    used 8698K, capacity 9148K, committed 9264K, reserved 1048576K
}
Event: 1036.366 GC heap before
{Heap before GC invocations=144 (full 16):
 PSYoungGen      total 349696K, used 202029K [0x00000000e0000000, 0x0000000100000000, 0x0000000100000000)
  eden space 175104K, 100% used [0x00000000e0000000,0x00000000eab00000,0x00000000eab00000)
  from space 174592K, 15% used [0x00000000eab00000,0x00000000ec54b5f8,0x00000000f5580000)
  to   space 174592K, 0% used [0x00000000f5580000,0x00000000f5580000,0x0000000100000000)
 ParOldGen       total 805376K, used 548108K [0x00000000a0000000, 0x00000000d1280000, 0x00000000e0000000)
  object space 805376K, 68% used [0x00000000a0000000,0x00000000c1743078,0x00000000d1280000)
 Metaspace       used 69179K, capacity 71712K, committed 71984K, reserved 1112064K
  class space    used 8698K, capacity 9148K, committed 9264K, reserved 1048576K
Event: 1036.439 GC heap after
Heap after GC invocations=144 (full 16):
 PSYoungGen      total 347648K, used 54103K [0x00000000e0000000, 0x00000000ffe00000, 0x0000000100000000)
  eden space 175104K, 0% used [0x00000000e0000000,0x00000000e0000000,0x00000000eab00000)
  from space 172544K, 31% used [0x00000000f5580000,0x00000000f8a55cc8,0x00000000ffe00000)
  to   space 173568K, 0% used [0x00000000eab00000,0x00000000eab00000,0x00000000f5480000)
 ParOldGen       total 805376K, used 573909K [0x00000000a0000000, 0x00000000d1280000, 0x00000000e0000000)
  object space 805376K, 71% used [0x00000000a0000000,0x00000000c30757d0,0x00000000d1280000)
 Metaspace       used 69179K, capacity 71712K, committed 71984K, reserved 1112064K
  class space    used 8698K, capacity 9148K, committed 9264K, reserved 1048576K
}
Event: 1036.987 GC heap before
{Heap before GC invocations=145 (full 16):
 PSYoungGen      total 347648K, used 229207K [0x00000000e0000000, 0x00000000ffe00000, 0x0000000100000000)
  eden space 175104K, 100% used [0x00000000e0000000,0x00000000eab00000,0x00000000eab00000)
  from space 172544K, 31% used [0x00000000f5580000,0x00000000f8a55cc8,0x00000000ffe00000)
  to   space 173568K, 0% used [0x00000000eab00000,0x00000000eab00000,0x00000000f5480000)
 ParOldGen       total 805376K, used 573909K [0x00000000a0000000, 0x00000000d1280000, 0x00000000e0000000)
  object space 805376K, 71% used [0x00000000a0000000,0x00000000c30757d0,0x00000000d1280000)
 Metaspace       used 69179K, capacity 71712K, committed 71984K, reserved 1112064K
  class space    used 8698K, capacity 9148K, committed 9264K, reserved 1048576K
Event: 1037.059 GC heap after
Heap after GC invocations=145 (full 16):
 PSYoungGen      total 251392K, used 76059K [0x00000000e0000000, 0x00000000ff700000, 0x0000000100000000)
  eden space 175104K, 0% used [0x00000000e0000000,0x00000000e0000000,0x00000000eab00000)
  from space 76288K, 99% used [0x00000000eab00000,0x00000000ef546c90,0x00000000ef580000)
  to   space 168448K, 0% used [0x00000000f5280000,0x00000000f5280000,0x00000000ff700000)
 ParOldGen       total 805376K, used 584825K [0x00000000a0000000, 0x00000000d1280000, 0x00000000e0000000)
  object space 805376K, 72% used [0x00000000a0000000,0x00000000c3b1e5d8,0x00000000d1280000)
 Metaspace       used 69179K, capacity 71712K, committed 71984K, reserved 1112064K
  class space    used 8698K, capacity 9148K, committed 9264K, reserved 1048576K
}
Event: 1037.277 GC heap before
{Heap before GC invocations=146 (full 16):
 PSYoungGen      total 251392K, used 251163K [0x00000000e0000000, 0x00000000ff700000, 0x0000000100000000)
  eden space 175104K, 100% used [0x00000000e0000000,0x00000000eab00000,0x00000000eab00000)
  from space 76288K, 99% used [0x00000000eab00000,0x00000000ef546c90,0x00000000ef580000)
  to   space 168448K, 0% used [0x00000000f5280000,0x00000000f5280000,0x00000000ff700000)
 ParOldGen       total 805376K, used 584825K [0x00000000a0000000, 0x00000000d1280000, 0x00000000e0000000)
  object space 805376K, 72% used [0x00000000a0000000,0x00000000c3b1e5d8,0x00000000d1280000)
 Metaspace       used 69179K, capacity 71712K, committed 71984K, reserved 1112064K
  class space    used 8698K, capacity 9148K, committed 9264K, reserved 1048576K
Event: 1037.398 GC heap after
Heap after GC invocations=146 (full 16):
 PSYoungGen      total 349696K, used 80103K [0x00000000e0000000, 0x0000000100000000, 0x0000000100000000)
  eden space 181248K, 0% used [0x00000000e0000000,0x00000000e0000000,0x00000000eb100000)
  from space 168448K, 47% used [0x00000000f5280000,0x00000000fa0b9ec8,0x00000000ff700000)
  to   space 165376K, 0% used [0x00000000eb100000,0x00000000eb100000,0x00000000f5280000)
 ParOldGen       total 805376K, used 658767K [0x00000000a0000000, 0x00000000d1280000, 0x00000000e0000000)
  object space 805376K, 81% used [0x00000000a0000000,0x00000000c8353dd8,0x00000000d1280000)
 Metaspace       used 69179K, capacity 71712K, committed 71984K, reserved 1112064K
  class space    used 8698K, capacity 9148K, committed 9264K, reserved 1048576K
}
Event: 1037.649 GC heap before
{Heap before GC invocations=147 (full 16):
 PSYoungGen      total 349696K, used 261351K [0x00000000e0000000, 0x0000000100000000, 0x0000000100000000)
  eden space 181248K, 100% used [0x00000000e0000000,0x00000000eb100000,0x00000000eb100000)
  from space 168448K, 47% used [0x00000000f5280000,0x00000000fa0b9ec8,0x00000000ff700000)
  to   space 165376K, 0% used [0x00000000eb100000,0x00000000eb100000,0x00000000f5280000)
 ParOldGen       total 805376K, used 658767K [0x00000000a0000000, 0x00000000d1280000, 0x00000000e0000000)
  object space 805376K, 81% used [0x00000000a0000000,0x00000000c8353dd8,0x00000000d1280000)
 Metaspace       used 69179K, capacity 71712K, committed 71984K, reserved 1112064K
  class space    used 8698K, capacity 9148K, committed 9264K, reserved 1048576K
Event: 1037.755 GC heap after
Heap after GC invocations=147 (full 16):
 PSYoungGen      total 346624K, used 55281K [0x00000000e0000000, 0x00000000feb00000, 0x0000000100000000)
  eden space 181248K, 0% used [0x00000000e0000000,0x00000000e0000000,0x00000000eb100000)
  from space 165376K, 33% used [0x00000000eb100000,0x00000000ee6fc400,0x00000000f5280000)
  to   space 156160K, 0% used [0x00000000f5280000,0x00000000f5280000,0x00000000feb00000)
 ParOldGen       total 805376K, used 738877K [0x00000000a0000000, 0x00000000d1280000, 0x00000000e0000000)
  object space 805376K, 91% used [0x00000000a0000000,0x00000000cd18f788,0x00000000d1280000)
 Metaspace       used 69179K, capacity 71712K, committed 71984K, reserved 1112064K
  class space    used 8698K, capacity 9148K, committed 9264K, reserved 1048576K
}
Event: 1037.755 GC heap before
{Heap before GC invocations=148 (full 17):
 PSYoungGen      total 346624K, used 55281K [0x00000000e0000000, 0x00000000feb00000, 0x0000000100000000)
  eden space 181248K, 0% used [0x00000000e0000000,0x00000000e0000000,0x00000000eb100000)
  from space 165376K, 33% used [0x00000000eb100000,0x00000000ee6fc400,0x00000000f5280000)
  to   space 156160K, 0% used [0x00000000f5280000,0x00000000f5280000,0x00000000feb00000)
 ParOldGen       total 805376K, used 738877K [0x00000000a0000000, 0x00000000d1280000, 0x00000000e0000000)
  object space 805376K, 91% used [0x00000000a0000000,0x00000000cd18f788,0x00000000d1280000)
 Metaspace       used 69179K, capacity 71712K, committed 71984K, reserved 1112064K
  class space    used 8698K, capacity 9148K, committed 9264K, reserved 1048576K

Deoptimization events (10 events):
Event: 1022.045 Thread 0x00007f7950007000 Uncommon trap: reason=array_check action=maybe_recompile pc=0x00007f799c197008 method=java.util.TimSort.reverseRange([Ljava/lang/Object;II)V @ 27
Event: 1022.045 Thread 0x00007f7950007000 Uncommon trap: reason=array_check action=maybe_recompile pc=0x00007f799c197008 method=java.util.TimSort.reverseRange([Ljava/lang/Object;II)V @ 27
Event: 1026.511 Thread 0x00007f79483fa800 Uncommon trap: reason=class_check action=maybe_recompile pc=0x00007f799abff124 method=com.android.dx.ssa.ConstCollector.getConstsSortedByCountUse()Ljava/util/ArrayList; @ 282
Event: 1027.254 Thread 0x00007f79483fa800 Uncommon trap: reason=class_check action=maybe_recompile pc=0x00007f799bd9a61c method=com.android.dx.cf.code.BytecodeArray.parseInstruction(ILcom/android/dx/cf/code/BytecodeArray$Visitor;)I @ 2047
Event: 1027.255 Thread 0x00007f79483fa800 Uncommon trap: reason=class_check action=maybe_recompile pc=0x00007f799bd9a61c method=com.android.dx.cf.code.BytecodeArray.parseInstruction(ILcom/android/dx/cf/code/BytecodeArray$Visitor;)I @ 2047
Event: 1028.208 Thread 0x00007f791402b000 Uncommon trap: reason=class_check action=maybe_recompile pc=0x00007f799bd9a61c method=com.android.dx.cf.code.BytecodeArray.parseInstruction(ILcom/android/dx/cf/code/BytecodeArray$Visitor;)I @ 2047
Event: 1029.309 Thread 0x00007f79483fa800 Uncommon trap: reason=unstable_if action=reinterpret pc=0x00007f799aef8584 method=java.util.BitSet.nextClearBit(I)I @ 70
Event: 1029.508 Thread 0x00007f79483fa800 Uncommon trap: reason=bimorphic action=maybe_recompile pc=0x00007f799bd99e24 method=com.android.dx.cf.code.BytecodeArray.parseInstruction(ILcom/android/dx/cf/code/BytecodeArray$Visitor;)I @ 1477
Event: 1029.508 Thread 0x00007f79483fa800 Uncommon trap: reason=bimorphic action=maybe_recompile pc=0x00007f799bd99e24 method=com.android.dx.cf.code.BytecodeArray.parseInstruction(ILcom/android/dx/cf/code/BytecodeArray$Visitor;)I @ 1477
Event: 1030.729 Thread 0x00007f791402b000 Uncommon trap: reason=class_check action=maybe_recompile pc=0x00007f799abff124 method=com.android.dx.ssa.ConstCollector.getConstsSortedByCountUse()Ljava/util/ArrayList; @ 282

Internal exceptions (10 events):
Event: 1010.715 Thread 0x00007f7950007000 Exception <a 'sun/nio/fs/UnixException'> (0x00000000e5d23b48) thrown at [/ssd/Android/AOSP-openjdk/external/jetbrains/jdk/hotspot/src/share/vm/prims/jni.cpp, line 709]
Event: 1010.715 Thread 0x00007f7950007000 Exception <a 'sun/nio/fs/UnixException'> (0x00000000e5d24f60) thrown at [/ssd/Android/AOSP-openjdk/external/jetbrains/jdk/hotspot/src/share/vm/prims/jni.cpp, line 709]
Event: 1010.715 Thread 0x00007f7950007000 Exception <a 'sun/nio/fs/UnixException'> (0x00000000e5d26c80) thrown at [/ssd/Android/AOSP-openjdk/external/jetbrains/jdk/hotspot/src/share/vm/prims/jni.cpp, line 709]
Event: 1010.715 Thread 0x00007f7950007000 Exception <a 'sun/nio/fs/UnixException'> (0x00000000e5d280c0) thrown at [/ssd/Android/AOSP-openjdk/external/jetbrains/jdk/hotspot/src/share/vm/prims/jni.cpp, line 709]
Event: 1010.715 Thread 0x00007f7950007000 Exception <a 'sun/nio/fs/UnixException'> (0x00000000e5d29b98) thrown at [/ssd/Android/AOSP-openjdk/external/jetbrains/jdk/hotspot/src/share/vm/prims/jni.cpp, line 709]
Event: 1010.715 Thread 0x00007f7950007000 Exception <a 'sun/nio/fs/UnixException'> (0x00000000e5d2af38) thrown at [/ssd/Android/AOSP-openjdk/external/jetbrains/jdk/hotspot/src/share/vm/prims/jni.cpp, line 709]
Event: 1010.716 Thread 0x00007f7950007000 Exception <a 'sun/nio/fs/UnixException'> (0x00000000e5d2cbb8) thrown at [/ssd/Android/AOSP-openjdk/external/jetbrains/jdk/hotspot/src/share/vm/prims/jni.cpp, line 709]
Event: 1010.716 Thread 0x00007f7950007000 Exception <a 'sun/nio/fs/UnixException'> (0x00000000e5d2dfd0) thrown at [/ssd/Android/AOSP-openjdk/external/jetbrains/jdk/hotspot/src/share/vm/prims/jni.cpp, line 709]
Event: 1010.716 Thread 0x00007f7950007000 Exception <a 'sun/nio/fs/UnixException'> (0x00000000e5d30960) thrown at [/ssd/Android/AOSP-openjdk/external/jetbrains/jdk/hotspot/src/share/vm/prims/jni.cpp, line 709]
Event: 1010.716 Thread 0x00007f7950007000 Exception <a 'sun/nio/fs/UnixException'> (0x00000000e5d31c80) thrown at [/ssd/Android/AOSP-openjdk/external/jetbrains/jdk/hotspot/src/share/vm/prims/jni.cpp, line 709]

Events (10 events):
Event: 1035.676 Executing VM operation: ParallelGCFailedAllocation done
Event: 1035.877 Executing VM operation: ParallelGCFailedAllocation
Event: 1035.947 Executing VM operation: ParallelGCFailedAllocation done
Event: 1036.365 Executing VM operation: ParallelGCFailedAllocation
Event: 1036.439 Executing VM operation: ParallelGCFailedAllocation done
Event: 1036.985 Executing VM operation: ParallelGCFailedAllocation
Event: 1037.059 Executing VM operation: ParallelGCFailedAllocation done
Event: 1037.277 Executing VM operation: ParallelGCFailedAllocation
Event: 1037.398 Executing VM operation: ParallelGCFailedAllocation done
Event: 1037.645 Executing VM operation: ParallelGCFailedAllocation


Dynamic libraries:
00400000-00401000 r-xp 00000000 08:07 1201464                            /home/chivu/Downloads/android-studio-p/jre/bin/java
00600000-00601000 r--p 00000000 08:07 1201464                            /home/chivu/Downloads/android-studio-p/jre/bin/java
00601000-00602000 rw-p 00001000 08:07 1201464                            /home/chivu/Downloads/android-studio-p/jre/bin/java
01e58000-01ebe000 rw-p 00000000 00:00 0                                  [heap]
a0000000-d1280000 rw-p 00000000 00:00 0 
e0000000-feb00000 rw-p 00000000 00:00 0 
feb00000-100000000 ---p 00000000 00:00 0 
100000000-10090c000 rw-p 00000000 00:00 0 
10090c000-140000000 ---p 00000000 00:00 0 
7f7914000000-7f7914203000 rw-p 00000000 00:00 0 
7f7914203000-7f7918000000 ---p 00000000 00:00 0 
7f7918000000-7f791803b000 rw-p 00000000 00:00 0 
7f791803b000-7f791c000000 ---p 00000000 00:00 0 
7f791e4d6000-7f791e50c000 r-xp 00000000 08:07 1201552                    /home/chivu/Downloads/android-studio-p/jre/jre/lib/amd64/libsunec.so
7f791e50c000-7f791e70b000 ---p 00036000 08:07 1201552                    /home/chivu/Downloads/android-studio-p/jre/jre/lib/amd64/libsunec.so
7f791e70b000-7f791e710000 r--p 00035000 08:07 1201552                    /home/chivu/Downloads/android-studio-p/jre/jre/lib/amd64/libsunec.so
7f791e710000-7f791e712000 rw-p 0003a000 08:07 1201552                    /home/chivu/Downloads/android-studio-p/jre/jre/lib/amd64/libsunec.so
7f791e712000-7f791e723000 rw-p 00000000 00:00 0 
7f791e723000-7f791e726000 ---p 00000000 00:00 0 
7f791e726000-7f791e824000 rw-p 00000000 00:00 0 
7f791e824000-7f791e827000 ---p 00000000 00:00 0 
7f791e827000-7f791e925000 rw-p 00000000 00:00 0 
7f791e925000-7f791e928000 ---p 00000000 00:00 0 
7f791e928000-7f791ea26000 rw-p 00000000 00:00 0 
7f791ea26000-7f791ea29000 ---p 00000000 00:00 0 
7f791ea29000-7f791ec67000 rw-p 00000000 00:00 0 
7f791ec67000-7f791ed27000 ---p 00000000 00:00 0 
7f791ed27000-7f791ed2a000 ---p 00000000 00:00 0 
7f791ed2a000-7f791ee28000 rw-p 00000000 00:00 0 
7f791ee28000-7f791eefd000 r--s 0095c000 08:07 1200353                    /home/chivu/Desktop/newsApp/app/build/intermediates/transforms/jarMerging/debug/jars/1/1f/combined.jar
7f791eefd000-7f791f0fd000 rw-p 00000000 00:00 0 
7f791f0fd000-7f791f2fd000 rw-p 00000000 00:00 0 
7f791f2fd000-7f791f4fd000 rw-p 00000000 00:00 0 
7f791f4fd000-7f791f6fd000 rw-p 00000000 00:00 0 
7f791f6fd000-7f791f8fd000 rw-p 00000000 00:00 0 
7f791f8fd000-7f791fafd000 rw-p 00000000 00:00 0 
7f791fafd000-7f791fb00000 ---p 00000000 00:00 0 
7f791fb00000-7f791fdfe000 rw-p 00000000 00:00 0 
7f791fdfe000-7f791fe01000 ---p 00000000 00:00 0 
7f791fe01000-7f791feff000 rw-p 00000000 00:00 0 
7f791feff000-7f791ff02000 ---p 00000000 00:00 0 
7f791ff02000-7f7920000000 rw-p 00000000 00:00 0 
7f7920000000-7f79208cc000 rw-p 00000000 00:00 0 
7f79208cc000-7f7924000000 ---p 00000000 00:00 0 
7f7924000000-7f7924021000 rw-p 00000000 00:00 0 
7f7924021000-7f7928000000 ---p 00000000 00:00 0 
7f7928000000-7f7928110000 rw-p 00000000 00:00 0 
7f7928110000-7f792c000000 ---p 00000000 00:00 0 
7f792c000000-7f792c2a9000 rw-p 00000000 00:00 0 
7f792c2a9000-7f7930000000 ---p 00000000 00:00 0 
7f7930000000-7f793006f000 rw-p 00000000 00:00 0 
7f793006f000-7f7934000000 ---p 00000000 00:00 0 
7f7934000000-7f7934021000 rw-p 00000000 00:00 0 
7f7934021000-7f7938000000 ---p 00000000 00:00 0 
7f7938000000-7f793802a000 rw-p 00000000 00:00 0 
7f793802a000-7f793c000000 ---p 00000000 00:00 0 
7f793c000000-7f793c021000 rw-p 00000000 00:00 0 
7f793c021000-7f7940000000 ---p 00000000 00:00 0 
7f7940000000-7f7940021000 rw-p 00000000 00:00 0 
7f7940021000-7f7944000000 ---p 00000000 00:00 0 
7f7944000000-7f7944022000 rw-p 00000000 00:00 0 
7f7944022000-7f7948000000 ---p 00000000 00:00 0 
7f7948000000-7f7948c21000 rw-p 00000000 00:00 0 
7f7948c21000-7f794c000000 ---p 00000000 00:00 0 
7f794c000000-7f794da51000 rw-p 00000000 00:00 0 
7f794da51000-7f7950000000 ---p 00000000 00:00 0 
7f7950000000-7f795004d000 rw-p 00000000 00:00 0 
7f795004d000-7f7954000000 ---p 00000000 00:00 0 
7f7954000000-7f7954e6b000 rw-p 00000000 00:00 0 
7f7954e6b000-7f7958000000 ---p 00000000 00:00 0 
7f7958000000-7f7958079000 rw-p 00000000 00:00 0 
7f7958079000-7f795c000000 ---p 00000000 00:00 0 
7f795c0bd000-7f795c0c0000 ---p 00000000 00:00 0 
7f795c0c0000-7f795c1be000 rw-p 00000000 00:00 0 
7f795c1be000-7f795c1c1000 ---p 00000000 00:00 0 
7f795c1c1000-7f795c2bf000 rw-p 00000000 00:00 0 
7f795c2bf000-7f795c2c2000 ---p 00000000 00:00 0 
7f795c2c2000-7f795c3c0000 rw-p 00000000 00:00 0 
7f795c48c000-7f795c491000 r--s 0003b000 08:07 1201577                    /home/chivu/Downloads/android-studio-p/jre/jre/lib/ext/sunjce_provider.jar
7f795c491000-7f795c492000 r--s 00008000 08:07 1201575                    /home/chivu/Downloads/android-studio-p/jre/jre/lib/ext/sunec.jar
7f795c492000-7f795c495000 r--s 00015000 08:07 1201493                    /home/chivu/Downloads/android-studio-p/jre/jre/lib/jce.jar
7f795c495000-7f795c498000 ---p 00000000 00:00 0 
7f795c498000-7f795c796000 rw-p 00000000 00:00 0 
7f795c796000-7f795c799000 ---p 00000000 00:00 0 
7f795c799000-7f795ca97000 rw-p 00000000 00:00 0 
7f795ca97000-7f795cc97000 rw-p 00000000 00:00 0 
7f795cc97000-7f795ce97000 rw-p 00000000 00:00 0 
7f795ce97000-7f795d097000 rw-p 00000000 00:00 0 
7f795d097000-7f795d0aa000 r--s 00344000 08:07 1201558                    /home/chivu/Downloads/android-studio-p/jre/jre/lib/resources.jar
7f795d0aa000-7f795d2aa000 rw-p 00000000 00:00 0 
7f795d2aa000-7f795d4aa000 rw-p 00000000 00:00 0 
7f795d4aa000-7f795d6aa000 rw-p 00000000 00:00 0 
7f795d6aa000-7f795d8aa000 rw-p 00000000 00:00 0 
7f795d8aa000-7f795d8ad000 ---p 00000000 00:00 0 
7f795d8ad000-7f795dbab000 rw-p 00000000 00:00 0 
7f795dbab000-7f795dbac000 r--s 00001000 08:07 1094992                    /home/chivu/.gradle/caches/jars-2/cmhx5eetujk7j30d3nllwxyrlnugzjw/annotations-25.3.3.jar
7f795dbac000-7f795dbb4000 r--s 000a8000 08:07 932893                     /home/chivu/.gradle/caches/jars-2/lp0h431tl0554nh1vx6zomcvteflkp/lombok-ast-0.2.3.jar
7f795dbb4000-7f795dbc8000 r--s 000b4000 08:07 139376                     /home/chivu/.gradle/caches/jars-2/hgvw6szzawm3evod5l2d6iutfug31w0/uast-162.2228.14.jar
7f795dbc8000-7f795dbca000 r--s 0000d000 08:07 932889                     /home/chivu/.gradle/caches/jars-2/7pwz1bowgakb1eux9ezb56jlturgsyi/commons-codec-1.4.jar
7f795dbca000-7f795dbcc000 r--s 0000d000 08:07 932887                     /home/chivu/.gradle/caches/jars-2/9dj1m0eyooi5qt13735vz8fpkl3cnfy/commons-logging-1.1.1.jar
7f795dbcc000-7f795dbd1000 r--s 00028000 08:07 932885                     /home/chivu/.gradle/caches/jars-2/62lv0fe9b3xbqe57f6ljy5upwi7mf6k/httpcore-4.1.jar
7f795dbd1000-7f795dbd5000 r--s 0002f000 08:07 932883                     /home/chivu/.gradle/caches/jars-2/gsg5n52frsvw6sx0swqqe2hwijwdcf0/jimfs-1.1.jar
7f795dbd5000-7f795dbd6000 r--s 00004000 08:07 932881                     /home/chivu/.gradle/caches/jars-2/lxs252id0979odjrerlctkb26c2vj95/annotations-12.0.jar
7f795dbd6000-7f795dbd7000 r--s 00004000 08:07 932879                     /home/chivu/.gradle/caches/jars-2/9kn99dr0rulyl67sct1ephwcop56l61/asm-analysis-5.0.4.jar
7f795dbd7000-7f795dbdb000 r--s 00040000 08:07 1094991                    /home/chivu/.gradle/caches/jars-2/ccvn7yglm4blceovs70fngoac1eyn4f/lint-api-25.3.3.jar
7f795dbdb000-7f795dbdc000 r--s 0000a000 08:07 932875                     /home/chivu/.gradle/caches/jars-2/nwyg9io65lv6jvmwit2wq82xnnxd7ia/kxml2-2.3.0.jar
7f795dbdc000-7f795dbde000 r--s 00005000 08:07 932873                     /home/chivu/.gradle/caches/jars-2/i6hc1uuj8e9ck59slmzdyz78ydn8sr6/httpmime-4.1.jar
7f795dbde000-7f795dbe6000 r--s 0004e000 08:07 932871                     /home/chivu/.gradle/caches/jars-2/7503wa5irssz0xxahv1xb82p2dl7rr2/httpclient-4.1.1.jar
7f795dbe6000-7f795dbed000 r--s 00053000 08:07 932869                     /home/chivu/.gradle/caches/jars-2/jgkfvs4eqggj7qsyw1f5d3up57hanj1/commons-compress-1.8.1.jar
7f795dbed000-7f795dbf2000 r--s 0002a000 08:07 932867                     /home/chivu/.gradle/caches/jars-2/je8f027qcr1z1egw08byp1ybxbp9kko/gson-2.2.4.jar
7f795dbf2000-7f795dbf7000 r--s 0002e000 08:07 1094990                    /home/chivu/.gradle/caches/jars-2/s427p2wh0tfza0xa8qijgx107eeevyl/repository-25.3.3.jar
7f795dbf7000-7f795dbf9000 r--s 00006000 08:07 1094989                    /home/chivu/.gradle/caches/jars-2/e2s952s6co8tps89l80r4riixwqo2oe/dvlib-25.3.3.jar
7f795dbf9000-7f795dbfb000 r--s 00013000 08:07 1094883                    /home/chivu/.gradle/caches/jars-2/s02k517nvrh8cbp2c8dz4slqska6dj9/layoutlib-api-25.3.3.jar
7f795dbfb000-7f795dc00000 r--s 00058000 08:07 932859                     /home/chivu/.gradle/caches/jars-2/st159835qgxm0l87oqrnhayxos4lc1n/asm-debug-all-5.0.1.jar
7f795dc00000-7f795dc10000 r--s 000d5000 08:07 932857                     /home/chivu/.gradle/caches/jars-2/qzf32gp9kej4w4hlbabft6tplu74cj3/proguard-base-5.3.2.jar
7f795dc10000-7f795dc13000 r--s 00033000 08:07 932855                     /home/chivu/.gradle/caches/jars-2/nz9sndmr8b4xbj4xulkaciy5kdbyfiz/juniversalchardet-1.0.3.jar
7f795dc13000-7f795dc17000 r--s 0002a000 08:07 932853                     /home/chivu/.gradle/caches/jars-2/krbpn9xjn1qymukyx8cc5l799ty1v3h/commons-io-2.4.jar
7f795dc17000-7f795dc2e000 r--s 00154000 08:07 932851                     /home/chivu/.gradle/caches/jars-2/sfeivjswzitn6n0fnjx3ueszz8gv8o1/antlr4-4.5.3.jar
7f795dc2e000-7f795dc30000 r--s 00002000 08:07 1094881                    /home/chivu/.gradle/caches/jars-2/rh2ip1x2zziz26tr3qzudtz088pqsb2/baseLibrary-2.3.3.jar
7f795dc30000-7f795dc5b000 r--s 001fc000 08:07 932847                     /home/chivu/.gradle/caches/jars-2/nxjrjftly2xksl8o0wqgivu5netfu2x/guava-18.0.jar
7f795dc5b000-7f795dc6e000 r--s 00241000 08:07 932845                     /home/chivu/.gradle/caches/jars-2/9yuekvg4qerfitq3xec0iyckuw3hwaq/ecj-4.6.1.jar
7f795dc6e000-7f795dc75000 r--s 000d9000 08:07 1094862                    /home/chivu/.gradle/caches/jars-2/ak89aa8liqmr44u7r08njntn6oehe0z/lint-checks-25.3.3.jar
7f795dc75000-7f795dc77000 r--s 00006000 08:07 932841                     /home/chivu/.gradle/caches/jars-2/6phgj9ki3jl3p5epzkqoo8pr6kur40b/asm-tree-5.0.4.jar
7f795dc77000-7f795dcaa000 r--s 00203000 08:07 932839                     /home/chivu/.gradle/caches/jars-2/hj0bfvxu9cq7hkwmecvp0kg137or3hh/bcprov-jdk15on-1.48.jar
7f795dcaa000-7f795dcb8000 r--s 00081000 08:07 932837                     /home/chivu/.gradle/caches/jars-2/4r7xli0tz94y0wfjrdyjxlxar3g1pb9/bcpkix-jdk15on-1.48.jar
7f795dcb8000-7f795dcba000 r--s 00002000 08:07 932835                     /home/chivu/.gradle/caches/jars-2/f32bh5uivuf69ecz2j8hl96ksnqdh7v/javawriter-2.5.0.jar
7f795dcba000-7f795dcbc000 r--s 00004000 08:07 1094861                    /home/chivu/.gradle/caches/jars-2/j6s1upogkwo00sygdsekzj4fx0i75uy/tracker-25.3.3.jar
7f795dcbc000-7f795dcbd000 r--s 00005000 08:07 1094860                    /home/chivu/.gradle/caches/jars-2/4svya0t1s9wyo35ycd3atidsaoo6w7e/shared-25.3.3.jar
7f795dcbd000-7f795dccb000 r--s 00147000 08:07 1094859                    /home/chivu/.gradle/caches/jars-2/qx6695c5ocd9swxv7wqtxor3plyb4b7/protos-25.3.3.jar
7f795dccb000-7f795dccc000 r--s 00001000 08:07 139356                     /home/chivu/.gradle/caches/jars-2/bqo69msswbvaagsh45hf1tq02v21sml/jill-api-0.10.0.jar
7f795dccc000-7f795dcce000 r--s 00003000 08:07 139354                     /home/chivu/.gradle/caches/jars-2/7pldadygbci34ql8thws797g29k1uhh/jack-api-0.13.0.jar
7f795dcce000-7f795dcd4000 r--s 0004a000 08:07 1094853                    /home/chivu/.gradle/caches/jars-2/euoqfzf5y1sibp9ul8mcz0wovj380eo/ddmlib-25.3.3.jar
7f795dcd4000-7f795dcd7000 r--s 00022000 08:07 1094848                    /home/chivu/.gradle/caches/jars-2/a81bg2yxzmumashablwecaj0ksz6tmj/manifest-merger-25.3.3.jar
7f795dcd7000-7f795dcda000 r--s 0001c000 08:07 1094847                    /home/chivu/.gradle/caches/jars-2/l6cnyee1vojrkkbpp6qwgpf30shmrja/common-25.3.3.jar
7f795dcda000-7f795dce3000 r--s 00089000 08:07 1094417                    /home/chivu/.gradle/caches/jars-2/m0t6h8af70sdgxvkj522jy01i14mnb8/sdk-common-25.3.3.jar
7f795dce3000-7f795dced000 r--s 00098000 08:07 1094415                    /home/chivu/.gradle/caches/jars-2/28c9ykhc782k8jmlrnbnccai34hziki/sdklib-25.3.3.jar
7f795dced000-7f795dcee000 r--s 00002000 08:07 1094389                    /home/chivu/.gradle/caches/jars-2/4dod7a1p5hoai4v37pxbcg65bbahvg2/builder-test-api-2.3.3.jar
7f795dcee000-7f795dcf1000 r--s 00006000 08:07 1094385                    /home/chivu/.gradle/caches/jars-2/omk02asobup8sgd6qxom3ej5bg94z2r/builder-model-2.3.3.jar
7f795dcf1000-7f795dd00000 r--s 00130000 08:07 932809                     /home/chivu/.gradle/caches/jars-2/cr6zkqpx14lor9zdtmo49qpc7y8r8p4/protobuf-java-3.0.0.jar
7f795dd00000-7f795dd04000 r--s 0001f000 08:07 932805                     /home/chivu/.gradle/caches/jars-2/nq3fzqkrrm37ob61z4iu5qdbh368uat/org.jacoco.report-0.7.5.201505241946.jar
7f795dd04000-7f795dd08000 r--s 0001d000 08:07 932803                     /home/chivu/.gradle/caches/jars-2/3kxkmcckmk40ron92zhbm0qjo9l4bkl/org.jacoco.core-0.7.5.201505241946.jar
7f795dd08000-7f795dd1e000 r--s 00163000 08:07 1094347                    /home/chivu/.gradle/caches/jars-2/nyg71b5n2lzymmwh5vbtmvjiby07k4g/builder-2.3.3.jar
7f795dd1e000-7f795df1e000 rw-p 00000000 00:00 0 
7f795df1e000-7f795e11e000 rw-p 00000000 00:00 0 
7f795e11e000-7f795e121000 ---p 00000000 00:00 0 
7f795e121000-7f795e41f000 rw-p 00000000 00:00 0 
7f795e41f000-7f795e61f000 rw-p 00000000 00:00 0 
7f795e61f000-7f795e81f000 rw-p 00000000 00:00 0 
7f795e81f000-7f795e821000 r--s 0000f000 08:07 932807                     /home/chivu/.gradle/caches/jars-2/rvfyugrlu5tbpz51p98og0qsxamjq4k/jopt-simple-4.9.jar
7f795e821000-7f795e823000 r--s 00002000 08:07 932801                     /home/chivu/.gradle/caches/jars-2/m4m0pzb4gmaeh0in5g2xc4bxeuwt828/proguard-gradle-5.3.2.jar
7f795e823000-7f795e825000 r--s 00009000 08:07 932799                     /home/chivu/.gradle/caches/jars-2/ajvcvdu66lc9e3tvvipxtuq48i9bbkc/asm-commons-5.0.4.jar
7f795e825000-7f795e827000 r--s 0000c000 08:07 932797                     /home/chivu/.gradle/caches/jars-2/1laz1ygmxoc408r7nwqs1q8uk8r236d/asm-5.0.4.jar
7f795e827000-7f795e82c000 r--s 0002c000 08:07 1094383                    /home/chivu/.gradle/caches/jars-2/3mlasgi8oo9o7oa12526198jui9zmp2/compilerCommon-2.3.3.jar
7f795e82c000-7f795e82d000 r--s 00002000 08:07 1094379                    /home/chivu/.gradle/caches/jars-2/73l309uzm0ila7rdaaxteq0ng4ayf2y/gradle-api-2.3.3.jar
7f795e82d000-7f795e82e000 r--s 00000000 08:07 139334                     /home/chivu/.gradle/caches/jars-2/tlyajppf8woug00g686fx5mchf8iv3o/transform-api-2.0.0-deprecated-use-gradle-api.jar
7f795e82e000-7f795e833000 r--s 0005e000 08:07 1094349                    /home/chivu/.gradle/caches/jars-2/k2xtosjt0in0zj7mpwvctw6iznt93uh/lint-25.3.3.jar
7f795e833000-7f795e852000 r--s 001ca000 08:07 1094310                    /home/chivu/.gradle/caches/jars-2/5fwyvjq1ai8mdh1mluqxidj1wo7rls8/gradle-core-2.3.3.jar
7f795e852000-7f795e854000 r--s 00007000 08:07 266240                     /home/chivu/.gradle/caches/modules-2/files-2.1/com.google.gms/google-services/3.1.0/166ae4e6acd03b7bbebe221ffa54bc039fece1b9/google-services-3.1.0.jar
7f795e854000-7f795e856000 r--s 0000d000 08:07 1094266                    /home/chivu/.gradle/caches/jars-2/mel54vauze7hczg2p6nebauqz8s53sj/gradle-2.3.3.jar
7f795e856000-7f795e859000 ---p 00000000 00:00 0 
7f795e859000-7f795e88f000 rw-p 00000000 00:00 0 
7f795e88f000-7f795e890000 r--p 00000000 00:00 0 
7f795e890000-7f795ea90000 rw-p 00000000 00:00 0 
7f795ea90000-7f795eb09000 r--s 010ed000 08:07 1201473                    /home/chivu/Downloads/android-studio-p/jre/lib/tools.jar
7f795eb09000-7f795ed09000 rw-p 00000000 00:00 0 
7f795ed09000-7f795ed0c000 ---p 00000000 00:00 0 
7f795ed0c000-7f795ee0a000 rw-p 00000000 00:00 0 
7f795ee0a000-7f795ee0d000 ---p 00000000 00:00 0 
7f795ee0d000-7f795ef0b000 rw-p 00000000 00:00 0 
7f795ef0b000-7f795ef0e000 ---p 00000000 00:00 0 
7f795ef0e000-7f795f00c000 rw-p 00000000 00:00 0 
7f795f00c000-7f795f00f000 ---p 00000000 00:00 0 
7f795f00f000-7f795f10d000 rw-p 00000000 00:00 0 
7f795f10d000-7f795f110000 ---p 00000000 00:00 0 
7f795f110000-7f795f40e000 rw-p 00000000 00:00 0 
7f795f40e000-7f795f411000 ---p 00000000 00:00 0 
7f795f411000-7f795f50f000 rw-p 00000000 00:00 0 
7f795f50f000-7f795f512000 ---p 00000000 00:00 0 
7f795f512000-7f795f610000 rw-p 00000000 00:00 0 
7f795f610000-7f795f617000 r--s 00000000 08:07 1590595                    /usr/lib/x86_64-linux-gnu/gconv/gconv-modules.cache
7f795f617000-7f795f817000 rw-p 00000000 00:00 0 
7f795f817000-7f795f81a000 ---p 00000000 00:00 0 
7f795f81a000-7f795f918000 rw-p 00000000 00:00 0 
7f795f918000-7f795f921000 r-xp 00000000 08:07 1201548                    /home/chivu/Downloads/android-studio-p/jre/jre/lib/amd64/libmanagement.so
7f795f921000-7f795fb20000 ---p 00009000 08:07 1201548                    /home/chivu/Downloads/android-studio-p/jre/jre/lib/amd64/libmanagement.so
7f795fb20000-7f795fb21000 r--p 00008000 08:07 1201548                    /home/chivu/Downloads/android-studio-p/jre/jre/lib/amd64/libmanagement.so
7f795fb21000-7f795fb22000 rw-p 00009000 08:07 1201548                    /home/chivu/Downloads/android-studio-p/jre/jre/lib/amd64/libmanagement.so
7f795fb22000-7f795fb27000 r--s 00098000 08:07 1201512                    /home/chivu/Downloads/android-studio-p/jre/jre/lib/jsse.jar
7f795fb27000-7f795fb29000 r--s 00007000 08:07 1189108                    /home/chivu/.gradle/wrapper/dists/gradle-3.3-all/55gk2rcmfc6p2dg9u9ohc3hw9/gradle-3.3/lib/plugins/gradle-tooling-api-builders-3.3.jar
7f795fb29000-7f795fb2c000 r--s 00009000 08:07 1189101                    /home/chivu/.gradle/wrapper/dists/gradle-3.3-all/55gk2rcmfc6p2dg9u9ohc3hw9/gradle-3.3/lib/plugins/gradle-testing-native-3.3.jar
7f795fb2c000-7f795fb32000 r--s 00033000 08:07 1189176                    /home/chivu/.gradle/wrapper/dists/gradle-3.3-all/55gk2rcmfc6p2dg9u9ohc3hw9/gradle-3.3/lib/plugins/snakeyaml-1.6.jar
7f795fb32000-7f795fb34000 r--s 00006000 08:07 1189175                    /home/chivu/.gradle/wrapper/dists/gradle-3.3-all/55gk2rcmfc6p2dg9u9ohc3hw9/gradle-3.3/lib/plugins/jcommander-1.12.jar
7f795fb34000-7f795fb39000 r--s 00040000 08:07 1189174                    /home/chivu/.gradle/wrapper/dists/gradle-3.3-all/55gk2rcmfc6p2dg9u9ohc3hw9/gradle-3.3/lib/plugins/bsh-2.0b4.jar
7f795fb39000-7f795fb3b000 r--s 00009000 08:07 1189182                    /home/chivu/.gradle/wrapper/dists/gradle-3.3-all/55gk2rcmfc6p2dg9u9ohc3hw9/gradle-3.3/lib/plugins/hamcrest-core-1.3.jar
7f795fb3b000-7f795fb44000 r--s 00089000 08:07 1189133                    /home/chivu/.gradle/wrapper/dists/gradle-3.3-all/55gk2rcmfc6p2dg9u9ohc3hw9/gradle-3.3/lib/plugins/testng-6.3.1.jar
7f795fb44000-7f795fb4c000 r--s 00045000 08:07 1189132                    /home/chivu/.gradle/wrapper/dists/gradle-3.3-all/55gk2rcmfc6p2dg9u9ohc3hw9/gradle-3.3/lib/plugins/junit-4.12.jar
7f795fb4c000-7f795fb52000 r--s 0002e000 08:07 1189102                    /home/chivu/.gradle/wrapper/dists/gradle-3.3-all/55gk2rcmfc6p2dg9u9ohc3hw9/gradle-3.3/lib/plugins/gradle-testing-jvm-3.3.jar
7f795fb52000-7f795fb56000 r--s 00016000 08:07 1189100                    /home/chivu/.gradle/wrapper/dists/gradle-3.3-all/55gk2rcmfc6p2dg9u9ohc3hw9/gradle-3.3/lib/plugins/gradle-testing-base-3.3.jar
7f795fb56000-7f795fb5d000 r--s 00038000 08:07 1189127                    /home/chivu/.gradle/wrapper/dists/gradle-3.3-all/55gk2rcmfc6p2dg9u9ohc3hw9/gradle-3.3/lib/plugins/bcpg-jdk15on-1.51.jar
7f795fb5d000-7f795fb5f000 r--s 0000c000 08:07 1189079                    /home/chivu/.gradle/wrapper/dists/gradle-3.3-all/55gk2rcmfc6p2dg9u9ohc3hw9/gradle-3.3/lib/plugins/gradle-signing-3.3.jar
7f795fb5f000-7f795fb61000 r--s 00007000 08:07 1189078                    /home/chivu/.gradle/wrapper/dists/gradle-3.3-all/55gk2rcmfc6p2dg9u9ohc3hw9/gradle-3.3/lib/plugins/gradle-scala-3.3.jar
7f795fb61000-7f795fb62000 r--s 00004000 08:07 1189106                    /home/chivu/.gradle/wrapper/dists/gradle-3.3-all/55gk2rcmfc6p2dg9u9ohc3hw9/gradle-3.3/lib/plugins/gradle-resources-sftp-3.3.jar
7f795fb62000-7f795fb72000 r--s 00088000 08:07 1189143                    /home/chivu/.gradle/wrapper/dists/gradle-3.3-all/55gk2rcmfc6p2dg9u9ohc3hw9/gradle-3.3/lib/plugins/joda-time-2.8.2.jar
7f795fb72000-7f795fb83000 r--s 0010d000 08:07 1189142                    /home/chivu/.gradle/wrapper/dists/gradle-3.3-all/55gk2rcmfc6p2dg9u9ohc3hw9/gradle-3.3/lib/plugins/jackson-databind-2.6.6.jar
7f795fb83000-7f795fb86000 r--s 00009000 08:07 1189141                    /home/chivu/.gradle/wrapper/dists/gradle-3.3-all/55gk2rcmfc6p2dg9u9ohc3hw9/gradle-3.3/lib/plugins/jackson-annotations-2.6.6.jar
7f795fb86000-7f795fb8a000 r--s 0003c000 08:07 1189140                    /home/chivu/.gradle/wrapper/dists/gradle-3.3-all/55gk2rcmfc6p2dg9u9ohc3hw9/gradle-3.3/lib/plugins/jackson-core-2.6.6.jar
7f795fb8a000-7f795fb98000 r--s 00087000 08:07 1189139                    /home/chivu/.gradle/wrapper/dists/gradle-3.3-all/55gk2rcmfc6p2dg9u9ohc3hw9/gradle-3.3/lib/plugins/aws-java-sdk-core-1.11.6.jar
7f795fb98000-7f795fb9f000 r--s 00057000 08:07 1189138                    /home/chivu/.gradle/wrapper/dists/gradle-3.3-all/55gk2rcmfc6p2dg9u9ohc3hw9/gradle-3.3/lib/plugins/aws-java-sdk-kms-1.11.6.jar
7f795fb9f000-7f795fbac000 r--s 0008e000 08:07 1189137                    /home/chivu/.gradle/wrapper/dists/gradle-3.3-all/55gk2rcmfc6p2dg9u9ohc3hw9/gradle-3.3/lib/plugins/aws-java-sdk-s3-1.11.6.jar
7f795fbac000-7f795fbae000 r--s 00004000 08:07 1189107                    /home/chivu/.gradle/wrapper/dists/gradle-3.3-all/55gk2rcmfc6p2dg9u9ohc3hw9/gradle-3.3/lib/plugins/gradle-resources-s3-3.3.jar
7f795fbae000-7f795fbb0000 r--s 00005000 08:07 1189131                    /home/chivu/.gradle/wrapper/dists/gradle-3.3-all/55gk2rcmfc6p2dg9u9ohc3hw9/gradle-3.3/lib/plugins/jatl-0.2.2.jar
7f795fbb0000-7f795fbb2000 r--s 0000f000 08:07 1189084                    /home/chivu/.gradle/wrapper/dists/gradle-3.3-all/55gk2rcmfc6p2dg9u9ohc3hw9/gradle-3.3/lib/plugins/gradle-reporting-3.3.jar
7f795fbb2000-7f795fbb4000 r--s 00002000 08:07 1189085                    /home/chivu/.gradle/wrapper/dists/gradle-3.3-all/55gk2rcmfc6p2dg9u9ohc3hw9/gradle-3.3/lib/plugins/gradle-publish-3.3.jar
7f795fbb4000-7f795fbb6000 r--s 00009000 08:07 1189114                    /home/chivu/.gradle/wrapper/dists/gradle-3.3-all/55gk2rcmfc6p2dg9u9ohc3hw9/gradle-3.3/lib/plugins/commons-cli-1.2.jar
7f795fbb6000-7f795fbbc000 r--s 00031000 08:07 1189070                    /home/chivu/.gradle/wrapper/dists/gradle-3.3-all/55gk2rcmfc6p2dg9u9ohc3hw9/gradle-3.3/lib/plugins/gradle-plugins-3.3.jar
7f795fbbc000-7f795fbbe000 r--s 00009000 08:07 1189103                    /home/chivu/.gradle/wrapper/dists/gradle-3.3-all/55gk2rcmfc6p2dg9u9ohc3hw9/gradle-3.3/lib/plugins/gradle-plugin-development-3.3.jar
7f795fbbe000-7f795fbc4000 r--s 0002b000 08:07 1189096                    /home/chivu/.gradle/wrapper/dists/gradle-3.3-all/55gk2rcmfc6p2dg9u9ohc3hw9/gradle-3.3/lib/plugins/gradle-platform-play-3.3.jar
7f795fbc4000-7f795fbd2000 r--s 00055000 08:07 1189095                    /home/chivu/.gradle/wrapper/dists/gradle-3.3-all/55gk2rcmfc6p2dg9u9ohc3hw9/gradle-3.3/lib/plugins/gradle-platform-native-3.3.jar
7f795fbd2000-7f795fbd7000 r--s 0001f000 08:07 1189090                    /home/chivu/.gradle/wrapper/dists/gradle-3.3-all/55gk2rcmfc6p2dg9u9ohc3hw9/gradle-3.3/lib/plugins/gradle-platform-jvm-3.3.jar
7f795fbd7000-7f795fbdf000 r--s 00027000 08:07 1189089                    /home/chivu/.gradle/wrapper/dists/gradle-3.3-all/55gk2rcmfc6p2dg9u9ohc3hw9/gradle-3.3/lib/plugins/gradle-platform-base-3.3.jar
7f795fbdf000-7f795fc07000 r--s 0021c000 08:07 1189122                    /home/chivu/.gradle/wrapper/dists/gradle-3.3-all/55gk2rcmfc6p2dg9u9ohc3hw9/gradle-3.3/lib/plugins/biz.aQute.bndlib-3.2.0.jar
7f795fc07000-7f795fc09000 r--s 00003000 08:07 1189074                    /home/chivu/.gradle/wrapper/dists/gradle-3.3-all/55gk2rcmfc6p2dg9u9ohc3hw9/gradle-3.3/lib/plugins/gradle-osgi-3.3.jar
7f795fc09000-7f795fc0c000 r--s 0000c000 08:07 1189125                    /home/chivu/.gradle/wrapper/dists/gradle-3.3-all/55gk2rcmfc6p2dg9u9ohc3hw9/gradle-3.3/lib/plugins/pmaven-groovy-0.8-20100325.jar
7f795fc0c000-7f795fc0d000 r--s 00004000 08:07 1189124                    /home/chivu/.gradle/wrapper/dists/gradle-3.3-all/55gk2rcmfc6p2dg9u9ohc3hw9/gradle-3.3/lib/plugins/pmaven-common-0.8-20100325.jar
7f795fc0d000-7f795fc13000 r--s 00023000 08:07 1189075                    /home/chivu/.gradle/wrapper/dists/gradle-3.3-all/55gk2rcmfc6p2dg9u9ohc3hw9/gradle-3.3/lib/plugins/gradle-maven-3.3.jar
7f795fc13000-7f795fc16000 r--s 0000b000 08:07 1189094                    /home/chivu/.gradle/wrapper/dists/gradle-3.3-all/55gk2rcmfc6p2dg9u9ohc3hw9/gradle-3.3/lib/plugins/gradle-language-scala-3.3.jar
7f795fc16000-7f795fc1c000 r--s 0001a000 08:07 1189098                    /home/chivu/.gradle/wrapper/dists/gradle-3.3-all/55gk2rcmfc6p2dg9u9ohc3hw9/gradle-3.3/lib/plugins/gradle-language-native-3.3.jar
7f795fc1c000-7f795fc1f000 r--s 00005000 08:07 1189091                    /home/chivu/.gradle/wrapper/dists/gradle-3.3-all/55gk2rcmfc6p2dg9u9ohc3hw9/gradle-3.3/lib/plugins/gradle-language-jvm-3.3.jar
7f795fc1f000-7f795fc25000 r--s 00027000 08:07 1189092                    /home/chivu/.gradle/wrapper/dists/gradle-3.3-all/55gk2rcmfc6p2dg9u9ohc3hw9/gradle-3.3/lib/plugins/gradle-language-java-3.3.jar
7f795fc25000-7f795fc27000 r--s 0000a000 08:07 1189093                    /home/chivu/.gradle/wrapper/dists/gradle-3.3-all/55gk2rcmfc6p2dg9u9ohc3hw9/gradle-3.3/lib/plugins/gradle-language-groovy-3.3.jar
7f795fc27000-7f795fc2a000 r--s 0001e000 08:07 1189149                    /home/chivu/.gradle/wrapper/dists/gradle-3.3-all/55gk2rcmfc6p2dg9u9ohc3hw9/gradle-3.3/lib/plugins/jsp-api-2.1-6.1.14.jar
7f795fc2a000-7f795fc4d000 r--s 00344000 08:07 1189148                    /home/chivu/.gradle/wrapper/dists/gradle-3.3-all/55gk2rcmfc6p2dg9u9ohc3hw9/gradle-3.3/lib/plugins/core-3.1.1.jar
7f795fc4d000-7f795fc4e000 r--s 00006000 08:07 1189147                    /home/chivu/.gradle/wrapper/dists/gradle-3.3-all/55gk2rcmfc6p2dg9u9ohc3hw9/gradle-3.3/lib/plugins/jetty-naming-6.1.26.jar
7f795fc4e000-7f795fc50000 r--s 00002000 08:07 1189120                    /home/chivu/.gradle/wrapper/dists/gradle-3.3-all/55gk2rcmfc6p2dg9u9ohc3hw9/gradle-3.3/lib/plugins/jetty-annotations-6.1.26.jar
7f795fc50000-7f795fc61000 r--s 000ea000 08:07 1189119                    /home/chivu/.gradle/wrapper/dists/gradle-3.3-all/55gk2rcmfc6p2dg9u9ohc3hw9/gradle-3.3/lib/plugins/jsp-2.1-6.1.14.jar
7f795fc61000-7f795fc63000 r--s 0000d000 08:07 1189118                    /home/chivu/.gradle/wrapper/dists/gradle-3.3-all/55gk2rcmfc6p2dg9u9ohc3hw9/gradle-3.3/lib/plugins/jetty-plus-6.1.26.jar
7f795fc63000-7f795fc65000 r--s 0001f000 08:07 1189117                    /home/chivu/.gradle/wrapper/dists/gradle-3.3-all/55gk2rcmfc6p2dg9u9ohc3hw9/gradle-3.3/lib/plugins/servlet-api-2.5-20081211.jar
7f795fc65000-7f795fc69000 r--s 00028000 08:07 1189116                    /home/chivu/.gradle/wrapper/dists/gradle-3.3-all/55gk2rcmfc6p2dg9u9ohc3hw9/gradle-3.3/lib/plugins/jetty-util-6.1.26.jar
7f795fc69000-7f795fc70000 r--s 0007d000 08:07 1189115                    /home/chivu/.gradle/wrapper/dists/gradle-3.3-all/55gk2rcmfc6p2dg9u9ohc3hw9/gradle-3.3/lib/plugins/jetty-6.1.26.jar
7f795fc70000-7f795fc72000 r--s 0000a000 08:07 1189072                    /home/chivu/.gradle/wrapper/dists/gradle-3.3-all/55gk2rcmfc6p2dg9u9ohc3hw9/gradle-3.3/lib/plugins/gradle-jetty-3.3.jar
7f795fc72000-7f795fc7e000 r--s 00100000 08:07 1189128                    /home/chivu/.gradle/wrapper/dists/gradle-3.3-all/55gk2rcmfc6p2dg9u9ohc3hw9/gradle-3.3/lib/plugins/rhino-1.7R3.jar
7f795fc7e000-7f795fdf0000 r-xp 00000000 08:07 1312856                    /usr/lib/x86_64-linux-gnu/libstdc++.so.6.0.21
7f795fdf0000-7f795fff0000 ---p 00172000 08:07 1312856                    /usr/lib/x86_64-linux-gnu/libstdc++.so.6.0.21
7f795fff0000-7f795fffa000 r--p 00172000 08:07 1312856                    /usr/lib/x86_64-linux-gnu/libstdc++.so.6.0.21
7f795fffa000-7f795fffc000 rw-p 0017c000 08:07 1312856                    /usr/lib/x86_64-linux-gnu/libstdc++.so.6.0.21
7f795fffc000-7f7960000000 rw-p 00000000 00:00 0 
7f7960000000-7f7960021000 rw-p 00000000 00:00 0 
7f7960021000-7f7964000000 ---p 00000000 00:00 0 
7f7964000000-7f7964021000 rw-p 00000000 00:00 0 
7f7964021000-7f7968000000 ---p 00000000 00:00 0 
7f7968000000-7f796a585000 rw-p 00000000 00:00 0 
7f796a585000-7f796c000000 ---p 00000000 00:00 0 
7f796c000000-7f796cf75000 rw-p 00000000 00:00 0 
7f796cf75000-7f7970000000 ---p 00000000 00:00 0 
7f7970000000-7f7970021000 rw-p 00000000 00:00 0 
7f7970021000-7f7974000000 ---p 00000000 00:00 0 
7f7974000000-7f79762a7000 rw-p 00000000 00:00 0 
7f79762a7000-7f7978000000 ---p 00000000 00:00 0 
7f7978000000-7f7978021000 rw-p 00000000 00:00 0 
7f7978021000-7f797c000000 ---p 00000000 00:00 0 
7f797c000000-7f797c021000 rw-p 00000000 00:00 0 
7f797c021000-7f7980000000 ---p 00000000 00:00 0 
7f7980000000-7f7980462000 rw-p 00000000 00:00 0 
7f7980462000-7f7984000000 ---p 00000000 00:00 0 
7f7984000000-7f7984336000 rw-p 00000000 00:00 0 
7f7984336000-7f7988000000 ---p 00000000 00:00 0 
7f7988000000-7f7988001000 r--s 00002000 08:07 1189121                    /home/chivu/.gradle/wrapper/dists/gradle-3.3-all/55gk2rcmfc6p2dg9u9ohc3hw9/gradle-3.3/lib/plugins/geronimo-annotation_1.0_spec-1.0.jar
7f7988001000-7f7988008000 r--s 00035000 08:07 1189130                    /home/chivu/.gradle/wrapper/dists/gradle-3.3-all/55gk2rcmfc6p2dg9u9ohc3hw9/gradle-3.3/lib/plugins/simple-4.1.21.jar
7f7988008000-7f798800c000 r--s 00012000 08:07 1189081                    /home/chivu/.gradle/wrapper/dists/gradle-3.3-all/55gk2rcmfc6p2dg9u9ohc3hw9/gradle-3.3/lib/plugins/gradle-javascript-3.3.jar
7f798800c000-7f798800e000 r--s 0000d000 08:07 1189087                    /home/chivu/.gradle/wrapper/dists/gradle-3.3-all/55gk2rcmfc6p2dg9u9ohc3hw9/gradle-3.3/lib/plugins/gradle-jacoco-3.3.jar
7f798800e000-7f7988011000 r--s 0000e000 08:07 1189086                    /home/chivu/.gradle/wrapper/dists/gradle-3.3-all/55gk2rcmfc6p2dg9u9ohc3hw9/gradle-3.3/lib/plugins/gradle-ivy-3.3.jar
7f7988011000-7f7988012000 r--s 00002000 08:07 1189097                    /home/chivu/.gradle/wrapper/dists/gradle-3.3-all/55gk2rcmfc6p2dg9u9ohc3hw9/gradle-3.3/lib/plugins/gradle-ide-play-3.3.jar
7f7988012000-7f7988015000 r--s 00013000 08:07 1189099                    /home/chivu/.gradle/wrapper/dists/gradle-3.3-all/55gk2rcmfc6p2dg9u9ohc3hw9/gradle-3.3/lib/plugins/gradle-ide-native-3.3.jar
7f7988015000-7f798801e000 r--s 00055000 08:07 1189076                    /home/chivu/.gradle/wrapper/dists/gradle-3.3-all/55gk2rcmfc6p2dg9u9ohc3hw9/gradle-3.3/lib/plugins/gradle-ide-3.3.jar
7f798801e000-7f7988020000 r--s 00007000 08:07 1189080                    /home/chivu/.gradle/wrapper/dists/gradle-3.3-all/55gk2rcmfc6p2dg9u9ohc3hw9/gradle-3.3/lib/plugins/gradle-ear-3.3.jar
7f7988020000-7f7988026000 r--s 00039000 08:07 1189083                    /home/chivu/.gradle/wrapper/dists/gradle-3.3-all/55gk2rcmfc6p2dg9u9ohc3hw9/gradle-3.3/lib/plugins/gradle-diagnostics-3.3.jar
7f7988026000-7f7988027000 r--s 00009000 08:07 1189109                    /home/chivu/.gradle/wrapper/dists/gradle-3.3-all/55gk2rcmfc6p2dg9u9ohc3hw9/gradle-3.3/lib/plugins/gradle-composite-builds-3.3.jar
7f7988027000-7f798802b000 r--s 00023000 08:07 1189071                    /home/chivu/.gradle/wrapper/dists/gradle-3.3-all/55gk2rcmfc6p2dg9u9ohc3hw9/gradle-3.3/lib/plugins/gradle-code-quality-3.3.jar
7f798802b000-7f798802f000 r--s 00022000 08:07 1189088                    /home/chivu/.gradle/wrapper/dists/gradle-3.3-all/55gk2rcmfc6p2dg9u9ohc3hw9/gradle-3.3/lib/plugins/gradle-build-init-3.3.jar
7f798802f000-7f7988035000 r--s 0008e000 08:07 1189082                    /home/chivu/.gradle/wrapper/dists/gradle-3.3-all/55gk2rcmfc6p2dg9u9ohc3hw9/gradle-3.3/lib/plugins/gradle-build-comparison-3.3.jar
7f7988035000-7f7988036000 r--s 00001000 08:07 1189110                    /home/chivu/.gradle/wrapper/dists/gradle-3.3-all/55gk2rcmfc6p2dg9u9ohc3hw9/gradle-3.3/lib/plugins/gradle-build-cache-http-3.3.jar
7f7988036000-7f7988038000 r--s 00008000 08:07 1189073                    /home/chivu/.gradle/wrapper/dists/gradle-3.3-all/55gk2rcmfc6p2dg9u9ohc3hw9/gradle-3.3/lib/plugins/gradle-antlr-3.3.jar
7f7988038000-7f798803a000 r--s 00004000 08:07 1189077                    /home/chivu/.gradle/wrapper/dists/gradle-3.3-all/55gk2rcmfc6p2dg9u9ohc3hw9/gradle-3.3/lib/plugins/gradle-announce-3.3.jar
7f798803a000-7f7988052000 r--s 00115000 08:07 1189179                    /home/chivu/.gradle/wrapper/dists/gradle-3.3-all/55gk2rcmfc6p2dg9u9ohc3hw9/gradle-3.3/lib/plugins/xercesImpl-2.9.1.jar
7f7988052000-7f798805a000 r--s 00028000 08:07 1189180                    /home/chivu/.gradle/wrapper/dists/gradle-3.3-all/55gk2rcmfc6p2dg9u9ohc3hw9/gradle-3.3/lib/plugins/xml-apis-1.3.04.jar
7f798805a000-7f7988060000 r--s 0005b000 08:07 1189178                    /home/chivu/.gradle/wrapper/dists/gradle-3.3-all/55gk2rcmfc6p2dg9u9ohc3hw9/gradle-3.3/lib/plugins/jcifs-1.3.17.jar
7f7988060000-7f7988066000 r--s 00033000 08:07 1189126                    /home/chivu/.gradle/wrapper/dists/gradle-3.3-all/55gk2rcmfc6p2dg9u9ohc3hw9/gradle-3.3/lib/plugins/commons-codec-1.6.jar
7f7988066000-7f798806d000 r--s 00049000 08:07 1189177                    /home/chivu/.gradle/wrapper/dists/gradle-3.3-all/55gk2rcmfc6p2dg9u9ohc3hw9/gradle-3.3/lib/plugins/httpcore-4.4.4.jar
7f798806d000-7f7988070000 r--s 0001c000 08:07 1189135                    /home/chivu/.gradle/wrapper/dists/gradle-3.3-all/55gk2rcmfc6p2dg9u9ohc3hw9/gradle-3.3/lib/plugins/nekohtml-1.9.14.jar
7f7988070000-7f798807d000 r--s 000a4000 08:07 1189134                    /home/chivu/.gradle/wrapper/dists/gradle-3.3-all/55gk2rcmfc6p2dg9u9ohc3hw9/gradle-3.3/lib/plugins/httpclient-4.4.1.jar
7f798807d000-7f7988080000 r--s 0000a000 08:07 1189105                    /home/chivu/.gradle/wrapper/dists/gradle-3.3-all/55gk2rcmfc6p2dg9u9ohc3hw9/gradle-3.3/lib/plugins/gradle-resources-http-3.3.jar
7f7988080000-7f7988084000 r--s 00015000 08:07 1189104                    /home/chivu/.gradle/wrapper/dists/gradle-3.3-all/55gk2rcmfc6p2dg9u9ohc3hw9/gradle-3.3/lib/plugins/gradle-plugin-use-3.3.jar
7f7988084000-7f7988085000 r--s 00000000 08:07 1189016                    /home/chivu/.gradle/wrapper/dists/gradle-3.3-all/55gk2rcmfc6p2dg9u9ohc3hw9/gradle-3.3/lib/gradle-installation-beacon-3.3.jar
7f7988085000-7f7988087000 r--s 00006000 08:07 1189173                    /home/chivu/.gradle/wrapper/dists/gradle-3.3-all/55gk2rcmfc6p2dg9u9ohc3hw9/gradle-3.3/lib/plugins/aether-connector-wagon-1.13.1.jar
7f7988087000-7f798808b000 r--s 0001c000 08:07 1189172                    /home/chivu/.gradle/wrapper/dists/gradle-3.3-all/55gk2rcmfc6p2dg9u9ohc3hw9/gradle-3.3/lib/plugins/aether-util-1.13.1.jar
7f798808b000-7f798808c000 r--s 00003000 08:07 1189171                    /home/chivu/.gradle/wrapper/dists/gradle-3.3-all/55gk2rcmfc6p2dg9u9ohc3hw9/gradle-3.3/lib/plugins/aether-spi-1.13.1.jar
7f798808c000-7f798808f000 r--s 0001d000 08:07 1189170                    /home/chivu/.gradle/wrapper/dists/gradle-3.3-all/55gk2rcmfc6p2dg9u9ohc3hw9/gradle-3.3/lib/plugins/aether-impl-1.13.1.jar
7f798808f000-7f7988092000 r--s 00013000 08:07 1189169                    /home/chivu/.gradle/wrapper/dists/gradle-3.3-all/55gk2rcmfc6p2dg9u9ohc3hw9/gradle-3.3/lib/plugins/aether-api-1.13.1.jar
7f7988092000-7f7988093000 r--s 00007000 08:07 1189168                    /home/chivu/.gradle/wrapper/dists/gradle-3.3-all/55gk2rcmfc6p2dg9u9ohc3hw9/gradle-3.3/lib/plugins/wagon-http-shared4-2.4.jar
7f7988093000-7f7988095000 r--s 0000b000 08:07 1189167                    /home/chivu/.gradle/wrapper/dists/gradle-3.3-all/55gk2rcmfc6p2dg9u9ohc3hw9/gradle-3.3/lib/plugins/wagon-provider-api-2.4.jar
7f7988095000-7f7988096000 r--s 00002000 08:07 1189166                    /home/chivu/.gradle/wrapper/dists/gradle-3.3-all/55gk2rcmfc6p2dg9u9ohc3hw9/gradle-3.3/lib/plugins/wagon-http-2.4.jar
7f7988096000-7f7988097000 r--s 00002000 08:07 1189165                    /home/chivu/.gradle/wrapper/dists/gradle-3.3-all/55gk2rcmfc6p2dg9u9ohc3hw9/gradle-3.3/lib/plugins/wagon-file-2.4.jar
7f7988097000-7f7988099000 r--s 0000c000 08:07 1189164                    /home/chivu/.gradle/wrapper/dists/gradle-3.3-all/55gk2rcmfc6p2dg9u9ohc3hw9/gradle-3.3/lib/plugins/maven-aether-provider-3.0.4.jar
7f7988099000-7f798809b000 r--s 0000b000 08:07 1189163                    /home/chivu/.gradle/wrapper/dists/gradle-3.3-all/55gk2rcmfc6p2dg9u9ohc3hw9/gradle-3.3/lib/plugins/maven-plugin-api-3.0.4.jar
7f798809b000-7f798809d000 r--s 00006000 08:07 1189162                    /home/chivu/.gradle/wrapper/dists/gradle-3.3-all/55gk2rcmfc6p2dg9u9ohc3hw9/gradle-3.3/lib/plugins/maven-repository-metadata-3.0.4.jar
7f798809d000-7f798809f000 r--s 0000b000 08:07 1189161                    /home/chivu/.gradle/wrapper/dists/gradle-3.3-all/55gk2rcmfc6p2dg9u9ohc3hw9/gradle-3.3/lib/plugins/maven-artifact-3.0.4.jar
7f798809f000-7f79880a1000 r--s 00026000 08:07 1189160                    /home/chivu/.gradle/wrapper/dists/gradle-3.3-all/55gk2rcmfc6p2dg9u9ohc3hw9/gradle-3.3/lib/plugins/maven-model-3.0.4.jar
7f79880a1000-7f79880a5000 r--s 00021000 08:07 1189159                    /home/chivu/.gradle/wrapper/dists/gradle-3.3-all/55gk2rcmfc6p2dg9u9ohc3hw9/gradle-3.3/lib/plugins/maven-model-builder-3.0.4.jar
7f79880a5000-7f79880ab000 r--s 0003f000 08:07 1189158                    /home/chivu/.gradle/wrapper/dists/gradle-3.3-all/55gk2rcmfc6p2dg9u9ohc3hw9/gradle-3.3/lib/plugins/maven-compat-3.0.4.jar
7f79880ab000-7f79880ad000 r--s 00002000 08:07 1189156                    /home/chivu/.gradle/wrapper/dists/gradle-3.3-all/55gk2rcmfc6p2dg9u9ohc3hw9/gradle-3.3/lib/plugins/plexus-cipher-1.7.jar
7f79880ad000-7f79880af000 r--s 0000a000 08:07 1189155                    /home/chivu/.gradle/wrapper/dists/gradle-3.3-all/55gk2rcmfc6p2dg9u9ohc3hw9/gradle-3.3/lib/plugins/plexus-classworlds-2.4.jar
7f79880af000-7f79880b6000 r--s 0002e000 08:07 1189154                    /home/chivu/.gradle/wrapper/dists/gradle-3.3-all/55gk2rcmfc6p2dg9u9ohc3hw9/gradle-3.3/lib/plugins/plexus-container-default-1.5.5.jar
7f79880b6000-7f79880b8000 r--s 00000000 08:07 1189181                    /home/chivu/.gradle/wrapper/dists/gradle-3.3-all/55gk2rcmfc6p2dg9u9ohc3hw9/gradle-3.3/lib/plugins/plexus-component-annotations-1.5.5.jar
7f79880b8000-7f79880ba000 r--s 0000d000 08:07 1189153                    /home/chivu/.gradle/wrapper/dists/gradle-3.3-all/55gk2rcmfc6p2dg9u9ohc3hw9/gradle-3.3/lib/plugins/plexus-interpolation-1.14.jar
7f79880ba000-7f79880be000 r--s 00033000 08:07 1189152                    /home/chivu/.gradle/wrapper/dists/gradle-3.3-all/55gk2rcmfc6p2dg9u9ohc3hw9/gradle-3.3/lib/plugins/plexus-utils-2.0.6.jar
7f79880be000-7f79880c1000 r--s 00008000 08:07 1189151                    /home/chivu/.gradle/wrapper/dists/gradle-3.3-all/55gk2rcmfc6p2dg9u9ohc3hw9/gradle-3.3/lib/plugins/maven-settings-builder-3.0.4.jar
7f79880c1000-7f79880c6000 r--s 00040000 08:07 1189136                    /home/chivu/.gradle/wrapper/dists/gradle-3.3-all/55gk2rcmfc6p2dg9u9ohc3hw9/gradle-3.3/lib/plugins/jsch-0.1.53.jar
7f79880c6000-7f7988106000 r--s 00277000 08:07 1189146                    /home/chivu/.gradle/wrapper/dists/gradle-3.3-all/55gk2rcmfc6p2dg9u9ohc3hw9/gradle-3.3/lib/plugins/bcprov-jdk15on-1.51.jar
7f7988106000-7f7988112000 r--s 0007d000 08:07 1189123                    /home/chivu/.gradle/wrapper/dists/gradle-3.3-all/55gk2rcmfc6p2dg9u9ohc3hw9/gradle-3.3/lib/plugins/maven-core-3.0.4.jar
7f7988112000-7f7988131000 r--s 000f6000 08:07 1189112                    /home/chivu/.gradle/wrapper/dists/gradle-3.3-all/55gk2rcmfc6p2dg9u9ohc3hw9/gradle-3.3/lib/plugins/gradle-dependency-management-3.3.jar
7f7988131000-7f7988147000 r-xp 00000000 08:07 529479                     /lib/x86_64-linux-gnu/libgcc_s.so.1
7f7988147000-7f7988346000 ---p 00016000 08:07 529479                     /lib/x86_64-linux-gnu/libgcc_s.so.1
7f7988346000-7f7988347000 rw-p 00015000 08:07 529479                     /lib/x86_64-linux-gnu/libgcc_s.so.1
7f7988347000-7f7988349000 r--s 0000a000 08:07 1189150                    /home/chivu/.gradle/wrapper/dists/gradle-3.3-all/55gk2rcmfc6p2dg9u9ohc3hw9/gradle-3.3/lib/plugins/maven-settings-3.0.4.jar
7f7988349000-7f798834d000 r--s 0001d000 08:07 1189145                    /home/chivu/.gradle/wrapper/dists/gradle-3.3-all/55gk2rcmfc6p2dg9u9ohc3hw9/gradle-3.3/lib/plugins/xbean-reflect-3.4.jar
7f798834d000-7f7988352000 r--s 00034000 08:07 1189129                    /home/chivu/.gradle/wrapper/dists/gradle-3.3-all/55gk2rcmfc6p2dg9u9ohc3hw9/gradle-3.3/lib/plugins/gson-2.7.jar
7f7988352000-7f7988361000 r--s 000d9000 08:07 1189144                    /home/chivu/.gradle/wrapper/dists/gradle-3.3-all/55gk2rcmfc6p2dg9u9ohc3hw9/gradle-3.3/lib/plugins/ivy-2.2.0.jar
7f7988361000-7f7988363000 r--s 00005000 08:07 1189111                    /home/chivu/.gradle/wrapper/dists/gradle-3.3-all/55gk2rcmfc6p2dg9u9ohc3hw9/gradle-3.3/lib/plugins/gradle-workers-3.3.jar
7f7988363000-7f7988368000 r-xp 00000000 08:07 932602                     /home/chivu/.gradle/native/23/linux-amd64/libnative-platform.so
7f7988368000-7f7988567000 ---p 00005000 08:07 932602                     /home/chivu/.gradle/native/23/linux-amd64/libnative-platform.so
7f7988567000-7f7988568000 rw-p 00004000 08:07 932602                     /home/chivu/.gradle/native/23/linux-amd64/libnative-platform.so
7f7988568000-7f7988579000 r-xp 00000000 08:07 1201545                    /home/chivu/Downloads/android-studio-p/jre/jre/lib/amd64/libnio.so
7f7988579000-7f7988778000 ---p 00011000 08:07 1201545                    /home/chivu/Downloads/android-studio-p/jre/jre/lib/amd64/libnio.so
7f7988778000-7f7988779000 r--p 00010000 08:07 1201545                    /home/chivu/Downloads/android-studio-p/jre/jre/lib/amd64/libnio.so
7f7988779000-7f798877a000 rw-p 00011000 08:07 1201545                    /home/chivu/Downloads/android-studio-p/jre/jre/lib/amd64/libnio.so
7f798877a000-7f7988a7b000 rw-p 00000000 00:00 0 
7f7988a7b000-7f7988a92000 r-xp 00000000 08:07 1201544                    /home/chivu/Downloads/android-studio-p/jre/jre/lib/amd64/libnet.so
7f7988a92000-7f7988c91000 ---p 00017000 08:07 1201544                    /home/chivu/Downloads/android-studio-p/jre/jre/lib/amd64/libnet.so
7f7988c91000-7f7988c92000 r--p 00016000 08:07 1201544                    /home/chivu/Downloads/android-studio-p/jre/jre/lib/amd64/libnet.so
7f7988c92000-7f7988c93000 rw-p 00017000 08:07 1201544                    /home/chivu/Downloads/android-studio-p/jre/jre/lib/amd64/libnet.so
7f7988c93000-7f7988ca0000 r--s 00041000 08:07 1189022                    /home/chivu/.gradle/wrapper/dists/gradle-3.3-all/55gk2rcmfc6p2dg9u9ohc3hw9/gradle-3.3/lib/gradle-tooling-api-3.3.jar
7f7988ca0000-7f7988ca6000 r--s 00032000 08:07 1189044                    /home/chivu/.gradle/wrapper/dists/gradle-3.3-all/55gk2rcmfc6p2dg9u9ohc3hw9/gradle-3.3/lib/jaxen-1.1.jar
7f7988ca6000-7f7988cab000 r--s 00048000 08:07 1189043                    /home/chivu/.gradle/wrapper/dists/gradle-3.3-all/55gk2rcmfc6p2dg9u9ohc3hw9/gradle-3.3/lib/dom4j-1.6.1.jar
7f7988cab000-7f7988cb6000 r--s 00059000 08:07 1189021                    /home/chivu/.gradle/wrapper/dists/gradle-3.3-all/55gk2rcmfc6p2dg9u9ohc3hw9/gradle-3.3/lib/gradle-ui-3.3.jar
7f7988cb6000-7f7988cbf000 r--s 0008c000 08:07 1189013                    /home/chivu/.gradle/wrapper/dists/gradle-3.3-all/55gk2rcmfc6p2dg9u9ohc3hw9/gradle-3.3/lib/kotlin-stdlib-1.1-M02.jar
7f7988cbf000-7f7988cc5000 r--s 0002a000 08:07 1189012                    /home/chivu/.gradle/wrapper/dists/gradle-3.3-all/55gk2rcmfc6p2dg9u9ohc3hw9/gradle-3.3/lib/kotlin-runtime-1.1-M02.jar
7f7988cc5000-7f7988cf9000 r--s 00256000 08:07 1189011                    /home/chivu/.gradle/wrapper/dists/gradle-3.3-all/55gk2rcmfc6p2dg9u9ohc3hw9/gradle-3.3/lib/kotlin-reflect-1.1-M02.jar
7f7988cf9000-7f7988e8f000 r--s 0157e000 08:07 1189010                    /home/chivu/.gradle/wrapper/dists/gradle-3.3-all/55gk2rcmfc6p2dg9u9ohc3hw9/gradle-3.3/lib/kotlin-compiler-embeddable-1.1-M02.jar
7f7988e8f000-7f7988eff000 r--s 00641000 08:07 1189029                    /home/chivu/.gradle/wrapper/dists/gradle-3.3-all/55gk2rcmfc6p2dg9u9ohc3hw9/gradle-3.3/lib/groovy-all-2.4.7.jar
7f7988eff000-7f7988f00000 ---p 00000000 00:00 0 
7f7988f00000-7f798c000000 rw-p 00000000 00:00 0 
7f798c000000-7f798c320000 rw-p 00000000 00:00 0 
7f798c320000-7f7990000000 ---p 00000000 00:00 0 
7f7990000000-7f799011c000 rw-p 00000000 00:00 0 
7f799011c000-7f7994000000 ---p 00000000 00:00 0 
7f7994000000-7f7994133000 rw-p 00000000 00:00 0 
7f7994133000-7f7998000000 ---p 00000000 00:00 0 
7f7998000000-7f7998001000 r--s 00006000 08:07 1189157                    /home/chivu/.gradle/wrapper/dists/gradle-3.3-all/55gk2rcmfc6p2dg9u9ohc3hw9/gradle-3.3/lib/plugins/plexus-sec-dispatcher-1.3.jar
7f7998001000-7f7998002000 r--s 00006000 08:07 1189015                    /home/chivu/.gradle/wrapper/dists/gradle-3.3-all/55gk2rcmfc6p2dg9u9ohc3hw9/gradle-3.3/lib/gradle-wrapper-3.3.jar
7f7998002000-7f7998004000 r--s 00002000 08:07 1189042                    /home/chivu/.gradle/wrapper/dists/gradle-3.3-all/55gk2rcmfc6p2dg9u9ohc3hw9/gradle-3.3/lib/gradle-open-api-3.3.jar
7f7998004000-7f799800c000 r--s 0004e000 08:07 1189009                    /home/chivu/.gradle/wrapper/dists/gradle-3.3-all/55gk2rcmfc6p2dg9u9ohc3hw9/gradle-3.3/lib/gradle-script-kotlin-0.5.1.jar
7f799800c000-7f799800f000 r--s 0000b000 08:07 1189040                    /home/chivu/.gradle/wrapper/dists/gradle-3.3-all/55gk2rcmfc6p2dg9u9ohc3hw9/gradle-3.3/lib/gradle-resources-3.3.jar
7f799800f000-7f7998011000 r--s 00003000 08:07 1189049                    /home/chivu/.gradle/wrapper/dists/gradle-3.3-all/55gk2rcmfc6p2dg9u9ohc3hw9/gradle-3.3/lib/jcl-over-slf4j-1.7.10.jar
7f7998011000-7f7998012000 r--s 00005000 08:07 1189048                    /home/chivu/.gradle/wrapper/dists/gradle-3.3-all/55gk2rcmfc6p2dg9u9ohc3hw9/gradle-3.3/lib/log4j-over-slf4j-1.7.10.jar
7f7998012000-7f7998014000 r--s 00000000 08:07 1189047                    /home/chivu/.gradle/wrapper/dists/gradle-3.3-all/55gk2rcmfc6p2dg9u9ohc3hw9/gradle-3.3/lib/jul-to-slf4j-1.7.10.jar
7f7998014000-7f7998019000 r--s 0001e000 08:07 1189024                    /home/chivu/.gradle/wrapper/dists/gradle-3.3-all/55gk2rcmfc6p2dg9u9ohc3hw9/gradle-3.3/lib/gradle-logging-3.3.jar
7f7998019000-7f799801b000 r--s 00007000 08:07 1189068                    /home/chivu/.gradle/wrapper/dists/gradle-3.3-all/55gk2rcmfc6p2dg9u9ohc3hw9/gradle-3.3/lib/objenesis-1.2.jar
7f799801b000-7f799801e000 ---p 00000000 00:00 0 
7f799801e000-7f799811c000 rw-p 00000000 00:00 0 
7f799811c000-7f799811f000 ---p 00000000 00:00 0 
7f799811f000-7f799821d000 rw-p 00000000 00:00 0 
7f799821d000-7f7998220000 ---p 00000000 00:00 0 
7f7998220000-7f799831e000 rw-p 00000000 00:00 0 
7f799831e000-7f7998321000 ---p 00000000 00:00 0 
7f7998321000-7f799841f000 rw-p 00000000 00:00 0 
7f799841f000-7f7998422000 ---p 00000000 00:00 0 
7f7998422000-7f7998520000 rw-p 00000000 00:00 0 
7f7998520000-7f79987f8000 r--p 00000000 08:07 1311727                    /usr/lib/locale/locale-archive
7f79987f8000-7f79987fb000 ---p 00000000 00:00 0 
7f79987fb000-7f79988f9000 rw-p 00000000 00:00 0 
7f79988f9000-7f79988fc000 ---p 00000000 00:00 0 
7f79988fc000-7f79989fa000 rw-p 00000000 00:00 0 
7f79989fa000-7f79989fb000 ---p 00000000 00:00 0 
7f79989fb000-7f7999000000 rw-p 00000000 00:00 0 
7f7999000000-7f799c3f0000 rwxp 00000000 00:00 0 
7f799c3f0000-7f79a8000000 ---p 00000000 00:00 0 
7f79a8000000-7f79a8d5e000 rw-p 00000000 00:00 0 
7f79a8d5e000-7f79ac000000 ---p 00000000 00:00 0 
7f79ac000000-7f79ac002000 r--s 00000000 08:07 1189067                    /home/chivu/.gradle/wrapper/dists/gradle-3.3-all/55gk2rcmfc6p2dg9u9ohc3hw9/gradle-3.3/lib/minlog-1.2.jar
7f79ac002000-7f79ac004000 r--s 0000f000 08:07 1189066                    /home/chivu/.gradle/wrapper/dists/gradle-3.3-all/55gk2rcmfc6p2dg9u9ohc3hw9/gradle-3.3/lib/reflectasm-1.07-shaded.jar
7f79ac004000-7f79ac008000 r--s 00026000 08:07 1189051                    /home/chivu/.gradle/wrapper/dists/gradle-3.3-all/55gk2rcmfc6p2dg9u9ohc3hw9/gradle-3.3/lib/kryo-2.20.jar
7f79ac008000-7f79ac00e000 r--s 00027000 08:07 1189039                    /home/chivu/.gradle/wrapper/dists/gradle-3.3-all/55gk2rcmfc6p2dg9u9ohc3hw9/gradle-3.3/lib/gradle-messaging-3.3.jar
7f79ac00e000-7f79ac00f000 r--s 00001000 08:07 1189065                    /home/chivu/.gradle/wrapper/dists/gradle-3.3-all/55gk2rcmfc6p2dg9u9ohc3hw9/gradle-3.3/lib/native-platform-linux-i386-ncurses6-0.12.jar
7f79ac00f000-7f79ac010000 r--s 00001000 08:07 1189064                    /home/chivu/.gradle/wrapper/dists/gradle-3.3-all/55gk2rcmfc6p2dg9u9ohc3hw9/gradle-3.3/lib/native-platform-linux-i386-ncurses5-0.12.jar
7f79ac010000-7f79ac011000 r--s 00001000 08:07 1189063                    /home/chivu/.gradle/wrapper/dists/gradle-3.3-all/55gk2rcmfc6p2dg9u9ohc3hw9/gradle-3.3/lib/native-platform-linux-amd64-ncurses6-0.12.jar
7f79ac011000-7f79ac012000 r--s 00001000 08:07 1189062                    /home/chivu/.gradle/wrapper/dists/gradle-3.3-all/55gk2rcmfc6p2dg9u9ohc3hw9/gradle-3.3/lib/native-platform-linux-amd64-ncurses5-0.12.jar
7f79ac012000-7f79ac013000 r--s 0000b000 08:07 1189061                    /home/chivu/.gradle/wrapper/dists/gradle-3.3-all/55gk2rcmfc6p2dg9u9ohc3hw9/gradle-3.3/lib/native-platform-windows-i386-0.12.jar
7f79ac013000-7f79ac015000 r--s 0000b000 08:07 1189060                    /home/chivu/.gradle/wrapper/dists/gradle-3.3-all/55gk2rcmfc6p2dg9u9ohc3hw9/gradle-3.3/lib/native-platform-windows-amd64-0.12.jar
7f79ac015000-7f79ac017000 r--s 00002000 08:07 1189059                    /home/chivu/.gradle/wrapper/dists/gradle-3.3-all/55gk2rcmfc6p2dg9u9ohc3hw9/gradle-3.3/lib/native-platform-osx-i386-0.12.jar
7f79ac017000-7f79ac018000 r--s 00002000 08:07 1189058                    /home/chivu/.gradle/wrapper/dists/gradle-3.3-all/55gk2rcmfc6p2dg9u9ohc3hw9/gradle-3.3/lib/native-platform-osx-amd64-0.12.jar
7f79ac018000-7f79ac019000 r--s 00002000 08:07 1189057                    /home/chivu/.gradle/wrapper/dists/gradle-3.3-all/55gk2rcmfc6p2dg9u9ohc3hw9/gradle-3.3/lib/native-platform-linux-i386-0.12.jar
7f79ac019000-7f79ac01a000 r--s 00002000 08:07 1189056                    /home/chivu/.gradle/wrapper/dists/gradle-3.3-all/55gk2rcmfc6p2dg9u9ohc3hw9/gradle-3.3/lib/native-platform-linux-amd64-0.12.jar
7f79ac01a000-7f79ac01b000 r--s 00003000 08:07 1189055                    /home/chivu/.gradle/wrapper/dists/gradle-3.3-all/55gk2rcmfc6p2dg9u9ohc3hw9/gradle-3.3/lib/native-platform-freebsd-i386-libstdcpp-0.12.jar
7f79ac01b000-7f79ac01c000 r--s 00004000 08:07 1189054                    /home/chivu/.gradle/wrapper/dists/gradle-3.3-all/55gk2rcmfc6p2dg9u9ohc3hw9/gradle-3.3/lib/native-platform-freebsd-i386-libcpp-0.12.jar
7f79ac01c000-7f79ac01e000 r--s 00003000 08:07 1189053                    /home/chivu/.gradle/wrapper/dists/gradle-3.3-all/55gk2rcmfc6p2dg9u9ohc3hw9/gradle-3.3/lib/native-platform-freebsd-amd64-libstdcpp-0.12.jar
7f79ac01e000-7f79ac01f000 r--s 00004000 08:07 1189052                    /home/chivu/.gradle/wrapper/dists/gradle-3.3-all/55gk2rcmfc6p2dg9u9ohc3hw9/gradle-3.3/lib/native-platform-freebsd-amd64-libcpp-0.12.jar
7f79ac01f000-7f79ac022000 r--s 00023000 08:07 1189046                    /home/chivu/.gradle/wrapper/dists/gradle-3.3-all/55gk2rcmfc6p2dg9u9ohc3hw9/gradle-3.3/lib/jansi-1.14.jar
7f79ac022000-7f79ac026000 r--s 00011000 08:07 1189045                    /home/chivu/.gradle/wrapper/dists/gradle-3.3-all/55gk2rcmfc6p2dg9u9ohc3hw9/gradle-3.3/lib/native-platform-0.12.jar
7f79ac026000-7f79ac029000 r--s 0000a000 08:07 1189023                    /home/chivu/.gradle/wrapper/dists/gradle-3.3-all/55gk2rcmfc6p2dg9u9ohc3hw9/gradle-3.3/lib/gradle-native-3.3.jar
7f79ac029000-7f79ac02b000 r--s 00005000 08:07 1189020                    /home/chivu/.gradle/wrapper/dists/gradle-3.3-all/55gk2rcmfc6p2dg9u9ohc3hw9/gradle-3.3/lib/gradle-cli-3.3.jar
7f79ac02b000-7f79ac02d000 r--s 00007000 08:07 1189031                    /home/chivu/.gradle/wrapper/dists/gradle-3.3-all/55gk2rcmfc6p2dg9u9ohc3hw9/gradle-3.3/lib/gradle-model-groovy-3.3.jar
7f79ac02d000-7f79ac02f000 r--s 00006000 08:07 1189038                    /home/chivu/.gradle/wrapper/dists/gradle-3.3-all/55gk2rcmfc6p2dg9u9ohc3hw9/gradle-3.3/lib/gradle-base-services-groovy-3.3.jar
7f79ac02f000-7f79ac03e000 r--s 0007f000 08:07 1189030                    /home/chivu/.gradle/wrapper/dists/gradle-3.3-all/55gk2rcmfc6p2dg9u9ohc3hw9/gradle-3.3/lib/gradle-model-core-3.3.jar
7f79ac03e000-7f79ac03f000 r--s 00002000 08:07 1189041                    /home/chivu/.gradle/wrapper/dists/gradle-3.3-all/55gk2rcmfc6p2dg9u9ohc3hw9/gradle-3.3/lib/gradle-docs-3.3.jar
7f79ac03f000-7f79ac04c000 r--s 00083000 08:07 1189034                    /home/chivu/.gradle/wrapper/dists/gradle-3.3-all/55gk2rcmfc6p2dg9u9ohc3hw9/gradle-3.3/lib/commons-collections-3.2.2.jar
7f79ac04c000-7f79ac074000 r--s 001cf000 08:07 1189026                    /home/chivu/.gradle/wrapper/dists/gradle-3.3-all/55gk2rcmfc6p2dg9u9ohc3hw9/gradle-3.3/lib/guava-jdk5-17.0.jar
7f79ac074000-7f79ac093000 r--s 001d1000 08:07 1189033                    /home/chivu/.gradle/wrapper/dists/gradle-3.3-all/55gk2rcmfc6p2dg9u9ohc3hw9/gradle-3.3/lib/ant-1.9.6.jar
7f79ac093000-7f79ac0d0000 r--s 001f8000 08:07 1189019                    /home/chivu/.gradle/wrapper/dists/gradle-3.3-all/55gk2rcmfc6p2dg9u9ohc3hw9/gradle-3.3/lib/gradle-core-3.3.jar
7f79ac0d0000-7f79acbac000 rw-p 00000000 00:00 0 
7f79acbac000-7f79acd7b000 r--s 03c1b000 08:07 1201515                    /home/chivu/Downloads/android-studio-p/jre/jre/lib/rt.jar
7f79acd7b000-7f79ad8f1000 rw-p 00000000 00:00 0 
7f79ad8f1000-7f79ad8f2000 ---p 00000000 00:00 0 
7f79ad8f2000-7f79ad9f2000 rw-p 00000000 00:00 0 
7f79ad9f2000-7f79ad9f3000 ---p 00000000 00:00 0 
7f79ad9f3000-7f79adaf3000 rw-p 00000000 00:00 0 
7f79adaf3000-7f79adaf4000 ---p 00000000 00:00 0 
7f79adaf4000-7f79adbf4000 rw-p 00000000 00:00 0 
7f79adbf4000-7f79adbf5000 ---p 00000000 00:00 0 
7f79adbf5000-7f79ade7f000 rw-p 00000000 00:00 0 
7f79ade7f000-7f79adef5000 ---p 00000000 00:00 0 
7f79adef5000-7f79ae07f000 rw-p 00000000 00:00 0 
7f79ae07f000-7f79ae0f5000 ---p 00000000 00:00 0 
7f79ae0f5000-7f79ae1eb000 rw-p 00000000 00:00 0 
7f79ae1eb000-7f79ae1f5000 ---p 00000000 00:00 0 
7f79ae1f5000-7f79ae2c6000 rw-p 00000000 00:00 0 
7f79ae2c6000-7f79ae5b6000 ---p 00000000 00:00 0 
7f79ae5b6000-7f79ae5d0000 r-xp 00000000 08:07 1201530                    /home/chivu/Downloads/android-studio-p/jre/jre/lib/amd64/libzip.so
7f79ae5d0000-7f79ae7d0000 ---p 0001a000 08:07 1201530                    /home/chivu/Downloads/android-studio-p/jre/jre/lib/amd64/libzip.so
7f79ae7d0000-7f79ae7d1000 r--p 0001a000 08:07 1201530                    /home/chivu/Downloads/android-studio-p/jre/jre/lib/amd64/libzip.so
7f79ae7d1000-7f79ae7d2000 rw-p 0001b000 08:07 1201530                    /home/chivu/Downloads/android-studio-p/jre/jre/lib/amd64/libzip.so
7f79ae7d2000-7f79ae7dd000 r-xp 00000000 08:07 541944                     /lib/x86_64-linux-gnu/libnss_files-2.23.so
7f79ae7dd000-7f79ae9dc000 ---p 0000b000 08:07 541944                     /lib/x86_64-linux-gnu/libnss_files-2.23.so
7f79ae9dc000-7f79ae9dd000 r--p 0000a000 08:07 541944                     /lib/x86_64-linux-gnu/libnss_files-2.23.so
7f79ae9dd000-7f79ae9de000 rw-p 0000b000 08:07 541944                     /lib/x86_64-linux-gnu/libnss_files-2.23.so
7f79ae9de000-7f79ae9e4000 rw-p 00000000 00:00 0 
7f79ae9e4000-7f79ae9ef000 r-xp 00000000 08:07 541937                     /lib/x86_64-linux-gnu/libnss_nis-2.23.so
7f79ae9ef000-7f79aebee000 ---p 0000b000 08:07 541937                     /lib/x86_64-linux-gnu/libnss_nis-2.23.so
7f79aebee000-7f79aebef000 r--p 0000a000 08:07 541937                     /lib/x86_64-linux-gnu/libnss_nis-2.23.so
7f79aebef000-7f79aebf0000 rw-p 0000b000 08:07 541937                     /lib/x86_64-linux-gnu/libnss_nis-2.23.so
7f79aebf0000-7f79aec06000 r-xp 00000000 08:07 541939                     /lib/x86_64-linux-gnu/libnsl-2.23.so
7f79aec06000-7f79aee05000 ---p 00016000 08:07 541939                     /lib/x86_64-linux-gnu/libnsl-2.23.so
7f79aee05000-7f79aee06000 r--p 00015000 08:07 541939                     /lib/x86_64-linux-gnu/libnsl-2.23.so
7f79aee06000-7f79aee07000 rw-p 00016000 08:07 541939                     /lib/x86_64-linux-gnu/libnsl-2.23.so
7f79aee07000-7f79aee09000 rw-p 00000000 00:00 0 
7f79aee09000-7f79aee11000 r-xp 00000000 08:07 541946                     /lib/x86_64-linux-gnu/libnss_compat-2.23.so
7f79aee11000-7f79af010000 ---p 00008000 08:07 541946                     /lib/x86_64-linux-gnu/libnss_compat-2.23.so
7f79af010000-7f79af011000 r--p 00007000 08:07 541946                     /lib/x86_64-linux-gnu/libnss_compat-2.23.so
7f79af011000-7f79af012000 rw-p 00008000 08:07 541946                     /lib/x86_64-linux-gnu/libnss_compat-2.23.so
7f79af012000-7f79af03f000 r-xp 00000000 08:07 1201547                    /home/chivu/Downloads/android-studio-p/jre/jre/lib/amd64/libjava.so
7f79af03f000-7f79af23e000 ---p 0002d000 08:07 1201547                    /home/chivu/Downloads/android-studio-p/jre/jre/lib/amd64/libjava.so
7f79af23e000-7f79af23f000 r--p 0002c000 08:07 1201547                    /home/chivu/Downloads/android-studio-p/jre/jre/lib/amd64/libjava.so
7f79af23f000-7f79af241000 rw-p 0002d000 08:07 1201547                    /home/chivu/Downloads/android-studio-p/jre/jre/lib/amd64/libjava.so
7f79af241000-7f79af251000 r-xp 00000000 08:07 1201520                    /home/chivu/Downloads/android-studio-p/jre/jre/lib/amd64/libverify.so
7f79af251000-7f79af450000 ---p 00010000 08:07 1201520                    /home/chivu/Downloads/android-studio-p/jre/jre/lib/amd64/libverify.so
7f79af450000-7f79af452000 r--p 0000f000 08:07 1201520                    /home/chivu/Downloads/android-studio-p/jre/jre/lib/amd64/libverify.so
7f79af452000-7f79af453000 rw-p 00011000 08:07 1201520                    /home/chivu/Downloads/android-studio-p/jre/jre/lib/amd64/libverify.so
7f79af453000-7f79af45a000 r-xp 00000000 08:07 541947                     /lib/x86_64-linux-gnu/librt-2.23.so
7f79af45a000-7f79af659000 ---p 00007000 08:07 541947                     /lib/x86_64-linux-gnu/librt-2.23.so
7f79af659000-7f79af65a000 r--p 00006000 08:07 541947                     /lib/x86_64-linux-gnu/librt-2.23.so
7f79af65a000-7f79af65b000 rw-p 00007000 08:07 541947                     /lib/x86_64-linux-gnu/librt-2.23.so
7f79af65b000-7f79af763000 r-xp 00000000 08:07 541938                     /lib/x86_64-linux-gnu/libm-2.23.so
7f79af763000-7f79af962000 ---p 00108000 08:07 541938                     /lib/x86_64-linux-gnu/libm-2.23.so
7f79af962000-7f79af963000 r--p 00107000 08:07 541938                     /lib/x86_64-linux-gnu/libm-2.23.so
7f79af963000-7f79af964000 rw-p 00108000 08:07 541938                     /lib/x86_64-linux-gnu/libm-2.23.so
7f79af964000-7f79b0555000 r-xp 00000000 08:07 1201528                    /home/chivu/Downloads/android-studio-p/jre/jre/lib/amd64/server/libjvm.so
7f79b0555000-7f79b0755000 ---p 00bf1000 08:07 1201528                    /home/chivu/Downloads/android-studio-p/jre/jre/lib/amd64/server/libjvm.so
7f79b0755000-7f79b07f4000 r--p 00bf1000 08:07 1201528                    /home/chivu/Downloads/android-studio-p/jre/jre/lib/amd64/server/libjvm.so
7f79b07f4000-7f79b081d000 rw-p 00c90000 08:07 1201528                    /home/chivu/Downloads/android-studio-p/jre/jre/lib/amd64/server/libjvm.so
7f79b081d000-7f79b0861000 rw-p 00000000 00:00 0 
7f79b0861000-7f79b0879000 r-xp 00000000 08:07 541951                     /lib/x86_64-linux-gnu/libpthread-2.23.so
7f79b0879000-7f79b0a78000 ---p 00018000 08:07 541951                     /lib/x86_64-linux-gnu/libpthread-2.23.so
7f79b0a78000-7f79b0a79000 r--p 00017000 08:07 541951                     /lib/x86_64-linux-gnu/libpthread-2.23.so
7f79b0a79000-7f79b0a7a000 rw-p 00018000 08:07 541951                     /lib/x86_64-linux-gnu/libpthread-2.23.so
7f79b0a7a000-7f79b0a7e000 rw-p 00000000 00:00 0 
7f79b0a7e000-7f79b0a81000 r-xp 00000000 08:07 541936                     /lib/x86_64-linux-gnu/libdl-2.23.so
7f79b0a81000-7f79b0c80000 ---p 00003000 08:07 541936                     /lib/x86_64-linux-gnu/libdl-2.23.so
7f79b0c80000-7f79b0c81000 r--p 00002000 08:07 541936                     /lib/x86_64-linux-gnu/libdl-2.23.so
7f79b0c81000-7f79b0c82000 rw-p 00003000 08:07 541936                     /lib/x86_64-linux-gnu/libdl-2.23.so
7f79b0c82000-7f79b0e41000 r-xp 00000000 08:07 541940                     /lib/x86_64-linux-gnu/libc-2.23.so
7f79b0e41000-7f79b1041000 ---p 001bf000 08:07 541940                     /lib/x86_64-linux-gnu/libc-2.23.so
7f79b1041000-7f79b1045000 r--p 001bf000 08:07 541940                     /lib/x86_64-linux-gnu/libc-2.23.so
7f79b1045000-7f79b1047000 rw-p 001c3000 08:07 541940                     /lib/x86_64-linux-gnu/libc-2.23.so
7f79b1047000-7f79b104b000 rw-p 00000000 00:00 0 
7f79b104b000-7f79b1061000 r-xp 00000000 08:07 1201477                    /home/chivu/Downloads/android-studio-p/jre/lib/amd64/jli/libjli.so
7f79b1061000-7f79b1260000 ---p 00016000 08:07 1201477                    /home/chivu/Downloads/android-studio-p/jre/lib/amd64/jli/libjli.so
7f79b1260000-7f79b1261000 r--p 00015000 08:07 1201477                    /home/chivu/Downloads/android-studio-p/jre/lib/amd64/jli/libjli.so
7f79b1261000-7f79b1262000 rw-p 00016000 08:07 1201477                    /home/chivu/Downloads/android-studio-p/jre/lib/amd64/jli/libjli.so
7f79b1262000-7f79b1288000 r-xp 00000000 08:07 541941                     /lib/x86_64-linux-gnu/ld-2.23.so
7f79b1288000-7f79b1289000 r--s 00000000 08:07 1189037                    /home/chivu/.gradle/wrapper/dists/gradle-3.3-all/55gk2rcmfc6p2dg9u9ohc3hw9/gradle-3.3/lib/javax.inject-1.jar
7f79b1289000-7f79b128a000 r--s 00000000 08:07 1189036                    /home/chivu/.gradle/wrapper/dists/gradle-3.3-all/55gk2rcmfc6p2dg9u9ohc3hw9/gradle-3.3/lib/jcip-annotations-1.0.jar
7f79b128a000-7f79b128e000 r--s 00027000 08:07 1189035                    /home/chivu/.gradle/wrapper/dists/gradle-3.3-all/55gk2rcmfc6p2dg9u9ohc3hw9/gradle-3.3/lib/commons-io-2.2.jar
7f79b128e000-7f79b1293000 r--s 00038000 08:07 1189032                    /home/chivu/.gradle/wrapper/dists/gradle-3.3-all/55gk2rcmfc6p2dg9u9ohc3hw9/gradle-3.3/lib/asm-all-5.1.jar
7f79b1293000-7f79b1294000 r--s 00001000 08:07 1189028                    /home/chivu/.gradle/wrapper/dists/gradle-3.3-all/55gk2rcmfc6p2dg9u9ohc3hw9/gradle-3.3/lib/gradle-process-services-3.3.jar
7f79b1294000-7f79b1299000 r--s 00041000 08:07 1189027                    /home/chivu/.gradle/wrapper/dists/gradle-3.3-all/55gk2rcmfc6p2dg9u9ohc3hw9/gradle-3.3/lib/commons-lang-2.6.jar
7f79b1299000-7f79b12a2000 r--s 00042000 08:07 1189017                    /home/chivu/.gradle/wrapper/dists/gradle-3.3-all/55gk2rcmfc6p2dg9u9ohc3hw9/gradle-3.3/lib/gradle-base-services-3.3.jar
7f79b12a2000-7f79b1364000 rw-p 00000000 00:00 0 
7f79b1364000-7f79b1367000 ---p 00000000 00:00 0 
7f79b1367000-7f79b1469000 rw-p 00000000 00:00 0 
7f79b1469000-7f79b146b000 r--s 00000000 08:07 1189018                    /home/chivu/.gradle/wrapper/dists/gradle-3.3-all/55gk2rcmfc6p2dg9u9ohc3hw9/gradle-3.3/lib/gradle-jvm-services-3.3.jar
7f79b146b000-7f79b146c000 r--s 00000000 08:07 1189183                    /home/chivu/.gradle/wrapper/dists/gradle-3.3-all/55gk2rcmfc6p2dg9u9ohc3hw9/gradle-3.3/lib/gradle-version-info-3.3.jar
7f79b146c000-7f79b146d000 r--s 00007000 08:07 1189025                    /home/chivu/.gradle/wrapper/dists/gradle-3.3-all/55gk2rcmfc6p2dg9u9ohc3hw9/gradle-3.3/lib/slf4j-api-1.7.10.jar
7f79b146d000-7f79b146e000 r--s 00004000 08:07 1189050                    /home/chivu/.gradle/wrapper/dists/gradle-3.3-all/55gk2rcmfc6p2dg9u9ohc3hw9/gradle-3.3/lib/ant-launcher-1.9.6.jar
7f79b146e000-7f79b147b000 r--s 0005c000 08:07 1189014                    /home/chivu/.gradle/wrapper/dists/gradle-3.3-all/55gk2rcmfc6p2dg9u9ohc3hw9/gradle-3.3/lib/gradle-launcher-3.3.jar
7f79b147b000-7f79b1483000 rw-s 00000000 08:07 262206                     /tmp/hsperfdata_chivu/4959
7f79b1483000-7f79b1484000 rw-p 00000000 00:00 0 
7f79b1484000-7f79b1485000 ---p 00000000 00:00 0 
7f79b1485000-7f79b1487000 rw-p 00000000 00:00 0 
7f79b1487000-7f79b1488000 r--p 00025000 08:07 541941                     /lib/x86_64-linux-gnu/ld-2.23.so
7f79b1488000-7f79b1489000 rw-p 00026000 08:07 541941                     /lib/x86_64-linux-gnu/ld-2.23.so
7f79b1489000-7f79b148a000 rw-p 00000000 00:00 0 
7fff00588000-7fff005a9000 rw-p 00000000 00:00 0                          [stack]
7fff005d9000-7fff005db000 r--p 00000000 00:00 0                          [vvar]
7fff005db000-7fff005dd000 r-xp 00000000 00:00 0                          [vdso]
ffffffffff600000-ffffffffff601000 r-xp 00000000 00:00 0                  [vsyscall]

VM Arguments:
jvm_args: -Xmx1536m -Dfile.encoding=UTF-8 -Duser.country=IN -Duser.language=en -Duser.variant 
java_command: org.gradle.launcher.daemon.bootstrap.GradleDaemon 3.3
java_class_path (initial): /home/chivu/.gradle/wrapper/dists/gradle-3.3-all/55gk2rcmfc6p2dg9u9ohc3hw9/gradle-3.3/lib/gradle-launcher-3.3.jar
Launcher Type: SUN_STANDARD

Environment Variables:
JAVA_HOME=/usr/lib/jvm/java-8-oracle
PATH=/home/chivu/bin:/home/chivu/.local/bin:/usr/local/sbin:/usr/local/bin:/usr/sbin:/usr/bin:/sbin:/bin:/usr/games:/usr/local/games:/snap/bin:/usr/lib/jvm/java-8-oracle/bin:/usr/lib/jvm/java-8-oracle/db/bin:/usr/lib/jvm/java-8-oracle/jre/bin
LD_LIBRARY_PATH=/home/chivu/Downloads/android-studio-p/bin:
SHELL=/bin/bash
DISPLAY=:0

Signal Handlers:
SIGSEGV: [libjvm.so+0x9e5150], sa_mask[0]=11111111011111111101111111111110, sa_flags=SA_RESTART|SA_SIGINFO
SIGBUS: [libjvm.so+0x9e5150], sa_mask[0]=11111111011111111101111111111110, sa_flags=SA_RESTART|SA_SIGINFO
SIGFPE: [libjvm.so+0x848450], sa_mask[0]=11111111011111111101111111111110, sa_flags=SA_RESTART|SA_SIGINFO
SIGPIPE: [libjvm.so+0x848450], sa_mask[0]=11111111011111111101111111111110, sa_flags=SA_RESTART|SA_SIGINFO
SIGXFSZ: [libjvm.so+0x848450], sa_mask[0]=11111111011111111101111111111110, sa_flags=SA_RESTART|SA_SIGINFO
SIGILL: [libjvm.so+0x848450], sa_mask[0]=11111111011111111101111111111110, sa_flags=SA_RESTART|SA_SIGINFO
SIGUSR1: SIG_DFL, sa_mask[0]=00000000000000000000000000000000, sa_flags=none
SIGUSR2: [libjvm.so+0x848320], sa_mask[0]=00100000000000000000000000000000, sa_flags=SA_RESTART|SA_SIGINFO
SIGHUP: [libjvm.so+0x848510], sa_mask[0]=11111111011111111101111111111110, sa_flags=SA_RESTART|SA_SIGINFO
SIGINT: [libjvm.so+0x848510], sa_mask[0]=11111111011111111101111111111110, sa_flags=SA_RESTART|SA_SIGINFO
SIGTERM: [libjvm.so+0x848510], sa_mask[0]=11111111011111111101111111111110, sa_flags=SA_RESTART|SA_SIGINFO
SIGQUIT: [libjvm.so+0x848510], sa_mask[0]=11111111011111111101111111111110, sa_flags=SA_RESTART|SA_SIGINFO


---------------  S Y S T E M  ---------------

OS:DISTRIB_ID=Ubuntu
DISTRIB_RELEASE=16.04
DISTRIB_CODENAME=xenial
DISTRIB_DESCRIPTION="Ubuntu 16.04.2 LTS"

uname:Linux 4.4.0-79-generic #100-Ubuntu SMP Wed May 17 19:58:14 UTC 2017 x86_64
libc:glibc 2.23 NPTL 2.23 
rlimit: STACK 8192k, CORE 0k, NPROC 15361, NOFILE 65536, AS infinity
load average:2.58 1.85 2.20

/proc/meminfo:
MemTotal:        3972820 kB
MemFree:          149292 kB
MemAvailable:     122676 kB
Buffers:            8028 kB
Cached:           373028 kB
SwapCached:          200 kB
Active:          2714088 kB
Inactive:         944372 kB
Active(anon):    2640148 kB
Inactive(anon):   873724 kB
Active(file):      73940 kB
Inactive(file):    70648 kB
Unevictable:         136 kB
Mlocked:             136 kB
SwapTotal:          1020 kB
SwapFree:              0 kB
Dirty:             22968 kB
Writeback:             0 kB
AnonPages:       3277592 kB
Mapped:            91284 kB
Shmem:            236324 kB
Slab:              81364 kB
SReclaimable:      47180 kB
SUnreclaim:        34184 kB
KernelStack:        8736 kB
PageTables:        32132 kB
NFS_Unstable:          0 kB
Bounce:                0 kB
WritebackTmp:          0 kB
CommitLimit:     1987428 kB
Committed_AS:    6436184 kB
VmallocTotal:   34359738367 kB
VmallocUsed:           0 kB
VmallocChunk:          0 kB
HardwareCorrupted:     0 kB
AnonHugePages:   1873920 kB
CmaTotal:              0 kB
CmaFree:               0 kB
HugePages_Total:       0
HugePages_Free:        0
HugePages_Rsvd:        0
HugePages_Surp:        0
Hugepagesize:       2048 kB
DirectMap4k:      150272 kB
DirectMap2M:     3971072 kB
DirectMap1G:     1048576 kB


CPU:total 4 (2 cores per cpu, 2 threads per core) family 6 model 69 stepping 1, cmov, cx8, fxsr, mmx, sse, sse2, sse3, ssse3, sse4.1, sse4.2, popcnt, avx, avx2, aes, clmul, erms, lzcnt, ht, tsc, tscinvbit, bmi1, bmi2

/proc/cpuinfo:
processor	: 0
vendor_id	: GenuineIntel
cpu family	: 6
model		: 69
model name	: Intel(R) Core(TM) i3-4030U CPU @ 1.90GHz
stepping	: 1
microcode	: 0x1d
cpu MHz		: 1799.953
cache size	: 3072 KB
physical id	: 0
siblings	: 4
core id		: 0
cpu cores	: 2
apicid		: 0
initial apicid	: 0
fpu		: yes
fpu_exception	: yes
cpuid level	: 13
wp		: yes
flags		: fpu vme de pse tsc msr pae mce cx8 apic sep mtrr pge mca cmov pat pse36 clflush dts acpi mmx fxsr sse sse2 ss ht tm pbe syscall nx pdpe1gb rdtscp lm constant_tsc arch_perfmon pebs bts rep_good nopl xtopology nonstop_tsc aperfmperf eagerfpu pni pclmulqdq dtes64 monitor ds_cpl vmx est tm2 ssse3 sdbg fma cx16 xtpr pdcm pcid sse4_1 sse4_2 x2apic movbe popcnt tsc_deadline_timer aes xsave avx f16c rdrand lahf_lm abm epb tpr_shadow vnmi flexpriority ept vpid fsgsbase tsc_adjust bmi1 avx2 smep bmi2 erms invpcid xsaveopt dtherm arat pln pts
bugs		:
bogomips	: 3791.34
clflush size	: 64
cache_alignment	: 64
address sizes	: 39 bits physical, 48 bits virtual
power management:

processor	: 1
vendor_id	: GenuineIntel
cpu family	: 6
model		: 69
model name	: Intel(R) Core(TM) i3-4030U CPU @ 1.90GHz
stepping	: 1
microcode	: 0x1d
cpu MHz		: 1799.953
cache size	: 3072 KB
physical id	: 0
siblings	: 4
core id		: 0
cpu cores	: 2
apicid		: 1
initial apicid	: 1
fpu		: yes
fpu_exception	: yes
cpuid level	: 13
wp		: yes
flags		: fpu vme de pse tsc msr pae mce cx8 apic sep mtrr pge mca cmov pat pse36 clflush dts acpi mmx fxsr sse sse2 ss ht tm pbe syscall nx pdpe1gb rdtscp lm constant_tsc arch_perfmon pebs bts rep_good nopl xtopology nonstop_tsc aperfmperf eagerfpu pni pclmulqdq dtes64 monitor ds_cpl vmx est tm2 ssse3 sdbg fma cx16 xtpr pdcm pcid sse4_1 sse4_2 x2apic movbe popcnt tsc_deadline_timer aes xsave avx f16c rdrand lahf_lm abm epb tpr_shadow vnmi flexpriority ept vpid fsgsbase tsc_adjust bmi1 avx2 smep bmi2 erms invpcid xsaveopt dtherm arat pln pts
bugs		:
bogomips	: 3791.34
clflush size	: 64
cache_alignment	: 64
address sizes	: 39 bits physical, 48 bits virtual
power management:

processor	: 2
vendor_id	: GenuineIntel
cpu family	: 6
model		: 69
model name	: Intel(R) Core(TM) i3-4030U CPU @ 1.90GHz
stepping	: 1
microcode	: 0x1d
cpu MHz		: 1799.953
cache size	: 3072 KB
physical id	: 0
siblings	: 4
core id		: 1
cpu cores	: 2
apicid		: 2
initial apicid	: 2
fpu		: yes
fpu_exception	: yes
cpuid level	: 13
wp		: yes
flags		: fpu vme de pse tsc msr pae mce cx8 apic sep mtrr pge mca cmov pat pse36 clflush dts acpi mmx fxsr sse sse2 ss ht tm pbe syscall nx pdpe1gb rdtscp lm constant_tsc arch_perfmon pebs bts rep_good nopl xtopology nonstop_tsc aperfmperf eagerfpu pni pclmulqdq dtes64 monitor ds_cpl vmx est tm2 ssse3 sdbg fma cx16 xtpr pdcm pcid sse4_1 sse4_2 x2apic movbe popcnt tsc_deadline_timer aes xsave avx f16c rdrand lahf_lm abm epb tpr_shadow vnmi flexpriority ept vpid fsgsbase tsc_adjust bmi1 avx2 smep bmi2 erms invpcid xsaveopt dtherm arat pln pts
bugs		:
bogomips	: 3791.34
clflush size	: 64
cache_alignment	: 64
address sizes	: 39 bits physical, 48 bits virtual
power management:

processor	: 3
vendor_id	: GenuineIntel
cpu family	: 6
model		: 69
model name	: Intel(R) Core(TM) i3-4030U CPU @ 1.90GHz
stepping	: 1
microcode	: 0x1d
cpu MHz		: 1799.953
cache size	: 3072 KB
physical id	: 0
siblings	: 4
core id		: 1
cpu cores	: 2
apicid		: 3
initial apicid	: 3
fpu		: yes
fpu_exception	: yes
cpuid level	: 13
wp		: yes
flags		: fpu vme de pse tsc msr pae mce cx8 apic sep mtrr pge mca cmov pat pse36 clflush dts acpi mmx fxsr sse sse2 ss ht tm pbe syscall nx pdpe1gb rdtscp lm constant_tsc arch_perfmon pebs bts rep_good nopl xtopology nonstop_tsc aperfmperf eagerfpu pni pclmulqdq dtes64 monitor ds_cpl vmx est tm2 ssse3 sdbg fma cx16 xtpr pdcm pcid sse4_1 sse4_2 x2apic movbe popcnt tsc_deadline_timer aes xsave avx f16c rdrand lahf_lm abm epb tpr_shadow vnmi flexpriority ept vpid fsgsbase tsc_adjust bmi1 avx2 smep bmi2 erms invpcid xsaveopt dtherm arat pln pts
bugs		:
bogomips	: 3791.34
clflush size	: 64
cache_alignment	: 64
address sizes	: 39 bits physical, 48 bits virtual
power management:



Memory: 4k page, physical 3972820k(149292k free), swap 1020k(0k free)

vm_info: OpenJDK 64-Bit Server VM (25.112-b06) for linux-amd64 JRE (1.8.0_112-release-b06), built on Dec  6 2016 12:11:18 by "builder" with gcc 4.8.4

time: Mon Jul 17 10:32:04 2017
elapsed time: 1039 seconds (0d 0h 17m 19s)

