#
# There is insufficient memory for the Java Runtime Environment to continue.
# Native memory allocation (mmap) failed to map 222822400 bytes for committing reserved memory.
# Possible reasons:
#   The system is out of physical RAM or swap space
#   In 32 bit mode, the process size limit was hit
# Possible solutions:
#   Reduce memory load on the system
#   Increase physical memory or swap space
#   Check if swap backing store is full
#   Use 64 bit Java on a 64 bit OS
#   Decrease Java heap size (-Xmx/-Xms)
#   Decrease number of Java threads
#   Decrease Java thread stack sizes (-Xss)
#   Set larger code cache with -XX:ReservedCodeCacheSize=
# This output file may be truncated or incomplete.
#
#  Out of Memory Error (os_linux.cpp:2627), pid=3611, tid=0x00007f5e46d92700
#
# JRE version: OpenJDK Runtime Environment (8.0_112-b06) (build 1.8.0_112-release-b06)
# Java VM: OpenJDK 64-Bit Server VM (25.112-b06 mixed mode linux-amd64 compressed oops)
# Failed to write core dump. Core dumps have been disabled. To enable core dumping, try "ulimit -c unlimited" before starting Java again
#

---------------  T H R E A D  ---------------

Current thread (0x00007f5e60077800):  VMThread [stack: 0x00007f5e46c92000,0x00007f5e46d93000] [id=3619]

Stack: [0x00007f5e46c92000,0x00007f5e46d93000],  sp=0x00007f5e46d914d0,  free space=1021k
Native frames: (J=compiled Java code, j=interpreted, Vv=VM code, C=native code)
V  [libjvm.so+0x9e465d]  VMError::report_and_die()+0x15d
V  [libjvm.so+0x4b6ada]  report_vm_out_of_memory(char const*, int, unsigned long, VMErrorType, char const*)+0x8a
V  [libjvm.so+0x84c860]  os::pd_commit_memory(char*, unsigned long, unsigned long, bool)+0xf0
V  [libjvm.so+0x84737f]  os::commit_memory(char*, unsigned long, unsigned long, bool)+0x1f
V  [libjvm.so+0x8bd3db]  PSVirtualSpace::expand_by(unsigned long)+0x5b
V  [libjvm.so+0x8ae1bb]  PSOldGen::expand_by(unsigned long) [clone .part.109]+0x1b
V  [libjvm.so+0x8ae37b]  PSOldGen::expand(unsigned long) [clone .part.111]+0xdb
V  [libjvm.so+0x8aec58]  PSOldGen::resize(unsigned long)+0x188
V  [libjvm.so+0x8b426c]  PSParallelCompact::invoke_no_policy(bool)+0x97c
V  [libjvm.so+0x8bb37d]  PSScavenge::invoke()+0x17d
V  [libjvm.so+0x86fcf3]  ParallelScavengeHeap::failed_mem_allocate(unsigned long)+0x63
V  [libjvm.so+0x9e6124]  VM_ParallelGCFailedAllocation::doit()+0x84
V  [libjvm.so+0x9ea537]  VM_Operation::evaluate()+0x47
V  [libjvm.so+0x9e8ff8]  VMThread::evaluate_operation(VM_Operation*)+0x2c8
V  [libjvm.so+0x9e9479]  VMThread::loop()+0x219
V  [libjvm.so+0x9e98c2]  VMThread::run()+0x72
V  [libjvm.so+0x849c82]  java_start(Thread*)+0xf2

VM_Operation (0x00007f5e3cfacfe0): ParallelGCFailedAllocation, mode: safepoint, requested by thread 0x00007f5de0058800


---------------  P R O C E S S  ---------------

Java Threads: ( => current thread )
  0x00007f5de0058800 JavaThread "pool-5-thread-4" [_thread_blocked, id=3701, stack(0x00007f5e3ceae000,0x00007f5e3cfaf000)]
  0x00007f5de0057000 JavaThread "pool-5-thread-3" [_thread_blocked, id=3700, stack(0x00007f5e3cfaf000,0x00007f5e3d0b0000)]
  0x00007f5de0056000 JavaThread "pool-5-thread-2" [_thread_blocked, id=3699, stack(0x00007f5e3d276000,0x00007f5e3d377000)]
  0x00007f5de0055000 JavaThread "pool-6-thread-1" [_thread_blocked, id=3698, stack(0x00007f5e3d377000,0x00007f5e3d478000)]
  0x00007f5de0053800 JavaThread "pool-5-thread-1" [_thread_blocked, id=3697, stack(0x00007f5e3d175000,0x00007f5e3d276000)]
  0x00007f5e001a1000 JavaThread "pool-3-thread-1" [_thread_blocked, id=3696, stack(0x00007f5e3d478000,0x00007f5e3d579000)]
  0x00007f5e002b2800 JavaThread "Cache update executor" [_thread_blocked, id=3671, stack(0x00007f5e3d979000,0x00007f5e3da7a000)]
  0x00007f5e0067d800 JavaThread "pool-2-thread-1" [_thread_blocked, id=3668, stack(0x00007f5e3ea8d000,0x00007f5e3eb8e000)]
  0x00007f5e00e64800 JavaThread "File lock request listener" [_thread_in_native, id=3667, stack(0x00007f5e3f254000,0x00007f5e3f355000)]
  0x00007f5e00c52800 JavaThread "process reaper" daemon [_thread_blocked, id=3666, stack(0x00007f5e4403b000,0x00007f5e44074000)]
  0x00007f5e00007800 JavaThread "Stdin handler" [_thread_blocked, id=3641, stack(0x00007f5e3fdfe000,0x00007f5e3feff000)]
  0x00007f5e00006000 JavaThread "Asynchronous log dispatcher for DefaultDaemonConnection: socket connection from /127.0.0.1:45213 to /127.0.0.1:42958" [_thread_blocked, id=3638, stack(0x00007f5e3feff000,0x00007f5e40000000)]
  0x00007f5e60ccb000 JavaThread "pool-1-thread-1" [_thread_blocked, id=3637, stack(0x00007f5e440ee000,0x00007f5e441ef000)]
  0x00007f5e04008800 JavaThread "Daemon worker" [_thread_blocked, id=3632, stack(0x00007f5e441ef000,0x00007f5e442f0000)]
  0x00007f5e04006800 JavaThread "Cancel handler" [_thread_blocked, id=3631, stack(0x00007f5e442f0000,0x00007f5e443f1000)]
  0x00007f5e04008000 JavaThread "Handler for socket connection from /127.0.0.1:45213 to /127.0.0.1:42958" [_thread_in_native, id=3630, stack(0x00007f5e445f1000,0x00007f5e446f2000)]
  0x00007f5e1000c000 JavaThread "Daemon" [_thread_blocked, id=3629, stack(0x00007f5e446f2000,0x00007f5e447f3000)]
  0x00007f5e60c70800 JavaThread "Incoming local TCP Connector on port 45213" [_thread_in_native, id=3628, stack(0x00007f5e449fa000,0x00007f5e44afb000)]
  0x00007f5e600bf800 JavaThread "Service Thread" daemon [_thread_blocked, id=3626, stack(0x00007f5e462b3000,0x00007f5e463b4000)]
  0x00007f5e600bc800 JavaThread "C1 CompilerThread2" daemon [_thread_blocked, id=3625, stack(0x00007f5e463b4000,0x00007f5e464b5000)]
  0x00007f5e600ba800 JavaThread "C2 CompilerThread1" daemon [_thread_blocked, id=3624, stack(0x00007f5e464b5000,0x00007f5e465b6000)]
  0x00007f5e600b7800 JavaThread "C2 CompilerThread0" daemon [_thread_blocked, id=3623, stack(0x00007f5e465b6000,0x00007f5e466b7000)]
  0x00007f5e600b6800 JavaThread "Signal Dispatcher" daemon [_thread_blocked, id=3622, stack(0x00007f5e466b7000,0x00007f5e467b8000)]
  0x00007f5e60083800 JavaThread "Finalizer" daemon [_thread_blocked, id=3621, stack(0x00007f5e46a90000,0x00007f5e46b91000)]
  0x00007f5e6007f000 JavaThread "Reference Handler" daemon [_thread_blocked, id=3620, stack(0x00007f5e46b91000,0x00007f5e46c92000)]
  0x00007f5e6000a000 JavaThread "main" [_thread_blocked, id=3614, stack(0x00007f5e66547000,0x00007f5e66648000)]

Other Threads:
=>0x00007f5e60077800 VMThread [stack: 0x00007f5e46c92000,0x00007f5e46d93000] [id=3619]
  0x00007f5e600c2000 WatcherThread [stack: 0x00007f5e461b2000,0x00007f5e462b3000] [id=3627]

VM state:at safepoint (normal execution)

VM Mutex/Monitor currently owned by a thread:  ([mutex/lock_event])
[0x00007f5e60005df0] ExpandHeap_lock - owner thread: 0x00007f5e60077800
[0x00007f5e60006470] Threads_lock - owner thread: 0x00007f5e60077800
[0x00007f5e60006970] Heap_lock - owner thread: 0x00007f5de0058800

Heap:
 PSYoungGen      total 389120K, used 59728K [0x00000000e0000000, 0x0000000100000000, 0x0000000100000000)
  eden space 253952K, 0% used [0x00000000e0000000,0x00000000e0000000,0x00000000ef800000)
  from space 135168K, 44% used [0x00000000ef800000,0x00000000f3254140,0x00000000f7c00000)
  to   space 135168K, 0% used [0x00000000f7c00000,0x00000000f7c00000,0x0000000100000000)
 ParOldGen       total 632320K, used 632219K [0x00000000a0000000, 0x00000000c6980000, 0x00000000e0000000)
  object space 632320K, 99% used [0x00000000a0000000,0x00000000c6966dd8,0x00000000c6980000)
 Metaspace       used 56025K, capacity 57726K, committed 58032K, reserved 1099776K
  class space    used 7421K, capacity 7792K, committed 7856K, reserved 1048576K

Card table byte_map: [0x00007f5e4fee3000,0x00007f5e501e4000] byte_map_base: 0x00007f5e4f9e3000

Marking Bits: (ParMarkBitMap*) 0x00007f5e65a15340
 Begin Bits: [0x00007f5e4c9e0000, 0x00007f5e4e1e0000)
 End Bits:   [0x00007f5e4e1e0000, 0x00007f5e4f9e0000)

Polling page: 0x00007f5e66667000

CodeCache: size=245760Kb used=30456Kb max_used=30725Kb free=215303Kb
 bounds [0x00007f5e505a4000, 0x00007f5e52424000, 0x00007f5e5f5a4000]
 total_blobs=9439 nmethods=8681 adapters=670
 compilation: enabled

Compilation events (10 events):
Event: 60.002 Thread 0x00007f5e600b7800 nmethod 9630 0x00007f5e51089a90 code [0x00007f5e51089c20, 0x00007f5e51089fa8]
Event: 60.002 Thread 0x00007f5e600b7800 9391       4       com.android.dx.rop.code.RegisterSpec::make (7 bytes)
Event: 60.006 Thread 0x00007f5e600b7800 nmethod 9391 0x00007f5e514a5fd0 code [0x00007f5e514a6140, 0x00007f5e514a62a8]
Event: 60.006 Thread 0x00007f5e600b7800 9589       4       com.android.dx.rop.code.Rops::ropFor (771 bytes)
Event: 60.268 Thread 0x00007f5e600bc800 11187       2       com.android.dx.util.ListIntSet::<init> (23 bytes)
Event: 60.269 Thread 0x00007f5e600bc800 nmethod 11187 0x00007f5e51830b90 code [0x00007f5e51830d40, 0x00007f5e518310b8]
Event: 60.293 Thread 0x00007f5e600bc800 11191       2       com.android.dx.util.ListIntSet::iterator (9 bytes)
Event: 60.293 Thread 0x00007f5e600bc800 nmethod 11191 0x00007f5e51c4b3d0 code [0x00007f5e51c4b540, 0x00007f5e51c4b6f0]
Event: 60.293 Thread 0x00007f5e600bc800 11192       2       com.android.dx.util.ListIntSet$1::hasNext (23 bytes)
Event: 60.293 Thread 0x00007f5e600bc800 nmethod 11192 0x00007f5e51d693d0 code [0x00007f5e51d69540, 0x00007f5e51d696b0]

GC Heap History (10 events):
Event: 53.294 GC heap after
Heap after GC invocations=32 (full 6):
 PSYoungGen      total 368640K, used 78559K [0x00000000e0000000, 0x0000000100000000, 0x0000000100000000)
  eden space 271360K, 0% used [0x00000000e0000000,0x00000000e0000000,0x00000000f0900000)
  from space 97280K, 80% used [0x00000000fa100000,0x00000000fedb7c18,0x0000000100000000)
  to   space 126464K, 0% used [0x00000000f0900000,0x00000000f0900000,0x00000000f8480000)
 ParOldGen       total 458240K, used 406211K [0x00000000a0000000, 0x00000000bbf80000, 0x00000000e0000000)
  object space 458240K, 88% used [0x00000000a0000000,0x00000000b8cb0cc0,0x00000000bbf80000)
 Metaspace       used 56016K, capacity 57662K, committed 58032K, reserved 1099776K
  class space    used 7420K, capacity 7792K, committed 7856K, reserved 1048576K
}
Event: 53.294 GC heap before
{Heap before GC invocations=33 (full 7):
 PSYoungGen      total 368640K, used 78559K [0x00000000e0000000, 0x0000000100000000, 0x0000000100000000)
  eden space 271360K, 0% used [0x00000000e0000000,0x00000000e0000000,0x00000000f0900000)
  from space 97280K, 80% used [0x00000000fa100000,0x00000000fedb7c18,0x0000000100000000)
  to   space 126464K, 0% used [0x00000000f0900000,0x00000000f0900000,0x00000000f8480000)
 ParOldGen       total 458240K, used 406211K [0x00000000a0000000, 0x00000000bbf80000, 0x00000000e0000000)
  object space 458240K, 88% used [0x00000000a0000000,0x00000000b8cb0cc0,0x00000000bbf80000)
 Metaspace       used 56016K, capacity 57662K, committed 58032K, reserved 1099776K
  class space    used 7420K, capacity 7792K, committed 7856K, reserved 1048576K
Event: 56.691 GC heap after
Heap after GC invocations=33 (full 7):
 PSYoungGen      total 368640K, used 23004K [0x00000000e0000000, 0x0000000100000000, 0x0000000100000000)
  eden space 271360K, 0% used [0x00000000e0000000,0x00000000e0000000,0x00000000f0900000)
  from space 97280K, 23% used [0x00000000fa100000,0x00000000fb777160,0x0000000100000000)
  to   space 126464K, 0% used [0x00000000f0900000,0x00000000f0900000,0x00000000f8480000)
 ParOldGen       total 632320K, used 457864K [0x00000000a0000000, 0x00000000c6980000, 0x00000000e0000000)
  object space 632320K, 72% used [0x00000000a0000000,0x00000000bbf222b8,0x00000000c6980000)
 Metaspace       used 56016K, capacity 57662K, committed 58032K, reserved 1099776K
  class space    used 7420K, capacity 7792K, committed 7856K, reserved 1048576K
}
Event: 57.738 GC heap before
{Heap before GC invocations=34 (full 7):
 PSYoungGen      total 368640K, used 294364K [0x00000000e0000000, 0x0000000100000000, 0x0000000100000000)
  eden space 271360K, 100% used [0x00000000e0000000,0x00000000f0900000,0x00000000f0900000)
  from space 97280K, 23% used [0x00000000fa100000,0x00000000fb777160,0x0000000100000000)
  to   space 126464K, 0% used [0x00000000f0900000,0x00000000f0900000,0x00000000f8480000)
 ParOldGen       total 632320K, used 457864K [0x00000000a0000000, 0x00000000c6980000, 0x00000000e0000000)
  object space 632320K, 72% used [0x00000000a0000000,0x00000000bbf222b8,0x00000000c6980000)
 Metaspace       used 56017K, capacity 57662K, committed 58032K, reserved 1099776K
  class space    used 7420K, capacity 7792K, committed 7856K, reserved 1048576K
Event: 58.027 GC heap after
Heap after GC invocations=34 (full 7):
 PSYoungGen      total 397824K, used 60969K [0x00000000e0000000, 0x0000000100000000, 0x0000000100000000)
  eden space 271360K, 0% used [0x00000000e0000000,0x00000000e0000000,0x00000000f0900000)
  from space 126464K, 48% used [0x00000000f0900000,0x00000000f448a598,0x00000000f8480000)
  to   space 122880K, 0% used [0x00000000f8800000,0x00000000f8800000,0x0000000100000000)
 ParOldGen       total 632320K, used 458552K [0x00000000a0000000, 0x00000000c6980000, 0x00000000e0000000)
  object space 632320K, 72% used [0x00000000a0000000,0x00000000bbfce2b8,0x00000000c6980000)
 Metaspace       used 56017K, capacity 57662K, committed 58032K, reserved 1099776K
  class space    used 7420K, capacity 7792K, committed 7856K, reserved 1048576K
}
Event: 59.055 GC heap before
{Heap before GC invocations=35 (full 7):
 PSYoungGen      total 397824K, used 332329K [0x00000000e0000000, 0x0000000100000000, 0x0000000100000000)
  eden space 271360K, 100% used [0x00000000e0000000,0x00000000f0900000,0x00000000f0900000)
  from space 126464K, 48% used [0x00000000f0900000,0x00000000f448a598,0x00000000f8480000)
  to   space 122880K, 0% used [0x00000000f8800000,0x00000000f8800000,0x0000000100000000)
 ParOldGen       total 632320K, used 458552K [0x00000000a0000000, 0x00000000c6980000, 0x00000000e0000000)
  object space 632320K, 72% used [0x00000000a0000000,0x00000000bbfce2b8,0x00000000c6980000)
 Metaspace       used 56017K, capacity 57662K, committed 58032K, reserved 1099776K
  class space    used 7420K, capacity 7792K, committed 7856K, reserved 1048576K
Event: 59.271 GC heap after
Heap after GC invocations=35 (full 7):
 PSYoungGen      total 376832K, used 104098K [0x00000000e0000000, 0x0000000100000000, 0x0000000100000000)
  eden space 253952K, 0% used [0x00000000e0000000,0x00000000e0000000,0x00000000ef800000)
  from space 122880K, 84% used [0x00000000f8800000,0x00000000feda8bf0,0x0000000100000000)
  to   space 135168K, 0% used [0x00000000ef800000,0x00000000ef800000,0x00000000f7c00000)
 ParOldGen       total 632320K, used 458552K [0x00000000a0000000, 0x00000000c6980000, 0x00000000e0000000)
  object space 632320K, 72% used [0x00000000a0000000,0x00000000bbfce2b8,0x00000000c6980000)
 Metaspace       used 56017K, capacity 57662K, committed 58032K, reserved 1099776K
  class space    used 7420K, capacity 7792K, committed 7856K, reserved 1048576K
}
Event: 60.400 GC heap before
{Heap before GC invocations=36 (full 7):
 PSYoungGen      total 376832K, used 358050K [0x00000000e0000000, 0x0000000100000000, 0x0000000100000000)
  eden space 253952K, 100% used [0x00000000e0000000,0x00000000ef800000,0x00000000ef800000)
  from space 122880K, 84% used [0x00000000f8800000,0x00000000feda8bf0,0x0000000100000000)
  to   space 135168K, 0% used [0x00000000ef800000,0x00000000ef800000,0x00000000f7c00000)
 ParOldGen       total 632320K, used 458552K [0x00000000a0000000, 0x00000000c6980000, 0x00000000e0000000)
  object space 632320K, 72% used [0x00000000a0000000,0x00000000bbfce2b8,0x00000000c6980000)
 Metaspace       used 56025K, capacity 57726K, committed 58032K, reserved 1099776K
  class space    used 7421K, capacity 7792K, committed 7856K, reserved 1048576K
Event: 60.722 GC heap after
Heap after GC invocations=36 (full 7):
 PSYoungGen      total 389120K, used 135154K [0x00000000e0000000, 0x0000000100000000, 0x0000000100000000)
  eden space 253952K, 0% used [0x00000000e0000000,0x00000000e0000000,0x00000000ef800000)
  from space 135168K, 99% used [0x00000000ef800000,0x00000000f7bfcbd0,0x00000000f7c00000)
  to   space 135168K, 0% used [0x00000000f7c00000,0x00000000f7c00000,0x0000000100000000)
 ParOldGen       total 632320K, used 562547K [0x00000000a0000000, 0x00000000c6980000, 0x00000000e0000000)
  object space 632320K, 88% used [0x00000000a0000000,0x00000000c255cf20,0x00000000c6980000)
 Metaspace       used 56025K, capacity 57726K, committed 58032K, reserved 1099776K
  class space    used 7421K, capacity 7792K, committed 7856K, reserved 1048576K
}
Event: 60.722 GC heap before
{Heap before GC invocations=37 (full 8):
 PSYoungGen      total 389120K, used 135154K [0x00000000e0000000, 0x0000000100000000, 0x0000000100000000)
  eden space 253952K, 0% used [0x00000000e0000000,0x00000000e0000000,0x00000000ef800000)
  from space 135168K, 99% used [0x00000000ef800000,0x00000000f7bfcbd0,0x00000000f7c00000)
  to   space 135168K, 0% used [0x00000000f7c00000,0x00000000f7c00000,0x0000000100000000)
 ParOldGen       total 632320K, used 562547K [0x00000000a0000000, 0x00000000c6980000, 0x00000000e0000000)
  object space 632320K, 88% used [0x00000000a0000000,0x00000000c255cf20,0x00000000c6980000)
 Metaspace       used 56025K, capacity 57726K, committed 58032K, reserved 1099776K
  class space    used 7421K, capacity 7792K, committed 7856K, reserved 1048576K

Deoptimization events (10 events):
Event: 52.971 Thread 0x00007f5e001a1000 Uncommon trap: reason=unstable_if action=reinterpret pc=0x00007f5e523e9410 method=com.android.dx.rop.code.DexTranslationAdvice.hasConstantOperation(Lcom/android/dx/rop/code/Rop;Lcom/android/dx/rop/code/RegisterSpec;Lcom/android/dx/rop/code/RegisterSpec;)Z
Event: 53.008 Thread 0x00007f5de0053800 Uncommon trap: reason=unstable_if action=reinterpret pc=0x00007f5e51d7e7f8 method=com.android.dx.util.BitIntSet.has(I)Z @ 8
Event: 56.772 Thread 0x00007f5e001a1000 Uncommon trap: reason=class_check action=maybe_recompile pc=0x00007f5e51d4cdc4 method=com.android.dx.cf.attrib.AttConstantValue.<init>(Lcom/android/dx/rop/cst/TypedConstant;)V @ 28
Event: 57.186 Thread 0x00007f5de0056000 Uncommon trap: reason=unstable_if action=reinterpret pc=0x00007f5e51f0c6f4 method=com.android.dx.rop.code.LocalVariableInfo.mergeStarts(ILcom/android/dx/rop/code/RegisterSpecSet;)Z @ 31
Event: 57.374 Thread 0x00007f5de0057000 Uncommon trap: reason=unstable_if action=reinterpret pc=0x00007f5e51d6a428 method=com.android.dx.cf.code.Merger.isPossiblyAssignableFrom(Lcom/android/dx/rop/type/TypeBearer;Lcom/android/dx/rop/type/TypeBearer;)Z @ 131
Event: 60.209 Thread 0x00007f5de0056000 Uncommon trap: reason=predicate action=maybe_recompile pc=0x00007f5e52294f18 method=com.android.dx.ssa.DomFront.run()[Lcom/android/dx/ssa/DomFront$DomInfo; @ 32
Event: 60.289 Thread 0x00007f5de0056000 Uncommon trap: reason=class_check action=maybe_recompile pc=0x00007f5e523da1d4 method=com.android.dx.ssa.SsaConverter.placePhiFunctions(Lcom/android/dx/ssa/SsaMethod;Lcom/android/dx/ssa/LocalVariableInfo;I)V @ 257
Event: 60.294 Thread 0x00007f5de0056000 Uncommon trap: reason=class_check action=maybe_recompile pc=0x00007f5e521ce53c method=com.android.dx.ssa.SsaConverter.placePhiFunctions(Lcom/android/dx/ssa/SsaMethod;Lcom/android/dx/ssa/LocalVariableInfo;I)V @ 257
Event: 60.294 Thread 0x00007f5de0056000 Uncommon trap: reason=class_check action=maybe_recompile pc=0x00007f5e521ce53c method=com.android.dx.ssa.SsaConverter.placePhiFunctions(Lcom/android/dx/ssa/SsaMethod;Lcom/android/dx/ssa/LocalVariableInfo;I)V @ 257
Event: 60.295 Thread 0x00007f5de0056000 Uncommon trap: reason=class_check action=maybe_recompile pc=0x00007f5e521ce53c method=com.android.dx.ssa.SsaConverter.placePhiFunctions(Lcom/android/dx/ssa/SsaMethod;Lcom/android/dx/ssa/LocalVariableInfo;I)V @ 257

Internal exceptions (10 events):
Event: 21.123 Thread 0x00007f5e04008800 Exception <a 'java/lang/NoSuchMethodError': <clinit>> (0x00000000e3202a18) thrown at [/ssd/Android/AOSP-openjdk/external/jetbrains/jdk/hotspot/src/share/vm/prims/jni.cpp, line 1613]
Event: 21.124 Thread 0x00007f5e04008800 Exception <a 'java/lang/NoSuchMethodError': <clinit>> (0x00000000e3204698) thrown at [/ssd/Android/AOSP-openjdk/external/jetbrains/jdk/hotspot/src/share/vm/prims/jni.cpp, line 1613]
Event: 22.603 Thread 0x00007f5e04008800 Implicit null exception at 0x00007f5e516a120d to 0x00007f5e516a1e65
Event: 25.965 Thread 0x00007f5e04008800 Implicit null exception at 0x00007f5e50f4e265 to 0x00007f5e50f4e72d
Event: 29.647 Thread 0x00007f5e04008800 Implicit null exception at 0x00007f5e507669d8 to 0x00007f5e50767d9d
Event: 33.202 Thread 0x00007f5e002b2800 Exception <a 'java/lang/NoSuchMethodError': <clinit>> (0x00000000e70ae960) thrown at [/ssd/Android/AOSP-openjdk/external/jetbrains/jdk/hotspot/src/share/vm/prims/jni.cpp, line 1613]
Event: 33.284 Thread 0x00007f5e04008800 Implicit null exception at 0x00007f5e50df28d7 to 0x00007f5e50df2d9d
Event: 34.154 Thread 0x00007f5de0057000 Implicit null exception at 0x00007f5e51c461e2 to 0x00007f5e51c462db
Event: 34.795 Thread 0x00007f5de0053800 Implicit null exception at 0x00007f5e519b2b4d to 0x00007f5e519b2d29
Event: 38.217 Thread 0x00007f5de0057000 Implicit null exception at 0x00007f5e51d7562d to 0x00007f5e51d76eb1

Events (10 events):
Event: 60.294 Thread 0x00007f5de0056000 Uncommon trap: trap_request=0xffffffde fr.pc=0x00007f5e521ce53c
Event: 60.294 Thread 0x00007f5de0056000 DEOPT PACKING pc=0x00007f5e521ce53c sp=0x00007f5e3d3751c0
Event: 60.294 Thread 0x00007f5de0056000 DEOPT UNPACKING pc=0x00007f5e505a8f69 sp=0x00007f5e3d3751b8 mode 2
Event: 60.294 Thread 0x00007f5de0056000 Uncommon trap: trap_request=0xffffffde fr.pc=0x00007f5e521ce53c
Event: 60.294 Thread 0x00007f5de0056000 DEOPT PACKING pc=0x00007f5e521ce53c sp=0x00007f5e3d3751c0
Event: 60.294 Thread 0x00007f5de0056000 DEOPT UNPACKING pc=0x00007f5e505a8f69 sp=0x00007f5e3d3751b8 mode 2
Event: 60.295 Thread 0x00007f5de0056000 Uncommon trap: trap_request=0xffffffde fr.pc=0x00007f5e521ce53c
Event: 60.295 Thread 0x00007f5de0056000 DEOPT PACKING pc=0x00007f5e521ce53c sp=0x00007f5e3d3751c0
Event: 60.295 Thread 0x00007f5de0056000 DEOPT UNPACKING pc=0x00007f5e505a8f69 sp=0x00007f5e3d3751b8 mode 2
Event: 60.397 Executing VM operation: ParallelGCFailedAllocation


Dynamic libraries:
00400000-00401000 r-xp 00000000 08:07 1201464                            /home/chivu/Downloads/android-studio-p/jre/bin/java
00600000-00601000 r--p 00000000 08:07 1201464                            /home/chivu/Downloads/android-studio-p/jre/bin/java
00601000-00602000 rw-p 00001000 08:07 1201464                            /home/chivu/Downloads/android-studio-p/jre/bin/java
0102d000-01075000 rw-p 00000000 00:00 0                                  [heap]
a0000000-c6980000 rw-p 00000000 00:00 0 
d3e00000-e0000000 ---p 00000000 00:00 0 
e0000000-100000000 rw-p 00000000 00:00 0 
100000000-1007ac000 rw-p 00000000 00:00 0 
1007ac000-140000000 ---p 00000000 00:00 0 
7f5dcc000000-7f5dcc02c000 rw-p 00000000 00:00 0 
7f5dcc02c000-7f5dd0000000 ---p 00000000 00:00 0 
7f5dd0000000-7f5dd003a000 rw-p 00000000 00:00 0 
7f5dd003a000-7f5dd4000000 ---p 00000000 00:00 0 
7f5dd4000000-7f5dd4021000 rw-p 00000000 00:00 0 
7f5dd4021000-7f5dd8000000 ---p 00000000 00:00 0 
7f5dd8000000-7f5dd8032000 rw-p 00000000 00:00 0 
7f5dd8032000-7f5ddc000000 ---p 00000000 00:00 0 
7f5ddc000000-7f5ddc030000 rw-p 00000000 00:00 0 
7f5ddc030000-7f5de0000000 ---p 00000000 00:00 0 
7f5de0000000-7f5de01e5000 rw-p 00000000 00:00 0 
7f5de01e5000-7f5de4000000 ---p 00000000 00:00 0 
7f5de4000000-7f5de4021000 rw-p 00000000 00:00 0 
7f5de4021000-7f5de8000000 ---p 00000000 00:00 0 
7f5de8000000-7f5de8021000 rw-p 00000000 00:00 0 
7f5de8021000-7f5dec000000 ---p 00000000 00:00 0 
7f5dec000000-7f5dec021000 rw-p 00000000 00:00 0 
7f5dec021000-7f5df0000000 ---p 00000000 00:00 0 
7f5df0000000-7f5df0021000 rw-p 00000000 00:00 0 
7f5df0021000-7f5df4000000 ---p 00000000 00:00 0 
7f5df4000000-7f5df4021000 rw-p 00000000 00:00 0 
7f5df4021000-7f5df8000000 ---p 00000000 00:00 0 
7f5df8000000-7f5df8021000 rw-p 00000000 00:00 0 
7f5df8021000-7f5dfc000000 ---p 00000000 00:00 0 
7f5dfc000000-7f5dfc021000 rw-p 00000000 00:00 0 
7f5dfc021000-7f5e00000000 ---p 00000000 00:00 0 
7f5e00000000-7f5e014e5000 rw-p 00000000 00:00 0 
7f5e014e5000-7f5e04000000 ---p 00000000 00:00 0 
7f5e04000000-7f5e04021000 rw-p 00000000 00:00 0 
7f5e04021000-7f5e08000000 ---p 00000000 00:00 0 
7f5e08000000-7f5e08021000 rw-p 00000000 00:00 0 
7f5e08021000-7f5e0c000000 ---p 00000000 00:00 0 
7f5e0c000000-7f5e0c021000 rw-p 00000000 00:00 0 
7f5e0c021000-7f5e10000000 ---p 00000000 00:00 0 
7f5e10000000-7f5e10077000 rw-p 00000000 00:00 0 
7f5e10077000-7f5e14000000 ---p 00000000 00:00 0 
7f5e14000000-7f5e14c44000 rw-p 00000000 00:00 0 
7f5e14c44000-7f5e18000000 ---p 00000000 00:00 0 
7f5e18000000-7f5e18021000 rw-p 00000000 00:00 0 
7f5e18021000-7f5e1c000000 ---p 00000000 00:00 0 
7f5e1c000000-7f5e1dbdb000 rw-p 00000000 00:00 0 
7f5e1dbdb000-7f5e20000000 ---p 00000000 00:00 0 
7f5e20000000-7f5e22672000 rw-p 00000000 00:00 0 
7f5e22672000-7f5e24000000 ---p 00000000 00:00 0 
7f5e24000000-7f5e24021000 rw-p 00000000 00:00 0 
7f5e24021000-7f5e28000000 ---p 00000000 00:00 0 
7f5e28000000-7f5e28021000 rw-p 00000000 00:00 0 
7f5e28021000-7f5e2c000000 ---p 00000000 00:00 0 
7f5e2c000000-7f5e2c3da000 rw-p 00000000 00:00 0 
7f5e2c3da000-7f5e30000000 ---p 00000000 00:00 0 
7f5e30000000-7f5e30021000 rw-p 00000000 00:00 0 
7f5e30021000-7f5e34000000 ---p 00000000 00:00 0 
7f5e34000000-7f5e34030000 rw-p 00000000 00:00 0 
7f5e34030000-7f5e38000000 ---p 00000000 00:00 0 
7f5e38000000-7f5e3810d000 rw-p 00000000 00:00 0 
7f5e3810d000-7f5e3c000000 ---p 00000000 00:00 0 
7f5e3ccae000-7f5e3cdae000 rw-p 00000000 00:00 0 
7f5e3cdae000-7f5e3ceae000 ---p 00000000 00:00 0 
7f5e3ceae000-7f5e3ceb1000 ---p 00000000 00:00 0 
7f5e3ceb1000-7f5e3cfaf000 rw-p 00000000 00:00 0 
7f5e3cfaf000-7f5e3cfb2000 ---p 00000000 00:00 0 
7f5e3cfb2000-7f5e3d0b0000 rw-p 00000000 00:00 0 
7f5e3d0b0000-7f5e3d175000 r--s 008d3000 08:07 2144531                    /home/chivu/Desktop/newsApp/app/build/intermediates/transforms/jarMerging/debug/jars/1/1f/combined.jar
7f5e3d175000-7f5e3d178000 ---p 00000000 00:00 0 
7f5e3d178000-7f5e3d276000 rw-p 00000000 00:00 0 
7f5e3d276000-7f5e3d279000 ---p 00000000 00:00 0 
7f5e3d279000-7f5e3d377000 rw-p 00000000 00:00 0 
7f5e3d377000-7f5e3d37a000 ---p 00000000 00:00 0 
7f5e3d37a000-7f5e3d478000 rw-p 00000000 00:00 0 
7f5e3d478000-7f5e3d47b000 ---p 00000000 00:00 0 
7f5e3d47b000-7f5e3d779000 rw-p 00000000 00:00 0 
7f5e3d779000-7f5e3d979000 rw-p 00000000 00:00 0 
7f5e3d979000-7f5e3d97c000 ---p 00000000 00:00 0 
7f5e3d97c000-7f5e3dc7a000 rw-p 00000000 00:00 0 
7f5e3dc7a000-7f5e3de7a000 rw-p 00000000 00:00 0 
7f5e3de7a000-7f5e3e07a000 rw-p 00000000 00:00 0 
7f5e3e07a000-7f5e3e27a000 rw-p 00000000 00:00 0 
7f5e3e27a000-7f5e3e28d000 r--s 00344000 08:07 1201558                    /home/chivu/Downloads/android-studio-p/jre/jre/lib/resources.jar
7f5e3e28d000-7f5e3e48d000 rw-p 00000000 00:00 0 
7f5e3e48d000-7f5e3e68d000 rw-p 00000000 00:00 0 
7f5e3e68d000-7f5e3e88d000 rw-p 00000000 00:00 0 
7f5e3e88d000-7f5e3ea8d000 rw-p 00000000 00:00 0 
7f5e3ea8d000-7f5e3ea90000 ---p 00000000 00:00 0 
7f5e3ea90000-7f5e3ed8e000 rw-p 00000000 00:00 0 
7f5e3ed8e000-7f5e3ed8f000 r--s 00001000 08:07 1094992                    /home/chivu/.gradle/caches/jars-2/cmhx5eetujk7j30d3nllwxyrlnugzjw/annotations-25.3.3.jar
7f5e3ed8f000-7f5e3ed97000 r--s 000a8000 08:07 932893                     /home/chivu/.gradle/caches/jars-2/lp0h431tl0554nh1vx6zomcvteflkp/lombok-ast-0.2.3.jar
7f5e3ed97000-7f5e3edab000 r--s 000b4000 08:07 139376                     /home/chivu/.gradle/caches/jars-2/hgvw6szzawm3evod5l2d6iutfug31w0/uast-162.2228.14.jar
7f5e3edab000-7f5e3edad000 r--s 0000d000 08:07 932889                     /home/chivu/.gradle/caches/jars-2/7pwz1bowgakb1eux9ezb56jlturgsyi/commons-codec-1.4.jar
7f5e3edad000-7f5e3edaf000 r--s 0000d000 08:07 932887                     /home/chivu/.gradle/caches/jars-2/9dj1m0eyooi5qt13735vz8fpkl3cnfy/commons-logging-1.1.1.jar
7f5e3edaf000-7f5e3edb4000 r--s 00028000 08:07 932885                     /home/chivu/.gradle/caches/jars-2/62lv0fe9b3xbqe57f6ljy5upwi7mf6k/httpcore-4.1.jar
7f5e3edb4000-7f5e3edb8000 r--s 0002f000 08:07 932883                     /home/chivu/.gradle/caches/jars-2/gsg5n52frsvw6sx0swqqe2hwijwdcf0/jimfs-1.1.jar
7f5e3edb8000-7f5e3edb9000 r--s 00004000 08:07 932881                     /home/chivu/.gradle/caches/jars-2/lxs252id0979odjrerlctkb26c2vj95/annotations-12.0.jar
7f5e3edb9000-7f5e3edba000 r--s 00004000 08:07 932879                     /home/chivu/.gradle/caches/jars-2/9kn99dr0rulyl67sct1ephwcop56l61/asm-analysis-5.0.4.jar
7f5e3edba000-7f5e3edbe000 r--s 00040000 08:07 1094991                    /home/chivu/.gradle/caches/jars-2/ccvn7yglm4blceovs70fngoac1eyn4f/lint-api-25.3.3.jar
7f5e3edbe000-7f5e3edbf000 r--s 0000a000 08:07 932875                     /home/chivu/.gradle/caches/jars-2/nwyg9io65lv6jvmwit2wq82xnnxd7ia/kxml2-2.3.0.jar
7f5e3edbf000-7f5e3edc1000 r--s 00005000 08:07 932873                     /home/chivu/.gradle/caches/jars-2/i6hc1uuj8e9ck59slmzdyz78ydn8sr6/httpmime-4.1.jar
7f5e3edc1000-7f5e3edc9000 r--s 0004e000 08:07 932871                     /home/chivu/.gradle/caches/jars-2/7503wa5irssz0xxahv1xb82p2dl7rr2/httpclient-4.1.1.jar
7f5e3edc9000-7f5e3edd0000 r--s 00053000 08:07 932869                     /home/chivu/.gradle/caches/jars-2/jgkfvs4eqggj7qsyw1f5d3up57hanj1/commons-compress-1.8.1.jar
7f5e3edd0000-7f5e3edd5000 r--s 0002a000 08:07 932867                     /home/chivu/.gradle/caches/jars-2/je8f027qcr1z1egw08byp1ybxbp9kko/gson-2.2.4.jar
7f5e3edd5000-7f5e3edda000 r--s 0002e000 08:07 1094990                    /home/chivu/.gradle/caches/jars-2/s427p2wh0tfza0xa8qijgx107eeevyl/repository-25.3.3.jar
7f5e3edda000-7f5e3eddc000 r--s 00006000 08:07 1094989                    /home/chivu/.gradle/caches/jars-2/e2s952s6co8tps89l80r4riixwqo2oe/dvlib-25.3.3.jar
7f5e3eddc000-7f5e3ede1000 r--s 00058000 08:07 932859                     /home/chivu/.gradle/caches/jars-2/st159835qgxm0l87oqrnhayxos4lc1n/asm-debug-all-5.0.1.jar
7f5e3ede1000-7f5e3edf1000 r--s 000d5000 08:07 932857                     /home/chivu/.gradle/caches/jars-2/qzf32gp9kej4w4hlbabft6tplu74cj3/proguard-base-5.3.2.jar
7f5e3edf1000-7f5e3edf4000 r--s 00033000 08:07 932855                     /home/chivu/.gradle/caches/jars-2/nz9sndmr8b4xbj4xulkaciy5kdbyfiz/juniversalchardet-1.0.3.jar
7f5e3edf4000-7f5e3edf8000 r--s 0002a000 08:07 932853                     /home/chivu/.gradle/caches/jars-2/krbpn9xjn1qymukyx8cc5l799ty1v3h/commons-io-2.4.jar
7f5e3edf8000-7f5e3ee0f000 r--s 00154000 08:07 932851                     /home/chivu/.gradle/caches/jars-2/sfeivjswzitn6n0fnjx3ueszz8gv8o1/antlr4-4.5.3.jar
7f5e3ee0f000-7f5e3ee3a000 r--s 001fc000 08:07 932847                     /home/chivu/.gradle/caches/jars-2/nxjrjftly2xksl8o0wqgivu5netfu2x/guava-18.0.jar
7f5e3ee3a000-7f5e3ee4d000 r--s 00241000 08:07 932845                     /home/chivu/.gradle/caches/jars-2/9yuekvg4qerfitq3xec0iyckuw3hwaq/ecj-4.6.1.jar
7f5e3ee4d000-7f5e3ee54000 r--s 000d9000 08:07 1094862                    /home/chivu/.gradle/caches/jars-2/ak89aa8liqmr44u7r08njntn6oehe0z/lint-checks-25.3.3.jar
7f5e3ee54000-7f5e3f054000 rw-p 00000000 00:00 0 
7f5e3f054000-7f5e3f254000 rw-p 00000000 00:00 0 
7f5e3f254000-7f5e3f257000 ---p 00000000 00:00 0 
7f5e3f257000-7f5e3f555000 rw-p 00000000 00:00 0 
7f5e3f555000-7f5e3f755000 rw-p 00000000 00:00 0 
7f5e3f755000-7f5e3f955000 rw-p 00000000 00:00 0 
7f5e3f955000-7f5e3f957000 r--s 00013000 08:07 1094883                    /home/chivu/.gradle/caches/jars-2/s02k517nvrh8cbp2c8dz4slqska6dj9/layoutlib-api-25.3.3.jar
7f5e3f957000-7f5e3f959000 r--s 00002000 08:07 1094881                    /home/chivu/.gradle/caches/jars-2/rh2ip1x2zziz26tr3qzudtz088pqsb2/baseLibrary-2.3.3.jar
7f5e3f959000-7f5e3f95b000 r--s 00006000 08:07 932841                     /home/chivu/.gradle/caches/jars-2/6phgj9ki3jl3p5epzkqoo8pr6kur40b/asm-tree-5.0.4.jar
7f5e3f95b000-7f5e3f98e000 r--s 00203000 08:07 932839                     /home/chivu/.gradle/caches/jars-2/hj0bfvxu9cq7hkwmecvp0kg137or3hh/bcprov-jdk15on-1.48.jar
7f5e3f98e000-7f5e3f99c000 r--s 00081000 08:07 932837                     /home/chivu/.gradle/caches/jars-2/4r7xli0tz94y0wfjrdyjxlxar3g1pb9/bcpkix-jdk15on-1.48.jar
7f5e3f99c000-7f5e3f99e000 r--s 00002000 08:07 932835                     /home/chivu/.gradle/caches/jars-2/f32bh5uivuf69ecz2j8hl96ksnqdh7v/javawriter-2.5.0.jar
7f5e3f99e000-7f5e3f9a0000 r--s 00004000 08:07 1094861                    /home/chivu/.gradle/caches/jars-2/j6s1upogkwo00sygdsekzj4fx0i75uy/tracker-25.3.3.jar
7f5e3f9a0000-7f5e3f9a1000 r--s 00005000 08:07 1094860                    /home/chivu/.gradle/caches/jars-2/4svya0t1s9wyo35ycd3atidsaoo6w7e/shared-25.3.3.jar
7f5e3f9a1000-7f5e3f9af000 r--s 00147000 08:07 1094859                    /home/chivu/.gradle/caches/jars-2/qx6695c5ocd9swxv7wqtxor3plyb4b7/protos-25.3.3.jar
7f5e3f9af000-7f5e3f9b0000 r--s 00001000 08:07 139356                     /home/chivu/.gradle/caches/jars-2/bqo69msswbvaagsh45hf1tq02v21sml/jill-api-0.10.0.jar
7f5e3f9b0000-7f5e3f9b2000 r--s 00003000 08:07 139354                     /home/chivu/.gradle/caches/jars-2/7pldadygbci34ql8thws797g29k1uhh/jack-api-0.13.0.jar
7f5e3f9b2000-7f5e3f9b8000 r--s 0004a000 08:07 1094853                    /home/chivu/.gradle/caches/jars-2/euoqfzf5y1sibp9ul8mcz0wovj380eo/ddmlib-25.3.3.jar
7f5e3f9b8000-7f5e3f9bb000 r--s 00022000 08:07 1094848                    /home/chivu/.gradle/caches/jars-2/a81bg2yxzmumashablwecaj0ksz6tmj/manifest-merger-25.3.3.jar
7f5e3f9bb000-7f5e3f9be000 r--s 0001c000 08:07 1094847                    /home/chivu/.gradle/caches/jars-2/l6cnyee1vojrkkbpp6qwgpf30shmrja/common-25.3.3.jar
7f5e3f9be000-7f5e3f9c7000 r--s 00089000 08:07 1094417                    /home/chivu/.gradle/caches/jars-2/m0t6h8af70sdgxvkj522jy01i14mnb8/sdk-common-25.3.3.jar
7f5e3f9c7000-7f5e3f9d1000 r--s 00098000 08:07 1094415                    /home/chivu/.gradle/caches/jars-2/28c9ykhc782k8jmlrnbnccai34hziki/sdklib-25.3.3.jar
7f5e3f9d1000-7f5e3f9d2000 r--s 00002000 08:07 1094389                    /home/chivu/.gradle/caches/jars-2/4dod7a1p5hoai4v37pxbcg65bbahvg2/builder-test-api-2.3.3.jar
7f5e3f9d2000-7f5e3f9d5000 r--s 00006000 08:07 1094385                    /home/chivu/.gradle/caches/jars-2/omk02asobup8sgd6qxom3ej5bg94z2r/builder-model-2.3.3.jar
7f5e3f9d5000-7f5e3f9e4000 r--s 00130000 08:07 932809                     /home/chivu/.gradle/caches/jars-2/cr6zkqpx14lor9zdtmo49qpc7y8r8p4/protobuf-java-3.0.0.jar
7f5e3f9e4000-7f5e3f9e6000 r--s 0000f000 08:07 932807                     /home/chivu/.gradle/caches/jars-2/rvfyugrlu5tbpz51p98og0qsxamjq4k/jopt-simple-4.9.jar
7f5e3f9e6000-7f5e3f9ea000 r--s 0001f000 08:07 932805                     /home/chivu/.gradle/caches/jars-2/nq3fzqkrrm37ob61z4iu5qdbh368uat/org.jacoco.report-0.7.5.201505241946.jar
7f5e3f9ea000-7f5e3f9ee000 r--s 0001d000 08:07 932803                     /home/chivu/.gradle/caches/jars-2/3kxkmcckmk40ron92zhbm0qjo9l4bkl/org.jacoco.core-0.7.5.201505241946.jar
7f5e3f9ee000-7f5e3f9f0000 r--s 00002000 08:07 932801                     /home/chivu/.gradle/caches/jars-2/m4m0pzb4gmaeh0in5g2xc4bxeuwt828/proguard-gradle-5.3.2.jar
7f5e3f9f0000-7f5e3f9f2000 r--s 00009000 08:07 932799                     /home/chivu/.gradle/caches/jars-2/ajvcvdu66lc9e3tvvipxtuq48i9bbkc/asm-commons-5.0.4.jar
7f5e3f9f2000-7f5e3f9f4000 r--s 0000c000 08:07 932797                     /home/chivu/.gradle/caches/jars-2/1laz1ygmxoc408r7nwqs1q8uk8r236d/asm-5.0.4.jar
7f5e3f9f4000-7f5e3f9f9000 r--s 0002c000 08:07 1094383                    /home/chivu/.gradle/caches/jars-2/3mlasgi8oo9o7oa12526198jui9zmp2/compilerCommon-2.3.3.jar
7f5e3f9f9000-7f5e3f9fe000 r--s 0005e000 08:07 1094349                    /home/chivu/.gradle/caches/jars-2/k2xtosjt0in0zj7mpwvctw6iznt93uh/lint-25.3.3.jar
7f5e3f9fe000-7f5e3fbfe000 rw-p 00000000 00:00 0 
7f5e3fbfe000-7f5e3fdfe000 rw-p 00000000 00:00 0 
7f5e3fdfe000-7f5e3fe01000 ---p 00000000 00:00 0 
7f5e3fe01000-7f5e3feff000 rw-p 00000000 00:00 0 
7f5e3feff000-7f5e3ff02000 ---p 00000000 00:00 0 
7f5e3ff02000-7f5e40000000 rw-p 00000000 00:00 0 
7f5e40000000-7f5e4002a000 rw-p 00000000 00:00 0 
7f5e4002a000-7f5e44000000 ---p 00000000 00:00 0 
7f5e44000000-7f5e44001000 r--s 00002000 08:07 1094379                    /home/chivu/.gradle/caches/jars-2/73l309uzm0ila7rdaaxteq0ng4ayf2y/gradle-api-2.3.3.jar
7f5e44001000-7f5e44002000 r--s 00000000 08:07 139334                     /home/chivu/.gradle/caches/jars-2/tlyajppf8woug00g686fx5mchf8iv3o/transform-api-2.0.0-deprecated-use-gradle-api.jar
7f5e44002000-7f5e44018000 r--s 00163000 08:07 1094347                    /home/chivu/.gradle/caches/jars-2/nyg71b5n2lzymmwh5vbtmvjiby07k4g/builder-2.3.3.jar
7f5e44018000-7f5e44037000 r--s 001ca000 08:07 1094310                    /home/chivu/.gradle/caches/jars-2/5fwyvjq1ai8mdh1mluqxidj1wo7rls8/gradle-core-2.3.3.jar
7f5e44037000-7f5e44039000 r--s 00007000 08:07 266240                     /home/chivu/.gradle/caches/modules-2/files-2.1/com.google.gms/google-services/3.1.0/166ae4e6acd03b7bbebe221ffa54bc039fece1b9/google-services-3.1.0.jar
7f5e44039000-7f5e4403b000 r--s 0000d000 08:07 1094266                    /home/chivu/.gradle/caches/jars-2/mel54vauze7hczg2p6nebauqz8s53sj/gradle-2.3.3.jar
7f5e4403b000-7f5e4403e000 ---p 00000000 00:00 0 
7f5e4403e000-7f5e44074000 rw-p 00000000 00:00 0 
7f5e44074000-7f5e44075000 r--p 00000000 00:00 0 
7f5e44075000-7f5e440ee000 r--s 010ed000 08:07 1201473                    /home/chivu/Downloads/android-studio-p/jre/lib/tools.jar
7f5e440ee000-7f5e440f1000 ---p 00000000 00:00 0 
7f5e440f1000-7f5e441ef000 rw-p 00000000 00:00 0 
7f5e441ef000-7f5e441f2000 ---p 00000000 00:00 0 
7f5e441f2000-7f5e442f0000 rw-p 00000000 00:00 0 
7f5e442f0000-7f5e442f3000 ---p 00000000 00:00 0 
7f5e442f3000-7f5e445f1000 rw-p 00000000 00:00 0 
7f5e445f1000-7f5e445f4000 ---p 00000000 00:00 0 
7f5e445f4000-7f5e446f2000 rw-p 00000000 00:00 0 
7f5e446f2000-7f5e446f5000 ---p 00000000 00:00 0 
7f5e446f5000-7f5e447f3000 rw-p 00000000 00:00 0 
7f5e447f3000-7f5e447fa000 r--s 00000000 08:07 1590595                    /usr/lib/x86_64-linux-gnu/gconv/gconv-modules.cache
7f5e447fa000-7f5e449fa000 rw-p 00000000 00:00 0 
7f5e449fa000-7f5e449fd000 ---p 00000000 00:00 0 
7f5e449fd000-7f5e44afb000 rw-p 00000000 00:00 0 
7f5e44afb000-7f5e44b04000 r-xp 00000000 08:07 1201548                    /home/chivu/Downloads/android-studio-p/jre/jre/lib/amd64/libmanagement.so
7f5e44b04000-7f5e44d03000 ---p 00009000 08:07 1201548                    /home/chivu/Downloads/android-studio-p/jre/jre/lib/amd64/libmanagement.so
7f5e44d03000-7f5e44d04000 r--p 00008000 08:07 1201548                    /home/chivu/Downloads/android-studio-p/jre/jre/lib/amd64/libmanagement.so
7f5e44d04000-7f5e44d05000 rw-p 00009000 08:07 1201548                    /home/chivu/Downloads/android-studio-p/jre/jre/lib/amd64/libmanagement.so
7f5e44d05000-7f5e44d0a000 r--s 00098000 08:07 1201512                    /home/chivu/Downloads/android-studio-p/jre/jre/lib/jsse.jar
7f5e44d0a000-7f5e44d0c000 r--s 00007000 08:07 1189108                    /home/chivu/.gradle/wrapper/dists/gradle-3.3-all/55gk2rcmfc6p2dg9u9ohc3hw9/gradle-3.3/lib/plugins/gradle-tooling-api-builders-3.3.jar
7f5e44d0c000-7f5e44d0f000 r--s 00009000 08:07 1189101                    /home/chivu/.gradle/wrapper/dists/gradle-3.3-all/55gk2rcmfc6p2dg9u9ohc3hw9/gradle-3.3/lib/plugins/gradle-testing-native-3.3.jar
7f5e44d0f000-7f5e44d15000 r--s 00033000 08:07 1189176                    /home/chivu/.gradle/wrapper/dists/gradle-3.3-all/55gk2rcmfc6p2dg9u9ohc3hw9/gradle-3.3/lib/plugins/snakeyaml-1.6.jar
7f5e44d15000-7f5e44d17000 r--s 00006000 08:07 1189175                    /home/chivu/.gradle/wrapper/dists/gradle-3.3-all/55gk2rcmfc6p2dg9u9ohc3hw9/gradle-3.3/lib/plugins/jcommander-1.12.jar
7f5e44d17000-7f5e44d1c000 r--s 00040000 08:07 1189174                    /home/chivu/.gradle/wrapper/dists/gradle-3.3-all/55gk2rcmfc6p2dg9u9ohc3hw9/gradle-3.3/lib/plugins/bsh-2.0b4.jar
7f5e44d1c000-7f5e44d1e000 r--s 00009000 08:07 1189182                    /home/chivu/.gradle/wrapper/dists/gradle-3.3-all/55gk2rcmfc6p2dg9u9ohc3hw9/gradle-3.3/lib/plugins/hamcrest-core-1.3.jar
7f5e44d1e000-7f5e44d27000 r--s 00089000 08:07 1189133                    /home/chivu/.gradle/wrapper/dists/gradle-3.3-all/55gk2rcmfc6p2dg9u9ohc3hw9/gradle-3.3/lib/plugins/testng-6.3.1.jar
7f5e44d27000-7f5e44d2f000 r--s 00045000 08:07 1189132                    /home/chivu/.gradle/wrapper/dists/gradle-3.3-all/55gk2rcmfc6p2dg9u9ohc3hw9/gradle-3.3/lib/plugins/junit-4.12.jar
7f5e44d2f000-7f5e44d35000 r--s 0002e000 08:07 1189102                    /home/chivu/.gradle/wrapper/dists/gradle-3.3-all/55gk2rcmfc6p2dg9u9ohc3hw9/gradle-3.3/lib/plugins/gradle-testing-jvm-3.3.jar
7f5e44d35000-7f5e44d39000 r--s 00016000 08:07 1189100                    /home/chivu/.gradle/wrapper/dists/gradle-3.3-all/55gk2rcmfc6p2dg9u9ohc3hw9/gradle-3.3/lib/plugins/gradle-testing-base-3.3.jar
7f5e44d39000-7f5e44d40000 r--s 00038000 08:07 1189127                    /home/chivu/.gradle/wrapper/dists/gradle-3.3-all/55gk2rcmfc6p2dg9u9ohc3hw9/gradle-3.3/lib/plugins/bcpg-jdk15on-1.51.jar
7f5e44d40000-7f5e44d42000 r--s 0000c000 08:07 1189079                    /home/chivu/.gradle/wrapper/dists/gradle-3.3-all/55gk2rcmfc6p2dg9u9ohc3hw9/gradle-3.3/lib/plugins/gradle-signing-3.3.jar
7f5e44d42000-7f5e44d44000 r--s 00007000 08:07 1189078                    /home/chivu/.gradle/wrapper/dists/gradle-3.3-all/55gk2rcmfc6p2dg9u9ohc3hw9/gradle-3.3/lib/plugins/gradle-scala-3.3.jar
7f5e44d44000-7f5e44d45000 r--s 00004000 08:07 1189106                    /home/chivu/.gradle/wrapper/dists/gradle-3.3-all/55gk2rcmfc6p2dg9u9ohc3hw9/gradle-3.3/lib/plugins/gradle-resources-sftp-3.3.jar
7f5e44d45000-7f5e44d55000 r--s 00088000 08:07 1189143                    /home/chivu/.gradle/wrapper/dists/gradle-3.3-all/55gk2rcmfc6p2dg9u9ohc3hw9/gradle-3.3/lib/plugins/joda-time-2.8.2.jar
7f5e44d55000-7f5e44d66000 r--s 0010d000 08:07 1189142                    /home/chivu/.gradle/wrapper/dists/gradle-3.3-all/55gk2rcmfc6p2dg9u9ohc3hw9/gradle-3.3/lib/plugins/jackson-databind-2.6.6.jar
7f5e44d66000-7f5e44d69000 r--s 00009000 08:07 1189141                    /home/chivu/.gradle/wrapper/dists/gradle-3.3-all/55gk2rcmfc6p2dg9u9ohc3hw9/gradle-3.3/lib/plugins/jackson-annotations-2.6.6.jar
7f5e44d69000-7f5e44d6d000 r--s 0003c000 08:07 1189140                    /home/chivu/.gradle/wrapper/dists/gradle-3.3-all/55gk2rcmfc6p2dg9u9ohc3hw9/gradle-3.3/lib/plugins/jackson-core-2.6.6.jar
7f5e44d6d000-7f5e44d7b000 r--s 00087000 08:07 1189139                    /home/chivu/.gradle/wrapper/dists/gradle-3.3-all/55gk2rcmfc6p2dg9u9ohc3hw9/gradle-3.3/lib/plugins/aws-java-sdk-core-1.11.6.jar
7f5e44d7b000-7f5e44d82000 r--s 00057000 08:07 1189138                    /home/chivu/.gradle/wrapper/dists/gradle-3.3-all/55gk2rcmfc6p2dg9u9ohc3hw9/gradle-3.3/lib/plugins/aws-java-sdk-kms-1.11.6.jar
7f5e44d82000-7f5e44d8f000 r--s 0008e000 08:07 1189137                    /home/chivu/.gradle/wrapper/dists/gradle-3.3-all/55gk2rcmfc6p2dg9u9ohc3hw9/gradle-3.3/lib/plugins/aws-java-sdk-s3-1.11.6.jar
7f5e44d8f000-7f5e44d91000 r--s 00004000 08:07 1189107                    /home/chivu/.gradle/wrapper/dists/gradle-3.3-all/55gk2rcmfc6p2dg9u9ohc3hw9/gradle-3.3/lib/plugins/gradle-resources-s3-3.3.jar
7f5e44d91000-7f5e44d93000 r--s 00005000 08:07 1189131                    /home/chivu/.gradle/wrapper/dists/gradle-3.3-all/55gk2rcmfc6p2dg9u9ohc3hw9/gradle-3.3/lib/plugins/jatl-0.2.2.jar
7f5e44d93000-7f5e44d95000 r--s 0000f000 08:07 1189084                    /home/chivu/.gradle/wrapper/dists/gradle-3.3-all/55gk2rcmfc6p2dg9u9ohc3hw9/gradle-3.3/lib/plugins/gradle-reporting-3.3.jar
7f5e44d95000-7f5e44d97000 r--s 00002000 08:07 1189085                    /home/chivu/.gradle/wrapper/dists/gradle-3.3-all/55gk2rcmfc6p2dg9u9ohc3hw9/gradle-3.3/lib/plugins/gradle-publish-3.3.jar
7f5e44d97000-7f5e44d99000 r--s 00009000 08:07 1189114                    /home/chivu/.gradle/wrapper/dists/gradle-3.3-all/55gk2rcmfc6p2dg9u9ohc3hw9/gradle-3.3/lib/plugins/commons-cli-1.2.jar
7f5e44d99000-7f5e44d9f000 r--s 00031000 08:07 1189070                    /home/chivu/.gradle/wrapper/dists/gradle-3.3-all/55gk2rcmfc6p2dg9u9ohc3hw9/gradle-3.3/lib/plugins/gradle-plugins-3.3.jar
7f5e44d9f000-7f5e44da1000 r--s 00009000 08:07 1189103                    /home/chivu/.gradle/wrapper/dists/gradle-3.3-all/55gk2rcmfc6p2dg9u9ohc3hw9/gradle-3.3/lib/plugins/gradle-plugin-development-3.3.jar
7f5e44da1000-7f5e44da7000 r--s 0002b000 08:07 1189096                    /home/chivu/.gradle/wrapper/dists/gradle-3.3-all/55gk2rcmfc6p2dg9u9ohc3hw9/gradle-3.3/lib/plugins/gradle-platform-play-3.3.jar
7f5e44da7000-7f5e44db5000 r--s 00055000 08:07 1189095                    /home/chivu/.gradle/wrapper/dists/gradle-3.3-all/55gk2rcmfc6p2dg9u9ohc3hw9/gradle-3.3/lib/plugins/gradle-platform-native-3.3.jar
7f5e44db5000-7f5e44dba000 r--s 0001f000 08:07 1189090                    /home/chivu/.gradle/wrapper/dists/gradle-3.3-all/55gk2rcmfc6p2dg9u9ohc3hw9/gradle-3.3/lib/plugins/gradle-platform-jvm-3.3.jar
7f5e44dba000-7f5e44dc2000 r--s 00027000 08:07 1189089                    /home/chivu/.gradle/wrapper/dists/gradle-3.3-all/55gk2rcmfc6p2dg9u9ohc3hw9/gradle-3.3/lib/plugins/gradle-platform-base-3.3.jar
7f5e44dc2000-7f5e44dea000 r--s 0021c000 08:07 1189122                    /home/chivu/.gradle/wrapper/dists/gradle-3.3-all/55gk2rcmfc6p2dg9u9ohc3hw9/gradle-3.3/lib/plugins/biz.aQute.bndlib-3.2.0.jar
7f5e44dea000-7f5e44dec000 r--s 00003000 08:07 1189074                    /home/chivu/.gradle/wrapper/dists/gradle-3.3-all/55gk2rcmfc6p2dg9u9ohc3hw9/gradle-3.3/lib/plugins/gradle-osgi-3.3.jar
7f5e44dec000-7f5e44def000 r--s 0000c000 08:07 1189125                    /home/chivu/.gradle/wrapper/dists/gradle-3.3-all/55gk2rcmfc6p2dg9u9ohc3hw9/gradle-3.3/lib/plugins/pmaven-groovy-0.8-20100325.jar
7f5e44def000-7f5e44df0000 r--s 00004000 08:07 1189124                    /home/chivu/.gradle/wrapper/dists/gradle-3.3-all/55gk2rcmfc6p2dg9u9ohc3hw9/gradle-3.3/lib/plugins/pmaven-common-0.8-20100325.jar
7f5e44df0000-7f5e44df6000 r--s 00023000 08:07 1189075                    /home/chivu/.gradle/wrapper/dists/gradle-3.3-all/55gk2rcmfc6p2dg9u9ohc3hw9/gradle-3.3/lib/plugins/gradle-maven-3.3.jar
7f5e44df6000-7f5e44df9000 r--s 0000b000 08:07 1189094                    /home/chivu/.gradle/wrapper/dists/gradle-3.3-all/55gk2rcmfc6p2dg9u9ohc3hw9/gradle-3.3/lib/plugins/gradle-language-scala-3.3.jar
7f5e44df9000-7f5e44dff000 r--s 0001a000 08:07 1189098                    /home/chivu/.gradle/wrapper/dists/gradle-3.3-all/55gk2rcmfc6p2dg9u9ohc3hw9/gradle-3.3/lib/plugins/gradle-language-native-3.3.jar
7f5e44dff000-7f5e44e02000 r--s 00005000 08:07 1189091                    /home/chivu/.gradle/wrapper/dists/gradle-3.3-all/55gk2rcmfc6p2dg9u9ohc3hw9/gradle-3.3/lib/plugins/gradle-language-jvm-3.3.jar
7f5e44e02000-7f5e44e08000 r--s 00027000 08:07 1189092                    /home/chivu/.gradle/wrapper/dists/gradle-3.3-all/55gk2rcmfc6p2dg9u9ohc3hw9/gradle-3.3/lib/plugins/gradle-language-java-3.3.jar
7f5e44e08000-7f5e44e0a000 r--s 0000a000 08:07 1189093                    /home/chivu/.gradle/wrapper/dists/gradle-3.3-all/55gk2rcmfc6p2dg9u9ohc3hw9/gradle-3.3/lib/plugins/gradle-language-groovy-3.3.jar
7f5e44e0a000-7f5e44e0d000 r--s 0001e000 08:07 1189149                    /home/chivu/.gradle/wrapper/dists/gradle-3.3-all/55gk2rcmfc6p2dg9u9ohc3hw9/gradle-3.3/lib/plugins/jsp-api-2.1-6.1.14.jar
7f5e44e0d000-7f5e44e30000 r--s 00344000 08:07 1189148                    /home/chivu/.gradle/wrapper/dists/gradle-3.3-all/55gk2rcmfc6p2dg9u9ohc3hw9/gradle-3.3/lib/plugins/core-3.1.1.jar
7f5e44e30000-7f5e44e31000 r--s 00006000 08:07 1189147                    /home/chivu/.gradle/wrapper/dists/gradle-3.3-all/55gk2rcmfc6p2dg9u9ohc3hw9/gradle-3.3/lib/plugins/jetty-naming-6.1.26.jar
7f5e44e31000-7f5e44e32000 r--s 00002000 08:07 1189121                    /home/chivu/.gradle/wrapper/dists/gradle-3.3-all/55gk2rcmfc6p2dg9u9ohc3hw9/gradle-3.3/lib/plugins/geronimo-annotation_1.0_spec-1.0.jar
7f5e44e32000-7f5e44e34000 r--s 00002000 08:07 1189120                    /home/chivu/.gradle/wrapper/dists/gradle-3.3-all/55gk2rcmfc6p2dg9u9ohc3hw9/gradle-3.3/lib/plugins/jetty-annotations-6.1.26.jar
7f5e44e34000-7f5e44e45000 r--s 000ea000 08:07 1189119                    /home/chivu/.gradle/wrapper/dists/gradle-3.3-all/55gk2rcmfc6p2dg9u9ohc3hw9/gradle-3.3/lib/plugins/jsp-2.1-6.1.14.jar
7f5e44e45000-7f5e44e47000 r--s 0000d000 08:07 1189118                    /home/chivu/.gradle/wrapper/dists/gradle-3.3-all/55gk2rcmfc6p2dg9u9ohc3hw9/gradle-3.3/lib/plugins/jetty-plus-6.1.26.jar
7f5e44e47000-7f5e44e49000 r--s 0001f000 08:07 1189117                    /home/chivu/.gradle/wrapper/dists/gradle-3.3-all/55gk2rcmfc6p2dg9u9ohc3hw9/gradle-3.3/lib/plugins/servlet-api-2.5-20081211.jar
7f5e44e49000-7f5e44e4d000 r--s 00028000 08:07 1189116                    /home/chivu/.gradle/wrapper/dists/gradle-3.3-all/55gk2rcmfc6p2dg9u9ohc3hw9/gradle-3.3/lib/plugins/jetty-util-6.1.26.jar
7f5e44e4d000-7f5e44e54000 r--s 0007d000 08:07 1189115                    /home/chivu/.gradle/wrapper/dists/gradle-3.3-all/55gk2rcmfc6p2dg9u9ohc3hw9/gradle-3.3/lib/plugins/jetty-6.1.26.jar
7f5e44e54000-7f5e44e56000 r--s 0000a000 08:07 1189072                    /home/chivu/.gradle/wrapper/dists/gradle-3.3-all/55gk2rcmfc6p2dg9u9ohc3hw9/gradle-3.3/lib/plugins/gradle-jetty-3.3.jar
7f5e44e56000-7f5e44e5d000 r--s 00035000 08:07 1189130                    /home/chivu/.gradle/wrapper/dists/gradle-3.3-all/55gk2rcmfc6p2dg9u9ohc3hw9/gradle-3.3/lib/plugins/simple-4.1.21.jar
7f5e44e5d000-7f5e44e69000 r--s 00100000 08:07 1189128                    /home/chivu/.gradle/wrapper/dists/gradle-3.3-all/55gk2rcmfc6p2dg9u9ohc3hw9/gradle-3.3/lib/plugins/rhino-1.7R3.jar
7f5e44e69000-7f5e44e6d000 r--s 00012000 08:07 1189081                    /home/chivu/.gradle/wrapper/dists/gradle-3.3-all/55gk2rcmfc6p2dg9u9ohc3hw9/gradle-3.3/lib/plugins/gradle-javascript-3.3.jar
7f5e44e6d000-7f5e44e6f000 r--s 0000d000 08:07 1189087                    /home/chivu/.gradle/wrapper/dists/gradle-3.3-all/55gk2rcmfc6p2dg9u9ohc3hw9/gradle-3.3/lib/plugins/gradle-jacoco-3.3.jar
7f5e44e6f000-7f5e44e72000 r--s 0000e000 08:07 1189086                    /home/chivu/.gradle/wrapper/dists/gradle-3.3-all/55gk2rcmfc6p2dg9u9ohc3hw9/gradle-3.3/lib/plugins/gradle-ivy-3.3.jar
7f5e44e72000-7f5e44e73000 r--s 00002000 08:07 1189097                    /home/chivu/.gradle/wrapper/dists/gradle-3.3-all/55gk2rcmfc6p2dg9u9ohc3hw9/gradle-3.3/lib/plugins/gradle-ide-play-3.3.jar
7f5e44e73000-7f5e44e76000 r--s 00013000 08:07 1189099                    /home/chivu/.gradle/wrapper/dists/gradle-3.3-all/55gk2rcmfc6p2dg9u9ohc3hw9/gradle-3.3/lib/plugins/gradle-ide-native-3.3.jar
7f5e44e76000-7f5e44e7f000 r--s 00055000 08:07 1189076                    /home/chivu/.gradle/wrapper/dists/gradle-3.3-all/55gk2rcmfc6p2dg9u9ohc3hw9/gradle-3.3/lib/plugins/gradle-ide-3.3.jar
7f5e44e7f000-7f5e44e81000 r--s 00007000 08:07 1189080                    /home/chivu/.gradle/wrapper/dists/gradle-3.3-all/55gk2rcmfc6p2dg9u9ohc3hw9/gradle-3.3/lib/plugins/gradle-ear-3.3.jar
7f5e44e81000-7f5e44e87000 r--s 00039000 08:07 1189083                    /home/chivu/.gradle/wrapper/dists/gradle-3.3-all/55gk2rcmfc6p2dg9u9ohc3hw9/gradle-3.3/lib/plugins/gradle-diagnostics-3.3.jar
7f5e44e87000-7f5e44e88000 r--s 00009000 08:07 1189109                    /home/chivu/.gradle/wrapper/dists/gradle-3.3-all/55gk2rcmfc6p2dg9u9ohc3hw9/gradle-3.3/lib/plugins/gradle-composite-builds-3.3.jar
7f5e44e88000-7f5e44e8c000 r--s 00023000 08:07 1189071                    /home/chivu/.gradle/wrapper/dists/gradle-3.3-all/55gk2rcmfc6p2dg9u9ohc3hw9/gradle-3.3/lib/plugins/gradle-code-quality-3.3.jar
7f5e44e8c000-7f5e44e90000 r--s 00022000 08:07 1189088                    /home/chivu/.gradle/wrapper/dists/gradle-3.3-all/55gk2rcmfc6p2dg9u9ohc3hw9/gradle-3.3/lib/plugins/gradle-build-init-3.3.jar
7f5e44e90000-7f5e44e96000 r--s 0008e000 08:07 1189082                    /home/chivu/.gradle/wrapper/dists/gradle-3.3-all/55gk2rcmfc6p2dg9u9ohc3hw9/gradle-3.3/lib/plugins/gradle-build-comparison-3.3.jar
7f5e44e96000-7f5e44e97000 r--s 00001000 08:07 1189110                    /home/chivu/.gradle/wrapper/dists/gradle-3.3-all/55gk2rcmfc6p2dg9u9ohc3hw9/gradle-3.3/lib/plugins/gradle-build-cache-http-3.3.jar
7f5e44e97000-7f5e44e99000 r--s 00008000 08:07 1189073                    /home/chivu/.gradle/wrapper/dists/gradle-3.3-all/55gk2rcmfc6p2dg9u9ohc3hw9/gradle-3.3/lib/plugins/gradle-antlr-3.3.jar
7f5e44e99000-7f5e44e9b000 r--s 00004000 08:07 1189077                    /home/chivu/.gradle/wrapper/dists/gradle-3.3-all/55gk2rcmfc6p2dg9u9ohc3hw9/gradle-3.3/lib/plugins/gradle-announce-3.3.jar
7f5e44e9b000-7f5e44eb3000 r--s 00115000 08:07 1189179                    /home/chivu/.gradle/wrapper/dists/gradle-3.3-all/55gk2rcmfc6p2dg9u9ohc3hw9/gradle-3.3/lib/plugins/xercesImpl-2.9.1.jar
7f5e44eb3000-7f5e44ebb000 r--s 00028000 08:07 1189180                    /home/chivu/.gradle/wrapper/dists/gradle-3.3-all/55gk2rcmfc6p2dg9u9ohc3hw9/gradle-3.3/lib/plugins/xml-apis-1.3.04.jar
7f5e44ebb000-7f5e44ec1000 r--s 0005b000 08:07 1189178                    /home/chivu/.gradle/wrapper/dists/gradle-3.3-all/55gk2rcmfc6p2dg9u9ohc3hw9/gradle-3.3/lib/plugins/jcifs-1.3.17.jar
7f5e44ec1000-7f5e44ec7000 r--s 00033000 08:07 1189126                    /home/chivu/.gradle/wrapper/dists/gradle-3.3-all/55gk2rcmfc6p2dg9u9ohc3hw9/gradle-3.3/lib/plugins/commons-codec-1.6.jar
7f5e44ec7000-7f5e44ece000 r--s 00049000 08:07 1189177                    /home/chivu/.gradle/wrapper/dists/gradle-3.3-all/55gk2rcmfc6p2dg9u9ohc3hw9/gradle-3.3/lib/plugins/httpcore-4.4.4.jar
7f5e44ece000-7f5e44ed1000 r--s 0001c000 08:07 1189135                    /home/chivu/.gradle/wrapper/dists/gradle-3.3-all/55gk2rcmfc6p2dg9u9ohc3hw9/gradle-3.3/lib/plugins/nekohtml-1.9.14.jar
7f5e44ed1000-7f5e44ede000 r--s 000a4000 08:07 1189134                    /home/chivu/.gradle/wrapper/dists/gradle-3.3-all/55gk2rcmfc6p2dg9u9ohc3hw9/gradle-3.3/lib/plugins/httpclient-4.4.1.jar
7f5e44ede000-7f5e44ee1000 r--s 0000a000 08:07 1189105                    /home/chivu/.gradle/wrapper/dists/gradle-3.3-all/55gk2rcmfc6p2dg9u9ohc3hw9/gradle-3.3/lib/plugins/gradle-resources-http-3.3.jar
7f5e44ee1000-7f5e44ee5000 r--s 00015000 08:07 1189104                    /home/chivu/.gradle/wrapper/dists/gradle-3.3-all/55gk2rcmfc6p2dg9u9ohc3hw9/gradle-3.3/lib/plugins/gradle-plugin-use-3.3.jar
7f5e44ee5000-7f5e44ee6000 r--s 00000000 08:07 1189016                    /home/chivu/.gradle/wrapper/dists/gradle-3.3-all/55gk2rcmfc6p2dg9u9ohc3hw9/gradle-3.3/lib/gradle-installation-beacon-3.3.jar
7f5e44ee6000-7f5e44ee8000 r--s 00006000 08:07 1189173                    /home/chivu/.gradle/wrapper/dists/gradle-3.3-all/55gk2rcmfc6p2dg9u9ohc3hw9/gradle-3.3/lib/plugins/aether-connector-wagon-1.13.1.jar
7f5e44ee8000-7f5e44eec000 r--s 0001c000 08:07 1189172                    /home/chivu/.gradle/wrapper/dists/gradle-3.3-all/55gk2rcmfc6p2dg9u9ohc3hw9/gradle-3.3/lib/plugins/aether-util-1.13.1.jar
7f5e44eec000-7f5e44eed000 r--s 00003000 08:07 1189171                    /home/chivu/.gradle/wrapper/dists/gradle-3.3-all/55gk2rcmfc6p2dg9u9ohc3hw9/gradle-3.3/lib/plugins/aether-spi-1.13.1.jar
7f5e44eed000-7f5e44ef0000 r--s 0001d000 08:07 1189170                    /home/chivu/.gradle/wrapper/dists/gradle-3.3-all/55gk2rcmfc6p2dg9u9ohc3hw9/gradle-3.3/lib/plugins/aether-impl-1.13.1.jar
7f5e44ef0000-7f5e44ef3000 r--s 00013000 08:07 1189169                    /home/chivu/.gradle/wrapper/dists/gradle-3.3-all/55gk2rcmfc6p2dg9u9ohc3hw9/gradle-3.3/lib/plugins/aether-api-1.13.1.jar
7f5e44ef3000-7f5e44ef4000 r--s 00007000 08:07 1189168                    /home/chivu/.gradle/wrapper/dists/gradle-3.3-all/55gk2rcmfc6p2dg9u9ohc3hw9/gradle-3.3/lib/plugins/wagon-http-shared4-2.4.jar
7f5e44ef4000-7f5e44ef6000 r--s 0000b000 08:07 1189167                    /home/chivu/.gradle/wrapper/dists/gradle-3.3-all/55gk2rcmfc6p2dg9u9ohc3hw9/gradle-3.3/lib/plugins/wagon-provider-api-2.4.jar
7f5e44ef6000-7f5e44ef7000 r--s 00002000 08:07 1189166                    /home/chivu/.gradle/wrapper/dists/gradle-3.3-all/55gk2rcmfc6p2dg9u9ohc3hw9/gradle-3.3/lib/plugins/wagon-http-2.4.jar
7f5e44ef7000-7f5e44ef8000 r--s 00002000 08:07 1189165                    /home/chivu/.gradle/wrapper/dists/gradle-3.3-all/55gk2rcmfc6p2dg9u9ohc3hw9/gradle-3.3/lib/plugins/wagon-file-2.4.jar
7f5e44ef8000-7f5e44efa000 r--s 0000c000 08:07 1189164                    /home/chivu/.gradle/wrapper/dists/gradle-3.3-all/55gk2rcmfc6p2dg9u9ohc3hw9/gradle-3.3/lib/plugins/maven-aether-provider-3.0.4.jar
7f5e44efa000-7f5e44efc000 r--s 0000b000 08:07 1189163                    /home/chivu/.gradle/wrapper/dists/gradle-3.3-all/55gk2rcmfc6p2dg9u9ohc3hw9/gradle-3.3/lib/plugins/maven-plugin-api-3.0.4.jar
7f5e44efc000-7f5e44efe000 r--s 00006000 08:07 1189162                    /home/chivu/.gradle/wrapper/dists/gradle-3.3-all/55gk2rcmfc6p2dg9u9ohc3hw9/gradle-3.3/lib/plugins/maven-repository-metadata-3.0.4.jar
7f5e44efe000-7f5e44f00000 r--s 0000b000 08:07 1189161                    /home/chivu/.gradle/wrapper/dists/gradle-3.3-all/55gk2rcmfc6p2dg9u9ohc3hw9/gradle-3.3/lib/plugins/maven-artifact-3.0.4.jar
7f5e44f00000-7f5e44f02000 r--s 00026000 08:07 1189160                    /home/chivu/.gradle/wrapper/dists/gradle-3.3-all/55gk2rcmfc6p2dg9u9ohc3hw9/gradle-3.3/lib/plugins/maven-model-3.0.4.jar
7f5e44f02000-7f5e44f06000 r--s 00021000 08:07 1189159                    /home/chivu/.gradle/wrapper/dists/gradle-3.3-all/55gk2rcmfc6p2dg9u9ohc3hw9/gradle-3.3/lib/plugins/maven-model-builder-3.0.4.jar
7f5e44f06000-7f5e44f0c000 r--s 0003f000 08:07 1189158                    /home/chivu/.gradle/wrapper/dists/gradle-3.3-all/55gk2rcmfc6p2dg9u9ohc3hw9/gradle-3.3/lib/plugins/maven-compat-3.0.4.jar
7f5e44f0c000-7f5e44f0d000 r--s 00006000 08:07 1189157                    /home/chivu/.gradle/wrapper/dists/gradle-3.3-all/55gk2rcmfc6p2dg9u9ohc3hw9/gradle-3.3/lib/plugins/plexus-sec-dispatcher-1.3.jar
7f5e44f0d000-7f5e44f0f000 r--s 00002000 08:07 1189156                    /home/chivu/.gradle/wrapper/dists/gradle-3.3-all/55gk2rcmfc6p2dg9u9ohc3hw9/gradle-3.3/lib/plugins/plexus-cipher-1.7.jar
7f5e44f0f000-7f5e44f11000 r--s 0000a000 08:07 1189155                    /home/chivu/.gradle/wrapper/dists/gradle-3.3-all/55gk2rcmfc6p2dg9u9ohc3hw9/gradle-3.3/lib/plugins/plexus-classworlds-2.4.jar
7f5e44f11000-7f5e44f18000 r--s 0002e000 08:07 1189154                    /home/chivu/.gradle/wrapper/dists/gradle-3.3-all/55gk2rcmfc6p2dg9u9ohc3hw9/gradle-3.3/lib/plugins/plexus-container-default-1.5.5.jar
7f5e44f18000-7f5e44f1a000 r--s 00000000 08:07 1189181                    /home/chivu/.gradle/wrapper/dists/gradle-3.3-all/55gk2rcmfc6p2dg9u9ohc3hw9/gradle-3.3/lib/plugins/plexus-component-annotations-1.5.5.jar
7f5e44f1a000-7f5e44f1c000 r--s 0000d000 08:07 1189153                    /home/chivu/.gradle/wrapper/dists/gradle-3.3-all/55gk2rcmfc6p2dg9u9ohc3hw9/gradle-3.3/lib/plugins/plexus-interpolation-1.14.jar
7f5e44f1c000-7f5e44f20000 r--s 00033000 08:07 1189152                    /home/chivu/.gradle/wrapper/dists/gradle-3.3-all/55gk2rcmfc6p2dg9u9ohc3hw9/gradle-3.3/lib/plugins/plexus-utils-2.0.6.jar
7f5e44f20000-7f5e44f23000 r--s 00008000 08:07 1189151                    /home/chivu/.gradle/wrapper/dists/gradle-3.3-all/55gk2rcmfc6p2dg9u9ohc3hw9/gradle-3.3/lib/plugins/maven-settings-builder-3.0.4.jar
7f5e44f23000-7f5e44f28000 r--s 00040000 08:07 1189136                    /home/chivu/.gradle/wrapper/dists/gradle-3.3-all/55gk2rcmfc6p2dg9u9ohc3hw9/gradle-3.3/lib/plugins/jsch-0.1.53.jar
7f5e44f28000-7f5e44f68000 r--s 00277000 08:07 1189146                    /home/chivu/.gradle/wrapper/dists/gradle-3.3-all/55gk2rcmfc6p2dg9u9ohc3hw9/gradle-3.3/lib/plugins/bcprov-jdk15on-1.51.jar
7f5e44f68000-7f5e44f74000 r--s 0007d000 08:07 1189123                    /home/chivu/.gradle/wrapper/dists/gradle-3.3-all/55gk2rcmfc6p2dg9u9ohc3hw9/gradle-3.3/lib/plugins/maven-core-3.0.4.jar
7f5e44f74000-7f5e44f93000 r--s 000f6000 08:07 1189112                    /home/chivu/.gradle/wrapper/dists/gradle-3.3-all/55gk2rcmfc6p2dg9u9ohc3hw9/gradle-3.3/lib/plugins/gradle-dependency-management-3.3.jar
7f5e44f93000-7f5e44fa9000 r-xp 00000000 08:07 529479                     /lib/x86_64-linux-gnu/libgcc_s.so.1
7f5e44fa9000-7f5e451a8000 ---p 00016000 08:07 529479                     /lib/x86_64-linux-gnu/libgcc_s.so.1
7f5e451a8000-7f5e451a9000 rw-p 00015000 08:07 529479                     /lib/x86_64-linux-gnu/libgcc_s.so.1
7f5e451a9000-7f5e4531b000 r-xp 00000000 08:07 1312856                    /usr/lib/x86_64-linux-gnu/libstdc++.so.6.0.21
7f5e4531b000-7f5e4551b000 ---p 00172000 08:07 1312856                    /usr/lib/x86_64-linux-gnu/libstdc++.so.6.0.21
7f5e4551b000-7f5e45525000 r--p 00172000 08:07 1312856                    /usr/lib/x86_64-linux-gnu/libstdc++.so.6.0.21
7f5e45525000-7f5e45527000 rw-p 0017c000 08:07 1312856                    /usr/lib/x86_64-linux-gnu/libstdc++.so.6.0.21
7f5e45527000-7f5e4552b000 rw-p 00000000 00:00 0 
7f5e4552b000-7f5e4552d000 r--s 0000a000 08:07 1189150                    /home/chivu/.gradle/wrapper/dists/gradle-3.3-all/55gk2rcmfc6p2dg9u9ohc3hw9/gradle-3.3/lib/plugins/maven-settings-3.0.4.jar
7f5e4552d000-7f5e45531000 r--s 0001d000 08:07 1189145                    /home/chivu/.gradle/wrapper/dists/gradle-3.3-all/55gk2rcmfc6p2dg9u9ohc3hw9/gradle-3.3/lib/plugins/xbean-reflect-3.4.jar
7f5e45531000-7f5e45536000 r--s 00034000 08:07 1189129                    /home/chivu/.gradle/wrapper/dists/gradle-3.3-all/55gk2rcmfc6p2dg9u9ohc3hw9/gradle-3.3/lib/plugins/gson-2.7.jar
7f5e45536000-7f5e45545000 r--s 000d9000 08:07 1189144                    /home/chivu/.gradle/wrapper/dists/gradle-3.3-all/55gk2rcmfc6p2dg9u9ohc3hw9/gradle-3.3/lib/plugins/ivy-2.2.0.jar
7f5e45545000-7f5e45547000 r--s 00005000 08:07 1189111                    /home/chivu/.gradle/wrapper/dists/gradle-3.3-all/55gk2rcmfc6p2dg9u9ohc3hw9/gradle-3.3/lib/plugins/gradle-workers-3.3.jar
7f5e45547000-7f5e4554c000 r-xp 00000000 08:07 932602                     /home/chivu/.gradle/native/23/linux-amd64/libnative-platform.so
7f5e4554c000-7f5e4574b000 ---p 00005000 08:07 932602                     /home/chivu/.gradle/native/23/linux-amd64/libnative-platform.so
7f5e4574b000-7f5e4574c000 rw-p 00004000 08:07 932602                     /home/chivu/.gradle/native/23/linux-amd64/libnative-platform.so
7f5e4574c000-7f5e4575d000 r-xp 00000000 08:07 1201545                    /home/chivu/Downloads/android-studio-p/jre/jre/lib/amd64/libnio.so
7f5e4575d000-7f5e4595c000 ---p 00011000 08:07 1201545                    /home/chivu/Downloads/android-studio-p/jre/jre/lib/amd64/libnio.so
7f5e4595c000-7f5e4595d000 r--p 00010000 08:07 1201545                    /home/chivu/Downloads/android-studio-p/jre/jre/lib/amd64/libnio.so
7f5e4595d000-7f5e4595e000 rw-p 00011000 08:07 1201545                    /home/chivu/Downloads/android-studio-p/jre/jre/lib/amd64/libnio.so
7f5e4595e000-7f5e45c5f000 rw-p 00000000 00:00 0 
7f5e45c5f000-7f5e45c76000 r-xp 00000000 08:07 1201544                    /home/chivu/Downloads/android-studio-p/jre/jre/lib/amd64/libnet.so
7f5e45c76000-7f5e45e75000 ---p 00017000 08:07 1201544                    /home/chivu/Downloads/android-studio-p/jre/jre/lib/amd64/libnet.so
7f5e45e75000-7f5e45e76000 r--p 00016000 08:07 1201544                    /home/chivu/Downloads/android-studio-p/jre/jre/lib/amd64/libnet.so
7f5e45e76000-7f5e45e77000 rw-p 00017000 08:07 1201544                    /home/chivu/Downloads/android-studio-p/jre/jre/lib/amd64/libnet.so
7f5e45e77000-7f5e45e78000 r--s 00006000 08:07 1189015                    /home/chivu/.gradle/wrapper/dists/gradle-3.3-all/55gk2rcmfc6p2dg9u9ohc3hw9/gradle-3.3/lib/gradle-wrapper-3.3.jar
7f5e45e78000-7f5e45e85000 r--s 00041000 08:07 1189022                    /home/chivu/.gradle/wrapper/dists/gradle-3.3-all/55gk2rcmfc6p2dg9u9ohc3hw9/gradle-3.3/lib/gradle-tooling-api-3.3.jar
7f5e45e85000-7f5e45e87000 r--s 00002000 08:07 1189042                    /home/chivu/.gradle/wrapper/dists/gradle-3.3-all/55gk2rcmfc6p2dg9u9ohc3hw9/gradle-3.3/lib/gradle-open-api-3.3.jar
7f5e45e87000-7f5e45e8d000 r--s 00032000 08:07 1189044                    /home/chivu/.gradle/wrapper/dists/gradle-3.3-all/55gk2rcmfc6p2dg9u9ohc3hw9/gradle-3.3/lib/jaxen-1.1.jar
7f5e45e8d000-7f5e45e92000 r--s 00048000 08:07 1189043                    /home/chivu/.gradle/wrapper/dists/gradle-3.3-all/55gk2rcmfc6p2dg9u9ohc3hw9/gradle-3.3/lib/dom4j-1.6.1.jar
7f5e45e92000-7f5e45e9d000 r--s 00059000 08:07 1189021                    /home/chivu/.gradle/wrapper/dists/gradle-3.3-all/55gk2rcmfc6p2dg9u9ohc3hw9/gradle-3.3/lib/gradle-ui-3.3.jar
7f5e45e9d000-7f5e45ea6000 r--s 0008c000 08:07 1189013                    /home/chivu/.gradle/wrapper/dists/gradle-3.3-all/55gk2rcmfc6p2dg9u9ohc3hw9/gradle-3.3/lib/kotlin-stdlib-1.1-M02.jar
7f5e45ea6000-7f5e45eac000 r--s 0002a000 08:07 1189012                    /home/chivu/.gradle/wrapper/dists/gradle-3.3-all/55gk2rcmfc6p2dg9u9ohc3hw9/gradle-3.3/lib/kotlin-runtime-1.1-M02.jar
7f5e45eac000-7f5e45ee0000 r--s 00256000 08:07 1189011                    /home/chivu/.gradle/wrapper/dists/gradle-3.3-all/55gk2rcmfc6p2dg9u9ohc3hw9/gradle-3.3/lib/kotlin-reflect-1.1-M02.jar
7f5e45ee0000-7f5e46076000 r--s 0157e000 08:07 1189010                    /home/chivu/.gradle/wrapper/dists/gradle-3.3-all/55gk2rcmfc6p2dg9u9ohc3hw9/gradle-3.3/lib/kotlin-compiler-embeddable-1.1-M02.jar
7f5e46076000-7f5e4607e000 r--s 0004e000 08:07 1189009                    /home/chivu/.gradle/wrapper/dists/gradle-3.3-all/55gk2rcmfc6p2dg9u9ohc3hw9/gradle-3.3/lib/gradle-script-kotlin-0.5.1.jar
7f5e4607e000-7f5e46081000 r--s 0000b000 08:07 1189040                    /home/chivu/.gradle/wrapper/dists/gradle-3.3-all/55gk2rcmfc6p2dg9u9ohc3hw9/gradle-3.3/lib/gradle-resources-3.3.jar
7f5e46081000-7f5e46083000 r--s 00003000 08:07 1189049                    /home/chivu/.gradle/wrapper/dists/gradle-3.3-all/55gk2rcmfc6p2dg9u9ohc3hw9/gradle-3.3/lib/jcl-over-slf4j-1.7.10.jar
7f5e46083000-7f5e46084000 r--s 00005000 08:07 1189048                    /home/chivu/.gradle/wrapper/dists/gradle-3.3-all/55gk2rcmfc6p2dg9u9ohc3hw9/gradle-3.3/lib/log4j-over-slf4j-1.7.10.jar
7f5e46084000-7f5e46086000 r--s 00000000 08:07 1189047                    /home/chivu/.gradle/wrapper/dists/gradle-3.3-all/55gk2rcmfc6p2dg9u9ohc3hw9/gradle-3.3/lib/jul-to-slf4j-1.7.10.jar
7f5e46086000-7f5e4608b000 r--s 0001e000 08:07 1189024                    /home/chivu/.gradle/wrapper/dists/gradle-3.3-all/55gk2rcmfc6p2dg9u9ohc3hw9/gradle-3.3/lib/gradle-logging-3.3.jar
7f5e4608b000-7f5e4608d000 r--s 00007000 08:07 1189068                    /home/chivu/.gradle/wrapper/dists/gradle-3.3-all/55gk2rcmfc6p2dg9u9ohc3hw9/gradle-3.3/lib/objenesis-1.2.jar
7f5e4608d000-7f5e4608f000 r--s 00000000 08:07 1189067                    /home/chivu/.gradle/wrapper/dists/gradle-3.3-all/55gk2rcmfc6p2dg9u9ohc3hw9/gradle-3.3/lib/minlog-1.2.jar
7f5e4608f000-7f5e46091000 r--s 0000f000 08:07 1189066                    /home/chivu/.gradle/wrapper/dists/gradle-3.3-all/55gk2rcmfc6p2dg9u9ohc3hw9/gradle-3.3/lib/reflectasm-1.07-shaded.jar
7f5e46091000-7f5e46095000 r--s 00026000 08:07 1189051                    /home/chivu/.gradle/wrapper/dists/gradle-3.3-all/55gk2rcmfc6p2dg9u9ohc3hw9/gradle-3.3/lib/kryo-2.20.jar
7f5e46095000-7f5e4609b000 r--s 00027000 08:07 1189039                    /home/chivu/.gradle/wrapper/dists/gradle-3.3-all/55gk2rcmfc6p2dg9u9ohc3hw9/gradle-3.3/lib/gradle-messaging-3.3.jar
7f5e4609b000-7f5e4609c000 r--s 00001000 08:07 1189065                    /home/chivu/.gradle/wrapper/dists/gradle-3.3-all/55gk2rcmfc6p2dg9u9ohc3hw9/gradle-3.3/lib/native-platform-linux-i386-ncurses6-0.12.jar
7f5e4609c000-7f5e4609d000 r--s 00001000 08:07 1189064                    /home/chivu/.gradle/wrapper/dists/gradle-3.3-all/55gk2rcmfc6p2dg9u9ohc3hw9/gradle-3.3/lib/native-platform-linux-i386-ncurses5-0.12.jar
7f5e4609d000-7f5e4609e000 r--s 00001000 08:07 1189063                    /home/chivu/.gradle/wrapper/dists/gradle-3.3-all/55gk2rcmfc6p2dg9u9ohc3hw9/gradle-3.3/lib/native-platform-linux-amd64-ncurses6-0.12.jar
7f5e4609e000-7f5e4609f000 r--s 00001000 08:07 1189062                    /home/chivu/.gradle/wrapper/dists/gradle-3.3-all/55gk2rcmfc6p2dg9u9ohc3hw9/gradle-3.3/lib/native-platform-linux-amd64-ncurses5-0.12.jar
7f5e4609f000-7f5e460a0000 r--s 0000b000 08:07 1189061                    /home/chivu/.gradle/wrapper/dists/gradle-3.3-all/55gk2rcmfc6p2dg9u9ohc3hw9/gradle-3.3/lib/native-platform-windows-i386-0.12.jar
7f5e460a0000-7f5e460a2000 r--s 0000b000 08:07 1189060                    /home/chivu/.gradle/wrapper/dists/gradle-3.3-all/55gk2rcmfc6p2dg9u9ohc3hw9/gradle-3.3/lib/native-platform-windows-amd64-0.12.jar
7f5e460a2000-7f5e460a4000 r--s 00002000 08:07 1189059                    /home/chivu/.gradle/wrapper/dists/gradle-3.3-all/55gk2rcmfc6p2dg9u9ohc3hw9/gradle-3.3/lib/native-platform-osx-i386-0.12.jar
7f5e460a4000-7f5e460a5000 r--s 00002000 08:07 1189058                    /home/chivu/.gradle/wrapper/dists/gradle-3.3-all/55gk2rcmfc6p2dg9u9ohc3hw9/gradle-3.3/lib/native-platform-osx-amd64-0.12.jar
7f5e460a5000-7f5e460a6000 r--s 00002000 08:07 1189057                    /home/chivu/.gradle/wrapper/dists/gradle-3.3-all/55gk2rcmfc6p2dg9u9ohc3hw9/gradle-3.3/lib/native-platform-linux-i386-0.12.jar
7f5e460a6000-7f5e460a7000 r--s 00002000 08:07 1189056                    /home/chivu/.gradle/wrapper/dists/gradle-3.3-all/55gk2rcmfc6p2dg9u9ohc3hw9/gradle-3.3/lib/native-platform-linux-amd64-0.12.jar
7f5e460a7000-7f5e460a8000 r--s 00003000 08:07 1189055                    /home/chivu/.gradle/wrapper/dists/gradle-3.3-all/55gk2rcmfc6p2dg9u9ohc3hw9/gradle-3.3/lib/native-platform-freebsd-i386-libstdcpp-0.12.jar
7f5e460a8000-7f5e460a9000 r--s 00004000 08:07 1189054                    /home/chivu/.gradle/wrapper/dists/gradle-3.3-all/55gk2rcmfc6p2dg9u9ohc3hw9/gradle-3.3/lib/native-platform-freebsd-i386-libcpp-0.12.jar
7f5e460a9000-7f5e460ab000 r--s 00003000 08:07 1189053                    /home/chivu/.gradle/wrapper/dists/gradle-3.3-all/55gk2rcmfc6p2dg9u9ohc3hw9/gradle-3.3/lib/native-platform-freebsd-amd64-libstdcpp-0.12.jar
7f5e460ab000-7f5e460af000 r--s 00011000 08:07 1189045                    /home/chivu/.gradle/wrapper/dists/gradle-3.3-all/55gk2rcmfc6p2dg9u9ohc3hw9/gradle-3.3/lib/native-platform-0.12.jar
7f5e460af000-7f5e460be000 r--s 0007f000 08:07 1189030                    /home/chivu/.gradle/wrapper/dists/gradle-3.3-all/55gk2rcmfc6p2dg9u9ohc3hw9/gradle-3.3/lib/gradle-model-core-3.3.jar
7f5e460be000-7f5e4612e000 r--s 00641000 08:07 1189029                    /home/chivu/.gradle/wrapper/dists/gradle-3.3-all/55gk2rcmfc6p2dg9u9ohc3hw9/gradle-3.3/lib/groovy-all-2.4.7.jar
7f5e4612e000-7f5e46156000 r--s 001cf000 08:07 1189026                    /home/chivu/.gradle/wrapper/dists/gradle-3.3-all/55gk2rcmfc6p2dg9u9ohc3hw9/gradle-3.3/lib/guava-jdk5-17.0.jar
7f5e46156000-7f5e46175000 r--s 001d1000 08:07 1189033                    /home/chivu/.gradle/wrapper/dists/gradle-3.3-all/55gk2rcmfc6p2dg9u9ohc3hw9/gradle-3.3/lib/ant-1.9.6.jar
7f5e46175000-7f5e461b2000 r--s 001f8000 08:07 1189019                    /home/chivu/.gradle/wrapper/dists/gradle-3.3-all/55gk2rcmfc6p2dg9u9ohc3hw9/gradle-3.3/lib/gradle-core-3.3.jar
7f5e461b2000-7f5e461b3000 ---p 00000000 00:00 0 
7f5e461b3000-7f5e462b3000 rw-p 00000000 00:00 0 
7f5e462b3000-7f5e462b6000 ---p 00000000 00:00 0 
7f5e462b6000-7f5e463b4000 rw-p 00000000 00:00 0 
7f5e463b4000-7f5e463b7000 ---p 00000000 00:00 0 
7f5e463b7000-7f5e464b5000 rw-p 00000000 00:00 0 
7f5e464b5000-7f5e464b8000 ---p 00000000 00:00 0 
7f5e464b8000-7f5e465b6000 rw-p 00000000 00:00 0 
7f5e465b6000-7f5e465b9000 ---p 00000000 00:00 0 
7f5e465b9000-7f5e466b7000 rw-p 00000000 00:00 0 
7f5e466b7000-7f5e466ba000 ---p 00000000 00:00 0 
7f5e466ba000-7f5e467b8000 rw-p 00000000 00:00 0 
7f5e467b8000-7f5e46a90000 r--p 00000000 08:07 1311727                    /usr/lib/locale/locale-archive
7f5e46a90000-7f5e46a93000 ---p 00000000 00:00 0 
7f5e46a93000-7f5e46b91000 rw-p 00000000 00:00 0 
7f5e46b91000-7f5e46b94000 ---p 00000000 00:00 0 
7f5e46b94000-7f5e46c92000 rw-p 00000000 00:00 0 
7f5e46c92000-7f5e46c93000 ---p 00000000 00:00 0 
7f5e46c93000-7f5e48000000 rw-p 00000000 00:00 0 
7f5e48000000-7f5e48137000 rw-p 00000000 00:00 0 
7f5e48137000-7f5e4c000000 ---p 00000000 00:00 0 
7f5e4c000000-7f5e4c003000 r--s 00023000 08:07 1189046                    /home/chivu/.gradle/wrapper/dists/gradle-3.3-all/55gk2rcmfc6p2dg9u9ohc3hw9/gradle-3.3/lib/jansi-1.14.jar
7f5e4c003000-7f5e4c006000 r--s 0000a000 08:07 1189023                    /home/chivu/.gradle/wrapper/dists/gradle-3.3-all/55gk2rcmfc6p2dg9u9ohc3hw9/gradle-3.3/lib/gradle-native-3.3.jar
7f5e4c006000-7f5e4c008000 r--s 00005000 08:07 1189020                    /home/chivu/.gradle/wrapper/dists/gradle-3.3-all/55gk2rcmfc6p2dg9u9ohc3hw9/gradle-3.3/lib/gradle-cli-3.3.jar
7f5e4c008000-7f5e4c00a000 r--s 00007000 08:07 1189031                    /home/chivu/.gradle/wrapper/dists/gradle-3.3-all/55gk2rcmfc6p2dg9u9ohc3hw9/gradle-3.3/lib/gradle-model-groovy-3.3.jar
7f5e4c00a000-7f5e4c00c000 r--s 00006000 08:07 1189038                    /home/chivu/.gradle/wrapper/dists/gradle-3.3-all/55gk2rcmfc6p2dg9u9ohc3hw9/gradle-3.3/lib/gradle-base-services-groovy-3.3.jar
7f5e4c00c000-7f5e4c511000 rw-p 00000000 00:00 0 
7f5e4c511000-7f5e4c6e0000 r--s 03c1b000 08:07 1201515                    /home/chivu/Downloads/android-studio-p/jre/jre/lib/rt.jar
7f5e4c6e0000-7f5e4f9e0000 rw-p 00000000 00:00 0 
7f5e4f9e0000-7f5e4f9e1000 ---p 00000000 00:00 0 
7f5e4f9e1000-7f5e4fae1000 rw-p 00000000 00:00 0 
7f5e4fae1000-7f5e4fae2000 ---p 00000000 00:00 0 
7f5e4fae2000-7f5e4fbe2000 rw-p 00000000 00:00 0 
7f5e4fbe2000-7f5e4fbe3000 ---p 00000000 00:00 0 
7f5e4fbe3000-7f5e4fe18000 rw-p 00000000 00:00 0 
7f5e4fe18000-7f5e4fee3000 ---p 00000000 00:00 0 
7f5e4fee3000-7f5e50018000 rw-p 00000000 00:00 0 
7f5e50018000-7f5e500e3000 ---p 00000000 00:00 0 
7f5e500e3000-7f5e501e3000 rw-p 00000000 00:00 0 
7f5e501e3000-7f5e5025e000 rw-p 00000000 00:00 0 
7f5e5025e000-7f5e505a4000 ---p 00000000 00:00 0 
7f5e505a4000-7f5e52424000 rwxp 00000000 00:00 0 
7f5e52424000-7f5e5f5a4000 ---p 00000000 00:00 0 
7f5e5f5a4000-7f5e5f5be000 r-xp 00000000 08:07 1201530                    /home/chivu/Downloads/android-studio-p/jre/jre/lib/amd64/libzip.so
7f5e5f5be000-7f5e5f7be000 ---p 0001a000 08:07 1201530                    /home/chivu/Downloads/android-studio-p/jre/jre/lib/amd64/libzip.so
7f5e5f7be000-7f5e5f7bf000 r--p 0001a000 08:07 1201530                    /home/chivu/Downloads/android-studio-p/jre/jre/lib/amd64/libzip.so
7f5e5f7bf000-7f5e5f7c0000 rw-p 0001b000 08:07 1201530                    /home/chivu/Downloads/android-studio-p/jre/jre/lib/amd64/libzip.so
7f5e5f7c0000-7f5e5f7cb000 r-xp 00000000 08:07 541944                     /lib/x86_64-linux-gnu/libnss_files-2.23.so
7f5e5f7cb000-7f5e5f9ca000 ---p 0000b000 08:07 541944                     /lib/x86_64-linux-gnu/libnss_files-2.23.so
7f5e5f9ca000-7f5e5f9cb000 r--p 0000a000 08:07 541944                     /lib/x86_64-linux-gnu/libnss_files-2.23.so
7f5e5f9cb000-7f5e5f9cc000 rw-p 0000b000 08:07 541944                     /lib/x86_64-linux-gnu/libnss_files-2.23.so
7f5e5f9cc000-7f5e5f9d2000 rw-p 00000000 00:00 0 
7f5e5f9d2000-7f5e5f9dd000 r-xp 00000000 08:07 541937                     /lib/x86_64-linux-gnu/libnss_nis-2.23.so
7f5e5f9dd000-7f5e5fbdc000 ---p 0000b000 08:07 541937                     /lib/x86_64-linux-gnu/libnss_nis-2.23.so
7f5e5fbdc000-7f5e5fbdd000 r--p 0000a000 08:07 541937                     /lib/x86_64-linux-gnu/libnss_nis-2.23.so
7f5e5fbdd000-7f5e5fbde000 rw-p 0000b000 08:07 541937                     /lib/x86_64-linux-gnu/libnss_nis-2.23.so
7f5e5fbde000-7f5e5fbf4000 r-xp 00000000 08:07 541939                     /lib/x86_64-linux-gnu/libnsl-2.23.so
7f5e5fbf4000-7f5e5fdf3000 ---p 00016000 08:07 541939                     /lib/x86_64-linux-gnu/libnsl-2.23.so
7f5e5fdf3000-7f5e5fdf4000 r--p 00015000 08:07 541939                     /lib/x86_64-linux-gnu/libnsl-2.23.so
7f5e5fdf4000-7f5e5fdf5000 rw-p 00016000 08:07 541939                     /lib/x86_64-linux-gnu/libnsl-2.23.so
7f5e5fdf5000-7f5e5fdf7000 rw-p 00000000 00:00 0 
7f5e5fdf7000-7f5e5fdff000 r-xp 00000000 08:07 541946                     /lib/x86_64-linux-gnu/libnss_compat-2.23.so
7f5e5fdff000-7f5e5fffe000 ---p 00008000 08:07 541946                     /lib/x86_64-linux-gnu/libnss_compat-2.23.so
7f5e5fffe000-7f5e5ffff000 r--p 00007000 08:07 541946                     /lib/x86_64-linux-gnu/libnss_compat-2.23.so
7f5e5ffff000-7f5e60000000 rw-p 00008000 08:07 541946                     /lib/x86_64-linux-gnu/libnss_compat-2.23.so
7f5e60000000-7f5e60cd5000 rw-p 00000000 00:00 0 
7f5e60cd5000-7f5e64000000 ---p 00000000 00:00 0 
7f5e64000000-7f5e64001000 r--s 00004000 08:07 1189052                    /home/chivu/.gradle/wrapper/dists/gradle-3.3-all/55gk2rcmfc6p2dg9u9ohc3hw9/gradle-3.3/lib/native-platform-freebsd-amd64-libcpp-0.12.jar
7f5e64001000-7f5e64002000 r--s 00002000 08:07 1189041                    /home/chivu/.gradle/wrapper/dists/gradle-3.3-all/55gk2rcmfc6p2dg9u9ohc3hw9/gradle-3.3/lib/gradle-docs-3.3.jar
7f5e64002000-7f5e6400f000 r--s 00083000 08:07 1189034                    /home/chivu/.gradle/wrapper/dists/gradle-3.3-all/55gk2rcmfc6p2dg9u9ohc3hw9/gradle-3.3/lib/commons-collections-3.2.2.jar
7f5e6400f000-7f5e640f4000 rw-p 00000000 00:00 0 
7f5e640f4000-7f5e640f5000 ---p 00000000 00:00 0 
7f5e640f5000-7f5e641f5000 rw-p 00000000 00:00 0 
7f5e641f5000-7f5e64222000 r-xp 00000000 08:07 1201547                    /home/chivu/Downloads/android-studio-p/jre/jre/lib/amd64/libjava.so
7f5e64222000-7f5e64421000 ---p 0002d000 08:07 1201547                    /home/chivu/Downloads/android-studio-p/jre/jre/lib/amd64/libjava.so
7f5e64421000-7f5e64422000 r--p 0002c000 08:07 1201547                    /home/chivu/Downloads/android-studio-p/jre/jre/lib/amd64/libjava.so
7f5e64422000-7f5e64424000 rw-p 0002d000 08:07 1201547                    /home/chivu/Downloads/android-studio-p/jre/jre/lib/amd64/libjava.so
7f5e64424000-7f5e64434000 r-xp 00000000 08:07 1201520                    /home/chivu/Downloads/android-studio-p/jre/jre/lib/amd64/libverify.so
7f5e64434000-7f5e64633000 ---p 00010000 08:07 1201520                    /home/chivu/Downloads/android-studio-p/jre/jre/lib/amd64/libverify.so
7f5e64633000-7f5e64635000 r--p 0000f000 08:07 1201520                    /home/chivu/Downloads/android-studio-p/jre/jre/lib/amd64/libverify.so
7f5e64635000-7f5e64636000 rw-p 00011000 08:07 1201520                    /home/chivu/Downloads/android-studio-p/jre/jre/lib/amd64/libverify.so
7f5e64636000-7f5e6463d000 r-xp 00000000 08:07 541947                     /lib/x86_64-linux-gnu/librt-2.23.so
7f5e6463d000-7f5e6483c000 ---p 00007000 08:07 541947                     /lib/x86_64-linux-gnu/librt-2.23.so
7f5e6483c000-7f5e6483d000 r--p 00006000 08:07 541947                     /lib/x86_64-linux-gnu/librt-2.23.so
7f5e6483d000-7f5e6483e000 rw-p 00007000 08:07 541947                     /lib/x86_64-linux-gnu/librt-2.23.so
7f5e6483e000-7f5e64946000 r-xp 00000000 08:07 541938                     /lib/x86_64-linux-gnu/libm-2.23.so
7f5e64946000-7f5e64b45000 ---p 00108000 08:07 541938                     /lib/x86_64-linux-gnu/libm-2.23.so
7f5e64b45000-7f5e64b46000 r--p 00107000 08:07 541938                     /lib/x86_64-linux-gnu/libm-2.23.so
7f5e64b46000-7f5e64b47000 rw-p 00108000 08:07 541938                     /lib/x86_64-linux-gnu/libm-2.23.so
7f5e64b47000-7f5e65738000 r-xp 00000000 08:07 1201528                    /home/chivu/Downloads/android-studio-p/jre/jre/lib/amd64/server/libjvm.so
7f5e65738000-7f5e65938000 ---p 00bf1000 08:07 1201528                    /home/chivu/Downloads/android-studio-p/jre/jre/lib/amd64/server/libjvm.so
7f5e65938000-7f5e659d7000 r--p 00bf1000 08:07 1201528                    /home/chivu/Downloads/android-studio-p/jre/jre/lib/amd64/server/libjvm.so
7f5e659d7000-7f5e65a00000 rw-p 00c90000 08:07 1201528                    /home/chivu/Downloads/android-studio-p/jre/jre/lib/amd64/server/libjvm.so
7f5e65a00000-7f5e65a44000 rw-p 00000000 00:00 0 
7f5e65a44000-7f5e65a5c000 r-xp 00000000 08:07 541951                     /lib/x86_64-linux-gnu/libpthread-2.23.so
7f5e65a5c000-7f5e65c5b000 ---p 00018000 08:07 541951                     /lib/x86_64-linux-gnu/libpthread-2.23.so
7f5e65c5b000-7f5e65c5c000 r--p 00017000 08:07 541951                     /lib/x86_64-linux-gnu/libpthread-2.23.so
7f5e65c5c000-7f5e65c5d000 rw-p 00018000 08:07 541951                     /lib/x86_64-linux-gnu/libpthread-2.23.so
7f5e65c5d000-7f5e65c61000 rw-p 00000000 00:00 0 
7f5e65c61000-7f5e65c64000 r-xp 00000000 08:07 541936                     /lib/x86_64-linux-gnu/libdl-2.23.so
7f5e65c64000-7f5e65e63000 ---p 00003000 08:07 541936                     /lib/x86_64-linux-gnu/libdl-2.23.so
7f5e65e63000-7f5e65e64000 r--p 00002000 08:07 541936                     /lib/x86_64-linux-gnu/libdl-2.23.so
7f5e65e64000-7f5e65e65000 rw-p 00003000 08:07 541936                     /lib/x86_64-linux-gnu/libdl-2.23.so
7f5e65e65000-7f5e66024000 r-xp 00000000 08:07 541940                     /lib/x86_64-linux-gnu/libc-2.23.so
7f5e66024000-7f5e66224000 ---p 001bf000 08:07 541940                     /lib/x86_64-linux-gnu/libc-2.23.so
7f5e66224000-7f5e66228000 r--p 001bf000 08:07 541940                     /lib/x86_64-linux-gnu/libc-2.23.so
7f5e66228000-7f5e6622a000 rw-p 001c3000 08:07 541940                     /lib/x86_64-linux-gnu/libc-2.23.so
7f5e6622a000-7f5e6622e000 rw-p 00000000 00:00 0 
7f5e6622e000-7f5e66244000 r-xp 00000000 08:07 1201477                    /home/chivu/Downloads/android-studio-p/jre/lib/amd64/jli/libjli.so
7f5e66244000-7f5e66443000 ---p 00016000 08:07 1201477                    /home/chivu/Downloads/android-studio-p/jre/lib/amd64/jli/libjli.so
7f5e66443000-7f5e66444000 r--p 00015000 08:07 1201477                    /home/chivu/Downloads/android-studio-p/jre/lib/amd64/jli/libjli.so
7f5e66444000-7f5e66445000 rw-p 00016000 08:07 1201477                    /home/chivu/Downloads/android-studio-p/jre/lib/amd64/jli/libjli.so
7f5e66445000-7f5e6646b000 r-xp 00000000 08:07 541941                     /lib/x86_64-linux-gnu/ld-2.23.so
7f5e6646b000-7f5e6646c000 r--s 00000000 08:07 1189037                    /home/chivu/.gradle/wrapper/dists/gradle-3.3-all/55gk2rcmfc6p2dg9u9ohc3hw9/gradle-3.3/lib/javax.inject-1.jar
7f5e6646c000-7f5e6646d000 r--s 00000000 08:07 1189036                    /home/chivu/.gradle/wrapper/dists/gradle-3.3-all/55gk2rcmfc6p2dg9u9ohc3hw9/gradle-3.3/lib/jcip-annotations-1.0.jar
7f5e6646d000-7f5e66471000 r--s 00027000 08:07 1189035                    /home/chivu/.gradle/wrapper/dists/gradle-3.3-all/55gk2rcmfc6p2dg9u9ohc3hw9/gradle-3.3/lib/commons-io-2.2.jar
7f5e66471000-7f5e66476000 r--s 00038000 08:07 1189032                    /home/chivu/.gradle/wrapper/dists/gradle-3.3-all/55gk2rcmfc6p2dg9u9ohc3hw9/gradle-3.3/lib/asm-all-5.1.jar
7f5e66476000-7f5e66477000 r--s 00001000 08:07 1189028                    /home/chivu/.gradle/wrapper/dists/gradle-3.3-all/55gk2rcmfc6p2dg9u9ohc3hw9/gradle-3.3/lib/gradle-process-services-3.3.jar
7f5e66477000-7f5e6647c000 r--s 00041000 08:07 1189027                    /home/chivu/.gradle/wrapper/dists/gradle-3.3-all/55gk2rcmfc6p2dg9u9ohc3hw9/gradle-3.3/lib/commons-lang-2.6.jar
7f5e6647c000-7f5e66485000 r--s 00042000 08:07 1189017                    /home/chivu/.gradle/wrapper/dists/gradle-3.3-all/55gk2rcmfc6p2dg9u9ohc3hw9/gradle-3.3/lib/gradle-base-services-3.3.jar
7f5e66485000-7f5e66547000 rw-p 00000000 00:00 0 
7f5e66547000-7f5e6654a000 ---p 00000000 00:00 0 
7f5e6654a000-7f5e6664c000 rw-p 00000000 00:00 0 
7f5e6664c000-7f5e6664e000 r--s 00000000 08:07 1189018                    /home/chivu/.gradle/wrapper/dists/gradle-3.3-all/55gk2rcmfc6p2dg9u9ohc3hw9/gradle-3.3/lib/gradle-jvm-services-3.3.jar
7f5e6664e000-7f5e6664f000 r--s 00000000 08:07 1189183                    /home/chivu/.gradle/wrapper/dists/gradle-3.3-all/55gk2rcmfc6p2dg9u9ohc3hw9/gradle-3.3/lib/gradle-version-info-3.3.jar
7f5e6664f000-7f5e66650000 r--s 00007000 08:07 1189025                    /home/chivu/.gradle/wrapper/dists/gradle-3.3-all/55gk2rcmfc6p2dg9u9ohc3hw9/gradle-3.3/lib/slf4j-api-1.7.10.jar
7f5e66650000-7f5e66651000 r--s 00004000 08:07 1189050                    /home/chivu/.gradle/wrapper/dists/gradle-3.3-all/55gk2rcmfc6p2dg9u9ohc3hw9/gradle-3.3/lib/ant-launcher-1.9.6.jar
7f5e66651000-7f5e6665e000 r--s 0005c000 08:07 1189014                    /home/chivu/.gradle/wrapper/dists/gradle-3.3-all/55gk2rcmfc6p2dg9u9ohc3hw9/gradle-3.3/lib/gradle-launcher-3.3.jar
7f5e6665e000-7f5e66666000 rw-s 00000000 08:07 262181                     /tmp/hsperfdata_chivu/3611
7f5e66666000-7f5e66667000 rw-p 00000000 00:00 0 
7f5e66667000-7f5e66668000 ---p 00000000 00:00 0 
7f5e66668000-7f5e6666a000 rw-p 00000000 00:00 0 
7f5e6666a000-7f5e6666b000 r--p 00025000 08:07 541941                     /lib/x86_64-linux-gnu/ld-2.23.so
7f5e6666b000-7f5e6666c000 rw-p 00026000 08:07 541941                     /lib/x86_64-linux-gnu/ld-2.23.so
7f5e6666c000-7f5e6666d000 rw-p 00000000 00:00 0 
7ffe1e5a3000-7ffe1e5c4000 rw-p 00000000 00:00 0                          [stack]
7ffe1e5da000-7ffe1e5dc000 r--p 00000000 00:00 0                          [vvar]
7ffe1e5dc000-7ffe1e5de000 r-xp 00000000 00:00 0                          [vdso]
ffffffffff600000-ffffffffff601000 r-xp 00000000 00:00 0                  [vsyscall]

VM Arguments:
jvm_args: -Xmx1536m -Dfile.encoding=UTF-8 -Duser.country=IN -Duser.language=en -Duser.variant 
java_command: org.gradle.launcher.daemon.bootstrap.GradleDaemon 3.3
java_class_path (initial): /home/chivu/.gradle/wrapper/dists/gradle-3.3-all/55gk2rcmfc6p2dg9u9ohc3hw9/gradle-3.3/lib/gradle-launcher-3.3.jar
Launcher Type: SUN_STANDARD

Environment Variables:
JAVA_HOME=/usr/lib/jvm/java-8-oracle
PATH=/home/chivu/bin:/home/chivu/.local/bin:/usr/local/sbin:/usr/local/bin:/usr/sbin:/usr/bin:/sbin:/bin:/usr/games:/usr/local/games:/snap/bin:/usr/lib/jvm/java-8-oracle/bin:/usr/lib/jvm/java-8-oracle/db/bin:/usr/lib/jvm/java-8-oracle/jre/bin
LD_LIBRARY_PATH=/home/chivu/Downloads/android-studio-p/bin:
SHELL=/bin/bash
DISPLAY=:0

Signal Handlers:
SIGSEGV: [libjvm.so+0x9e5150], sa_mask[0]=11111111011111111101111111111110, sa_flags=SA_RESTART|SA_SIGINFO
SIGBUS: [libjvm.so+0x9e5150], sa_mask[0]=11111111011111111101111111111110, sa_flags=SA_RESTART|SA_SIGINFO
SIGFPE: [libjvm.so+0x848450], sa_mask[0]=11111111011111111101111111111110, sa_flags=SA_RESTART|SA_SIGINFO
SIGPIPE: [libjvm.so+0x848450], sa_mask[0]=11111111011111111101111111111110, sa_flags=SA_RESTART|SA_SIGINFO
SIGXFSZ: [libjvm.so+0x848450], sa_mask[0]=11111111011111111101111111111110, sa_flags=SA_RESTART|SA_SIGINFO
SIGILL: [libjvm.so+0x848450], sa_mask[0]=11111111011111111101111111111110, sa_flags=SA_RESTART|SA_SIGINFO
SIGUSR1: SIG_DFL, sa_mask[0]=00000000000000000000000000000000, sa_flags=none
SIGUSR2: [libjvm.so+0x848320], sa_mask[0]=00100000000000000000000000000000, sa_flags=SA_RESTART|SA_SIGINFO
SIGHUP: [libjvm.so+0x848510], sa_mask[0]=11111111011111111101111111111110, sa_flags=SA_RESTART|SA_SIGINFO
SIGINT: [libjvm.so+0x848510], sa_mask[0]=11111111011111111101111111111110, sa_flags=SA_RESTART|SA_SIGINFO
SIGTERM: [libjvm.so+0x848510], sa_mask[0]=11111111011111111101111111111110, sa_flags=SA_RESTART|SA_SIGINFO
SIGQUIT: [libjvm.so+0x848510], sa_mask[0]=11111111011111111101111111111110, sa_flags=SA_RESTART|SA_SIGINFO


---------------  S Y S T E M  ---------------

OS:DISTRIB_ID=Ubuntu
DISTRIB_RELEASE=16.04
DISTRIB_CODENAME=xenial
DISTRIB_DESCRIPTION="Ubuntu 16.04.2 LTS"

uname:Linux 4.4.0-79-generic #100-Ubuntu SMP Wed May 17 19:58:14 UTC 2017 x86_64
libc:glibc 2.23 NPTL 2.23 
rlimit: STACK 8192k, CORE 0k, NPROC 15361, NOFILE 65536, AS infinity
load average:4.72 2.51 1.66

/proc/meminfo:
MemTotal:        3972820 kB
MemFree:          120540 kB
MemAvailable:      69624 kB
Buffers:            7304 kB
Cached:           291076 kB
SwapCached:           16 kB
Active:          2605964 kB
Inactive:        1087148 kB
Active(anon):    2550996 kB
Inactive(anon):  1037520 kB
Active(file):      54968 kB
Inactive(file):    49628 kB
Unevictable:         136 kB
Mlocked:             136 kB
SwapTotal:          1020 kB
SwapFree:              0 kB
Dirty:              5836 kB
Writeback:             0 kB
AnonPages:       3394608 kB
Mapped:           124204 kB
Shmem:            193908 kB
Slab:              72976 kB
SReclaimable:      38572 kB
SUnreclaim:        34404 kB
KernelStack:        9312 kB
PageTables:        34248 kB
NFS_Unstable:          0 kB
Bounce:                0 kB
WritebackTmp:          0 kB
CommitLimit:     1987428 kB
Committed_AS:    7161728 kB
VmallocTotal:   34359738367 kB
VmallocUsed:           0 kB
VmallocChunk:          0 kB
HardwareCorrupted:     0 kB
AnonHugePages:    933888 kB
CmaTotal:              0 kB
CmaFree:               0 kB
HugePages_Total:       0
HugePages_Free:        0
HugePages_Rsvd:        0
HugePages_Surp:        0
Hugepagesize:       2048 kB
DirectMap4k:      133888 kB
DirectMap2M:     2938880 kB
DirectMap1G:     2097152 kB


CPU:total 4 (2 cores per cpu, 2 threads per core) family 6 model 69 stepping 1, cmov, cx8, fxsr, mmx, sse, sse2, sse3, ssse3, sse4.1, sse4.2, popcnt, avx, avx2, aes, clmul, erms, lzcnt, ht, tsc, tscinvbit, bmi1, bmi2

/proc/cpuinfo:
processor	: 0
vendor_id	: GenuineIntel
cpu family	: 6
model		: 69
model name	: Intel(R) Core(TM) i3-4030U CPU @ 1.90GHz
stepping	: 1
microcode	: 0x1d
cpu MHz		: 1799.953
cache size	: 3072 KB
physical id	: 0
siblings	: 4
core id		: 0
cpu cores	: 2
apicid		: 0
initial apicid	: 0
fpu		: yes
fpu_exception	: yes
cpuid level	: 13
wp		: yes
flags		: fpu vme de pse tsc msr pae mce cx8 apic sep mtrr pge mca cmov pat pse36 clflush dts acpi mmx fxsr sse sse2 ss ht tm pbe syscall nx pdpe1gb rdtscp lm constant_tsc arch_perfmon pebs bts rep_good nopl xtopology nonstop_tsc aperfmperf eagerfpu pni pclmulqdq dtes64 monitor ds_cpl vmx est tm2 ssse3 sdbg fma cx16 xtpr pdcm pcid sse4_1 sse4_2 x2apic movbe popcnt tsc_deadline_timer aes xsave avx f16c rdrand lahf_lm abm epb tpr_shadow vnmi flexpriority ept vpid fsgsbase tsc_adjust bmi1 avx2 smep bmi2 erms invpcid xsaveopt dtherm arat pln pts
bugs		:
bogomips	: 3791.04
clflush size	: 64
cache_alignment	: 64
address sizes	: 39 bits physical, 48 bits virtual
power management:

processor	: 1
vendor_id	: GenuineIntel
cpu family	: 6
model		: 69
model name	: Intel(R) Core(TM) i3-4030U CPU @ 1.90GHz
stepping	: 1
microcode	: 0x1d
cpu MHz		: 1799.878
cache size	: 3072 KB
physical id	: 0
siblings	: 4
core id		: 0
cpu cores	: 2
apicid		: 1
initial apicid	: 1
fpu		: yes
fpu_exception	: yes
cpuid level	: 13
wp		: yes
flags		: fpu vme de pse tsc msr pae mce cx8 apic sep mtrr pge mca cmov pat pse36 clflush dts acpi mmx fxsr sse sse2 ss ht tm pbe syscall nx pdpe1gb rdtscp lm constant_tsc arch_perfmon pebs bts rep_good nopl xtopology nonstop_tsc aperfmperf eagerfpu pni pclmulqdq dtes64 monitor ds_cpl vmx est tm2 ssse3 sdbg fma cx16 xtpr pdcm pcid sse4_1 sse4_2 x2apic movbe popcnt tsc_deadline_timer aes xsave avx f16c rdrand lahf_lm abm epb tpr_shadow vnmi flexpriority ept vpid fsgsbase tsc_adjust bmi1 avx2 smep bmi2 erms invpcid xsaveopt dtherm arat pln pts
bugs		:
bogomips	: 3791.04
clflush size	: 64
cache_alignment	: 64
address sizes	: 39 bits physical, 48 bits virtual
power management:

processor	: 2
vendor_id	: GenuineIntel
cpu family	: 6
model		: 69
model name	: Intel(R) Core(TM) i3-4030U CPU @ 1.90GHz
stepping	: 1
microcode	: 0x1d
cpu MHz		: 1799.953
cache size	: 3072 KB
physical id	: 0
siblings	: 4
core id		: 1
cpu cores	: 2
apicid		: 2
initial apicid	: 2
fpu		: yes
fpu_exception	: yes
cpuid level	: 13
wp		: yes
flags		: fpu vme de pse tsc msr pae mce cx8 apic sep mtrr pge mca cmov pat pse36 clflush dts acpi mmx fxsr sse sse2 ss ht tm pbe syscall nx pdpe1gb rdtscp lm constant_tsc arch_perfmon pebs bts rep_good nopl xtopology nonstop_tsc aperfmperf eagerfpu pni pclmulqdq dtes64 monitor ds_cpl vmx est tm2 ssse3 sdbg fma cx16 xtpr pdcm pcid sse4_1 sse4_2 x2apic movbe popcnt tsc_deadline_timer aes xsave avx f16c rdrand lahf_lm abm epb tpr_shadow vnmi flexpriority ept vpid fsgsbase tsc_adjust bmi1 avx2 smep bmi2 erms invpcid xsaveopt dtherm arat pln pts
bugs		:
bogomips	: 3791.04
clflush size	: 64
cache_alignment	: 64
address sizes	: 39 bits physical, 48 bits virtual
power management:

processor	: 3
vendor_id	: GenuineIntel
cpu family	: 6
model		: 69
model name	: Intel(R) Core(TM) i3-4030U CPU @ 1.90GHz
stepping	: 1
microcode	: 0x1d
cpu MHz		: 1799.953
cache size	: 3072 KB
physical id	: 0
siblings	: 4
core id		: 1
cpu cores	: 2
apicid		: 3
initial apicid	: 3
fpu		: yes
fpu_exception	: yes
cpuid level	: 13
wp		: yes
flags		: fpu vme de pse tsc msr pae mce cx8 apic sep mtrr pge mca cmov pat pse36 clflush dts acpi mmx fxsr sse sse2 ss ht tm pbe syscall nx pdpe1gb rdtscp lm constant_tsc arch_perfmon pebs bts rep_good nopl xtopology nonstop_tsc aperfmperf eagerfpu pni pclmulqdq dtes64 monitor ds_cpl vmx est tm2 ssse3 sdbg fma cx16 xtpr pdcm pcid sse4_1 sse4_2 x2apic movbe popcnt tsc_deadline_timer aes xsave avx f16c rdrand lahf_lm abm epb tpr_shadow vnmi flexpriority ept vpid fsgsbase tsc_adjust bmi1 avx2 smep bmi2 erms invpcid xsaveopt dtherm arat pln pts
bugs		:
bogomips	: 3791.04
clflush size	: 64
cache_alignment	: 64
address sizes	: 39 bits physical, 48 bits virtual
power management:



Memory: 4k page, physical 3972820k(122732k free), swap 1020k(0k free)

vm_info: OpenJDK 64-Bit Server VM (25.112-b06) for linux-amd64 JRE (1.8.0_112-release-b06), built on Dec  6 2016 12:11:18 by "builder" with gcc 4.8.4

time: Fri Jul  7 10:54:07 2017
elapsed time: 64 seconds (0d 0h 1m 4s)

