#
# There is insufficient memory for the Java Runtime Environment to continue.
# Native memory allocation (mmap) failed to map 252182528 bytes for committing reserved memory.
# Possible reasons:
#   The system is out of physical RAM or swap space
#   In 32 bit mode, the process size limit was hit
# Possible solutions:
#   Reduce memory load on the system
#   Increase physical memory or swap space
#   Check if swap backing store is full
#   Use 64 bit Java on a 64 bit OS
#   Decrease Java heap size (-Xmx/-Xms)
#   Decrease number of Java threads
#   Decrease Java thread stack sizes (-Xss)
#   Set larger code cache with -XX:ReservedCodeCacheSize=
# This output file may be truncated or incomplete.
#
#  Out of Memory Error (os_linux.cpp:2627), pid=3423, tid=0x00007f3d24dfd700
#
# JRE version: OpenJDK Runtime Environment (8.0_112-b06) (build 1.8.0_112-release-b06)
# Java VM: OpenJDK 64-Bit Server VM (25.112-b06 mixed mode linux-amd64 compressed oops)
# Failed to write core dump. Core dumps have been disabled. To enable core dumping, try "ulimit -c unlimited" before starting Java again
#

---------------  T H R E A D  ---------------

Current thread (0x00007f3d34077800):  VMThread [stack: 0x00007f3d24cfd000,0x00007f3d24dfe000] [id=3431]

Stack: [0x00007f3d24cfd000,0x00007f3d24dfe000],  sp=0x00007f3d24dfc4d0,  free space=1021k
Native frames: (J=compiled Java code, j=interpreted, Vv=VM code, C=native code)
V  [libjvm.so+0x9e465d]  VMError::report_and_die()+0x15d
V  [libjvm.so+0x4b6ada]  report_vm_out_of_memory(char const*, int, unsigned long, VMErrorType, char const*)+0x8a
V  [libjvm.so+0x84c860]  os::pd_commit_memory(char*, unsigned long, unsigned long, bool)+0xf0
V  [libjvm.so+0x84737f]  os::commit_memory(char*, unsigned long, unsigned long, bool)+0x1f
V  [libjvm.so+0x8bd3db]  PSVirtualSpace::expand_by(unsigned long)+0x5b
V  [libjvm.so+0x8ae1bb]  PSOldGen::expand_by(unsigned long) [clone .part.109]+0x1b
V  [libjvm.so+0x8ae37b]  PSOldGen::expand(unsigned long) [clone .part.111]+0xdb
V  [libjvm.so+0x8aec58]  PSOldGen::resize(unsigned long)+0x188
V  [libjvm.so+0x8b426c]  PSParallelCompact::invoke_no_policy(bool)+0x97c
V  [libjvm.so+0x8bb37d]  PSScavenge::invoke()+0x17d
V  [libjvm.so+0x86fcf3]  ParallelScavengeHeap::failed_mem_allocate(unsigned long)+0x63
V  [libjvm.so+0x9e6124]  VM_ParallelGCFailedAllocation::doit()+0x84
V  [libjvm.so+0x9ea537]  VM_Operation::evaluate()+0x47
V  [libjvm.so+0x9e8ff8]  VMThread::evaluate_operation(VM_Operation*)+0x2c8
V  [libjvm.so+0x9e9479]  VMThread::loop()+0x219
V  [libjvm.so+0x9e98c2]  VMThread::run()+0x72
V  [libjvm.so+0x849c82]  java_start(Thread*)+0xf2

VM_Operation (0x00007f3cb3bfa020): ParallelGCFailedAllocation, mode: safepoint, requested by thread 0x00007f3cb805c800


---------------  P R O C E S S  ---------------

Java Threads: ( => current thread )
  0x00007f3cb805c800 JavaThread "pool-5-thread-4" [_thread_blocked, id=3480, stack(0x00007f3cb3afb000,0x00007f3cb3bfc000)]
  0x00007f3cb805b000 JavaThread "pool-5-thread-3" [_thread_blocked, id=3479, stack(0x00007f3cb3bfc000,0x00007f3cb3cfd000)]
  0x00007f3cb805a000 JavaThread "pool-5-thread-2" [_thread_blocked, id=3478, stack(0x00007f3cb3eff000,0x00007f3cb4000000)]
  0x00007f3cb8059000 JavaThread "pool-6-thread-1" [_thread_blocked, id=3477, stack(0x00007f3cb3dfe000,0x00007f3cb3eff000)]
  0x00007f3cb8010800 JavaThread "pool-5-thread-1" [_thread_blocked, id=3476, stack(0x00007f3cb3cfd000,0x00007f3cb3dfe000)]
  0x00007f3cd8f3f800 JavaThread "pool-3-thread-1" [_thread_blocked, id=3475, stack(0x00007f3ce8096000,0x00007f3ce8197000)]
  0x00007f3cd92a0800 JavaThread "Cache update executor" [_thread_blocked, id=3454, stack(0x00007f3ce8a88000,0x00007f3ce8b89000)]
  0x00007f3cd8af3800 JavaThread "pool-2-thread-1" [_thread_blocked, id=3453, stack(0x00007f3ce9b9c000,0x00007f3ce9c9d000)]
  0x00007f3cd8d44000 JavaThread "File lock request listener" [_thread_in_native, id=3452, stack(0x00007f3cea3e0000,0x00007f3cea4e1000)]
  0x00007f3cd8c6a000 JavaThread "process reaper" daemon [_thread_blocked, id=3451, stack(0x00007f3ceab26000,0x00007f3ceab5f000)]
  0x00007f3d34cd0800 JavaThread "pool-1-thread-1" [_thread_blocked, id=3449, stack(0x00007f3ceafd8000,0x00007f3ceb0d9000)]
  0x00007f3cd8007800 JavaThread "Asynchronous log dispatcher for DefaultDaemonConnection: socket connection from /127.0.0.1:46705 to /127.0.0.1:36648" [_thread_blocked, id=3447, stack(0x00007f3ceb1da000,0x00007f3ceb2db000)]
  0x00007f3cdc008000 JavaThread "Daemon worker" [_thread_blocked, id=3444, stack(0x00007f3ceb2db000,0x00007f3ceb3dc000)]
  0x00007f3cdc006800 JavaThread "Cancel handler" [_thread_blocked, id=3443, stack(0x00007f3ceb3dc000,0x00007f3ceb4dd000)]
  0x00007f3cdc005800 JavaThread "Handler for socket connection from /127.0.0.1:46705 to /127.0.0.1:36648" [_thread_in_native, id=3442, stack(0x00007f3ceb6dd000,0x00007f3ceb7de000)]
  0x00007f3ce4015000 JavaThread "Daemon" [_thread_blocked, id=3441, stack(0x00007f3ceb7de000,0x00007f3ceb8df000)]
  0x00007f3d34c6a800 JavaThread "Incoming local TCP Connector on port 46705" [_thread_in_native, id=3440, stack(0x00007f3cebadf000,0x00007f3cebbe0000)]
  0x00007f3d340c7800 JavaThread "Service Thread" daemon [_thread_blocked, id=3438, stack(0x00007f3d2431e000,0x00007f3d2441f000)]
  0x00007f3d340bc800 JavaThread "C1 CompilerThread2" daemon [_thread_blocked, id=3437, stack(0x00007f3d2441f000,0x00007f3d24520000)]
  0x00007f3d340ba800 JavaThread "C2 CompilerThread1" daemon [_thread_in_native, id=3436, stack(0x00007f3d24520000,0x00007f3d24621000)]
  0x00007f3d340b7800 JavaThread "C2 CompilerThread0" daemon [_thread_blocked, id=3435, stack(0x00007f3d24621000,0x00007f3d24722000)]
  0x00007f3d340b6800 JavaThread "Signal Dispatcher" daemon [_thread_blocked, id=3434, stack(0x00007f3d24722000,0x00007f3d24823000)]
  0x00007f3d34083800 JavaThread "Finalizer" daemon [_thread_blocked, id=3433, stack(0x00007f3d24afb000,0x00007f3d24bfc000)]
  0x00007f3d3407f000 JavaThread "Reference Handler" daemon [_thread_blocked, id=3432, stack(0x00007f3d24bfc000,0x00007f3d24cfd000)]
  0x00007f3d3400a000 JavaThread "main" [_thread_blocked, id=3426, stack(0x00007f3d3d656000,0x00007f3d3d757000)]

Other Threads:
=>0x00007f3d34077800 VMThread [stack: 0x00007f3d24cfd000,0x00007f3d24dfe000] [id=3431]
  0x00007f3d340c9800 WatcherThread [stack: 0x00007f3d2421d000,0x00007f3d2431e000] [id=3439]

VM state:at safepoint (normal execution)

VM Mutex/Monitor currently owned by a thread:  ([mutex/lock_event])
[0x00007f3d34005df0] ExpandHeap_lock - owner thread: 0x00007f3d34077800
[0x00007f3d34006470] Threads_lock - owner thread: 0x00007f3d34077800
[0x00007f3d34006970] Heap_lock - owner thread: 0x00007f3cb805c800

Heap:
 PSYoungGen      total 349696K, used 21932K [0x00000000e0000000, 0x0000000100000000, 0x0000000100000000)
  eden space 175104K, 0% used [0x00000000e0000000,0x00000000e0000000,0x00000000eab00000)
  from space 174592K, 12% used [0x00000000eab00000,0x00000000ec06b250,0x00000000f5580000)
  to   space 174592K, 0% used [0x00000000f5580000,0x00000000f5580000,0x0000000100000000)
 ParOldGen       total 698368K, used 698107K [0x00000000a0000000, 0x00000000caa00000, 0x00000000e0000000)
  object space 698368K, 99% used [0x00000000a0000000,0x00000000ca9beee8,0x00000000caa00000)
 Metaspace       used 61624K, capacity 63398K, committed 63664K, reserved 1103872K
  class space    used 8089K, capacity 8508K, committed 8624K, reserved 1048576K

Card table byte_map: [0x00007f3d3a1e7000,0x00007f3d3a4e8000] byte_map_base: 0x00007f3d39ce7000

Marking Bits: (ParMarkBitMap*) 0x00007f3d3cb24340
 Begin Bits: [0x00007f3d15000000, 0x00007f3d16800000)
 End Bits:   [0x00007f3d16800000, 0x00007f3d18000000)

Polling page: 0x00007f3d3d776000

CodeCache: size=245760Kb used=35240Kb max_used=35240Kb free=210519Kb
 bounds [0x00007f3d25000000, 0x00007f3d272d0000, 0x00007f3d34000000]
 total_blobs=10564 nmethods=9786 adapters=690
 compilation: enabled

Compilation events (10 events):
Event: 76.730 Thread 0x00007f3d340bc800 12265       2       com.android.dx.ssa.SsaConverter::placePhiFunctions (394 bytes)
Event: 76.740 Thread 0x00007f3d340bc800 nmethod 12265 0x00007f3d272b3ed0 code [0x00007f3d272b42a0, 0x00007f3d272b5818]
Event: 76.740 Thread 0x00007f3d340bc800 12264       2       com.android.dx.util.ListIntSet$1::hasNext (23 bytes)
Event: 76.740 Thread 0x00007f3d340bc800 nmethod 12264 0x00007f3d26a465d0 code [0x00007f3d26a46740, 0x00007f3d26a468b0]
Event: 76.740 Thread 0x00007f3d340bc800 12266 %     2       com.android.dx.ssa.SsaConverter::placePhiFunctions @ 131 (394 bytes)
Event: 76.767 Thread 0x00007f3d340bc800 nmethod 12266% 0x00007f3d272b7ed0 code [0x00007f3d272b82c0, 0x00007f3d272b9b78]
Event: 76.767 Thread 0x00007f3d340bc800 12263       2       com.android.dx.util.ListIntSet$1::<init> (15 bytes)
Event: 76.767 Thread 0x00007f3d340bc800 nmethod 12263 0x00007f3d25969a10 code [0x00007f3d25969b60, 0x00007f3d25969cd0]
Event: 76.773 Thread 0x00007f3d340bc800 12267 %     2       com.android.dx.ssa.SsaConverter::placePhiFunctions @ 229 (394 bytes)
Event: 76.792 Thread 0x00007f3d340bc800 nmethod 12267% 0x00007f3d272bc490 code [0x00007f3d272bc880, 0x00007f3d272be0d8]

GC Heap History (10 events):
Event: 63.144 GC heap after
Heap after GC invocations=51 (full 7):
 PSYoungGen      total 329728K, used 136086K [0x00000000e0000000, 0x0000000100000000, 0x0000000100000000)
  eden space 175104K, 0% used [0x00000000e0000000,0x00000000e0000000,0x00000000eab00000)
  from space 154624K, 88% used [0x00000000f6900000,0x00000000fede5ad8,0x0000000100000000)
  to   space 174592K, 0% used [0x00000000eab00000,0x00000000eab00000,0x00000000f5580000)
 ParOldGen       total 500224K, used 400716K [0x00000000a0000000, 0x00000000be880000, 0x00000000e0000000)
  object space 500224K, 80% used [0x00000000a0000000,0x00000000b8753028,0x00000000be880000)
 Metaspace       used 61615K, capacity 63334K, committed 63664K, reserved 1103872K
  class space    used 8088K, capacity 8508K, committed 8624K, reserved 1048576K
}
Event: 63.723 GC heap before
{Heap before GC invocations=52 (full 7):
 PSYoungGen      total 329728K, used 311190K [0x00000000e0000000, 0x0000000100000000, 0x0000000100000000)
  eden space 175104K, 100% used [0x00000000e0000000,0x00000000eab00000,0x00000000eab00000)
  from space 154624K, 88% used [0x00000000f6900000,0x00000000fede5ad8,0x0000000100000000)
  to   space 174592K, 0% used [0x00000000eab00000,0x00000000eab00000,0x00000000f5580000)
 ParOldGen       total 500224K, used 400716K [0x00000000a0000000, 0x00000000be880000, 0x00000000e0000000)
  object space 500224K, 80% used [0x00000000a0000000,0x00000000b8753028,0x00000000be880000)
 Metaspace       used 61615K, capacity 63334K, committed 63664K, reserved 1103872K
  class space    used 8088K, capacity 8508K, committed 8624K, reserved 1048576K
Event: 63.965 GC heap after
Heap after GC invocations=52 (full 7):
 PSYoungGen      total 349696K, used 87987K [0x00000000e0000000, 0x0000000100000000, 0x0000000100000000)
  eden space 175104K, 0% used [0x00000000e0000000,0x00000000e0000000,0x00000000eab00000)
  from space 174592K, 50% used [0x00000000eab00000,0x00000000f00ece98,0x00000000f5580000)
  to   space 174592K, 0% used [0x00000000f5580000,0x00000000f5580000,0x0000000100000000)
 ParOldGen       total 500224K, used 473902K [0x00000000a0000000, 0x00000000be880000, 0x00000000e0000000)
  object space 500224K, 94% used [0x00000000a0000000,0x00000000bcecba18,0x00000000be880000)
 Metaspace       used 61615K, capacity 63334K, committed 63664K, reserved 1103872K
  class space    used 8088K, capacity 8508K, committed 8624K, reserved 1048576K
}
Event: 63.965 GC heap before
{Heap before GC invocations=53 (full 8):
 PSYoungGen      total 349696K, used 87987K [0x00000000e0000000, 0x0000000100000000, 0x0000000100000000)
  eden space 175104K, 0% used [0x00000000e0000000,0x00000000e0000000,0x00000000eab00000)
  from space 174592K, 50% used [0x00000000eab00000,0x00000000f00ece98,0x00000000f5580000)
  to   space 174592K, 0% used [0x00000000f5580000,0x00000000f5580000,0x0000000100000000)
 ParOldGen       total 500224K, used 473902K [0x00000000a0000000, 0x00000000be880000, 0x00000000e0000000)
  object space 500224K, 94% used [0x00000000a0000000,0x00000000bcecba18,0x00000000be880000)
 Metaspace       used 61615K, capacity 63334K, committed 63664K, reserved 1103872K
  class space    used 8088K, capacity 8508K, committed 8624K, reserved 1048576K
Event: 68.712 GC heap after
Heap after GC invocations=53 (full 8):
 PSYoungGen      total 349696K, used 60081K [0x00000000e0000000, 0x0000000100000000, 0x0000000100000000)
  eden space 175104K, 0% used [0x00000000e0000000,0x00000000e0000000,0x00000000eab00000)
  from space 174592K, 34% used [0x00000000eab00000,0x00000000ee5ac698,0x00000000f5580000)
  to   space 174592K, 0% used [0x00000000f5580000,0x00000000f5580000,0x0000000100000000)
 ParOldGen       total 698368K, used 499995K [0x00000000a0000000, 0x00000000caa00000, 0x00000000e0000000)
  object space 698368K, 71% used [0x00000000a0000000,0x00000000be846d18,0x00000000caa00000)
 Metaspace       used 61615K, capacity 63334K, committed 63664K, reserved 1103872K
  class space    used 8088K, capacity 8508K, committed 8624K, reserved 1048576K
}
Event: 76.111 GC heap before
{Heap before GC invocations=54 (full 8):
 PSYoungGen      total 349696K, used 235185K [0x00000000e0000000, 0x0000000100000000, 0x0000000100000000)
  eden space 175104K, 100% used [0x00000000e0000000,0x00000000eab00000,0x00000000eab00000)
  from space 174592K, 34% used [0x00000000eab00000,0x00000000ee5ac698,0x00000000f5580000)
  to   space 174592K, 0% used [0x00000000f5580000,0x00000000f5580000,0x0000000100000000)
 ParOldGen       total 698368K, used 499995K [0x00000000a0000000, 0x00000000caa00000, 0x00000000e0000000)
  object space 698368K, 71% used [0x00000000a0000000,0x00000000be846d18,0x00000000caa00000)
 Metaspace       used 61616K, capacity 63398K, committed 63664K, reserved 1103872K
  class space    used 8088K, capacity 8508K, committed 8624K, reserved 1048576K
Event: 76.530 GC heap after
Heap after GC invocations=54 (full 8):
 PSYoungGen      total 349696K, used 114714K [0x00000000e0000000, 0x0000000100000000, 0x0000000100000000)
  eden space 175104K, 0% used [0x00000000e0000000,0x00000000e0000000,0x00000000eab00000)
  from space 174592K, 65% used [0x00000000f5580000,0x00000000fc586ad0,0x0000000100000000)
  to   space 174592K, 0% used [0x00000000eab00000,0x00000000eab00000,0x00000000f5580000)
 ParOldGen       total 698368K, used 535944K [0x00000000a0000000, 0x00000000caa00000, 0x00000000e0000000)
  object space 698368K, 76% used [0x00000000a0000000,0x00000000c0b62180,0x00000000caa00000)
 Metaspace       used 61616K, capacity 63398K, committed 63664K, reserved 1103872K
  class space    used 8088K, capacity 8508K, committed 8624K, reserved 1048576K
}
Event: 76.862 GC heap before
{Heap before GC invocations=55 (full 8):
 PSYoungGen      total 349696K, used 289818K [0x00000000e0000000, 0x0000000100000000, 0x0000000100000000)
  eden space 175104K, 100% used [0x00000000e0000000,0x00000000eab00000,0x00000000eab00000)
  from space 174592K, 65% used [0x00000000f5580000,0x00000000fc586ad0,0x0000000100000000)
  to   space 174592K, 0% used [0x00000000eab00000,0x00000000eab00000,0x00000000f5580000)
 ParOldGen       total 698368K, used 535944K [0x00000000a0000000, 0x00000000caa00000, 0x00000000e0000000)
  object space 698368K, 76% used [0x00000000a0000000,0x00000000c0b62180,0x00000000caa00000)
 Metaspace       used 61624K, capacity 63398K, committed 63664K, reserved 1103872K
  class space    used 8089K, capacity 8508K, committed 8624K, reserved 1048576K
Event: 77.157 GC heap after
Heap after GC invocations=55 (full 8):
 PSYoungGen      total 349696K, used 75931K [0x00000000e0000000, 0x0000000100000000, 0x0000000100000000)
  eden space 175104K, 0% used [0x00000000e0000000,0x00000000e0000000,0x00000000eab00000)
  from space 174592K, 43% used [0x00000000eab00000,0x00000000ef526f98,0x00000000f5580000)
  to   space 174592K, 0% used [0x00000000f5580000,0x00000000f5580000,0x0000000100000000)
 ParOldGen       total 698368K, used 649770K [0x00000000a0000000, 0x00000000caa00000, 0x00000000e0000000)
  object space 698368K, 93% used [0x00000000a0000000,0x00000000c7a8ab98,0x00000000caa00000)
 Metaspace       used 61624K, capacity 63398K, committed 63664K, reserved 1103872K
  class space    used 8089K, capacity 8508K, committed 8624K, reserved 1048576K
}
Event: 77.157 GC heap before
{Heap before GC invocations=56 (full 9):
 PSYoungGen      total 349696K, used 75931K [0x00000000e0000000, 0x0000000100000000, 0x0000000100000000)
  eden space 175104K, 0% used [0x00000000e0000000,0x00000000e0000000,0x00000000eab00000)
  from space 174592K, 43% used [0x00000000eab00000,0x00000000ef526f98,0x00000000f5580000)
  to   space 174592K, 0% used [0x00000000f5580000,0x00000000f5580000,0x0000000100000000)
 ParOldGen       total 698368K, used 649770K [0x00000000a0000000, 0x00000000caa00000, 0x00000000e0000000)
  object space 698368K, 93% used [0x00000000a0000000,0x00000000c7a8ab98,0x00000000caa00000)
 Metaspace       used 61624K, capacity 63398K, committed 63664K, reserved 1103872K
  class space    used 8089K, capacity 8508K, committed 8624K, reserved 1048576K

Deoptimization events (10 events):
Event: 60.926 Thread 0x00007f3cb8010800 Uncommon trap: reason=unstable_if action=reinterpret pc=0x00007f3d2718461c method=com.android.dx.dex.code.RopTranslator.outputBlock(Lcom/android/dx/rop/code/BasicBlock;I)V @ 140
Event: 61.703 Thread 0x00007f3cb805a000 Uncommon trap: reason=unstable_if action=reinterpret pc=0x00007f3d26eeba00 method=com.android.dx.rop.code.LocalItem.compareHandlesNulls(Lcom/android/dx/rop/cst/CstString;Lcom/android/dx/rop/cst/CstString;)I @ 8
Event: 62.648 Thread 0x00007f3cb805c800 Uncommon trap: reason=unstable_if action=reinterpret pc=0x00007f3d271c5b2c method=com.android.dx.cf.code.Ropper.processBlock(Lcom/android/dx/cf/code/ByteBlock;Lcom/android/dx/cf/code/Frame;[I)V @ 513
Event: 76.653 Thread 0x00007f3cb8010800 Uncommon trap: reason=predicate action=maybe_recompile pc=0x00007f3d26efa4dc method=com.android.dx.ssa.DomFront.run()[Lcom/android/dx/ssa/DomFront$DomInfo; @ 32
Event: 76.664 Thread 0x00007f3cb8010800 Uncommon trap: reason=unstable_if action=reinterpret pc=0x00007f3d253a6ae4 method=com.android.dx.ssa.SetFactory.makeDomFrontSet(I)Lcom/android/dx/util/IntSet; @ 4
Event: 76.710 Thread 0x00007f3cb805a000 Uncommon trap: reason=predicate action=maybe_recompile pc=0x00007f3d26efa4dc method=com.android.dx.ssa.DomFront.run()[Lcom/android/dx/ssa/DomFront$DomInfo; @ 32
Event: 76.729 Thread 0x00007f3cb8010800 Uncommon trap: reason=class_check action=maybe_recompile pc=0x00007f3d271a1dd4 method=com.android.dx.ssa.SsaConverter.placePhiFunctions(Lcom/android/dx/ssa/SsaMethod;Lcom/android/dx/ssa/LocalVariableInfo;I)V @ 257
Event: 76.730 Thread 0x00007f3cb8010800 Uncommon trap: reason=class_check action=maybe_recompile pc=0x00007f3d271a1dd4 method=com.android.dx.ssa.SsaConverter.placePhiFunctions(Lcom/android/dx/ssa/SsaMethod;Lcom/android/dx/ssa/LocalVariableInfo;I)V @ 257
Event: 76.731 Thread 0x00007f3cb8010800 Uncommon trap: reason=class_check action=maybe_recompile pc=0x00007f3d271a1dd4 method=com.android.dx.ssa.SsaConverter.placePhiFunctions(Lcom/android/dx/ssa/SsaMethod;Lcom/android/dx/ssa/LocalVariableInfo;I)V @ 257
Event: 76.732 Thread 0x00007f3cb8010800 Uncommon trap: reason=class_check action=maybe_recompile pc=0x00007f3d271a1dd4 method=com.android.dx.ssa.SsaConverter.placePhiFunctions(Lcom/android/dx/ssa/SsaMethod;Lcom/android/dx/ssa/LocalVariableInfo;I)V @ 257

Internal exceptions (10 events):
Event: 23.044 Thread 0x00007f3cdc008000 Exception <a 'java/lang/NoSuchMethodError': <clinit>> (0x00000000e1e1c380) thrown at [/ssd/Android/AOSP-openjdk/external/jetbrains/jdk/hotspot/src/share/vm/prims/jni.cpp, line 1613]
Event: 23.045 Thread 0x00007f3cdc008000 Exception <a 'java/lang/NoSuchMethodError': <clinit>> (0x00000000e1e1e000) thrown at [/ssd/Android/AOSP-openjdk/external/jetbrains/jdk/hotspot/src/share/vm/prims/jni.cpp, line 1613]
Event: 27.531 Thread 0x00007f3cdc008000 Implicit null exception at 0x00007f3d266e7612 to 0x00007f3d266e8c1d
Event: 32.277 Thread 0x00007f3cd92a0800 Exception <a 'java/lang/NoSuchMethodError': <clinit>> (0x00000000e55098d0) thrown at [/ssd/Android/AOSP-openjdk/external/jetbrains/jdk/hotspot/src/share/vm/prims/jni.cpp, line 1613]
Event: 41.450 Thread 0x00007f3cb805c800 Implicit null exception at 0x00007f3d26b7f062 to 0x00007f3d26b7f15b
Event: 41.536 Thread 0x00007f3cb805b000 Implicit null exception at 0x00007f3d26b747fe to 0x00007f3d26b75729
Event: 41.911 Thread 0x00007f3cb805c800 Implicit null exception at 0x00007f3d26b78564 to 0x00007f3d26b79149
Event: 42.201 Thread 0x00007f3cb805a000 Implicit null exception at 0x00007f3d26c4ba4d to 0x00007f3d26c4bc29
Event: 47.387 Thread 0x00007f3cb805b000 Implicit null exception at 0x00007f3d26a696d4 to 0x00007f3d26a69f01
Event: 61.703 Thread 0x00007f3cb805a000 Implicit null exception at 0x00007f3d26eeae91 to 0x00007f3d26eeb9d9

Events (10 events):
Event: 76.731 Thread 0x00007f3cb8010800 DEOPT PACKING pc=0x00007f3d271a1dd4 sp=0x00007f3cb3dfc1c0
Event: 76.731 Thread 0x00007f3cb8010800 DEOPT UNPACKING pc=0x00007f3d25004f69 sp=0x00007f3cb3dfc1b8 mode 2
Event: 76.732 Thread 0x00007f3cb8010800 Uncommon trap: trap_request=0xffffffde fr.pc=0x00007f3d271a1dd4
Event: 76.732 Thread 0x00007f3cb8010800 DEOPT PACKING pc=0x00007f3d271a1dd4 sp=0x00007f3cb3dfc1c0
Event: 76.732 Thread 0x00007f3cb8010800 DEOPT UNPACKING pc=0x00007f3d25004f69 sp=0x00007f3cb3dfc1b8 mode 2
Event: 76.764 Thread 0x00007f3cd8f3f800 DEOPT PACKING pc=0x00007f3d26caafdf sp=0x00007f3ce8194350
Event: 76.764 Thread 0x00007f3cd8f3f800 DEOPT UNPACKING pc=0x00007f3d25047373 sp=0x00007f3ce8194180 mode 0
Event: 76.797 Thread 0x00007f3cd8f3f800 DEOPT PACKING pc=0x00007f3d26d111f9 sp=0x00007f3ce81944c0
Event: 76.797 Thread 0x00007f3cd8f3f800 DEOPT UNPACKING pc=0x00007f3d25047373 sp=0x00007f3ce8194320 mode 0
Event: 76.855 Executing VM operation: ParallelGCFailedAllocation


Dynamic libraries:
00400000-00401000 r-xp 00000000 08:07 1201464                            /home/chivu/Downloads/android-studio-p/jre/bin/java
00600000-00601000 r--p 00000000 08:07 1201464                            /home/chivu/Downloads/android-studio-p/jre/bin/java
00601000-00602000 rw-p 00001000 08:07 1201464                            /home/chivu/Downloads/android-studio-p/jre/bin/java
00c50000-00cde000 rw-p 00000000 00:00 0                                  [heap]
a0000000-caa00000 rw-p 00000000 00:00 0 
d9a80000-e0000000 ---p 00000000 00:00 0 
e0000000-100000000 rw-p 00000000 00:00 0 
100000000-10086c000 rw-p 00000000 00:00 0 
10086c000-140000000 ---p 00000000 00:00 0 
7f3c9c000000-7f3c9c07f000 rw-p 00000000 00:00 0 
7f3c9c07f000-7f3ca0000000 ---p 00000000 00:00 0 
7f3ca4000000-7f3ca4021000 rw-p 00000000 00:00 0 
7f3ca4021000-7f3ca8000000 ---p 00000000 00:00 0 
7f3ca8000000-7f3ca8076000 rw-p 00000000 00:00 0 
7f3ca8076000-7f3cac000000 ---p 00000000 00:00 0 
7f3cac000000-7f3cac048000 rw-p 00000000 00:00 0 
7f3cac048000-7f3cb0000000 ---p 00000000 00:00 0 
7f3cb38fb000-7f3cb3abb000 rw-p 00000000 00:00 0 
7f3cb3abb000-7f3cb3afb000 ---p 00000000 00:00 0 
7f3cb3afb000-7f3cb3afe000 ---p 00000000 00:00 0 
7f3cb3afe000-7f3cb3bfc000 rw-p 00000000 00:00 0 
7f3cb3bfc000-7f3cb3bff000 ---p 00000000 00:00 0 
7f3cb3bff000-7f3cb3cfd000 rw-p 00000000 00:00 0 
7f3cb3cfd000-7f3cb3d00000 ---p 00000000 00:00 0 
7f3cb3d00000-7f3cb3dfe000 rw-p 00000000 00:00 0 
7f3cb3dfe000-7f3cb3e01000 ---p 00000000 00:00 0 
7f3cb3e01000-7f3cb3eff000 rw-p 00000000 00:00 0 
7f3cb3eff000-7f3cb3f02000 ---p 00000000 00:00 0 
7f3cb3f02000-7f3cb4000000 rw-p 00000000 00:00 0 
7f3cb4000000-7f3cb402d000 rw-p 00000000 00:00 0 
7f3cb402d000-7f3cb8000000 ---p 00000000 00:00 0 
7f3cb8000000-7f3cb8220000 rw-p 00000000 00:00 0 
7f3cb8220000-7f3cbc000000 ---p 00000000 00:00 0 
7f3cbc000000-7f3cbc021000 rw-p 00000000 00:00 0 
7f3cbc021000-7f3cc0000000 ---p 00000000 00:00 0 
7f3cc0000000-7f3cc0021000 rw-p 00000000 00:00 0 
7f3cc0021000-7f3cc4000000 ---p 00000000 00:00 0 
7f3cc4000000-7f3cc4021000 rw-p 00000000 00:00 0 
7f3cc4021000-7f3cc8000000 ---p 00000000 00:00 0 
7f3cc8000000-7f3cc8021000 rw-p 00000000 00:00 0 
7f3cc8021000-7f3ccc000000 ---p 00000000 00:00 0 
7f3ccc000000-7f3ccc021000 rw-p 00000000 00:00 0 
7f3ccc021000-7f3cd0000000 ---p 00000000 00:00 0 
7f3cd0000000-7f3cd0021000 rw-p 00000000 00:00 0 
7f3cd0021000-7f3cd4000000 ---p 00000000 00:00 0 
7f3cd4000000-7f3cd4021000 rw-p 00000000 00:00 0 
7f3cd4021000-7f3cd8000000 ---p 00000000 00:00 0 
7f3cd8000000-7f3cd93f9000 rw-p 00000000 00:00 0 
7f3cd93f9000-7f3cdc000000 ---p 00000000 00:00 0 
7f3cdc000000-7f3cdc021000 rw-p 00000000 00:00 0 
7f3cdc021000-7f3ce0000000 ---p 00000000 00:00 0 
7f3ce0000000-7f3ce0021000 rw-p 00000000 00:00 0 
7f3ce0021000-7f3ce4000000 ---p 00000000 00:00 0 
7f3ce4000000-7f3ce4075000 rw-p 00000000 00:00 0 
7f3ce4075000-7f3ce8000000 ---p 00000000 00:00 0 
7f3ce8096000-7f3ce8099000 ---p 00000000 00:00 0 
7f3ce8099000-7f3ce8397000 rw-p 00000000 00:00 0 
7f3ce8397000-7f3ce8597000 rw-p 00000000 00:00 0 
7f3ce85c2000-7f3ce8688000 r--s 008d6000 08:07 2143686                    /home/chivu/Desktop/newsApp/app/build/intermediates/transforms/jarMerging/debug/jars/1/1f/combined.jar
7f3ce8688000-7f3ce8888000 rw-p 00000000 00:00 0 
7f3ce8888000-7f3ce8a88000 rw-p 00000000 00:00 0 
7f3ce8a88000-7f3ce8a8b000 ---p 00000000 00:00 0 
7f3ce8a8b000-7f3ce8d89000 rw-p 00000000 00:00 0 
7f3ce8d89000-7f3ce8f89000 rw-p 00000000 00:00 0 
7f3ce8f89000-7f3ce9189000 rw-p 00000000 00:00 0 
7f3ce9189000-7f3ce9389000 rw-p 00000000 00:00 0 
7f3ce9389000-7f3ce939c000 r--s 00344000 08:07 1201558                    /home/chivu/Downloads/android-studio-p/jre/jre/lib/resources.jar
7f3ce939c000-7f3ce959c000 rw-p 00000000 00:00 0 
7f3ce959c000-7f3ce979c000 rw-p 00000000 00:00 0 
7f3ce979c000-7f3ce999c000 rw-p 00000000 00:00 0 
7f3ce999c000-7f3ce9b9c000 rw-p 00000000 00:00 0 
7f3ce9b9c000-7f3ce9b9f000 ---p 00000000 00:00 0 
7f3ce9b9f000-7f3ce9e9d000 rw-p 00000000 00:00 0 
7f3ce9e9d000-7f3ce9e9e000 r--s 00001000 08:07 1094992                    /home/chivu/.gradle/caches/jars-2/cmhx5eetujk7j30d3nllwxyrlnugzjw/annotations-25.3.3.jar
7f3ce9e9e000-7f3ce9ea6000 r--s 000a8000 08:07 932893                     /home/chivu/.gradle/caches/jars-2/lp0h431tl0554nh1vx6zomcvteflkp/lombok-ast-0.2.3.jar
7f3ce9ea6000-7f3ce9eba000 r--s 000b4000 08:07 139376                     /home/chivu/.gradle/caches/jars-2/hgvw6szzawm3evod5l2d6iutfug31w0/uast-162.2228.14.jar
7f3ce9eba000-7f3ce9ebc000 r--s 0000d000 08:07 932889                     /home/chivu/.gradle/caches/jars-2/7pwz1bowgakb1eux9ezb56jlturgsyi/commons-codec-1.4.jar
7f3ce9ebc000-7f3ce9ebe000 r--s 0000d000 08:07 932887                     /home/chivu/.gradle/caches/jars-2/9dj1m0eyooi5qt13735vz8fpkl3cnfy/commons-logging-1.1.1.jar
7f3ce9ebe000-7f3ce9ec3000 r--s 00028000 08:07 932885                     /home/chivu/.gradle/caches/jars-2/62lv0fe9b3xbqe57f6ljy5upwi7mf6k/httpcore-4.1.jar
7f3ce9ec3000-7f3ce9ec7000 r--s 0002f000 08:07 932883                     /home/chivu/.gradle/caches/jars-2/gsg5n52frsvw6sx0swqqe2hwijwdcf0/jimfs-1.1.jar
7f3ce9ec7000-7f3ce9ec8000 r--s 00004000 08:07 932881                     /home/chivu/.gradle/caches/jars-2/lxs252id0979odjrerlctkb26c2vj95/annotations-12.0.jar
7f3ce9ec8000-7f3ce9ec9000 r--s 00004000 08:07 932879                     /home/chivu/.gradle/caches/jars-2/9kn99dr0rulyl67sct1ephwcop56l61/asm-analysis-5.0.4.jar
7f3ce9ec9000-7f3ce9ecd000 r--s 00040000 08:07 1094991                    /home/chivu/.gradle/caches/jars-2/ccvn7yglm4blceovs70fngoac1eyn4f/lint-api-25.3.3.jar
7f3ce9ecd000-7f3ce9ece000 r--s 0000a000 08:07 932875                     /home/chivu/.gradle/caches/jars-2/nwyg9io65lv6jvmwit2wq82xnnxd7ia/kxml2-2.3.0.jar
7f3ce9ece000-7f3ce9ed0000 r--s 00005000 08:07 932873                     /home/chivu/.gradle/caches/jars-2/i6hc1uuj8e9ck59slmzdyz78ydn8sr6/httpmime-4.1.jar
7f3ce9ed0000-7f3ce9ed8000 r--s 0004e000 08:07 932871                     /home/chivu/.gradle/caches/jars-2/7503wa5irssz0xxahv1xb82p2dl7rr2/httpclient-4.1.1.jar
7f3ce9ed8000-7f3ce9edf000 r--s 00053000 08:07 932869                     /home/chivu/.gradle/caches/jars-2/jgkfvs4eqggj7qsyw1f5d3up57hanj1/commons-compress-1.8.1.jar
7f3ce9edf000-7f3ce9ee4000 r--s 0002a000 08:07 932867                     /home/chivu/.gradle/caches/jars-2/je8f027qcr1z1egw08byp1ybxbp9kko/gson-2.2.4.jar
7f3ce9ee4000-7f3ce9ee9000 r--s 0002e000 08:07 1094990                    /home/chivu/.gradle/caches/jars-2/s427p2wh0tfza0xa8qijgx107eeevyl/repository-25.3.3.jar
7f3ce9ee9000-7f3ce9eeb000 r--s 00006000 08:07 1094989                    /home/chivu/.gradle/caches/jars-2/e2s952s6co8tps89l80r4riixwqo2oe/dvlib-25.3.3.jar
7f3ce9eeb000-7f3ce9eed000 r--s 00013000 08:07 1094883                    /home/chivu/.gradle/caches/jars-2/s02k517nvrh8cbp2c8dz4slqska6dj9/layoutlib-api-25.3.3.jar
7f3ce9eed000-7f3ce9ef2000 r--s 00058000 08:07 932859                     /home/chivu/.gradle/caches/jars-2/st159835qgxm0l87oqrnhayxos4lc1n/asm-debug-all-5.0.1.jar
7f3ce9ef2000-7f3ce9f02000 r--s 000d5000 08:07 932857                     /home/chivu/.gradle/caches/jars-2/qzf32gp9kej4w4hlbabft6tplu74cj3/proguard-base-5.3.2.jar
7f3ce9f02000-7f3ce9f05000 r--s 00033000 08:07 932855                     /home/chivu/.gradle/caches/jars-2/nz9sndmr8b4xbj4xulkaciy5kdbyfiz/juniversalchardet-1.0.3.jar
7f3ce9f05000-7f3ce9f09000 r--s 0002a000 08:07 932853                     /home/chivu/.gradle/caches/jars-2/krbpn9xjn1qymukyx8cc5l799ty1v3h/commons-io-2.4.jar
7f3ce9f09000-7f3ce9f20000 r--s 00154000 08:07 932851                     /home/chivu/.gradle/caches/jars-2/sfeivjswzitn6n0fnjx3ueszz8gv8o1/antlr4-4.5.3.jar
7f3ce9f20000-7f3ce9f22000 r--s 00002000 08:07 1094881                    /home/chivu/.gradle/caches/jars-2/rh2ip1x2zziz26tr3qzudtz088pqsb2/baseLibrary-2.3.3.jar
7f3ce9f22000-7f3ce9f4d000 r--s 001fc000 08:07 932847                     /home/chivu/.gradle/caches/jars-2/nxjrjftly2xksl8o0wqgivu5netfu2x/guava-18.0.jar
7f3ce9f4d000-7f3ce9f60000 r--s 00241000 08:07 932845                     /home/chivu/.gradle/caches/jars-2/9yuekvg4qerfitq3xec0iyckuw3hwaq/ecj-4.6.1.jar
7f3ce9f60000-7f3ce9f67000 r--s 000d9000 08:07 1094862                    /home/chivu/.gradle/caches/jars-2/ak89aa8liqmr44u7r08njntn6oehe0z/lint-checks-25.3.3.jar
7f3ce9f67000-7f3ce9f69000 r--s 00006000 08:07 932841                     /home/chivu/.gradle/caches/jars-2/6phgj9ki3jl3p5epzkqoo8pr6kur40b/asm-tree-5.0.4.jar
7f3ce9f69000-7f3ce9f9c000 r--s 00203000 08:07 932839                     /home/chivu/.gradle/caches/jars-2/hj0bfvxu9cq7hkwmecvp0kg137or3hh/bcprov-jdk15on-1.48.jar
7f3ce9f9c000-7f3ce9faa000 r--s 00081000 08:07 932837                     /home/chivu/.gradle/caches/jars-2/4r7xli0tz94y0wfjrdyjxlxar3g1pb9/bcpkix-jdk15on-1.48.jar
7f3ce9faa000-7f3ce9fac000 r--s 00002000 08:07 932835                     /home/chivu/.gradle/caches/jars-2/f32bh5uivuf69ecz2j8hl96ksnqdh7v/javawriter-2.5.0.jar
7f3ce9fac000-7f3ce9fae000 r--s 00004000 08:07 1094861                    /home/chivu/.gradle/caches/jars-2/j6s1upogkwo00sygdsekzj4fx0i75uy/tracker-25.3.3.jar
7f3ce9fae000-7f3ce9faf000 r--s 00005000 08:07 1094860                    /home/chivu/.gradle/caches/jars-2/4svya0t1s9wyo35ycd3atidsaoo6w7e/shared-25.3.3.jar
7f3ce9faf000-7f3ce9fbd000 r--s 00147000 08:07 1094859                    /home/chivu/.gradle/caches/jars-2/qx6695c5ocd9swxv7wqtxor3plyb4b7/protos-25.3.3.jar
7f3ce9fbd000-7f3ce9fbe000 r--s 00001000 08:07 139356                     /home/chivu/.gradle/caches/jars-2/bqo69msswbvaagsh45hf1tq02v21sml/jill-api-0.10.0.jar
7f3ce9fbe000-7f3ce9fc4000 r--s 0004a000 08:07 1094853                    /home/chivu/.gradle/caches/jars-2/euoqfzf5y1sibp9ul8mcz0wovj380eo/ddmlib-25.3.3.jar
7f3ce9fc4000-7f3ce9fc7000 r--s 00022000 08:07 1094848                    /home/chivu/.gradle/caches/jars-2/a81bg2yxzmumashablwecaj0ksz6tmj/manifest-merger-25.3.3.jar
7f3ce9fc7000-7f3ce9fca000 r--s 0001c000 08:07 1094847                    /home/chivu/.gradle/caches/jars-2/l6cnyee1vojrkkbpp6qwgpf30shmrja/common-25.3.3.jar
7f3ce9fca000-7f3ce9fd3000 r--s 00089000 08:07 1094417                    /home/chivu/.gradle/caches/jars-2/m0t6h8af70sdgxvkj522jy01i14mnb8/sdk-common-25.3.3.jar
7f3ce9fd3000-7f3ce9fdd000 r--s 00098000 08:07 1094415                    /home/chivu/.gradle/caches/jars-2/28c9ykhc782k8jmlrnbnccai34hziki/sdklib-25.3.3.jar
7f3ce9fdd000-7f3ce9fe0000 r--s 00006000 08:07 1094385                    /home/chivu/.gradle/caches/jars-2/omk02asobup8sgd6qxom3ej5bg94z2r/builder-model-2.3.3.jar
7f3ce9fe0000-7f3cea1e0000 rw-p 00000000 00:00 0 
7f3cea1e0000-7f3cea3e0000 rw-p 00000000 00:00 0 
7f3cea3e0000-7f3cea3e3000 ---p 00000000 00:00 0 
7f3cea3e3000-7f3cea6e1000 rw-p 00000000 00:00 0 
7f3cea6e1000-7f3cea8e1000 rw-p 00000000 00:00 0 
7f3cea8e1000-7f3ceaae1000 rw-p 00000000 00:00 0 
7f3ceaae1000-7f3ceaae3000 r--s 00003000 08:07 139354                     /home/chivu/.gradle/caches/jars-2/7pldadygbci34ql8thws797g29k1uhh/jack-api-0.13.0.jar
7f3ceaae3000-7f3ceaaf2000 r--s 00130000 08:07 932809                     /home/chivu/.gradle/caches/jars-2/cr6zkqpx14lor9zdtmo49qpc7y8r8p4/protobuf-java-3.0.0.jar
7f3ceaaf2000-7f3ceaaf4000 r--s 0000f000 08:07 932807                     /home/chivu/.gradle/caches/jars-2/rvfyugrlu5tbpz51p98og0qsxamjq4k/jopt-simple-4.9.jar
7f3ceaaf4000-7f3ceaaf8000 r--s 0001f000 08:07 932805                     /home/chivu/.gradle/caches/jars-2/nq3fzqkrrm37ob61z4iu5qdbh368uat/org.jacoco.report-0.7.5.201505241946.jar
7f3ceaaf8000-7f3ceaafc000 r--s 0001d000 08:07 932803                     /home/chivu/.gradle/caches/jars-2/3kxkmcckmk40ron92zhbm0qjo9l4bkl/org.jacoco.core-0.7.5.201505241946.jar
7f3ceaafc000-7f3ceaafe000 r--s 00002000 08:07 932801                     /home/chivu/.gradle/caches/jars-2/m4m0pzb4gmaeh0in5g2xc4bxeuwt828/proguard-gradle-5.3.2.jar
7f3ceaafe000-7f3ceab00000 r--s 00009000 08:07 932799                     /home/chivu/.gradle/caches/jars-2/ajvcvdu66lc9e3tvvipxtuq48i9bbkc/asm-commons-5.0.4.jar
7f3ceab00000-7f3ceab02000 r--s 0000c000 08:07 932797                     /home/chivu/.gradle/caches/jars-2/1laz1ygmxoc408r7nwqs1q8uk8r236d/asm-5.0.4.jar
7f3ceab02000-7f3ceab07000 r--s 0002c000 08:07 1094383                    /home/chivu/.gradle/caches/jars-2/3mlasgi8oo9o7oa12526198jui9zmp2/compilerCommon-2.3.3.jar
7f3ceab07000-7f3ceab26000 r--s 001ca000 08:07 1094310                    /home/chivu/.gradle/caches/jars-2/5fwyvjq1ai8mdh1mluqxidj1wo7rls8/gradle-core-2.3.3.jar
7f3ceab26000-7f3ceab29000 ---p 00000000 00:00 0 
7f3ceab29000-7f3cead5f000 rw-p 00000000 00:00 0 
7f3cead5f000-7f3ceadd8000 r--s 010ed000 08:07 1201473                    /home/chivu/Downloads/android-studio-p/jre/lib/tools.jar
7f3ceadd8000-7f3ceafd8000 rw-p 00000000 00:00 0 
7f3ceafd8000-7f3ceafdb000 ---p 00000000 00:00 0 
7f3ceafdb000-7f3ceb0d9000 rw-p 00000000 00:00 0 
7f3ceb0d9000-7f3ceb0dc000 ---p 00000000 00:00 0 
7f3ceb0dc000-7f3ceb1da000 rw-p 00000000 00:00 0 
7f3ceb1da000-7f3ceb1dd000 ---p 00000000 00:00 0 
7f3ceb1dd000-7f3ceb2db000 rw-p 00000000 00:00 0 
7f3ceb2db000-7f3ceb2de000 ---p 00000000 00:00 0 
7f3ceb2de000-7f3ceb3dc000 rw-p 00000000 00:00 0 
7f3ceb3dc000-7f3ceb3df000 ---p 00000000 00:00 0 
7f3ceb3df000-7f3ceb6dd000 rw-p 00000000 00:00 0 
7f3ceb6dd000-7f3ceb6e0000 ---p 00000000 00:00 0 
7f3ceb6e0000-7f3ceb7de000 rw-p 00000000 00:00 0 
7f3ceb7de000-7f3ceb7e1000 ---p 00000000 00:00 0 
7f3ceb7e1000-7f3cebadf000 rw-p 00000000 00:00 0 
7f3cebadf000-7f3cebae2000 ---p 00000000 00:00 0 
7f3cebae2000-7f3cebbe0000 rw-p 00000000 00:00 0 
7f3cebbe0000-7f3cebbe9000 r-xp 00000000 08:07 1201548                    /home/chivu/Downloads/android-studio-p/jre/jre/lib/amd64/libmanagement.so
7f3cebbe9000-7f3cebde8000 ---p 00009000 08:07 1201548                    /home/chivu/Downloads/android-studio-p/jre/jre/lib/amd64/libmanagement.so
7f3cebde8000-7f3cebde9000 r--p 00008000 08:07 1201548                    /home/chivu/Downloads/android-studio-p/jre/jre/lib/amd64/libmanagement.so
7f3cebde9000-7f3cebdea000 rw-p 00009000 08:07 1201548                    /home/chivu/Downloads/android-studio-p/jre/jre/lib/amd64/libmanagement.so
7f3cebdea000-7f3cebe00000 r-xp 00000000 08:07 529479                     /lib/x86_64-linux-gnu/libgcc_s.so.1
7f3cebe00000-7f3cebfff000 ---p 00016000 08:07 529479                     /lib/x86_64-linux-gnu/libgcc_s.so.1
7f3cebfff000-7f3cec000000 rw-p 00015000 08:07 529479                     /lib/x86_64-linux-gnu/libgcc_s.so.1
7f3cec000000-7f3cec021000 rw-p 00000000 00:00 0 
7f3cec021000-7f3cf0000000 ---p 00000000 00:00 0 
7f3cf0000000-7f3cf0021000 rw-p 00000000 00:00 0 
7f3cf0021000-7f3cf4000000 ---p 00000000 00:00 0 
7f3cf4000000-7f3cf642c000 rw-p 00000000 00:00 0 
7f3cf642c000-7f3cf8000000 ---p 00000000 00:00 0 
7f3cf8000000-7f3cf8eab000 rw-p 00000000 00:00 0 
7f3cf8eab000-7f3cfc000000 ---p 00000000 00:00 0 
7f3cfc000000-7f3cfc021000 rw-p 00000000 00:00 0 
7f3cfc021000-7f3d00000000 ---p 00000000 00:00 0 
7f3d00000000-7f3d01f80000 rw-p 00000000 00:00 0 
7f3d01f80000-7f3d04000000 ---p 00000000 00:00 0 
7f3d04000000-7f3d04021000 rw-p 00000000 00:00 0 
7f3d04021000-7f3d08000000 ---p 00000000 00:00 0 
7f3d08000000-7f3d08021000 rw-p 00000000 00:00 0 
7f3d08021000-7f3d0c000000 ---p 00000000 00:00 0 
7f3d0c000000-7f3d0c2a8000 rw-p 00000000 00:00 0 
7f3d0c2a8000-7f3d10000000 ---p 00000000 00:00 0 
7f3d10000000-7f3d1011c000 rw-p 00000000 00:00 0 
7f3d1011c000-7f3d14000000 ---p 00000000 00:00 0 
7f3d14000000-7f3d14001000 r--s 00002000 08:07 1094389                    /home/chivu/.gradle/caches/jars-2/4dod7a1p5hoai4v37pxbcg65bbahvg2/builder-test-api-2.3.3.jar
7f3d14001000-7f3d14002000 r--s 00002000 08:07 1094379                    /home/chivu/.gradle/caches/jars-2/73l309uzm0ila7rdaaxteq0ng4ayf2y/gradle-api-2.3.3.jar
7f3d14002000-7f3d14003000 r--s 00000000 08:07 139334                     /home/chivu/.gradle/caches/jars-2/tlyajppf8woug00g686fx5mchf8iv3o/transform-api-2.0.0-deprecated-use-gradle-api.jar
7f3d14003000-7f3d14008000 r--s 0005e000 08:07 1094349                    /home/chivu/.gradle/caches/jars-2/k2xtosjt0in0zj7mpwvctw6iznt93uh/lint-25.3.3.jar
7f3d14008000-7f3d1401e000 r--s 00163000 08:07 1094347                    /home/chivu/.gradle/caches/jars-2/nyg71b5n2lzymmwh5vbtmvjiby07k4g/builder-2.3.3.jar
7f3d1401e000-7f3d14020000 r--s 00007000 08:07 266240                     /home/chivu/.gradle/caches/modules-2/files-2.1/com.google.gms/google-services/3.1.0/166ae4e6acd03b7bbebe221ffa54bc039fece1b9/google-services-3.1.0.jar
7f3d14020000-7f3d14022000 r--s 0000d000 08:07 1094266                    /home/chivu/.gradle/caches/jars-2/mel54vauze7hczg2p6nebauqz8s53sj/gradle-2.3.3.jar
7f3d14022000-7f3d14023000 r--p 00000000 00:00 0 
7f3d14023000-7f3d1402a000 r--s 00000000 08:07 1590595                    /usr/lib/x86_64-linux-gnu/gconv/gconv-modules.cache
7f3d1402a000-7f3d1402f000 r--s 00098000 08:07 1201512                    /home/chivu/Downloads/android-studio-p/jre/jre/lib/jsse.jar
7f3d1402f000-7f3d14031000 r--s 00007000 08:07 1189108                    /home/chivu/.gradle/wrapper/dists/gradle-3.3-all/55gk2rcmfc6p2dg9u9ohc3hw9/gradle-3.3/lib/plugins/gradle-tooling-api-builders-3.3.jar
7f3d14031000-7f3d14034000 r--s 00009000 08:07 1189101                    /home/chivu/.gradle/wrapper/dists/gradle-3.3-all/55gk2rcmfc6p2dg9u9ohc3hw9/gradle-3.3/lib/plugins/gradle-testing-native-3.3.jar
7f3d14034000-7f3d1403a000 r--s 00033000 08:07 1189176                    /home/chivu/.gradle/wrapper/dists/gradle-3.3-all/55gk2rcmfc6p2dg9u9ohc3hw9/gradle-3.3/lib/plugins/snakeyaml-1.6.jar
7f3d1403a000-7f3d1403c000 r--s 00006000 08:07 1189175                    /home/chivu/.gradle/wrapper/dists/gradle-3.3-all/55gk2rcmfc6p2dg9u9ohc3hw9/gradle-3.3/lib/plugins/jcommander-1.12.jar
7f3d1403c000-7f3d14041000 r--s 00040000 08:07 1189174                    /home/chivu/.gradle/wrapper/dists/gradle-3.3-all/55gk2rcmfc6p2dg9u9ohc3hw9/gradle-3.3/lib/plugins/bsh-2.0b4.jar
7f3d14041000-7f3d14043000 r--s 00009000 08:07 1189182                    /home/chivu/.gradle/wrapper/dists/gradle-3.3-all/55gk2rcmfc6p2dg9u9ohc3hw9/gradle-3.3/lib/plugins/hamcrest-core-1.3.jar
7f3d14043000-7f3d1404c000 r--s 00089000 08:07 1189133                    /home/chivu/.gradle/wrapper/dists/gradle-3.3-all/55gk2rcmfc6p2dg9u9ohc3hw9/gradle-3.3/lib/plugins/testng-6.3.1.jar
7f3d1404c000-7f3d14054000 r--s 00045000 08:07 1189132                    /home/chivu/.gradle/wrapper/dists/gradle-3.3-all/55gk2rcmfc6p2dg9u9ohc3hw9/gradle-3.3/lib/plugins/junit-4.12.jar
7f3d14054000-7f3d1405a000 r--s 0002e000 08:07 1189102                    /home/chivu/.gradle/wrapper/dists/gradle-3.3-all/55gk2rcmfc6p2dg9u9ohc3hw9/gradle-3.3/lib/plugins/gradle-testing-jvm-3.3.jar
7f3d1405a000-7f3d1405e000 r--s 00016000 08:07 1189100                    /home/chivu/.gradle/wrapper/dists/gradle-3.3-all/55gk2rcmfc6p2dg9u9ohc3hw9/gradle-3.3/lib/plugins/gradle-testing-base-3.3.jar
7f3d1405e000-7f3d14065000 r--s 00038000 08:07 1189127                    /home/chivu/.gradle/wrapper/dists/gradle-3.3-all/55gk2rcmfc6p2dg9u9ohc3hw9/gradle-3.3/lib/plugins/bcpg-jdk15on-1.51.jar
7f3d14065000-7f3d14067000 r--s 0000c000 08:07 1189079                    /home/chivu/.gradle/wrapper/dists/gradle-3.3-all/55gk2rcmfc6p2dg9u9ohc3hw9/gradle-3.3/lib/plugins/gradle-signing-3.3.jar
7f3d14067000-7f3d14069000 r--s 00007000 08:07 1189078                    /home/chivu/.gradle/wrapper/dists/gradle-3.3-all/55gk2rcmfc6p2dg9u9ohc3hw9/gradle-3.3/lib/plugins/gradle-scala-3.3.jar
7f3d14069000-7f3d1406a000 r--s 00004000 08:07 1189106                    /home/chivu/.gradle/wrapper/dists/gradle-3.3-all/55gk2rcmfc6p2dg9u9ohc3hw9/gradle-3.3/lib/plugins/gradle-resources-sftp-3.3.jar
7f3d1406a000-7f3d1407a000 r--s 00088000 08:07 1189143                    /home/chivu/.gradle/wrapper/dists/gradle-3.3-all/55gk2rcmfc6p2dg9u9ohc3hw9/gradle-3.3/lib/plugins/joda-time-2.8.2.jar
7f3d1407a000-7f3d1408b000 r--s 0010d000 08:07 1189142                    /home/chivu/.gradle/wrapper/dists/gradle-3.3-all/55gk2rcmfc6p2dg9u9ohc3hw9/gradle-3.3/lib/plugins/jackson-databind-2.6.6.jar
7f3d1408b000-7f3d1408e000 r--s 00009000 08:07 1189141                    /home/chivu/.gradle/wrapper/dists/gradle-3.3-all/55gk2rcmfc6p2dg9u9ohc3hw9/gradle-3.3/lib/plugins/jackson-annotations-2.6.6.jar
7f3d1408e000-7f3d14092000 r--s 0003c000 08:07 1189140                    /home/chivu/.gradle/wrapper/dists/gradle-3.3-all/55gk2rcmfc6p2dg9u9ohc3hw9/gradle-3.3/lib/plugins/jackson-core-2.6.6.jar
7f3d14092000-7f3d140a0000 r--s 00087000 08:07 1189139                    /home/chivu/.gradle/wrapper/dists/gradle-3.3-all/55gk2rcmfc6p2dg9u9ohc3hw9/gradle-3.3/lib/plugins/aws-java-sdk-core-1.11.6.jar
7f3d140a0000-7f3d140a7000 r--s 00057000 08:07 1189138                    /home/chivu/.gradle/wrapper/dists/gradle-3.3-all/55gk2rcmfc6p2dg9u9ohc3hw9/gradle-3.3/lib/plugins/aws-java-sdk-kms-1.11.6.jar
7f3d140a7000-7f3d140b4000 r--s 0008e000 08:07 1189137                    /home/chivu/.gradle/wrapper/dists/gradle-3.3-all/55gk2rcmfc6p2dg9u9ohc3hw9/gradle-3.3/lib/plugins/aws-java-sdk-s3-1.11.6.jar
7f3d140b4000-7f3d140b6000 r--s 00004000 08:07 1189107                    /home/chivu/.gradle/wrapper/dists/gradle-3.3-all/55gk2rcmfc6p2dg9u9ohc3hw9/gradle-3.3/lib/plugins/gradle-resources-s3-3.3.jar
7f3d140b6000-7f3d140b8000 r--s 00005000 08:07 1189131                    /home/chivu/.gradle/wrapper/dists/gradle-3.3-all/55gk2rcmfc6p2dg9u9ohc3hw9/gradle-3.3/lib/plugins/jatl-0.2.2.jar
7f3d140b8000-7f3d140ba000 r--s 0000f000 08:07 1189084                    /home/chivu/.gradle/wrapper/dists/gradle-3.3-all/55gk2rcmfc6p2dg9u9ohc3hw9/gradle-3.3/lib/plugins/gradle-reporting-3.3.jar
7f3d140ba000-7f3d140bc000 r--s 00002000 08:07 1189085                    /home/chivu/.gradle/wrapper/dists/gradle-3.3-all/55gk2rcmfc6p2dg9u9ohc3hw9/gradle-3.3/lib/plugins/gradle-publish-3.3.jar
7f3d140bc000-7f3d140be000 r--s 00009000 08:07 1189114                    /home/chivu/.gradle/wrapper/dists/gradle-3.3-all/55gk2rcmfc6p2dg9u9ohc3hw9/gradle-3.3/lib/plugins/commons-cli-1.2.jar
7f3d140be000-7f3d140c4000 r--s 00031000 08:07 1189070                    /home/chivu/.gradle/wrapper/dists/gradle-3.3-all/55gk2rcmfc6p2dg9u9ohc3hw9/gradle-3.3/lib/plugins/gradle-plugins-3.3.jar
7f3d140c4000-7f3d140c6000 r--s 00009000 08:07 1189103                    /home/chivu/.gradle/wrapper/dists/gradle-3.3-all/55gk2rcmfc6p2dg9u9ohc3hw9/gradle-3.3/lib/plugins/gradle-plugin-development-3.3.jar
7f3d140c6000-7f3d140cc000 r--s 0002b000 08:07 1189096                    /home/chivu/.gradle/wrapper/dists/gradle-3.3-all/55gk2rcmfc6p2dg9u9ohc3hw9/gradle-3.3/lib/plugins/gradle-platform-play-3.3.jar
7f3d140cc000-7f3d140da000 r--s 00055000 08:07 1189095                    /home/chivu/.gradle/wrapper/dists/gradle-3.3-all/55gk2rcmfc6p2dg9u9ohc3hw9/gradle-3.3/lib/plugins/gradle-platform-native-3.3.jar
7f3d140da000-7f3d140df000 r--s 0001f000 08:07 1189090                    /home/chivu/.gradle/wrapper/dists/gradle-3.3-all/55gk2rcmfc6p2dg9u9ohc3hw9/gradle-3.3/lib/plugins/gradle-platform-jvm-3.3.jar
7f3d140df000-7f3d140e7000 r--s 00027000 08:07 1189089                    /home/chivu/.gradle/wrapper/dists/gradle-3.3-all/55gk2rcmfc6p2dg9u9ohc3hw9/gradle-3.3/lib/plugins/gradle-platform-base-3.3.jar
7f3d140e7000-7f3d1410f000 r--s 0021c000 08:07 1189122                    /home/chivu/.gradle/wrapper/dists/gradle-3.3-all/55gk2rcmfc6p2dg9u9ohc3hw9/gradle-3.3/lib/plugins/biz.aQute.bndlib-3.2.0.jar
7f3d1410f000-7f3d14111000 r--s 00003000 08:07 1189074                    /home/chivu/.gradle/wrapper/dists/gradle-3.3-all/55gk2rcmfc6p2dg9u9ohc3hw9/gradle-3.3/lib/plugins/gradle-osgi-3.3.jar
7f3d14111000-7f3d14114000 r--s 0000c000 08:07 1189125                    /home/chivu/.gradle/wrapper/dists/gradle-3.3-all/55gk2rcmfc6p2dg9u9ohc3hw9/gradle-3.3/lib/plugins/pmaven-groovy-0.8-20100325.jar
7f3d14114000-7f3d14115000 r--s 00004000 08:07 1189124                    /home/chivu/.gradle/wrapper/dists/gradle-3.3-all/55gk2rcmfc6p2dg9u9ohc3hw9/gradle-3.3/lib/plugins/pmaven-common-0.8-20100325.jar
7f3d14115000-7f3d1411b000 r--s 00023000 08:07 1189075                    /home/chivu/.gradle/wrapper/dists/gradle-3.3-all/55gk2rcmfc6p2dg9u9ohc3hw9/gradle-3.3/lib/plugins/gradle-maven-3.3.jar
7f3d1411b000-7f3d1411e000 r--s 0000b000 08:07 1189094                    /home/chivu/.gradle/wrapper/dists/gradle-3.3-all/55gk2rcmfc6p2dg9u9ohc3hw9/gradle-3.3/lib/plugins/gradle-language-scala-3.3.jar
7f3d1411e000-7f3d14124000 r--s 0001a000 08:07 1189098                    /home/chivu/.gradle/wrapper/dists/gradle-3.3-all/55gk2rcmfc6p2dg9u9ohc3hw9/gradle-3.3/lib/plugins/gradle-language-native-3.3.jar
7f3d14124000-7f3d14127000 r--s 00005000 08:07 1189091                    /home/chivu/.gradle/wrapper/dists/gradle-3.3-all/55gk2rcmfc6p2dg9u9ohc3hw9/gradle-3.3/lib/plugins/gradle-language-jvm-3.3.jar
7f3d14127000-7f3d1412d000 r--s 00027000 08:07 1189092                    /home/chivu/.gradle/wrapper/dists/gradle-3.3-all/55gk2rcmfc6p2dg9u9ohc3hw9/gradle-3.3/lib/plugins/gradle-language-java-3.3.jar
7f3d1412d000-7f3d1412f000 r--s 0000a000 08:07 1189093                    /home/chivu/.gradle/wrapper/dists/gradle-3.3-all/55gk2rcmfc6p2dg9u9ohc3hw9/gradle-3.3/lib/plugins/gradle-language-groovy-3.3.jar
7f3d1412f000-7f3d14132000 r--s 0001e000 08:07 1189149                    /home/chivu/.gradle/wrapper/dists/gradle-3.3-all/55gk2rcmfc6p2dg9u9ohc3hw9/gradle-3.3/lib/plugins/jsp-api-2.1-6.1.14.jar
7f3d14132000-7f3d14155000 r--s 00344000 08:07 1189148                    /home/chivu/.gradle/wrapper/dists/gradle-3.3-all/55gk2rcmfc6p2dg9u9ohc3hw9/gradle-3.3/lib/plugins/core-3.1.1.jar
7f3d14155000-7f3d14156000 r--s 00006000 08:07 1189147                    /home/chivu/.gradle/wrapper/dists/gradle-3.3-all/55gk2rcmfc6p2dg9u9ohc3hw9/gradle-3.3/lib/plugins/jetty-naming-6.1.26.jar
7f3d14156000-7f3d14157000 r--s 00002000 08:07 1189121                    /home/chivu/.gradle/wrapper/dists/gradle-3.3-all/55gk2rcmfc6p2dg9u9ohc3hw9/gradle-3.3/lib/plugins/geronimo-annotation_1.0_spec-1.0.jar
7f3d14157000-7f3d14159000 r--s 00002000 08:07 1189120                    /home/chivu/.gradle/wrapper/dists/gradle-3.3-all/55gk2rcmfc6p2dg9u9ohc3hw9/gradle-3.3/lib/plugins/jetty-annotations-6.1.26.jar
7f3d14159000-7f3d1416a000 r--s 000ea000 08:07 1189119                    /home/chivu/.gradle/wrapper/dists/gradle-3.3-all/55gk2rcmfc6p2dg9u9ohc3hw9/gradle-3.3/lib/plugins/jsp-2.1-6.1.14.jar
7f3d1416a000-7f3d1416c000 r--s 0000d000 08:07 1189118                    /home/chivu/.gradle/wrapper/dists/gradle-3.3-all/55gk2rcmfc6p2dg9u9ohc3hw9/gradle-3.3/lib/plugins/jetty-plus-6.1.26.jar
7f3d1416c000-7f3d1416e000 r--s 0001f000 08:07 1189117                    /home/chivu/.gradle/wrapper/dists/gradle-3.3-all/55gk2rcmfc6p2dg9u9ohc3hw9/gradle-3.3/lib/plugins/servlet-api-2.5-20081211.jar
7f3d1416e000-7f3d14172000 r--s 00028000 08:07 1189116                    /home/chivu/.gradle/wrapper/dists/gradle-3.3-all/55gk2rcmfc6p2dg9u9ohc3hw9/gradle-3.3/lib/plugins/jetty-util-6.1.26.jar
7f3d14172000-7f3d14179000 r--s 0007d000 08:07 1189115                    /home/chivu/.gradle/wrapper/dists/gradle-3.3-all/55gk2rcmfc6p2dg9u9ohc3hw9/gradle-3.3/lib/plugins/jetty-6.1.26.jar
7f3d14179000-7f3d1417b000 r--s 0000a000 08:07 1189072                    /home/chivu/.gradle/wrapper/dists/gradle-3.3-all/55gk2rcmfc6p2dg9u9ohc3hw9/gradle-3.3/lib/plugins/gradle-jetty-3.3.jar
7f3d1417b000-7f3d14182000 r--s 00035000 08:07 1189130                    /home/chivu/.gradle/wrapper/dists/gradle-3.3-all/55gk2rcmfc6p2dg9u9ohc3hw9/gradle-3.3/lib/plugins/simple-4.1.21.jar
7f3d14182000-7f3d1418e000 r--s 00100000 08:07 1189128                    /home/chivu/.gradle/wrapper/dists/gradle-3.3-all/55gk2rcmfc6p2dg9u9ohc3hw9/gradle-3.3/lib/plugins/rhino-1.7R3.jar
7f3d1418e000-7f3d14192000 r--s 00012000 08:07 1189081                    /home/chivu/.gradle/wrapper/dists/gradle-3.3-all/55gk2rcmfc6p2dg9u9ohc3hw9/gradle-3.3/lib/plugins/gradle-javascript-3.3.jar
7f3d14192000-7f3d14194000 r--s 0000d000 08:07 1189087                    /home/chivu/.gradle/wrapper/dists/gradle-3.3-all/55gk2rcmfc6p2dg9u9ohc3hw9/gradle-3.3/lib/plugins/gradle-jacoco-3.3.jar
7f3d14194000-7f3d14197000 r--s 0000e000 08:07 1189086                    /home/chivu/.gradle/wrapper/dists/gradle-3.3-all/55gk2rcmfc6p2dg9u9ohc3hw9/gradle-3.3/lib/plugins/gradle-ivy-3.3.jar
7f3d14197000-7f3d14198000 r--s 00002000 08:07 1189097                    /home/chivu/.gradle/wrapper/dists/gradle-3.3-all/55gk2rcmfc6p2dg9u9ohc3hw9/gradle-3.3/lib/plugins/gradle-ide-play-3.3.jar
7f3d14198000-7f3d1419b000 r--s 00013000 08:07 1189099                    /home/chivu/.gradle/wrapper/dists/gradle-3.3-all/55gk2rcmfc6p2dg9u9ohc3hw9/gradle-3.3/lib/plugins/gradle-ide-native-3.3.jar
7f3d1419b000-7f3d141a4000 r--s 00055000 08:07 1189076                    /home/chivu/.gradle/wrapper/dists/gradle-3.3-all/55gk2rcmfc6p2dg9u9ohc3hw9/gradle-3.3/lib/plugins/gradle-ide-3.3.jar
7f3d141a4000-7f3d141aa000 r--s 00039000 08:07 1189083                    /home/chivu/.gradle/wrapper/dists/gradle-3.3-all/55gk2rcmfc6p2dg9u9ohc3hw9/gradle-3.3/lib/plugins/gradle-diagnostics-3.3.jar
7f3d141aa000-7f3d141ae000 r--s 00023000 08:07 1189071                    /home/chivu/.gradle/wrapper/dists/gradle-3.3-all/55gk2rcmfc6p2dg9u9ohc3hw9/gradle-3.3/lib/plugins/gradle-code-quality-3.3.jar
7f3d141ae000-7f3d141b2000 r--s 00022000 08:07 1189088                    /home/chivu/.gradle/wrapper/dists/gradle-3.3-all/55gk2rcmfc6p2dg9u9ohc3hw9/gradle-3.3/lib/plugins/gradle-build-init-3.3.jar
7f3d141b2000-7f3d141b8000 r--s 0008e000 08:07 1189082                    /home/chivu/.gradle/wrapper/dists/gradle-3.3-all/55gk2rcmfc6p2dg9u9ohc3hw9/gradle-3.3/lib/plugins/gradle-build-comparison-3.3.jar
7f3d141b8000-7f3d1432a000 r-xp 00000000 08:07 1312856                    /usr/lib/x86_64-linux-gnu/libstdc++.so.6.0.21
7f3d1432a000-7f3d1452a000 ---p 00172000 08:07 1312856                    /usr/lib/x86_64-linux-gnu/libstdc++.so.6.0.21
7f3d1452a000-7f3d14534000 r--p 00172000 08:07 1312856                    /usr/lib/x86_64-linux-gnu/libstdc++.so.6.0.21
7f3d14534000-7f3d14536000 rw-p 0017c000 08:07 1312856                    /usr/lib/x86_64-linux-gnu/libstdc++.so.6.0.21
7f3d14536000-7f3d1453a000 rw-p 00000000 00:00 0 
7f3d1453a000-7f3d1453f000 r-xp 00000000 08:07 932602                     /home/chivu/.gradle/native/23/linux-amd64/libnative-platform.so
7f3d1453f000-7f3d1473e000 ---p 00005000 08:07 932602                     /home/chivu/.gradle/native/23/linux-amd64/libnative-platform.so
7f3d1473e000-7f3d1473f000 rw-p 00004000 08:07 932602                     /home/chivu/.gradle/native/23/linux-amd64/libnative-platform.so
7f3d1473f000-7f3d14750000 r-xp 00000000 08:07 1201545                    /home/chivu/Downloads/android-studio-p/jre/jre/lib/amd64/libnio.so
7f3d14750000-7f3d1494f000 ---p 00011000 08:07 1201545                    /home/chivu/Downloads/android-studio-p/jre/jre/lib/amd64/libnio.so
7f3d1494f000-7f3d14950000 r--p 00010000 08:07 1201545                    /home/chivu/Downloads/android-studio-p/jre/jre/lib/amd64/libnio.so
7f3d14950000-7f3d14951000 rw-p 00011000 08:07 1201545                    /home/chivu/Downloads/android-studio-p/jre/jre/lib/amd64/libnio.so
7f3d14951000-7f3d14c52000 rw-p 00000000 00:00 0 
7f3d14c52000-7f3d14c69000 r-xp 00000000 08:07 1201544                    /home/chivu/Downloads/android-studio-p/jre/jre/lib/amd64/libnet.so
7f3d14c69000-7f3d14e68000 ---p 00017000 08:07 1201544                    /home/chivu/Downloads/android-studio-p/jre/jre/lib/amd64/libnet.so
7f3d14e68000-7f3d14e69000 r--p 00016000 08:07 1201544                    /home/chivu/Downloads/android-studio-p/jre/jre/lib/amd64/libnet.so
7f3d14e69000-7f3d14e6a000 rw-p 00017000 08:07 1201544                    /home/chivu/Downloads/android-studio-p/jre/jre/lib/amd64/libnet.so
7f3d14e6a000-7f3d15000000 r--s 0157e000 08:07 1189010                    /home/chivu/.gradle/wrapper/dists/gradle-3.3-all/55gk2rcmfc6p2dg9u9ohc3hw9/gradle-3.3/lib/kotlin-compiler-embeddable-1.1-M02.jar
7f3d15000000-7f3d18000000 rw-p 00000000 00:00 0 
7f3d18000000-7f3d1802e000 rw-p 00000000 00:00 0 
7f3d1802e000-7f3d1c000000 ---p 00000000 00:00 0 
7f3d1c000000-7f3d1c03a000 rw-p 00000000 00:00 0 
7f3d1c03a000-7f3d20000000 ---p 00000000 00:00 0 
7f3d20000000-7f3d20134000 rw-p 00000000 00:00 0 
7f3d20134000-7f3d24000000 ---p 00000000 00:00 0 
7f3d24000000-7f3d24002000 r--s 00007000 08:07 1189080                    /home/chivu/.gradle/wrapper/dists/gradle-3.3-all/55gk2rcmfc6p2dg9u9ohc3hw9/gradle-3.3/lib/plugins/gradle-ear-3.3.jar
7f3d24002000-7f3d24003000 r--s 00009000 08:07 1189109                    /home/chivu/.gradle/wrapper/dists/gradle-3.3-all/55gk2rcmfc6p2dg9u9ohc3hw9/gradle-3.3/lib/plugins/gradle-composite-builds-3.3.jar
7f3d24003000-7f3d24004000 r--s 00001000 08:07 1189110                    /home/chivu/.gradle/wrapper/dists/gradle-3.3-all/55gk2rcmfc6p2dg9u9ohc3hw9/gradle-3.3/lib/plugins/gradle-build-cache-http-3.3.jar
7f3d24004000-7f3d24006000 r--s 00008000 08:07 1189073                    /home/chivu/.gradle/wrapper/dists/gradle-3.3-all/55gk2rcmfc6p2dg9u9ohc3hw9/gradle-3.3/lib/plugins/gradle-antlr-3.3.jar
7f3d24006000-7f3d24008000 r--s 00004000 08:07 1189077                    /home/chivu/.gradle/wrapper/dists/gradle-3.3-all/55gk2rcmfc6p2dg9u9ohc3hw9/gradle-3.3/lib/plugins/gradle-announce-3.3.jar
7f3d24008000-7f3d24020000 r--s 00115000 08:07 1189179                    /home/chivu/.gradle/wrapper/dists/gradle-3.3-all/55gk2rcmfc6p2dg9u9ohc3hw9/gradle-3.3/lib/plugins/xercesImpl-2.9.1.jar
7f3d24020000-7f3d24028000 r--s 00028000 08:07 1189180                    /home/chivu/.gradle/wrapper/dists/gradle-3.3-all/55gk2rcmfc6p2dg9u9ohc3hw9/gradle-3.3/lib/plugins/xml-apis-1.3.04.jar
7f3d24028000-7f3d2402e000 r--s 0005b000 08:07 1189178                    /home/chivu/.gradle/wrapper/dists/gradle-3.3-all/55gk2rcmfc6p2dg9u9ohc3hw9/gradle-3.3/lib/plugins/jcifs-1.3.17.jar
7f3d2402e000-7f3d24034000 r--s 00033000 08:07 1189126                    /home/chivu/.gradle/wrapper/dists/gradle-3.3-all/55gk2rcmfc6p2dg9u9ohc3hw9/gradle-3.3/lib/plugins/commons-codec-1.6.jar
7f3d24034000-7f3d2403b000 r--s 00049000 08:07 1189177                    /home/chivu/.gradle/wrapper/dists/gradle-3.3-all/55gk2rcmfc6p2dg9u9ohc3hw9/gradle-3.3/lib/plugins/httpcore-4.4.4.jar
7f3d2403b000-7f3d2403e000 r--s 0001c000 08:07 1189135                    /home/chivu/.gradle/wrapper/dists/gradle-3.3-all/55gk2rcmfc6p2dg9u9ohc3hw9/gradle-3.3/lib/plugins/nekohtml-1.9.14.jar
7f3d2403e000-7f3d2404b000 r--s 000a4000 08:07 1189134                    /home/chivu/.gradle/wrapper/dists/gradle-3.3-all/55gk2rcmfc6p2dg9u9ohc3hw9/gradle-3.3/lib/plugins/httpclient-4.4.1.jar
7f3d2404b000-7f3d2404e000 r--s 0000a000 08:07 1189105                    /home/chivu/.gradle/wrapper/dists/gradle-3.3-all/55gk2rcmfc6p2dg9u9ohc3hw9/gradle-3.3/lib/plugins/gradle-resources-http-3.3.jar
7f3d2404e000-7f3d24052000 r--s 00015000 08:07 1189104                    /home/chivu/.gradle/wrapper/dists/gradle-3.3-all/55gk2rcmfc6p2dg9u9ohc3hw9/gradle-3.3/lib/plugins/gradle-plugin-use-3.3.jar
7f3d24052000-7f3d24053000 r--s 00000000 08:07 1189016                    /home/chivu/.gradle/wrapper/dists/gradle-3.3-all/55gk2rcmfc6p2dg9u9ohc3hw9/gradle-3.3/lib/gradle-installation-beacon-3.3.jar
7f3d24053000-7f3d24055000 r--s 00006000 08:07 1189173                    /home/chivu/.gradle/wrapper/dists/gradle-3.3-all/55gk2rcmfc6p2dg9u9ohc3hw9/gradle-3.3/lib/plugins/aether-connector-wagon-1.13.1.jar
7f3d24055000-7f3d24059000 r--s 0001c000 08:07 1189172                    /home/chivu/.gradle/wrapper/dists/gradle-3.3-all/55gk2rcmfc6p2dg9u9ohc3hw9/gradle-3.3/lib/plugins/aether-util-1.13.1.jar
7f3d24059000-7f3d2405a000 r--s 00003000 08:07 1189171                    /home/chivu/.gradle/wrapper/dists/gradle-3.3-all/55gk2rcmfc6p2dg9u9ohc3hw9/gradle-3.3/lib/plugins/aether-spi-1.13.1.jar
7f3d2405a000-7f3d2405d000 r--s 0001d000 08:07 1189170                    /home/chivu/.gradle/wrapper/dists/gradle-3.3-all/55gk2rcmfc6p2dg9u9ohc3hw9/gradle-3.3/lib/plugins/aether-impl-1.13.1.jar
7f3d2405d000-7f3d24060000 r--s 00013000 08:07 1189169                    /home/chivu/.gradle/wrapper/dists/gradle-3.3-all/55gk2rcmfc6p2dg9u9ohc3hw9/gradle-3.3/lib/plugins/aether-api-1.13.1.jar
7f3d24060000-7f3d24061000 r--s 00007000 08:07 1189168                    /home/chivu/.gradle/wrapper/dists/gradle-3.3-all/55gk2rcmfc6p2dg9u9ohc3hw9/gradle-3.3/lib/plugins/wagon-http-shared4-2.4.jar
7f3d24061000-7f3d24063000 r--s 0000b000 08:07 1189167                    /home/chivu/.gradle/wrapper/dists/gradle-3.3-all/55gk2rcmfc6p2dg9u9ohc3hw9/gradle-3.3/lib/plugins/wagon-provider-api-2.4.jar
7f3d24063000-7f3d24064000 r--s 00002000 08:07 1189166                    /home/chivu/.gradle/wrapper/dists/gradle-3.3-all/55gk2rcmfc6p2dg9u9ohc3hw9/gradle-3.3/lib/plugins/wagon-http-2.4.jar
7f3d24064000-7f3d24065000 r--s 00002000 08:07 1189165                    /home/chivu/.gradle/wrapper/dists/gradle-3.3-all/55gk2rcmfc6p2dg9u9ohc3hw9/gradle-3.3/lib/plugins/wagon-file-2.4.jar
7f3d24065000-7f3d24067000 r--s 0000c000 08:07 1189164                    /home/chivu/.gradle/wrapper/dists/gradle-3.3-all/55gk2rcmfc6p2dg9u9ohc3hw9/gradle-3.3/lib/plugins/maven-aether-provider-3.0.4.jar
7f3d24067000-7f3d24069000 r--s 0000b000 08:07 1189163                    /home/chivu/.gradle/wrapper/dists/gradle-3.3-all/55gk2rcmfc6p2dg9u9ohc3hw9/gradle-3.3/lib/plugins/maven-plugin-api-3.0.4.jar
7f3d24069000-7f3d2406b000 r--s 00006000 08:07 1189162                    /home/chivu/.gradle/wrapper/dists/gradle-3.3-all/55gk2rcmfc6p2dg9u9ohc3hw9/gradle-3.3/lib/plugins/maven-repository-metadata-3.0.4.jar
7f3d2406b000-7f3d2406d000 r--s 0000b000 08:07 1189161                    /home/chivu/.gradle/wrapper/dists/gradle-3.3-all/55gk2rcmfc6p2dg9u9ohc3hw9/gradle-3.3/lib/plugins/maven-artifact-3.0.4.jar
7f3d2406d000-7f3d2406f000 r--s 00026000 08:07 1189160                    /home/chivu/.gradle/wrapper/dists/gradle-3.3-all/55gk2rcmfc6p2dg9u9ohc3hw9/gradle-3.3/lib/plugins/maven-model-3.0.4.jar
7f3d2406f000-7f3d24073000 r--s 00021000 08:07 1189159                    /home/chivu/.gradle/wrapper/dists/gradle-3.3-all/55gk2rcmfc6p2dg9u9ohc3hw9/gradle-3.3/lib/plugins/maven-model-builder-3.0.4.jar
7f3d24073000-7f3d24079000 r--s 0003f000 08:07 1189158                    /home/chivu/.gradle/wrapper/dists/gradle-3.3-all/55gk2rcmfc6p2dg9u9ohc3hw9/gradle-3.3/lib/plugins/maven-compat-3.0.4.jar
7f3d24079000-7f3d2407a000 r--s 00006000 08:07 1189157                    /home/chivu/.gradle/wrapper/dists/gradle-3.3-all/55gk2rcmfc6p2dg9u9ohc3hw9/gradle-3.3/lib/plugins/plexus-sec-dispatcher-1.3.jar
7f3d2407a000-7f3d2407c000 r--s 00002000 08:07 1189156                    /home/chivu/.gradle/wrapper/dists/gradle-3.3-all/55gk2rcmfc6p2dg9u9ohc3hw9/gradle-3.3/lib/plugins/plexus-cipher-1.7.jar
7f3d2407c000-7f3d2407e000 r--s 0000a000 08:07 1189155                    /home/chivu/.gradle/wrapper/dists/gradle-3.3-all/55gk2rcmfc6p2dg9u9ohc3hw9/gradle-3.3/lib/plugins/plexus-classworlds-2.4.jar
7f3d2407e000-7f3d24085000 r--s 0002e000 08:07 1189154                    /home/chivu/.gradle/wrapper/dists/gradle-3.3-all/55gk2rcmfc6p2dg9u9ohc3hw9/gradle-3.3/lib/plugins/plexus-container-default-1.5.5.jar
7f3d24085000-7f3d24087000 r--s 00000000 08:07 1189181                    /home/chivu/.gradle/wrapper/dists/gradle-3.3-all/55gk2rcmfc6p2dg9u9ohc3hw9/gradle-3.3/lib/plugins/plexus-component-annotations-1.5.5.jar
7f3d24087000-7f3d24089000 r--s 0000d000 08:07 1189153                    /home/chivu/.gradle/wrapper/dists/gradle-3.3-all/55gk2rcmfc6p2dg9u9ohc3hw9/gradle-3.3/lib/plugins/plexus-interpolation-1.14.jar
7f3d24089000-7f3d2408d000 r--s 00033000 08:07 1189152                    /home/chivu/.gradle/wrapper/dists/gradle-3.3-all/55gk2rcmfc6p2dg9u9ohc3hw9/gradle-3.3/lib/plugins/plexus-utils-2.0.6.jar
7f3d2408d000-7f3d24090000 r--s 00008000 08:07 1189151                    /home/chivu/.gradle/wrapper/dists/gradle-3.3-all/55gk2rcmfc6p2dg9u9ohc3hw9/gradle-3.3/lib/plugins/maven-settings-builder-3.0.4.jar
7f3d24090000-7f3d24092000 r--s 0000a000 08:07 1189150                    /home/chivu/.gradle/wrapper/dists/gradle-3.3-all/55gk2rcmfc6p2dg9u9ohc3hw9/gradle-3.3/lib/plugins/maven-settings-3.0.4.jar
7f3d24092000-7f3d24097000 r--s 00040000 08:07 1189136                    /home/chivu/.gradle/wrapper/dists/gradle-3.3-all/55gk2rcmfc6p2dg9u9ohc3hw9/gradle-3.3/lib/plugins/jsch-0.1.53.jar
7f3d24097000-7f3d240d7000 r--s 00277000 08:07 1189146                    /home/chivu/.gradle/wrapper/dists/gradle-3.3-all/55gk2rcmfc6p2dg9u9ohc3hw9/gradle-3.3/lib/plugins/bcprov-jdk15on-1.51.jar
7f3d240d7000-7f3d240db000 r--s 0001d000 08:07 1189145                    /home/chivu/.gradle/wrapper/dists/gradle-3.3-all/55gk2rcmfc6p2dg9u9ohc3hw9/gradle-3.3/lib/plugins/xbean-reflect-3.4.jar
7f3d240db000-7f3d240e7000 r--s 0007d000 08:07 1189123                    /home/chivu/.gradle/wrapper/dists/gradle-3.3-all/55gk2rcmfc6p2dg9u9ohc3hw9/gradle-3.3/lib/plugins/maven-core-3.0.4.jar
7f3d240e7000-7f3d240ec000 r--s 00034000 08:07 1189129                    /home/chivu/.gradle/wrapper/dists/gradle-3.3-all/55gk2rcmfc6p2dg9u9ohc3hw9/gradle-3.3/lib/plugins/gson-2.7.jar
7f3d240ec000-7f3d240fb000 r--s 000d9000 08:07 1189144                    /home/chivu/.gradle/wrapper/dists/gradle-3.3-all/55gk2rcmfc6p2dg9u9ohc3hw9/gradle-3.3/lib/plugins/ivy-2.2.0.jar
7f3d240fb000-7f3d2411a000 r--s 000f6000 08:07 1189112                    /home/chivu/.gradle/wrapper/dists/gradle-3.3-all/55gk2rcmfc6p2dg9u9ohc3hw9/gradle-3.3/lib/plugins/gradle-dependency-management-3.3.jar
7f3d2411a000-7f3d2411c000 r--s 00005000 08:07 1189111                    /home/chivu/.gradle/wrapper/dists/gradle-3.3-all/55gk2rcmfc6p2dg9u9ohc3hw9/gradle-3.3/lib/plugins/gradle-workers-3.3.jar
7f3d2411c000-7f3d2411d000 r--s 00006000 08:07 1189015                    /home/chivu/.gradle/wrapper/dists/gradle-3.3-all/55gk2rcmfc6p2dg9u9ohc3hw9/gradle-3.3/lib/gradle-wrapper-3.3.jar
7f3d2411d000-7f3d2412a000 r--s 00041000 08:07 1189022                    /home/chivu/.gradle/wrapper/dists/gradle-3.3-all/55gk2rcmfc6p2dg9u9ohc3hw9/gradle-3.3/lib/gradle-tooling-api-3.3.jar
7f3d2412a000-7f3d2412c000 r--s 00002000 08:07 1189042                    /home/chivu/.gradle/wrapper/dists/gradle-3.3-all/55gk2rcmfc6p2dg9u9ohc3hw9/gradle-3.3/lib/gradle-open-api-3.3.jar
7f3d2412c000-7f3d24132000 r--s 00032000 08:07 1189044                    /home/chivu/.gradle/wrapper/dists/gradle-3.3-all/55gk2rcmfc6p2dg9u9ohc3hw9/gradle-3.3/lib/jaxen-1.1.jar
7f3d24132000-7f3d24137000 r--s 00048000 08:07 1189043                    /home/chivu/.gradle/wrapper/dists/gradle-3.3-all/55gk2rcmfc6p2dg9u9ohc3hw9/gradle-3.3/lib/dom4j-1.6.1.jar
7f3d24137000-7f3d24142000 r--s 00059000 08:07 1189021                    /home/chivu/.gradle/wrapper/dists/gradle-3.3-all/55gk2rcmfc6p2dg9u9ohc3hw9/gradle-3.3/lib/gradle-ui-3.3.jar
7f3d24142000-7f3d2414b000 r--s 0008c000 08:07 1189013                    /home/chivu/.gradle/wrapper/dists/gradle-3.3-all/55gk2rcmfc6p2dg9u9ohc3hw9/gradle-3.3/lib/kotlin-stdlib-1.1-M02.jar
7f3d2414b000-7f3d24151000 r--s 0002a000 08:07 1189012                    /home/chivu/.gradle/wrapper/dists/gradle-3.3-all/55gk2rcmfc6p2dg9u9ohc3hw9/gradle-3.3/lib/kotlin-runtime-1.1-M02.jar
7f3d24151000-7f3d24185000 r--s 00256000 08:07 1189011                    /home/chivu/.gradle/wrapper/dists/gradle-3.3-all/55gk2rcmfc6p2dg9u9ohc3hw9/gradle-3.3/lib/kotlin-reflect-1.1-M02.jar
7f3d24185000-7f3d2418d000 r--s 0004e000 08:07 1189009                    /home/chivu/.gradle/wrapper/dists/gradle-3.3-all/55gk2rcmfc6p2dg9u9ohc3hw9/gradle-3.3/lib/gradle-script-kotlin-0.5.1.jar
7f3d2418d000-7f3d24190000 r--s 0000b000 08:07 1189040                    /home/chivu/.gradle/wrapper/dists/gradle-3.3-all/55gk2rcmfc6p2dg9u9ohc3hw9/gradle-3.3/lib/gradle-resources-3.3.jar
7f3d24190000-7f3d24192000 r--s 00003000 08:07 1189049                    /home/chivu/.gradle/wrapper/dists/gradle-3.3-all/55gk2rcmfc6p2dg9u9ohc3hw9/gradle-3.3/lib/jcl-over-slf4j-1.7.10.jar
7f3d24192000-7f3d24193000 r--s 00005000 08:07 1189048                    /home/chivu/.gradle/wrapper/dists/gradle-3.3-all/55gk2rcmfc6p2dg9u9ohc3hw9/gradle-3.3/lib/log4j-over-slf4j-1.7.10.jar
7f3d24193000-7f3d24195000 r--s 00000000 08:07 1189047                    /home/chivu/.gradle/wrapper/dists/gradle-3.3-all/55gk2rcmfc6p2dg9u9ohc3hw9/gradle-3.3/lib/jul-to-slf4j-1.7.10.jar
7f3d24195000-7f3d2419a000 r--s 0001e000 08:07 1189024                    /home/chivu/.gradle/wrapper/dists/gradle-3.3-all/55gk2rcmfc6p2dg9u9ohc3hw9/gradle-3.3/lib/gradle-logging-3.3.jar
7f3d2419a000-7f3d2419c000 r--s 00007000 08:07 1189068                    /home/chivu/.gradle/wrapper/dists/gradle-3.3-all/55gk2rcmfc6p2dg9u9ohc3hw9/gradle-3.3/lib/objenesis-1.2.jar
7f3d2419c000-7f3d2419e000 r--s 00000000 08:07 1189067                    /home/chivu/.gradle/wrapper/dists/gradle-3.3-all/55gk2rcmfc6p2dg9u9ohc3hw9/gradle-3.3/lib/minlog-1.2.jar
7f3d2419e000-7f3d241a0000 r--s 0000f000 08:07 1189066                    /home/chivu/.gradle/wrapper/dists/gradle-3.3-all/55gk2rcmfc6p2dg9u9ohc3hw9/gradle-3.3/lib/reflectasm-1.07-shaded.jar
7f3d241a0000-7f3d241a4000 r--s 00026000 08:07 1189051                    /home/chivu/.gradle/wrapper/dists/gradle-3.3-all/55gk2rcmfc6p2dg9u9ohc3hw9/gradle-3.3/lib/kryo-2.20.jar
7f3d241a4000-7f3d241aa000 r--s 00027000 08:07 1189039                    /home/chivu/.gradle/wrapper/dists/gradle-3.3-all/55gk2rcmfc6p2dg9u9ohc3hw9/gradle-3.3/lib/gradle-messaging-3.3.jar
7f3d241aa000-7f3d241ab000 r--s 00001000 08:07 1189065                    /home/chivu/.gradle/wrapper/dists/gradle-3.3-all/55gk2rcmfc6p2dg9u9ohc3hw9/gradle-3.3/lib/native-platform-linux-i386-ncurses6-0.12.jar
7f3d241ab000-7f3d241ac000 r--s 00001000 08:07 1189064                    /home/chivu/.gradle/wrapper/dists/gradle-3.3-all/55gk2rcmfc6p2dg9u9ohc3hw9/gradle-3.3/lib/native-platform-linux-i386-ncurses5-0.12.jar
7f3d241ac000-7f3d241ad000 r--s 00001000 08:07 1189063                    /home/chivu/.gradle/wrapper/dists/gradle-3.3-all/55gk2rcmfc6p2dg9u9ohc3hw9/gradle-3.3/lib/native-platform-linux-amd64-ncurses6-0.12.jar
7f3d241ad000-7f3d2421d000 r--s 00641000 08:07 1189029                    /home/chivu/.gradle/wrapper/dists/gradle-3.3-all/55gk2rcmfc6p2dg9u9ohc3hw9/gradle-3.3/lib/groovy-all-2.4.7.jar
7f3d2421d000-7f3d2421e000 ---p 00000000 00:00 0 
7f3d2421e000-7f3d2431e000 rw-p 00000000 00:00 0 
7f3d2431e000-7f3d24321000 ---p 00000000 00:00 0 
7f3d24321000-7f3d2441f000 rw-p 00000000 00:00 0 
7f3d2441f000-7f3d24422000 ---p 00000000 00:00 0 
7f3d24422000-7f3d24520000 rw-p 00000000 00:00 0 
7f3d24520000-7f3d24523000 ---p 00000000 00:00 0 
7f3d24523000-7f3d24621000 rw-p 00000000 00:00 0 
7f3d24621000-7f3d24624000 ---p 00000000 00:00 0 
7f3d24624000-7f3d24722000 rw-p 00000000 00:00 0 
7f3d24722000-7f3d24725000 ---p 00000000 00:00 0 
7f3d24725000-7f3d24823000 rw-p 00000000 00:00 0 
7f3d24823000-7f3d24afb000 r--p 00000000 08:07 1311727                    /usr/lib/locale/locale-archive
7f3d24afb000-7f3d24afe000 ---p 00000000 00:00 0 
7f3d24afe000-7f3d24bfc000 rw-p 00000000 00:00 0 
7f3d24bfc000-7f3d24bff000 ---p 00000000 00:00 0 
7f3d24bff000-7f3d24cfd000 rw-p 00000000 00:00 0 
7f3d24cfd000-7f3d24cfe000 ---p 00000000 00:00 0 
7f3d24cfe000-7f3d25000000 rw-p 00000000 00:00 0 
7f3d25000000-7f3d272d0000 rwxp 00000000 00:00 0 
7f3d272d0000-7f3d34000000 ---p 00000000 00:00 0 
7f3d34000000-7f3d34cd4000 rw-p 00000000 00:00 0 
7f3d34cd4000-7f3d38000000 ---p 00000000 00:00 0 
7f3d38000000-7f3d38001000 r--s 00001000 08:07 1189062                    /home/chivu/.gradle/wrapper/dists/gradle-3.3-all/55gk2rcmfc6p2dg9u9ohc3hw9/gradle-3.3/lib/native-platform-linux-amd64-ncurses5-0.12.jar
7f3d38001000-7f3d38002000 r--s 0000b000 08:07 1189061                    /home/chivu/.gradle/wrapper/dists/gradle-3.3-all/55gk2rcmfc6p2dg9u9ohc3hw9/gradle-3.3/lib/native-platform-windows-i386-0.12.jar
7f3d38002000-7f3d38004000 r--s 0000b000 08:07 1189060                    /home/chivu/.gradle/wrapper/dists/gradle-3.3-all/55gk2rcmfc6p2dg9u9ohc3hw9/gradle-3.3/lib/native-platform-windows-amd64-0.12.jar
7f3d38004000-7f3d38006000 r--s 00002000 08:07 1189059                    /home/chivu/.gradle/wrapper/dists/gradle-3.3-all/55gk2rcmfc6p2dg9u9ohc3hw9/gradle-3.3/lib/native-platform-osx-i386-0.12.jar
7f3d38006000-7f3d38007000 r--s 00002000 08:07 1189058                    /home/chivu/.gradle/wrapper/dists/gradle-3.3-all/55gk2rcmfc6p2dg9u9ohc3hw9/gradle-3.3/lib/native-platform-osx-amd64-0.12.jar
7f3d38007000-7f3d38008000 r--s 00002000 08:07 1189057                    /home/chivu/.gradle/wrapper/dists/gradle-3.3-all/55gk2rcmfc6p2dg9u9ohc3hw9/gradle-3.3/lib/native-platform-linux-i386-0.12.jar
7f3d38008000-7f3d38009000 r--s 00002000 08:07 1189056                    /home/chivu/.gradle/wrapper/dists/gradle-3.3-all/55gk2rcmfc6p2dg9u9ohc3hw9/gradle-3.3/lib/native-platform-linux-amd64-0.12.jar
7f3d38009000-7f3d3800a000 r--s 00003000 08:07 1189055                    /home/chivu/.gradle/wrapper/dists/gradle-3.3-all/55gk2rcmfc6p2dg9u9ohc3hw9/gradle-3.3/lib/native-platform-freebsd-i386-libstdcpp-0.12.jar
7f3d3800a000-7f3d3800b000 r--s 00004000 08:07 1189054                    /home/chivu/.gradle/wrapper/dists/gradle-3.3-all/55gk2rcmfc6p2dg9u9ohc3hw9/gradle-3.3/lib/native-platform-freebsd-i386-libcpp-0.12.jar
7f3d3800b000-7f3d3800d000 r--s 00003000 08:07 1189053                    /home/chivu/.gradle/wrapper/dists/gradle-3.3-all/55gk2rcmfc6p2dg9u9ohc3hw9/gradle-3.3/lib/native-platform-freebsd-amd64-libstdcpp-0.12.jar
7f3d3800d000-7f3d3800e000 r--s 00004000 08:07 1189052                    /home/chivu/.gradle/wrapper/dists/gradle-3.3-all/55gk2rcmfc6p2dg9u9ohc3hw9/gradle-3.3/lib/native-platform-freebsd-amd64-libcpp-0.12.jar
7f3d3800e000-7f3d38011000 r--s 00023000 08:07 1189046                    /home/chivu/.gradle/wrapper/dists/gradle-3.3-all/55gk2rcmfc6p2dg9u9ohc3hw9/gradle-3.3/lib/jansi-1.14.jar
7f3d38011000-7f3d38015000 r--s 00011000 08:07 1189045                    /home/chivu/.gradle/wrapper/dists/gradle-3.3-all/55gk2rcmfc6p2dg9u9ohc3hw9/gradle-3.3/lib/native-platform-0.12.jar
7f3d38015000-7f3d38018000 r--s 0000a000 08:07 1189023                    /home/chivu/.gradle/wrapper/dists/gradle-3.3-all/55gk2rcmfc6p2dg9u9ohc3hw9/gradle-3.3/lib/gradle-native-3.3.jar
7f3d38018000-7f3d3801a000 r--s 00005000 08:07 1189020                    /home/chivu/.gradle/wrapper/dists/gradle-3.3-all/55gk2rcmfc6p2dg9u9ohc3hw9/gradle-3.3/lib/gradle-cli-3.3.jar
7f3d3801a000-7f3d3801c000 r--s 00007000 08:07 1189031                    /home/chivu/.gradle/wrapper/dists/gradle-3.3-all/55gk2rcmfc6p2dg9u9ohc3hw9/gradle-3.3/lib/gradle-model-groovy-3.3.jar
7f3d3801c000-7f3d3801e000 r--s 00006000 08:07 1189038                    /home/chivu/.gradle/wrapper/dists/gradle-3.3-all/55gk2rcmfc6p2dg9u9ohc3hw9/gradle-3.3/lib/gradle-base-services-groovy-3.3.jar
7f3d3801e000-7f3d3802d000 r--s 0007f000 08:07 1189030                    /home/chivu/.gradle/wrapper/dists/gradle-3.3-all/55gk2rcmfc6p2dg9u9ohc3hw9/gradle-3.3/lib/gradle-model-core-3.3.jar
7f3d3802d000-7f3d3802e000 r--s 00002000 08:07 1189041                    /home/chivu/.gradle/wrapper/dists/gradle-3.3-all/55gk2rcmfc6p2dg9u9ohc3hw9/gradle-3.3/lib/gradle-docs-3.3.jar
7f3d3802e000-7f3d3803b000 r--s 00083000 08:07 1189034                    /home/chivu/.gradle/wrapper/dists/gradle-3.3-all/55gk2rcmfc6p2dg9u9ohc3hw9/gradle-3.3/lib/commons-collections-3.2.2.jar
7f3d3803b000-7f3d38063000 r--s 001cf000 08:07 1189026                    /home/chivu/.gradle/wrapper/dists/gradle-3.3-all/55gk2rcmfc6p2dg9u9ohc3hw9/gradle-3.3/lib/guava-jdk5-17.0.jar
7f3d38063000-7f3d38082000 r--s 001d1000 08:07 1189033                    /home/chivu/.gradle/wrapper/dists/gradle-3.3-all/55gk2rcmfc6p2dg9u9ohc3hw9/gradle-3.3/lib/ant-1.9.6.jar
7f3d38082000-7f3d380bf000 r--s 001f8000 08:07 1189019                    /home/chivu/.gradle/wrapper/dists/gradle-3.3-all/55gk2rcmfc6p2dg9u9ohc3hw9/gradle-3.3/lib/gradle-core-3.3.jar
7f3d380bf000-7f3d38e9e000 rw-p 00000000 00:00 0 
7f3d38e9e000-7f3d3906d000 r--s 03c1b000 08:07 1201515                    /home/chivu/Downloads/android-studio-p/jre/jre/lib/rt.jar
7f3d3906d000-7f3d39be3000 rw-p 00000000 00:00 0 
7f3d39be3000-7f3d39be4000 ---p 00000000 00:00 0 
7f3d39be4000-7f3d39ce4000 rw-p 00000000 00:00 0 
7f3d39ce4000-7f3d39ce5000 ---p 00000000 00:00 0 
7f3d39ce5000-7f3d39de5000 rw-p 00000000 00:00 0 
7f3d39de5000-7f3d39de6000 ---p 00000000 00:00 0 
7f3d39de6000-7f3d39ee6000 rw-p 00000000 00:00 0 
7f3d39ee6000-7f3d39ee7000 ---p 00000000 00:00 0 
7f3d39ee7000-7f3d3a13c000 rw-p 00000000 00:00 0 
7f3d3a13c000-7f3d3a1e7000 ---p 00000000 00:00 0 
7f3d3a1e7000-7f3d3a33c000 rw-p 00000000 00:00 0 
7f3d3a33c000-7f3d3a3e7000 ---p 00000000 00:00 0 
7f3d3a3e7000-7f3d3a4e7000 rw-p 00000000 00:00 0 
7f3d3a4e7000-7f3d3a574000 rw-p 00000000 00:00 0 
7f3d3a574000-7f3d3a8a8000 ---p 00000000 00:00 0 
7f3d3a8a8000-7f3d3a8c2000 r-xp 00000000 08:07 1201530                    /home/chivu/Downloads/android-studio-p/jre/jre/lib/amd64/libzip.so
7f3d3a8c2000-7f3d3aac2000 ---p 0001a000 08:07 1201530                    /home/chivu/Downloads/android-studio-p/jre/jre/lib/amd64/libzip.so
7f3d3aac2000-7f3d3aac3000 r--p 0001a000 08:07 1201530                    /home/chivu/Downloads/android-studio-p/jre/jre/lib/amd64/libzip.so
7f3d3aac3000-7f3d3aac4000 rw-p 0001b000 08:07 1201530                    /home/chivu/Downloads/android-studio-p/jre/jre/lib/amd64/libzip.so
7f3d3aac4000-7f3d3aacf000 r-xp 00000000 08:07 541944                     /lib/x86_64-linux-gnu/libnss_files-2.23.so
7f3d3aacf000-7f3d3acce000 ---p 0000b000 08:07 541944                     /lib/x86_64-linux-gnu/libnss_files-2.23.so
7f3d3acce000-7f3d3accf000 r--p 0000a000 08:07 541944                     /lib/x86_64-linux-gnu/libnss_files-2.23.so
7f3d3accf000-7f3d3acd0000 rw-p 0000b000 08:07 541944                     /lib/x86_64-linux-gnu/libnss_files-2.23.so
7f3d3acd0000-7f3d3acd6000 rw-p 00000000 00:00 0 
7f3d3acd6000-7f3d3ace1000 r-xp 00000000 08:07 541937                     /lib/x86_64-linux-gnu/libnss_nis-2.23.so
7f3d3ace1000-7f3d3aee0000 ---p 0000b000 08:07 541937                     /lib/x86_64-linux-gnu/libnss_nis-2.23.so
7f3d3aee0000-7f3d3aee1000 r--p 0000a000 08:07 541937                     /lib/x86_64-linux-gnu/libnss_nis-2.23.so
7f3d3aee1000-7f3d3aee2000 rw-p 0000b000 08:07 541937                     /lib/x86_64-linux-gnu/libnss_nis-2.23.so
7f3d3aee2000-7f3d3aef8000 r-xp 00000000 08:07 541939                     /lib/x86_64-linux-gnu/libnsl-2.23.so
7f3d3aef8000-7f3d3b0f7000 ---p 00016000 08:07 541939                     /lib/x86_64-linux-gnu/libnsl-2.23.so
7f3d3b0f7000-7f3d3b0f8000 r--p 00015000 08:07 541939                     /lib/x86_64-linux-gnu/libnsl-2.23.so
7f3d3b0f8000-7f3d3b0f9000 rw-p 00016000 08:07 541939                     /lib/x86_64-linux-gnu/libnsl-2.23.so
7f3d3b0f9000-7f3d3b0fb000 rw-p 00000000 00:00 0 
7f3d3b0fb000-7f3d3b103000 r-xp 00000000 08:07 541946                     /lib/x86_64-linux-gnu/libnss_compat-2.23.so
7f3d3b103000-7f3d3b302000 ---p 00008000 08:07 541946                     /lib/x86_64-linux-gnu/libnss_compat-2.23.so
7f3d3b302000-7f3d3b303000 r--p 00007000 08:07 541946                     /lib/x86_64-linux-gnu/libnss_compat-2.23.so
7f3d3b303000-7f3d3b304000 rw-p 00008000 08:07 541946                     /lib/x86_64-linux-gnu/libnss_compat-2.23.so
7f3d3b304000-7f3d3b331000 r-xp 00000000 08:07 1201547                    /home/chivu/Downloads/android-studio-p/jre/jre/lib/amd64/libjava.so
7f3d3b331000-7f3d3b530000 ---p 0002d000 08:07 1201547                    /home/chivu/Downloads/android-studio-p/jre/jre/lib/amd64/libjava.so
7f3d3b530000-7f3d3b531000 r--p 0002c000 08:07 1201547                    /home/chivu/Downloads/android-studio-p/jre/jre/lib/amd64/libjava.so
7f3d3b531000-7f3d3b533000 rw-p 0002d000 08:07 1201547                    /home/chivu/Downloads/android-studio-p/jre/jre/lib/amd64/libjava.so
7f3d3b533000-7f3d3b543000 r-xp 00000000 08:07 1201520                    /home/chivu/Downloads/android-studio-p/jre/jre/lib/amd64/libverify.so
7f3d3b543000-7f3d3b742000 ---p 00010000 08:07 1201520                    /home/chivu/Downloads/android-studio-p/jre/jre/lib/amd64/libverify.so
7f3d3b742000-7f3d3b744000 r--p 0000f000 08:07 1201520                    /home/chivu/Downloads/android-studio-p/jre/jre/lib/amd64/libverify.so
7f3d3b744000-7f3d3b745000 rw-p 00011000 08:07 1201520                    /home/chivu/Downloads/android-studio-p/jre/jre/lib/amd64/libverify.so
7f3d3b745000-7f3d3b74c000 r-xp 00000000 08:07 541947                     /lib/x86_64-linux-gnu/librt-2.23.so
7f3d3b74c000-7f3d3b94b000 ---p 00007000 08:07 541947                     /lib/x86_64-linux-gnu/librt-2.23.so
7f3d3b94b000-7f3d3b94c000 r--p 00006000 08:07 541947                     /lib/x86_64-linux-gnu/librt-2.23.so
7f3d3b94c000-7f3d3b94d000 rw-p 00007000 08:07 541947                     /lib/x86_64-linux-gnu/librt-2.23.so
7f3d3b94d000-7f3d3ba55000 r-xp 00000000 08:07 541938                     /lib/x86_64-linux-gnu/libm-2.23.so
7f3d3ba55000-7f3d3bc54000 ---p 00108000 08:07 541938                     /lib/x86_64-linux-gnu/libm-2.23.so
7f3d3bc54000-7f3d3bc55000 r--p 00107000 08:07 541938                     /lib/x86_64-linux-gnu/libm-2.23.so
7f3d3bc55000-7f3d3bc56000 rw-p 00108000 08:07 541938                     /lib/x86_64-linux-gnu/libm-2.23.so
7f3d3bc56000-7f3d3c847000 r-xp 00000000 08:07 1201528                    /home/chivu/Downloads/android-studio-p/jre/jre/lib/amd64/server/libjvm.so
7f3d3c847000-7f3d3ca47000 ---p 00bf1000 08:07 1201528                    /home/chivu/Downloads/android-studio-p/jre/jre/lib/amd64/server/libjvm.so
7f3d3ca47000-7f3d3cae6000 r--p 00bf1000 08:07 1201528                    /home/chivu/Downloads/android-studio-p/jre/jre/lib/amd64/server/libjvm.so
7f3d3cae6000-7f3d3cb0f000 rw-p 00c90000 08:07 1201528                    /home/chivu/Downloads/android-studio-p/jre/jre/lib/amd64/server/libjvm.so
7f3d3cb0f000-7f3d3cb53000 rw-p 00000000 00:00 0 
7f3d3cb53000-7f3d3cb6b000 r-xp 00000000 08:07 541951                     /lib/x86_64-linux-gnu/libpthread-2.23.so
7f3d3cb6b000-7f3d3cd6a000 ---p 00018000 08:07 541951                     /lib/x86_64-linux-gnu/libpthread-2.23.so
7f3d3cd6a000-7f3d3cd6b000 r--p 00017000 08:07 541951                     /lib/x86_64-linux-gnu/libpthread-2.23.so
7f3d3cd6b000-7f3d3cd6c000 rw-p 00018000 08:07 541951                     /lib/x86_64-linux-gnu/libpthread-2.23.so
7f3d3cd6c000-7f3d3cd70000 rw-p 00000000 00:00 0 
7f3d3cd70000-7f3d3cd73000 r-xp 00000000 08:07 541936                     /lib/x86_64-linux-gnu/libdl-2.23.so
7f3d3cd73000-7f3d3cf72000 ---p 00003000 08:07 541936                     /lib/x86_64-linux-gnu/libdl-2.23.so
7f3d3cf72000-7f3d3cf73000 r--p 00002000 08:07 541936                     /lib/x86_64-linux-gnu/libdl-2.23.so
7f3d3cf73000-7f3d3cf74000 rw-p 00003000 08:07 541936                     /lib/x86_64-linux-gnu/libdl-2.23.so
7f3d3cf74000-7f3d3d133000 r-xp 00000000 08:07 541940                     /lib/x86_64-linux-gnu/libc-2.23.so
7f3d3d133000-7f3d3d333000 ---p 001bf000 08:07 541940                     /lib/x86_64-linux-gnu/libc-2.23.so
7f3d3d333000-7f3d3d337000 r--p 001bf000 08:07 541940                     /lib/x86_64-linux-gnu/libc-2.23.so
7f3d3d337000-7f3d3d339000 rw-p 001c3000 08:07 541940                     /lib/x86_64-linux-gnu/libc-2.23.so
7f3d3d339000-7f3d3d33d000 rw-p 00000000 00:00 0 
7f3d3d33d000-7f3d3d353000 r-xp 00000000 08:07 1201477                    /home/chivu/Downloads/android-studio-p/jre/lib/amd64/jli/libjli.so
7f3d3d353000-7f3d3d552000 ---p 00016000 08:07 1201477                    /home/chivu/Downloads/android-studio-p/jre/lib/amd64/jli/libjli.so
7f3d3d552000-7f3d3d553000 r--p 00015000 08:07 1201477                    /home/chivu/Downloads/android-studio-p/jre/lib/amd64/jli/libjli.so
7f3d3d553000-7f3d3d554000 rw-p 00016000 08:07 1201477                    /home/chivu/Downloads/android-studio-p/jre/lib/amd64/jli/libjli.so
7f3d3d554000-7f3d3d57a000 r-xp 00000000 08:07 541941                     /lib/x86_64-linux-gnu/ld-2.23.so
7f3d3d57a000-7f3d3d57b000 r--s 00000000 08:07 1189037                    /home/chivu/.gradle/wrapper/dists/gradle-3.3-all/55gk2rcmfc6p2dg9u9ohc3hw9/gradle-3.3/lib/javax.inject-1.jar
7f3d3d57b000-7f3d3d57c000 r--s 00000000 08:07 1189036                    /home/chivu/.gradle/wrapper/dists/gradle-3.3-all/55gk2rcmfc6p2dg9u9ohc3hw9/gradle-3.3/lib/jcip-annotations-1.0.jar
7f3d3d57c000-7f3d3d580000 r--s 00027000 08:07 1189035                    /home/chivu/.gradle/wrapper/dists/gradle-3.3-all/55gk2rcmfc6p2dg9u9ohc3hw9/gradle-3.3/lib/commons-io-2.2.jar
7f3d3d580000-7f3d3d585000 r--s 00038000 08:07 1189032                    /home/chivu/.gradle/wrapper/dists/gradle-3.3-all/55gk2rcmfc6p2dg9u9ohc3hw9/gradle-3.3/lib/asm-all-5.1.jar
7f3d3d585000-7f3d3d586000 r--s 00001000 08:07 1189028                    /home/chivu/.gradle/wrapper/dists/gradle-3.3-all/55gk2rcmfc6p2dg9u9ohc3hw9/gradle-3.3/lib/gradle-process-services-3.3.jar
7f3d3d586000-7f3d3d58b000 r--s 00041000 08:07 1189027                    /home/chivu/.gradle/wrapper/dists/gradle-3.3-all/55gk2rcmfc6p2dg9u9ohc3hw9/gradle-3.3/lib/commons-lang-2.6.jar
7f3d3d58b000-7f3d3d594000 r--s 00042000 08:07 1189017                    /home/chivu/.gradle/wrapper/dists/gradle-3.3-all/55gk2rcmfc6p2dg9u9ohc3hw9/gradle-3.3/lib/gradle-base-services-3.3.jar
7f3d3d594000-7f3d3d656000 rw-p 00000000 00:00 0 
7f3d3d656000-7f3d3d659000 ---p 00000000 00:00 0 
7f3d3d659000-7f3d3d75b000 rw-p 00000000 00:00 0 
7f3d3d75b000-7f3d3d75d000 r--s 00000000 08:07 1189018                    /home/chivu/.gradle/wrapper/dists/gradle-3.3-all/55gk2rcmfc6p2dg9u9ohc3hw9/gradle-3.3/lib/gradle-jvm-services-3.3.jar
7f3d3d75d000-7f3d3d75e000 r--s 00000000 08:07 1189183                    /home/chivu/.gradle/wrapper/dists/gradle-3.3-all/55gk2rcmfc6p2dg9u9ohc3hw9/gradle-3.3/lib/gradle-version-info-3.3.jar
7f3d3d75e000-7f3d3d75f000 r--s 00007000 08:07 1189025                    /home/chivu/.gradle/wrapper/dists/gradle-3.3-all/55gk2rcmfc6p2dg9u9ohc3hw9/gradle-3.3/lib/slf4j-api-1.7.10.jar
7f3d3d75f000-7f3d3d760000 r--s 00004000 08:07 1189050                    /home/chivu/.gradle/wrapper/dists/gradle-3.3-all/55gk2rcmfc6p2dg9u9ohc3hw9/gradle-3.3/lib/ant-launcher-1.9.6.jar
7f3d3d760000-7f3d3d76d000 r--s 0005c000 08:07 1189014                    /home/chivu/.gradle/wrapper/dists/gradle-3.3-all/55gk2rcmfc6p2dg9u9ohc3hw9/gradle-3.3/lib/gradle-launcher-3.3.jar
7f3d3d76d000-7f3d3d775000 rw-s 00000000 08:07 266273                     /tmp/hsperfdata_chivu/3423
7f3d3d775000-7f3d3d776000 rw-p 00000000 00:00 0 
7f3d3d776000-7f3d3d777000 ---p 00000000 00:00 0 
7f3d3d777000-7f3d3d779000 rw-p 00000000 00:00 0 
7f3d3d779000-7f3d3d77a000 r--p 00025000 08:07 541941                     /lib/x86_64-linux-gnu/ld-2.23.so
7f3d3d77a000-7f3d3d77b000 rw-p 00026000 08:07 541941                     /lib/x86_64-linux-gnu/ld-2.23.so
7f3d3d77b000-7f3d3d77c000 rw-p 00000000 00:00 0 
7ffc393ed000-7ffc3940e000 rw-p 00000000 00:00 0                          [stack]
7ffc39525000-7ffc39527000 r--p 00000000 00:00 0                          [vvar]
7ffc39527000-7ffc39529000 r-xp 00000000 00:00 0                          [vdso]
ffffffffff600000-ffffffffff601000 r-xp 00000000 00:00 0                  [vsyscall]

VM Arguments:
jvm_args: -Xmx1536m -Dfile.encoding=UTF-8 -Duser.country=IN -Duser.language=en -Duser.variant 
java_command: org.gradle.launcher.daemon.bootstrap.GradleDaemon 3.3
java_class_path (initial): /home/chivu/.gradle/wrapper/dists/gradle-3.3-all/55gk2rcmfc6p2dg9u9ohc3hw9/gradle-3.3/lib/gradle-launcher-3.3.jar
Launcher Type: SUN_STANDARD

Environment Variables:
JAVA_HOME=/usr/lib/jvm/java-8-oracle
PATH=/home/chivu/bin:/home/chivu/.local/bin:/usr/local/sbin:/usr/local/bin:/usr/sbin:/usr/bin:/sbin:/bin:/usr/games:/usr/local/games:/snap/bin:/usr/lib/jvm/java-8-oracle/bin:/usr/lib/jvm/java-8-oracle/db/bin:/usr/lib/jvm/java-8-oracle/jre/bin
LD_LIBRARY_PATH=/home/chivu/Downloads/android-studio-p/bin:
SHELL=/bin/bash
DISPLAY=:0

Signal Handlers:
SIGSEGV: [libjvm.so+0x9e5150], sa_mask[0]=11111111011111111101111111111110, sa_flags=SA_RESTART|SA_SIGINFO
SIGBUS: [libjvm.so+0x9e5150], sa_mask[0]=11111111011111111101111111111110, sa_flags=SA_RESTART|SA_SIGINFO
SIGFPE: [libjvm.so+0x848450], sa_mask[0]=11111111011111111101111111111110, sa_flags=SA_RESTART|SA_SIGINFO
SIGPIPE: [libjvm.so+0x848450], sa_mask[0]=11111111011111111101111111111110, sa_flags=SA_RESTART|SA_SIGINFO
SIGXFSZ: [libjvm.so+0x848450], sa_mask[0]=11111111011111111101111111111110, sa_flags=SA_RESTART|SA_SIGINFO
SIGILL: [libjvm.so+0x848450], sa_mask[0]=11111111011111111101111111111110, sa_flags=SA_RESTART|SA_SIGINFO
SIGUSR1: SIG_DFL, sa_mask[0]=00000000000000000000000000000000, sa_flags=none
SIGUSR2: [libjvm.so+0x848320], sa_mask[0]=00100000000000000000000000000000, sa_flags=SA_RESTART|SA_SIGINFO
SIGHUP: [libjvm.so+0x848510], sa_mask[0]=11111111011111111101111111111110, sa_flags=SA_RESTART|SA_SIGINFO
SIGINT: [libjvm.so+0x848510], sa_mask[0]=11111111011111111101111111111110, sa_flags=SA_RESTART|SA_SIGINFO
SIGTERM: [libjvm.so+0x848510], sa_mask[0]=11111111011111111101111111111110, sa_flags=SA_RESTART|SA_SIGINFO
SIGQUIT: [libjvm.so+0x848510], sa_mask[0]=11111111011111111101111111111110, sa_flags=SA_RESTART|SA_SIGINFO


---------------  S Y S T E M  ---------------

OS:DISTRIB_ID=Ubuntu
DISTRIB_RELEASE=16.04
DISTRIB_CODENAME=xenial
DISTRIB_DESCRIPTION="Ubuntu 16.04.2 LTS"

uname:Linux 4.4.0-79-generic #100-Ubuntu SMP Wed May 17 19:58:14 UTC 2017 x86_64
libc:glibc 2.23 NPTL 2.23 
rlimit: STACK 8192k, CORE 0k, NPROC 15361, NOFILE 65536, AS infinity
load average:5.56 3.13 2.23

/proc/meminfo:
MemTotal:        3972820 kB
MemFree:          137708 kB
MemAvailable:     121920 kB
Buffers:           33300 kB
Cached:           268700 kB
SwapCached:           72 kB
Active:          2588488 kB
Inactive:        1081068 kB
Active(anon):    2504384 kB
Inactive(anon):  1001868 kB
Active(file):      84104 kB
Inactive(file):    79200 kB
Unevictable:         136 kB
Mlocked:             136 kB
SwapTotal:          1020 kB
SwapFree:              0 kB
Dirty:              1936 kB
Writeback:             0 kB
AnonPages:       3368148 kB
Mapped:            91472 kB
Shmem:            138200 kB
Slab:              82672 kB
SReclaimable:      50128 kB
SUnreclaim:        32544 kB
KernelStack:        8416 kB
PageTables:        30944 kB
NFS_Unstable:          0 kB
Bounce:                0 kB
WritebackTmp:          0 kB
CommitLimit:     1987428 kB
Committed_AS:    6325916 kB
VmallocTotal:   34359738367 kB
VmallocUsed:           0 kB
VmallocChunk:          0 kB
HardwareCorrupted:     0 kB
AnonHugePages:   1593344 kB
CmaTotal:              0 kB
CmaFree:               0 kB
HugePages_Total:       0
HugePages_Free:        0
HugePages_Rsvd:        0
HugePages_Surp:        0
Hugepagesize:       2048 kB
DirectMap4k:      144128 kB
DirectMap2M:     3977216 kB
DirectMap1G:     1048576 kB


CPU:total 4 (2 cores per cpu, 2 threads per core) family 6 model 69 stepping 1, cmov, cx8, fxsr, mmx, sse, sse2, sse3, ssse3, sse4.1, sse4.2, popcnt, avx, avx2, aes, clmul, erms, lzcnt, ht, tsc, tscinvbit, bmi1, bmi2

/proc/cpuinfo:
processor	: 0
vendor_id	: GenuineIntel
cpu family	: 6
model		: 69
model name	: Intel(R) Core(TM) i3-4030U CPU @ 1.90GHz
stepping	: 1
microcode	: 0x1d
cpu MHz		: 1799.953
cache size	: 3072 KB
physical id	: 0
siblings	: 4
core id		: 0
cpu cores	: 2
apicid		: 0
initial apicid	: 0
fpu		: yes
fpu_exception	: yes
cpuid level	: 13
wp		: yes
flags		: fpu vme de pse tsc msr pae mce cx8 apic sep mtrr pge mca cmov pat pse36 clflush dts acpi mmx fxsr sse sse2 ss ht tm pbe syscall nx pdpe1gb rdtscp lm constant_tsc arch_perfmon pebs bts rep_good nopl xtopology nonstop_tsc aperfmperf eagerfpu pni pclmulqdq dtes64 monitor ds_cpl vmx est tm2 ssse3 sdbg fma cx16 xtpr pdcm pcid sse4_1 sse4_2 x2apic movbe popcnt tsc_deadline_timer aes xsave avx f16c rdrand lahf_lm abm epb tpr_shadow vnmi flexpriority ept vpid fsgsbase tsc_adjust bmi1 avx2 smep bmi2 erms invpcid xsaveopt dtherm arat pln pts
bugs		:
bogomips	: 3791.28
clflush size	: 64
cache_alignment	: 64
address sizes	: 39 bits physical, 48 bits virtual
power management:

processor	: 1
vendor_id	: GenuineIntel
cpu family	: 6
model		: 69
model name	: Intel(R) Core(TM) i3-4030U CPU @ 1.90GHz
stepping	: 1
microcode	: 0x1d
cpu MHz		: 1799.953
cache size	: 3072 KB
physical id	: 0
siblings	: 4
core id		: 0
cpu cores	: 2
apicid		: 1
initial apicid	: 1
fpu		: yes
fpu_exception	: yes
cpuid level	: 13
wp		: yes
flags		: fpu vme de pse tsc msr pae mce cx8 apic sep mtrr pge mca cmov pat pse36 clflush dts acpi mmx fxsr sse sse2 ss ht tm pbe syscall nx pdpe1gb rdtscp lm constant_tsc arch_perfmon pebs bts rep_good nopl xtopology nonstop_tsc aperfmperf eagerfpu pni pclmulqdq dtes64 monitor ds_cpl vmx est tm2 ssse3 sdbg fma cx16 xtpr pdcm pcid sse4_1 sse4_2 x2apic movbe popcnt tsc_deadline_timer aes xsave avx f16c rdrand lahf_lm abm epb tpr_shadow vnmi flexpriority ept vpid fsgsbase tsc_adjust bmi1 avx2 smep bmi2 erms invpcid xsaveopt dtherm arat pln pts
bugs		:
bogomips	: 3791.28
clflush size	: 64
cache_alignment	: 64
address sizes	: 39 bits physical, 48 bits virtual
power management:

processor	: 2
vendor_id	: GenuineIntel
cpu family	: 6
model		: 69
model name	: Intel(R) Core(TM) i3-4030U CPU @ 1.90GHz
stepping	: 1
microcode	: 0x1d
cpu MHz		: 1799.953
cache size	: 3072 KB
physical id	: 0
siblings	: 4
core id		: 1
cpu cores	: 2
apicid		: 2
initial apicid	: 2
fpu		: yes
fpu_exception	: yes
cpuid level	: 13
wp		: yes
flags		: fpu vme de pse tsc msr pae mce cx8 apic sep mtrr pge mca cmov pat pse36 clflush dts acpi mmx fxsr sse sse2 ss ht tm pbe syscall nx pdpe1gb rdtscp lm constant_tsc arch_perfmon pebs bts rep_good nopl xtopology nonstop_tsc aperfmperf eagerfpu pni pclmulqdq dtes64 monitor ds_cpl vmx est tm2 ssse3 sdbg fma cx16 xtpr pdcm pcid sse4_1 sse4_2 x2apic movbe popcnt tsc_deadline_timer aes xsave avx f16c rdrand lahf_lm abm epb tpr_shadow vnmi flexpriority ept vpid fsgsbase tsc_adjust bmi1 avx2 smep bmi2 erms invpcid xsaveopt dtherm arat pln pts
bugs		:
bogomips	: 3791.28
clflush size	: 64
cache_alignment	: 64
address sizes	: 39 bits physical, 48 bits virtual
power management:

processor	: 3
vendor_id	: GenuineIntel
cpu family	: 6
model		: 69
model name	: Intel(R) Core(TM) i3-4030U CPU @ 1.90GHz
stepping	: 1
microcode	: 0x1d
cpu MHz		: 1799.953
cache size	: 3072 KB
physical id	: 0
siblings	: 4
core id		: 1
cpu cores	: 2
apicid		: 3
initial apicid	: 3
fpu		: yes
fpu_exception	: yes
cpuid level	: 13
wp		: yes
flags		: fpu vme de pse tsc msr pae mce cx8 apic sep mtrr pge mca cmov pat pse36 clflush dts acpi mmx fxsr sse sse2 ss ht tm pbe syscall nx pdpe1gb rdtscp lm constant_tsc arch_perfmon pebs bts rep_good nopl xtopology nonstop_tsc aperfmperf eagerfpu pni pclmulqdq dtes64 monitor ds_cpl vmx est tm2 ssse3 sdbg fma cx16 xtpr pdcm pcid sse4_1 sse4_2 x2apic movbe popcnt tsc_deadline_timer aes xsave avx f16c rdrand lahf_lm abm epb tpr_shadow vnmi flexpriority ept vpid fsgsbase tsc_adjust bmi1 avx2 smep bmi2 erms invpcid xsaveopt dtherm arat pln pts
bugs		:
bogomips	: 3791.28
clflush size	: 64
cache_alignment	: 64
address sizes	: 39 bits physical, 48 bits virtual
power management:



Memory: 4k page, physical 3972820k(137708k free), swap 1020k(0k free)

vm_info: OpenJDK 64-Bit Server VM (25.112-b06) for linux-amd64 JRE (1.8.0_112-release-b06), built on Dec  6 2016 12:11:18 by "builder" with gcc 4.8.4

time: Mon Jul 10 12:25:49 2017
elapsed time: 83 seconds (0d 0h 1m 23s)

