#
# There is insufficient memory for the Java Runtime Environment to continue.
# Native memory allocation (mmap) failed to map 175636480 bytes for committing reserved memory.
# Possible reasons:
#   The system is out of physical RAM or swap space
#   In 32 bit mode, the process size limit was hit
# Possible solutions:
#   Reduce memory load on the system
#   Increase physical memory or swap space
#   Check if swap backing store is full
#   Use 64 bit Java on a 64 bit OS
#   Decrease Java heap size (-Xmx/-Xms)
#   Decrease number of Java threads
#   Decrease Java thread stack sizes (-Xss)
#   Set larger code cache with -XX:ReservedCodeCacheSize=
# This output file may be truncated or incomplete.
#
#  Out of Memory Error (os_linux.cpp:2627), pid=5763, tid=0x00007ff7f07f7700
#
# JRE version: OpenJDK Runtime Environment (8.0_112-b06) (build 1.8.0_112-release-b06)
# Java VM: OpenJDK 64-Bit Server VM (25.112-b06 mixed mode linux-amd64 compressed oops)
# Failed to write core dump. Core dumps have been disabled. To enable core dumping, try "ulimit -c unlimited" before starting Java again
#

---------------  T H R E A D  ---------------

Current thread (0x00007ff800077800):  VMThread [stack: 0x00007ff7f06f7000,0x00007ff7f07f8000] [id=5771]

Stack: [0x00007ff7f06f7000,0x00007ff7f07f8000],  sp=0x00007ff7f07f64d0,  free space=1021k
Native frames: (J=compiled Java code, j=interpreted, Vv=VM code, C=native code)
V  [libjvm.so+0x9e465d]  VMError::report_and_die()+0x15d
V  [libjvm.so+0x4b6ada]  report_vm_out_of_memory(char const*, int, unsigned long, VMErrorType, char const*)+0x8a
V  [libjvm.so+0x84c860]  os::pd_commit_memory(char*, unsigned long, unsigned long, bool)+0xf0
V  [libjvm.so+0x84737f]  os::commit_memory(char*, unsigned long, unsigned long, bool)+0x1f
V  [libjvm.so+0x8bd3db]  PSVirtualSpace::expand_by(unsigned long)+0x5b
V  [libjvm.so+0x8ae1bb]  PSOldGen::expand_by(unsigned long) [clone .part.109]+0x1b
V  [libjvm.so+0x8ae37b]  PSOldGen::expand(unsigned long) [clone .part.111]+0xdb
V  [libjvm.so+0x8aec58]  PSOldGen::resize(unsigned long)+0x188
V  [libjvm.so+0x8b426c]  PSParallelCompact::invoke_no_policy(bool)+0x97c
V  [libjvm.so+0x8bb37d]  PSScavenge::invoke()+0x17d
V  [libjvm.so+0x86fcf3]  ParallelScavengeHeap::failed_mem_allocate(unsigned long)+0x63
V  [libjvm.so+0x9e6124]  VM_ParallelGCFailedAllocation::doit()+0x84
V  [libjvm.so+0x9ea537]  VM_Operation::evaluate()+0x47
V  [libjvm.so+0x9e8ff8]  VMThread::evaluate_operation(VM_Operation*)+0x2c8
V  [libjvm.so+0x9e9479]  VMThread::loop()+0x219
V  [libjvm.so+0x9e98c2]  VMThread::run()+0x72
V  [libjvm.so+0x849c82]  java_start(Thread*)+0xf2

VM_Operation (0x00007ff7db6fabd0): ParallelGCFailedAllocation, mode: safepoint, requested by thread 0x00007ff78004f000


---------------  P R O C E S S  ---------------

Java Threads: ( => current thread )
  0x00007ff780051000 JavaThread "pool-7-thread-4" [_thread_blocked, id=5850, stack(0x00007ff7db3fa000,0x00007ff7db4fb000)]
  0x00007ff780050000 JavaThread "pool-7-thread-3" [_thread_blocked, id=5849, stack(0x00007ff7db4fb000,0x00007ff7db5fc000)]
  0x00007ff78004f000 JavaThread "pool-7-thread-2" [_thread_blocked, id=5848, stack(0x00007ff7db5fc000,0x00007ff7db6fd000)]
  0x00007ff78004e000 JavaThread "pool-8-thread-1" [_thread_blocked, id=5847, stack(0x00007ff7db6fd000,0x00007ff7db7fe000)]
  0x00007ff78004d800 JavaThread "pool-7-thread-1" [_thread_blocked, id=5846, stack(0x00007ff7db7fe000,0x00007ff7db8ff000)]
  0x00007ff7a0c28000 JavaThread "pool-5-thread-1" [_thread_blocked, id=5845, stack(0x00007ff7dbaff000,0x00007ff7dbc00000)]
  0x00007ff7a0c75800 JavaThread "Cache update executor" [_thread_blocked, id=5837, stack(0x00007ff7e00ca000,0x00007ff7e01cb000)]
  0x00007ff7a0b91000 JavaThread "Stdin handler" [_thread_blocked, id=5833, stack(0x00007ff7e2a7e000,0x00007ff7e2b7f000)]
  0x00007ff7a002a000 JavaThread "Asynchronous log dispatcher for DefaultDaemonConnection: socket connection from /127.0.0.1:35588 to /127.0.0.1:55344" [_thread_blocked, id=5832, stack(0x00007ff7e2b7f000,0x00007ff7e2c80000)]
  0x00007ff7a4005800 JavaThread "Cancel handler" [_thread_blocked, id=5831, stack(0x00007ff7e2d81000,0x00007ff7e2e82000)]
  0x00007ff7a4004800 JavaThread "Handler for socket connection from /127.0.0.1:35588 to /127.0.0.1:55344" [_thread_in_native, id=5830, stack(0x00007ff7e3082000,0x00007ff7e3183000)]
  0x00007ff7a0d12000 JavaThread "pool-2-thread-1" [_thread_blocked, id=5794, stack(0x00007ff7e13de000,0x00007ff7e14df000)]
  0x00007ff7a07ea000 JavaThread "process reaper" daemon [_thread_blocked, id=5792, stack(0x00007ff7e1f03000,0x00007ff7e1f3c000)]
  0x00007ff7a0604000 JavaThread "File lock request listener" [_thread_in_native, id=5790, stack(0x00007ff7e2603000,0x00007ff7e2704000)]
  0x00007ff80048e000 JavaThread "pool-1-thread-1" [_thread_blocked, id=5789, stack(0x00007ff7e297d000,0x00007ff7e2a7e000)]
  0x00007ff7a4007000 JavaThread "Daemon worker" [_thread_blocked, id=5784, stack(0x00007ff7e2c80000,0x00007ff7e2d81000)]
  0x00007ff7b0015800 JavaThread "Daemon" [_thread_blocked, id=5781, stack(0x00007ff7e3183000,0x00007ff7e3284000)]
  0x00007ff800c9e800 JavaThread "Incoming local TCP Connector on port 35588" [_thread_in_native, id=5780, stack(0x00007ff7e348b000,0x00007ff7e358c000)]
  0x00007ff8000bf800 JavaThread "Service Thread" daemon [_thread_blocked, id=5778, stack(0x00007ff7e8cfd000,0x00007ff7e8dfe000)]
  0x00007ff8000bc800 JavaThread "C1 CompilerThread2" daemon [_thread_blocked, id=5777, stack(0x00007ff7e8dfe000,0x00007ff7e8eff000)]
  0x00007ff8000ba800 JavaThread "C2 CompilerThread1" daemon [_thread_blocked, id=5776, stack(0x00007ff7e8eff000,0x00007ff7e9000000)]
  0x00007ff8000b7800 JavaThread "C2 CompilerThread0" daemon [_thread_blocked, id=5775, stack(0x00007ff7f001b000,0x00007ff7f011c000)]
  0x00007ff8000b6800 JavaThread "Signal Dispatcher" daemon [_thread_blocked, id=5774, stack(0x00007ff7f011c000,0x00007ff7f021d000)]
  0x00007ff800083800 JavaThread "Finalizer" daemon [_thread_blocked, id=5773, stack(0x00007ff7f04f5000,0x00007ff7f05f6000)]
  0x00007ff80007f000 JavaThread "Reference Handler" daemon [_thread_blocked, id=5772, stack(0x00007ff7f05f6000,0x00007ff7f06f7000)]
  0x00007ff80000a000 JavaThread "main" [_thread_blocked, id=5766, stack(0x00007ff808fd8000,0x00007ff8090d9000)]

Other Threads:
=>0x00007ff800077800 VMThread [stack: 0x00007ff7f06f7000,0x00007ff7f07f8000] [id=5771]
  0x00007ff8000c2000 WatcherThread [stack: 0x00007ff7e8bfc000,0x00007ff7e8cfd000] [id=5779]

VM state:at safepoint (normal execution)

VM Mutex/Monitor currently owned by a thread:  ([mutex/lock_event])
[0x00007ff800005df0] ExpandHeap_lock - owner thread: 0x00007ff800077800
[0x00007ff800006470] Threads_lock - owner thread: 0x00007ff800077800
[0x00007ff800006970] Heap_lock - owner thread: 0x00007ff78004f000

Heap:
 PSYoungGen      total 398848K, used 0K [0x00000000e0000000, 0x00000000fd980000, 0x0000000100000000)
  eden space 314880K, 0% used [0x00000000e0000000,0x00000000e0000000,0x00000000f3380000)
  from space 83968K, 0% used [0x00000000f8780000,0x00000000f8780000,0x00000000fd980000)
  to   space 84992K, 0% used [0x00000000f3380000,0x00000000f3380000,0x00000000f8680000)
 ParOldGen       total 518656K, used 511115K [0x00000000a0000000, 0x00000000bfa80000, 0x00000000e0000000)
  object space 518656K, 98% used [0x00000000a0000000,0x00000000bf322ce0,0x00000000bfa80000)
 Metaspace       used 60941K, capacity 63646K, committed 63744K, reserved 1103872K
  class space    used 8048K, capacity 8671K, committed 8704K, reserved 1048576K

Card table byte_map: [0x00007ff805b69000,0x00007ff805e6a000] byte_map_base: 0x00007ff805669000

Marking Bits: (ParMarkBitMap*) 0x00007ff8084a6340
 Begin Bits: [0x00007ff7e9000000, 0x00007ff7ea800000)
 End Bits:   [0x00007ff7ea800000, 0x00007ff7ec000000)

Polling page: 0x00007ff8090f8000

CodeCache: size=245760Kb used=36717Kb max_used=36717Kb free=209042Kb
 bounds [0x00007ff7f1000000, 0x00007ff7f3410000, 0x00007ff800000000]
 total_blobs=10765 nmethods=10005 adapters=672
 compilation: enabled

Compilation events (10 events):
Event: 74.568 Thread 0x00007ff8000bc800 11831       3       com.android.dx.dex.file.AnnotationSetItem::<init> (83 bytes)
Event: 74.570 Thread 0x00007ff8000bc800 nmethod 11831 0x00007ff7f33fa590 code [0x00007ff7f33fa840, 0x00007ff7f33fbca8]
Event: 74.580 Thread 0x00007ff8000b7800 nmethod 11787 0x00007ff7f33e4c10 code [0x00007ff7f33e4da0, 0x00007ff7f33e5518]
Event: 74.580 Thread 0x00007ff8000b7800 11315       4       java.util.ArrayList::remove (77 bytes)
Event: 74.591 Thread 0x00007ff8000b7800 nmethod 11315 0x00007ff7f33e4510 code [0x00007ff7f33e4680, 0x00007ff7f33e4a38]
Event: 74.591 Thread 0x00007ff8000b7800 11298       4       com.android.dx.ssa.SsaBasicBlock::newFromRop (183 bytes)
Event: 74.593 Thread 0x00007ff8000bc800 11833 %     3       com.android.dx.dex.file.ValueEncoder::addContents @ 30 (75 bytes)
Event: 74.595 Thread 0x00007ff8000bc800 nmethod 11833% 0x00007ff7f33fc890 code [0x00007ff7f33fcb40, 0x00007ff7f33fe178]
Event: 74.675 Thread 0x00007ff8000bc800 11835   !   3       com.android.dx.dex.cf.CfTranslator::processFields (251 bytes)
Event: 74.680 Thread 0x00007ff8000bc800 nmethod 11835 0x00007ff7f33fed10 code [0x00007ff7f33ff220, 0x00007ff7f3402648]

GC Heap History (10 events):
Event: 67.025 GC heap after
Heap after GC invocations=47 (full 6):
 PSYoungGen      total 330752K, used 57321K [0x00000000e0000000, 0x00000000fb180000, 0x0000000100000000)
  eden space 273408K, 0% used [0x00000000e0000000,0x00000000e0000000,0x00000000f0b00000)
  from space 57344K, 99% used [0x00000000f0b00000,0x00000000f42fa510,0x00000000f4300000)
  to   space 72704K, 0% used [0x00000000f6a80000,0x00000000f6a80000,0x00000000fb180000)
 ParOldGen       total 375808K, used 338426K [0x00000000a0000000, 0x00000000b6f00000, 0x00000000e0000000)
  object space 375808K, 90% used [0x00000000a0000000,0x00000000b4a7eb58,0x00000000b6f00000)
 Metaspace       used 60935K, capacity 63646K, committed 63744K, reserved 1103872K
  class space    used 8048K, capacity 8671K, committed 8704K, reserved 1048576K
}
Event: 67.025 GC heap before
{Heap before GC invocations=48 (full 7):
 PSYoungGen      total 330752K, used 57321K [0x00000000e0000000, 0x00000000fb180000, 0x0000000100000000)
  eden space 273408K, 0% used [0x00000000e0000000,0x00000000e0000000,0x00000000f0b00000)
  from space 57344K, 99% used [0x00000000f0b00000,0x00000000f42fa510,0x00000000f4300000)
  to   space 72704K, 0% used [0x00000000f6a80000,0x00000000f6a80000,0x00000000fb180000)
 ParOldGen       total 375808K, used 338426K [0x00000000a0000000, 0x00000000b6f00000, 0x00000000e0000000)
  object space 375808K, 90% used [0x00000000a0000000,0x00000000b4a7eb58,0x00000000b6f00000)
 Metaspace       used 60935K, capacity 63646K, committed 63744K, reserved 1103872K
  class space    used 8048K, capacity 8671K, committed 8704K, reserved 1048576K
Event: 70.521 GC heap after
Heap after GC invocations=48 (full 7):
 PSYoungGen      total 330752K, used 13763K [0x00000000e0000000, 0x00000000fb180000, 0x0000000100000000)
  eden space 273408K, 0% used [0x00000000e0000000,0x00000000e0000000,0x00000000f0b00000)
  from space 57344K, 24% used [0x00000000f0b00000,0x00000000f1870f00,0x00000000f4300000)
  to   space 72704K, 0% used [0x00000000f6a80000,0x00000000f6a80000,0x00000000fb180000)
 ParOldGen       total 518656K, used 375742K [0x00000000a0000000, 0x00000000bfa80000, 0x00000000e0000000)
  object space 518656K, 72% used [0x00000000a0000000,0x00000000b6eef888,0x00000000bfa80000)
 Metaspace       used 60935K, capacity 63646K, committed 63744K, reserved 1103872K
  class space    used 8048K, capacity 8671K, committed 8704K, reserved 1048576K
}
Event: 71.682 GC heap before
{Heap before GC invocations=49 (full 7):
 PSYoungGen      total 330752K, used 287171K [0x00000000e0000000, 0x00000000fb180000, 0x0000000100000000)
  eden space 273408K, 100% used [0x00000000e0000000,0x00000000f0b00000,0x00000000f0b00000)
  from space 57344K, 24% used [0x00000000f0b00000,0x00000000f1870f00,0x00000000f4300000)
  to   space 72704K, 0% used [0x00000000f6a80000,0x00000000f6a80000,0x00000000fb180000)
 ParOldGen       total 518656K, used 375742K [0x00000000a0000000, 0x00000000bfa80000, 0x00000000e0000000)
  object space 518656K, 72% used [0x00000000a0000000,0x00000000b6eef888,0x00000000bfa80000)
 Metaspace       used 60936K, capacity 63646K, committed 63744K, reserved 1103872K
  class space    used 8048K, capacity 8671K, committed 8704K, reserved 1048576K
Event: 72.108 GC heap after
Heap after GC invocations=49 (full 7):
 PSYoungGen      total 359936K, used 41684K [0x00000000e0000000, 0x00000000fac00000, 0x0000000100000000)
  eden space 292864K, 0% used [0x00000000e0000000,0x00000000e0000000,0x00000000f1e00000)
  from space 67072K, 62% used [0x00000000f6a80000,0x00000000f9335090,0x00000000fac00000)
  to   space 72704K, 0% used [0x00000000f1e00000,0x00000000f1e00000,0x00000000f6500000)
 ParOldGen       total 518656K, used 389188K [0x00000000a0000000, 0x00000000bfa80000, 0x00000000e0000000)
  object space 518656K, 75% used [0x00000000a0000000,0x00000000b7c11348,0x00000000bfa80000)
 Metaspace       used 60936K, capacity 63646K, committed 63744K, reserved 1103872K
  class space    used 8048K, capacity 8671K, committed 8704K, reserved 1048576K
}
Event: 73.200 GC heap before
{Heap before GC invocations=50 (full 7):
 PSYoungGen      total 359936K, used 334548K [0x00000000e0000000, 0x00000000fac00000, 0x0000000100000000)
  eden space 292864K, 100% used [0x00000000e0000000,0x00000000f1e00000,0x00000000f1e00000)
  from space 67072K, 62% used [0x00000000f6a80000,0x00000000f9335090,0x00000000fac00000)
  to   space 72704K, 0% used [0x00000000f1e00000,0x00000000f1e00000,0x00000000f6500000)
 ParOldGen       total 518656K, used 389188K [0x00000000a0000000, 0x00000000bfa80000, 0x00000000e0000000)
  object space 518656K, 75% used [0x00000000a0000000,0x00000000b7c11348,0x00000000bfa80000)
 Metaspace       used 60938K, capacity 63646K, committed 63744K, reserved 1103872K
  class space    used 8048K, capacity 8671K, committed 8704K, reserved 1048576K
Event: 73.342 GC heap after
Heap after GC invocations=50 (full 7):
 PSYoungGen      total 365568K, used 72675K [0x00000000e0000000, 0x00000000fdc80000, 0x0000000100000000)
  eden space 292864K, 0% used [0x00000000e0000000,0x00000000e0000000,0x00000000f1e00000)
  from space 72704K, 99% used [0x00000000f1e00000,0x00000000f64f8f18,0x00000000f6500000)
  to   space 87040K, 0% used [0x00000000f8780000,0x00000000f8780000,0x00000000fdc80000)
 ParOldGen       total 518656K, used 398582K [0x00000000a0000000, 0x00000000bfa80000, 0x00000000e0000000)
  object space 518656K, 76% used [0x00000000a0000000,0x00000000b853da10,0x00000000bfa80000)
 Metaspace       used 60938K, capacity 63646K, committed 63744K, reserved 1103872K
  class space    used 8048K, capacity 8671K, committed 8704K, reserved 1048576K
}
Event: 74.811 GC heap before
{Heap before GC invocations=51 (full 7):
 PSYoungGen      total 365568K, used 365539K [0x00000000e0000000, 0x00000000fdc80000, 0x0000000100000000)
  eden space 292864K, 100% used [0x00000000e0000000,0x00000000f1e00000,0x00000000f1e00000)
  from space 72704K, 99% used [0x00000000f1e00000,0x00000000f64f8f18,0x00000000f6500000)
  to   space 87040K, 0% used [0x00000000f8780000,0x00000000f8780000,0x00000000fdc80000)
 ParOldGen       total 518656K, used 398582K [0x00000000a0000000, 0x00000000bfa80000, 0x00000000e0000000)
  object space 518656K, 76% used [0x00000000a0000000,0x00000000b853da10,0x00000000bfa80000)
 Metaspace       used 60941K, capacity 63646K, committed 63744K, reserved 1103872K
  class space    used 8048K, capacity 8671K, committed 8704K, reserved 1048576K
Event: 75.057 GC heap after
Heap after GC invocations=51 (full 7):
 PSYoungGen      total 398848K, used 43928K [0x00000000e0000000, 0x00000000fd980000, 0x0000000100000000)
  eden space 314880K, 0% used [0x00000000e0000000,0x00000000e0000000,0x00000000f3380000)
  from space 83968K, 52% used [0x00000000f8780000,0x00000000fb266338,0x00000000fd980000)
  to   space 84992K, 0% used [0x00000000f3380000,0x00000000f3380000,0x00000000f8680000)
 ParOldGen       total 518656K, used 471718K [0x00000000a0000000, 0x00000000bfa80000, 0x00000000e0000000)
  object space 518656K, 90% used [0x00000000a0000000,0x00000000bcca9a48,0x00000000bfa80000)
 Metaspace       used 60941K, capacity 63646K, committed 63744K, reserved 1103872K
  class space    used 8048K, capacity 8671K, committed 8704K, reserved 1048576K
}
Event: 75.057 GC heap before
{Heap before GC invocations=52 (full 8):
 PSYoungGen      total 398848K, used 43928K [0x00000000e0000000, 0x00000000fd980000, 0x0000000100000000)
  eden space 314880K, 0% used [0x00000000e0000000,0x00000000e0000000,0x00000000f3380000)
  from space 83968K, 52% used [0x00000000f8780000,0x00000000fb266338,0x00000000fd980000)
  to   space 84992K, 0% used [0x00000000f3380000,0x00000000f3380000,0x00000000f8680000)
 ParOldGen       total 518656K, used 471718K [0x00000000a0000000, 0x00000000bfa80000, 0x00000000e0000000)
  object space 518656K, 90% used [0x00000000a0000000,0x00000000bcca9a48,0x00000000bfa80000)
 Metaspace       used 60941K, capacity 63646K, committed 63744K, reserved 1103872K
  class space    used 8048K, capacity 8671K, committed 8704K, reserved 1048576K

Deoptimization events (10 events):
Event: 60.302 Thread 0x00007ff78004d800 Uncommon trap: reason=unstable_if action=reinterpret pc=0x00007ff7f20c3d84 method=com.android.dx.rop.code.RegisterSpec.equals(ILcom/android/dx/rop/type/TypeBearer;Lcom/android/dx/rop/code/LocalItem;)Z @ 42
Event: 62.542 Thread 0x00007ff780050000 Uncommon trap: reason=bimorphic action=maybe_recompile pc=0x00007ff7f32d999c method=com.android.dx.cf.code.BytecodeArray.parseInstruction(ILcom/android/dx/cf/code/BytecodeArray$Visitor;)I @ 1417
Event: 62.542 Thread 0x00007ff780050000 Uncommon trap: reason=bimorphic action=maybe_recompile pc=0x00007ff7f32d999c method=com.android.dx.cf.code.BytecodeArray.parseInstruction(ILcom/android/dx/cf/code/BytecodeArray$Visitor;)I @ 1417
Event: 62.847 Thread 0x00007ff78004f000 Uncommon trap: reason=unstable_if action=reinterpret pc=0x00007ff7f32fb208 method=com.android.dx.rop.code.RegisterSpec.intersect(Lcom/android/dx/rop/code/RegisterSpec;Z)Lcom/android/dx/rop/code/RegisterSpec; @ 42
Event: 66.128 Thread 0x00007ff7a0c28000 Uncommon trap: reason=unstable_if action=reinterpret pc=0x00007ff7f17bde14 method=java.util.concurrent.ConcurrentHashMap.transfer([Ljava/util/concurrent/ConcurrentHashMap$Node;[Ljava/util/concurrent/ConcurrentHashMap$Node;)V @ 356
Event: 70.850 Thread 0x00007ff7a0c28000 Uncommon trap: reason=bimorphic action=maybe_recompile pc=0x00007ff7f33579a4 method=com.android.dx.cf.code.BytecodeArray.parseInstruction(ILcom/android/dx/cf/code/BytecodeArray$Visitor;)I @ 891
Event: 70.851 Thread 0x00007ff7a0c28000 Uncommon trap: reason=bimorphic action=maybe_recompile pc=0x00007ff7f33579a4 method=com.android.dx.cf.code.BytecodeArray.parseInstruction(ILcom/android/dx/cf/code/BytecodeArray$Visitor;)I @ 891
Event: 73.767 Thread 0x00007ff780050000 Uncommon trap: reason=unstable_if action=reinterpret pc=0x00007ff7f33cb7e4 method=com.android.dx.dex.code.RopTranslator.outputBlock(Lcom/android/dx/rop/code/BasicBlock;I)V @ 140
Event: 74.036 Thread 0x00007ff7a0c28000 Uncommon trap: reason=unstable_if action=reinterpret pc=0x00007ff7f33d7340 method=com.android.dx.rop.code.LocalVariableInfo.mergeStarts(ILcom/android/dx/rop/code/RegisterSpecSet;)Z @ 31
Event: 74.528 Thread 0x00007ff780051000 Uncommon trap: reason=unstable_if action=reinterpret pc=0x00007ff7f33ec788 method=com.android.dx.util.BitIntSet.has(I)Z @ 8

Internal exceptions (10 events):
Event: 47.209 Thread 0x00007ff7a4007000 Exception <a 'sun/nio/fs/UnixException'> (0x00000000e33eba10) thrown at [/ssd/Android/AOSP-openjdk/external/jetbrains/jdk/hotspot/src/share/vm/prims/jni.cpp, line 709]
Event: 47.209 Thread 0x00007ff7a4007000 Exception <a 'sun/nio/fs/UnixException'> (0x00000000e33ed040) thrown at [/ssd/Android/AOSP-openjdk/external/jetbrains/jdk/hotspot/src/share/vm/prims/jni.cpp, line 709]
Event: 47.209 Thread 0x00007ff7a4007000 Exception <a 'sun/nio/fs/UnixException'> (0x00000000e33eeca8) thrown at [/ssd/Android/AOSP-openjdk/external/jetbrains/jdk/hotspot/src/share/vm/prims/jni.cpp, line 709]
Event: 47.209 Thread 0x00007ff7a4007000 Exception <a 'sun/nio/fs/UnixException'> (0x00000000e33f01d8) thrown at [/ssd/Android/AOSP-openjdk/external/jetbrains/jdk/hotspot/src/share/vm/prims/jni.cpp, line 709]
Event: 47.209 Thread 0x00007ff7a4007000 Exception <a 'sun/nio/fs/UnixException'> (0x00000000e33f2050) thrown at [/ssd/Android/AOSP-openjdk/external/jetbrains/jdk/hotspot/src/share/vm/prims/jni.cpp, line 709]
Event: 47.209 Thread 0x00007ff7a4007000 Exception <a 'sun/nio/fs/UnixException'> (0x00000000e33f3640) thrown at [/ssd/Android/AOSP-openjdk/external/jetbrains/jdk/hotspot/src/share/vm/prims/jni.cpp, line 709]
Event: 47.210 Thread 0x00007ff7a4007000 Exception <a 'sun/nio/fs/UnixException'> (0x00000000e33f6460) thrown at [/ssd/Android/AOSP-openjdk/external/jetbrains/jdk/hotspot/src/share/vm/prims/jni.cpp, line 709]
Event: 47.210 Thread 0x00007ff7a4007000 Exception <a 'sun/nio/fs/UnixException'> (0x00000000e33f78c0) thrown at [/ssd/Android/AOSP-openjdk/external/jetbrains/jdk/hotspot/src/share/vm/prims/jni.cpp, line 709]
Event: 51.039 Thread 0x00007ff78004d800 Implicit null exception at 0x00007ff7f2173222 to 0x00007ff7f217331b
Event: 60.123 Thread 0x00007ff7a0c28000 Implicit null exception at 0x00007ff7f1ad3983 to 0x00007ff7f1ad4005

Events (10 events):
Event: 74.768 Thread 0x00007ff78004f000 DEOPT UNPACKING pc=0x00007ff7f1047373 sp=0x00007ff7db6fae60 mode 0
Event: 74.770 Thread 0x00007ff78004f000 DEOPT PACKING pc=0x00007ff7f2ccf0e5 sp=0x00007ff7db6fb010
Event: 74.770 Thread 0x00007ff78004f000 DEOPT UNPACKING pc=0x00007ff7f1047373 sp=0x00007ff7db6fad98 mode 0
Event: 74.777 Thread 0x00007ff780051000 DEOPT PACKING pc=0x00007ff7f2ccf0e5 sp=0x00007ff7db4f9010
Event: 74.777 Thread 0x00007ff780051000 DEOPT UNPACKING pc=0x00007ff7f1047373 sp=0x00007ff7db4f8d98 mode 0
Event: 74.793 Thread 0x00007ff7a0c28000 DEOPT PACKING pc=0x00007ff7f2cfcacd sp=0x00007ff7dbbfd4c0
Event: 74.793 Thread 0x00007ff7a0c28000 DEOPT UNPACKING pc=0x00007ff7f1047373 sp=0x00007ff7dbbfd250 mode 0
Event: 74.796 Thread 0x00007ff7a0c28000 DEOPT PACKING pc=0x00007ff7f2ccf0e5 sp=0x00007ff7dbbfd570
Event: 74.796 Thread 0x00007ff7a0c28000 DEOPT UNPACKING pc=0x00007ff7f1047373 sp=0x00007ff7dbbfd2f8 mode 0
Event: 74.811 Executing VM operation: ParallelGCFailedAllocation


Dynamic libraries:
00400000-00401000 r-xp 00000000 08:07 1201464                            /home/chivu/Downloads/android-studio-p/jre/bin/java
00600000-00601000 r--p 00000000 08:07 1201464                            /home/chivu/Downloads/android-studio-p/jre/bin/java
00601000-00602000 rw-p 00001000 08:07 1201464                            /home/chivu/Downloads/android-studio-p/jre/bin/java
01888000-018f4000 rw-p 00000000 00:00 0                                  [heap]
a0000000-bfa80000 rw-p 00000000 00:00 0 
ca200000-e0000000 ---p 00000000 00:00 0 
e0000000-fd980000 rw-p 00000000 00:00 0 
fd980000-100000000 ---p 00000000 00:00 0 
100000000-100880000 rw-p 00000000 00:00 0 
100880000-140000000 ---p 00000000 00:00 0 
7ff76c000000-7ff76c04d000 rw-p 00000000 00:00 0 
7ff76c04d000-7ff770000000 ---p 00000000 00:00 0 
7ff770000000-7ff770090000 rw-p 00000000 00:00 0 
7ff770090000-7ff774000000 ---p 00000000 00:00 0 
7ff774000000-7ff774068000 rw-p 00000000 00:00 0 
7ff774068000-7ff778000000 ---p 00000000 00:00 0 
7ff778000000-7ff778021000 rw-p 00000000 00:00 0 
7ff778021000-7ff77c000000 ---p 00000000 00:00 0 
7ff77c000000-7ff77c030000 rw-p 00000000 00:00 0 
7ff77c030000-7ff780000000 ---p 00000000 00:00 0 
7ff780000000-7ff7801e8000 rw-p 00000000 00:00 0 
7ff7801e8000-7ff784000000 ---p 00000000 00:00 0 
7ff784000000-7ff784021000 rw-p 00000000 00:00 0 
7ff784021000-7ff788000000 ---p 00000000 00:00 0 
7ff788000000-7ff788021000 rw-p 00000000 00:00 0 
7ff788021000-7ff78c000000 ---p 00000000 00:00 0 
7ff78c000000-7ff78c021000 rw-p 00000000 00:00 0 
7ff78c021000-7ff790000000 ---p 00000000 00:00 0 
7ff790000000-7ff790021000 rw-p 00000000 00:00 0 
7ff790021000-7ff794000000 ---p 00000000 00:00 0 
7ff794000000-7ff794021000 rw-p 00000000 00:00 0 
7ff794021000-7ff798000000 ---p 00000000 00:00 0 
7ff798000000-7ff798021000 rw-p 00000000 00:00 0 
7ff798021000-7ff79c000000 ---p 00000000 00:00 0 
7ff79c000000-7ff79c021000 rw-p 00000000 00:00 0 
7ff79c021000-7ff7a0000000 ---p 00000000 00:00 0 
7ff7a0000000-7ff7a135d000 rw-p 00000000 00:00 0 
7ff7a135d000-7ff7a4000000 ---p 00000000 00:00 0 
7ff7a4000000-7ff7a4021000 rw-p 00000000 00:00 0 
7ff7a4021000-7ff7a8000000 ---p 00000000 00:00 0 
7ff7a8000000-7ff7a8064000 rw-p 00000000 00:00 0 
7ff7a8064000-7ff7ac000000 ---p 00000000 00:00 0 
7ff7ac000000-7ff7ac021000 rw-p 00000000 00:00 0 
7ff7ac021000-7ff7b0000000 ---p 00000000 00:00 0 
7ff7b0000000-7ff7b0073000 rw-p 00000000 00:00 0 
7ff7b0073000-7ff7b4000000 ---p 00000000 00:00 0 
7ff7b4000000-7ff7b50b8000 rw-p 00000000 00:00 0 
7ff7b50b8000-7ff7b8000000 ---p 00000000 00:00 0 
7ff7b8000000-7ff7b8021000 rw-p 00000000 00:00 0 
7ff7b8021000-7ff7bc000000 ---p 00000000 00:00 0 
7ff7bc000000-7ff7be2e1000 rw-p 00000000 00:00 0 
7ff7be2e1000-7ff7c0000000 ---p 00000000 00:00 0 
7ff7c0000000-7ff7c207c000 rw-p 00000000 00:00 0 
7ff7c207c000-7ff7c4000000 ---p 00000000 00:00 0 
7ff7c4000000-7ff7c4021000 rw-p 00000000 00:00 0 
7ff7c4021000-7ff7c8000000 ---p 00000000 00:00 0 
7ff7c8000000-7ff7c8021000 rw-p 00000000 00:00 0 
7ff7c8021000-7ff7cc000000 ---p 00000000 00:00 0 
7ff7cc000000-7ff7cc3a0000 rw-p 00000000 00:00 0 
7ff7cc3a0000-7ff7d0000000 ---p 00000000 00:00 0 
7ff7d0000000-7ff7d0021000 rw-p 00000000 00:00 0 
7ff7d0021000-7ff7d4000000 ---p 00000000 00:00 0 
7ff7d4000000-7ff7d403d000 rw-p 00000000 00:00 0 
7ff7d403d000-7ff7d8000000 ---p 00000000 00:00 0 
7ff7db1fa000-7ff7db3ba000 rw-p 00000000 00:00 0 
7ff7db3ba000-7ff7db3fa000 ---p 00000000 00:00 0 
7ff7db3fa000-7ff7db3fd000 ---p 00000000 00:00 0 
7ff7db3fd000-7ff7db4fb000 rw-p 00000000 00:00 0 
7ff7db4fb000-7ff7db4fe000 ---p 00000000 00:00 0 
7ff7db4fe000-7ff7db5fc000 rw-p 00000000 00:00 0 
7ff7db5fc000-7ff7db5ff000 ---p 00000000 00:00 0 
7ff7db5ff000-7ff7db6fd000 rw-p 00000000 00:00 0 
7ff7db6fd000-7ff7db700000 ---p 00000000 00:00 0 
7ff7db700000-7ff7db7fe000 rw-p 00000000 00:00 0 
7ff7db7fe000-7ff7db801000 ---p 00000000 00:00 0 
7ff7db801000-7ff7dbaff000 rw-p 00000000 00:00 0 
7ff7dbaff000-7ff7dbb02000 ---p 00000000 00:00 0 
7ff7dbb02000-7ff7dbe00000 rw-p 00000000 00:00 0 
7ff7dbe00000-7ff7dc000000 rw-p 00000000 00:00 0 
7ff7dc000000-7ff7dc052000 rw-p 00000000 00:00 0 
7ff7dc052000-7ff7e0000000 ---p 00000000 00:00 0 
7ff7e0004000-7ff7e00ca000 r--s 008d6000 08:07 2146635                    /home/chivu/Desktop/newsApp/app/build/intermediates/transforms/jarMerging/debug/jars/1/1f/combined.jar
7ff7e00ca000-7ff7e00cd000 ---p 00000000 00:00 0 
7ff7e00cd000-7ff7e03cb000 rw-p 00000000 00:00 0 
7ff7e03cb000-7ff7e05cb000 rw-p 00000000 00:00 0 
7ff7e05cb000-7ff7e07cb000 rw-p 00000000 00:00 0 
7ff7e07cb000-7ff7e09cb000 rw-p 00000000 00:00 0 
7ff7e09cb000-7ff7e0bcb000 rw-p 00000000 00:00 0 
7ff7e0bcb000-7ff7e0bde000 r--s 00344000 08:07 1201558                    /home/chivu/Downloads/android-studio-p/jre/jre/lib/resources.jar
7ff7e0bde000-7ff7e0dde000 rw-p 00000000 00:00 0 
7ff7e0dde000-7ff7e0fde000 rw-p 00000000 00:00 0 
7ff7e0fde000-7ff7e11de000 rw-p 00000000 00:00 0 
7ff7e11de000-7ff7e13de000 rw-p 00000000 00:00 0 
7ff7e13de000-7ff7e13e1000 ---p 00000000 00:00 0 
7ff7e13e1000-7ff7e16df000 rw-p 00000000 00:00 0 
7ff7e16df000-7ff7e16e0000 r--s 00001000 08:07 1094992                    /home/chivu/.gradle/caches/jars-2/cmhx5eetujk7j30d3nllwxyrlnugzjw/annotations-25.3.3.jar
7ff7e16e0000-7ff7e16e8000 r--s 000a8000 08:07 932893                     /home/chivu/.gradle/caches/jars-2/lp0h431tl0554nh1vx6zomcvteflkp/lombok-ast-0.2.3.jar
7ff7e16e8000-7ff7e16fc000 r--s 000b4000 08:07 139376                     /home/chivu/.gradle/caches/jars-2/hgvw6szzawm3evod5l2d6iutfug31w0/uast-162.2228.14.jar
7ff7e16fc000-7ff7e16fe000 r--s 0000d000 08:07 932889                     /home/chivu/.gradle/caches/jars-2/7pwz1bowgakb1eux9ezb56jlturgsyi/commons-codec-1.4.jar
7ff7e16fe000-7ff7e1700000 r--s 0000d000 08:07 932887                     /home/chivu/.gradle/caches/jars-2/9dj1m0eyooi5qt13735vz8fpkl3cnfy/commons-logging-1.1.1.jar
7ff7e1700000-7ff7e1705000 r--s 00028000 08:07 932885                     /home/chivu/.gradle/caches/jars-2/62lv0fe9b3xbqe57f6ljy5upwi7mf6k/httpcore-4.1.jar
7ff7e1705000-7ff7e1709000 r--s 0002f000 08:07 932883                     /home/chivu/.gradle/caches/jars-2/gsg5n52frsvw6sx0swqqe2hwijwdcf0/jimfs-1.1.jar
7ff7e1709000-7ff7e170a000 r--s 00004000 08:07 932881                     /home/chivu/.gradle/caches/jars-2/lxs252id0979odjrerlctkb26c2vj95/annotations-12.0.jar
7ff7e170a000-7ff7e170b000 r--s 00004000 08:07 932879                     /home/chivu/.gradle/caches/jars-2/9kn99dr0rulyl67sct1ephwcop56l61/asm-analysis-5.0.4.jar
7ff7e170b000-7ff7e170f000 r--s 00040000 08:07 1094991                    /home/chivu/.gradle/caches/jars-2/ccvn7yglm4blceovs70fngoac1eyn4f/lint-api-25.3.3.jar
7ff7e170f000-7ff7e1710000 r--s 0000a000 08:07 932875                     /home/chivu/.gradle/caches/jars-2/nwyg9io65lv6jvmwit2wq82xnnxd7ia/kxml2-2.3.0.jar
7ff7e1710000-7ff7e1712000 r--s 00005000 08:07 932873                     /home/chivu/.gradle/caches/jars-2/i6hc1uuj8e9ck59slmzdyz78ydn8sr6/httpmime-4.1.jar
7ff7e1712000-7ff7e171a000 r--s 0004e000 08:07 932871                     /home/chivu/.gradle/caches/jars-2/7503wa5irssz0xxahv1xb82p2dl7rr2/httpclient-4.1.1.jar
7ff7e171a000-7ff7e1721000 r--s 00053000 08:07 932869                     /home/chivu/.gradle/caches/jars-2/jgkfvs4eqggj7qsyw1f5d3up57hanj1/commons-compress-1.8.1.jar
7ff7e1721000-7ff7e1726000 r--s 0002a000 08:07 932867                     /home/chivu/.gradle/caches/jars-2/je8f027qcr1z1egw08byp1ybxbp9kko/gson-2.2.4.jar
7ff7e1726000-7ff7e172b000 r--s 0002e000 08:07 1094990                    /home/chivu/.gradle/caches/jars-2/s427p2wh0tfza0xa8qijgx107eeevyl/repository-25.3.3.jar
7ff7e172b000-7ff7e172d000 r--s 00006000 08:07 1094989                    /home/chivu/.gradle/caches/jars-2/e2s952s6co8tps89l80r4riixwqo2oe/dvlib-25.3.3.jar
7ff7e172d000-7ff7e172f000 r--s 00013000 08:07 1094883                    /home/chivu/.gradle/caches/jars-2/s02k517nvrh8cbp2c8dz4slqska6dj9/layoutlib-api-25.3.3.jar
7ff7e172f000-7ff7e1734000 r--s 00058000 08:07 932859                     /home/chivu/.gradle/caches/jars-2/st159835qgxm0l87oqrnhayxos4lc1n/asm-debug-all-5.0.1.jar
7ff7e1734000-7ff7e1744000 r--s 000d5000 08:07 932857                     /home/chivu/.gradle/caches/jars-2/qzf32gp9kej4w4hlbabft6tplu74cj3/proguard-base-5.3.2.jar
7ff7e1744000-7ff7e1747000 r--s 00033000 08:07 932855                     /home/chivu/.gradle/caches/jars-2/nz9sndmr8b4xbj4xulkaciy5kdbyfiz/juniversalchardet-1.0.3.jar
7ff7e1747000-7ff7e174b000 r--s 0002a000 08:07 932853                     /home/chivu/.gradle/caches/jars-2/krbpn9xjn1qymukyx8cc5l799ty1v3h/commons-io-2.4.jar
7ff7e174b000-7ff7e1762000 r--s 00154000 08:07 932851                     /home/chivu/.gradle/caches/jars-2/sfeivjswzitn6n0fnjx3ueszz8gv8o1/antlr4-4.5.3.jar
7ff7e1762000-7ff7e1764000 r--s 00002000 08:07 1094881                    /home/chivu/.gradle/caches/jars-2/rh2ip1x2zziz26tr3qzudtz088pqsb2/baseLibrary-2.3.3.jar
7ff7e1764000-7ff7e178f000 r--s 001fc000 08:07 932847                     /home/chivu/.gradle/caches/jars-2/nxjrjftly2xksl8o0wqgivu5netfu2x/guava-18.0.jar
7ff7e178f000-7ff7e17a2000 r--s 00241000 08:07 932845                     /home/chivu/.gradle/caches/jars-2/9yuekvg4qerfitq3xec0iyckuw3hwaq/ecj-4.6.1.jar
7ff7e17a2000-7ff7e17a9000 r--s 000d9000 08:07 1094862                    /home/chivu/.gradle/caches/jars-2/ak89aa8liqmr44u7r08njntn6oehe0z/lint-checks-25.3.3.jar
7ff7e17a9000-7ff7e17ab000 r--s 00006000 08:07 932841                     /home/chivu/.gradle/caches/jars-2/6phgj9ki3jl3p5epzkqoo8pr6kur40b/asm-tree-5.0.4.jar
7ff7e17ab000-7ff7e17de000 r--s 00203000 08:07 932839                     /home/chivu/.gradle/caches/jars-2/hj0bfvxu9cq7hkwmecvp0kg137or3hh/bcprov-jdk15on-1.48.jar
7ff7e17de000-7ff7e17ec000 r--s 00081000 08:07 932837                     /home/chivu/.gradle/caches/jars-2/4r7xli0tz94y0wfjrdyjxlxar3g1pb9/bcpkix-jdk15on-1.48.jar
7ff7e17ec000-7ff7e17ee000 r--s 00002000 08:07 932835                     /home/chivu/.gradle/caches/jars-2/f32bh5uivuf69ecz2j8hl96ksnqdh7v/javawriter-2.5.0.jar
7ff7e17ee000-7ff7e17f0000 r--s 00004000 08:07 1094861                    /home/chivu/.gradle/caches/jars-2/j6s1upogkwo00sygdsekzj4fx0i75uy/tracker-25.3.3.jar
7ff7e17f0000-7ff7e17f1000 r--s 00005000 08:07 1094860                    /home/chivu/.gradle/caches/jars-2/4svya0t1s9wyo35ycd3atidsaoo6w7e/shared-25.3.3.jar
7ff7e17f1000-7ff7e17ff000 r--s 00147000 08:07 1094859                    /home/chivu/.gradle/caches/jars-2/qx6695c5ocd9swxv7wqtxor3plyb4b7/protos-25.3.3.jar
7ff7e17ff000-7ff7e1800000 r--s 00001000 08:07 139356                     /home/chivu/.gradle/caches/jars-2/bqo69msswbvaagsh45hf1tq02v21sml/jill-api-0.10.0.jar
7ff7e1800000-7ff7e1802000 r--s 00003000 08:07 139354                     /home/chivu/.gradle/caches/jars-2/7pldadygbci34ql8thws797g29k1uhh/jack-api-0.13.0.jar
7ff7e1802000-7ff7e1808000 r--s 0004a000 08:07 1094853                    /home/chivu/.gradle/caches/jars-2/euoqfzf5y1sibp9ul8mcz0wovj380eo/ddmlib-25.3.3.jar
7ff7e1808000-7ff7e180b000 r--s 00022000 08:07 1094848                    /home/chivu/.gradle/caches/jars-2/a81bg2yxzmumashablwecaj0ksz6tmj/manifest-merger-25.3.3.jar
7ff7e180b000-7ff7e180e000 r--s 0001c000 08:07 1094847                    /home/chivu/.gradle/caches/jars-2/l6cnyee1vojrkkbpp6qwgpf30shmrja/common-25.3.3.jar
7ff7e180e000-7ff7e1817000 r--s 00089000 08:07 1094417                    /home/chivu/.gradle/caches/jars-2/m0t6h8af70sdgxvkj522jy01i14mnb8/sdk-common-25.3.3.jar
7ff7e1817000-7ff7e1821000 r--s 00098000 08:07 1094415                    /home/chivu/.gradle/caches/jars-2/28c9ykhc782k8jmlrnbnccai34hziki/sdklib-25.3.3.jar
7ff7e1821000-7ff7e1822000 r--s 00002000 08:07 1094389                    /home/chivu/.gradle/caches/jars-2/4dod7a1p5hoai4v37pxbcg65bbahvg2/builder-test-api-2.3.3.jar
7ff7e1822000-7ff7e1825000 r--s 00006000 08:07 1094385                    /home/chivu/.gradle/caches/jars-2/omk02asobup8sgd6qxom3ej5bg94z2r/builder-model-2.3.3.jar
7ff7e1825000-7ff7e1834000 r--s 00130000 08:07 932809                     /home/chivu/.gradle/caches/jars-2/cr6zkqpx14lor9zdtmo49qpc7y8r8p4/protobuf-java-3.0.0.jar
7ff7e1834000-7ff7e1836000 r--s 0000f000 08:07 932807                     /home/chivu/.gradle/caches/jars-2/rvfyugrlu5tbpz51p98og0qsxamjq4k/jopt-simple-4.9.jar
7ff7e1836000-7ff7e183a000 r--s 0001f000 08:07 932805                     /home/chivu/.gradle/caches/jars-2/nq3fzqkrrm37ob61z4iu5qdbh368uat/org.jacoco.report-0.7.5.201505241946.jar
7ff7e183a000-7ff7e183e000 r--s 0001d000 08:07 932803                     /home/chivu/.gradle/caches/jars-2/3kxkmcckmk40ron92zhbm0qjo9l4bkl/org.jacoco.core-0.7.5.201505241946.jar
7ff7e183e000-7ff7e1840000 r--s 00002000 08:07 932801                     /home/chivu/.gradle/caches/jars-2/m4m0pzb4gmaeh0in5g2xc4bxeuwt828/proguard-gradle-5.3.2.jar
7ff7e1840000-7ff7e1842000 r--s 00009000 08:07 932799                     /home/chivu/.gradle/caches/jars-2/ajvcvdu66lc9e3tvvipxtuq48i9bbkc/asm-commons-5.0.4.jar
7ff7e1842000-7ff7e1844000 r--s 0000c000 08:07 932797                     /home/chivu/.gradle/caches/jars-2/1laz1ygmxoc408r7nwqs1q8uk8r236d/asm-5.0.4.jar
7ff7e1844000-7ff7e1849000 r--s 0002c000 08:07 1094383                    /home/chivu/.gradle/caches/jars-2/3mlasgi8oo9o7oa12526198jui9zmp2/compilerCommon-2.3.3.jar
7ff7e1849000-7ff7e184a000 r--s 00002000 08:07 1094379                    /home/chivu/.gradle/caches/jars-2/73l309uzm0ila7rdaaxteq0ng4ayf2y/gradle-api-2.3.3.jar
7ff7e184a000-7ff7e184b000 r--s 00000000 08:07 139334                     /home/chivu/.gradle/caches/jars-2/tlyajppf8woug00g686fx5mchf8iv3o/transform-api-2.0.0-deprecated-use-gradle-api.jar
7ff7e184b000-7ff7e1850000 r--s 0005e000 08:07 1094349                    /home/chivu/.gradle/caches/jars-2/k2xtosjt0in0zj7mpwvctw6iznt93uh/lint-25.3.3.jar
7ff7e1850000-7ff7e1866000 r--s 00163000 08:07 1094347                    /home/chivu/.gradle/caches/jars-2/nyg71b5n2lzymmwh5vbtmvjiby07k4g/builder-2.3.3.jar
7ff7e1866000-7ff7e1885000 r--s 001ca000 08:07 1094310                    /home/chivu/.gradle/caches/jars-2/5fwyvjq1ai8mdh1mluqxidj1wo7rls8/gradle-core-2.3.3.jar
7ff7e1885000-7ff7e1887000 r--s 00007000 08:07 266240                     /home/chivu/.gradle/caches/modules-2/files-2.1/com.google.gms/google-services/3.1.0/166ae4e6acd03b7bbebe221ffa54bc039fece1b9/google-services-3.1.0.jar
7ff7e1887000-7ff7e1889000 r--s 0000d000 08:07 1094266                    /home/chivu/.gradle/caches/jars-2/mel54vauze7hczg2p6nebauqz8s53sj/gradle-2.3.3.jar
7ff7e1889000-7ff7e1a89000 rw-p 00000000 00:00 0 
7ff7e1a89000-7ff7e1c89000 rw-p 00000000 00:00 0 
7ff7e1c89000-7ff7e1cf9000 r--s 00643000 08:07 932707                     /home/chivu/.gradle/caches/jars-2/8cxlnul3q31hn64oaeyb96yvefwfs4h/groovy-all-2.4.6.jar
7ff7e1cf9000-7ff7e1cfe000 r--s 0007a000 08:07 1093493                    /home/chivu/.gradle/caches/jars-2/grenzqfqt85mgjj0y0ira3t0y08jana/gradle-tooling-extension-impl.jar
7ff7e1cfe000-7ff7e1d03000 r--s 00034000 08:07 932705                     /home/chivu/.gradle/caches/jars-2/c74d41v3l7o57dyhdc4xhdfblc3m2cw/gson-2.5.jar
7ff7e1d03000-7ff7e1f03000 rw-p 00000000 00:00 0 
7ff7e1f03000-7ff7e1f06000 ---p 00000000 00:00 0 
7ff7e1f06000-7ff7e1f3c000 rw-p 00000000 00:00 0 
7ff7e1f3c000-7ff7e1f3d000 r--p 00000000 00:00 0 
7ff7e1f3d000-7ff7e213d000 rw-p 00000000 00:00 0 
7ff7e213d000-7ff7e233d000 rw-p 00000000 00:00 0 
7ff7e233d000-7ff7e253d000 rw-p 00000000 00:00 0 
7ff7e253d000-7ff7e257a000 r--s 00585000 08:07 1093392                    /home/chivu/.gradle/caches/jars-2/ilom8b20gb67xtnnupbkeqtne7b8kkb/sdk-tools.jar
7ff7e257a000-7ff7e257b000 r--s 00000000 08:07 932633                     /home/chivu/.gradle/caches/jars-2/dg22azhabc6tsc1i8xni15giz1bnssh/gradle-appengine-builder-model-0.1.0.jar
7ff7e257b000-7ff7e257c000 r--s 00002000 08:07 1083683                    /home/chivu/.gradle/caches/jars-2/svwjsy9ijjnr8w6koqz6kn1bqvdhlg4/external-system-rt.jar
7ff7e257c000-7ff7e257e000 r--s 0000a000 08:07 947247                     /home/chivu/.gradle/caches/jars-2/7218vekn48fs59m3epgdn3toof1pltz/gradle-tooling-extension-api.jar
7ff7e257e000-7ff7e258b000 r--s 0017f000 08:07 947182                     /home/chivu/.gradle/caches/jars-2/f7cyhks7eq64d4l5pocpk32bt94v37r/velocity.jar
7ff7e258b000-7ff7e25c5000 r--s 001e2000 08:07 932623                     /home/chivu/.gradle/caches/jars-2/gsc6q095kyxskeaqm5ejgrya5fy93e4/gradle-core-3.2.jar
7ff7e25c5000-7ff7e25ce000 r--s 00041000 08:07 932621                     /home/chivu/.gradle/caches/jars-2/h9tlqcb3hm1v4dc2krttqmly48oj6dn/gradle-base-services-3.2.jar
7ff7e25ce000-7ff7e25f6000 r--s 001cf000 08:07 932619                     /home/chivu/.gradle/caches/jars-2/87eo0lrvp84r6dbxjq018wy66es2era/guava-jdk5-17.0.jar
7ff7e25f6000-7ff7e2603000 r--s 00041000 08:07 932617                     /home/chivu/.gradle/caches/jars-2/dgtjvv7hz6uw97ja0np1f4qgb2lzw3b/gradle-tooling-api-3.2.jar
7ff7e2603000-7ff7e2606000 ---p 00000000 00:00 0 
7ff7e2606000-7ff7e2704000 rw-p 00000000 00:00 0 
7ff7e2704000-7ff7e277d000 r--s 010ed000 08:07 1201473                    /home/chivu/Downloads/android-studio-p/jre/lib/tools.jar
7ff7e277d000-7ff7e297d000 rw-p 00000000 00:00 0 
7ff7e297d000-7ff7e2980000 ---p 00000000 00:00 0 
7ff7e2980000-7ff7e2a7e000 rw-p 00000000 00:00 0 
7ff7e2a7e000-7ff7e2a81000 ---p 00000000 00:00 0 
7ff7e2a81000-7ff7e2b7f000 rw-p 00000000 00:00 0 
7ff7e2b7f000-7ff7e2b82000 ---p 00000000 00:00 0 
7ff7e2b82000-7ff7e2c80000 rw-p 00000000 00:00 0 
7ff7e2c80000-7ff7e2c83000 ---p 00000000 00:00 0 
7ff7e2c83000-7ff7e2d81000 rw-p 00000000 00:00 0 
7ff7e2d81000-7ff7e2d84000 ---p 00000000 00:00 0 
7ff7e2d84000-7ff7e3082000 rw-p 00000000 00:00 0 
7ff7e3082000-7ff7e3085000 ---p 00000000 00:00 0 
7ff7e3085000-7ff7e3183000 rw-p 00000000 00:00 0 
7ff7e3183000-7ff7e3186000 ---p 00000000 00:00 0 
7ff7e3186000-7ff7e3284000 rw-p 00000000 00:00 0 
7ff7e3284000-7ff7e328b000 r--s 00000000 08:07 1590595                    /usr/lib/x86_64-linux-gnu/gconv/gconv-modules.cache
7ff7e328b000-7ff7e348b000 rw-p 00000000 00:00 0 
7ff7e348b000-7ff7e348e000 ---p 00000000 00:00 0 
7ff7e348e000-7ff7e358c000 rw-p 00000000 00:00 0 
7ff7e358c000-7ff7e3595000 r-xp 00000000 08:07 1201548                    /home/chivu/Downloads/android-studio-p/jre/jre/lib/amd64/libmanagement.so
7ff7e3595000-7ff7e3794000 ---p 00009000 08:07 1201548                    /home/chivu/Downloads/android-studio-p/jre/jre/lib/amd64/libmanagement.so
7ff7e3794000-7ff7e3795000 r--p 00008000 08:07 1201548                    /home/chivu/Downloads/android-studio-p/jre/jre/lib/amd64/libmanagement.so
7ff7e3795000-7ff7e3796000 rw-p 00009000 08:07 1201548                    /home/chivu/Downloads/android-studio-p/jre/jre/lib/amd64/libmanagement.so
7ff7e3796000-7ff7e379b000 r--s 00098000 08:07 1201512                    /home/chivu/Downloads/android-studio-p/jre/jre/lib/jsse.jar
7ff7e379b000-7ff7e379d000 r--s 00007000 08:07 1189108                    /home/chivu/.gradle/wrapper/dists/gradle-3.3-all/55gk2rcmfc6p2dg9u9ohc3hw9/gradle-3.3/lib/plugins/gradle-tooling-api-builders-3.3.jar
7ff7e379d000-7ff7e37a0000 r--s 00009000 08:07 1189101                    /home/chivu/.gradle/wrapper/dists/gradle-3.3-all/55gk2rcmfc6p2dg9u9ohc3hw9/gradle-3.3/lib/plugins/gradle-testing-native-3.3.jar
7ff7e37a0000-7ff7e37a6000 r--s 00033000 08:07 1189176                    /home/chivu/.gradle/wrapper/dists/gradle-3.3-all/55gk2rcmfc6p2dg9u9ohc3hw9/gradle-3.3/lib/plugins/snakeyaml-1.6.jar
7ff7e37a6000-7ff7e37a8000 r--s 00006000 08:07 1189175                    /home/chivu/.gradle/wrapper/dists/gradle-3.3-all/55gk2rcmfc6p2dg9u9ohc3hw9/gradle-3.3/lib/plugins/jcommander-1.12.jar
7ff7e37a8000-7ff7e37ad000 r--s 00040000 08:07 1189174                    /home/chivu/.gradle/wrapper/dists/gradle-3.3-all/55gk2rcmfc6p2dg9u9ohc3hw9/gradle-3.3/lib/plugins/bsh-2.0b4.jar
7ff7e37ad000-7ff7e37af000 r--s 00009000 08:07 1189182                    /home/chivu/.gradle/wrapper/dists/gradle-3.3-all/55gk2rcmfc6p2dg9u9ohc3hw9/gradle-3.3/lib/plugins/hamcrest-core-1.3.jar
7ff7e37af000-7ff7e37b8000 r--s 00089000 08:07 1189133                    /home/chivu/.gradle/wrapper/dists/gradle-3.3-all/55gk2rcmfc6p2dg9u9ohc3hw9/gradle-3.3/lib/plugins/testng-6.3.1.jar
7ff7e37b8000-7ff7e37c0000 r--s 00045000 08:07 1189132                    /home/chivu/.gradle/wrapper/dists/gradle-3.3-all/55gk2rcmfc6p2dg9u9ohc3hw9/gradle-3.3/lib/plugins/junit-4.12.jar
7ff7e37c0000-7ff7e37c6000 r--s 0002e000 08:07 1189102                    /home/chivu/.gradle/wrapper/dists/gradle-3.3-all/55gk2rcmfc6p2dg9u9ohc3hw9/gradle-3.3/lib/plugins/gradle-testing-jvm-3.3.jar
7ff7e37c6000-7ff7e37ca000 r--s 00016000 08:07 1189100                    /home/chivu/.gradle/wrapper/dists/gradle-3.3-all/55gk2rcmfc6p2dg9u9ohc3hw9/gradle-3.3/lib/plugins/gradle-testing-base-3.3.jar
7ff7e37ca000-7ff7e37d1000 r--s 00038000 08:07 1189127                    /home/chivu/.gradle/wrapper/dists/gradle-3.3-all/55gk2rcmfc6p2dg9u9ohc3hw9/gradle-3.3/lib/plugins/bcpg-jdk15on-1.51.jar
7ff7e37d1000-7ff7e37d3000 r--s 0000c000 08:07 1189079                    /home/chivu/.gradle/wrapper/dists/gradle-3.3-all/55gk2rcmfc6p2dg9u9ohc3hw9/gradle-3.3/lib/plugins/gradle-signing-3.3.jar
7ff7e37d3000-7ff7e37d5000 r--s 00007000 08:07 1189078                    /home/chivu/.gradle/wrapper/dists/gradle-3.3-all/55gk2rcmfc6p2dg9u9ohc3hw9/gradle-3.3/lib/plugins/gradle-scala-3.3.jar
7ff7e37d5000-7ff7e37e5000 r--s 00088000 08:07 1189143                    /home/chivu/.gradle/wrapper/dists/gradle-3.3-all/55gk2rcmfc6p2dg9u9ohc3hw9/gradle-3.3/lib/plugins/joda-time-2.8.2.jar
7ff7e37e5000-7ff7e37f6000 r--s 0010d000 08:07 1189142                    /home/chivu/.gradle/wrapper/dists/gradle-3.3-all/55gk2rcmfc6p2dg9u9ohc3hw9/gradle-3.3/lib/plugins/jackson-databind-2.6.6.jar
7ff7e37f6000-7ff7e37f9000 r--s 00009000 08:07 1189141                    /home/chivu/.gradle/wrapper/dists/gradle-3.3-all/55gk2rcmfc6p2dg9u9ohc3hw9/gradle-3.3/lib/plugins/jackson-annotations-2.6.6.jar
7ff7e37f9000-7ff7e37fd000 r--s 0003c000 08:07 1189140                    /home/chivu/.gradle/wrapper/dists/gradle-3.3-all/55gk2rcmfc6p2dg9u9ohc3hw9/gradle-3.3/lib/plugins/jackson-core-2.6.6.jar
7ff7e37fd000-7ff7e380b000 r--s 00087000 08:07 1189139                    /home/chivu/.gradle/wrapper/dists/gradle-3.3-all/55gk2rcmfc6p2dg9u9ohc3hw9/gradle-3.3/lib/plugins/aws-java-sdk-core-1.11.6.jar
7ff7e380b000-7ff7e3812000 r--s 00057000 08:07 1189138                    /home/chivu/.gradle/wrapper/dists/gradle-3.3-all/55gk2rcmfc6p2dg9u9ohc3hw9/gradle-3.3/lib/plugins/aws-java-sdk-kms-1.11.6.jar
7ff7e3812000-7ff7e381f000 r--s 0008e000 08:07 1189137                    /home/chivu/.gradle/wrapper/dists/gradle-3.3-all/55gk2rcmfc6p2dg9u9ohc3hw9/gradle-3.3/lib/plugins/aws-java-sdk-s3-1.11.6.jar
7ff7e381f000-7ff7e3821000 r--s 00004000 08:07 1189107                    /home/chivu/.gradle/wrapper/dists/gradle-3.3-all/55gk2rcmfc6p2dg9u9ohc3hw9/gradle-3.3/lib/plugins/gradle-resources-s3-3.3.jar
7ff7e3821000-7ff7e3823000 r--s 00005000 08:07 1189131                    /home/chivu/.gradle/wrapper/dists/gradle-3.3-all/55gk2rcmfc6p2dg9u9ohc3hw9/gradle-3.3/lib/plugins/jatl-0.2.2.jar
7ff7e3823000-7ff7e3825000 r--s 0000f000 08:07 1189084                    /home/chivu/.gradle/wrapper/dists/gradle-3.3-all/55gk2rcmfc6p2dg9u9ohc3hw9/gradle-3.3/lib/plugins/gradle-reporting-3.3.jar
7ff7e3825000-7ff7e3827000 r--s 00002000 08:07 1189085                    /home/chivu/.gradle/wrapper/dists/gradle-3.3-all/55gk2rcmfc6p2dg9u9ohc3hw9/gradle-3.3/lib/plugins/gradle-publish-3.3.jar
7ff7e3827000-7ff7e382d000 r--s 00031000 08:07 1189070                    /home/chivu/.gradle/wrapper/dists/gradle-3.3-all/55gk2rcmfc6p2dg9u9ohc3hw9/gradle-3.3/lib/plugins/gradle-plugins-3.3.jar
7ff7e382d000-7ff7e383b000 r--s 00055000 08:07 1189095                    /home/chivu/.gradle/wrapper/dists/gradle-3.3-all/55gk2rcmfc6p2dg9u9ohc3hw9/gradle-3.3/lib/plugins/gradle-platform-native-3.3.jar
7ff7e383b000-7ff7e3863000 r--s 0021c000 08:07 1189122                    /home/chivu/.gradle/wrapper/dists/gradle-3.3-all/55gk2rcmfc6p2dg9u9ohc3hw9/gradle-3.3/lib/plugins/biz.aQute.bndlib-3.2.0.jar
7ff7e3863000-7ff7e3879000 r-xp 00000000 08:07 529479                     /lib/x86_64-linux-gnu/libgcc_s.so.1
7ff7e3879000-7ff7e3a78000 ---p 00016000 08:07 529479                     /lib/x86_64-linux-gnu/libgcc_s.so.1
7ff7e3a78000-7ff7e3a79000 rw-p 00015000 08:07 529479                     /lib/x86_64-linux-gnu/libgcc_s.so.1
7ff7e3a79000-7ff7e3beb000 r-xp 00000000 08:07 1312856                    /usr/lib/x86_64-linux-gnu/libstdc++.so.6.0.21
7ff7e3beb000-7ff7e3deb000 ---p 00172000 08:07 1312856                    /usr/lib/x86_64-linux-gnu/libstdc++.so.6.0.21
7ff7e3deb000-7ff7e3df5000 r--p 00172000 08:07 1312856                    /usr/lib/x86_64-linux-gnu/libstdc++.so.6.0.21
7ff7e3df5000-7ff7e3df7000 rw-p 0017c000 08:07 1312856                    /usr/lib/x86_64-linux-gnu/libstdc++.so.6.0.21
7ff7e3df7000-7ff7e3dfb000 rw-p 00000000 00:00 0 
7ff7e3dfb000-7ff7e3e00000 r-xp 00000000 08:07 932602                     /home/chivu/.gradle/native/23/linux-amd64/libnative-platform.so
7ff7e3e00000-7ff7e3fff000 ---p 00005000 08:07 932602                     /home/chivu/.gradle/native/23/linux-amd64/libnative-platform.so
7ff7e3fff000-7ff7e4000000 rw-p 00004000 08:07 932602                     /home/chivu/.gradle/native/23/linux-amd64/libnative-platform.so
7ff7e4000000-7ff7e4131000 rw-p 00000000 00:00 0 
7ff7e4131000-7ff7e8000000 ---p 00000000 00:00 0 
7ff7e8000000-7ff7e8001000 r--s 00004000 08:07 1189106                    /home/chivu/.gradle/wrapper/dists/gradle-3.3-all/55gk2rcmfc6p2dg9u9ohc3hw9/gradle-3.3/lib/plugins/gradle-resources-sftp-3.3.jar
7ff7e8001000-7ff7e8003000 r--s 00009000 08:07 1189114                    /home/chivu/.gradle/wrapper/dists/gradle-3.3-all/55gk2rcmfc6p2dg9u9ohc3hw9/gradle-3.3/lib/plugins/commons-cli-1.2.jar
7ff7e8003000-7ff7e8005000 r--s 00009000 08:07 1189103                    /home/chivu/.gradle/wrapper/dists/gradle-3.3-all/55gk2rcmfc6p2dg9u9ohc3hw9/gradle-3.3/lib/plugins/gradle-plugin-development-3.3.jar
7ff7e8005000-7ff7e800b000 r--s 0002b000 08:07 1189096                    /home/chivu/.gradle/wrapper/dists/gradle-3.3-all/55gk2rcmfc6p2dg9u9ohc3hw9/gradle-3.3/lib/plugins/gradle-platform-play-3.3.jar
7ff7e800b000-7ff7e8010000 r--s 0001f000 08:07 1189090                    /home/chivu/.gradle/wrapper/dists/gradle-3.3-all/55gk2rcmfc6p2dg9u9ohc3hw9/gradle-3.3/lib/plugins/gradle-platform-jvm-3.3.jar
7ff7e8010000-7ff7e8018000 r--s 00027000 08:07 1189089                    /home/chivu/.gradle/wrapper/dists/gradle-3.3-all/55gk2rcmfc6p2dg9u9ohc3hw9/gradle-3.3/lib/plugins/gradle-platform-base-3.3.jar
7ff7e8018000-7ff7e801a000 r--s 00003000 08:07 1189074                    /home/chivu/.gradle/wrapper/dists/gradle-3.3-all/55gk2rcmfc6p2dg9u9ohc3hw9/gradle-3.3/lib/plugins/gradle-osgi-3.3.jar
7ff7e801a000-7ff7e801d000 r--s 0000c000 08:07 1189125                    /home/chivu/.gradle/wrapper/dists/gradle-3.3-all/55gk2rcmfc6p2dg9u9ohc3hw9/gradle-3.3/lib/plugins/pmaven-groovy-0.8-20100325.jar
7ff7e801d000-7ff7e801e000 r--s 00004000 08:07 1189124                    /home/chivu/.gradle/wrapper/dists/gradle-3.3-all/55gk2rcmfc6p2dg9u9ohc3hw9/gradle-3.3/lib/plugins/pmaven-common-0.8-20100325.jar
7ff7e801e000-7ff7e8024000 r--s 00023000 08:07 1189075                    /home/chivu/.gradle/wrapper/dists/gradle-3.3-all/55gk2rcmfc6p2dg9u9ohc3hw9/gradle-3.3/lib/plugins/gradle-maven-3.3.jar
7ff7e8024000-7ff7e8027000 r--s 0000b000 08:07 1189094                    /home/chivu/.gradle/wrapper/dists/gradle-3.3-all/55gk2rcmfc6p2dg9u9ohc3hw9/gradle-3.3/lib/plugins/gradle-language-scala-3.3.jar
7ff7e8027000-7ff7e802d000 r--s 0001a000 08:07 1189098                    /home/chivu/.gradle/wrapper/dists/gradle-3.3-all/55gk2rcmfc6p2dg9u9ohc3hw9/gradle-3.3/lib/plugins/gradle-language-native-3.3.jar
7ff7e802d000-7ff7e8030000 r--s 00005000 08:07 1189091                    /home/chivu/.gradle/wrapper/dists/gradle-3.3-all/55gk2rcmfc6p2dg9u9ohc3hw9/gradle-3.3/lib/plugins/gradle-language-jvm-3.3.jar
7ff7e8030000-7ff7e8036000 r--s 00027000 08:07 1189092                    /home/chivu/.gradle/wrapper/dists/gradle-3.3-all/55gk2rcmfc6p2dg9u9ohc3hw9/gradle-3.3/lib/plugins/gradle-language-java-3.3.jar
7ff7e8036000-7ff7e8038000 r--s 0000a000 08:07 1189093                    /home/chivu/.gradle/wrapper/dists/gradle-3.3-all/55gk2rcmfc6p2dg9u9ohc3hw9/gradle-3.3/lib/plugins/gradle-language-groovy-3.3.jar
7ff7e8038000-7ff7e803b000 r--s 0001e000 08:07 1189149                    /home/chivu/.gradle/wrapper/dists/gradle-3.3-all/55gk2rcmfc6p2dg9u9ohc3hw9/gradle-3.3/lib/plugins/jsp-api-2.1-6.1.14.jar
7ff7e803b000-7ff7e805e000 r--s 00344000 08:07 1189148                    /home/chivu/.gradle/wrapper/dists/gradle-3.3-all/55gk2rcmfc6p2dg9u9ohc3hw9/gradle-3.3/lib/plugins/core-3.1.1.jar
7ff7e805e000-7ff7e805f000 r--s 00006000 08:07 1189147                    /home/chivu/.gradle/wrapper/dists/gradle-3.3-all/55gk2rcmfc6p2dg9u9ohc3hw9/gradle-3.3/lib/plugins/jetty-naming-6.1.26.jar
7ff7e805f000-7ff7e8060000 r--s 00002000 08:07 1189121                    /home/chivu/.gradle/wrapper/dists/gradle-3.3-all/55gk2rcmfc6p2dg9u9ohc3hw9/gradle-3.3/lib/plugins/geronimo-annotation_1.0_spec-1.0.jar
7ff7e8060000-7ff7e8062000 r--s 00002000 08:07 1189120                    /home/chivu/.gradle/wrapper/dists/gradle-3.3-all/55gk2rcmfc6p2dg9u9ohc3hw9/gradle-3.3/lib/plugins/jetty-annotations-6.1.26.jar
7ff7e8062000-7ff7e8073000 r--s 000ea000 08:07 1189119                    /home/chivu/.gradle/wrapper/dists/gradle-3.3-all/55gk2rcmfc6p2dg9u9ohc3hw9/gradle-3.3/lib/plugins/jsp-2.1-6.1.14.jar
7ff7e8073000-7ff7e8075000 r--s 0000d000 08:07 1189118                    /home/chivu/.gradle/wrapper/dists/gradle-3.3-all/55gk2rcmfc6p2dg9u9ohc3hw9/gradle-3.3/lib/plugins/jetty-plus-6.1.26.jar
7ff7e8075000-7ff7e8077000 r--s 0001f000 08:07 1189117                    /home/chivu/.gradle/wrapper/dists/gradle-3.3-all/55gk2rcmfc6p2dg9u9ohc3hw9/gradle-3.3/lib/plugins/servlet-api-2.5-20081211.jar
7ff7e8077000-7ff7e807b000 r--s 00028000 08:07 1189116                    /home/chivu/.gradle/wrapper/dists/gradle-3.3-all/55gk2rcmfc6p2dg9u9ohc3hw9/gradle-3.3/lib/plugins/jetty-util-6.1.26.jar
7ff7e807b000-7ff7e8082000 r--s 0007d000 08:07 1189115                    /home/chivu/.gradle/wrapper/dists/gradle-3.3-all/55gk2rcmfc6p2dg9u9ohc3hw9/gradle-3.3/lib/plugins/jetty-6.1.26.jar
7ff7e8082000-7ff7e8084000 r--s 0000a000 08:07 1189072                    /home/chivu/.gradle/wrapper/dists/gradle-3.3-all/55gk2rcmfc6p2dg9u9ohc3hw9/gradle-3.3/lib/plugins/gradle-jetty-3.3.jar
7ff7e8084000-7ff7e808b000 r--s 00035000 08:07 1189130                    /home/chivu/.gradle/wrapper/dists/gradle-3.3-all/55gk2rcmfc6p2dg9u9ohc3hw9/gradle-3.3/lib/plugins/simple-4.1.21.jar
7ff7e808b000-7ff7e8097000 r--s 00100000 08:07 1189128                    /home/chivu/.gradle/wrapper/dists/gradle-3.3-all/55gk2rcmfc6p2dg9u9ohc3hw9/gradle-3.3/lib/plugins/rhino-1.7R3.jar
7ff7e8097000-7ff7e809b000 r--s 00012000 08:07 1189081                    /home/chivu/.gradle/wrapper/dists/gradle-3.3-all/55gk2rcmfc6p2dg9u9ohc3hw9/gradle-3.3/lib/plugins/gradle-javascript-3.3.jar
7ff7e809b000-7ff7e809d000 r--s 0000d000 08:07 1189087                    /home/chivu/.gradle/wrapper/dists/gradle-3.3-all/55gk2rcmfc6p2dg9u9ohc3hw9/gradle-3.3/lib/plugins/gradle-jacoco-3.3.jar
7ff7e809d000-7ff7e80a0000 r--s 0000e000 08:07 1189086                    /home/chivu/.gradle/wrapper/dists/gradle-3.3-all/55gk2rcmfc6p2dg9u9ohc3hw9/gradle-3.3/lib/plugins/gradle-ivy-3.3.jar
7ff7e80a0000-7ff7e80a1000 r--s 00002000 08:07 1189097                    /home/chivu/.gradle/wrapper/dists/gradle-3.3-all/55gk2rcmfc6p2dg9u9ohc3hw9/gradle-3.3/lib/plugins/gradle-ide-play-3.3.jar
7ff7e80a1000-7ff7e80a4000 r--s 00013000 08:07 1189099                    /home/chivu/.gradle/wrapper/dists/gradle-3.3-all/55gk2rcmfc6p2dg9u9ohc3hw9/gradle-3.3/lib/plugins/gradle-ide-native-3.3.jar
7ff7e80a4000-7ff7e80ad000 r--s 00055000 08:07 1189076                    /home/chivu/.gradle/wrapper/dists/gradle-3.3-all/55gk2rcmfc6p2dg9u9ohc3hw9/gradle-3.3/lib/plugins/gradle-ide-3.3.jar
7ff7e80ad000-7ff7e80af000 r--s 00007000 08:07 1189080                    /home/chivu/.gradle/wrapper/dists/gradle-3.3-all/55gk2rcmfc6p2dg9u9ohc3hw9/gradle-3.3/lib/plugins/gradle-ear-3.3.jar
7ff7e80af000-7ff7e80b5000 r--s 00039000 08:07 1189083                    /home/chivu/.gradle/wrapper/dists/gradle-3.3-all/55gk2rcmfc6p2dg9u9ohc3hw9/gradle-3.3/lib/plugins/gradle-diagnostics-3.3.jar
7ff7e80b5000-7ff7e80b6000 r--s 00009000 08:07 1189109                    /home/chivu/.gradle/wrapper/dists/gradle-3.3-all/55gk2rcmfc6p2dg9u9ohc3hw9/gradle-3.3/lib/plugins/gradle-composite-builds-3.3.jar
7ff7e80b6000-7ff7e80ba000 r--s 00023000 08:07 1189071                    /home/chivu/.gradle/wrapper/dists/gradle-3.3-all/55gk2rcmfc6p2dg9u9ohc3hw9/gradle-3.3/lib/plugins/gradle-code-quality-3.3.jar
7ff7e80ba000-7ff7e80be000 r--s 00022000 08:07 1189088                    /home/chivu/.gradle/wrapper/dists/gradle-3.3-all/55gk2rcmfc6p2dg9u9ohc3hw9/gradle-3.3/lib/plugins/gradle-build-init-3.3.jar
7ff7e80be000-7ff7e80c4000 r--s 0008e000 08:07 1189082                    /home/chivu/.gradle/wrapper/dists/gradle-3.3-all/55gk2rcmfc6p2dg9u9ohc3hw9/gradle-3.3/lib/plugins/gradle-build-comparison-3.3.jar
7ff7e80c4000-7ff7e80c5000 r--s 00001000 08:07 1189110                    /home/chivu/.gradle/wrapper/dists/gradle-3.3-all/55gk2rcmfc6p2dg9u9ohc3hw9/gradle-3.3/lib/plugins/gradle-build-cache-http-3.3.jar
7ff7e80c5000-7ff7e80c7000 r--s 00008000 08:07 1189073                    /home/chivu/.gradle/wrapper/dists/gradle-3.3-all/55gk2rcmfc6p2dg9u9ohc3hw9/gradle-3.3/lib/plugins/gradle-antlr-3.3.jar
7ff7e80c7000-7ff7e80c9000 r--s 00004000 08:07 1189077                    /home/chivu/.gradle/wrapper/dists/gradle-3.3-all/55gk2rcmfc6p2dg9u9ohc3hw9/gradle-3.3/lib/plugins/gradle-announce-3.3.jar
7ff7e80c9000-7ff7e80e1000 r--s 00115000 08:07 1189179                    /home/chivu/.gradle/wrapper/dists/gradle-3.3-all/55gk2rcmfc6p2dg9u9ohc3hw9/gradle-3.3/lib/plugins/xercesImpl-2.9.1.jar
7ff7e80e1000-7ff7e80e9000 r--s 00028000 08:07 1189180                    /home/chivu/.gradle/wrapper/dists/gradle-3.3-all/55gk2rcmfc6p2dg9u9ohc3hw9/gradle-3.3/lib/plugins/xml-apis-1.3.04.jar
7ff7e80e9000-7ff7e80ef000 r--s 0005b000 08:07 1189178                    /home/chivu/.gradle/wrapper/dists/gradle-3.3-all/55gk2rcmfc6p2dg9u9ohc3hw9/gradle-3.3/lib/plugins/jcifs-1.3.17.jar
7ff7e80ef000-7ff7e80f5000 r--s 00033000 08:07 1189126                    /home/chivu/.gradle/wrapper/dists/gradle-3.3-all/55gk2rcmfc6p2dg9u9ohc3hw9/gradle-3.3/lib/plugins/commons-codec-1.6.jar
7ff7e80f5000-7ff7e80fc000 r--s 00049000 08:07 1189177                    /home/chivu/.gradle/wrapper/dists/gradle-3.3-all/55gk2rcmfc6p2dg9u9ohc3hw9/gradle-3.3/lib/plugins/httpcore-4.4.4.jar
7ff7e80fc000-7ff7e80ff000 r--s 0001c000 08:07 1189135                    /home/chivu/.gradle/wrapper/dists/gradle-3.3-all/55gk2rcmfc6p2dg9u9ohc3hw9/gradle-3.3/lib/plugins/nekohtml-1.9.14.jar
7ff7e80ff000-7ff7e810c000 r--s 000a4000 08:07 1189134                    /home/chivu/.gradle/wrapper/dists/gradle-3.3-all/55gk2rcmfc6p2dg9u9ohc3hw9/gradle-3.3/lib/plugins/httpclient-4.4.1.jar
7ff7e810c000-7ff7e810f000 r--s 0000a000 08:07 1189105                    /home/chivu/.gradle/wrapper/dists/gradle-3.3-all/55gk2rcmfc6p2dg9u9ohc3hw9/gradle-3.3/lib/plugins/gradle-resources-http-3.3.jar
7ff7e810f000-7ff7e8113000 r--s 00015000 08:07 1189104                    /home/chivu/.gradle/wrapper/dists/gradle-3.3-all/55gk2rcmfc6p2dg9u9ohc3hw9/gradle-3.3/lib/plugins/gradle-plugin-use-3.3.jar
7ff7e8113000-7ff7e8114000 r--s 00000000 08:07 1189016                    /home/chivu/.gradle/wrapper/dists/gradle-3.3-all/55gk2rcmfc6p2dg9u9ohc3hw9/gradle-3.3/lib/gradle-installation-beacon-3.3.jar
7ff7e8114000-7ff7e8116000 r--s 00006000 08:07 1189173                    /home/chivu/.gradle/wrapper/dists/gradle-3.3-all/55gk2rcmfc6p2dg9u9ohc3hw9/gradle-3.3/lib/plugins/aether-connector-wagon-1.13.1.jar
7ff7e8116000-7ff7e811a000 r--s 0001c000 08:07 1189172                    /home/chivu/.gradle/wrapper/dists/gradle-3.3-all/55gk2rcmfc6p2dg9u9ohc3hw9/gradle-3.3/lib/plugins/aether-util-1.13.1.jar
7ff7e811a000-7ff7e811b000 r--s 00003000 08:07 1189171                    /home/chivu/.gradle/wrapper/dists/gradle-3.3-all/55gk2rcmfc6p2dg9u9ohc3hw9/gradle-3.3/lib/plugins/aether-spi-1.13.1.jar
7ff7e811b000-7ff7e811e000 r--s 0001d000 08:07 1189170                    /home/chivu/.gradle/wrapper/dists/gradle-3.3-all/55gk2rcmfc6p2dg9u9ohc3hw9/gradle-3.3/lib/plugins/aether-impl-1.13.1.jar
7ff7e811e000-7ff7e8121000 r--s 00013000 08:07 1189169                    /home/chivu/.gradle/wrapper/dists/gradle-3.3-all/55gk2rcmfc6p2dg9u9ohc3hw9/gradle-3.3/lib/plugins/aether-api-1.13.1.jar
7ff7e8121000-7ff7e8122000 r--s 00007000 08:07 1189168                    /home/chivu/.gradle/wrapper/dists/gradle-3.3-all/55gk2rcmfc6p2dg9u9ohc3hw9/gradle-3.3/lib/plugins/wagon-http-shared4-2.4.jar
7ff7e8122000-7ff7e8124000 r--s 0000b000 08:07 1189167                    /home/chivu/.gradle/wrapper/dists/gradle-3.3-all/55gk2rcmfc6p2dg9u9ohc3hw9/gradle-3.3/lib/plugins/wagon-provider-api-2.4.jar
7ff7e8124000-7ff7e8125000 r--s 00002000 08:07 1189166                    /home/chivu/.gradle/wrapper/dists/gradle-3.3-all/55gk2rcmfc6p2dg9u9ohc3hw9/gradle-3.3/lib/plugins/wagon-http-2.4.jar
7ff7e8125000-7ff7e8126000 r--s 00002000 08:07 1189165                    /home/chivu/.gradle/wrapper/dists/gradle-3.3-all/55gk2rcmfc6p2dg9u9ohc3hw9/gradle-3.3/lib/plugins/wagon-file-2.4.jar
7ff7e8126000-7ff7e8128000 r--s 0000c000 08:07 1189164                    /home/chivu/.gradle/wrapper/dists/gradle-3.3-all/55gk2rcmfc6p2dg9u9ohc3hw9/gradle-3.3/lib/plugins/maven-aether-provider-3.0.4.jar
7ff7e8128000-7ff7e812a000 r--s 0000b000 08:07 1189163                    /home/chivu/.gradle/wrapper/dists/gradle-3.3-all/55gk2rcmfc6p2dg9u9ohc3hw9/gradle-3.3/lib/plugins/maven-plugin-api-3.0.4.jar
7ff7e812a000-7ff7e812c000 r--s 00006000 08:07 1189162                    /home/chivu/.gradle/wrapper/dists/gradle-3.3-all/55gk2rcmfc6p2dg9u9ohc3hw9/gradle-3.3/lib/plugins/maven-repository-metadata-3.0.4.jar
7ff7e812c000-7ff7e812e000 r--s 0000b000 08:07 1189161                    /home/chivu/.gradle/wrapper/dists/gradle-3.3-all/55gk2rcmfc6p2dg9u9ohc3hw9/gradle-3.3/lib/plugins/maven-artifact-3.0.4.jar
7ff7e812e000-7ff7e8130000 r--s 00026000 08:07 1189160                    /home/chivu/.gradle/wrapper/dists/gradle-3.3-all/55gk2rcmfc6p2dg9u9ohc3hw9/gradle-3.3/lib/plugins/maven-model-3.0.4.jar
7ff7e8130000-7ff7e8134000 r--s 00021000 08:07 1189159                    /home/chivu/.gradle/wrapper/dists/gradle-3.3-all/55gk2rcmfc6p2dg9u9ohc3hw9/gradle-3.3/lib/plugins/maven-model-builder-3.0.4.jar
7ff7e8134000-7ff7e813a000 r--s 0003f000 08:07 1189158                    /home/chivu/.gradle/wrapper/dists/gradle-3.3-all/55gk2rcmfc6p2dg9u9ohc3hw9/gradle-3.3/lib/plugins/maven-compat-3.0.4.jar
7ff7e813a000-7ff7e813b000 r--s 00006000 08:07 1189157                    /home/chivu/.gradle/wrapper/dists/gradle-3.3-all/55gk2rcmfc6p2dg9u9ohc3hw9/gradle-3.3/lib/plugins/plexus-sec-dispatcher-1.3.jar
7ff7e813b000-7ff7e813d000 r--s 00002000 08:07 1189156                    /home/chivu/.gradle/wrapper/dists/gradle-3.3-all/55gk2rcmfc6p2dg9u9ohc3hw9/gradle-3.3/lib/plugins/plexus-cipher-1.7.jar
7ff7e813d000-7ff7e813f000 r--s 0000a000 08:07 1189155                    /home/chivu/.gradle/wrapper/dists/gradle-3.3-all/55gk2rcmfc6p2dg9u9ohc3hw9/gradle-3.3/lib/plugins/plexus-classworlds-2.4.jar
7ff7e813f000-7ff7e8146000 r--s 0002e000 08:07 1189154                    /home/chivu/.gradle/wrapper/dists/gradle-3.3-all/55gk2rcmfc6p2dg9u9ohc3hw9/gradle-3.3/lib/plugins/plexus-container-default-1.5.5.jar
7ff7e8146000-7ff7e8148000 r--s 00000000 08:07 1189181                    /home/chivu/.gradle/wrapper/dists/gradle-3.3-all/55gk2rcmfc6p2dg9u9ohc3hw9/gradle-3.3/lib/plugins/plexus-component-annotations-1.5.5.jar
7ff7e8148000-7ff7e814a000 r--s 0000d000 08:07 1189153                    /home/chivu/.gradle/wrapper/dists/gradle-3.3-all/55gk2rcmfc6p2dg9u9ohc3hw9/gradle-3.3/lib/plugins/plexus-interpolation-1.14.jar
7ff7e814a000-7ff7e814e000 r--s 00033000 08:07 1189152                    /home/chivu/.gradle/wrapper/dists/gradle-3.3-all/55gk2rcmfc6p2dg9u9ohc3hw9/gradle-3.3/lib/plugins/plexus-utils-2.0.6.jar
7ff7e814e000-7ff7e8151000 r--s 00008000 08:07 1189151                    /home/chivu/.gradle/wrapper/dists/gradle-3.3-all/55gk2rcmfc6p2dg9u9ohc3hw9/gradle-3.3/lib/plugins/maven-settings-builder-3.0.4.jar
7ff7e8151000-7ff7e8153000 r--s 0000a000 08:07 1189150                    /home/chivu/.gradle/wrapper/dists/gradle-3.3-all/55gk2rcmfc6p2dg9u9ohc3hw9/gradle-3.3/lib/plugins/maven-settings-3.0.4.jar
7ff7e8153000-7ff7e8158000 r--s 00040000 08:07 1189136                    /home/chivu/.gradle/wrapper/dists/gradle-3.3-all/55gk2rcmfc6p2dg9u9ohc3hw9/gradle-3.3/lib/plugins/jsch-0.1.53.jar
7ff7e8158000-7ff7e8198000 r--s 00277000 08:07 1189146                    /home/chivu/.gradle/wrapper/dists/gradle-3.3-all/55gk2rcmfc6p2dg9u9ohc3hw9/gradle-3.3/lib/plugins/bcprov-jdk15on-1.51.jar
7ff7e8198000-7ff7e819c000 r--s 0001d000 08:07 1189145                    /home/chivu/.gradle/wrapper/dists/gradle-3.3-all/55gk2rcmfc6p2dg9u9ohc3hw9/gradle-3.3/lib/plugins/xbean-reflect-3.4.jar
7ff7e819c000-7ff7e81a8000 r--s 0007d000 08:07 1189123                    /home/chivu/.gradle/wrapper/dists/gradle-3.3-all/55gk2rcmfc6p2dg9u9ohc3hw9/gradle-3.3/lib/plugins/maven-core-3.0.4.jar
7ff7e81a8000-7ff7e81ad000 r--s 00034000 08:07 1189129                    /home/chivu/.gradle/wrapper/dists/gradle-3.3-all/55gk2rcmfc6p2dg9u9ohc3hw9/gradle-3.3/lib/plugins/gson-2.7.jar
7ff7e81ad000-7ff7e81bc000 r--s 000d9000 08:07 1189144                    /home/chivu/.gradle/wrapper/dists/gradle-3.3-all/55gk2rcmfc6p2dg9u9ohc3hw9/gradle-3.3/lib/plugins/ivy-2.2.0.jar
7ff7e81bc000-7ff7e81db000 r--s 000f6000 08:07 1189112                    /home/chivu/.gradle/wrapper/dists/gradle-3.3-all/55gk2rcmfc6p2dg9u9ohc3hw9/gradle-3.3/lib/plugins/gradle-dependency-management-3.3.jar
7ff7e81db000-7ff7e81dd000 r--s 00005000 08:07 1189111                    /home/chivu/.gradle/wrapper/dists/gradle-3.3-all/55gk2rcmfc6p2dg9u9ohc3hw9/gradle-3.3/lib/plugins/gradle-workers-3.3.jar
7ff7e81dd000-7ff7e81ee000 r-xp 00000000 08:07 1201545                    /home/chivu/Downloads/android-studio-p/jre/jre/lib/amd64/libnio.so
7ff7e81ee000-7ff7e83ed000 ---p 00011000 08:07 1201545                    /home/chivu/Downloads/android-studio-p/jre/jre/lib/amd64/libnio.so
7ff7e83ed000-7ff7e83ee000 r--p 00010000 08:07 1201545                    /home/chivu/Downloads/android-studio-p/jre/jre/lib/amd64/libnio.so
7ff7e83ee000-7ff7e83ef000 rw-p 00011000 08:07 1201545                    /home/chivu/Downloads/android-studio-p/jre/jre/lib/amd64/libnio.so
7ff7e83ef000-7ff7e86f0000 rw-p 00000000 00:00 0 
7ff7e86f0000-7ff7e8707000 r-xp 00000000 08:07 1201544                    /home/chivu/Downloads/android-studio-p/jre/jre/lib/amd64/libnet.so
7ff7e8707000-7ff7e8906000 ---p 00017000 08:07 1201544                    /home/chivu/Downloads/android-studio-p/jre/jre/lib/amd64/libnet.so
7ff7e8906000-7ff7e8907000 r--p 00016000 08:07 1201544                    /home/chivu/Downloads/android-studio-p/jre/jre/lib/amd64/libnet.so
7ff7e8907000-7ff7e8908000 rw-p 00017000 08:07 1201544                    /home/chivu/Downloads/android-studio-p/jre/jre/lib/amd64/libnet.so
7ff7e8908000-7ff7e8909000 r--s 00006000 08:07 1189015                    /home/chivu/.gradle/wrapper/dists/gradle-3.3-all/55gk2rcmfc6p2dg9u9ohc3hw9/gradle-3.3/lib/gradle-wrapper-3.3.jar
7ff7e8909000-7ff7e8916000 r--s 00041000 08:07 1189022                    /home/chivu/.gradle/wrapper/dists/gradle-3.3-all/55gk2rcmfc6p2dg9u9ohc3hw9/gradle-3.3/lib/gradle-tooling-api-3.3.jar
7ff7e8916000-7ff7e8918000 r--s 00002000 08:07 1189042                    /home/chivu/.gradle/wrapper/dists/gradle-3.3-all/55gk2rcmfc6p2dg9u9ohc3hw9/gradle-3.3/lib/gradle-open-api-3.3.jar
7ff7e8918000-7ff7e891e000 r--s 00032000 08:07 1189044                    /home/chivu/.gradle/wrapper/dists/gradle-3.3-all/55gk2rcmfc6p2dg9u9ohc3hw9/gradle-3.3/lib/jaxen-1.1.jar
7ff7e891e000-7ff7e8923000 r--s 00048000 08:07 1189043                    /home/chivu/.gradle/wrapper/dists/gradle-3.3-all/55gk2rcmfc6p2dg9u9ohc3hw9/gradle-3.3/lib/dom4j-1.6.1.jar
7ff7e8923000-7ff7e892e000 r--s 00059000 08:07 1189021                    /home/chivu/.gradle/wrapper/dists/gradle-3.3-all/55gk2rcmfc6p2dg9u9ohc3hw9/gradle-3.3/lib/gradle-ui-3.3.jar
7ff7e892e000-7ff7e8937000 r--s 0008c000 08:07 1189013                    /home/chivu/.gradle/wrapper/dists/gradle-3.3-all/55gk2rcmfc6p2dg9u9ohc3hw9/gradle-3.3/lib/kotlin-stdlib-1.1-M02.jar
7ff7e8937000-7ff7e893d000 r--s 0002a000 08:07 1189012                    /home/chivu/.gradle/wrapper/dists/gradle-3.3-all/55gk2rcmfc6p2dg9u9ohc3hw9/gradle-3.3/lib/kotlin-runtime-1.1-M02.jar
7ff7e893d000-7ff7e8971000 r--s 00256000 08:07 1189011                    /home/chivu/.gradle/wrapper/dists/gradle-3.3-all/55gk2rcmfc6p2dg9u9ohc3hw9/gradle-3.3/lib/kotlin-reflect-1.1-M02.jar
7ff7e8971000-7ff7e8b07000 r--s 0157e000 08:07 1189010                    /home/chivu/.gradle/wrapper/dists/gradle-3.3-all/55gk2rcmfc6p2dg9u9ohc3hw9/gradle-3.3/lib/kotlin-compiler-embeddable-1.1-M02.jar
7ff7e8b07000-7ff7e8b0f000 r--s 0004e000 08:07 1189009                    /home/chivu/.gradle/wrapper/dists/gradle-3.3-all/55gk2rcmfc6p2dg9u9ohc3hw9/gradle-3.3/lib/gradle-script-kotlin-0.5.1.jar
7ff7e8b0f000-7ff7e8b12000 r--s 0000b000 08:07 1189040                    /home/chivu/.gradle/wrapper/dists/gradle-3.3-all/55gk2rcmfc6p2dg9u9ohc3hw9/gradle-3.3/lib/gradle-resources-3.3.jar
7ff7e8b12000-7ff7e8b14000 r--s 00003000 08:07 1189049                    /home/chivu/.gradle/wrapper/dists/gradle-3.3-all/55gk2rcmfc6p2dg9u9ohc3hw9/gradle-3.3/lib/jcl-over-slf4j-1.7.10.jar
7ff7e8b14000-7ff7e8b15000 r--s 00005000 08:07 1189048                    /home/chivu/.gradle/wrapper/dists/gradle-3.3-all/55gk2rcmfc6p2dg9u9ohc3hw9/gradle-3.3/lib/log4j-over-slf4j-1.7.10.jar
7ff7e8b15000-7ff7e8b17000 r--s 00000000 08:07 1189047                    /home/chivu/.gradle/wrapper/dists/gradle-3.3-all/55gk2rcmfc6p2dg9u9ohc3hw9/gradle-3.3/lib/jul-to-slf4j-1.7.10.jar
7ff7e8b17000-7ff7e8b1c000 r--s 0001e000 08:07 1189024                    /home/chivu/.gradle/wrapper/dists/gradle-3.3-all/55gk2rcmfc6p2dg9u9ohc3hw9/gradle-3.3/lib/gradle-logging-3.3.jar
7ff7e8b1c000-7ff7e8b1e000 r--s 00007000 08:07 1189068                    /home/chivu/.gradle/wrapper/dists/gradle-3.3-all/55gk2rcmfc6p2dg9u9ohc3hw9/gradle-3.3/lib/objenesis-1.2.jar
7ff7e8b1e000-7ff7e8b20000 r--s 00000000 08:07 1189067                    /home/chivu/.gradle/wrapper/dists/gradle-3.3-all/55gk2rcmfc6p2dg9u9ohc3hw9/gradle-3.3/lib/minlog-1.2.jar
7ff7e8b20000-7ff7e8b22000 r--s 0000f000 08:07 1189066                    /home/chivu/.gradle/wrapper/dists/gradle-3.3-all/55gk2rcmfc6p2dg9u9ohc3hw9/gradle-3.3/lib/reflectasm-1.07-shaded.jar
7ff7e8b22000-7ff7e8b26000 r--s 00026000 08:07 1189051                    /home/chivu/.gradle/wrapper/dists/gradle-3.3-all/55gk2rcmfc6p2dg9u9ohc3hw9/gradle-3.3/lib/kryo-2.20.jar
7ff7e8b26000-7ff7e8b2c000 r--s 00027000 08:07 1189039                    /home/chivu/.gradle/wrapper/dists/gradle-3.3-all/55gk2rcmfc6p2dg9u9ohc3hw9/gradle-3.3/lib/gradle-messaging-3.3.jar
7ff7e8b2c000-7ff7e8b2d000 r--s 00001000 08:07 1189065                    /home/chivu/.gradle/wrapper/dists/gradle-3.3-all/55gk2rcmfc6p2dg9u9ohc3hw9/gradle-3.3/lib/native-platform-linux-i386-ncurses6-0.12.jar
7ff7e8b2d000-7ff7e8b2e000 r--s 00001000 08:07 1189064                    /home/chivu/.gradle/wrapper/dists/gradle-3.3-all/55gk2rcmfc6p2dg9u9ohc3hw9/gradle-3.3/lib/native-platform-linux-i386-ncurses5-0.12.jar
7ff7e8b2e000-7ff7e8b2f000 r--s 00001000 08:07 1189063                    /home/chivu/.gradle/wrapper/dists/gradle-3.3-all/55gk2rcmfc6p2dg9u9ohc3hw9/gradle-3.3/lib/native-platform-linux-amd64-ncurses6-0.12.jar
7ff7e8b2f000-7ff7e8b30000 r--s 00001000 08:07 1189062                    /home/chivu/.gradle/wrapper/dists/gradle-3.3-all/55gk2rcmfc6p2dg9u9ohc3hw9/gradle-3.3/lib/native-platform-linux-amd64-ncurses5-0.12.jar
7ff7e8b30000-7ff7e8b31000 r--s 0000b000 08:07 1189061                    /home/chivu/.gradle/wrapper/dists/gradle-3.3-all/55gk2rcmfc6p2dg9u9ohc3hw9/gradle-3.3/lib/native-platform-windows-i386-0.12.jar
7ff7e8b31000-7ff7e8b33000 r--s 0000b000 08:07 1189060                    /home/chivu/.gradle/wrapper/dists/gradle-3.3-all/55gk2rcmfc6p2dg9u9ohc3hw9/gradle-3.3/lib/native-platform-windows-amd64-0.12.jar
7ff7e8b33000-7ff7e8b35000 r--s 00002000 08:07 1189059                    /home/chivu/.gradle/wrapper/dists/gradle-3.3-all/55gk2rcmfc6p2dg9u9ohc3hw9/gradle-3.3/lib/native-platform-osx-i386-0.12.jar
7ff7e8b35000-7ff7e8b36000 r--s 00002000 08:07 1189058                    /home/chivu/.gradle/wrapper/dists/gradle-3.3-all/55gk2rcmfc6p2dg9u9ohc3hw9/gradle-3.3/lib/native-platform-osx-amd64-0.12.jar
7ff7e8b36000-7ff7e8b45000 r--s 0007f000 08:07 1189030                    /home/chivu/.gradle/wrapper/dists/gradle-3.3-all/55gk2rcmfc6p2dg9u9ohc3hw9/gradle-3.3/lib/gradle-model-core-3.3.jar
7ff7e8b45000-7ff7e8bb5000 r--s 00641000 08:07 1189029                    /home/chivu/.gradle/wrapper/dists/gradle-3.3-all/55gk2rcmfc6p2dg9u9ohc3hw9/gradle-3.3/lib/groovy-all-2.4.7.jar
7ff7e8bb5000-7ff7e8bdd000 r--s 001cf000 08:07 1189026                    /home/chivu/.gradle/wrapper/dists/gradle-3.3-all/55gk2rcmfc6p2dg9u9ohc3hw9/gradle-3.3/lib/guava-jdk5-17.0.jar
7ff7e8bdd000-7ff7e8bfc000 r--s 001d1000 08:07 1189033                    /home/chivu/.gradle/wrapper/dists/gradle-3.3-all/55gk2rcmfc6p2dg9u9ohc3hw9/gradle-3.3/lib/ant-1.9.6.jar
7ff7e8bfc000-7ff7e8bfd000 ---p 00000000 00:00 0 
7ff7e8bfd000-7ff7e8cfd000 rw-p 00000000 00:00 0 
7ff7e8cfd000-7ff7e8d00000 ---p 00000000 00:00 0 
7ff7e8d00000-7ff7e8dfe000 rw-p 00000000 00:00 0 
7ff7e8dfe000-7ff7e8e01000 ---p 00000000 00:00 0 
7ff7e8e01000-7ff7e8eff000 rw-p 00000000 00:00 0 
7ff7e8eff000-7ff7e8f02000 ---p 00000000 00:00 0 
7ff7e8f02000-7ff7ec000000 rw-p 00000000 00:00 0 
7ff7ec000000-7ff7ec021000 rw-p 00000000 00:00 0 
7ff7ec021000-7ff7f0000000 ---p 00000000 00:00 0 
7ff7f0000000-7ff7f0001000 r--s 00002000 08:07 1189057                    /home/chivu/.gradle/wrapper/dists/gradle-3.3-all/55gk2rcmfc6p2dg9u9ohc3hw9/gradle-3.3/lib/native-platform-linux-i386-0.12.jar
7ff7f0001000-7ff7f0002000 r--s 00002000 08:07 1189056                    /home/chivu/.gradle/wrapper/dists/gradle-3.3-all/55gk2rcmfc6p2dg9u9ohc3hw9/gradle-3.3/lib/native-platform-linux-amd64-0.12.jar
7ff7f0002000-7ff7f0003000 r--s 00003000 08:07 1189055                    /home/chivu/.gradle/wrapper/dists/gradle-3.3-all/55gk2rcmfc6p2dg9u9ohc3hw9/gradle-3.3/lib/native-platform-freebsd-i386-libstdcpp-0.12.jar
7ff7f0003000-7ff7f0004000 r--s 00004000 08:07 1189054                    /home/chivu/.gradle/wrapper/dists/gradle-3.3-all/55gk2rcmfc6p2dg9u9ohc3hw9/gradle-3.3/lib/native-platform-freebsd-i386-libcpp-0.12.jar
7ff7f0004000-7ff7f0006000 r--s 00003000 08:07 1189053                    /home/chivu/.gradle/wrapper/dists/gradle-3.3-all/55gk2rcmfc6p2dg9u9ohc3hw9/gradle-3.3/lib/native-platform-freebsd-amd64-libstdcpp-0.12.jar
7ff7f0006000-7ff7f0007000 r--s 00004000 08:07 1189052                    /home/chivu/.gradle/wrapper/dists/gradle-3.3-all/55gk2rcmfc6p2dg9u9ohc3hw9/gradle-3.3/lib/native-platform-freebsd-amd64-libcpp-0.12.jar
7ff7f0007000-7ff7f000a000 r--s 00023000 08:07 1189046                    /home/chivu/.gradle/wrapper/dists/gradle-3.3-all/55gk2rcmfc6p2dg9u9ohc3hw9/gradle-3.3/lib/jansi-1.14.jar
7ff7f000a000-7ff7f000e000 r--s 00011000 08:07 1189045                    /home/chivu/.gradle/wrapper/dists/gradle-3.3-all/55gk2rcmfc6p2dg9u9ohc3hw9/gradle-3.3/lib/native-platform-0.12.jar
7ff7f000e000-7ff7f001b000 r--s 00083000 08:07 1189034                    /home/chivu/.gradle/wrapper/dists/gradle-3.3-all/55gk2rcmfc6p2dg9u9ohc3hw9/gradle-3.3/lib/commons-collections-3.2.2.jar
7ff7f001b000-7ff7f001e000 ---p 00000000 00:00 0 
7ff7f001e000-7ff7f011c000 rw-p 00000000 00:00 0 
7ff7f011c000-7ff7f011f000 ---p 00000000 00:00 0 
7ff7f011f000-7ff7f021d000 rw-p 00000000 00:00 0 
7ff7f021d000-7ff7f04f5000 r--p 00000000 08:07 1311727                    /usr/lib/locale/locale-archive
7ff7f04f5000-7ff7f04f8000 ---p 00000000 00:00 0 
7ff7f04f8000-7ff7f05f6000 rw-p 00000000 00:00 0 
7ff7f05f6000-7ff7f05f9000 ---p 00000000 00:00 0 
7ff7f05f9000-7ff7f06f7000 rw-p 00000000 00:00 0 
7ff7f06f7000-7ff7f06f8000 ---p 00000000 00:00 0 
7ff7f06f8000-7ff7f1000000 rw-p 00000000 00:00 0 
7ff7f1000000-7ff7f3410000 rwxp 00000000 00:00 0 
7ff7f3410000-7ff800000000 ---p 00000000 00:00 0 
7ff800000000-7ff800ce6000 rw-p 00000000 00:00 0 
7ff800ce6000-7ff804000000 ---p 00000000 00:00 0 
7ff804000000-7ff804003000 r--s 0000a000 08:07 1189023                    /home/chivu/.gradle/wrapper/dists/gradle-3.3-all/55gk2rcmfc6p2dg9u9ohc3hw9/gradle-3.3/lib/gradle-native-3.3.jar
7ff804003000-7ff804005000 r--s 00005000 08:07 1189020                    /home/chivu/.gradle/wrapper/dists/gradle-3.3-all/55gk2rcmfc6p2dg9u9ohc3hw9/gradle-3.3/lib/gradle-cli-3.3.jar
7ff804005000-7ff804007000 r--s 00007000 08:07 1189031                    /home/chivu/.gradle/wrapper/dists/gradle-3.3-all/55gk2rcmfc6p2dg9u9ohc3hw9/gradle-3.3/lib/gradle-model-groovy-3.3.jar
7ff804007000-7ff804009000 r--s 00006000 08:07 1189038                    /home/chivu/.gradle/wrapper/dists/gradle-3.3-all/55gk2rcmfc6p2dg9u9ohc3hw9/gradle-3.3/lib/gradle-base-services-groovy-3.3.jar
7ff804009000-7ff80400a000 r--s 00002000 08:07 1189041                    /home/chivu/.gradle/wrapper/dists/gradle-3.3-all/55gk2rcmfc6p2dg9u9ohc3hw9/gradle-3.3/lib/gradle-docs-3.3.jar
7ff80400a000-7ff804047000 r--s 001f8000 08:07 1189019                    /home/chivu/.gradle/wrapper/dists/gradle-3.3-all/55gk2rcmfc6p2dg9u9ohc3hw9/gradle-3.3/lib/gradle-core-3.3.jar
7ff804047000-7ff804820000 rw-p 00000000 00:00 0 
7ff804820000-7ff8049ef000 r--s 03c1b000 08:07 1201515                    /home/chivu/Downloads/android-studio-p/jre/jre/lib/rt.jar
7ff8049ef000-7ff805565000 rw-p 00000000 00:00 0 
7ff805565000-7ff805566000 ---p 00000000 00:00 0 
7ff805566000-7ff805666000 rw-p 00000000 00:00 0 
7ff805666000-7ff805667000 ---p 00000000 00:00 0 
7ff805667000-7ff805767000 rw-p 00000000 00:00 0 
7ff805767000-7ff805768000 ---p 00000000 00:00 0 
7ff805768000-7ff805868000 rw-p 00000000 00:00 0 
7ff805868000-7ff805869000 ---p 00000000 00:00 0 
7ff805869000-7ff805a67000 rw-p 00000000 00:00 0 
7ff805a67000-7ff805b69000 ---p 00000000 00:00 0 
7ff805b69000-7ff805c67000 rw-p 00000000 00:00 0 
7ff805c67000-7ff805d69000 ---p 00000000 00:00 0 
7ff805d69000-7ff805e56000 rw-p 00000000 00:00 0 
7ff805e56000-7ff805e69000 ---p 00000000 00:00 0 
7ff805e69000-7ff805efb000 rw-p 00000000 00:00 0 
7ff805efb000-7ff80622a000 ---p 00000000 00:00 0 
7ff80622a000-7ff806244000 r-xp 00000000 08:07 1201530                    /home/chivu/Downloads/android-studio-p/jre/jre/lib/amd64/libzip.so
7ff806244000-7ff806444000 ---p 0001a000 08:07 1201530                    /home/chivu/Downloads/android-studio-p/jre/jre/lib/amd64/libzip.so
7ff806444000-7ff806445000 r--p 0001a000 08:07 1201530                    /home/chivu/Downloads/android-studio-p/jre/jre/lib/amd64/libzip.so
7ff806445000-7ff806446000 rw-p 0001b000 08:07 1201530                    /home/chivu/Downloads/android-studio-p/jre/jre/lib/amd64/libzip.so
7ff806446000-7ff806451000 r-xp 00000000 08:07 541944                     /lib/x86_64-linux-gnu/libnss_files-2.23.so
7ff806451000-7ff806650000 ---p 0000b000 08:07 541944                     /lib/x86_64-linux-gnu/libnss_files-2.23.so
7ff806650000-7ff806651000 r--p 0000a000 08:07 541944                     /lib/x86_64-linux-gnu/libnss_files-2.23.so
7ff806651000-7ff806652000 rw-p 0000b000 08:07 541944                     /lib/x86_64-linux-gnu/libnss_files-2.23.so
7ff806652000-7ff806658000 rw-p 00000000 00:00 0 
7ff806658000-7ff806663000 r-xp 00000000 08:07 541937                     /lib/x86_64-linux-gnu/libnss_nis-2.23.so
7ff806663000-7ff806862000 ---p 0000b000 08:07 541937                     /lib/x86_64-linux-gnu/libnss_nis-2.23.so
7ff806862000-7ff806863000 r--p 0000a000 08:07 541937                     /lib/x86_64-linux-gnu/libnss_nis-2.23.so
7ff806863000-7ff806864000 rw-p 0000b000 08:07 541937                     /lib/x86_64-linux-gnu/libnss_nis-2.23.so
7ff806864000-7ff80687a000 r-xp 00000000 08:07 541939                     /lib/x86_64-linux-gnu/libnsl-2.23.so
7ff80687a000-7ff806a79000 ---p 00016000 08:07 541939                     /lib/x86_64-linux-gnu/libnsl-2.23.so
7ff806a79000-7ff806a7a000 r--p 00015000 08:07 541939                     /lib/x86_64-linux-gnu/libnsl-2.23.so
7ff806a7a000-7ff806a7b000 rw-p 00016000 08:07 541939                     /lib/x86_64-linux-gnu/libnsl-2.23.so
7ff806a7b000-7ff806a7d000 rw-p 00000000 00:00 0 
7ff806a7d000-7ff806a85000 r-xp 00000000 08:07 541946                     /lib/x86_64-linux-gnu/libnss_compat-2.23.so
7ff806a85000-7ff806c84000 ---p 00008000 08:07 541946                     /lib/x86_64-linux-gnu/libnss_compat-2.23.so
7ff806c84000-7ff806c85000 r--p 00007000 08:07 541946                     /lib/x86_64-linux-gnu/libnss_compat-2.23.so
7ff806c85000-7ff806c86000 rw-p 00008000 08:07 541946                     /lib/x86_64-linux-gnu/libnss_compat-2.23.so
7ff806c86000-7ff806cb3000 r-xp 00000000 08:07 1201547                    /home/chivu/Downloads/android-studio-p/jre/jre/lib/amd64/libjava.so
7ff806cb3000-7ff806eb2000 ---p 0002d000 08:07 1201547                    /home/chivu/Downloads/android-studio-p/jre/jre/lib/amd64/libjava.so
7ff806eb2000-7ff806eb3000 r--p 0002c000 08:07 1201547                    /home/chivu/Downloads/android-studio-p/jre/jre/lib/amd64/libjava.so
7ff806eb3000-7ff806eb5000 rw-p 0002d000 08:07 1201547                    /home/chivu/Downloads/android-studio-p/jre/jre/lib/amd64/libjava.so
7ff806eb5000-7ff806ec5000 r-xp 00000000 08:07 1201520                    /home/chivu/Downloads/android-studio-p/jre/jre/lib/amd64/libverify.so
7ff806ec5000-7ff8070c4000 ---p 00010000 08:07 1201520                    /home/chivu/Downloads/android-studio-p/jre/jre/lib/amd64/libverify.so
7ff8070c4000-7ff8070c6000 r--p 0000f000 08:07 1201520                    /home/chivu/Downloads/android-studio-p/jre/jre/lib/amd64/libverify.so
7ff8070c6000-7ff8070c7000 rw-p 00011000 08:07 1201520                    /home/chivu/Downloads/android-studio-p/jre/jre/lib/amd64/libverify.so
7ff8070c7000-7ff8070ce000 r-xp 00000000 08:07 541947                     /lib/x86_64-linux-gnu/librt-2.23.so
7ff8070ce000-7ff8072cd000 ---p 00007000 08:07 541947                     /lib/x86_64-linux-gnu/librt-2.23.so
7ff8072cd000-7ff8072ce000 r--p 00006000 08:07 541947                     /lib/x86_64-linux-gnu/librt-2.23.so
7ff8072ce000-7ff8072cf000 rw-p 00007000 08:07 541947                     /lib/x86_64-linux-gnu/librt-2.23.so
7ff8072cf000-7ff8073d7000 r-xp 00000000 08:07 541938                     /lib/x86_64-linux-gnu/libm-2.23.so
7ff8073d7000-7ff8075d6000 ---p 00108000 08:07 541938                     /lib/x86_64-linux-gnu/libm-2.23.so
7ff8075d6000-7ff8075d7000 r--p 00107000 08:07 541938                     /lib/x86_64-linux-gnu/libm-2.23.so
7ff8075d7000-7ff8075d8000 rw-p 00108000 08:07 541938                     /lib/x86_64-linux-gnu/libm-2.23.so
7ff8075d8000-7ff8081c9000 r-xp 00000000 08:07 1201528                    /home/chivu/Downloads/android-studio-p/jre/jre/lib/amd64/server/libjvm.so
7ff8081c9000-7ff8083c9000 ---p 00bf1000 08:07 1201528                    /home/chivu/Downloads/android-studio-p/jre/jre/lib/amd64/server/libjvm.so
7ff8083c9000-7ff808468000 r--p 00bf1000 08:07 1201528                    /home/chivu/Downloads/android-studio-p/jre/jre/lib/amd64/server/libjvm.so
7ff808468000-7ff808491000 rw-p 00c90000 08:07 1201528                    /home/chivu/Downloads/android-studio-p/jre/jre/lib/amd64/server/libjvm.so
7ff808491000-7ff8084d5000 rw-p 00000000 00:00 0 
7ff8084d5000-7ff8084ed000 r-xp 00000000 08:07 541951                     /lib/x86_64-linux-gnu/libpthread-2.23.so
7ff8084ed000-7ff8086ec000 ---p 00018000 08:07 541951                     /lib/x86_64-linux-gnu/libpthread-2.23.so
7ff8086ec000-7ff8086ed000 r--p 00017000 08:07 541951                     /lib/x86_64-linux-gnu/libpthread-2.23.so
7ff8086ed000-7ff8086ee000 rw-p 00018000 08:07 541951                     /lib/x86_64-linux-gnu/libpthread-2.23.so
7ff8086ee000-7ff8086f2000 rw-p 00000000 00:00 0 
7ff8086f2000-7ff8086f5000 r-xp 00000000 08:07 541936                     /lib/x86_64-linux-gnu/libdl-2.23.so
7ff8086f5000-7ff8088f4000 ---p 00003000 08:07 541936                     /lib/x86_64-linux-gnu/libdl-2.23.so
7ff8088f4000-7ff8088f5000 r--p 00002000 08:07 541936                     /lib/x86_64-linux-gnu/libdl-2.23.so
7ff8088f5000-7ff8088f6000 rw-p 00003000 08:07 541936                     /lib/x86_64-linux-gnu/libdl-2.23.so
7ff8088f6000-7ff808ab5000 r-xp 00000000 08:07 541940                     /lib/x86_64-linux-gnu/libc-2.23.so
7ff808ab5000-7ff808cb5000 ---p 001bf000 08:07 541940                     /lib/x86_64-linux-gnu/libc-2.23.so
7ff808cb5000-7ff808cb9000 r--p 001bf000 08:07 541940                     /lib/x86_64-linux-gnu/libc-2.23.so
7ff808cb9000-7ff808cbb000 rw-p 001c3000 08:07 541940                     /lib/x86_64-linux-gnu/libc-2.23.so
7ff808cbb000-7ff808cbf000 rw-p 00000000 00:00 0 
7ff808cbf000-7ff808cd5000 r-xp 00000000 08:07 1201477                    /home/chivu/Downloads/android-studio-p/jre/lib/amd64/jli/libjli.so
7ff808cd5000-7ff808ed4000 ---p 00016000 08:07 1201477                    /home/chivu/Downloads/android-studio-p/jre/lib/amd64/jli/libjli.so
7ff808ed4000-7ff808ed5000 r--p 00015000 08:07 1201477                    /home/chivu/Downloads/android-studio-p/jre/lib/amd64/jli/libjli.so
7ff808ed5000-7ff808ed6000 rw-p 00016000 08:07 1201477                    /home/chivu/Downloads/android-studio-p/jre/lib/amd64/jli/libjli.so
7ff808ed6000-7ff808efc000 r-xp 00000000 08:07 541941                     /lib/x86_64-linux-gnu/ld-2.23.so
7ff808efc000-7ff808efd000 r--s 00000000 08:07 1189037                    /home/chivu/.gradle/wrapper/dists/gradle-3.3-all/55gk2rcmfc6p2dg9u9ohc3hw9/gradle-3.3/lib/javax.inject-1.jar
7ff808efd000-7ff808efe000 r--s 00000000 08:07 1189036                    /home/chivu/.gradle/wrapper/dists/gradle-3.3-all/55gk2rcmfc6p2dg9u9ohc3hw9/gradle-3.3/lib/jcip-annotations-1.0.jar
7ff808efe000-7ff808f02000 r--s 00027000 08:07 1189035                    /home/chivu/.gradle/wrapper/dists/gradle-3.3-all/55gk2rcmfc6p2dg9u9ohc3hw9/gradle-3.3/lib/commons-io-2.2.jar
7ff808f02000-7ff808f07000 r--s 00038000 08:07 1189032                    /home/chivu/.gradle/wrapper/dists/gradle-3.3-all/55gk2rcmfc6p2dg9u9ohc3hw9/gradle-3.3/lib/asm-all-5.1.jar
7ff808f07000-7ff808f08000 r--s 00001000 08:07 1189028                    /home/chivu/.gradle/wrapper/dists/gradle-3.3-all/55gk2rcmfc6p2dg9u9ohc3hw9/gradle-3.3/lib/gradle-process-services-3.3.jar
7ff808f08000-7ff808f0d000 r--s 00041000 08:07 1189027                    /home/chivu/.gradle/wrapper/dists/gradle-3.3-all/55gk2rcmfc6p2dg9u9ohc3hw9/gradle-3.3/lib/commons-lang-2.6.jar
7ff808f0d000-7ff808f16000 r--s 00042000 08:07 1189017                    /home/chivu/.gradle/wrapper/dists/gradle-3.3-all/55gk2rcmfc6p2dg9u9ohc3hw9/gradle-3.3/lib/gradle-base-services-3.3.jar
7ff808f16000-7ff808fd8000 rw-p 00000000 00:00 0 
7ff808fd8000-7ff808fdb000 ---p 00000000 00:00 0 
7ff808fdb000-7ff8090dd000 rw-p 00000000 00:00 0 
7ff8090dd000-7ff8090df000 r--s 00000000 08:07 1189018                    /home/chivu/.gradle/wrapper/dists/gradle-3.3-all/55gk2rcmfc6p2dg9u9ohc3hw9/gradle-3.3/lib/gradle-jvm-services-3.3.jar
7ff8090df000-7ff8090e0000 r--s 00000000 08:07 1189183                    /home/chivu/.gradle/wrapper/dists/gradle-3.3-all/55gk2rcmfc6p2dg9u9ohc3hw9/gradle-3.3/lib/gradle-version-info-3.3.jar
7ff8090e0000-7ff8090e1000 r--s 00007000 08:07 1189025                    /home/chivu/.gradle/wrapper/dists/gradle-3.3-all/55gk2rcmfc6p2dg9u9ohc3hw9/gradle-3.3/lib/slf4j-api-1.7.10.jar
7ff8090e1000-7ff8090e2000 r--s 00004000 08:07 1189050                    /home/chivu/.gradle/wrapper/dists/gradle-3.3-all/55gk2rcmfc6p2dg9u9ohc3hw9/gradle-3.3/lib/ant-launcher-1.9.6.jar
7ff8090e2000-7ff8090ef000 r--s 0005c000 08:07 1189014                    /home/chivu/.gradle/wrapper/dists/gradle-3.3-all/55gk2rcmfc6p2dg9u9ohc3hw9/gradle-3.3/lib/gradle-launcher-3.3.jar
7ff8090ef000-7ff8090f7000 rw-s 00000000 08:07 266270                     /tmp/hsperfdata_chivu/5763
7ff8090f7000-7ff8090f8000 rw-p 00000000 00:00 0 
7ff8090f8000-7ff8090f9000 ---p 00000000 00:00 0 
7ff8090f9000-7ff8090fb000 rw-p 00000000 00:00 0 
7ff8090fb000-7ff8090fc000 r--p 00025000 08:07 541941                     /lib/x86_64-linux-gnu/ld-2.23.so
7ff8090fc000-7ff8090fd000 rw-p 00026000 08:07 541941                     /lib/x86_64-linux-gnu/ld-2.23.so
7ff8090fd000-7ff8090fe000 rw-p 00000000 00:00 0 
7ffc121ea000-7ffc1220b000 rw-p 00000000 00:00 0                          [stack]
7ffc12270000-7ffc12272000 r--p 00000000 00:00 0                          [vvar]
7ffc12272000-7ffc12274000 r-xp 00000000 00:00 0                          [vdso]
ffffffffff600000-ffffffffff601000 r-xp 00000000 00:00 0                  [vsyscall]

VM Arguments:
jvm_args: -Xmx1536m -Dfile.encoding=UTF-8 -Duser.country=IN -Duser.language=en -Duser.variant 
java_command: org.gradle.launcher.daemon.bootstrap.GradleDaemon 3.3
java_class_path (initial): /home/chivu/.gradle/wrapper/dists/gradle-3.3-all/55gk2rcmfc6p2dg9u9ohc3hw9/gradle-3.3/lib/gradle-launcher-3.3.jar
Launcher Type: SUN_STANDARD

Environment Variables:
JAVA_HOME=/usr/lib/jvm/java-8-oracle
PATH=/home/chivu/bin:/home/chivu/.local/bin:/usr/local/sbin:/usr/local/bin:/usr/sbin:/usr/bin:/sbin:/bin:/usr/games:/usr/local/games:/snap/bin:/usr/lib/jvm/java-8-oracle/bin:/usr/lib/jvm/java-8-oracle/db/bin:/usr/lib/jvm/java-8-oracle/jre/bin
LD_LIBRARY_PATH=/home/chivu/Downloads/android-studio-p/bin:
SHELL=/bin/bash
DISPLAY=:0

Signal Handlers:
SIGSEGV: [libjvm.so+0x9e5150], sa_mask[0]=11111111011111111101111111111110, sa_flags=SA_RESTART|SA_SIGINFO
SIGBUS: [libjvm.so+0x9e5150], sa_mask[0]=11111111011111111101111111111110, sa_flags=SA_RESTART|SA_SIGINFO
SIGFPE: [libjvm.so+0x848450], sa_mask[0]=11111111011111111101111111111110, sa_flags=SA_RESTART|SA_SIGINFO
SIGPIPE: [libjvm.so+0x848450], sa_mask[0]=11111111011111111101111111111110, sa_flags=SA_RESTART|SA_SIGINFO
SIGXFSZ: [libjvm.so+0x848450], sa_mask[0]=11111111011111111101111111111110, sa_flags=SA_RESTART|SA_SIGINFO
SIGILL: [libjvm.so+0x848450], sa_mask[0]=11111111011111111101111111111110, sa_flags=SA_RESTART|SA_SIGINFO
SIGUSR1: SIG_DFL, sa_mask[0]=00000000000000000000000000000000, sa_flags=none
SIGUSR2: [libjvm.so+0x848320], sa_mask[0]=00100000000000000000000000000000, sa_flags=SA_RESTART|SA_SIGINFO
SIGHUP: [libjvm.so+0x848510], sa_mask[0]=11111111011111111101111111111110, sa_flags=SA_RESTART|SA_SIGINFO
SIGINT: [libjvm.so+0x848510], sa_mask[0]=11111111011111111101111111111110, sa_flags=SA_RESTART|SA_SIGINFO
SIGTERM: [libjvm.so+0x848510], sa_mask[0]=11111111011111111101111111111110, sa_flags=SA_RESTART|SA_SIGINFO
SIGQUIT: [libjvm.so+0x848510], sa_mask[0]=11111111011111111101111111111110, sa_flags=SA_RESTART|SA_SIGINFO


---------------  S Y S T E M  ---------------

OS:DISTRIB_ID=Ubuntu
DISTRIB_RELEASE=16.04
DISTRIB_CODENAME=xenial
DISTRIB_DESCRIPTION="Ubuntu 16.04.2 LTS"

uname:Linux 4.4.0-79-generic #100-Ubuntu SMP Wed May 17 19:58:14 UTC 2017 x86_64
libc:glibc 2.23 NPTL 2.23 
rlimit: STACK 8192k, CORE 0k, NPROC 15361, NOFILE 65536, AS infinity
load average:5.74 4.30 3.01

/proc/meminfo:
MemTotal:        3972820 kB
MemFree:          119888 kB
MemAvailable:      30076 kB
Buffers:             876 kB
Cached:           202072 kB
SwapCached:          616 kB
Active:          2808068 kB
Inactive:         884596 kB
Active(anon):    2793796 kB
Inactive(anon):   872484 kB
Active(file):      14272 kB
Inactive(file):    12112 kB
Unevictable:         136 kB
Mlocked:             136 kB
SwapTotal:          1020 kB
SwapFree:              0 kB
Dirty:              5732 kB
Writeback:             0 kB
AnonPages:       3489840 kB
Mapped:            67624 kB
Shmem:            175872 kB
Slab:              73012 kB
SReclaimable:      39000 kB
SUnreclaim:        34012 kB
KernelStack:        9360 kB
PageTables:        34412 kB
NFS_Unstable:          0 kB
Bounce:                0 kB
WritebackTmp:          0 kB
CommitLimit:     1987428 kB
Committed_AS:    7370500 kB
VmallocTotal:   34359738367 kB
VmallocUsed:           0 kB
VmallocChunk:          0 kB
HardwareCorrupted:     0 kB
AnonHugePages:   1519616 kB
CmaTotal:              0 kB
CmaFree:               0 kB
HugePages_Total:       0
HugePages_Free:        0
HugePages_Rsvd:        0
HugePages_Surp:        0
Hugepagesize:       2048 kB
DirectMap4k:      135936 kB
DirectMap2M:     2936832 kB
DirectMap1G:     2097152 kB


CPU:total 4 (2 cores per cpu, 2 threads per core) family 6 model 69 stepping 1, cmov, cx8, fxsr, mmx, sse, sse2, sse3, ssse3, sse4.1, sse4.2, popcnt, avx, avx2, aes, clmul, erms, lzcnt, ht, tsc, tscinvbit, bmi1, bmi2

/proc/cpuinfo:
processor	: 0
vendor_id	: GenuineIntel
cpu family	: 6
model		: 69
model name	: Intel(R) Core(TM) i3-4030U CPU @ 1.90GHz
stepping	: 1
microcode	: 0x1d
cpu MHz		: 1800.027
cache size	: 3072 KB
physical id	: 0
siblings	: 4
core id		: 0
cpu cores	: 2
apicid		: 0
initial apicid	: 0
fpu		: yes
fpu_exception	: yes
cpuid level	: 13
wp		: yes
flags		: fpu vme de pse tsc msr pae mce cx8 apic sep mtrr pge mca cmov pat pse36 clflush dts acpi mmx fxsr sse sse2 ss ht tm pbe syscall nx pdpe1gb rdtscp lm constant_tsc arch_perfmon pebs bts rep_good nopl xtopology nonstop_tsc aperfmperf eagerfpu pni pclmulqdq dtes64 monitor ds_cpl vmx est tm2 ssse3 sdbg fma cx16 xtpr pdcm pcid sse4_1 sse4_2 x2apic movbe popcnt tsc_deadline_timer aes xsave avx f16c rdrand lahf_lm abm epb tpr_shadow vnmi flexpriority ept vpid fsgsbase tsc_adjust bmi1 avx2 smep bmi2 erms invpcid xsaveopt dtherm arat pln pts
bugs		:
bogomips	: 3791.26
clflush size	: 64
cache_alignment	: 64
address sizes	: 39 bits physical, 48 bits virtual
power management:

processor	: 1
vendor_id	: GenuineIntel
cpu family	: 6
model		: 69
model name	: Intel(R) Core(TM) i3-4030U CPU @ 1.90GHz
stepping	: 1
microcode	: 0x1d
cpu MHz		: 1799.953
cache size	: 3072 KB
physical id	: 0
siblings	: 4
core id		: 0
cpu cores	: 2
apicid		: 1
initial apicid	: 1
fpu		: yes
fpu_exception	: yes
cpuid level	: 13
wp		: yes
flags		: fpu vme de pse tsc msr pae mce cx8 apic sep mtrr pge mca cmov pat pse36 clflush dts acpi mmx fxsr sse sse2 ss ht tm pbe syscall nx pdpe1gb rdtscp lm constant_tsc arch_perfmon pebs bts rep_good nopl xtopology nonstop_tsc aperfmperf eagerfpu pni pclmulqdq dtes64 monitor ds_cpl vmx est tm2 ssse3 sdbg fma cx16 xtpr pdcm pcid sse4_1 sse4_2 x2apic movbe popcnt tsc_deadline_timer aes xsave avx f16c rdrand lahf_lm abm epb tpr_shadow vnmi flexpriority ept vpid fsgsbase tsc_adjust bmi1 avx2 smep bmi2 erms invpcid xsaveopt dtherm arat pln pts
bugs		:
bogomips	: 3791.26
clflush size	: 64
cache_alignment	: 64
address sizes	: 39 bits physical, 48 bits virtual
power management:

processor	: 2
vendor_id	: GenuineIntel
cpu family	: 6
model		: 69
model name	: Intel(R) Core(TM) i3-4030U CPU @ 1.90GHz
stepping	: 1
microcode	: 0x1d
cpu MHz		: 1503.968
cache size	: 3072 KB
physical id	: 0
siblings	: 4
core id		: 1
cpu cores	: 2
apicid		: 2
initial apicid	: 2
fpu		: yes
fpu_exception	: yes
cpuid level	: 13
wp		: yes
flags		: fpu vme de pse tsc msr pae mce cx8 apic sep mtrr pge mca cmov pat pse36 clflush dts acpi mmx fxsr sse sse2 ss ht tm pbe syscall nx pdpe1gb rdtscp lm constant_tsc arch_perfmon pebs bts rep_good nopl xtopology nonstop_tsc aperfmperf eagerfpu pni pclmulqdq dtes64 monitor ds_cpl vmx est tm2 ssse3 sdbg fma cx16 xtpr pdcm pcid sse4_1 sse4_2 x2apic movbe popcnt tsc_deadline_timer aes xsave avx f16c rdrand lahf_lm abm epb tpr_shadow vnmi flexpriority ept vpid fsgsbase tsc_adjust bmi1 avx2 smep bmi2 erms invpcid xsaveopt dtherm arat pln pts
bugs		:
bogomips	: 3791.26
clflush size	: 64
cache_alignment	: 64
address sizes	: 39 bits physical, 48 bits virtual
power management:

processor	: 3
vendor_id	: GenuineIntel
cpu family	: 6
model		: 69
model name	: Intel(R) Core(TM) i3-4030U CPU @ 1.90GHz
stepping	: 1
microcode	: 0x1d
cpu MHz		: 1800.027
cache size	: 3072 KB
physical id	: 0
siblings	: 4
core id		: 1
cpu cores	: 2
apicid		: 3
initial apicid	: 3
fpu		: yes
fpu_exception	: yes
cpuid level	: 13
wp		: yes
flags		: fpu vme de pse tsc msr pae mce cx8 apic sep mtrr pge mca cmov pat pse36 clflush dts acpi mmx fxsr sse sse2 ss ht tm pbe syscall nx pdpe1gb rdtscp lm constant_tsc arch_perfmon pebs bts rep_good nopl xtopology nonstop_tsc aperfmperf eagerfpu pni pclmulqdq dtes64 monitor ds_cpl vmx est tm2 ssse3 sdbg fma cx16 xtpr pdcm pcid sse4_1 sse4_2 x2apic movbe popcnt tsc_deadline_timer aes xsave avx f16c rdrand lahf_lm abm epb tpr_shadow vnmi flexpriority ept vpid fsgsbase tsc_adjust bmi1 avx2 smep bmi2 erms invpcid xsaveopt dtherm arat pln pts
bugs		:
bogomips	: 3791.26
clflush size	: 64
cache_alignment	: 64
address sizes	: 39 bits physical, 48 bits virtual
power management:



Memory: 4k page, physical 3972820k(119888k free), swap 1020k(0k free)

vm_info: OpenJDK 64-Bit Server VM (25.112-b06) for linux-amd64 JRE (1.8.0_112-release-b06), built on Dec  6 2016 12:11:18 by "builder" with gcc 4.8.4

time: Sun Jul  9 13:05:33 2017
elapsed time: 77 seconds (0d 0h 1m 17s)

