#
# There is insufficient memory for the Java Runtime Environment to continue.
# Native memory allocation (mmap) failed to map 199753728 bytes for committing reserved memory.
# Possible reasons:
#   The system is out of physical RAM or swap space
#   In 32 bit mode, the process size limit was hit
# Possible solutions:
#   Reduce memory load on the system
#   Increase physical memory or swap space
#   Check if swap backing store is full
#   Use 64 bit Java on a 64 bit OS
#   Decrease Java heap size (-Xmx/-Xms)
#   Decrease number of Java threads
#   Decrease Java thread stack sizes (-Xss)
#   Set larger code cache with -XX:ReservedCodeCacheSize=
# This output file may be truncated or incomplete.
#
#  Out of Memory Error (os_linux.cpp:2627), pid=4148, tid=0x00007fca566df700
#
# JRE version: OpenJDK Runtime Environment (8.0_112-b06) (build 1.8.0_112-release-b06)
# Java VM: OpenJDK 64-Bit Server VM (25.112-b06 mixed mode linux-amd64 compressed oops)
# Failed to write core dump. Core dumps have been disabled. To enable core dumping, try "ulimit -c unlimited" before starting Java again
#

---------------  T H R E A D  ---------------

Current thread (0x00007fca78077800):  VMThread [stack: 0x00007fca565df000,0x00007fca566e0000] [id=4159]

Stack: [0x00007fca565df000,0x00007fca566e0000],  sp=0x00007fca566de4d0,  free space=1021k
Native frames: (J=compiled Java code, j=interpreted, Vv=VM code, C=native code)
V  [libjvm.so+0x9e465d]  VMError::report_and_die()+0x15d
V  [libjvm.so+0x4b6ada]  report_vm_out_of_memory(char const*, int, unsigned long, VMErrorType, char const*)+0x8a
V  [libjvm.so+0x84c860]  os::pd_commit_memory(char*, unsigned long, unsigned long, bool)+0xf0
V  [libjvm.so+0x84737f]  os::commit_memory(char*, unsigned long, unsigned long, bool)+0x1f
V  [libjvm.so+0x8bd3db]  PSVirtualSpace::expand_by(unsigned long)+0x5b
V  [libjvm.so+0x8ae1bb]  PSOldGen::expand_by(unsigned long) [clone .part.109]+0x1b
V  [libjvm.so+0x8ae37b]  PSOldGen::expand(unsigned long) [clone .part.111]+0xdb
V  [libjvm.so+0x8aec58]  PSOldGen::resize(unsigned long)+0x188
V  [libjvm.so+0x8b426c]  PSParallelCompact::invoke_no_policy(bool)+0x97c
V  [libjvm.so+0x8bb37d]  PSScavenge::invoke()+0x17d
V  [libjvm.so+0x86fcf3]  ParallelScavengeHeap::failed_mem_allocate(unsigned long)+0x63
V  [libjvm.so+0x9e6124]  VM_ParallelGCFailedAllocation::doit()+0x84
V  [libjvm.so+0x9ea537]  VM_Operation::evaluate()+0x47
V  [libjvm.so+0x9e8ff8]  VMThread::evaluate_operation(VM_Operation*)+0x2c8
V  [libjvm.so+0x9e9479]  VMThread::loop()+0x219
V  [libjvm.so+0x9e98c2]  VMThread::run()+0x72
V  [libjvm.so+0x849c82]  java_start(Thread*)+0xf2

VM_Operation (0x00007fca210cc680): ParallelGCFailedAllocation, mode: safepoint, requested by thread 0x00007fca19476800


---------------  P R O C E S S  ---------------

Java Threads: ( => current thread )
  0x00007fc9f805a800 JavaThread "pool-5-thread-4" [_thread_blocked, id=4194, stack(0x00007fca209f4000,0x00007fca20af5000)]
  0x00007fc9f8058800 JavaThread "pool-5-thread-3" [_thread_blocked, id=4193, stack(0x00007fca20af5000,0x00007fca20bf6000)]
  0x00007fc9f8056800 JavaThread "pool-5-thread-2" [_thread_blocked, id=4192, stack(0x00007fca20bf6000,0x00007fca20cf7000)]
  0x00007fc9f8055000 JavaThread "pool-6-thread-1" [_thread_blocked, id=4191, stack(0x00007fca20cf7000,0x00007fca20df8000)]
  0x00007fc9f8054000 JavaThread "pool-5-thread-1" [_thread_blocked, id=4190, stack(0x00007fca20df8000,0x00007fca20ef9000)]
  0x00007fca19476800 JavaThread "pool-3-thread-1" [_thread_blocked, id=4189, stack(0x00007fca20fce000,0x00007fca210cf000)]
  0x00007fca18df9000 JavaThread "Cache update executor" [_thread_blocked, id=4188, stack(0x00007fca212cf000,0x00007fca213d0000)]
  0x00007fca18bef000 JavaThread "pool-2-thread-1" [_thread_blocked, id=4187, stack(0x00007fca223e3000,0x00007fca224e4000)]
  0x00007fca185cd000 JavaThread "File lock request listener" [_thread_in_native, id=4186, stack(0x00007fca22c80000,0x00007fca22d81000)]
  0x00007fca18c44800 JavaThread "process reaper" daemon [_thread_blocked, id=4185, stack(0x00007fca5400e000,0x00007fca54047000)]
  0x00007fca78c7e800 JavaThread "pool-1-thread-1" [_thread_blocked, id=4179, stack(0x00007fca237fa000,0x00007fca238fb000)]
  0x00007fca1800e000 JavaThread "Stdin handler" [_thread_blocked, id=4178, stack(0x00007fca238fb000,0x00007fca239fc000)]
  0x00007fca18008000 JavaThread "Asynchronous log dispatcher for DefaultDaemonConnection: socket connection from /127.0.0.1:44481 to /127.0.0.1:48428" [_thread_blocked, id=4177, stack(0x00007fca239fc000,0x00007fca23afd000)]
  0x00007fca28008000 JavaThread "Daemon worker" [_thread_blocked, id=4174, stack(0x00007fca23afd000,0x00007fca23bfe000)]
  0x00007fca28006800 JavaThread "Cancel handler" [_thread_blocked, id=4173, stack(0x00007fca23bfe000,0x00007fca23cff000)]
  0x00007fca28003800 JavaThread "Handler for socket connection from /127.0.0.1:44481 to /127.0.0.1:48428" [_thread_in_native, id=4172, stack(0x00007fca23eff000,0x00007fca24000000)]
  0x00007fca2403a800 JavaThread "Daemon" [_thread_blocked, id=4171, stack(0x00007fca54048000,0x00007fca54149000)]
  0x00007fca78c24800 JavaThread "Incoming local TCP Connector on port 44481" [_thread_in_native, id=4170, stack(0x00007fca54350000,0x00007fca54451000)]
  0x00007fca780bf800 JavaThread "Service Thread" daemon [_thread_blocked, id=4166, stack(0x00007fca55c00000,0x00007fca55d01000)]
  0x00007fca780bc800 JavaThread "C1 CompilerThread2" daemon [_thread_blocked, id=4165, stack(0x00007fca55d01000,0x00007fca55e02000)]
  0x00007fca780ba800 JavaThread "C2 CompilerThread1" daemon [_thread_blocked, id=4164, stack(0x00007fca55e02000,0x00007fca55f03000)]
  0x00007fca780b7800 JavaThread "C2 CompilerThread0" daemon [_thread_blocked, id=4163, stack(0x00007fca55f03000,0x00007fca56004000)]
  0x00007fca780b6800 JavaThread "Signal Dispatcher" daemon [_thread_blocked, id=4162, stack(0x00007fca56004000,0x00007fca56105000)]
  0x00007fca78083800 JavaThread "Finalizer" daemon [_thread_blocked, id=4161, stack(0x00007fca563dd000,0x00007fca564de000)]
  0x00007fca7807f000 JavaThread "Reference Handler" daemon [_thread_blocked, id=4160, stack(0x00007fca564de000,0x00007fca565df000)]
  0x00007fca7800a000 JavaThread "main" [_thread_blocked, id=4151, stack(0x00007fca7de9d000,0x00007fca7df9e000)]

Other Threads:
=>0x00007fca78077800 VMThread [stack: 0x00007fca565df000,0x00007fca566e0000] [id=4159]
  0x00007fca780c2000 WatcherThread [stack: 0x00007fca55aff000,0x00007fca55c00000] [id=4167]

VM state:at safepoint (normal execution)

VM Mutex/Monitor currently owned by a thread:  ([mutex/lock_event])
[0x00007fca78005df0] ExpandHeap_lock - owner thread: 0x00007fca78077800
[0x00007fca78006470] Threads_lock - owner thread: 0x00007fca78077800
[0x00007fca78006970] Heap_lock - owner thread: 0x00007fca19476800

Heap:
 PSYoungGen      total 349696K, used 100985K [0x00000000e0000000, 0x0000000100000000, 0x0000000100000000)
  eden space 175104K, 0% used [0x00000000e0000000,0x00000000e0000000,0x00000000eab00000)
  from space 174592K, 57% used [0x00000000f5580000,0x00000000fb81e750,0x0000000100000000)
  to   space 174592K, 0% used [0x00000000eab00000,0x00000000eab00000,0x00000000f5580000)
 ParOldGen       total 645120K, used 644920K [0x00000000a0000000, 0x00000000c7600000, 0x00000000e0000000)
  object space 645120K, 99% used [0x00000000a0000000,0x00000000c75ce0e0,0x00000000c7600000)
 Metaspace       used 54075K, capacity 55824K, committed 55984K, reserved 1097728K
  class space    used 7115K, capacity 7501K, committed 7600K, reserved 1048576K

Card table byte_map: [0x00007fca6789a000,0x00007fca67b9b000] byte_map_base: 0x00007fca6739a000

Marking Bits: (ParMarkBitMap*) 0x00007fca7d36b340
 Begin Bits: [0x00007fca64397000, 0x00007fca65b97000)
 End Bits:   [0x00007fca65b97000, 0x00007fca67397000)

Polling page: 0x00007fca7dfbd000

CodeCache: size=245760Kb used=30633Kb max_used=30650Kb free=215126Kb
 bounds [0x00007fca67f5b000, 0x00007fca69dbb000, 0x00007fca76f5b000]
 total_blobs=8717 nmethods=7966 adapters=664
 compilation: enabled

Compilation events (10 events):
Event: 60.543 Thread 0x00007fca780bc800 9735       2       com.android.dx.ssa.InterferenceRegisterMapper::interferes (78 bytes)
Event: 60.544 Thread 0x00007fca780bc800 nmethod 9735 0x00007fca68dadb50 code [0x00007fca68dadd00, 0x00007fca68dae0c8]
Event: 60.592 Thread 0x00007fca780ba800 nmethod 9715% 0x00007fca69da7190 code [0x00007fca69da7520, 0x00007fca69daa338]
Event: 60.592 Thread 0x00007fca780ba800 9719       4       com.android.dx.ssa.back.InterferenceGraph::<init> (42 bytes)
Event: 60.644 Thread 0x00007fca780ba800 nmethod 9719 0x00007fca6950c990 code [0x00007fca6950cb80, 0x00007fca6950de58]
Event: 60.644 Thread 0x00007fca780ba800 9738       4       com.android.dx.util.BitIntSet::merge (148 bytes)
Event: 60.669 Thread 0x00007fca780ba800 nmethod 9738 0x00007fca689ef3d0 code [0x00007fca689ef560, 0x00007fca689efcd8]
Event: 60.669 Thread 0x00007fca780ba800 9736       4       com.android.dx.ssa.InterferenceRegisterMapper::addInterfence (62 bytes)
Event: 60.738 Thread 0x00007fca780ba800 nmethod 9736 0x00007fca697ab6d0 code [0x00007fca697ab920, 0x00007fca697ad078]
Event: 60.738 Thread 0x00007fca780ba800 9742       4       com.android.dx.ssa.back.LivenessAnalyzer::handleTailRecursion (94 bytes)

GC Heap History (10 events):
Event: 56.171 GC heap after
Heap after GC invocations=52 (full 8):
 PSYoungGen      total 375808K, used 39537K [0x00000000e0000000, 0x0000000100000000, 0x0000000100000000)
  eden space 236544K, 0% used [0x00000000e0000000,0x00000000e0000000,0x00000000ee700000)
  from space 139264K, 28% used [0x00000000f7800000,0x00000000f9e9c408,0x0000000100000000)
  to   space 143872K, 0% used [0x00000000ee700000,0x00000000ee700000,0x00000000f7380000)
 ParOldGen       total 645120K, used 483781K [0x00000000a0000000, 0x00000000c7600000, 0x00000000e0000000)
  object space 645120K, 74% used [0x00000000a0000000,0x00000000bd871778,0x00000000c7600000)
 Metaspace       used 54066K, capacity 55824K, committed 55984K, reserved 1097728K
  class space    used 7114K, capacity 7501K, committed 7600K, reserved 1048576K
}
Event: 57.033 GC heap before
{Heap before GC invocations=53 (full 8):
 PSYoungGen      total 375808K, used 276081K [0x00000000e0000000, 0x0000000100000000, 0x0000000100000000)
  eden space 236544K, 100% used [0x00000000e0000000,0x00000000ee700000,0x00000000ee700000)
  from space 139264K, 28% used [0x00000000f7800000,0x00000000f9e9c408,0x0000000100000000)
  to   space 143872K, 0% used [0x00000000ee700000,0x00000000ee700000,0x00000000f7380000)
 ParOldGen       total 645120K, used 483781K [0x00000000a0000000, 0x00000000c7600000, 0x00000000e0000000)
  object space 645120K, 74% used [0x00000000a0000000,0x00000000bd871778,0x00000000c7600000)
 Metaspace       used 54066K, capacity 55824K, committed 55984K, reserved 1097728K
  class space    used 7114K, capacity 7501K, committed 7600K, reserved 1048576K
Event: 57.262 GC heap after
Heap after GC invocations=53 (full 8):
 PSYoungGen      total 380416K, used 73276K [0x00000000e0000000, 0x00000000ffe80000, 0x0000000100000000)
  eden space 236544K, 0% used [0x00000000e0000000,0x00000000e0000000,0x00000000ee700000)
  from space 143872K, 50% used [0x00000000ee700000,0x00000000f2e8f098,0x00000000f7380000)
  to   space 140800K, 0% used [0x00000000f7500000,0x00000000f7500000,0x00000000ffe80000)
 ParOldGen       total 645120K, used 483781K [0x00000000a0000000, 0x00000000c7600000, 0x00000000e0000000)
  object space 645120K, 74% used [0x00000000a0000000,0x00000000bd871778,0x00000000c7600000)
 Metaspace       used 54066K, capacity 55824K, committed 55984K, reserved 1097728K
  class space    used 7114K, capacity 7501K, committed 7600K, reserved 1048576K
}
Event: 59.647 GC heap before
{Heap before GC invocations=54 (full 8):
 PSYoungGen      total 380416K, used 309820K [0x00000000e0000000, 0x00000000ffe80000, 0x0000000100000000)
  eden space 236544K, 100% used [0x00000000e0000000,0x00000000ee700000,0x00000000ee700000)
  from space 143872K, 50% used [0x00000000ee700000,0x00000000f2e8f098,0x00000000f7380000)
  to   space 140800K, 0% used [0x00000000f7500000,0x00000000f7500000,0x00000000ffe80000)
 ParOldGen       total 645120K, used 483781K [0x00000000a0000000, 0x00000000c7600000, 0x00000000e0000000)
  object space 645120K, 74% used [0x00000000a0000000,0x00000000bd871778,0x00000000c7600000)
 Metaspace       used 54066K, capacity 55824K, committed 55984K, reserved 1097728K
  class space    used 7114K, capacity 7501K, committed 7600K, reserved 1048576K
Event: 59.849 GC heap after
Heap after GC invocations=54 (full 8):
 PSYoungGen      total 315904K, used 140794K [0x00000000e0000000, 0x0000000100000000, 0x0000000100000000)
  eden space 175104K, 0% used [0x00000000e0000000,0x00000000e0000000,0x00000000eab00000)
  from space 140800K, 99% used [0x00000000f7500000,0x00000000ffe7e890,0x00000000ffe80000)
  to   space 174592K, 0% used [0x00000000eab00000,0x00000000eab00000,0x00000000f5580000)
 ParOldGen       total 645120K, used 515807K [0x00000000a0000000, 0x00000000c7600000, 0x00000000e0000000)
  object space 645120K, 79% used [0x00000000a0000000,0x00000000bf7b7c60,0x00000000c7600000)
 Metaspace       used 54066K, capacity 55824K, committed 55984K, reserved 1097728K
  class space    used 7114K, capacity 7501K, committed 7600K, reserved 1048576K
}
Event: 60.157 GC heap before
{Heap before GC invocations=55 (full 8):
 PSYoungGen      total 315904K, used 315898K [0x00000000e0000000, 0x0000000100000000, 0x0000000100000000)
  eden space 175104K, 100% used [0x00000000e0000000,0x00000000eab00000,0x00000000eab00000)
  from space 140800K, 99% used [0x00000000f7500000,0x00000000ffe7e890,0x00000000ffe80000)
  to   space 174592K, 0% used [0x00000000eab00000,0x00000000eab00000,0x00000000f5580000)
 ParOldGen       total 645120K, used 515807K [0x00000000a0000000, 0x00000000c7600000, 0x00000000e0000000)
  object space 645120K, 79% used [0x00000000a0000000,0x00000000bf7b7c60,0x00000000c7600000)
 Metaspace       used 54074K, capacity 55824K, committed 55984K, reserved 1097728K
  class space    used 7115K, capacity 7501K, committed 7600K, reserved 1048576K
Event: 60.376 GC heap after
Heap after GC invocations=55 (full 8):
 PSYoungGen      total 349696K, used 174575K [0x00000000e0000000, 0x0000000100000000, 0x0000000100000000)
  eden space 175104K, 0% used [0x00000000e0000000,0x00000000e0000000,0x00000000eab00000)
  from space 174592K, 99% used [0x00000000eab00000,0x00000000f557be38,0x00000000f5580000)
  to   space 174592K, 0% used [0x00000000f5580000,0x00000000f5580000,0x0000000100000000)
 ParOldGen       total 645120K, used 564503K [0x00000000a0000000, 0x00000000c7600000, 0x00000000e0000000)
  object space 645120K, 87% used [0x00000000a0000000,0x00000000c2745fd0,0x00000000c7600000)
 Metaspace       used 54074K, capacity 55824K, committed 55984K, reserved 1097728K
  class space    used 7115K, capacity 7501K, committed 7600K, reserved 1048576K
}
Event: 60.807 GC heap before
{Heap before GC invocations=56 (full 8):
 PSYoungGen      total 349696K, used 349679K [0x00000000e0000000, 0x0000000100000000, 0x0000000100000000)
  eden space 175104K, 100% used [0x00000000e0000000,0x00000000eab00000,0x00000000eab00000)
  from space 174592K, 99% used [0x00000000eab00000,0x00000000f557be38,0x00000000f5580000)
  to   space 174592K, 0% used [0x00000000f5580000,0x00000000f5580000,0x0000000100000000)
 ParOldGen       total 645120K, used 564503K [0x00000000a0000000, 0x00000000c7600000, 0x00000000e0000000)
  object space 645120K, 87% used [0x00000000a0000000,0x00000000c2745fd0,0x00000000c7600000)
 Metaspace       used 54075K, capacity 55824K, committed 55984K, reserved 1097728K
  class space    used 7115K, capacity 7501K, committed 7600K, reserved 1048576K
Event: 61.025 GC heap after
Heap after GC invocations=56 (full 8):
 PSYoungGen      total 349696K, used 174562K [0x00000000e0000000, 0x0000000100000000, 0x0000000100000000)
  eden space 175104K, 0% used [0x00000000e0000000,0x00000000e0000000,0x00000000eab00000)
  from space 174592K, 99% used [0x00000000f5580000,0x00000000ffff8bf0,0x0000000100000000)
  to   space 174592K, 0% used [0x00000000eab00000,0x00000000eab00000,0x00000000f5580000)
 ParOldGen       total 645120K, used 616657K [0x00000000a0000000, 0x00000000c7600000, 0x00000000e0000000)
  object space 645120K, 95% used [0x00000000a0000000,0x00000000c5a34488,0x00000000c7600000)
 Metaspace       used 54075K, capacity 55824K, committed 55984K, reserved 1097728K
  class space    used 7115K, capacity 7501K, committed 7600K, reserved 1048576K
}
Event: 61.025 GC heap before
{Heap before GC invocations=57 (full 9):
 PSYoungGen      total 349696K, used 174562K [0x00000000e0000000, 0x0000000100000000, 0x0000000100000000)
  eden space 175104K, 0% used [0x00000000e0000000,0x00000000e0000000,0x00000000eab00000)
  from space 174592K, 99% used [0x00000000f5580000,0x00000000ffff8bf0,0x0000000100000000)
  to   space 174592K, 0% used [0x00000000eab00000,0x00000000eab00000,0x00000000f5580000)
 ParOldGen       total 645120K, used 616657K [0x00000000a0000000, 0x00000000c7600000, 0x00000000e0000000)
  object space 645120K, 95% used [0x00000000a0000000,0x00000000c5a34488,0x00000000c7600000)
 Metaspace       used 54075K, capacity 55824K, committed 55984K, reserved 1097728K
  class space    used 7115K, capacity 7501K, committed 7600K, reserved 1048576K

Deoptimization events (10 events):
Event: 60.498 Thread 0x00007fca19476800 Uncommon trap: reason=class_check action=maybe_recompile pc=0x00007fca69d7ea30 method=com.android.dx.ssa.SsaConverter.placePhiFunctions(Lcom/android/dx/ssa/SsaMethod;Lcom/android/dx/ssa/LocalVariableInfo;I)V @ 257
Event: 60.534 Thread 0x00007fc9f8056800 Uncommon trap: reason=class_check action=maybe_recompile pc=0x00007fca69bf7294 method=com.android.dx.ssa.back.InterferenceGraph.mergeInterferenceSet(ILcom/android/dx/util/IntSet;)V @ 20
Event: 60.534 Thread 0x00007fc9f8056800 Uncommon trap: reason=class_check action=maybe_recompile pc=0x00007fca68403450 method=com.android.dx.util.BitIntSet.merge(Lcom/android/dx/util/IntSet;)V @ 1
Event: 60.535 Thread 0x00007fc9f8056800 Uncommon trap: reason=class_check action=maybe_recompile pc=0x00007fca698e03fc method=com.android.dx.ssa.back.InterferenceGraph.mergeInterferenceSet(ILcom/android/dx/util/IntSet;)V @ 20
Event: 60.535 Thread 0x00007fc9f8056800 Uncommon trap: reason=class_check action=maybe_recompile pc=0x00007fca68403450 method=com.android.dx.util.BitIntSet.merge(Lcom/android/dx/util/IntSet;)V @ 1
Event: 60.535 Thread 0x00007fc9f8056800 Uncommon trap: reason=class_check action=maybe_recompile pc=0x00007fca698e03fc method=com.android.dx.ssa.back.InterferenceGraph.mergeInterferenceSet(ILcom/android/dx/util/IntSet;)V @ 20
Event: 60.535 Thread 0x00007fc9f8056800 Uncommon trap: reason=class_check action=maybe_recompile pc=0x00007fca68403450 method=com.android.dx.util.BitIntSet.merge(Lcom/android/dx/util/IntSet;)V @ 1
Event: 60.543 Thread 0x00007fc9f8056800 Uncommon trap: reason=class_check action=maybe_recompile pc=0x00007fca698e03fc method=com.android.dx.ssa.back.InterferenceGraph.mergeInterferenceSet(ILcom/android/dx/util/IntSet;)V @ 20
Event: 60.543 Thread 0x00007fc9f8056800 Uncommon trap: reason=class_check action=maybe_recompile pc=0x00007fca68403450 method=com.android.dx.util.BitIntSet.merge(Lcom/android/dx/util/IntSet;)V @ 1
Event: 60.790 Thread 0x00007fc9f805a800 Uncommon trap: reason=class_check action=maybe_recompile pc=0x00007fca69bf7294 method=com.android.dx.ssa.back.InterferenceGraph.mergeInterferenceSet(ILcom/android/dx/util/IntSet;)V @ 20

Internal exceptions (10 events):
Event: 25.771 Thread 0x00007fca28008000 Exception <a 'java/lang/NoSuchMethodError': <clinit>> (0x00000000e1f5ccc0) thrown at [/ssd/Android/AOSP-openjdk/external/jetbrains/jdk/hotspot/src/share/vm/prims/jni.cpp, line 1613]
Event: 25.790 Thread 0x00007fca28008000 Exception <a 'java/lang/NoSuchMethodError': <clinit>> (0x00000000e1fd87b8) thrown at [/ssd/Android/AOSP-openjdk/external/jetbrains/jdk/hotspot/src/share/vm/prims/jni.cpp, line 1613]
Event: 25.792 Thread 0x00007fca28008000 Exception <a 'java/lang/NoSuchMethodError': <clinit>> (0x00000000e1ff1510) thrown at [/ssd/Android/AOSP-openjdk/external/jetbrains/jdk/hotspot/src/share/vm/prims/jni.cpp, line 1613]
Event: 25.792 Thread 0x00007fca28008000 Exception <a 'java/lang/NoSuchMethodError': <clinit>> (0x00000000e1ff3190) thrown at [/ssd/Android/AOSP-openjdk/external/jetbrains/jdk/hotspot/src/share/vm/prims/jni.cpp, line 1613]
Event: 27.036 Thread 0x00007fca28008000 Implicit null exception at 0x00007fca68f4430d to 0x00007fca68f44f65
Event: 29.676 Thread 0x00007fc9f8056800 Implicit null exception at 0x00007fca693b8962 to 0x00007fca693b8a5b
Event: 29.919 Thread 0x00007fc9f8054000 Implicit null exception at 0x00007fca688bc4fe to 0x00007fca688bd429
Event: 30.653 Thread 0x00007fc9f805a800 Implicit null exception at 0x00007fca685c89a5 to 0x00007fca685c9589
Event: 30.779 Thread 0x00007fc9f805a800 Implicit null exception at 0x00007fca695f040d to 0x00007fca695f05e9
Event: 39.924 Thread 0x00007fca19476800 Implicit null exception at 0x00007fca6810fe03 to 0x00007fca68110475

Events (10 events):
Event: 60.717 Thread 0x00007fc9f8058800 DEOPT PACKING pc=0x00007fca6958a06a sp=0x00007fca20bf3f80
Event: 60.717 Thread 0x00007fc9f8058800 DEOPT UNPACKING pc=0x00007fca67fa2373 sp=0x00007fca20bf3d68 mode 0
Event: 60.739 Thread 0x00007fca19476800 DEOPT PACKING pc=0x00007fca6958a06a sp=0x00007fca210cc4e0
Event: 60.739 Thread 0x00007fca19476800 DEOPT UNPACKING pc=0x00007fca67fa2373 sp=0x00007fca210cc2c8 mode 0
Event: 60.789 Thread 0x00007fc9f8054000 DEOPT PACKING pc=0x00007fca69708f39 sp=0x00007fca20ef6f90
Event: 60.789 Thread 0x00007fc9f8054000 DEOPT UNPACKING pc=0x00007fca67fa2373 sp=0x00007fca20ef6df0 mode 0
Event: 60.790 Thread 0x00007fc9f805a800 Uncommon trap: trap_request=0xffffffde fr.pc=0x00007fca69bf7294
Event: 60.790 Thread 0x00007fc9f805a800 DEOPT PACKING pc=0x00007fca69bf7294 sp=0x00007fca20af3110
Event: 60.790 Thread 0x00007fc9f805a800 DEOPT UNPACKING pc=0x00007fca67f5ff69 sp=0x00007fca20af2fa0 mode 2
Event: 60.801 Executing VM operation: ParallelGCFailedAllocation


Dynamic libraries:
00400000-00401000 r-xp 00000000 08:07 1201464                            /home/chivu/Downloads/android-studio-p/jre/bin/java
00600000-00601000 r--p 00000000 08:07 1201464                            /home/chivu/Downloads/android-studio-p/jre/bin/java
00601000-00602000 rw-p 00001000 08:07 1201464                            /home/chivu/Downloads/android-studio-p/jre/bin/java
0196e000-019b2000 rw-p 00000000 00:00 0                                  [heap]
a0000000-c7600000 rw-p 00000000 00:00 0 
d3480000-e0000000 ---p 00000000 00:00 0 
e0000000-100000000 rw-p 00000000 00:00 0 
100000000-10076c000 rw-p 00000000 00:00 0 
10076c000-140000000 ---p 00000000 00:00 0 
7fc9e4000000-7fc9e404b000 rw-p 00000000 00:00 0 
7fc9e404b000-7fc9e8000000 ---p 00000000 00:00 0 
7fc9e8000000-7fc9e8049000 rw-p 00000000 00:00 0 
7fc9e8049000-7fc9ec000000 ---p 00000000 00:00 0 
7fc9ec000000-7fc9ec033000 rw-p 00000000 00:00 0 
7fc9ec033000-7fc9f0000000 ---p 00000000 00:00 0 
7fc9f0000000-7fc9f0021000 rw-p 00000000 00:00 0 
7fc9f0021000-7fc9f4000000 ---p 00000000 00:00 0 
7fc9f4000000-7fc9f4032000 rw-p 00000000 00:00 0 
7fc9f4032000-7fc9f8000000 ---p 00000000 00:00 0 
7fc9f8000000-7fc9f8204000 rw-p 00000000 00:00 0 
7fc9f8204000-7fc9fc000000 ---p 00000000 00:00 0 
7fc9fc000000-7fc9fc021000 rw-p 00000000 00:00 0 
7fc9fc021000-7fca00000000 ---p 00000000 00:00 0 
7fca00000000-7fca00021000 rw-p 00000000 00:00 0 
7fca00021000-7fca04000000 ---p 00000000 00:00 0 
7fca04000000-7fca04021000 rw-p 00000000 00:00 0 
7fca04021000-7fca08000000 ---p 00000000 00:00 0 
7fca08000000-7fca08021000 rw-p 00000000 00:00 0 
7fca08021000-7fca0c000000 ---p 00000000 00:00 0 
7fca0c000000-7fca0c021000 rw-p 00000000 00:00 0 
7fca0c021000-7fca10000000 ---p 00000000 00:00 0 
7fca10000000-7fca10021000 rw-p 00000000 00:00 0 
7fca10021000-7fca14000000 ---p 00000000 00:00 0 
7fca14000000-7fca14021000 rw-p 00000000 00:00 0 
7fca14021000-7fca18000000 ---p 00000000 00:00 0 
7fca18000000-7fca194a7000 rw-p 00000000 00:00 0 
7fca194a7000-7fca1c000000 ---p 00000000 00:00 0 
7fca1c000000-7fca1c021000 rw-p 00000000 00:00 0 
7fca1c021000-7fca20000000 ---p 00000000 00:00 0 
7fca207f4000-7fca20934000 rw-p 00000000 00:00 0 
7fca20934000-7fca209f4000 ---p 00000000 00:00 0 
7fca209f4000-7fca209f7000 ---p 00000000 00:00 0 
7fca209f7000-7fca20af5000 rw-p 00000000 00:00 0 
7fca20af5000-7fca20af8000 ---p 00000000 00:00 0 
7fca20af8000-7fca20bf6000 rw-p 00000000 00:00 0 
7fca20bf6000-7fca20bf9000 ---p 00000000 00:00 0 
7fca20bf9000-7fca20cf7000 rw-p 00000000 00:00 0 
7fca20cf7000-7fca20cfa000 ---p 00000000 00:00 0 
7fca20cfa000-7fca20df8000 rw-p 00000000 00:00 0 
7fca20df8000-7fca20dfb000 ---p 00000000 00:00 0 
7fca20dfb000-7fca20ef9000 rw-p 00000000 00:00 0 
7fca20ef9000-7fca20fce000 r--s 0095c000 08:07 1200353                    /home/chivu/Desktop/newsApp/app/build/intermediates/transforms/jarMerging/debug/jars/1/1f/combined.jar
7fca20fce000-7fca20fd1000 ---p 00000000 00:00 0 
7fca20fd1000-7fca212cf000 rw-p 00000000 00:00 0 
7fca212cf000-7fca212d2000 ---p 00000000 00:00 0 
7fca212d2000-7fca215d0000 rw-p 00000000 00:00 0 
7fca215d0000-7fca217d0000 rw-p 00000000 00:00 0 
7fca217d0000-7fca219d0000 rw-p 00000000 00:00 0 
7fca219d0000-7fca21bd0000 rw-p 00000000 00:00 0 
7fca21bd0000-7fca21be3000 r--s 00344000 08:07 1201558                    /home/chivu/Downloads/android-studio-p/jre/jre/lib/resources.jar
7fca21be3000-7fca21de3000 rw-p 00000000 00:00 0 
7fca21de3000-7fca21fe3000 rw-p 00000000 00:00 0 
7fca21fe3000-7fca221e3000 rw-p 00000000 00:00 0 
7fca221e3000-7fca223e3000 rw-p 00000000 00:00 0 
7fca223e3000-7fca223e6000 ---p 00000000 00:00 0 
7fca223e6000-7fca226e4000 rw-p 00000000 00:00 0 
7fca226e4000-7fca226e5000 r--s 00001000 08:07 1094992                    /home/chivu/.gradle/caches/jars-2/cmhx5eetujk7j30d3nllwxyrlnugzjw/annotations-25.3.3.jar
7fca226e5000-7fca226ed000 r--s 000a8000 08:07 932893                     /home/chivu/.gradle/caches/jars-2/lp0h431tl0554nh1vx6zomcvteflkp/lombok-ast-0.2.3.jar
7fca226ed000-7fca22701000 r--s 000b4000 08:07 139376                     /home/chivu/.gradle/caches/jars-2/hgvw6szzawm3evod5l2d6iutfug31w0/uast-162.2228.14.jar
7fca22701000-7fca22703000 r--s 0000d000 08:07 932889                     /home/chivu/.gradle/caches/jars-2/7pwz1bowgakb1eux9ezb56jlturgsyi/commons-codec-1.4.jar
7fca22703000-7fca22705000 r--s 0000d000 08:07 932887                     /home/chivu/.gradle/caches/jars-2/9dj1m0eyooi5qt13735vz8fpkl3cnfy/commons-logging-1.1.1.jar
7fca22705000-7fca2270a000 r--s 00028000 08:07 932885                     /home/chivu/.gradle/caches/jars-2/62lv0fe9b3xbqe57f6ljy5upwi7mf6k/httpcore-4.1.jar
7fca2270a000-7fca2270e000 r--s 0002f000 08:07 932883                     /home/chivu/.gradle/caches/jars-2/gsg5n52frsvw6sx0swqqe2hwijwdcf0/jimfs-1.1.jar
7fca2270e000-7fca2270f000 r--s 00004000 08:07 932881                     /home/chivu/.gradle/caches/jars-2/lxs252id0979odjrerlctkb26c2vj95/annotations-12.0.jar
7fca2270f000-7fca22710000 r--s 00004000 08:07 932879                     /home/chivu/.gradle/caches/jars-2/9kn99dr0rulyl67sct1ephwcop56l61/asm-analysis-5.0.4.jar
7fca22710000-7fca22714000 r--s 00040000 08:07 1094991                    /home/chivu/.gradle/caches/jars-2/ccvn7yglm4blceovs70fngoac1eyn4f/lint-api-25.3.3.jar
7fca22714000-7fca22715000 r--s 0000a000 08:07 932875                     /home/chivu/.gradle/caches/jars-2/nwyg9io65lv6jvmwit2wq82xnnxd7ia/kxml2-2.3.0.jar
7fca22715000-7fca22717000 r--s 00005000 08:07 932873                     /home/chivu/.gradle/caches/jars-2/i6hc1uuj8e9ck59slmzdyz78ydn8sr6/httpmime-4.1.jar
7fca22717000-7fca2271f000 r--s 0004e000 08:07 932871                     /home/chivu/.gradle/caches/jars-2/7503wa5irssz0xxahv1xb82p2dl7rr2/httpclient-4.1.1.jar
7fca2271f000-7fca22726000 r--s 00053000 08:07 932869                     /home/chivu/.gradle/caches/jars-2/jgkfvs4eqggj7qsyw1f5d3up57hanj1/commons-compress-1.8.1.jar
7fca22726000-7fca2272b000 r--s 0002a000 08:07 932867                     /home/chivu/.gradle/caches/jars-2/je8f027qcr1z1egw08byp1ybxbp9kko/gson-2.2.4.jar
7fca2272b000-7fca22730000 r--s 0002e000 08:07 1094990                    /home/chivu/.gradle/caches/jars-2/s427p2wh0tfza0xa8qijgx107eeevyl/repository-25.3.3.jar
7fca22730000-7fca22732000 r--s 00006000 08:07 1094989                    /home/chivu/.gradle/caches/jars-2/e2s952s6co8tps89l80r4riixwqo2oe/dvlib-25.3.3.jar
7fca22732000-7fca22734000 r--s 00013000 08:07 1094883                    /home/chivu/.gradle/caches/jars-2/s02k517nvrh8cbp2c8dz4slqska6dj9/layoutlib-api-25.3.3.jar
7fca22734000-7fca22739000 r--s 00058000 08:07 932859                     /home/chivu/.gradle/caches/jars-2/st159835qgxm0l87oqrnhayxos4lc1n/asm-debug-all-5.0.1.jar
7fca22739000-7fca22749000 r--s 000d5000 08:07 932857                     /home/chivu/.gradle/caches/jars-2/qzf32gp9kej4w4hlbabft6tplu74cj3/proguard-base-5.3.2.jar
7fca22749000-7fca2274c000 r--s 00033000 08:07 932855                     /home/chivu/.gradle/caches/jars-2/nz9sndmr8b4xbj4xulkaciy5kdbyfiz/juniversalchardet-1.0.3.jar
7fca2274c000-7fca22750000 r--s 0002a000 08:07 932853                     /home/chivu/.gradle/caches/jars-2/krbpn9xjn1qymukyx8cc5l799ty1v3h/commons-io-2.4.jar
7fca22750000-7fca22767000 r--s 00154000 08:07 932851                     /home/chivu/.gradle/caches/jars-2/sfeivjswzitn6n0fnjx3ueszz8gv8o1/antlr4-4.5.3.jar
7fca22767000-7fca22769000 r--s 00002000 08:07 1094881                    /home/chivu/.gradle/caches/jars-2/rh2ip1x2zziz26tr3qzudtz088pqsb2/baseLibrary-2.3.3.jar
7fca22769000-7fca22794000 r--s 001fc000 08:07 932847                     /home/chivu/.gradle/caches/jars-2/nxjrjftly2xksl8o0wqgivu5netfu2x/guava-18.0.jar
7fca22794000-7fca227a7000 r--s 00241000 08:07 932845                     /home/chivu/.gradle/caches/jars-2/9yuekvg4qerfitq3xec0iyckuw3hwaq/ecj-4.6.1.jar
7fca227a7000-7fca227ae000 r--s 000d9000 08:07 1094862                    /home/chivu/.gradle/caches/jars-2/ak89aa8liqmr44u7r08njntn6oehe0z/lint-checks-25.3.3.jar
7fca227ae000-7fca227b0000 r--s 00006000 08:07 932841                     /home/chivu/.gradle/caches/jars-2/6phgj9ki3jl3p5epzkqoo8pr6kur40b/asm-tree-5.0.4.jar
7fca227b0000-7fca227e3000 r--s 00203000 08:07 932839                     /home/chivu/.gradle/caches/jars-2/hj0bfvxu9cq7hkwmecvp0kg137or3hh/bcprov-jdk15on-1.48.jar
7fca227e3000-7fca227f1000 r--s 00081000 08:07 932837                     /home/chivu/.gradle/caches/jars-2/4r7xli0tz94y0wfjrdyjxlxar3g1pb9/bcpkix-jdk15on-1.48.jar
7fca227f1000-7fca227f3000 r--s 00002000 08:07 932835                     /home/chivu/.gradle/caches/jars-2/f32bh5uivuf69ecz2j8hl96ksnqdh7v/javawriter-2.5.0.jar
7fca227f3000-7fca227f5000 r--s 00004000 08:07 1094861                    /home/chivu/.gradle/caches/jars-2/j6s1upogkwo00sygdsekzj4fx0i75uy/tracker-25.3.3.jar
7fca227f5000-7fca227f6000 r--s 00005000 08:07 1094860                    /home/chivu/.gradle/caches/jars-2/4svya0t1s9wyo35ycd3atidsaoo6w7e/shared-25.3.3.jar
7fca227f6000-7fca22804000 r--s 00147000 08:07 1094859                    /home/chivu/.gradle/caches/jars-2/qx6695c5ocd9swxv7wqtxor3plyb4b7/protos-25.3.3.jar
7fca22804000-7fca22805000 r--s 00001000 08:07 139356                     /home/chivu/.gradle/caches/jars-2/bqo69msswbvaagsh45hf1tq02v21sml/jill-api-0.10.0.jar
7fca22805000-7fca22807000 r--s 00003000 08:07 139354                     /home/chivu/.gradle/caches/jars-2/7pldadygbci34ql8thws797g29k1uhh/jack-api-0.13.0.jar
7fca22807000-7fca2280d000 r--s 0004a000 08:07 1094853                    /home/chivu/.gradle/caches/jars-2/euoqfzf5y1sibp9ul8mcz0wovj380eo/ddmlib-25.3.3.jar
7fca2280d000-7fca22810000 r--s 00022000 08:07 1094848                    /home/chivu/.gradle/caches/jars-2/a81bg2yxzmumashablwecaj0ksz6tmj/manifest-merger-25.3.3.jar
7fca22810000-7fca22813000 r--s 0001c000 08:07 1094847                    /home/chivu/.gradle/caches/jars-2/l6cnyee1vojrkkbpp6qwgpf30shmrja/common-25.3.3.jar
7fca22813000-7fca2281c000 r--s 00089000 08:07 1094417                    /home/chivu/.gradle/caches/jars-2/m0t6h8af70sdgxvkj522jy01i14mnb8/sdk-common-25.3.3.jar
7fca2281c000-7fca22826000 r--s 00098000 08:07 1094415                    /home/chivu/.gradle/caches/jars-2/28c9ykhc782k8jmlrnbnccai34hziki/sdklib-25.3.3.jar
7fca22826000-7fca22829000 r--s 00006000 08:07 1094385                    /home/chivu/.gradle/caches/jars-2/omk02asobup8sgd6qxom3ej5bg94z2r/builder-model-2.3.3.jar
7fca22829000-7fca22838000 r--s 00130000 08:07 932809                     /home/chivu/.gradle/caches/jars-2/cr6zkqpx14lor9zdtmo49qpc7y8r8p4/protobuf-java-3.0.0.jar
7fca22838000-7fca2283a000 r--s 0000f000 08:07 932807                     /home/chivu/.gradle/caches/jars-2/rvfyugrlu5tbpz51p98og0qsxamjq4k/jopt-simple-4.9.jar
7fca2283a000-7fca2283e000 r--s 0001f000 08:07 932805                     /home/chivu/.gradle/caches/jars-2/nq3fzqkrrm37ob61z4iu5qdbh368uat/org.jacoco.report-0.7.5.201505241946.jar
7fca2283e000-7fca22842000 r--s 0001d000 08:07 932803                     /home/chivu/.gradle/caches/jars-2/3kxkmcckmk40ron92zhbm0qjo9l4bkl/org.jacoco.core-0.7.5.201505241946.jar
7fca22842000-7fca22844000 r--s 00002000 08:07 932801                     /home/chivu/.gradle/caches/jars-2/m4m0pzb4gmaeh0in5g2xc4bxeuwt828/proguard-gradle-5.3.2.jar
7fca22844000-7fca22846000 r--s 00009000 08:07 932799                     /home/chivu/.gradle/caches/jars-2/ajvcvdu66lc9e3tvvipxtuq48i9bbkc/asm-commons-5.0.4.jar
7fca22846000-7fca2284b000 r--s 0002c000 08:07 1094383                    /home/chivu/.gradle/caches/jars-2/3mlasgi8oo9o7oa12526198jui9zmp2/compilerCommon-2.3.3.jar
7fca2284b000-7fca22861000 r--s 00163000 08:07 1094347                    /home/chivu/.gradle/caches/jars-2/nyg71b5n2lzymmwh5vbtmvjiby07k4g/builder-2.3.3.jar
7fca22861000-7fca22880000 r--s 001ca000 08:07 1094310                    /home/chivu/.gradle/caches/jars-2/5fwyvjq1ai8mdh1mluqxidj1wo7rls8/gradle-core-2.3.3.jar
7fca22880000-7fca22a80000 rw-p 00000000 00:00 0 
7fca22a80000-7fca22c80000 rw-p 00000000 00:00 0 
7fca22c80000-7fca22c83000 ---p 00000000 00:00 0 
7fca22c83000-7fca22f81000 rw-p 00000000 00:00 0 
7fca22f81000-7fca23181000 rw-p 00000000 00:00 0 
7fca23181000-7fca23381000 rw-p 00000000 00:00 0 
7fca23381000-7fca23581000 rw-p 00000000 00:00 0 
7fca23581000-7fca235fa000 r--s 010ed000 08:07 1201473                    /home/chivu/Downloads/android-studio-p/jre/lib/tools.jar
7fca235fa000-7fca237fa000 rw-p 00000000 00:00 0 
7fca237fa000-7fca237fd000 ---p 00000000 00:00 0 
7fca237fd000-7fca238fb000 rw-p 00000000 00:00 0 
7fca238fb000-7fca238fe000 ---p 00000000 00:00 0 
7fca238fe000-7fca239fc000 rw-p 00000000 00:00 0 
7fca239fc000-7fca239ff000 ---p 00000000 00:00 0 
7fca239ff000-7fca23afd000 rw-p 00000000 00:00 0 
7fca23afd000-7fca23b00000 ---p 00000000 00:00 0 
7fca23b00000-7fca23bfe000 rw-p 00000000 00:00 0 
7fca23bfe000-7fca23c01000 ---p 00000000 00:00 0 
7fca23c01000-7fca23eff000 rw-p 00000000 00:00 0 
7fca23eff000-7fca23f02000 ---p 00000000 00:00 0 
7fca23f02000-7fca24000000 rw-p 00000000 00:00 0 
7fca24000000-7fca24075000 rw-p 00000000 00:00 0 
7fca24075000-7fca28000000 ---p 00000000 00:00 0 
7fca28000000-7fca28021000 rw-p 00000000 00:00 0 
7fca28021000-7fca2c000000 ---p 00000000 00:00 0 
7fca2c000000-7fca2c021000 rw-p 00000000 00:00 0 
7fca2c021000-7fca30000000 ---p 00000000 00:00 0 
7fca30000000-7fca30021000 rw-p 00000000 00:00 0 
7fca30021000-7fca34000000 ---p 00000000 00:00 0 
7fca34000000-7fca364a2000 rw-p 00000000 00:00 0 
7fca364a2000-7fca38000000 ---p 00000000 00:00 0 
7fca38000000-7fca38e43000 rw-p 00000000 00:00 0 
7fca38e43000-7fca3c000000 ---p 00000000 00:00 0 
7fca3c000000-7fca3c021000 rw-p 00000000 00:00 0 
7fca3c021000-7fca40000000 ---p 00000000 00:00 0 
7fca40000000-7fca41f4e000 rw-p 00000000 00:00 0 
7fca41f4e000-7fca44000000 ---p 00000000 00:00 0 
7fca44000000-7fca44021000 rw-p 00000000 00:00 0 
7fca44021000-7fca48000000 ---p 00000000 00:00 0 
7fca48000000-7fca48021000 rw-p 00000000 00:00 0 
7fca48021000-7fca4c000000 ---p 00000000 00:00 0 
7fca4c000000-7fca4c2b8000 rw-p 00000000 00:00 0 
7fca4c2b8000-7fca50000000 ---p 00000000 00:00 0 
7fca50000000-7fca5002b000 rw-p 00000000 00:00 0 
7fca5002b000-7fca54000000 ---p 00000000 00:00 0 
7fca54000000-7fca54001000 r--s 00002000 08:07 1094389                    /home/chivu/.gradle/caches/jars-2/4dod7a1p5hoai4v37pxbcg65bbahvg2/builder-test-api-2.3.3.jar
7fca54001000-7fca54003000 r--s 0000c000 08:07 932797                     /home/chivu/.gradle/caches/jars-2/1laz1ygmxoc408r7nwqs1q8uk8r236d/asm-5.0.4.jar
7fca54003000-7fca54004000 r--s 00002000 08:07 1094379                    /home/chivu/.gradle/caches/jars-2/73l309uzm0ila7rdaaxteq0ng4ayf2y/gradle-api-2.3.3.jar
7fca54004000-7fca54005000 r--s 00000000 08:07 139334                     /home/chivu/.gradle/caches/jars-2/tlyajppf8woug00g686fx5mchf8iv3o/transform-api-2.0.0-deprecated-use-gradle-api.jar
7fca54005000-7fca5400a000 r--s 0005e000 08:07 1094349                    /home/chivu/.gradle/caches/jars-2/k2xtosjt0in0zj7mpwvctw6iznt93uh/lint-25.3.3.jar
7fca5400a000-7fca5400c000 r--s 00007000 08:07 266240                     /home/chivu/.gradle/caches/modules-2/files-2.1/com.google.gms/google-services/3.1.0/166ae4e6acd03b7bbebe221ffa54bc039fece1b9/google-services-3.1.0.jar
7fca5400c000-7fca5400e000 r--s 0000d000 08:07 1094266                    /home/chivu/.gradle/caches/jars-2/mel54vauze7hczg2p6nebauqz8s53sj/gradle-2.3.3.jar
7fca5400e000-7fca54011000 ---p 00000000 00:00 0 
7fca54011000-7fca54047000 rw-p 00000000 00:00 0 
7fca54047000-7fca54048000 r--p 00000000 00:00 0 
7fca54048000-7fca5404b000 ---p 00000000 00:00 0 
7fca5404b000-7fca54149000 rw-p 00000000 00:00 0 
7fca54149000-7fca54150000 r--s 00000000 08:07 1590595                    /usr/lib/x86_64-linux-gnu/gconv/gconv-modules.cache
7fca54150000-7fca54350000 rw-p 00000000 00:00 0 
7fca54350000-7fca54353000 ---p 00000000 00:00 0 
7fca54353000-7fca54451000 rw-p 00000000 00:00 0 
7fca54451000-7fca5445a000 r-xp 00000000 08:07 1201548                    /home/chivu/Downloads/android-studio-p/jre/jre/lib/amd64/libmanagement.so
7fca5445a000-7fca54659000 ---p 00009000 08:07 1201548                    /home/chivu/Downloads/android-studio-p/jre/jre/lib/amd64/libmanagement.so
7fca54659000-7fca5465a000 r--p 00008000 08:07 1201548                    /home/chivu/Downloads/android-studio-p/jre/jre/lib/amd64/libmanagement.so
7fca5465a000-7fca5465b000 rw-p 00009000 08:07 1201548                    /home/chivu/Downloads/android-studio-p/jre/jre/lib/amd64/libmanagement.so
7fca5465b000-7fca54660000 r--s 00098000 08:07 1201512                    /home/chivu/Downloads/android-studio-p/jre/jre/lib/jsse.jar
7fca54660000-7fca54662000 r--s 00007000 08:07 1189108                    /home/chivu/.gradle/wrapper/dists/gradle-3.3-all/55gk2rcmfc6p2dg9u9ohc3hw9/gradle-3.3/lib/plugins/gradle-tooling-api-builders-3.3.jar
7fca54662000-7fca54665000 r--s 00009000 08:07 1189101                    /home/chivu/.gradle/wrapper/dists/gradle-3.3-all/55gk2rcmfc6p2dg9u9ohc3hw9/gradle-3.3/lib/plugins/gradle-testing-native-3.3.jar
7fca54665000-7fca5466b000 r--s 00033000 08:07 1189176                    /home/chivu/.gradle/wrapper/dists/gradle-3.3-all/55gk2rcmfc6p2dg9u9ohc3hw9/gradle-3.3/lib/plugins/snakeyaml-1.6.jar
7fca5466b000-7fca5466d000 r--s 00006000 08:07 1189175                    /home/chivu/.gradle/wrapper/dists/gradle-3.3-all/55gk2rcmfc6p2dg9u9ohc3hw9/gradle-3.3/lib/plugins/jcommander-1.12.jar
7fca5466d000-7fca54672000 r--s 00040000 08:07 1189174                    /home/chivu/.gradle/wrapper/dists/gradle-3.3-all/55gk2rcmfc6p2dg9u9ohc3hw9/gradle-3.3/lib/plugins/bsh-2.0b4.jar
7fca54672000-7fca54674000 r--s 00009000 08:07 1189182                    /home/chivu/.gradle/wrapper/dists/gradle-3.3-all/55gk2rcmfc6p2dg9u9ohc3hw9/gradle-3.3/lib/plugins/hamcrest-core-1.3.jar
7fca54674000-7fca5467d000 r--s 00089000 08:07 1189133                    /home/chivu/.gradle/wrapper/dists/gradle-3.3-all/55gk2rcmfc6p2dg9u9ohc3hw9/gradle-3.3/lib/plugins/testng-6.3.1.jar
7fca5467d000-7fca54685000 r--s 00045000 08:07 1189132                    /home/chivu/.gradle/wrapper/dists/gradle-3.3-all/55gk2rcmfc6p2dg9u9ohc3hw9/gradle-3.3/lib/plugins/junit-4.12.jar
7fca54685000-7fca5468b000 r--s 0002e000 08:07 1189102                    /home/chivu/.gradle/wrapper/dists/gradle-3.3-all/55gk2rcmfc6p2dg9u9ohc3hw9/gradle-3.3/lib/plugins/gradle-testing-jvm-3.3.jar
7fca5468b000-7fca5468f000 r--s 00016000 08:07 1189100                    /home/chivu/.gradle/wrapper/dists/gradle-3.3-all/55gk2rcmfc6p2dg9u9ohc3hw9/gradle-3.3/lib/plugins/gradle-testing-base-3.3.jar
7fca5468f000-7fca54696000 r--s 00038000 08:07 1189127                    /home/chivu/.gradle/wrapper/dists/gradle-3.3-all/55gk2rcmfc6p2dg9u9ohc3hw9/gradle-3.3/lib/plugins/bcpg-jdk15on-1.51.jar
7fca54696000-7fca54698000 r--s 0000c000 08:07 1189079                    /home/chivu/.gradle/wrapper/dists/gradle-3.3-all/55gk2rcmfc6p2dg9u9ohc3hw9/gradle-3.3/lib/plugins/gradle-signing-3.3.jar
7fca54698000-7fca5469a000 r--s 00007000 08:07 1189078                    /home/chivu/.gradle/wrapper/dists/gradle-3.3-all/55gk2rcmfc6p2dg9u9ohc3hw9/gradle-3.3/lib/plugins/gradle-scala-3.3.jar
7fca5469a000-7fca5469b000 r--s 00004000 08:07 1189106                    /home/chivu/.gradle/wrapper/dists/gradle-3.3-all/55gk2rcmfc6p2dg9u9ohc3hw9/gradle-3.3/lib/plugins/gradle-resources-sftp-3.3.jar
7fca5469b000-7fca546ab000 r--s 00088000 08:07 1189143                    /home/chivu/.gradle/wrapper/dists/gradle-3.3-all/55gk2rcmfc6p2dg9u9ohc3hw9/gradle-3.3/lib/plugins/joda-time-2.8.2.jar
7fca546ab000-7fca546bc000 r--s 0010d000 08:07 1189142                    /home/chivu/.gradle/wrapper/dists/gradle-3.3-all/55gk2rcmfc6p2dg9u9ohc3hw9/gradle-3.3/lib/plugins/jackson-databind-2.6.6.jar
7fca546bc000-7fca546bf000 r--s 00009000 08:07 1189141                    /home/chivu/.gradle/wrapper/dists/gradle-3.3-all/55gk2rcmfc6p2dg9u9ohc3hw9/gradle-3.3/lib/plugins/jackson-annotations-2.6.6.jar
7fca546bf000-7fca546c3000 r--s 0003c000 08:07 1189140                    /home/chivu/.gradle/wrapper/dists/gradle-3.3-all/55gk2rcmfc6p2dg9u9ohc3hw9/gradle-3.3/lib/plugins/jackson-core-2.6.6.jar
7fca546c3000-7fca546d1000 r--s 00087000 08:07 1189139                    /home/chivu/.gradle/wrapper/dists/gradle-3.3-all/55gk2rcmfc6p2dg9u9ohc3hw9/gradle-3.3/lib/plugins/aws-java-sdk-core-1.11.6.jar
7fca546d1000-7fca546d8000 r--s 00057000 08:07 1189138                    /home/chivu/.gradle/wrapper/dists/gradle-3.3-all/55gk2rcmfc6p2dg9u9ohc3hw9/gradle-3.3/lib/plugins/aws-java-sdk-kms-1.11.6.jar
7fca546d8000-7fca546e5000 r--s 0008e000 08:07 1189137                    /home/chivu/.gradle/wrapper/dists/gradle-3.3-all/55gk2rcmfc6p2dg9u9ohc3hw9/gradle-3.3/lib/plugins/aws-java-sdk-s3-1.11.6.jar
7fca546e5000-7fca546e7000 r--s 00004000 08:07 1189107                    /home/chivu/.gradle/wrapper/dists/gradle-3.3-all/55gk2rcmfc6p2dg9u9ohc3hw9/gradle-3.3/lib/plugins/gradle-resources-s3-3.3.jar
7fca546e7000-7fca546e9000 r--s 00005000 08:07 1189131                    /home/chivu/.gradle/wrapper/dists/gradle-3.3-all/55gk2rcmfc6p2dg9u9ohc3hw9/gradle-3.3/lib/plugins/jatl-0.2.2.jar
7fca546e9000-7fca546eb000 r--s 0000f000 08:07 1189084                    /home/chivu/.gradle/wrapper/dists/gradle-3.3-all/55gk2rcmfc6p2dg9u9ohc3hw9/gradle-3.3/lib/plugins/gradle-reporting-3.3.jar
7fca546eb000-7fca546ed000 r--s 00002000 08:07 1189085                    /home/chivu/.gradle/wrapper/dists/gradle-3.3-all/55gk2rcmfc6p2dg9u9ohc3hw9/gradle-3.3/lib/plugins/gradle-publish-3.3.jar
7fca546ed000-7fca546ef000 r--s 00009000 08:07 1189114                    /home/chivu/.gradle/wrapper/dists/gradle-3.3-all/55gk2rcmfc6p2dg9u9ohc3hw9/gradle-3.3/lib/plugins/commons-cli-1.2.jar
7fca546ef000-7fca546f5000 r--s 00031000 08:07 1189070                    /home/chivu/.gradle/wrapper/dists/gradle-3.3-all/55gk2rcmfc6p2dg9u9ohc3hw9/gradle-3.3/lib/plugins/gradle-plugins-3.3.jar
7fca546f5000-7fca546f7000 r--s 00009000 08:07 1189103                    /home/chivu/.gradle/wrapper/dists/gradle-3.3-all/55gk2rcmfc6p2dg9u9ohc3hw9/gradle-3.3/lib/plugins/gradle-plugin-development-3.3.jar
7fca546f7000-7fca546fd000 r--s 0002b000 08:07 1189096                    /home/chivu/.gradle/wrapper/dists/gradle-3.3-all/55gk2rcmfc6p2dg9u9ohc3hw9/gradle-3.3/lib/plugins/gradle-platform-play-3.3.jar
7fca546fd000-7fca5470b000 r--s 00055000 08:07 1189095                    /home/chivu/.gradle/wrapper/dists/gradle-3.3-all/55gk2rcmfc6p2dg9u9ohc3hw9/gradle-3.3/lib/plugins/gradle-platform-native-3.3.jar
7fca5470b000-7fca54710000 r--s 0001f000 08:07 1189090                    /home/chivu/.gradle/wrapper/dists/gradle-3.3-all/55gk2rcmfc6p2dg9u9ohc3hw9/gradle-3.3/lib/plugins/gradle-platform-jvm-3.3.jar
7fca54710000-7fca54718000 r--s 00027000 08:07 1189089                    /home/chivu/.gradle/wrapper/dists/gradle-3.3-all/55gk2rcmfc6p2dg9u9ohc3hw9/gradle-3.3/lib/plugins/gradle-platform-base-3.3.jar
7fca54718000-7fca54740000 r--s 0021c000 08:07 1189122                    /home/chivu/.gradle/wrapper/dists/gradle-3.3-all/55gk2rcmfc6p2dg9u9ohc3hw9/gradle-3.3/lib/plugins/biz.aQute.bndlib-3.2.0.jar
7fca54740000-7fca54742000 r--s 00003000 08:07 1189074                    /home/chivu/.gradle/wrapper/dists/gradle-3.3-all/55gk2rcmfc6p2dg9u9ohc3hw9/gradle-3.3/lib/plugins/gradle-osgi-3.3.jar
7fca54742000-7fca54745000 r--s 0000c000 08:07 1189125                    /home/chivu/.gradle/wrapper/dists/gradle-3.3-all/55gk2rcmfc6p2dg9u9ohc3hw9/gradle-3.3/lib/plugins/pmaven-groovy-0.8-20100325.jar
7fca54745000-7fca54746000 r--s 00004000 08:07 1189124                    /home/chivu/.gradle/wrapper/dists/gradle-3.3-all/55gk2rcmfc6p2dg9u9ohc3hw9/gradle-3.3/lib/plugins/pmaven-common-0.8-20100325.jar
7fca54746000-7fca5474c000 r--s 00023000 08:07 1189075                    /home/chivu/.gradle/wrapper/dists/gradle-3.3-all/55gk2rcmfc6p2dg9u9ohc3hw9/gradle-3.3/lib/plugins/gradle-maven-3.3.jar
7fca5474c000-7fca5474f000 r--s 0000b000 08:07 1189094                    /home/chivu/.gradle/wrapper/dists/gradle-3.3-all/55gk2rcmfc6p2dg9u9ohc3hw9/gradle-3.3/lib/plugins/gradle-language-scala-3.3.jar
7fca5474f000-7fca54755000 r--s 0001a000 08:07 1189098                    /home/chivu/.gradle/wrapper/dists/gradle-3.3-all/55gk2rcmfc6p2dg9u9ohc3hw9/gradle-3.3/lib/plugins/gradle-language-native-3.3.jar
7fca54755000-7fca54758000 r--s 00005000 08:07 1189091                    /home/chivu/.gradle/wrapper/dists/gradle-3.3-all/55gk2rcmfc6p2dg9u9ohc3hw9/gradle-3.3/lib/plugins/gradle-language-jvm-3.3.jar
7fca54758000-7fca5475e000 r--s 00027000 08:07 1189092                    /home/chivu/.gradle/wrapper/dists/gradle-3.3-all/55gk2rcmfc6p2dg9u9ohc3hw9/gradle-3.3/lib/plugins/gradle-language-java-3.3.jar
7fca5475e000-7fca54760000 r--s 0000a000 08:07 1189093                    /home/chivu/.gradle/wrapper/dists/gradle-3.3-all/55gk2rcmfc6p2dg9u9ohc3hw9/gradle-3.3/lib/plugins/gradle-language-groovy-3.3.jar
7fca54760000-7fca54763000 r--s 0001e000 08:07 1189149                    /home/chivu/.gradle/wrapper/dists/gradle-3.3-all/55gk2rcmfc6p2dg9u9ohc3hw9/gradle-3.3/lib/plugins/jsp-api-2.1-6.1.14.jar
7fca54763000-7fca54786000 r--s 00344000 08:07 1189148                    /home/chivu/.gradle/wrapper/dists/gradle-3.3-all/55gk2rcmfc6p2dg9u9ohc3hw9/gradle-3.3/lib/plugins/core-3.1.1.jar
7fca54786000-7fca54787000 r--s 00006000 08:07 1189147                    /home/chivu/.gradle/wrapper/dists/gradle-3.3-all/55gk2rcmfc6p2dg9u9ohc3hw9/gradle-3.3/lib/plugins/jetty-naming-6.1.26.jar
7fca54787000-7fca54788000 r--s 00002000 08:07 1189121                    /home/chivu/.gradle/wrapper/dists/gradle-3.3-all/55gk2rcmfc6p2dg9u9ohc3hw9/gradle-3.3/lib/plugins/geronimo-annotation_1.0_spec-1.0.jar
7fca54788000-7fca5478a000 r--s 00002000 08:07 1189120                    /home/chivu/.gradle/wrapper/dists/gradle-3.3-all/55gk2rcmfc6p2dg9u9ohc3hw9/gradle-3.3/lib/plugins/jetty-annotations-6.1.26.jar
7fca5478a000-7fca5479b000 r--s 000ea000 08:07 1189119                    /home/chivu/.gradle/wrapper/dists/gradle-3.3-all/55gk2rcmfc6p2dg9u9ohc3hw9/gradle-3.3/lib/plugins/jsp-2.1-6.1.14.jar
7fca5479b000-7fca5479d000 r--s 0000d000 08:07 1189118                    /home/chivu/.gradle/wrapper/dists/gradle-3.3-all/55gk2rcmfc6p2dg9u9ohc3hw9/gradle-3.3/lib/plugins/jetty-plus-6.1.26.jar
7fca5479d000-7fca5479f000 r--s 0001f000 08:07 1189117                    /home/chivu/.gradle/wrapper/dists/gradle-3.3-all/55gk2rcmfc6p2dg9u9ohc3hw9/gradle-3.3/lib/plugins/servlet-api-2.5-20081211.jar
7fca5479f000-7fca547a3000 r--s 00028000 08:07 1189116                    /home/chivu/.gradle/wrapper/dists/gradle-3.3-all/55gk2rcmfc6p2dg9u9ohc3hw9/gradle-3.3/lib/plugins/jetty-util-6.1.26.jar
7fca547a3000-7fca547aa000 r--s 0007d000 08:07 1189115                    /home/chivu/.gradle/wrapper/dists/gradle-3.3-all/55gk2rcmfc6p2dg9u9ohc3hw9/gradle-3.3/lib/plugins/jetty-6.1.26.jar
7fca547aa000-7fca547ac000 r--s 0000a000 08:07 1189072                    /home/chivu/.gradle/wrapper/dists/gradle-3.3-all/55gk2rcmfc6p2dg9u9ohc3hw9/gradle-3.3/lib/plugins/gradle-jetty-3.3.jar
7fca547ac000-7fca547b3000 r--s 00035000 08:07 1189130                    /home/chivu/.gradle/wrapper/dists/gradle-3.3-all/55gk2rcmfc6p2dg9u9ohc3hw9/gradle-3.3/lib/plugins/simple-4.1.21.jar
7fca547b3000-7fca547bf000 r--s 00100000 08:07 1189128                    /home/chivu/.gradle/wrapper/dists/gradle-3.3-all/55gk2rcmfc6p2dg9u9ohc3hw9/gradle-3.3/lib/plugins/rhino-1.7R3.jar
7fca547bf000-7fca547c3000 r--s 00012000 08:07 1189081                    /home/chivu/.gradle/wrapper/dists/gradle-3.3-all/55gk2rcmfc6p2dg9u9ohc3hw9/gradle-3.3/lib/plugins/gradle-javascript-3.3.jar
7fca547c3000-7fca547c5000 r--s 0000d000 08:07 1189087                    /home/chivu/.gradle/wrapper/dists/gradle-3.3-all/55gk2rcmfc6p2dg9u9ohc3hw9/gradle-3.3/lib/plugins/gradle-jacoco-3.3.jar
7fca547c5000-7fca547c8000 r--s 0000e000 08:07 1189086                    /home/chivu/.gradle/wrapper/dists/gradle-3.3-all/55gk2rcmfc6p2dg9u9ohc3hw9/gradle-3.3/lib/plugins/gradle-ivy-3.3.jar
7fca547c8000-7fca547c9000 r--s 00002000 08:07 1189097                    /home/chivu/.gradle/wrapper/dists/gradle-3.3-all/55gk2rcmfc6p2dg9u9ohc3hw9/gradle-3.3/lib/plugins/gradle-ide-play-3.3.jar
7fca547c9000-7fca547cc000 r--s 00013000 08:07 1189099                    /home/chivu/.gradle/wrapper/dists/gradle-3.3-all/55gk2rcmfc6p2dg9u9ohc3hw9/gradle-3.3/lib/plugins/gradle-ide-native-3.3.jar
7fca547cc000-7fca547d5000 r--s 00055000 08:07 1189076                    /home/chivu/.gradle/wrapper/dists/gradle-3.3-all/55gk2rcmfc6p2dg9u9ohc3hw9/gradle-3.3/lib/plugins/gradle-ide-3.3.jar
7fca547d5000-7fca547d7000 r--s 00007000 08:07 1189080                    /home/chivu/.gradle/wrapper/dists/gradle-3.3-all/55gk2rcmfc6p2dg9u9ohc3hw9/gradle-3.3/lib/plugins/gradle-ear-3.3.jar
7fca547d7000-7fca547dd000 r--s 00039000 08:07 1189083                    /home/chivu/.gradle/wrapper/dists/gradle-3.3-all/55gk2rcmfc6p2dg9u9ohc3hw9/gradle-3.3/lib/plugins/gradle-diagnostics-3.3.jar
7fca547dd000-7fca547de000 r--s 00009000 08:07 1189109                    /home/chivu/.gradle/wrapper/dists/gradle-3.3-all/55gk2rcmfc6p2dg9u9ohc3hw9/gradle-3.3/lib/plugins/gradle-composite-builds-3.3.jar
7fca547de000-7fca547e2000 r--s 00023000 08:07 1189071                    /home/chivu/.gradle/wrapper/dists/gradle-3.3-all/55gk2rcmfc6p2dg9u9ohc3hw9/gradle-3.3/lib/plugins/gradle-code-quality-3.3.jar
7fca547e2000-7fca547e6000 r--s 00022000 08:07 1189088                    /home/chivu/.gradle/wrapper/dists/gradle-3.3-all/55gk2rcmfc6p2dg9u9ohc3hw9/gradle-3.3/lib/plugins/gradle-build-init-3.3.jar
7fca547e6000-7fca547ec000 r--s 0008e000 08:07 1189082                    /home/chivu/.gradle/wrapper/dists/gradle-3.3-all/55gk2rcmfc6p2dg9u9ohc3hw9/gradle-3.3/lib/plugins/gradle-build-comparison-3.3.jar
7fca547ec000-7fca547ed000 r--s 00001000 08:07 1189110                    /home/chivu/.gradle/wrapper/dists/gradle-3.3-all/55gk2rcmfc6p2dg9u9ohc3hw9/gradle-3.3/lib/plugins/gradle-build-cache-http-3.3.jar
7fca547ed000-7fca547ef000 r--s 00008000 08:07 1189073                    /home/chivu/.gradle/wrapper/dists/gradle-3.3-all/55gk2rcmfc6p2dg9u9ohc3hw9/gradle-3.3/lib/plugins/gradle-antlr-3.3.jar
7fca547ef000-7fca547f1000 r--s 00004000 08:07 1189077                    /home/chivu/.gradle/wrapper/dists/gradle-3.3-all/55gk2rcmfc6p2dg9u9ohc3hw9/gradle-3.3/lib/plugins/gradle-announce-3.3.jar
7fca547f1000-7fca54809000 r--s 00115000 08:07 1189179                    /home/chivu/.gradle/wrapper/dists/gradle-3.3-all/55gk2rcmfc6p2dg9u9ohc3hw9/gradle-3.3/lib/plugins/xercesImpl-2.9.1.jar
7fca54809000-7fca54811000 r--s 00028000 08:07 1189180                    /home/chivu/.gradle/wrapper/dists/gradle-3.3-all/55gk2rcmfc6p2dg9u9ohc3hw9/gradle-3.3/lib/plugins/xml-apis-1.3.04.jar
7fca54811000-7fca54817000 r--s 0005b000 08:07 1189178                    /home/chivu/.gradle/wrapper/dists/gradle-3.3-all/55gk2rcmfc6p2dg9u9ohc3hw9/gradle-3.3/lib/plugins/jcifs-1.3.17.jar
7fca54817000-7fca5481d000 r--s 00033000 08:07 1189126                    /home/chivu/.gradle/wrapper/dists/gradle-3.3-all/55gk2rcmfc6p2dg9u9ohc3hw9/gradle-3.3/lib/plugins/commons-codec-1.6.jar
7fca5481d000-7fca54824000 r--s 00049000 08:07 1189177                    /home/chivu/.gradle/wrapper/dists/gradle-3.3-all/55gk2rcmfc6p2dg9u9ohc3hw9/gradle-3.3/lib/plugins/httpcore-4.4.4.jar
7fca54824000-7fca54827000 r--s 0001c000 08:07 1189135                    /home/chivu/.gradle/wrapper/dists/gradle-3.3-all/55gk2rcmfc6p2dg9u9ohc3hw9/gradle-3.3/lib/plugins/nekohtml-1.9.14.jar
7fca54827000-7fca54834000 r--s 000a4000 08:07 1189134                    /home/chivu/.gradle/wrapper/dists/gradle-3.3-all/55gk2rcmfc6p2dg9u9ohc3hw9/gradle-3.3/lib/plugins/httpclient-4.4.1.jar
7fca54834000-7fca54837000 r--s 0000a000 08:07 1189105                    /home/chivu/.gradle/wrapper/dists/gradle-3.3-all/55gk2rcmfc6p2dg9u9ohc3hw9/gradle-3.3/lib/plugins/gradle-resources-http-3.3.jar
7fca54837000-7fca5483b000 r--s 00015000 08:07 1189104                    /home/chivu/.gradle/wrapper/dists/gradle-3.3-all/55gk2rcmfc6p2dg9u9ohc3hw9/gradle-3.3/lib/plugins/gradle-plugin-use-3.3.jar
7fca5483b000-7fca5483c000 r--s 00000000 08:07 1189016                    /home/chivu/.gradle/wrapper/dists/gradle-3.3-all/55gk2rcmfc6p2dg9u9ohc3hw9/gradle-3.3/lib/gradle-installation-beacon-3.3.jar
7fca5483c000-7fca5483e000 r--s 00006000 08:07 1189173                    /home/chivu/.gradle/wrapper/dists/gradle-3.3-all/55gk2rcmfc6p2dg9u9ohc3hw9/gradle-3.3/lib/plugins/aether-connector-wagon-1.13.1.jar
7fca5483e000-7fca54842000 r--s 0001c000 08:07 1189172                    /home/chivu/.gradle/wrapper/dists/gradle-3.3-all/55gk2rcmfc6p2dg9u9ohc3hw9/gradle-3.3/lib/plugins/aether-util-1.13.1.jar
7fca54842000-7fca54843000 r--s 00003000 08:07 1189171                    /home/chivu/.gradle/wrapper/dists/gradle-3.3-all/55gk2rcmfc6p2dg9u9ohc3hw9/gradle-3.3/lib/plugins/aether-spi-1.13.1.jar
7fca54843000-7fca54846000 r--s 0001d000 08:07 1189170                    /home/chivu/.gradle/wrapper/dists/gradle-3.3-all/55gk2rcmfc6p2dg9u9ohc3hw9/gradle-3.3/lib/plugins/aether-impl-1.13.1.jar
7fca54846000-7fca54849000 r--s 00013000 08:07 1189169                    /home/chivu/.gradle/wrapper/dists/gradle-3.3-all/55gk2rcmfc6p2dg9u9ohc3hw9/gradle-3.3/lib/plugins/aether-api-1.13.1.jar
7fca54849000-7fca5484a000 r--s 00007000 08:07 1189168                    /home/chivu/.gradle/wrapper/dists/gradle-3.3-all/55gk2rcmfc6p2dg9u9ohc3hw9/gradle-3.3/lib/plugins/wagon-http-shared4-2.4.jar
7fca5484a000-7fca5484c000 r--s 0000b000 08:07 1189167                    /home/chivu/.gradle/wrapper/dists/gradle-3.3-all/55gk2rcmfc6p2dg9u9ohc3hw9/gradle-3.3/lib/plugins/wagon-provider-api-2.4.jar
7fca5484c000-7fca5484d000 r--s 00002000 08:07 1189166                    /home/chivu/.gradle/wrapper/dists/gradle-3.3-all/55gk2rcmfc6p2dg9u9ohc3hw9/gradle-3.3/lib/plugins/wagon-http-2.4.jar
7fca5484d000-7fca5484e000 r--s 00002000 08:07 1189165                    /home/chivu/.gradle/wrapper/dists/gradle-3.3-all/55gk2rcmfc6p2dg9u9ohc3hw9/gradle-3.3/lib/plugins/wagon-file-2.4.jar
7fca5484e000-7fca54850000 r--s 0000c000 08:07 1189164                    /home/chivu/.gradle/wrapper/dists/gradle-3.3-all/55gk2rcmfc6p2dg9u9ohc3hw9/gradle-3.3/lib/plugins/maven-aether-provider-3.0.4.jar
7fca54850000-7fca54852000 r--s 0000b000 08:07 1189163                    /home/chivu/.gradle/wrapper/dists/gradle-3.3-all/55gk2rcmfc6p2dg9u9ohc3hw9/gradle-3.3/lib/plugins/maven-plugin-api-3.0.4.jar
7fca54852000-7fca54854000 r--s 00006000 08:07 1189162                    /home/chivu/.gradle/wrapper/dists/gradle-3.3-all/55gk2rcmfc6p2dg9u9ohc3hw9/gradle-3.3/lib/plugins/maven-repository-metadata-3.0.4.jar
7fca54854000-7fca54856000 r--s 0000b000 08:07 1189161                    /home/chivu/.gradle/wrapper/dists/gradle-3.3-all/55gk2rcmfc6p2dg9u9ohc3hw9/gradle-3.3/lib/plugins/maven-artifact-3.0.4.jar
7fca54856000-7fca54858000 r--s 00026000 08:07 1189160                    /home/chivu/.gradle/wrapper/dists/gradle-3.3-all/55gk2rcmfc6p2dg9u9ohc3hw9/gradle-3.3/lib/plugins/maven-model-3.0.4.jar
7fca54858000-7fca5485c000 r--s 00021000 08:07 1189159                    /home/chivu/.gradle/wrapper/dists/gradle-3.3-all/55gk2rcmfc6p2dg9u9ohc3hw9/gradle-3.3/lib/plugins/maven-model-builder-3.0.4.jar
7fca5485c000-7fca54862000 r--s 0003f000 08:07 1189158                    /home/chivu/.gradle/wrapper/dists/gradle-3.3-all/55gk2rcmfc6p2dg9u9ohc3hw9/gradle-3.3/lib/plugins/maven-compat-3.0.4.jar
7fca54862000-7fca54863000 r--s 00006000 08:07 1189157                    /home/chivu/.gradle/wrapper/dists/gradle-3.3-all/55gk2rcmfc6p2dg9u9ohc3hw9/gradle-3.3/lib/plugins/plexus-sec-dispatcher-1.3.jar
7fca54863000-7fca54865000 r--s 00002000 08:07 1189156                    /home/chivu/.gradle/wrapper/dists/gradle-3.3-all/55gk2rcmfc6p2dg9u9ohc3hw9/gradle-3.3/lib/plugins/plexus-cipher-1.7.jar
7fca54865000-7fca54867000 r--s 0000a000 08:07 1189155                    /home/chivu/.gradle/wrapper/dists/gradle-3.3-all/55gk2rcmfc6p2dg9u9ohc3hw9/gradle-3.3/lib/plugins/plexus-classworlds-2.4.jar
7fca54867000-7fca5486e000 r--s 0002e000 08:07 1189154                    /home/chivu/.gradle/wrapper/dists/gradle-3.3-all/55gk2rcmfc6p2dg9u9ohc3hw9/gradle-3.3/lib/plugins/plexus-container-default-1.5.5.jar
7fca5486e000-7fca54870000 r--s 00000000 08:07 1189181                    /home/chivu/.gradle/wrapper/dists/gradle-3.3-all/55gk2rcmfc6p2dg9u9ohc3hw9/gradle-3.3/lib/plugins/plexus-component-annotations-1.5.5.jar
7fca54870000-7fca54872000 r--s 0000d000 08:07 1189153                    /home/chivu/.gradle/wrapper/dists/gradle-3.3-all/55gk2rcmfc6p2dg9u9ohc3hw9/gradle-3.3/lib/plugins/plexus-interpolation-1.14.jar
7fca54872000-7fca54876000 r--s 00033000 08:07 1189152                    /home/chivu/.gradle/wrapper/dists/gradle-3.3-all/55gk2rcmfc6p2dg9u9ohc3hw9/gradle-3.3/lib/plugins/plexus-utils-2.0.6.jar
7fca54876000-7fca54879000 r--s 00008000 08:07 1189151                    /home/chivu/.gradle/wrapper/dists/gradle-3.3-all/55gk2rcmfc6p2dg9u9ohc3hw9/gradle-3.3/lib/plugins/maven-settings-builder-3.0.4.jar
7fca54879000-7fca5487e000 r--s 00040000 08:07 1189136                    /home/chivu/.gradle/wrapper/dists/gradle-3.3-all/55gk2rcmfc6p2dg9u9ohc3hw9/gradle-3.3/lib/plugins/jsch-0.1.53.jar
7fca5487e000-7fca548be000 r--s 00277000 08:07 1189146                    /home/chivu/.gradle/wrapper/dists/gradle-3.3-all/55gk2rcmfc6p2dg9u9ohc3hw9/gradle-3.3/lib/plugins/bcprov-jdk15on-1.51.jar
7fca548be000-7fca548ca000 r--s 0007d000 08:07 1189123                    /home/chivu/.gradle/wrapper/dists/gradle-3.3-all/55gk2rcmfc6p2dg9u9ohc3hw9/gradle-3.3/lib/plugins/maven-core-3.0.4.jar
7fca548ca000-7fca548e9000 r--s 000f6000 08:07 1189112                    /home/chivu/.gradle/wrapper/dists/gradle-3.3-all/55gk2rcmfc6p2dg9u9ohc3hw9/gradle-3.3/lib/plugins/gradle-dependency-management-3.3.jar
7fca548e9000-7fca548ff000 r-xp 00000000 08:07 529479                     /lib/x86_64-linux-gnu/libgcc_s.so.1
7fca548ff000-7fca54afe000 ---p 00016000 08:07 529479                     /lib/x86_64-linux-gnu/libgcc_s.so.1
7fca54afe000-7fca54aff000 rw-p 00015000 08:07 529479                     /lib/x86_64-linux-gnu/libgcc_s.so.1
7fca54aff000-7fca54c71000 r-xp 00000000 08:07 1312856                    /usr/lib/x86_64-linux-gnu/libstdc++.so.6.0.21
7fca54c71000-7fca54e71000 ---p 00172000 08:07 1312856                    /usr/lib/x86_64-linux-gnu/libstdc++.so.6.0.21
7fca54e71000-7fca54e7b000 r--p 00172000 08:07 1312856                    /usr/lib/x86_64-linux-gnu/libstdc++.so.6.0.21
7fca54e7b000-7fca54e7d000 rw-p 0017c000 08:07 1312856                    /usr/lib/x86_64-linux-gnu/libstdc++.so.6.0.21
7fca54e7d000-7fca54e81000 rw-p 00000000 00:00 0 
7fca54e81000-7fca54e83000 r--s 0000a000 08:07 1189150                    /home/chivu/.gradle/wrapper/dists/gradle-3.3-all/55gk2rcmfc6p2dg9u9ohc3hw9/gradle-3.3/lib/plugins/maven-settings-3.0.4.jar
7fca54e83000-7fca54e87000 r--s 0001d000 08:07 1189145                    /home/chivu/.gradle/wrapper/dists/gradle-3.3-all/55gk2rcmfc6p2dg9u9ohc3hw9/gradle-3.3/lib/plugins/xbean-reflect-3.4.jar
7fca54e87000-7fca54e8c000 r--s 00034000 08:07 1189129                    /home/chivu/.gradle/wrapper/dists/gradle-3.3-all/55gk2rcmfc6p2dg9u9ohc3hw9/gradle-3.3/lib/plugins/gson-2.7.jar
7fca54e8c000-7fca54e9b000 r--s 000d9000 08:07 1189144                    /home/chivu/.gradle/wrapper/dists/gradle-3.3-all/55gk2rcmfc6p2dg9u9ohc3hw9/gradle-3.3/lib/plugins/ivy-2.2.0.jar
7fca54e9b000-7fca54e9d000 r--s 00005000 08:07 1189111                    /home/chivu/.gradle/wrapper/dists/gradle-3.3-all/55gk2rcmfc6p2dg9u9ohc3hw9/gradle-3.3/lib/plugins/gradle-workers-3.3.jar
7fca54e9d000-7fca54ea2000 r-xp 00000000 08:07 932602                     /home/chivu/.gradle/native/23/linux-amd64/libnative-platform.so
7fca54ea2000-7fca550a1000 ---p 00005000 08:07 932602                     /home/chivu/.gradle/native/23/linux-amd64/libnative-platform.so
7fca550a1000-7fca550a2000 rw-p 00004000 08:07 932602                     /home/chivu/.gradle/native/23/linux-amd64/libnative-platform.so
7fca550a2000-7fca550b3000 r-xp 00000000 08:07 1201545                    /home/chivu/Downloads/android-studio-p/jre/jre/lib/amd64/libnio.so
7fca550b3000-7fca552b2000 ---p 00011000 08:07 1201545                    /home/chivu/Downloads/android-studio-p/jre/jre/lib/amd64/libnio.so
7fca552b2000-7fca552b3000 r--p 00010000 08:07 1201545                    /home/chivu/Downloads/android-studio-p/jre/jre/lib/amd64/libnio.so
7fca552b3000-7fca552b4000 rw-p 00011000 08:07 1201545                    /home/chivu/Downloads/android-studio-p/jre/jre/lib/amd64/libnio.so
7fca552b4000-7fca555b5000 rw-p 00000000 00:00 0 
7fca555b5000-7fca555cc000 r-xp 00000000 08:07 1201544                    /home/chivu/Downloads/android-studio-p/jre/jre/lib/amd64/libnet.so
7fca555cc000-7fca557cb000 ---p 00017000 08:07 1201544                    /home/chivu/Downloads/android-studio-p/jre/jre/lib/amd64/libnet.so
7fca557cb000-7fca557cc000 r--p 00016000 08:07 1201544                    /home/chivu/Downloads/android-studio-p/jre/jre/lib/amd64/libnet.so
7fca557cc000-7fca557cd000 rw-p 00017000 08:07 1201544                    /home/chivu/Downloads/android-studio-p/jre/jre/lib/amd64/libnet.so
7fca557cd000-7fca557ce000 r--s 00006000 08:07 1189015                    /home/chivu/.gradle/wrapper/dists/gradle-3.3-all/55gk2rcmfc6p2dg9u9ohc3hw9/gradle-3.3/lib/gradle-wrapper-3.3.jar
7fca557ce000-7fca557db000 r--s 00041000 08:07 1189022                    /home/chivu/.gradle/wrapper/dists/gradle-3.3-all/55gk2rcmfc6p2dg9u9ohc3hw9/gradle-3.3/lib/gradle-tooling-api-3.3.jar
7fca557db000-7fca557dd000 r--s 00002000 08:07 1189042                    /home/chivu/.gradle/wrapper/dists/gradle-3.3-all/55gk2rcmfc6p2dg9u9ohc3hw9/gradle-3.3/lib/gradle-open-api-3.3.jar
7fca557dd000-7fca557e3000 r--s 00032000 08:07 1189044                    /home/chivu/.gradle/wrapper/dists/gradle-3.3-all/55gk2rcmfc6p2dg9u9ohc3hw9/gradle-3.3/lib/jaxen-1.1.jar
7fca557e3000-7fca557e8000 r--s 00048000 08:07 1189043                    /home/chivu/.gradle/wrapper/dists/gradle-3.3-all/55gk2rcmfc6p2dg9u9ohc3hw9/gradle-3.3/lib/dom4j-1.6.1.jar
7fca557e8000-7fca557f3000 r--s 00059000 08:07 1189021                    /home/chivu/.gradle/wrapper/dists/gradle-3.3-all/55gk2rcmfc6p2dg9u9ohc3hw9/gradle-3.3/lib/gradle-ui-3.3.jar
7fca557f3000-7fca557fc000 r--s 0008c000 08:07 1189013                    /home/chivu/.gradle/wrapper/dists/gradle-3.3-all/55gk2rcmfc6p2dg9u9ohc3hw9/gradle-3.3/lib/kotlin-stdlib-1.1-M02.jar
7fca557fc000-7fca55802000 r--s 0002a000 08:07 1189012                    /home/chivu/.gradle/wrapper/dists/gradle-3.3-all/55gk2rcmfc6p2dg9u9ohc3hw9/gradle-3.3/lib/kotlin-runtime-1.1-M02.jar
7fca55802000-7fca55836000 r--s 00256000 08:07 1189011                    /home/chivu/.gradle/wrapper/dists/gradle-3.3-all/55gk2rcmfc6p2dg9u9ohc3hw9/gradle-3.3/lib/kotlin-reflect-1.1-M02.jar
7fca55836000-7fca559cc000 r--s 0157e000 08:07 1189010                    /home/chivu/.gradle/wrapper/dists/gradle-3.3-all/55gk2rcmfc6p2dg9u9ohc3hw9/gradle-3.3/lib/kotlin-compiler-embeddable-1.1-M02.jar
7fca559cc000-7fca559d4000 r--s 0004e000 08:07 1189009                    /home/chivu/.gradle/wrapper/dists/gradle-3.3-all/55gk2rcmfc6p2dg9u9ohc3hw9/gradle-3.3/lib/gradle-script-kotlin-0.5.1.jar
7fca559d4000-7fca559d7000 r--s 0000b000 08:07 1189040                    /home/chivu/.gradle/wrapper/dists/gradle-3.3-all/55gk2rcmfc6p2dg9u9ohc3hw9/gradle-3.3/lib/gradle-resources-3.3.jar
7fca559d7000-7fca559d9000 r--s 00003000 08:07 1189049                    /home/chivu/.gradle/wrapper/dists/gradle-3.3-all/55gk2rcmfc6p2dg9u9ohc3hw9/gradle-3.3/lib/jcl-over-slf4j-1.7.10.jar
7fca559d9000-7fca559da000 r--s 00005000 08:07 1189048                    /home/chivu/.gradle/wrapper/dists/gradle-3.3-all/55gk2rcmfc6p2dg9u9ohc3hw9/gradle-3.3/lib/log4j-over-slf4j-1.7.10.jar
7fca559da000-7fca559dc000 r--s 00000000 08:07 1189047                    /home/chivu/.gradle/wrapper/dists/gradle-3.3-all/55gk2rcmfc6p2dg9u9ohc3hw9/gradle-3.3/lib/jul-to-slf4j-1.7.10.jar
7fca559dc000-7fca559e1000 r--s 0001e000 08:07 1189024                    /home/chivu/.gradle/wrapper/dists/gradle-3.3-all/55gk2rcmfc6p2dg9u9ohc3hw9/gradle-3.3/lib/gradle-logging-3.3.jar
7fca559e1000-7fca559e3000 r--s 00007000 08:07 1189068                    /home/chivu/.gradle/wrapper/dists/gradle-3.3-all/55gk2rcmfc6p2dg9u9ohc3hw9/gradle-3.3/lib/objenesis-1.2.jar
7fca559e3000-7fca559e5000 r--s 00000000 08:07 1189067                    /home/chivu/.gradle/wrapper/dists/gradle-3.3-all/55gk2rcmfc6p2dg9u9ohc3hw9/gradle-3.3/lib/minlog-1.2.jar
7fca559e5000-7fca559e7000 r--s 0000f000 08:07 1189066                    /home/chivu/.gradle/wrapper/dists/gradle-3.3-all/55gk2rcmfc6p2dg9u9ohc3hw9/gradle-3.3/lib/reflectasm-1.07-shaded.jar
7fca559e7000-7fca559eb000 r--s 00026000 08:07 1189051                    /home/chivu/.gradle/wrapper/dists/gradle-3.3-all/55gk2rcmfc6p2dg9u9ohc3hw9/gradle-3.3/lib/kryo-2.20.jar
7fca559eb000-7fca559f1000 r--s 00027000 08:07 1189039                    /home/chivu/.gradle/wrapper/dists/gradle-3.3-all/55gk2rcmfc6p2dg9u9ohc3hw9/gradle-3.3/lib/gradle-messaging-3.3.jar
7fca559f1000-7fca559f2000 r--s 00001000 08:07 1189065                    /home/chivu/.gradle/wrapper/dists/gradle-3.3-all/55gk2rcmfc6p2dg9u9ohc3hw9/gradle-3.3/lib/native-platform-linux-i386-ncurses6-0.12.jar
7fca559f2000-7fca559f3000 r--s 00001000 08:07 1189064                    /home/chivu/.gradle/wrapper/dists/gradle-3.3-all/55gk2rcmfc6p2dg9u9ohc3hw9/gradle-3.3/lib/native-platform-linux-i386-ncurses5-0.12.jar
7fca559f3000-7fca559f4000 r--s 00001000 08:07 1189063                    /home/chivu/.gradle/wrapper/dists/gradle-3.3-all/55gk2rcmfc6p2dg9u9ohc3hw9/gradle-3.3/lib/native-platform-linux-amd64-ncurses6-0.12.jar
7fca559f4000-7fca559f5000 r--s 00001000 08:07 1189062                    /home/chivu/.gradle/wrapper/dists/gradle-3.3-all/55gk2rcmfc6p2dg9u9ohc3hw9/gradle-3.3/lib/native-platform-linux-amd64-ncurses5-0.12.jar
7fca559f5000-7fca559f6000 r--s 0000b000 08:07 1189061                    /home/chivu/.gradle/wrapper/dists/gradle-3.3-all/55gk2rcmfc6p2dg9u9ohc3hw9/gradle-3.3/lib/native-platform-windows-i386-0.12.jar
7fca559f6000-7fca559f8000 r--s 0000b000 08:07 1189060                    /home/chivu/.gradle/wrapper/dists/gradle-3.3-all/55gk2rcmfc6p2dg9u9ohc3hw9/gradle-3.3/lib/native-platform-windows-amd64-0.12.jar
7fca559f8000-7fca559fa000 r--s 00002000 08:07 1189059                    /home/chivu/.gradle/wrapper/dists/gradle-3.3-all/55gk2rcmfc6p2dg9u9ohc3hw9/gradle-3.3/lib/native-platform-osx-i386-0.12.jar
7fca559fa000-7fca559fb000 r--s 00002000 08:07 1189058                    /home/chivu/.gradle/wrapper/dists/gradle-3.3-all/55gk2rcmfc6p2dg9u9ohc3hw9/gradle-3.3/lib/native-platform-osx-amd64-0.12.jar
7fca559fb000-7fca559fc000 r--s 00002000 08:07 1189057                    /home/chivu/.gradle/wrapper/dists/gradle-3.3-all/55gk2rcmfc6p2dg9u9ohc3hw9/gradle-3.3/lib/native-platform-linux-i386-0.12.jar
7fca559fc000-7fca559fd000 r--s 00002000 08:07 1189056                    /home/chivu/.gradle/wrapper/dists/gradle-3.3-all/55gk2rcmfc6p2dg9u9ohc3hw9/gradle-3.3/lib/native-platform-linux-amd64-0.12.jar
7fca559fd000-7fca559fe000 r--s 00003000 08:07 1189055                    /home/chivu/.gradle/wrapper/dists/gradle-3.3-all/55gk2rcmfc6p2dg9u9ohc3hw9/gradle-3.3/lib/native-platform-freebsd-i386-libstdcpp-0.12.jar
7fca559fe000-7fca559ff000 r--s 00004000 08:07 1189054                    /home/chivu/.gradle/wrapper/dists/gradle-3.3-all/55gk2rcmfc6p2dg9u9ohc3hw9/gradle-3.3/lib/native-platform-freebsd-i386-libcpp-0.12.jar
7fca559ff000-7fca55a01000 r--s 00003000 08:07 1189053                    /home/chivu/.gradle/wrapper/dists/gradle-3.3-all/55gk2rcmfc6p2dg9u9ohc3hw9/gradle-3.3/lib/native-platform-freebsd-amd64-libstdcpp-0.12.jar
7fca55a01000-7fca55a04000 r--s 00023000 08:07 1189046                    /home/chivu/.gradle/wrapper/dists/gradle-3.3-all/55gk2rcmfc6p2dg9u9ohc3hw9/gradle-3.3/lib/jansi-1.14.jar
7fca55a04000-7fca55a08000 r--s 00011000 08:07 1189045                    /home/chivu/.gradle/wrapper/dists/gradle-3.3-all/55gk2rcmfc6p2dg9u9ohc3hw9/gradle-3.3/lib/native-platform-0.12.jar
7fca55a08000-7fca55a0b000 r--s 0000a000 08:07 1189023                    /home/chivu/.gradle/wrapper/dists/gradle-3.3-all/55gk2rcmfc6p2dg9u9ohc3hw9/gradle-3.3/lib/gradle-native-3.3.jar
7fca55a0b000-7fca55a7b000 r--s 00641000 08:07 1189029                    /home/chivu/.gradle/wrapper/dists/gradle-3.3-all/55gk2rcmfc6p2dg9u9ohc3hw9/gradle-3.3/lib/groovy-all-2.4.7.jar
7fca55a7b000-7fca55aa3000 r--s 001cf000 08:07 1189026                    /home/chivu/.gradle/wrapper/dists/gradle-3.3-all/55gk2rcmfc6p2dg9u9ohc3hw9/gradle-3.3/lib/guava-jdk5-17.0.jar
7fca55aa3000-7fca55ac2000 r--s 001d1000 08:07 1189033                    /home/chivu/.gradle/wrapper/dists/gradle-3.3-all/55gk2rcmfc6p2dg9u9ohc3hw9/gradle-3.3/lib/ant-1.9.6.jar
7fca55ac2000-7fca55aff000 r--s 001f8000 08:07 1189019                    /home/chivu/.gradle/wrapper/dists/gradle-3.3-all/55gk2rcmfc6p2dg9u9ohc3hw9/gradle-3.3/lib/gradle-core-3.3.jar
7fca55aff000-7fca55b00000 ---p 00000000 00:00 0 
7fca55b00000-7fca55c00000 rw-p 00000000 00:00 0 
7fca55c00000-7fca55c03000 ---p 00000000 00:00 0 
7fca55c03000-7fca55d01000 rw-p 00000000 00:00 0 
7fca55d01000-7fca55d04000 ---p 00000000 00:00 0 
7fca55d04000-7fca55e02000 rw-p 00000000 00:00 0 
7fca55e02000-7fca55e05000 ---p 00000000 00:00 0 
7fca55e05000-7fca55f03000 rw-p 00000000 00:00 0 
7fca55f03000-7fca55f06000 ---p 00000000 00:00 0 
7fca55f06000-7fca56004000 rw-p 00000000 00:00 0 
7fca56004000-7fca56007000 ---p 00000000 00:00 0 
7fca56007000-7fca56105000 rw-p 00000000 00:00 0 
7fca56105000-7fca563dd000 r--p 00000000 08:07 1311727                    /usr/lib/locale/locale-archive
7fca563dd000-7fca563e0000 ---p 00000000 00:00 0 
7fca563e0000-7fca564de000 rw-p 00000000 00:00 0 
7fca564de000-7fca564e1000 ---p 00000000 00:00 0 
7fca564e1000-7fca565df000 rw-p 00000000 00:00 0 
7fca565df000-7fca565e0000 ---p 00000000 00:00 0 
7fca565e0000-7fca57631000 rw-p 00000000 00:00 0 
7fca57631000-7fca57800000 r--s 03c1b000 08:07 1201515                    /home/chivu/Downloads/android-studio-p/jre/jre/lib/rt.jar
7fca57800000-7fca58000000 rw-p 00000000 00:00 0 
7fca58000000-7fca58120000 rw-p 00000000 00:00 0 
7fca58120000-7fca5c000000 ---p 00000000 00:00 0 
7fca5c000000-7fca5c034000 rw-p 00000000 00:00 0 
7fca5c034000-7fca60000000 ---p 00000000 00:00 0 
7fca60000000-7fca60054000 rw-p 00000000 00:00 0 
7fca60054000-7fca64000000 ---p 00000000 00:00 0 
7fca64000000-7fca64001000 r--s 00004000 08:07 1189052                    /home/chivu/.gradle/wrapper/dists/gradle-3.3-all/55gk2rcmfc6p2dg9u9ohc3hw9/gradle-3.3/lib/native-platform-freebsd-amd64-libcpp-0.12.jar
7fca64001000-7fca64003000 r--s 00005000 08:07 1189020                    /home/chivu/.gradle/wrapper/dists/gradle-3.3-all/55gk2rcmfc6p2dg9u9ohc3hw9/gradle-3.3/lib/gradle-cli-3.3.jar
7fca64003000-7fca64005000 r--s 00007000 08:07 1189031                    /home/chivu/.gradle/wrapper/dists/gradle-3.3-all/55gk2rcmfc6p2dg9u9ohc3hw9/gradle-3.3/lib/gradle-model-groovy-3.3.jar
7fca64005000-7fca64007000 r--s 00006000 08:07 1189038                    /home/chivu/.gradle/wrapper/dists/gradle-3.3-all/55gk2rcmfc6p2dg9u9ohc3hw9/gradle-3.3/lib/gradle-base-services-groovy-3.3.jar
7fca64007000-7fca67397000 rw-p 00000000 00:00 0 
7fca67397000-7fca67398000 ---p 00000000 00:00 0 
7fca67398000-7fca67498000 rw-p 00000000 00:00 0 
7fca67498000-7fca67499000 ---p 00000000 00:00 0 
7fca67499000-7fca67599000 rw-p 00000000 00:00 0 
7fca67599000-7fca6759a000 ---p 00000000 00:00 0 
7fca6759a000-7fca677d5000 rw-p 00000000 00:00 0 
7fca677d5000-7fca6789a000 ---p 00000000 00:00 0 
7fca6789a000-7fca679d5000 rw-p 00000000 00:00 0 
7fca679d5000-7fca67a9a000 ---p 00000000 00:00 0 
7fca67a9a000-7fca67b9a000 rw-p 00000000 00:00 0 
7fca67b9a000-7fca67c15000 rw-p 00000000 00:00 0 
7fca67c15000-7fca67f5b000 ---p 00000000 00:00 0 
7fca67f5b000-7fca69dbb000 rwxp 00000000 00:00 0 
7fca69dbb000-7fca76f5b000 ---p 00000000 00:00 0 
7fca76f5b000-7fca76f75000 r-xp 00000000 08:07 1201530                    /home/chivu/Downloads/android-studio-p/jre/jre/lib/amd64/libzip.so
7fca76f75000-7fca77175000 ---p 0001a000 08:07 1201530                    /home/chivu/Downloads/android-studio-p/jre/jre/lib/amd64/libzip.so
7fca77175000-7fca77176000 r--p 0001a000 08:07 1201530                    /home/chivu/Downloads/android-studio-p/jre/jre/lib/amd64/libzip.so
7fca77176000-7fca77177000 rw-p 0001b000 08:07 1201530                    /home/chivu/Downloads/android-studio-p/jre/jre/lib/amd64/libzip.so
7fca77177000-7fca77182000 r-xp 00000000 08:07 541944                     /lib/x86_64-linux-gnu/libnss_files-2.23.so
7fca77182000-7fca77381000 ---p 0000b000 08:07 541944                     /lib/x86_64-linux-gnu/libnss_files-2.23.so
7fca77381000-7fca77382000 r--p 0000a000 08:07 541944                     /lib/x86_64-linux-gnu/libnss_files-2.23.so
7fca77382000-7fca77383000 rw-p 0000b000 08:07 541944                     /lib/x86_64-linux-gnu/libnss_files-2.23.so
7fca77383000-7fca77389000 rw-p 00000000 00:00 0 
7fca77389000-7fca77394000 r-xp 00000000 08:07 541937                     /lib/x86_64-linux-gnu/libnss_nis-2.23.so
7fca77394000-7fca77593000 ---p 0000b000 08:07 541937                     /lib/x86_64-linux-gnu/libnss_nis-2.23.so
7fca77593000-7fca77594000 r--p 0000a000 08:07 541937                     /lib/x86_64-linux-gnu/libnss_nis-2.23.so
7fca77594000-7fca77595000 rw-p 0000b000 08:07 541937                     /lib/x86_64-linux-gnu/libnss_nis-2.23.so
7fca77595000-7fca775ab000 r-xp 00000000 08:07 541939                     /lib/x86_64-linux-gnu/libnsl-2.23.so
7fca775ab000-7fca777aa000 ---p 00016000 08:07 541939                     /lib/x86_64-linux-gnu/libnsl-2.23.so
7fca777aa000-7fca777ab000 r--p 00015000 08:07 541939                     /lib/x86_64-linux-gnu/libnsl-2.23.so
7fca777ab000-7fca777ac000 rw-p 00016000 08:07 541939                     /lib/x86_64-linux-gnu/libnsl-2.23.so
7fca777ac000-7fca777ae000 rw-p 00000000 00:00 0 
7fca777ae000-7fca777b6000 r-xp 00000000 08:07 541946                     /lib/x86_64-linux-gnu/libnss_compat-2.23.so
7fca777b6000-7fca779b5000 ---p 00008000 08:07 541946                     /lib/x86_64-linux-gnu/libnss_compat-2.23.so
7fca779b5000-7fca779b6000 r--p 00007000 08:07 541946                     /lib/x86_64-linux-gnu/libnss_compat-2.23.so
7fca779b6000-7fca779b7000 rw-p 00008000 08:07 541946                     /lib/x86_64-linux-gnu/libnss_compat-2.23.so
7fca779b7000-7fca779e4000 r-xp 00000000 08:07 1201547                    /home/chivu/Downloads/android-studio-p/jre/jre/lib/amd64/libjava.so
7fca779e4000-7fca77be3000 ---p 0002d000 08:07 1201547                    /home/chivu/Downloads/android-studio-p/jre/jre/lib/amd64/libjava.so
7fca77be3000-7fca77be4000 r--p 0002c000 08:07 1201547                    /home/chivu/Downloads/android-studio-p/jre/jre/lib/amd64/libjava.so
7fca77be4000-7fca77be6000 rw-p 0002d000 08:07 1201547                    /home/chivu/Downloads/android-studio-p/jre/jre/lib/amd64/libjava.so
7fca77be6000-7fca77bf6000 r-xp 00000000 08:07 1201520                    /home/chivu/Downloads/android-studio-p/jre/jre/lib/amd64/libverify.so
7fca77bf6000-7fca77df5000 ---p 00010000 08:07 1201520                    /home/chivu/Downloads/android-studio-p/jre/jre/lib/amd64/libverify.so
7fca77df5000-7fca77df7000 r--p 0000f000 08:07 1201520                    /home/chivu/Downloads/android-studio-p/jre/jre/lib/amd64/libverify.so
7fca77df7000-7fca77df8000 rw-p 00011000 08:07 1201520                    /home/chivu/Downloads/android-studio-p/jre/jre/lib/amd64/libverify.so
7fca77df8000-7fca77dff000 r-xp 00000000 08:07 541947                     /lib/x86_64-linux-gnu/librt-2.23.so
7fca77dff000-7fca77ffe000 ---p 00007000 08:07 541947                     /lib/x86_64-linux-gnu/librt-2.23.so
7fca77ffe000-7fca77fff000 r--p 00006000 08:07 541947                     /lib/x86_64-linux-gnu/librt-2.23.so
7fca77fff000-7fca78000000 rw-p 00007000 08:07 541947                     /lib/x86_64-linux-gnu/librt-2.23.so
7fca78000000-7fca78c86000 rw-p 00000000 00:00 0 
7fca78c86000-7fca7c000000 ---p 00000000 00:00 0 
7fca7c000000-7fca7c00f000 r--s 0007f000 08:07 1189030                    /home/chivu/.gradle/wrapper/dists/gradle-3.3-all/55gk2rcmfc6p2dg9u9ohc3hw9/gradle-3.3/lib/gradle-model-core-3.3.jar
7fca7c00f000-7fca7c010000 r--s 00002000 08:07 1189041                    /home/chivu/.gradle/wrapper/dists/gradle-3.3-all/55gk2rcmfc6p2dg9u9ohc3hw9/gradle-3.3/lib/gradle-docs-3.3.jar
7fca7c010000-7fca7c01d000 r--s 00083000 08:07 1189034                    /home/chivu/.gradle/wrapper/dists/gradle-3.3-all/55gk2rcmfc6p2dg9u9ohc3hw9/gradle-3.3/lib/commons-collections-3.2.2.jar
7fca7c01d000-7fca7c093000 rw-p 00000000 00:00 0 
7fca7c093000-7fca7c094000 ---p 00000000 00:00 0 
7fca7c094000-7fca7c194000 rw-p 00000000 00:00 0 
7fca7c194000-7fca7c29c000 r-xp 00000000 08:07 541938                     /lib/x86_64-linux-gnu/libm-2.23.so
7fca7c29c000-7fca7c49b000 ---p 00108000 08:07 541938                     /lib/x86_64-linux-gnu/libm-2.23.so
7fca7c49b000-7fca7c49c000 r--p 00107000 08:07 541938                     /lib/x86_64-linux-gnu/libm-2.23.so
7fca7c49c000-7fca7c49d000 rw-p 00108000 08:07 541938                     /lib/x86_64-linux-gnu/libm-2.23.so
7fca7c49d000-7fca7d08e000 r-xp 00000000 08:07 1201528                    /home/chivu/Downloads/android-studio-p/jre/jre/lib/amd64/server/libjvm.so
7fca7d08e000-7fca7d28e000 ---p 00bf1000 08:07 1201528                    /home/chivu/Downloads/android-studio-p/jre/jre/lib/amd64/server/libjvm.so
7fca7d28e000-7fca7d32d000 r--p 00bf1000 08:07 1201528                    /home/chivu/Downloads/android-studio-p/jre/jre/lib/amd64/server/libjvm.so
7fca7d32d000-7fca7d356000 rw-p 00c90000 08:07 1201528                    /home/chivu/Downloads/android-studio-p/jre/jre/lib/amd64/server/libjvm.so
7fca7d356000-7fca7d39a000 rw-p 00000000 00:00 0 
7fca7d39a000-7fca7d3b2000 r-xp 00000000 08:07 541951                     /lib/x86_64-linux-gnu/libpthread-2.23.so
7fca7d3b2000-7fca7d5b1000 ---p 00018000 08:07 541951                     /lib/x86_64-linux-gnu/libpthread-2.23.so
7fca7d5b1000-7fca7d5b2000 r--p 00017000 08:07 541951                     /lib/x86_64-linux-gnu/libpthread-2.23.so
7fca7d5b2000-7fca7d5b3000 rw-p 00018000 08:07 541951                     /lib/x86_64-linux-gnu/libpthread-2.23.so
7fca7d5b3000-7fca7d5b7000 rw-p 00000000 00:00 0 
7fca7d5b7000-7fca7d5ba000 r-xp 00000000 08:07 541936                     /lib/x86_64-linux-gnu/libdl-2.23.so
7fca7d5ba000-7fca7d7b9000 ---p 00003000 08:07 541936                     /lib/x86_64-linux-gnu/libdl-2.23.so
7fca7d7b9000-7fca7d7ba000 r--p 00002000 08:07 541936                     /lib/x86_64-linux-gnu/libdl-2.23.so
7fca7d7ba000-7fca7d7bb000 rw-p 00003000 08:07 541936                     /lib/x86_64-linux-gnu/libdl-2.23.so
7fca7d7bb000-7fca7d97a000 r-xp 00000000 08:07 541940                     /lib/x86_64-linux-gnu/libc-2.23.so
7fca7d97a000-7fca7db7a000 ---p 001bf000 08:07 541940                     /lib/x86_64-linux-gnu/libc-2.23.so
7fca7db7a000-7fca7db7e000 r--p 001bf000 08:07 541940                     /lib/x86_64-linux-gnu/libc-2.23.so
7fca7db7e000-7fca7db80000 rw-p 001c3000 08:07 541940                     /lib/x86_64-linux-gnu/libc-2.23.so
7fca7db80000-7fca7db84000 rw-p 00000000 00:00 0 
7fca7db84000-7fca7db9a000 r-xp 00000000 08:07 1201477                    /home/chivu/Downloads/android-studio-p/jre/lib/amd64/jli/libjli.so
7fca7db9a000-7fca7dd99000 ---p 00016000 08:07 1201477                    /home/chivu/Downloads/android-studio-p/jre/lib/amd64/jli/libjli.so
7fca7dd99000-7fca7dd9a000 r--p 00015000 08:07 1201477                    /home/chivu/Downloads/android-studio-p/jre/lib/amd64/jli/libjli.so
7fca7dd9a000-7fca7dd9b000 rw-p 00016000 08:07 1201477                    /home/chivu/Downloads/android-studio-p/jre/lib/amd64/jli/libjli.so
7fca7dd9b000-7fca7ddc1000 r-xp 00000000 08:07 541941                     /lib/x86_64-linux-gnu/ld-2.23.so
7fca7ddc1000-7fca7ddc2000 r--s 00000000 08:07 1189037                    /home/chivu/.gradle/wrapper/dists/gradle-3.3-all/55gk2rcmfc6p2dg9u9ohc3hw9/gradle-3.3/lib/javax.inject-1.jar
7fca7ddc2000-7fca7ddc3000 r--s 00000000 08:07 1189036                    /home/chivu/.gradle/wrapper/dists/gradle-3.3-all/55gk2rcmfc6p2dg9u9ohc3hw9/gradle-3.3/lib/jcip-annotations-1.0.jar
7fca7ddc3000-7fca7ddc7000 r--s 00027000 08:07 1189035                    /home/chivu/.gradle/wrapper/dists/gradle-3.3-all/55gk2rcmfc6p2dg9u9ohc3hw9/gradle-3.3/lib/commons-io-2.2.jar
7fca7ddc7000-7fca7ddcc000 r--s 00038000 08:07 1189032                    /home/chivu/.gradle/wrapper/dists/gradle-3.3-all/55gk2rcmfc6p2dg9u9ohc3hw9/gradle-3.3/lib/asm-all-5.1.jar
7fca7ddcc000-7fca7ddcd000 r--s 00001000 08:07 1189028                    /home/chivu/.gradle/wrapper/dists/gradle-3.3-all/55gk2rcmfc6p2dg9u9ohc3hw9/gradle-3.3/lib/gradle-process-services-3.3.jar
7fca7ddcd000-7fca7ddd2000 r--s 00041000 08:07 1189027                    /home/chivu/.gradle/wrapper/dists/gradle-3.3-all/55gk2rcmfc6p2dg9u9ohc3hw9/gradle-3.3/lib/commons-lang-2.6.jar
7fca7ddd2000-7fca7dddb000 r--s 00042000 08:07 1189017                    /home/chivu/.gradle/wrapper/dists/gradle-3.3-all/55gk2rcmfc6p2dg9u9ohc3hw9/gradle-3.3/lib/gradle-base-services-3.3.jar
7fca7dddb000-7fca7de9d000 rw-p 00000000 00:00 0 
7fca7de9d000-7fca7dea0000 ---p 00000000 00:00 0 
7fca7dea0000-7fca7dfa2000 rw-p 00000000 00:00 0 
7fca7dfa2000-7fca7dfa4000 r--s 00000000 08:07 1189018                    /home/chivu/.gradle/wrapper/dists/gradle-3.3-all/55gk2rcmfc6p2dg9u9ohc3hw9/gradle-3.3/lib/gradle-jvm-services-3.3.jar
7fca7dfa4000-7fca7dfa5000 r--s 00000000 08:07 1189183                    /home/chivu/.gradle/wrapper/dists/gradle-3.3-all/55gk2rcmfc6p2dg9u9ohc3hw9/gradle-3.3/lib/gradle-version-info-3.3.jar
7fca7dfa5000-7fca7dfa6000 r--s 00007000 08:07 1189025                    /home/chivu/.gradle/wrapper/dists/gradle-3.3-all/55gk2rcmfc6p2dg9u9ohc3hw9/gradle-3.3/lib/slf4j-api-1.7.10.jar
7fca7dfa6000-7fca7dfa7000 r--s 00004000 08:07 1189050                    /home/chivu/.gradle/wrapper/dists/gradle-3.3-all/55gk2rcmfc6p2dg9u9ohc3hw9/gradle-3.3/lib/ant-launcher-1.9.6.jar
7fca7dfa7000-7fca7dfb4000 r--s 0005c000 08:07 1189014                    /home/chivu/.gradle/wrapper/dists/gradle-3.3-all/55gk2rcmfc6p2dg9u9ohc3hw9/gradle-3.3/lib/gradle-launcher-3.3.jar
7fca7dfb4000-7fca7dfbc000 rw-s 00000000 08:07 266260                     /tmp/hsperfdata_chivu/4148
7fca7dfbc000-7fca7dfbd000 rw-p 00000000 00:00 0 
7fca7dfbd000-7fca7dfbe000 ---p 00000000 00:00 0 
7fca7dfbe000-7fca7dfc0000 rw-p 00000000 00:00 0 
7fca7dfc0000-7fca7dfc1000 r--p 00025000 08:07 541941                     /lib/x86_64-linux-gnu/ld-2.23.so
7fca7dfc1000-7fca7dfc2000 rw-p 00026000 08:07 541941                     /lib/x86_64-linux-gnu/ld-2.23.so
7fca7dfc2000-7fca7dfc3000 rw-p 00000000 00:00 0 
7ffde7960000-7ffde7981000 rw-p 00000000 00:00 0                          [stack]
7ffde79cd000-7ffde79cf000 r--p 00000000 00:00 0                          [vvar]
7ffde79cf000-7ffde79d1000 r-xp 00000000 00:00 0                          [vdso]
ffffffffff600000-ffffffffff601000 r-xp 00000000 00:00 0                  [vsyscall]

VM Arguments:
jvm_args: -Xmx1536m -Dfile.encoding=UTF-8 -Duser.country=IN -Duser.language=en -Duser.variant 
java_command: org.gradle.launcher.daemon.bootstrap.GradleDaemon 3.3
java_class_path (initial): /home/chivu/.gradle/wrapper/dists/gradle-3.3-all/55gk2rcmfc6p2dg9u9ohc3hw9/gradle-3.3/lib/gradle-launcher-3.3.jar
Launcher Type: SUN_STANDARD

Environment Variables:
JAVA_HOME=/usr/lib/jvm/java-8-oracle
PATH=/home/chivu/bin:/home/chivu/.local/bin:/usr/local/sbin:/usr/local/bin:/usr/sbin:/usr/bin:/sbin:/bin:/usr/games:/usr/local/games:/snap/bin:/usr/lib/jvm/java-8-oracle/bin:/usr/lib/jvm/java-8-oracle/db/bin:/usr/lib/jvm/java-8-oracle/jre/bin
LD_LIBRARY_PATH=/home/chivu/Downloads/android-studio-p/bin:
SHELL=/bin/bash
DISPLAY=:0

Signal Handlers:
SIGSEGV: [libjvm.so+0x9e5150], sa_mask[0]=11111111011111111101111111111110, sa_flags=SA_RESTART|SA_SIGINFO
SIGBUS: [libjvm.so+0x9e5150], sa_mask[0]=11111111011111111101111111111110, sa_flags=SA_RESTART|SA_SIGINFO
SIGFPE: [libjvm.so+0x848450], sa_mask[0]=11111111011111111101111111111110, sa_flags=SA_RESTART|SA_SIGINFO
SIGPIPE: [libjvm.so+0x848450], sa_mask[0]=11111111011111111101111111111110, sa_flags=SA_RESTART|SA_SIGINFO
SIGXFSZ: [libjvm.so+0x848450], sa_mask[0]=11111111011111111101111111111110, sa_flags=SA_RESTART|SA_SIGINFO
SIGILL: [libjvm.so+0x848450], sa_mask[0]=11111111011111111101111111111110, sa_flags=SA_RESTART|SA_SIGINFO
SIGUSR1: SIG_DFL, sa_mask[0]=00000000000000000000000000000000, sa_flags=none
SIGUSR2: [libjvm.so+0x848320], sa_mask[0]=00100000000000000000000000000000, sa_flags=SA_RESTART|SA_SIGINFO
SIGHUP: [libjvm.so+0x848510], sa_mask[0]=11111111011111111101111111111110, sa_flags=SA_RESTART|SA_SIGINFO
SIGINT: [libjvm.so+0x848510], sa_mask[0]=11111111011111111101111111111110, sa_flags=SA_RESTART|SA_SIGINFO
SIGTERM: [libjvm.so+0x848510], sa_mask[0]=11111111011111111101111111111110, sa_flags=SA_RESTART|SA_SIGINFO
SIGQUIT: [libjvm.so+0x848510], sa_mask[0]=11111111011111111101111111111110, sa_flags=SA_RESTART|SA_SIGINFO


---------------  S Y S T E M  ---------------

OS:DISTRIB_ID=Ubuntu
DISTRIB_RELEASE=16.04
DISTRIB_CODENAME=xenial
DISTRIB_DESCRIPTION="Ubuntu 16.04.2 LTS"

uname:Linux 4.4.0-79-generic #100-Ubuntu SMP Wed May 17 19:58:14 UTC 2017 x86_64
libc:glibc 2.23 NPTL 2.23 
rlimit: STACK 8192k, CORE 0k, NPROC 15361, NOFILE 65536, AS infinity
load average:4.83 3.73 2.96

/proc/meminfo:
MemTotal:        3972820 kB
MemFree:          111144 kB
MemAvailable:      25096 kB
Buffers:             996 kB
Cached:           181548 kB
SwapCached:          200 kB
Active:          2699040 kB
Inactive:        1000792 kB
Active(anon):    2687096 kB
Inactive(anon):   982384 kB
Active(file):      11944 kB
Inactive(file):    18408 kB
Unevictable:         136 kB
Mlocked:             136 kB
SwapTotal:          1020 kB
SwapFree:              0 kB
Dirty:               184 kB
Writeback:             0 kB
AnonPages:       3517512 kB
Mapped:            69212 kB
Shmem:            151904 kB
Slab:              76428 kB
SReclaimable:      42556 kB
SUnreclaim:        33872 kB
KernelStack:        9264 kB
PageTables:        34300 kB
NFS_Unstable:          0 kB
Bounce:                0 kB
WritebackTmp:          0 kB
CommitLimit:     1987428 kB
Committed_AS:    7310368 kB
VmallocTotal:   34359738367 kB
VmallocUsed:           0 kB
VmallocChunk:          0 kB
HardwareCorrupted:     0 kB
AnonHugePages:   1398784 kB
CmaTotal:              0 kB
CmaFree:               0 kB
HugePages_Total:       0
HugePages_Free:        0
HugePages_Rsvd:        0
HugePages_Surp:        0
Hugepagesize:       2048 kB
DirectMap4k:      137984 kB
DirectMap2M:     3983360 kB
DirectMap1G:     1048576 kB


CPU:total 4 (2 cores per cpu, 2 threads per core) family 6 model 69 stepping 1, cmov, cx8, fxsr, mmx, sse, sse2, sse3, ssse3, sse4.1, sse4.2, popcnt, avx, avx2, aes, clmul, erms, lzcnt, ht, tsc, tscinvbit, bmi1, bmi2

/proc/cpuinfo:
processor	: 0
vendor_id	: GenuineIntel
cpu family	: 6
model		: 69
model name	: Intel(R) Core(TM) i3-4030U CPU @ 1.90GHz
stepping	: 1
microcode	: 0x1d
cpu MHz		: 1800.027
cache size	: 3072 KB
physical id	: 0
siblings	: 4
core id		: 0
cpu cores	: 2
apicid		: 0
initial apicid	: 0
fpu		: yes
fpu_exception	: yes
cpuid level	: 13
wp		: yes
flags		: fpu vme de pse tsc msr pae mce cx8 apic sep mtrr pge mca cmov pat pse36 clflush dts acpi mmx fxsr sse sse2 ss ht tm pbe syscall nx pdpe1gb rdtscp lm constant_tsc arch_perfmon pebs bts rep_good nopl xtopology nonstop_tsc aperfmperf eagerfpu pni pclmulqdq dtes64 monitor ds_cpl vmx est tm2 ssse3 sdbg fma cx16 xtpr pdcm pcid sse4_1 sse4_2 x2apic movbe popcnt tsc_deadline_timer aes xsave avx f16c rdrand lahf_lm abm epb tpr_shadow vnmi flexpriority ept vpid fsgsbase tsc_adjust bmi1 avx2 smep bmi2 erms invpcid xsaveopt dtherm arat pln pts
bugs		:
bogomips	: 3791.34
clflush size	: 64
cache_alignment	: 64
address sizes	: 39 bits physical, 48 bits virtual
power management:

processor	: 1
vendor_id	: GenuineIntel
cpu family	: 6
model		: 69
model name	: Intel(R) Core(TM) i3-4030U CPU @ 1.90GHz
stepping	: 1
microcode	: 0x1d
cpu MHz		: 1800.101
cache size	: 3072 KB
physical id	: 0
siblings	: 4
core id		: 0
cpu cores	: 2
apicid		: 1
initial apicid	: 1
fpu		: yes
fpu_exception	: yes
cpuid level	: 13
wp		: yes
flags		: fpu vme de pse tsc msr pae mce cx8 apic sep mtrr pge mca cmov pat pse36 clflush dts acpi mmx fxsr sse sse2 ss ht tm pbe syscall nx pdpe1gb rdtscp lm constant_tsc arch_perfmon pebs bts rep_good nopl xtopology nonstop_tsc aperfmperf eagerfpu pni pclmulqdq dtes64 monitor ds_cpl vmx est tm2 ssse3 sdbg fma cx16 xtpr pdcm pcid sse4_1 sse4_2 x2apic movbe popcnt tsc_deadline_timer aes xsave avx f16c rdrand lahf_lm abm epb tpr_shadow vnmi flexpriority ept vpid fsgsbase tsc_adjust bmi1 avx2 smep bmi2 erms invpcid xsaveopt dtherm arat pln pts
bugs		:
bogomips	: 3791.34
clflush size	: 64
cache_alignment	: 64
address sizes	: 39 bits physical, 48 bits virtual
power management:

processor	: 2
vendor_id	: GenuineIntel
cpu family	: 6
model		: 69
model name	: Intel(R) Core(TM) i3-4030U CPU @ 1.90GHz
stepping	: 1
microcode	: 0x1d
cpu MHz		: 1799.953
cache size	: 3072 KB
physical id	: 0
siblings	: 4
core id		: 1
cpu cores	: 2
apicid		: 2
initial apicid	: 2
fpu		: yes
fpu_exception	: yes
cpuid level	: 13
wp		: yes
flags		: fpu vme de pse tsc msr pae mce cx8 apic sep mtrr pge mca cmov pat pse36 clflush dts acpi mmx fxsr sse sse2 ss ht tm pbe syscall nx pdpe1gb rdtscp lm constant_tsc arch_perfmon pebs bts rep_good nopl xtopology nonstop_tsc aperfmperf eagerfpu pni pclmulqdq dtes64 monitor ds_cpl vmx est tm2 ssse3 sdbg fma cx16 xtpr pdcm pcid sse4_1 sse4_2 x2apic movbe popcnt tsc_deadline_timer aes xsave avx f16c rdrand lahf_lm abm epb tpr_shadow vnmi flexpriority ept vpid fsgsbase tsc_adjust bmi1 avx2 smep bmi2 erms invpcid xsaveopt dtherm arat pln pts
bugs		:
bogomips	: 3791.34
clflush size	: 64
cache_alignment	: 64
address sizes	: 39 bits physical, 48 bits virtual
power management:

processor	: 3
vendor_id	: GenuineIntel
cpu family	: 6
model		: 69
model name	: Intel(R) Core(TM) i3-4030U CPU @ 1.90GHz
stepping	: 1
microcode	: 0x1d
cpu MHz		: 1799.878
cache size	: 3072 KB
physical id	: 0
siblings	: 4
core id		: 1
cpu cores	: 2
apicid		: 3
initial apicid	: 3
fpu		: yes
fpu_exception	: yes
cpuid level	: 13
wp		: yes
flags		: fpu vme de pse tsc msr pae mce cx8 apic sep mtrr pge mca cmov pat pse36 clflush dts acpi mmx fxsr sse sse2 ss ht tm pbe syscall nx pdpe1gb rdtscp lm constant_tsc arch_perfmon pebs bts rep_good nopl xtopology nonstop_tsc aperfmperf eagerfpu pni pclmulqdq dtes64 monitor ds_cpl vmx est tm2 ssse3 sdbg fma cx16 xtpr pdcm pcid sse4_1 sse4_2 x2apic movbe popcnt tsc_deadline_timer aes xsave avx f16c rdrand lahf_lm abm epb tpr_shadow vnmi flexpriority ept vpid fsgsbase tsc_adjust bmi1 avx2 smep bmi2 erms invpcid xsaveopt dtherm arat pln pts
bugs		:
bogomips	: 3791.34
clflush size	: 64
cache_alignment	: 64
address sizes	: 39 bits physical, 48 bits virtual
power management:



Memory: 4k page, physical 3972820k(111144k free), swap 1020k(0k free)

vm_info: OpenJDK 64-Bit Server VM (25.112-b06) for linux-amd64 JRE (1.8.0_112-release-b06), built on Dec  6 2016 12:11:18 by "builder" with gcc 4.8.4

time: Mon Jul 17 10:02:26 2017
elapsed time: 66 seconds (0d 0h 1m 6s)

