#
# There is insufficient memory for the Java Runtime Environment to continue.
# Native memory allocation (mmap) failed to map 146800640 bytes for committing reserved memory.
# Possible reasons:
#   The system is out of physical RAM or swap space
#   In 32 bit mode, the process size limit was hit
# Possible solutions:
#   Reduce memory load on the system
#   Increase physical memory or swap space
#   Check if swap backing store is full
#   Use 64 bit Java on a 64 bit OS
#   Decrease Java heap size (-Xmx/-Xms)
#   Decrease number of Java threads
#   Decrease Java thread stack sizes (-Xss)
#   Set larger code cache with -XX:ReservedCodeCacheSize=
# This output file may be truncated or incomplete.
#
#  Out of Memory Error (os_linux.cpp:2627), pid=3358, tid=0x00007f8e5f8f8700
#
# JRE version: OpenJDK Runtime Environment (8.0_112-b06) (build 1.8.0_112-release-b06)
# Java VM: OpenJDK 64-Bit Server VM (25.112-b06 mixed mode linux-amd64 compressed oops)
# Failed to write core dump. Core dumps have been disabled. To enable core dumping, try "ulimit -c unlimited" before starting Java again
#

---------------  T H R E A D  ---------------

Current thread (0x00007f8e7c077800):  VMThread [stack: 0x00007f8e5f7f8000,0x00007f8e5f8f9000] [id=3367]

Stack: [0x00007f8e5f7f8000,0x00007f8e5f8f9000],  sp=0x00007f8e5f8f74d0,  free space=1021k
Native frames: (J=compiled Java code, j=interpreted, Vv=VM code, C=native code)
V  [libjvm.so+0x9e465d]  VMError::report_and_die()+0x15d
V  [libjvm.so+0x4b6ada]  report_vm_out_of_memory(char const*, int, unsigned long, VMErrorType, char const*)+0x8a
V  [libjvm.so+0x84c860]  os::pd_commit_memory(char*, unsigned long, unsigned long, bool)+0xf0
V  [libjvm.so+0x84737f]  os::commit_memory(char*, unsigned long, unsigned long, bool)+0x1f
V  [libjvm.so+0x8bd3db]  PSVirtualSpace::expand_by(unsigned long)+0x5b
V  [libjvm.so+0x8ae1bb]  PSOldGen::expand_by(unsigned long) [clone .part.109]+0x1b
V  [libjvm.so+0x8ae37b]  PSOldGen::expand(unsigned long) [clone .part.111]+0xdb
V  [libjvm.so+0x8aec58]  PSOldGen::resize(unsigned long)+0x188
V  [libjvm.so+0x8b426c]  PSParallelCompact::invoke_no_policy(bool)+0x97c
V  [libjvm.so+0x8bb37d]  PSScavenge::invoke()+0x17d
V  [libjvm.so+0x86fcf3]  ParallelScavengeHeap::failed_mem_allocate(unsigned long)+0x63
V  [libjvm.so+0x9e6124]  VM_ParallelGCFailedAllocation::doit()+0x84
V  [libjvm.so+0x9ea537]  VM_Operation::evaluate()+0x47
V  [libjvm.so+0x9e8ff8]  VMThread::evaluate_operation(VM_Operation*)+0x2c8
V  [libjvm.so+0x9e9479]  VMThread::loop()+0x219
V  [libjvm.so+0x9e98c2]  VMThread::run()+0x72
V  [libjvm.so+0x849c82]  java_start(Thread*)+0xf2

VM_Operation (0x00007f8e0d5f9fa0): ParallelGCFailedAllocation, mode: safepoint, requested by thread 0x00007f8df4059800


---------------  P R O C E S S  ---------------

Java Threads: ( => current thread )
  0x00007f8df405b000 JavaThread "pool-5-thread-4" [_thread_blocked, id=3422, stack(0x00007f8e0d3fa000,0x00007f8e0d4fb000)]
  0x00007f8df4059800 JavaThread "pool-5-thread-3" [_thread_blocked, id=3421, stack(0x00007f8e0d4fb000,0x00007f8e0d5fc000)]
  0x00007f8df4058800 JavaThread "pool-5-thread-2" [_thread_blocked, id=3420, stack(0x00007f8e0d8d4000,0x00007f8e0d9d5000)]
  0x00007f8df4057800 JavaThread "pool-6-thread-1" [_thread_blocked, id=3419, stack(0x00007f8e0d6d2000,0x00007f8e0d7d3000)]
  0x00007f8df4056000 JavaThread "pool-5-thread-1" [_thread_blocked, id=3418, stack(0x00007f8e0d7d3000,0x00007f8e0d8d4000)]
  0x00007f8e18e91000 JavaThread "pool-3-thread-1" [_thread_blocked, id=3417, stack(0x00007f8e0d9d5000,0x00007f8e0dad6000)]
  0x00007f8e19142000 JavaThread "Cache update executor" [_thread_blocked, id=3391, stack(0x00007f8e0e558000,0x00007f8e0e659000)]
  0x00007f8e18858000 JavaThread "pool-2-thread-1" [_thread_blocked, id=3389, stack(0x00007f8e0f6ed000,0x00007f8e0f7ee000)]
  0x00007f8e18a2b800 JavaThread "File lock request listener" [_thread_in_native, id=3388, stack(0x00007f8e0feff000,0x00007f8e10000000)]
  0x00007f8e18a69800 JavaThread "process reaper" daemon [_thread_blocked, id=3387, stack(0x00007f8e5c099000,0x00007f8e5c0d2000)]
  0x00007f8e7c48f000 JavaThread "pool-1-thread-1" [_thread_blocked, id=3385, stack(0x00007f8e5cb4c000,0x00007f8e5cc4d000)]
  0x00007f8e18007800 JavaThread "Stdin handler" [_thread_blocked, id=3384, stack(0x00007f8e5cc4d000,0x00007f8e5cd4e000)]
  0x00007f8e18006000 JavaThread "Asynchronous log dispatcher for DefaultDaemonConnection: socket connection from /127.0.0.1:34632 to /127.0.0.1:58280" [_thread_blocked, id=3383, stack(0x00007f8e5cd4e000,0x00007f8e5ce4f000)]
  0x00007f8e2c01f800 JavaThread "Daemon worker" [_thread_blocked, id=3380, stack(0x00007f8e5ce4f000,0x00007f8e5cf50000)]
  0x00007f8e2c01e800 JavaThread "Cancel handler" [_thread_blocked, id=3379, stack(0x00007f8e5cf50000,0x00007f8e5d051000)]
  0x00007f8e2c003800 JavaThread "Handler for socket connection from /127.0.0.1:34632 to /127.0.0.1:58280" [_thread_in_native, id=3378, stack(0x00007f8e5d251000,0x00007f8e5d352000)]
  0x00007f8e2803c800 JavaThread "Daemon" [_thread_blocked, id=3377, stack(0x00007f8e5d352000,0x00007f8e5d453000)]
  0x00007f8e7cc6c800 JavaThread "Incoming local TCP Connector on port 34632" [_thread_in_native, id=3376, stack(0x00007f8e5d65a000,0x00007f8e5d75b000)]
  0x00007f8e7c0bf800 JavaThread "Service Thread" daemon [_thread_blocked, id=3374, stack(0x00007f8e5ee19000,0x00007f8e5ef1a000)]
  0x00007f8e7c0bc800 JavaThread "C1 CompilerThread2" daemon [_thread_blocked, id=3373, stack(0x00007f8e5ef1a000,0x00007f8e5f01b000)]
  0x00007f8e7c0ba800 JavaThread "C2 CompilerThread1" daemon [_thread_blocked, id=3372, stack(0x00007f8e5f01b000,0x00007f8e5f11c000)]
  0x00007f8e7c0b7800 JavaThread "C2 CompilerThread0" daemon [_thread_blocked, id=3371, stack(0x00007f8e5f11c000,0x00007f8e5f21d000)]
  0x00007f8e7c0b6800 JavaThread "Signal Dispatcher" daemon [_thread_blocked, id=3370, stack(0x00007f8e5f21d000,0x00007f8e5f31e000)]
  0x00007f8e7c083800 JavaThread "Finalizer" daemon [_thread_blocked, id=3369, stack(0x00007f8e5f5f6000,0x00007f8e5f6f7000)]
  0x00007f8e7c07f000 JavaThread "Reference Handler" daemon [_thread_blocked, id=3368, stack(0x00007f8e5f6f7000,0x00007f8e5f7f8000)]
  0x00007f8e7c00a000 JavaThread "main" [_thread_blocked, id=3362, stack(0x00007f8e831a7000,0x00007f8e832a8000)]

Other Threads:
=>0x00007f8e7c077800 VMThread [stack: 0x00007f8e5f7f8000,0x00007f8e5f8f9000] [id=3367]
  0x00007f8e7c0c2000 WatcherThread [stack: 0x00007f8e5ed18000,0x00007f8e5ee19000] [id=3375]

VM state:at safepoint (normal execution)

VM Mutex/Monitor currently owned by a thread:  ([mutex/lock_event])
[0x00007f8e7c005df0] ExpandHeap_lock - owner thread: 0x00007f8e7c077800
[0x00007f8e7c006470] Threads_lock - owner thread: 0x00007f8e7c077800
[0x00007f8e7c006970] Heap_lock - owner thread: 0x00007f8df4059800

Heap:
 PSYoungGen      total 345088K, used 19716K [0x00000000e0000000, 0x00000000fc100000, 0x0000000100000000)
  eden space 283136K, 0% used [0x00000000e0000000,0x00000000e0000000,0x00000000f1480000)
  from space 61952K, 31% used [0x00000000f6200000,0x00000000f7541380,0x00000000f9e80000)
  to   space 79360K, 0% used [0x00000000f1480000,0x00000000f1480000,0x00000000f6200000)
 ParOldGen       total 344064K, used 344000K [0x00000000a0000000, 0x00000000b5000000, 0x00000000e0000000)
  object space 344064K, 99% used [0x00000000a0000000,0x00000000b4ff0348,0x00000000b5000000)
 Metaspace       used 62784K, capacity 64566K, committed 64944K, reserved 1105920K
  class space    used 8162K, capacity 8575K, committed 8624K, reserved 1048576K

Card table byte_map: [0x00007f8e6ccff000,0x00007f8e6d000000] byte_map_base: 0x00007f8e6c7ff000

Marking Bits: (ParMarkBitMap*) 0x00007f8e82675340
 Begin Bits: [0x00007f8e65000000, 0x00007f8e66800000)
 End Bits:   [0x00007f8e66800000, 0x00007f8e68000000)

Polling page: 0x00007f8e832c7000

CodeCache: size=245760Kb used=36157Kb max_used=36184Kb free=209602Kb
 bounds [0x00007f8e6d000000, 0x00007f8e6f3f0000, 0x00007f8e7c000000]
 total_blobs=11102 nmethods=10320 adapters=693
 compilation: enabled

Compilation events (10 events):
Event: 63.790 Thread 0x00007f8e7c0bc800 13194   !   3       com.android.dx.cf.code.RopperMachine::run (1550 bytes)
Event: 63.847 Thread 0x00007f8e7c0bc800 nmethod 13194 0x00007f8e6f3bda90 code [0x00007f8e6f3bed00, 0x00007f8e6f3ce178]
Event: 63.912 Thread 0x00007f8e7c0bc800 13195 %     3       java.util.concurrent.ConcurrentHashMap::get @ 112 (162 bytes)
Event: 63.916 Thread 0x00007f8e7c0bc800 nmethod 13195% 0x00007f8e6ec66b90 code [0x00007f8e6ec66da0, 0x00007f8e6ec679d8]
Event: 63.953 Thread 0x00007f8e7c0bc800 13196       2       java.util.concurrent.ConcurrentHashMap::helpTransfer (132 bytes)
Event: 63.954 Thread 0x00007f8e7c0bc800 nmethod 13196 0x00007f8e6dd21fd0 code [0x00007f8e6dd22160, 0x00007f8e6dd224b8]
Event: 63.960 Thread 0x00007f8e7c0bc800 13197       3       java.util.concurrent.ConcurrentHashMap::get (162 bytes)
Event: 63.964 Thread 0x00007f8e7c0bc800 nmethod 13197 0x00007f8e6ee1afd0 code [0x00007f8e6ee1b1e0, 0x00007f8e6ee1bd58]
Event: 63.968 Thread 0x00007f8e7c0b7800 nmethod 13164 0x00007f8e6f3dc810 code [0x00007f8e6f3dccc0, 0x00007f8e6f3e0bd0]
Event: 63.968 Thread 0x00007f8e7c0b7800 13176       4       com.android.dx.ssa.SsaMethod::deleteInsns (239 bytes)

GC Heap History (10 events):
Event: 60.089 GC heap after
Heap after GC invocations=45 (full 7):
 PSYoungGen      total 314880K, used 8481K [0x00000000e0000000, 0x00000000f6780000, 0x0000000100000000)
  eden space 264704K, 0% used [0x00000000e0000000,0x00000000e0000000,0x00000000f0280000)
  from space 50176K, 16% used [0x00000000f3400000,0x00000000f3c48520,0x00000000f6500000)
  to   space 50688K, 0% used [0x00000000f0280000,0x00000000f0280000,0x00000000f3400000)
 ParOldGen       total 344064K, used 223304K [0x00000000a0000000, 0x00000000b5000000, 0x00000000e0000000)
  object space 344064K, 64% used [0x00000000a0000000,0x00000000ada12008,0x00000000b5000000)
 Metaspace       used 62764K, capacity 64502K, committed 64688K, reserved 1105920K
  class space    used 8161K, capacity 8575K, committed 8624K, reserved 1048576K
}
Event: 60.637 GC heap before
{Heap before GC invocations=46 (full 7):
 PSYoungGen      total 314880K, used 273185K [0x00000000e0000000, 0x00000000f6780000, 0x0000000100000000)
  eden space 264704K, 100% used [0x00000000e0000000,0x00000000f0280000,0x00000000f0280000)
  from space 50176K, 16% used [0x00000000f3400000,0x00000000f3c48520,0x00000000f6500000)
  to   space 50688K, 0% used [0x00000000f0280000,0x00000000f0280000,0x00000000f3400000)
 ParOldGen       total 344064K, used 223304K [0x00000000a0000000, 0x00000000b5000000, 0x00000000e0000000)
  object space 344064K, 64% used [0x00000000a0000000,0x00000000ada12008,0x00000000b5000000)
 Metaspace       used 62771K, capacity 64566K, committed 64944K, reserved 1105920K
  class space    used 8162K, capacity 8575K, committed 8624K, reserved 1048576K
Event: 60.745 GC heap after
Heap after GC invocations=46 (full 7):
 PSYoungGen      total 315392K, used 23587K [0x00000000e0000000, 0x00000000f7700000, 0x0000000100000000)
  eden space 264704K, 0% used [0x00000000e0000000,0x00000000e0000000,0x00000000f0280000)
  from space 50688K, 46% used [0x00000000f0280000,0x00000000f1988c38,0x00000000f3400000)
  to   space 48640K, 0% used [0x00000000f4780000,0x00000000f4780000,0x00000000f7700000)
 ParOldGen       total 344064K, used 231026K [0x00000000a0000000, 0x00000000b5000000, 0x00000000e0000000)
  object space 344064K, 67% used [0x00000000a0000000,0x00000000ae19c8f8,0x00000000b5000000)
 Metaspace       used 62771K, capacity 64566K, committed 64944K, reserved 1105920K
  class space    used 8162K, capacity 8575K, committed 8624K, reserved 1048576K
}
Event: 61.585 GC heap before
{Heap before GC invocations=47 (full 7):
 PSYoungGen      total 315392K, used 288291K [0x00000000e0000000, 0x00000000f7700000, 0x0000000100000000)
  eden space 264704K, 100% used [0x00000000e0000000,0x00000000f0280000,0x00000000f0280000)
  from space 50688K, 46% used [0x00000000f0280000,0x00000000f1988c38,0x00000000f3400000)
  to   space 48640K, 0% used [0x00000000f4780000,0x00000000f4780000,0x00000000f7700000)
 ParOldGen       total 344064K, used 231026K [0x00000000a0000000, 0x00000000b5000000, 0x00000000e0000000)
  object space 344064K, 67% used [0x00000000a0000000,0x00000000ae19ca68,0x00000000b5000000)
 Metaspace       used 62774K, capacity 64566K, committed 64944K, reserved 1105920K
  class space    used 8162K, capacity 8575K, committed 8624K, reserved 1048576K
Event: 61.712 GC heap after
Heap after GC invocations=47 (full 7):
 PSYoungGen      total 325120K, used 48621K [0x00000000e0000000, 0x00000000f8d00000, 0x0000000100000000)
  eden space 276480K, 0% used [0x00000000e0000000,0x00000000e0000000,0x00000000f0e00000)
  from space 48640K, 99% used [0x00000000f4780000,0x00000000f76fb660,0x00000000f7700000)
  to   space 58880K, 0% used [0x00000000f0e00000,0x00000000f0e00000,0x00000000f4780000)
 ParOldGen       total 344064K, used 239019K [0x00000000a0000000, 0x00000000b5000000, 0x00000000e0000000)
  object space 344064K, 69% used [0x00000000a0000000,0x00000000ae96ac10,0x00000000b5000000)
 Metaspace       used 62774K, capacity 64566K, committed 64944K, reserved 1105920K
  class space    used 8162K, capacity 8575K, committed 8624K, reserved 1048576K
}
Event: 62.765 GC heap before
{Heap before GC invocations=48 (full 7):
 PSYoungGen      total 325120K, used 325101K [0x00000000e0000000, 0x00000000f8d00000, 0x0000000100000000)
  eden space 276480K, 100% used [0x00000000e0000000,0x00000000f0e00000,0x00000000f0e00000)
  from space 48640K, 99% used [0x00000000f4780000,0x00000000f76fb660,0x00000000f7700000)
  to   space 58880K, 0% used [0x00000000f0e00000,0x00000000f0e00000,0x00000000f4780000)
 ParOldGen       total 344064K, used 239020K [0x00000000a0000000, 0x00000000b5000000, 0x00000000e0000000)
  object space 344064K, 69% used [0x00000000a0000000,0x00000000ae96b290,0x00000000b5000000)
 Metaspace       used 62778K, capacity 64566K, committed 64944K, reserved 1105920K
  class space    used 8162K, capacity 8575K, committed 8624K, reserved 1048576K
Event: 62.934 GC heap after
Heap after GC invocations=48 (full 7):
 PSYoungGen      total 335360K, used 41608K [0x00000000e0000000, 0x00000000f9e80000, 0x0000000100000000)
  eden space 276480K, 0% used [0x00000000e0000000,0x00000000e0000000,0x00000000f0e00000)
  from space 58880K, 70% used [0x00000000f0e00000,0x00000000f36a21d0,0x00000000f4780000)
  to   space 61952K, 0% used [0x00000000f6200000,0x00000000f6200000,0x00000000f9e80000)
 ParOldGen       total 344064K, used 287633K [0x00000000a0000000, 0x00000000b5000000, 0x00000000e0000000)
  object space 344064K, 83% used [0x00000000a0000000,0x00000000b18e4498,0x00000000b5000000)
 Metaspace       used 62778K, capacity 64566K, committed 64944K, reserved 1105920K
  class space    used 8162K, capacity 8575K, committed 8624K, reserved 1048576K
}
Event: 64.087 GC heap before
{Heap before GC invocations=49 (full 7):
 PSYoungGen      total 335360K, used 318088K [0x00000000e0000000, 0x00000000f9e80000, 0x0000000100000000)
  eden space 276480K, 100% used [0x00000000e0000000,0x00000000f0e00000,0x00000000f0e00000)
  from space 58880K, 70% used [0x00000000f0e00000,0x00000000f36a21d0,0x00000000f4780000)
  to   space 61952K, 0% used [0x00000000f6200000,0x00000000f6200000,0x00000000f9e80000)
 ParOldGen       total 344064K, used 287633K [0x00000000a0000000, 0x00000000b5000000, 0x00000000e0000000)
  object space 344064K, 83% used [0x00000000a0000000,0x00000000b18e4498,0x00000000b5000000)
 Metaspace       used 62784K, capacity 64566K, committed 64944K, reserved 1105920K
  class space    used 8162K, capacity 8575K, committed 8624K, reserved 1048576K
Event: 64.251 GC heap after
Heap after GC invocations=49 (full 7):
 PSYoungGen      total 345088K, used 61930K [0x00000000e0000000, 0x00000000fc100000, 0x0000000100000000)
  eden space 283136K, 0% used [0x00000000e0000000,0x00000000e0000000,0x00000000f1480000)
  from space 61952K, 99% used [0x00000000f6200000,0x00000000f9e7a850,0x00000000f9e80000)
  to   space 79360K, 0% used [0x00000000f1480000,0x00000000f1480000,0x00000000f6200000)
 ParOldGen       total 344064K, used 309449K [0x00000000a0000000, 0x00000000b5000000, 0x00000000e0000000)
  object space 344064K, 89% used [0x00000000a0000000,0x00000000b2e32500,0x00000000b5000000)
 Metaspace       used 62784K, capacity 64566K, committed 64944K, reserved 1105920K
  class space    used 8162K, capacity 8575K, committed 8624K, reserved 1048576K
}
Event: 64.251 GC heap before
{Heap before GC invocations=50 (full 8):
 PSYoungGen      total 345088K, used 61930K [0x00000000e0000000, 0x00000000fc100000, 0x0000000100000000)
  eden space 283136K, 0% used [0x00000000e0000000,0x00000000e0000000,0x00000000f1480000)
  from space 61952K, 99% used [0x00000000f6200000,0x00000000f9e7a850,0x00000000f9e80000)
  to   space 79360K, 0% used [0x00000000f1480000,0x00000000f1480000,0x00000000f6200000)
 ParOldGen       total 344064K, used 309449K [0x00000000a0000000, 0x00000000b5000000, 0x00000000e0000000)
  object space 344064K, 89% used [0x00000000a0000000,0x00000000b2e32500,0x00000000b5000000)
 Metaspace       used 62784K, capacity 64566K, committed 64944K, reserved 1105920K
  class space    used 8162K, capacity 8575K, committed 8624K, reserved 1048576K

Deoptimization events (10 events):
Event: 61.346 Thread 0x00007f8df405b000 Uncommon trap: reason=unstable_if action=reinterpret pc=0x00007f8e6f315d68 method=com.android.dx.rop.code.RegisterSpec.intersect(Lcom/android/dx/rop/code/RegisterSpec;Z)Lcom/android/dx/rop/code/RegisterSpec; @ 42
Event: 61.792 Thread 0x00007f8df4059800 Uncommon trap: reason=unstable_if action=reinterpret pc=0x00007f8e6f33a79c method=com.android.dx.ssa.InterferenceRegisterMapper.interferes(III)Z @ 69
Event: 62.137 Thread 0x00007f8df405b000 Uncommon trap: reason=unstable_if action=reinterpret pc=0x00007f8e6f3564ac method=com.android.dx.rop.type.Type.isReference()Z @ 6
Event: 62.420 Thread 0x00007f8e18e91000 Uncommon trap: reason=unstable_if action=reinterpret pc=0x00007f8e6e5e8dd0 method=java.util.concurrent.ConcurrentHashMap.get(Ljava/lang/Object;)Ljava/lang/Object; @ 86
Event: 63.126 Thread 0x00007f8df405b000 Uncommon trap: reason=unstable_if action=reinterpret pc=0x00007f8e6ec2abdc method=com.android.dx.ssa.SsaMethod.makeExitBlock()V @ 103
Event: 63.126 Thread 0x00007f8df405b000 Uncommon trap: reason=unstable_if action=reinterpret pc=0x00007f8e6f1fd7ec method=com.android.dx.ssa.SsaMethod.getExitBlock()Lcom/android/dx/ssa/SsaBasicBlock; @ 4
Event: 63.126 Thread 0x00007f8df405b000 Uncommon trap: reason=unstable_if action=reinterpret pc=0x00007f8e6ec3c058 method=com.android.dx.ssa.SsaMethod.getExitBlock()Lcom/android/dx/ssa/SsaBasicBlock; @ 4
Event: 63.133 Thread 0x00007f8df405b000 Uncommon trap: reason=unstable_if action=reinterpret pc=0x00007f8e6ee60370 method=com.android.dx.ssa.SsaMethod.getExitBlock()Lcom/android/dx/ssa/SsaBasicBlock; @ 4
Event: 63.133 Thread 0x00007f8df405b000 Uncommon trap: reason=unstable_if action=reinterpret pc=0x00007f8e6ee84cb8 method=com.android.dx.ssa.SsaMethod.getExitBlock()Lcom/android/dx/ssa/SsaBasicBlock; @ 4
Event: 63.693 Thread 0x00007f8df405b000 Uncommon trap: reason=unstable_if action=reinterpret pc=0x00007f8e6f3a2a44 method=com.android.dx.cf.code.RopperMachine.updateReturnOp(Lcom/android/dx/rop/code/Rop;Lcom/android/dx/rop/code/SourcePosition;)V @ 106

Internal exceptions (10 events):
Event: 24.297 Thread 0x00007f8e2c01f800 Exception <a 'java/lang/NoSuchMethodError': <clinit>> (0x00000000e23fac38) thrown at [/ssd/Android/AOSP-openjdk/external/jetbrains/jdk/hotspot/src/share/vm/prims/jni.cpp, line 1613]
Event: 24.298 Thread 0x00007f8e2c01f800 Exception <a 'java/lang/NoSuchMethodError': <clinit>> (0x00000000e23fc8b8) thrown at [/ssd/Android/AOSP-openjdk/external/jetbrains/jdk/hotspot/src/share/vm/prims/jni.cpp, line 1613]
Event: 25.866 Thread 0x00007f8e2c01f800 Implicit null exception at 0x00007f8e6e0b2f8d to 0x00007f8e6e0b3be5
Event: 33.637 Thread 0x00007f8e2c01f800 Implicit null exception at 0x00007f8e6e7ade28 to 0x00007f8e6e7ae2bd
Event: 40.546 Thread 0x00007f8e19142000 Exception <a 'java/lang/NoSuchMethodError': <clinit>> (0x00000000e26c34c0) thrown at [/ssd/Android/AOSP-openjdk/external/jetbrains/jdk/hotspot/src/share/vm/prims/jni.cpp, line 1613]
Event: 49.739 Thread 0x00007f8df4058800 Implicit null exception at 0x00007f8e6ebb45e8 to 0x00007f8e6ebb54f1
Event: 50.187 Thread 0x00007f8df405b000 Implicit null exception at 0x00007f8e6ec29aa5 to 0x00007f8e6ec2a689
Event: 50.382 Thread 0x00007f8df4059800 Implicit null exception at 0x00007f8e6ee2160d to 0x00007f8e6ee217e9
Event: 53.237 Thread 0x00007f8df4059800 Implicit null exception at 0x00007f8e6e8599e0 to 0x00007f8e6e85a1cd
Event: 55.005 Thread 0x00007f8df405b000 Implicit null exception at 0x00007f8e6eec896d to 0x00007f8e6eeca1dd

Events (10 events):
Event: 64.019 Thread 0x00007f8df405b000 DEOPT UNPACKING pc=0x00007f8e6d047373 sp=0x00007f8e0d4f8fe0 mode 0
Event: 64.039 Thread 0x00007f8df405b000 DEOPT PACKING pc=0x00007f8e6ee9450b sp=0x00007f8e0d4f8fe0
Event: 64.039 Thread 0x00007f8df405b000 DEOPT UNPACKING pc=0x00007f8e6d047373 sp=0x00007f8e0d4f8d98 mode 0
Event: 64.048 Thread 0x00007f8df4059800 DEOPT PACKING pc=0x00007f8e6ee68b08 sp=0x00007f8e0d5f9f30
Event: 64.048 Thread 0x00007f8df4059800 DEOPT UNPACKING pc=0x00007f8e6d047373 sp=0x00007f8e0d5f9cb8 mode 0
Event: 64.060 Thread 0x00007f8df4059800 DEOPT PACKING pc=0x00007f8e6eea4a6c sp=0x00007f8e0d5fa190
Event: 64.060 Thread 0x00007f8df4059800 DEOPT UNPACKING pc=0x00007f8e6d047373 sp=0x00007f8e0d5f9e90 mode 0
Event: 64.060 Thread 0x00007f8df4059800 DEOPT PACKING pc=0x00007f8e6efff358 sp=0x00007f8e0d5fa0e0
Event: 64.060 Thread 0x00007f8df4059800 DEOPT UNPACKING pc=0x00007f8e6d047373 sp=0x00007f8e0d5f9f30 mode 0
Event: 64.087 Executing VM operation: ParallelGCFailedAllocation


Dynamic libraries:
00400000-00401000 r-xp 00000000 08:07 1201464                            /home/chivu/Downloads/android-studio-p/jre/bin/java
00600000-00601000 r--p 00000000 08:07 1201464                            /home/chivu/Downloads/android-studio-p/jre/bin/java
00601000-00602000 rw-p 00001000 08:07 1201464                            /home/chivu/Downloads/android-studio-p/jre/bin/java
0092e000-00975000 rw-p 00000000 00:00 0                                  [heap]
a0000000-b5000000 rw-p 00000000 00:00 0 
bdc00000-e0000000 ---p 00000000 00:00 0 
e0000000-fc100000 rw-p 00000000 00:00 0 
fc100000-100000000 ---p 00000000 00:00 0 
100000000-10086c000 rw-p 00000000 00:00 0 
10086c000-140000000 ---p 00000000 00:00 0 
7f8de4000000-7f8de402a000 rw-p 00000000 00:00 0 
7f8de402a000-7f8de8000000 ---p 00000000 00:00 0 
7f8dec000000-7f8dec050000 rw-p 00000000 00:00 0 
7f8dec050000-7f8df0000000 ---p 00000000 00:00 0 
7f8df0000000-7f8df0021000 rw-p 00000000 00:00 0 
7f8df0021000-7f8df4000000 ---p 00000000 00:00 0 
7f8df4000000-7f8df41a6000 rw-p 00000000 00:00 0 
7f8df41a6000-7f8df8000000 ---p 00000000 00:00 0 
7f8df8000000-7f8df8058000 rw-p 00000000 00:00 0 
7f8df8058000-7f8dfc000000 ---p 00000000 00:00 0 
7f8dfc000000-7f8dfc021000 rw-p 00000000 00:00 0 
7f8dfc021000-7f8e00000000 ---p 00000000 00:00 0 
7f8e00000000-7f8e0002e000 rw-p 00000000 00:00 0 
7f8e0002e000-7f8e04000000 ---p 00000000 00:00 0 
7f8e04000000-7f8e04021000 rw-p 00000000 00:00 0 
7f8e04021000-7f8e08000000 ---p 00000000 00:00 0 
7f8e08000000-7f8e08021000 rw-p 00000000 00:00 0 
7f8e08021000-7f8e0c000000 ---p 00000000 00:00 0 
7f8e0d1fa000-7f8e0d2fa000 rw-p 00000000 00:00 0 
7f8e0d2fa000-7f8e0d3fa000 ---p 00000000 00:00 0 
7f8e0d3fa000-7f8e0d3fd000 ---p 00000000 00:00 0 
7f8e0d3fd000-7f8e0d4fb000 rw-p 00000000 00:00 0 
7f8e0d4fb000-7f8e0d4fe000 ---p 00000000 00:00 0 
7f8e0d4fe000-7f8e0d5fc000 rw-p 00000000 00:00 0 
7f8e0d5fc000-7f8e0d6d2000 r--s 0095c000 08:07 1200121                    /home/chivu/Desktop/newsApp/app/build/intermediates/transforms/jarMerging/debug/jars/1/1f/combined.jar
7f8e0d6d2000-7f8e0d6d5000 ---p 00000000 00:00 0 
7f8e0d6d5000-7f8e0d7d3000 rw-p 00000000 00:00 0 
7f8e0d7d3000-7f8e0d7d6000 ---p 00000000 00:00 0 
7f8e0d7d6000-7f8e0d8d4000 rw-p 00000000 00:00 0 
7f8e0d8d4000-7f8e0d8d7000 ---p 00000000 00:00 0 
7f8e0d8d7000-7f8e0d9d5000 rw-p 00000000 00:00 0 
7f8e0d9d5000-7f8e0d9d8000 ---p 00000000 00:00 0 
7f8e0d9d8000-7f8e0dcd6000 rw-p 00000000 00:00 0 
7f8e0dcd6000-7f8e0ded6000 rw-p 00000000 00:00 0 
7f8e0df58000-7f8e0e158000 rw-p 00000000 00:00 0 
7f8e0e158000-7f8e0e358000 rw-p 00000000 00:00 0 
7f8e0e358000-7f8e0e558000 rw-p 00000000 00:00 0 
7f8e0e558000-7f8e0e55b000 ---p 00000000 00:00 0 
7f8e0e55b000-7f8e0e859000 rw-p 00000000 00:00 0 
7f8e0e859000-7f8e0ea59000 rw-p 00000000 00:00 0 
7f8e0eada000-7f8e0ecda000 rw-p 00000000 00:00 0 
7f8e0ecda000-7f8e0eeda000 rw-p 00000000 00:00 0 
7f8e0eeda000-7f8e0eeed000 r--s 00344000 08:07 1201558                    /home/chivu/Downloads/android-studio-p/jre/jre/lib/resources.jar
7f8e0eeed000-7f8e0f0ed000 rw-p 00000000 00:00 0 
7f8e0f0ed000-7f8e0f2ed000 rw-p 00000000 00:00 0 
7f8e0f2ed000-7f8e0f4ed000 rw-p 00000000 00:00 0 
7f8e0f4ed000-7f8e0f6ed000 rw-p 00000000 00:00 0 
7f8e0f6ed000-7f8e0f6f0000 ---p 00000000 00:00 0 
7f8e0f6f0000-7f8e0f9ee000 rw-p 00000000 00:00 0 
7f8e0f9ee000-7f8e0f9ef000 r--s 00001000 08:07 1094992                    /home/chivu/.gradle/caches/jars-2/cmhx5eetujk7j30d3nllwxyrlnugzjw/annotations-25.3.3.jar
7f8e0f9ef000-7f8e0f9f7000 r--s 000a8000 08:07 932893                     /home/chivu/.gradle/caches/jars-2/lp0h431tl0554nh1vx6zomcvteflkp/lombok-ast-0.2.3.jar
7f8e0f9f7000-7f8e0fa0b000 r--s 000b4000 08:07 139376                     /home/chivu/.gradle/caches/jars-2/hgvw6szzawm3evod5l2d6iutfug31w0/uast-162.2228.14.jar
7f8e0fa0b000-7f8e0fa0d000 r--s 0000d000 08:07 932889                     /home/chivu/.gradle/caches/jars-2/7pwz1bowgakb1eux9ezb56jlturgsyi/commons-codec-1.4.jar
7f8e0fa0d000-7f8e0fa0f000 r--s 0000d000 08:07 932887                     /home/chivu/.gradle/caches/jars-2/9dj1m0eyooi5qt13735vz8fpkl3cnfy/commons-logging-1.1.1.jar
7f8e0fa0f000-7f8e0fa14000 r--s 00028000 08:07 932885                     /home/chivu/.gradle/caches/jars-2/62lv0fe9b3xbqe57f6ljy5upwi7mf6k/httpcore-4.1.jar
7f8e0fa14000-7f8e0fa18000 r--s 0002f000 08:07 932883                     /home/chivu/.gradle/caches/jars-2/gsg5n52frsvw6sx0swqqe2hwijwdcf0/jimfs-1.1.jar
7f8e0fa18000-7f8e0fa19000 r--s 00004000 08:07 932881                     /home/chivu/.gradle/caches/jars-2/lxs252id0979odjrerlctkb26c2vj95/annotations-12.0.jar
7f8e0fa19000-7f8e0fa1a000 r--s 00004000 08:07 932879                     /home/chivu/.gradle/caches/jars-2/9kn99dr0rulyl67sct1ephwcop56l61/asm-analysis-5.0.4.jar
7f8e0fa1a000-7f8e0fa1e000 r--s 00040000 08:07 1094991                    /home/chivu/.gradle/caches/jars-2/ccvn7yglm4blceovs70fngoac1eyn4f/lint-api-25.3.3.jar
7f8e0fa1e000-7f8e0fa1f000 r--s 0000a000 08:07 932875                     /home/chivu/.gradle/caches/jars-2/nwyg9io65lv6jvmwit2wq82xnnxd7ia/kxml2-2.3.0.jar
7f8e0fa1f000-7f8e0fa21000 r--s 00005000 08:07 932873                     /home/chivu/.gradle/caches/jars-2/i6hc1uuj8e9ck59slmzdyz78ydn8sr6/httpmime-4.1.jar
7f8e0fa21000-7f8e0fa29000 r--s 0004e000 08:07 932871                     /home/chivu/.gradle/caches/jars-2/7503wa5irssz0xxahv1xb82p2dl7rr2/httpclient-4.1.1.jar
7f8e0fa29000-7f8e0fa30000 r--s 00053000 08:07 932869                     /home/chivu/.gradle/caches/jars-2/jgkfvs4eqggj7qsyw1f5d3up57hanj1/commons-compress-1.8.1.jar
7f8e0fa30000-7f8e0fa35000 r--s 0002a000 08:07 932867                     /home/chivu/.gradle/caches/jars-2/je8f027qcr1z1egw08byp1ybxbp9kko/gson-2.2.4.jar
7f8e0fa35000-7f8e0fa3a000 r--s 0002e000 08:07 1094990                    /home/chivu/.gradle/caches/jars-2/s427p2wh0tfza0xa8qijgx107eeevyl/repository-25.3.3.jar
7f8e0fa3a000-7f8e0fa3c000 r--s 00006000 08:07 1094989                    /home/chivu/.gradle/caches/jars-2/e2s952s6co8tps89l80r4riixwqo2oe/dvlib-25.3.3.jar
7f8e0fa3c000-7f8e0fa3e000 r--s 00013000 08:07 1094883                    /home/chivu/.gradle/caches/jars-2/s02k517nvrh8cbp2c8dz4slqska6dj9/layoutlib-api-25.3.3.jar
7f8e0fa3e000-7f8e0fa43000 r--s 00058000 08:07 932859                     /home/chivu/.gradle/caches/jars-2/st159835qgxm0l87oqrnhayxos4lc1n/asm-debug-all-5.0.1.jar
7f8e0fa43000-7f8e0fa53000 r--s 000d5000 08:07 932857                     /home/chivu/.gradle/caches/jars-2/qzf32gp9kej4w4hlbabft6tplu74cj3/proguard-base-5.3.2.jar
7f8e0fa53000-7f8e0fa56000 r--s 00033000 08:07 932855                     /home/chivu/.gradle/caches/jars-2/nz9sndmr8b4xbj4xulkaciy5kdbyfiz/juniversalchardet-1.0.3.jar
7f8e0fa56000-7f8e0fa5a000 r--s 0002a000 08:07 932853                     /home/chivu/.gradle/caches/jars-2/krbpn9xjn1qymukyx8cc5l799ty1v3h/commons-io-2.4.jar
7f8e0fa5a000-7f8e0fa71000 r--s 00154000 08:07 932851                     /home/chivu/.gradle/caches/jars-2/sfeivjswzitn6n0fnjx3ueszz8gv8o1/antlr4-4.5.3.jar
7f8e0fa71000-7f8e0fa73000 r--s 00002000 08:07 1094881                    /home/chivu/.gradle/caches/jars-2/rh2ip1x2zziz26tr3qzudtz088pqsb2/baseLibrary-2.3.3.jar
7f8e0fa73000-7f8e0fa9e000 r--s 001fc000 08:07 932847                     /home/chivu/.gradle/caches/jars-2/nxjrjftly2xksl8o0wqgivu5netfu2x/guava-18.0.jar
7f8e0fa9e000-7f8e0fab1000 r--s 00241000 08:07 932845                     /home/chivu/.gradle/caches/jars-2/9yuekvg4qerfitq3xec0iyckuw3hwaq/ecj-4.6.1.jar
7f8e0fab1000-7f8e0fab8000 r--s 000d9000 08:07 1094862                    /home/chivu/.gradle/caches/jars-2/ak89aa8liqmr44u7r08njntn6oehe0z/lint-checks-25.3.3.jar
7f8e0fab8000-7f8e0faba000 r--s 00006000 08:07 932841                     /home/chivu/.gradle/caches/jars-2/6phgj9ki3jl3p5epzkqoo8pr6kur40b/asm-tree-5.0.4.jar
7f8e0faba000-7f8e0faed000 r--s 00203000 08:07 932839                     /home/chivu/.gradle/caches/jars-2/hj0bfvxu9cq7hkwmecvp0kg137or3hh/bcprov-jdk15on-1.48.jar
7f8e0faed000-7f8e0fafb000 r--s 00081000 08:07 932837                     /home/chivu/.gradle/caches/jars-2/4r7xli0tz94y0wfjrdyjxlxar3g1pb9/bcpkix-jdk15on-1.48.jar
7f8e0fafb000-7f8e0fafd000 r--s 00002000 08:07 932835                     /home/chivu/.gradle/caches/jars-2/f32bh5uivuf69ecz2j8hl96ksnqdh7v/javawriter-2.5.0.jar
7f8e0fafd000-7f8e0faff000 r--s 00004000 08:07 1094861                    /home/chivu/.gradle/caches/jars-2/j6s1upogkwo00sygdsekzj4fx0i75uy/tracker-25.3.3.jar
7f8e0faff000-7f8e0fcff000 rw-p 00000000 00:00 0 
7f8e0fcff000-7f8e0feff000 rw-p 00000000 00:00 0 
7f8e0feff000-7f8e0ff02000 ---p 00000000 00:00 0 
7f8e0ff02000-7f8e10000000 rw-p 00000000 00:00 0 
7f8e10000000-7f8e10021000 rw-p 00000000 00:00 0 
7f8e10021000-7f8e14000000 ---p 00000000 00:00 0 
7f8e14000000-7f8e14021000 rw-p 00000000 00:00 0 
7f8e14021000-7f8e18000000 ---p 00000000 00:00 0 
7f8e18000000-7f8e1934d000 rw-p 00000000 00:00 0 
7f8e1934d000-7f8e1c000000 ---p 00000000 00:00 0 
7f8e1c000000-7f8e1c021000 rw-p 00000000 00:00 0 
7f8e1c021000-7f8e20000000 ---p 00000000 00:00 0 
7f8e20000000-7f8e2007d000 rw-p 00000000 00:00 0 
7f8e2007d000-7f8e24000000 ---p 00000000 00:00 0 
7f8e24000000-7f8e24021000 rw-p 00000000 00:00 0 
7f8e24021000-7f8e28000000 ---p 00000000 00:00 0 
7f8e28000000-7f8e28077000 rw-p 00000000 00:00 0 
7f8e28077000-7f8e2c000000 ---p 00000000 00:00 0 
7f8e2c000000-7f8e2c025000 rw-p 00000000 00:00 0 
7f8e2c025000-7f8e30000000 ---p 00000000 00:00 0 
7f8e30000000-7f8e30021000 rw-p 00000000 00:00 0 
7f8e30021000-7f8e34000000 ---p 00000000 00:00 0 
7f8e34000000-7f8e34021000 rw-p 00000000 00:00 0 
7f8e34021000-7f8e38000000 ---p 00000000 00:00 0 
7f8e38000000-7f8e3a049000 rw-p 00000000 00:00 0 
7f8e3a049000-7f8e3c000000 ---p 00000000 00:00 0 
7f8e3c000000-7f8e3cd8a000 rw-p 00000000 00:00 0 
7f8e3cd8a000-7f8e40000000 ---p 00000000 00:00 0 
7f8e40000000-7f8e40021000 rw-p 00000000 00:00 0 
7f8e40021000-7f8e44000000 ---p 00000000 00:00 0 
7f8e44000000-7f8e462ae000 rw-p 00000000 00:00 0 
7f8e462ae000-7f8e48000000 ---p 00000000 00:00 0 
7f8e48000000-7f8e48021000 rw-p 00000000 00:00 0 
7f8e48021000-7f8e4c000000 ---p 00000000 00:00 0 
7f8e4c000000-7f8e4c021000 rw-p 00000000 00:00 0 
7f8e4c021000-7f8e50000000 ---p 00000000 00:00 0 
7f8e50000000-7f8e5003c000 rw-p 00000000 00:00 0 
7f8e5003c000-7f8e54000000 ---p 00000000 00:00 0 
7f8e54000000-7f8e54290000 rw-p 00000000 00:00 0 
7f8e54290000-7f8e58000000 ---p 00000000 00:00 0 
7f8e58000000-7f8e5812c000 rw-p 00000000 00:00 0 
7f8e5812c000-7f8e5c000000 ---p 00000000 00:00 0 
7f8e5c000000-7f8e5c001000 r--s 00005000 08:07 1094860                    /home/chivu/.gradle/caches/jars-2/4svya0t1s9wyo35ycd3atidsaoo6w7e/shared-25.3.3.jar
7f8e5c001000-7f8e5c00f000 r--s 00147000 08:07 1094859                    /home/chivu/.gradle/caches/jars-2/qx6695c5ocd9swxv7wqtxor3plyb4b7/protos-25.3.3.jar
7f8e5c00f000-7f8e5c010000 r--s 00001000 08:07 139356                     /home/chivu/.gradle/caches/jars-2/bqo69msswbvaagsh45hf1tq02v21sml/jill-api-0.10.0.jar
7f8e5c010000-7f8e5c012000 r--s 00003000 08:07 139354                     /home/chivu/.gradle/caches/jars-2/7pldadygbci34ql8thws797g29k1uhh/jack-api-0.13.0.jar
7f8e5c012000-7f8e5c018000 r--s 0004a000 08:07 1094853                    /home/chivu/.gradle/caches/jars-2/euoqfzf5y1sibp9ul8mcz0wovj380eo/ddmlib-25.3.3.jar
7f8e5c018000-7f8e5c01b000 r--s 00022000 08:07 1094848                    /home/chivu/.gradle/caches/jars-2/a81bg2yxzmumashablwecaj0ksz6tmj/manifest-merger-25.3.3.jar
7f8e5c01b000-7f8e5c01e000 r--s 0001c000 08:07 1094847                    /home/chivu/.gradle/caches/jars-2/l6cnyee1vojrkkbpp6qwgpf30shmrja/common-25.3.3.jar
7f8e5c01e000-7f8e5c027000 r--s 00089000 08:07 1094417                    /home/chivu/.gradle/caches/jars-2/m0t6h8af70sdgxvkj522jy01i14mnb8/sdk-common-25.3.3.jar
7f8e5c027000-7f8e5c031000 r--s 00098000 08:07 1094415                    /home/chivu/.gradle/caches/jars-2/28c9ykhc782k8jmlrnbnccai34hziki/sdklib-25.3.3.jar
7f8e5c031000-7f8e5c032000 r--s 00002000 08:07 1094389                    /home/chivu/.gradle/caches/jars-2/4dod7a1p5hoai4v37pxbcg65bbahvg2/builder-test-api-2.3.3.jar
7f8e5c032000-7f8e5c035000 r--s 00006000 08:07 1094385                    /home/chivu/.gradle/caches/jars-2/omk02asobup8sgd6qxom3ej5bg94z2r/builder-model-2.3.3.jar
7f8e5c035000-7f8e5c044000 r--s 00130000 08:07 932809                     /home/chivu/.gradle/caches/jars-2/cr6zkqpx14lor9zdtmo49qpc7y8r8p4/protobuf-java-3.0.0.jar
7f8e5c044000-7f8e5c046000 r--s 0000f000 08:07 932807                     /home/chivu/.gradle/caches/jars-2/rvfyugrlu5tbpz51p98og0qsxamjq4k/jopt-simple-4.9.jar
7f8e5c046000-7f8e5c04a000 r--s 0001f000 08:07 932805                     /home/chivu/.gradle/caches/jars-2/nq3fzqkrrm37ob61z4iu5qdbh368uat/org.jacoco.report-0.7.5.201505241946.jar
7f8e5c04a000-7f8e5c04e000 r--s 0001d000 08:07 932803                     /home/chivu/.gradle/caches/jars-2/3kxkmcckmk40ron92zhbm0qjo9l4bkl/org.jacoco.core-0.7.5.201505241946.jar
7f8e5c04e000-7f8e5c050000 r--s 00002000 08:07 932801                     /home/chivu/.gradle/caches/jars-2/m4m0pzb4gmaeh0in5g2xc4bxeuwt828/proguard-gradle-5.3.2.jar
7f8e5c050000-7f8e5c052000 r--s 00009000 08:07 932799                     /home/chivu/.gradle/caches/jars-2/ajvcvdu66lc9e3tvvipxtuq48i9bbkc/asm-commons-5.0.4.jar
7f8e5c052000-7f8e5c054000 r--s 0000c000 08:07 932797                     /home/chivu/.gradle/caches/jars-2/1laz1ygmxoc408r7nwqs1q8uk8r236d/asm-5.0.4.jar
7f8e5c054000-7f8e5c059000 r--s 0002c000 08:07 1094383                    /home/chivu/.gradle/caches/jars-2/3mlasgi8oo9o7oa12526198jui9zmp2/compilerCommon-2.3.3.jar
7f8e5c059000-7f8e5c05a000 r--s 00002000 08:07 1094379                    /home/chivu/.gradle/caches/jars-2/73l309uzm0ila7rdaaxteq0ng4ayf2y/gradle-api-2.3.3.jar
7f8e5c05a000-7f8e5c05b000 r--s 00000000 08:07 139334                     /home/chivu/.gradle/caches/jars-2/tlyajppf8woug00g686fx5mchf8iv3o/transform-api-2.0.0-deprecated-use-gradle-api.jar
7f8e5c05b000-7f8e5c060000 r--s 0005e000 08:07 1094349                    /home/chivu/.gradle/caches/jars-2/k2xtosjt0in0zj7mpwvctw6iznt93uh/lint-25.3.3.jar
7f8e5c060000-7f8e5c076000 r--s 00163000 08:07 1094347                    /home/chivu/.gradle/caches/jars-2/nyg71b5n2lzymmwh5vbtmvjiby07k4g/builder-2.3.3.jar
7f8e5c076000-7f8e5c095000 r--s 001ca000 08:07 1094310                    /home/chivu/.gradle/caches/jars-2/5fwyvjq1ai8mdh1mluqxidj1wo7rls8/gradle-core-2.3.3.jar
7f8e5c095000-7f8e5c097000 r--s 00007000 08:07 266240                     /home/chivu/.gradle/caches/modules-2/files-2.1/com.google.gms/google-services/3.1.0/166ae4e6acd03b7bbebe221ffa54bc039fece1b9/google-services-3.1.0.jar
7f8e5c097000-7f8e5c099000 r--s 0000d000 08:07 1094266                    /home/chivu/.gradle/caches/jars-2/mel54vauze7hczg2p6nebauqz8s53sj/gradle-2.3.3.jar
7f8e5c099000-7f8e5c09c000 ---p 00000000 00:00 0 
7f8e5c09c000-7f8e5c0d2000 rw-p 00000000 00:00 0 
7f8e5c0d2000-7f8e5c0d3000 r--p 00000000 00:00 0 
7f8e5c0d3000-7f8e5c2d3000 rw-p 00000000 00:00 0 
7f8e5c2d3000-7f8e5c4d3000 rw-p 00000000 00:00 0 
7f8e5c4d3000-7f8e5c6d3000 rw-p 00000000 00:00 0 
7f8e5c6d3000-7f8e5c8d3000 rw-p 00000000 00:00 0 
7f8e5c8d3000-7f8e5c94c000 r--s 010ed000 08:07 1201473                    /home/chivu/Downloads/android-studio-p/jre/lib/tools.jar
7f8e5c94c000-7f8e5cb4c000 rw-p 00000000 00:00 0 
7f8e5cb4c000-7f8e5cb4f000 ---p 00000000 00:00 0 
7f8e5cb4f000-7f8e5cc4d000 rw-p 00000000 00:00 0 
7f8e5cc4d000-7f8e5cc50000 ---p 00000000 00:00 0 
7f8e5cc50000-7f8e5cd4e000 rw-p 00000000 00:00 0 
7f8e5cd4e000-7f8e5cd51000 ---p 00000000 00:00 0 
7f8e5cd51000-7f8e5ce4f000 rw-p 00000000 00:00 0 
7f8e5ce4f000-7f8e5ce52000 ---p 00000000 00:00 0 
7f8e5ce52000-7f8e5cf50000 rw-p 00000000 00:00 0 
7f8e5cf50000-7f8e5cf53000 ---p 00000000 00:00 0 
7f8e5cf53000-7f8e5d251000 rw-p 00000000 00:00 0 
7f8e5d251000-7f8e5d254000 ---p 00000000 00:00 0 
7f8e5d254000-7f8e5d352000 rw-p 00000000 00:00 0 
7f8e5d352000-7f8e5d355000 ---p 00000000 00:00 0 
7f8e5d355000-7f8e5d453000 rw-p 00000000 00:00 0 
7f8e5d453000-7f8e5d45a000 r--s 00000000 08:07 1590595                    /usr/lib/x86_64-linux-gnu/gconv/gconv-modules.cache
7f8e5d45a000-7f8e5d65a000 rw-p 00000000 00:00 0 
7f8e5d65a000-7f8e5d65d000 ---p 00000000 00:00 0 
7f8e5d65d000-7f8e5d75b000 rw-p 00000000 00:00 0 
7f8e5d75b000-7f8e5d764000 r-xp 00000000 08:07 1201548                    /home/chivu/Downloads/android-studio-p/jre/jre/lib/amd64/libmanagement.so
7f8e5d764000-7f8e5d963000 ---p 00009000 08:07 1201548                    /home/chivu/Downloads/android-studio-p/jre/jre/lib/amd64/libmanagement.so
7f8e5d963000-7f8e5d964000 r--p 00008000 08:07 1201548                    /home/chivu/Downloads/android-studio-p/jre/jre/lib/amd64/libmanagement.so
7f8e5d964000-7f8e5d965000 rw-p 00009000 08:07 1201548                    /home/chivu/Downloads/android-studio-p/jre/jre/lib/amd64/libmanagement.so
7f8e5d965000-7f8e5d96a000 r--s 00098000 08:07 1201512                    /home/chivu/Downloads/android-studio-p/jre/jre/lib/jsse.jar
7f8e5d96a000-7f8e5d96c000 r--s 00007000 08:07 1189108                    /home/chivu/.gradle/wrapper/dists/gradle-3.3-all/55gk2rcmfc6p2dg9u9ohc3hw9/gradle-3.3/lib/plugins/gradle-tooling-api-builders-3.3.jar
7f8e5d96c000-7f8e5d96f000 r--s 00009000 08:07 1189101                    /home/chivu/.gradle/wrapper/dists/gradle-3.3-all/55gk2rcmfc6p2dg9u9ohc3hw9/gradle-3.3/lib/plugins/gradle-testing-native-3.3.jar
7f8e5d96f000-7f8e5d975000 r--s 00033000 08:07 1189176                    /home/chivu/.gradle/wrapper/dists/gradle-3.3-all/55gk2rcmfc6p2dg9u9ohc3hw9/gradle-3.3/lib/plugins/snakeyaml-1.6.jar
7f8e5d975000-7f8e5d977000 r--s 00006000 08:07 1189175                    /home/chivu/.gradle/wrapper/dists/gradle-3.3-all/55gk2rcmfc6p2dg9u9ohc3hw9/gradle-3.3/lib/plugins/jcommander-1.12.jar
7f8e5d977000-7f8e5d97c000 r--s 00040000 08:07 1189174                    /home/chivu/.gradle/wrapper/dists/gradle-3.3-all/55gk2rcmfc6p2dg9u9ohc3hw9/gradle-3.3/lib/plugins/bsh-2.0b4.jar
7f8e5d97c000-7f8e5d97e000 r--s 00009000 08:07 1189182                    /home/chivu/.gradle/wrapper/dists/gradle-3.3-all/55gk2rcmfc6p2dg9u9ohc3hw9/gradle-3.3/lib/plugins/hamcrest-core-1.3.jar
7f8e5d97e000-7f8e5d987000 r--s 00089000 08:07 1189133                    /home/chivu/.gradle/wrapper/dists/gradle-3.3-all/55gk2rcmfc6p2dg9u9ohc3hw9/gradle-3.3/lib/plugins/testng-6.3.1.jar
7f8e5d987000-7f8e5d98f000 r--s 00045000 08:07 1189132                    /home/chivu/.gradle/wrapper/dists/gradle-3.3-all/55gk2rcmfc6p2dg9u9ohc3hw9/gradle-3.3/lib/plugins/junit-4.12.jar
7f8e5d98f000-7f8e5d995000 r--s 0002e000 08:07 1189102                    /home/chivu/.gradle/wrapper/dists/gradle-3.3-all/55gk2rcmfc6p2dg9u9ohc3hw9/gradle-3.3/lib/plugins/gradle-testing-jvm-3.3.jar
7f8e5d995000-7f8e5d999000 r--s 00016000 08:07 1189100                    /home/chivu/.gradle/wrapper/dists/gradle-3.3-all/55gk2rcmfc6p2dg9u9ohc3hw9/gradle-3.3/lib/plugins/gradle-testing-base-3.3.jar
7f8e5d999000-7f8e5d9a0000 r--s 00038000 08:07 1189127                    /home/chivu/.gradle/wrapper/dists/gradle-3.3-all/55gk2rcmfc6p2dg9u9ohc3hw9/gradle-3.3/lib/plugins/bcpg-jdk15on-1.51.jar
7f8e5d9a0000-7f8e5d9a2000 r--s 0000c000 08:07 1189079                    /home/chivu/.gradle/wrapper/dists/gradle-3.3-all/55gk2rcmfc6p2dg9u9ohc3hw9/gradle-3.3/lib/plugins/gradle-signing-3.3.jar
7f8e5d9a2000-7f8e5d9a4000 r--s 00007000 08:07 1189078                    /home/chivu/.gradle/wrapper/dists/gradle-3.3-all/55gk2rcmfc6p2dg9u9ohc3hw9/gradle-3.3/lib/plugins/gradle-scala-3.3.jar
7f8e5d9a4000-7f8e5d9a5000 r--s 00004000 08:07 1189106                    /home/chivu/.gradle/wrapper/dists/gradle-3.3-all/55gk2rcmfc6p2dg9u9ohc3hw9/gradle-3.3/lib/plugins/gradle-resources-sftp-3.3.jar
7f8e5d9a5000-7f8e5d9b5000 r--s 00088000 08:07 1189143                    /home/chivu/.gradle/wrapper/dists/gradle-3.3-all/55gk2rcmfc6p2dg9u9ohc3hw9/gradle-3.3/lib/plugins/joda-time-2.8.2.jar
7f8e5d9b5000-7f8e5d9c6000 r--s 0010d000 08:07 1189142                    /home/chivu/.gradle/wrapper/dists/gradle-3.3-all/55gk2rcmfc6p2dg9u9ohc3hw9/gradle-3.3/lib/plugins/jackson-databind-2.6.6.jar
7f8e5d9c6000-7f8e5d9c9000 r--s 00009000 08:07 1189141                    /home/chivu/.gradle/wrapper/dists/gradle-3.3-all/55gk2rcmfc6p2dg9u9ohc3hw9/gradle-3.3/lib/plugins/jackson-annotations-2.6.6.jar
7f8e5d9c9000-7f8e5d9cd000 r--s 0003c000 08:07 1189140                    /home/chivu/.gradle/wrapper/dists/gradle-3.3-all/55gk2rcmfc6p2dg9u9ohc3hw9/gradle-3.3/lib/plugins/jackson-core-2.6.6.jar
7f8e5d9cd000-7f8e5d9db000 r--s 00087000 08:07 1189139                    /home/chivu/.gradle/wrapper/dists/gradle-3.3-all/55gk2rcmfc6p2dg9u9ohc3hw9/gradle-3.3/lib/plugins/aws-java-sdk-core-1.11.6.jar
7f8e5d9db000-7f8e5d9e2000 r--s 00057000 08:07 1189138                    /home/chivu/.gradle/wrapper/dists/gradle-3.3-all/55gk2rcmfc6p2dg9u9ohc3hw9/gradle-3.3/lib/plugins/aws-java-sdk-kms-1.11.6.jar
7f8e5d9e2000-7f8e5d9ef000 r--s 0008e000 08:07 1189137                    /home/chivu/.gradle/wrapper/dists/gradle-3.3-all/55gk2rcmfc6p2dg9u9ohc3hw9/gradle-3.3/lib/plugins/aws-java-sdk-s3-1.11.6.jar
7f8e5d9ef000-7f8e5d9f1000 r--s 00004000 08:07 1189107                    /home/chivu/.gradle/wrapper/dists/gradle-3.3-all/55gk2rcmfc6p2dg9u9ohc3hw9/gradle-3.3/lib/plugins/gradle-resources-s3-3.3.jar
7f8e5d9f1000-7f8e5d9f3000 r--s 00005000 08:07 1189131                    /home/chivu/.gradle/wrapper/dists/gradle-3.3-all/55gk2rcmfc6p2dg9u9ohc3hw9/gradle-3.3/lib/plugins/jatl-0.2.2.jar
7f8e5d9f3000-7f8e5d9f5000 r--s 0000f000 08:07 1189084                    /home/chivu/.gradle/wrapper/dists/gradle-3.3-all/55gk2rcmfc6p2dg9u9ohc3hw9/gradle-3.3/lib/plugins/gradle-reporting-3.3.jar
7f8e5d9f5000-7f8e5d9f7000 r--s 00002000 08:07 1189085                    /home/chivu/.gradle/wrapper/dists/gradle-3.3-all/55gk2rcmfc6p2dg9u9ohc3hw9/gradle-3.3/lib/plugins/gradle-publish-3.3.jar
7f8e5d9f7000-7f8e5d9f9000 r--s 00009000 08:07 1189114                    /home/chivu/.gradle/wrapper/dists/gradle-3.3-all/55gk2rcmfc6p2dg9u9ohc3hw9/gradle-3.3/lib/plugins/commons-cli-1.2.jar
7f8e5d9f9000-7f8e5d9ff000 r--s 00031000 08:07 1189070                    /home/chivu/.gradle/wrapper/dists/gradle-3.3-all/55gk2rcmfc6p2dg9u9ohc3hw9/gradle-3.3/lib/plugins/gradle-plugins-3.3.jar
7f8e5d9ff000-7f8e5da01000 r--s 00009000 08:07 1189103                    /home/chivu/.gradle/wrapper/dists/gradle-3.3-all/55gk2rcmfc6p2dg9u9ohc3hw9/gradle-3.3/lib/plugins/gradle-plugin-development-3.3.jar
7f8e5da01000-7f8e5da07000 r--s 0002b000 08:07 1189096                    /home/chivu/.gradle/wrapper/dists/gradle-3.3-all/55gk2rcmfc6p2dg9u9ohc3hw9/gradle-3.3/lib/plugins/gradle-platform-play-3.3.jar
7f8e5da07000-7f8e5da15000 r--s 00055000 08:07 1189095                    /home/chivu/.gradle/wrapper/dists/gradle-3.3-all/55gk2rcmfc6p2dg9u9ohc3hw9/gradle-3.3/lib/plugins/gradle-platform-native-3.3.jar
7f8e5da15000-7f8e5da1a000 r--s 0001f000 08:07 1189090                    /home/chivu/.gradle/wrapper/dists/gradle-3.3-all/55gk2rcmfc6p2dg9u9ohc3hw9/gradle-3.3/lib/plugins/gradle-platform-jvm-3.3.jar
7f8e5da1a000-7f8e5da22000 r--s 00027000 08:07 1189089                    /home/chivu/.gradle/wrapper/dists/gradle-3.3-all/55gk2rcmfc6p2dg9u9ohc3hw9/gradle-3.3/lib/plugins/gradle-platform-base-3.3.jar
7f8e5da22000-7f8e5da4a000 r--s 0021c000 08:07 1189122                    /home/chivu/.gradle/wrapper/dists/gradle-3.3-all/55gk2rcmfc6p2dg9u9ohc3hw9/gradle-3.3/lib/plugins/biz.aQute.bndlib-3.2.0.jar
7f8e5da4a000-7f8e5da4c000 r--s 00003000 08:07 1189074                    /home/chivu/.gradle/wrapper/dists/gradle-3.3-all/55gk2rcmfc6p2dg9u9ohc3hw9/gradle-3.3/lib/plugins/gradle-osgi-3.3.jar
7f8e5da4c000-7f8e5da4f000 r--s 0000c000 08:07 1189125                    /home/chivu/.gradle/wrapper/dists/gradle-3.3-all/55gk2rcmfc6p2dg9u9ohc3hw9/gradle-3.3/lib/plugins/pmaven-groovy-0.8-20100325.jar
7f8e5da4f000-7f8e5da50000 r--s 00004000 08:07 1189124                    /home/chivu/.gradle/wrapper/dists/gradle-3.3-all/55gk2rcmfc6p2dg9u9ohc3hw9/gradle-3.3/lib/plugins/pmaven-common-0.8-20100325.jar
7f8e5da50000-7f8e5da56000 r--s 00023000 08:07 1189075                    /home/chivu/.gradle/wrapper/dists/gradle-3.3-all/55gk2rcmfc6p2dg9u9ohc3hw9/gradle-3.3/lib/plugins/gradle-maven-3.3.jar
7f8e5da56000-7f8e5da59000 r--s 0000b000 08:07 1189094                    /home/chivu/.gradle/wrapper/dists/gradle-3.3-all/55gk2rcmfc6p2dg9u9ohc3hw9/gradle-3.3/lib/plugins/gradle-language-scala-3.3.jar
7f8e5da59000-7f8e5da5f000 r--s 0001a000 08:07 1189098                    /home/chivu/.gradle/wrapper/dists/gradle-3.3-all/55gk2rcmfc6p2dg9u9ohc3hw9/gradle-3.3/lib/plugins/gradle-language-native-3.3.jar
7f8e5da5f000-7f8e5da62000 r--s 00005000 08:07 1189091                    /home/chivu/.gradle/wrapper/dists/gradle-3.3-all/55gk2rcmfc6p2dg9u9ohc3hw9/gradle-3.3/lib/plugins/gradle-language-jvm-3.3.jar
7f8e5da62000-7f8e5da68000 r--s 00027000 08:07 1189092                    /home/chivu/.gradle/wrapper/dists/gradle-3.3-all/55gk2rcmfc6p2dg9u9ohc3hw9/gradle-3.3/lib/plugins/gradle-language-java-3.3.jar
7f8e5da68000-7f8e5da6a000 r--s 0000a000 08:07 1189093                    /home/chivu/.gradle/wrapper/dists/gradle-3.3-all/55gk2rcmfc6p2dg9u9ohc3hw9/gradle-3.3/lib/plugins/gradle-language-groovy-3.3.jar
7f8e5da6a000-7f8e5da6d000 r--s 0001e000 08:07 1189149                    /home/chivu/.gradle/wrapper/dists/gradle-3.3-all/55gk2rcmfc6p2dg9u9ohc3hw9/gradle-3.3/lib/plugins/jsp-api-2.1-6.1.14.jar
7f8e5da6d000-7f8e5da90000 r--s 00344000 08:07 1189148                    /home/chivu/.gradle/wrapper/dists/gradle-3.3-all/55gk2rcmfc6p2dg9u9ohc3hw9/gradle-3.3/lib/plugins/core-3.1.1.jar
7f8e5da90000-7f8e5da91000 r--s 00006000 08:07 1189147                    /home/chivu/.gradle/wrapper/dists/gradle-3.3-all/55gk2rcmfc6p2dg9u9ohc3hw9/gradle-3.3/lib/plugins/jetty-naming-6.1.26.jar
7f8e5da91000-7f8e5da92000 r--s 00002000 08:07 1189121                    /home/chivu/.gradle/wrapper/dists/gradle-3.3-all/55gk2rcmfc6p2dg9u9ohc3hw9/gradle-3.3/lib/plugins/geronimo-annotation_1.0_spec-1.0.jar
7f8e5da92000-7f8e5da94000 r--s 00002000 08:07 1189120                    /home/chivu/.gradle/wrapper/dists/gradle-3.3-all/55gk2rcmfc6p2dg9u9ohc3hw9/gradle-3.3/lib/plugins/jetty-annotations-6.1.26.jar
7f8e5da94000-7f8e5daa5000 r--s 000ea000 08:07 1189119                    /home/chivu/.gradle/wrapper/dists/gradle-3.3-all/55gk2rcmfc6p2dg9u9ohc3hw9/gradle-3.3/lib/plugins/jsp-2.1-6.1.14.jar
7f8e5daa5000-7f8e5daa7000 r--s 0000d000 08:07 1189118                    /home/chivu/.gradle/wrapper/dists/gradle-3.3-all/55gk2rcmfc6p2dg9u9ohc3hw9/gradle-3.3/lib/plugins/jetty-plus-6.1.26.jar
7f8e5daa7000-7f8e5daa9000 r--s 0001f000 08:07 1189117                    /home/chivu/.gradle/wrapper/dists/gradle-3.3-all/55gk2rcmfc6p2dg9u9ohc3hw9/gradle-3.3/lib/plugins/servlet-api-2.5-20081211.jar
7f8e5daa9000-7f8e5daad000 r--s 00028000 08:07 1189116                    /home/chivu/.gradle/wrapper/dists/gradle-3.3-all/55gk2rcmfc6p2dg9u9ohc3hw9/gradle-3.3/lib/plugins/jetty-util-6.1.26.jar
7f8e5daad000-7f8e5dab4000 r--s 0007d000 08:07 1189115                    /home/chivu/.gradle/wrapper/dists/gradle-3.3-all/55gk2rcmfc6p2dg9u9ohc3hw9/gradle-3.3/lib/plugins/jetty-6.1.26.jar
7f8e5dab4000-7f8e5dab6000 r--s 0000a000 08:07 1189072                    /home/chivu/.gradle/wrapper/dists/gradle-3.3-all/55gk2rcmfc6p2dg9u9ohc3hw9/gradle-3.3/lib/plugins/gradle-jetty-3.3.jar
7f8e5dab6000-7f8e5dabd000 r--s 00035000 08:07 1189130                    /home/chivu/.gradle/wrapper/dists/gradle-3.3-all/55gk2rcmfc6p2dg9u9ohc3hw9/gradle-3.3/lib/plugins/simple-4.1.21.jar
7f8e5dabd000-7f8e5dac9000 r--s 00100000 08:07 1189128                    /home/chivu/.gradle/wrapper/dists/gradle-3.3-all/55gk2rcmfc6p2dg9u9ohc3hw9/gradle-3.3/lib/plugins/rhino-1.7R3.jar
7f8e5dac9000-7f8e5dacd000 r--s 00012000 08:07 1189081                    /home/chivu/.gradle/wrapper/dists/gradle-3.3-all/55gk2rcmfc6p2dg9u9ohc3hw9/gradle-3.3/lib/plugins/gradle-javascript-3.3.jar
7f8e5dacd000-7f8e5dacf000 r--s 0000d000 08:07 1189087                    /home/chivu/.gradle/wrapper/dists/gradle-3.3-all/55gk2rcmfc6p2dg9u9ohc3hw9/gradle-3.3/lib/plugins/gradle-jacoco-3.3.jar
7f8e5dacf000-7f8e5dad2000 r--s 0000e000 08:07 1189086                    /home/chivu/.gradle/wrapper/dists/gradle-3.3-all/55gk2rcmfc6p2dg9u9ohc3hw9/gradle-3.3/lib/plugins/gradle-ivy-3.3.jar
7f8e5dad2000-7f8e5dad3000 r--s 00002000 08:07 1189097                    /home/chivu/.gradle/wrapper/dists/gradle-3.3-all/55gk2rcmfc6p2dg9u9ohc3hw9/gradle-3.3/lib/plugins/gradle-ide-play-3.3.jar
7f8e5dad3000-7f8e5dad6000 r--s 00013000 08:07 1189099                    /home/chivu/.gradle/wrapper/dists/gradle-3.3-all/55gk2rcmfc6p2dg9u9ohc3hw9/gradle-3.3/lib/plugins/gradle-ide-native-3.3.jar
7f8e5dad6000-7f8e5dadf000 r--s 00055000 08:07 1189076                    /home/chivu/.gradle/wrapper/dists/gradle-3.3-all/55gk2rcmfc6p2dg9u9ohc3hw9/gradle-3.3/lib/plugins/gradle-ide-3.3.jar
7f8e5dadf000-7f8e5dae1000 r--s 00007000 08:07 1189080                    /home/chivu/.gradle/wrapper/dists/gradle-3.3-all/55gk2rcmfc6p2dg9u9ohc3hw9/gradle-3.3/lib/plugins/gradle-ear-3.3.jar
7f8e5dae1000-7f8e5dae7000 r--s 00039000 08:07 1189083                    /home/chivu/.gradle/wrapper/dists/gradle-3.3-all/55gk2rcmfc6p2dg9u9ohc3hw9/gradle-3.3/lib/plugins/gradle-diagnostics-3.3.jar
7f8e5dae7000-7f8e5dae8000 r--s 00009000 08:07 1189109                    /home/chivu/.gradle/wrapper/dists/gradle-3.3-all/55gk2rcmfc6p2dg9u9ohc3hw9/gradle-3.3/lib/plugins/gradle-composite-builds-3.3.jar
7f8e5dae8000-7f8e5daec000 r--s 00023000 08:07 1189071                    /home/chivu/.gradle/wrapper/dists/gradle-3.3-all/55gk2rcmfc6p2dg9u9ohc3hw9/gradle-3.3/lib/plugins/gradle-code-quality-3.3.jar
7f8e5daec000-7f8e5daf0000 r--s 00022000 08:07 1189088                    /home/chivu/.gradle/wrapper/dists/gradle-3.3-all/55gk2rcmfc6p2dg9u9ohc3hw9/gradle-3.3/lib/plugins/gradle-build-init-3.3.jar
7f8e5daf0000-7f8e5daf6000 r--s 0008e000 08:07 1189082                    /home/chivu/.gradle/wrapper/dists/gradle-3.3-all/55gk2rcmfc6p2dg9u9ohc3hw9/gradle-3.3/lib/plugins/gradle-build-comparison-3.3.jar
7f8e5daf6000-7f8e5daf7000 r--s 00001000 08:07 1189110                    /home/chivu/.gradle/wrapper/dists/gradle-3.3-all/55gk2rcmfc6p2dg9u9ohc3hw9/gradle-3.3/lib/plugins/gradle-build-cache-http-3.3.jar
7f8e5daf7000-7f8e5daf9000 r--s 00008000 08:07 1189073                    /home/chivu/.gradle/wrapper/dists/gradle-3.3-all/55gk2rcmfc6p2dg9u9ohc3hw9/gradle-3.3/lib/plugins/gradle-antlr-3.3.jar
7f8e5daf9000-7f8e5dafb000 r--s 00004000 08:07 1189077                    /home/chivu/.gradle/wrapper/dists/gradle-3.3-all/55gk2rcmfc6p2dg9u9ohc3hw9/gradle-3.3/lib/plugins/gradle-announce-3.3.jar
7f8e5dafb000-7f8e5db13000 r--s 00115000 08:07 1189179                    /home/chivu/.gradle/wrapper/dists/gradle-3.3-all/55gk2rcmfc6p2dg9u9ohc3hw9/gradle-3.3/lib/plugins/xercesImpl-2.9.1.jar
7f8e5db13000-7f8e5db1b000 r--s 00028000 08:07 1189180                    /home/chivu/.gradle/wrapper/dists/gradle-3.3-all/55gk2rcmfc6p2dg9u9ohc3hw9/gradle-3.3/lib/plugins/xml-apis-1.3.04.jar
7f8e5db1b000-7f8e5db21000 r--s 0005b000 08:07 1189178                    /home/chivu/.gradle/wrapper/dists/gradle-3.3-all/55gk2rcmfc6p2dg9u9ohc3hw9/gradle-3.3/lib/plugins/jcifs-1.3.17.jar
7f8e5db21000-7f8e5db27000 r--s 00033000 08:07 1189126                    /home/chivu/.gradle/wrapper/dists/gradle-3.3-all/55gk2rcmfc6p2dg9u9ohc3hw9/gradle-3.3/lib/plugins/commons-codec-1.6.jar
7f8e5db27000-7f8e5db2e000 r--s 00049000 08:07 1189177                    /home/chivu/.gradle/wrapper/dists/gradle-3.3-all/55gk2rcmfc6p2dg9u9ohc3hw9/gradle-3.3/lib/plugins/httpcore-4.4.4.jar
7f8e5db2e000-7f8e5db31000 r--s 0001c000 08:07 1189135                    /home/chivu/.gradle/wrapper/dists/gradle-3.3-all/55gk2rcmfc6p2dg9u9ohc3hw9/gradle-3.3/lib/plugins/nekohtml-1.9.14.jar
7f8e5db31000-7f8e5db3e000 r--s 000a4000 08:07 1189134                    /home/chivu/.gradle/wrapper/dists/gradle-3.3-all/55gk2rcmfc6p2dg9u9ohc3hw9/gradle-3.3/lib/plugins/httpclient-4.4.1.jar
7f8e5db3e000-7f8e5db41000 r--s 0000a000 08:07 1189105                    /home/chivu/.gradle/wrapper/dists/gradle-3.3-all/55gk2rcmfc6p2dg9u9ohc3hw9/gradle-3.3/lib/plugins/gradle-resources-http-3.3.jar
7f8e5db41000-7f8e5db45000 r--s 00015000 08:07 1189104                    /home/chivu/.gradle/wrapper/dists/gradle-3.3-all/55gk2rcmfc6p2dg9u9ohc3hw9/gradle-3.3/lib/plugins/gradle-plugin-use-3.3.jar
7f8e5db45000-7f8e5db46000 r--s 00000000 08:07 1189016                    /home/chivu/.gradle/wrapper/dists/gradle-3.3-all/55gk2rcmfc6p2dg9u9ohc3hw9/gradle-3.3/lib/gradle-installation-beacon-3.3.jar
7f8e5db46000-7f8e5db48000 r--s 00006000 08:07 1189173                    /home/chivu/.gradle/wrapper/dists/gradle-3.3-all/55gk2rcmfc6p2dg9u9ohc3hw9/gradle-3.3/lib/plugins/aether-connector-wagon-1.13.1.jar
7f8e5db48000-7f8e5db4c000 r--s 0001c000 08:07 1189172                    /home/chivu/.gradle/wrapper/dists/gradle-3.3-all/55gk2rcmfc6p2dg9u9ohc3hw9/gradle-3.3/lib/plugins/aether-util-1.13.1.jar
7f8e5db4c000-7f8e5db4d000 r--s 00003000 08:07 1189171                    /home/chivu/.gradle/wrapper/dists/gradle-3.3-all/55gk2rcmfc6p2dg9u9ohc3hw9/gradle-3.3/lib/plugins/aether-spi-1.13.1.jar
7f8e5db4d000-7f8e5db50000 r--s 0001d000 08:07 1189170                    /home/chivu/.gradle/wrapper/dists/gradle-3.3-all/55gk2rcmfc6p2dg9u9ohc3hw9/gradle-3.3/lib/plugins/aether-impl-1.13.1.jar
7f8e5db50000-7f8e5db53000 r--s 00013000 08:07 1189169                    /home/chivu/.gradle/wrapper/dists/gradle-3.3-all/55gk2rcmfc6p2dg9u9ohc3hw9/gradle-3.3/lib/plugins/aether-api-1.13.1.jar
7f8e5db53000-7f8e5db54000 r--s 00007000 08:07 1189168                    /home/chivu/.gradle/wrapper/dists/gradle-3.3-all/55gk2rcmfc6p2dg9u9ohc3hw9/gradle-3.3/lib/plugins/wagon-http-shared4-2.4.jar
7f8e5db54000-7f8e5db56000 r--s 0000b000 08:07 1189167                    /home/chivu/.gradle/wrapper/dists/gradle-3.3-all/55gk2rcmfc6p2dg9u9ohc3hw9/gradle-3.3/lib/plugins/wagon-provider-api-2.4.jar
7f8e5db56000-7f8e5db57000 r--s 00002000 08:07 1189166                    /home/chivu/.gradle/wrapper/dists/gradle-3.3-all/55gk2rcmfc6p2dg9u9ohc3hw9/gradle-3.3/lib/plugins/wagon-http-2.4.jar
7f8e5db57000-7f8e5db58000 r--s 00002000 08:07 1189165                    /home/chivu/.gradle/wrapper/dists/gradle-3.3-all/55gk2rcmfc6p2dg9u9ohc3hw9/gradle-3.3/lib/plugins/wagon-file-2.4.jar
7f8e5db58000-7f8e5db5a000 r--s 0000c000 08:07 1189164                    /home/chivu/.gradle/wrapper/dists/gradle-3.3-all/55gk2rcmfc6p2dg9u9ohc3hw9/gradle-3.3/lib/plugins/maven-aether-provider-3.0.4.jar
7f8e5db5a000-7f8e5db5c000 r--s 0000b000 08:07 1189163                    /home/chivu/.gradle/wrapper/dists/gradle-3.3-all/55gk2rcmfc6p2dg9u9ohc3hw9/gradle-3.3/lib/plugins/maven-plugin-api-3.0.4.jar
7f8e5db5c000-7f8e5db5e000 r--s 00006000 08:07 1189162                    /home/chivu/.gradle/wrapper/dists/gradle-3.3-all/55gk2rcmfc6p2dg9u9ohc3hw9/gradle-3.3/lib/plugins/maven-repository-metadata-3.0.4.jar
7f8e5db5e000-7f8e5db60000 r--s 0000b000 08:07 1189161                    /home/chivu/.gradle/wrapper/dists/gradle-3.3-all/55gk2rcmfc6p2dg9u9ohc3hw9/gradle-3.3/lib/plugins/maven-artifact-3.0.4.jar
7f8e5db60000-7f8e5db62000 r--s 00026000 08:07 1189160                    /home/chivu/.gradle/wrapper/dists/gradle-3.3-all/55gk2rcmfc6p2dg9u9ohc3hw9/gradle-3.3/lib/plugins/maven-model-3.0.4.jar
7f8e5db62000-7f8e5db66000 r--s 00021000 08:07 1189159                    /home/chivu/.gradle/wrapper/dists/gradle-3.3-all/55gk2rcmfc6p2dg9u9ohc3hw9/gradle-3.3/lib/plugins/maven-model-builder-3.0.4.jar
7f8e5db66000-7f8e5db6c000 r--s 0003f000 08:07 1189158                    /home/chivu/.gradle/wrapper/dists/gradle-3.3-all/55gk2rcmfc6p2dg9u9ohc3hw9/gradle-3.3/lib/plugins/maven-compat-3.0.4.jar
7f8e5db6c000-7f8e5db6d000 r--s 00006000 08:07 1189157                    /home/chivu/.gradle/wrapper/dists/gradle-3.3-all/55gk2rcmfc6p2dg9u9ohc3hw9/gradle-3.3/lib/plugins/plexus-sec-dispatcher-1.3.jar
7f8e5db6d000-7f8e5db6f000 r--s 00002000 08:07 1189156                    /home/chivu/.gradle/wrapper/dists/gradle-3.3-all/55gk2rcmfc6p2dg9u9ohc3hw9/gradle-3.3/lib/plugins/plexus-cipher-1.7.jar
7f8e5db6f000-7f8e5db71000 r--s 0000a000 08:07 1189155                    /home/chivu/.gradle/wrapper/dists/gradle-3.3-all/55gk2rcmfc6p2dg9u9ohc3hw9/gradle-3.3/lib/plugins/plexus-classworlds-2.4.jar
7f8e5db71000-7f8e5db78000 r--s 0002e000 08:07 1189154                    /home/chivu/.gradle/wrapper/dists/gradle-3.3-all/55gk2rcmfc6p2dg9u9ohc3hw9/gradle-3.3/lib/plugins/plexus-container-default-1.5.5.jar
7f8e5db78000-7f8e5db7a000 r--s 00000000 08:07 1189181                    /home/chivu/.gradle/wrapper/dists/gradle-3.3-all/55gk2rcmfc6p2dg9u9ohc3hw9/gradle-3.3/lib/plugins/plexus-component-annotations-1.5.5.jar
7f8e5db7a000-7f8e5db7c000 r--s 0000d000 08:07 1189153                    /home/chivu/.gradle/wrapper/dists/gradle-3.3-all/55gk2rcmfc6p2dg9u9ohc3hw9/gradle-3.3/lib/plugins/plexus-interpolation-1.14.jar
7f8e5db7c000-7f8e5db80000 r--s 00033000 08:07 1189152                    /home/chivu/.gradle/wrapper/dists/gradle-3.3-all/55gk2rcmfc6p2dg9u9ohc3hw9/gradle-3.3/lib/plugins/plexus-utils-2.0.6.jar
7f8e5db80000-7f8e5db83000 r--s 00008000 08:07 1189151                    /home/chivu/.gradle/wrapper/dists/gradle-3.3-all/55gk2rcmfc6p2dg9u9ohc3hw9/gradle-3.3/lib/plugins/maven-settings-builder-3.0.4.jar
7f8e5db83000-7f8e5db88000 r--s 00040000 08:07 1189136                    /home/chivu/.gradle/wrapper/dists/gradle-3.3-all/55gk2rcmfc6p2dg9u9ohc3hw9/gradle-3.3/lib/plugins/jsch-0.1.53.jar
7f8e5db88000-7f8e5dbc8000 r--s 00277000 08:07 1189146                    /home/chivu/.gradle/wrapper/dists/gradle-3.3-all/55gk2rcmfc6p2dg9u9ohc3hw9/gradle-3.3/lib/plugins/bcprov-jdk15on-1.51.jar
7f8e5dbc8000-7f8e5dbd4000 r--s 0007d000 08:07 1189123                    /home/chivu/.gradle/wrapper/dists/gradle-3.3-all/55gk2rcmfc6p2dg9u9ohc3hw9/gradle-3.3/lib/plugins/maven-core-3.0.4.jar
7f8e5dbd4000-7f8e5dbf3000 r--s 000f6000 08:07 1189112                    /home/chivu/.gradle/wrapper/dists/gradle-3.3-all/55gk2rcmfc6p2dg9u9ohc3hw9/gradle-3.3/lib/plugins/gradle-dependency-management-3.3.jar
7f8e5dbf3000-7f8e5dc09000 r-xp 00000000 08:07 529479                     /lib/x86_64-linux-gnu/libgcc_s.so.1
7f8e5dc09000-7f8e5de08000 ---p 00016000 08:07 529479                     /lib/x86_64-linux-gnu/libgcc_s.so.1
7f8e5de08000-7f8e5de09000 rw-p 00015000 08:07 529479                     /lib/x86_64-linux-gnu/libgcc_s.so.1
7f8e5de09000-7f8e5df7b000 r-xp 00000000 08:07 1312856                    /usr/lib/x86_64-linux-gnu/libstdc++.so.6.0.21
7f8e5df7b000-7f8e5e17b000 ---p 00172000 08:07 1312856                    /usr/lib/x86_64-linux-gnu/libstdc++.so.6.0.21
7f8e5e17b000-7f8e5e185000 r--p 00172000 08:07 1312856                    /usr/lib/x86_64-linux-gnu/libstdc++.so.6.0.21
7f8e5e185000-7f8e5e187000 rw-p 0017c000 08:07 1312856                    /usr/lib/x86_64-linux-gnu/libstdc++.so.6.0.21
7f8e5e187000-7f8e5e18b000 rw-p 00000000 00:00 0 
7f8e5e18b000-7f8e5e18d000 r--s 0000a000 08:07 1189150                    /home/chivu/.gradle/wrapper/dists/gradle-3.3-all/55gk2rcmfc6p2dg9u9ohc3hw9/gradle-3.3/lib/plugins/maven-settings-3.0.4.jar
7f8e5e18d000-7f8e5e191000 r--s 0001d000 08:07 1189145                    /home/chivu/.gradle/wrapper/dists/gradle-3.3-all/55gk2rcmfc6p2dg9u9ohc3hw9/gradle-3.3/lib/plugins/xbean-reflect-3.4.jar
7f8e5e191000-7f8e5e196000 r--s 00034000 08:07 1189129                    /home/chivu/.gradle/wrapper/dists/gradle-3.3-all/55gk2rcmfc6p2dg9u9ohc3hw9/gradle-3.3/lib/plugins/gson-2.7.jar
7f8e5e196000-7f8e5e1a5000 r--s 000d9000 08:07 1189144                    /home/chivu/.gradle/wrapper/dists/gradle-3.3-all/55gk2rcmfc6p2dg9u9ohc3hw9/gradle-3.3/lib/plugins/ivy-2.2.0.jar
7f8e5e1a5000-7f8e5e1a7000 r--s 00005000 08:07 1189111                    /home/chivu/.gradle/wrapper/dists/gradle-3.3-all/55gk2rcmfc6p2dg9u9ohc3hw9/gradle-3.3/lib/plugins/gradle-workers-3.3.jar
7f8e5e1a7000-7f8e5e1ac000 r-xp 00000000 08:07 932602                     /home/chivu/.gradle/native/23/linux-amd64/libnative-platform.so
7f8e5e1ac000-7f8e5e3ab000 ---p 00005000 08:07 932602                     /home/chivu/.gradle/native/23/linux-amd64/libnative-platform.so
7f8e5e3ab000-7f8e5e3ac000 rw-p 00004000 08:07 932602                     /home/chivu/.gradle/native/23/linux-amd64/libnative-platform.so
7f8e5e3ac000-7f8e5e3bd000 r-xp 00000000 08:07 1201545                    /home/chivu/Downloads/android-studio-p/jre/jre/lib/amd64/libnio.so
7f8e5e3bd000-7f8e5e5bc000 ---p 00011000 08:07 1201545                    /home/chivu/Downloads/android-studio-p/jre/jre/lib/amd64/libnio.so
7f8e5e5bc000-7f8e5e5bd000 r--p 00010000 08:07 1201545                    /home/chivu/Downloads/android-studio-p/jre/jre/lib/amd64/libnio.so
7f8e5e5bd000-7f8e5e5be000 rw-p 00011000 08:07 1201545                    /home/chivu/Downloads/android-studio-p/jre/jre/lib/amd64/libnio.so
7f8e5e5be000-7f8e5e8bf000 rw-p 00000000 00:00 0 
7f8e5e8bf000-7f8e5e8d6000 r-xp 00000000 08:07 1201544                    /home/chivu/Downloads/android-studio-p/jre/jre/lib/amd64/libnet.so
7f8e5e8d6000-7f8e5ead5000 ---p 00017000 08:07 1201544                    /home/chivu/Downloads/android-studio-p/jre/jre/lib/amd64/libnet.so
7f8e5ead5000-7f8e5ead6000 r--p 00016000 08:07 1201544                    /home/chivu/Downloads/android-studio-p/jre/jre/lib/amd64/libnet.so
7f8e5ead6000-7f8e5ead7000 rw-p 00017000 08:07 1201544                    /home/chivu/Downloads/android-studio-p/jre/jre/lib/amd64/libnet.so
7f8e5ead7000-7f8e5ead8000 r--s 00006000 08:07 1189015                    /home/chivu/.gradle/wrapper/dists/gradle-3.3-all/55gk2rcmfc6p2dg9u9ohc3hw9/gradle-3.3/lib/gradle-wrapper-3.3.jar
7f8e5ead8000-7f8e5eae5000 r--s 00041000 08:07 1189022                    /home/chivu/.gradle/wrapper/dists/gradle-3.3-all/55gk2rcmfc6p2dg9u9ohc3hw9/gradle-3.3/lib/gradle-tooling-api-3.3.jar
7f8e5eae5000-7f8e5eae7000 r--s 00002000 08:07 1189042                    /home/chivu/.gradle/wrapper/dists/gradle-3.3-all/55gk2rcmfc6p2dg9u9ohc3hw9/gradle-3.3/lib/gradle-open-api-3.3.jar
7f8e5eae7000-7f8e5eaed000 r--s 00032000 08:07 1189044                    /home/chivu/.gradle/wrapper/dists/gradle-3.3-all/55gk2rcmfc6p2dg9u9ohc3hw9/gradle-3.3/lib/jaxen-1.1.jar
7f8e5eaed000-7f8e5eaf2000 r--s 00048000 08:07 1189043                    /home/chivu/.gradle/wrapper/dists/gradle-3.3-all/55gk2rcmfc6p2dg9u9ohc3hw9/gradle-3.3/lib/dom4j-1.6.1.jar
7f8e5eaf2000-7f8e5eafd000 r--s 00059000 08:07 1189021                    /home/chivu/.gradle/wrapper/dists/gradle-3.3-all/55gk2rcmfc6p2dg9u9ohc3hw9/gradle-3.3/lib/gradle-ui-3.3.jar
7f8e5eafd000-7f8e5eb06000 r--s 0008c000 08:07 1189013                    /home/chivu/.gradle/wrapper/dists/gradle-3.3-all/55gk2rcmfc6p2dg9u9ohc3hw9/gradle-3.3/lib/kotlin-stdlib-1.1-M02.jar
7f8e5eb06000-7f8e5eb0c000 r--s 0002a000 08:07 1189012                    /home/chivu/.gradle/wrapper/dists/gradle-3.3-all/55gk2rcmfc6p2dg9u9ohc3hw9/gradle-3.3/lib/kotlin-runtime-1.1-M02.jar
7f8e5eb0c000-7f8e5eb40000 r--s 00256000 08:07 1189011                    /home/chivu/.gradle/wrapper/dists/gradle-3.3-all/55gk2rcmfc6p2dg9u9ohc3hw9/gradle-3.3/lib/kotlin-reflect-1.1-M02.jar
7f8e5eb40000-7f8e5ecd6000 r--s 0157e000 08:07 1189010                    /home/chivu/.gradle/wrapper/dists/gradle-3.3-all/55gk2rcmfc6p2dg9u9ohc3hw9/gradle-3.3/lib/kotlin-compiler-embeddable-1.1-M02.jar
7f8e5ecd6000-7f8e5ecde000 r--s 0004e000 08:07 1189009                    /home/chivu/.gradle/wrapper/dists/gradle-3.3-all/55gk2rcmfc6p2dg9u9ohc3hw9/gradle-3.3/lib/gradle-script-kotlin-0.5.1.jar
7f8e5ecde000-7f8e5ece1000 r--s 0000b000 08:07 1189040                    /home/chivu/.gradle/wrapper/dists/gradle-3.3-all/55gk2rcmfc6p2dg9u9ohc3hw9/gradle-3.3/lib/gradle-resources-3.3.jar
7f8e5ece1000-7f8e5ece3000 r--s 00003000 08:07 1189049                    /home/chivu/.gradle/wrapper/dists/gradle-3.3-all/55gk2rcmfc6p2dg9u9ohc3hw9/gradle-3.3/lib/jcl-over-slf4j-1.7.10.jar
7f8e5ece3000-7f8e5ece4000 r--s 00005000 08:07 1189048                    /home/chivu/.gradle/wrapper/dists/gradle-3.3-all/55gk2rcmfc6p2dg9u9ohc3hw9/gradle-3.3/lib/log4j-over-slf4j-1.7.10.jar
7f8e5ece4000-7f8e5ece6000 r--s 00000000 08:07 1189047                    /home/chivu/.gradle/wrapper/dists/gradle-3.3-all/55gk2rcmfc6p2dg9u9ohc3hw9/gradle-3.3/lib/jul-to-slf4j-1.7.10.jar
7f8e5ece6000-7f8e5eceb000 r--s 0001e000 08:07 1189024                    /home/chivu/.gradle/wrapper/dists/gradle-3.3-all/55gk2rcmfc6p2dg9u9ohc3hw9/gradle-3.3/lib/gradle-logging-3.3.jar
7f8e5eceb000-7f8e5eced000 r--s 00007000 08:07 1189068                    /home/chivu/.gradle/wrapper/dists/gradle-3.3-all/55gk2rcmfc6p2dg9u9ohc3hw9/gradle-3.3/lib/objenesis-1.2.jar
7f8e5eced000-7f8e5ecef000 r--s 00000000 08:07 1189067                    /home/chivu/.gradle/wrapper/dists/gradle-3.3-all/55gk2rcmfc6p2dg9u9ohc3hw9/gradle-3.3/lib/minlog-1.2.jar
7f8e5ecef000-7f8e5ecf1000 r--s 0000f000 08:07 1189066                    /home/chivu/.gradle/wrapper/dists/gradle-3.3-all/55gk2rcmfc6p2dg9u9ohc3hw9/gradle-3.3/lib/reflectasm-1.07-shaded.jar
7f8e5ecf1000-7f8e5ecf5000 r--s 00026000 08:07 1189051                    /home/chivu/.gradle/wrapper/dists/gradle-3.3-all/55gk2rcmfc6p2dg9u9ohc3hw9/gradle-3.3/lib/kryo-2.20.jar
7f8e5ecf5000-7f8e5ecfb000 r--s 00027000 08:07 1189039                    /home/chivu/.gradle/wrapper/dists/gradle-3.3-all/55gk2rcmfc6p2dg9u9ohc3hw9/gradle-3.3/lib/gradle-messaging-3.3.jar
7f8e5ecfb000-7f8e5ecfc000 r--s 00001000 08:07 1189065                    /home/chivu/.gradle/wrapper/dists/gradle-3.3-all/55gk2rcmfc6p2dg9u9ohc3hw9/gradle-3.3/lib/native-platform-linux-i386-ncurses6-0.12.jar
7f8e5ecfc000-7f8e5ecfd000 r--s 00001000 08:07 1189064                    /home/chivu/.gradle/wrapper/dists/gradle-3.3-all/55gk2rcmfc6p2dg9u9ohc3hw9/gradle-3.3/lib/native-platform-linux-i386-ncurses5-0.12.jar
7f8e5ecfd000-7f8e5ecfe000 r--s 00001000 08:07 1189063                    /home/chivu/.gradle/wrapper/dists/gradle-3.3-all/55gk2rcmfc6p2dg9u9ohc3hw9/gradle-3.3/lib/native-platform-linux-amd64-ncurses6-0.12.jar
7f8e5ecfe000-7f8e5ecff000 r--s 00001000 08:07 1189062                    /home/chivu/.gradle/wrapper/dists/gradle-3.3-all/55gk2rcmfc6p2dg9u9ohc3hw9/gradle-3.3/lib/native-platform-linux-amd64-ncurses5-0.12.jar
7f8e5ecff000-7f8e5ed00000 r--s 0000b000 08:07 1189061                    /home/chivu/.gradle/wrapper/dists/gradle-3.3-all/55gk2rcmfc6p2dg9u9ohc3hw9/gradle-3.3/lib/native-platform-windows-i386-0.12.jar
7f8e5ed00000-7f8e5ed02000 r--s 0000b000 08:07 1189060                    /home/chivu/.gradle/wrapper/dists/gradle-3.3-all/55gk2rcmfc6p2dg9u9ohc3hw9/gradle-3.3/lib/native-platform-windows-amd64-0.12.jar
7f8e5ed02000-7f8e5ed04000 r--s 00002000 08:07 1189059                    /home/chivu/.gradle/wrapper/dists/gradle-3.3-all/55gk2rcmfc6p2dg9u9ohc3hw9/gradle-3.3/lib/native-platform-osx-i386-0.12.jar
7f8e5ed04000-7f8e5ed05000 r--s 00002000 08:07 1189058                    /home/chivu/.gradle/wrapper/dists/gradle-3.3-all/55gk2rcmfc6p2dg9u9ohc3hw9/gradle-3.3/lib/native-platform-osx-amd64-0.12.jar
7f8e5ed05000-7f8e5ed06000 r--s 00002000 08:07 1189057                    /home/chivu/.gradle/wrapper/dists/gradle-3.3-all/55gk2rcmfc6p2dg9u9ohc3hw9/gradle-3.3/lib/native-platform-linux-i386-0.12.jar
7f8e5ed06000-7f8e5ed07000 r--s 00002000 08:07 1189056                    /home/chivu/.gradle/wrapper/dists/gradle-3.3-all/55gk2rcmfc6p2dg9u9ohc3hw9/gradle-3.3/lib/native-platform-linux-amd64-0.12.jar
7f8e5ed07000-7f8e5ed08000 r--s 00003000 08:07 1189055                    /home/chivu/.gradle/wrapper/dists/gradle-3.3-all/55gk2rcmfc6p2dg9u9ohc3hw9/gradle-3.3/lib/native-platform-freebsd-i386-libstdcpp-0.12.jar
7f8e5ed08000-7f8e5ed09000 r--s 00004000 08:07 1189054                    /home/chivu/.gradle/wrapper/dists/gradle-3.3-all/55gk2rcmfc6p2dg9u9ohc3hw9/gradle-3.3/lib/native-platform-freebsd-i386-libcpp-0.12.jar
7f8e5ed09000-7f8e5ed18000 r--s 0007f000 08:07 1189030                    /home/chivu/.gradle/wrapper/dists/gradle-3.3-all/55gk2rcmfc6p2dg9u9ohc3hw9/gradle-3.3/lib/gradle-model-core-3.3.jar
7f8e5ed18000-7f8e5ed19000 ---p 00000000 00:00 0 
7f8e5ed19000-7f8e5ee19000 rw-p 00000000 00:00 0 
7f8e5ee19000-7f8e5ee1c000 ---p 00000000 00:00 0 
7f8e5ee1c000-7f8e5ef1a000 rw-p 00000000 00:00 0 
7f8e5ef1a000-7f8e5ef1d000 ---p 00000000 00:00 0 
7f8e5ef1d000-7f8e5f01b000 rw-p 00000000 00:00 0 
7f8e5f01b000-7f8e5f01e000 ---p 00000000 00:00 0 
7f8e5f01e000-7f8e5f11c000 rw-p 00000000 00:00 0 
7f8e5f11c000-7f8e5f11f000 ---p 00000000 00:00 0 
7f8e5f11f000-7f8e5f21d000 rw-p 00000000 00:00 0 
7f8e5f21d000-7f8e5f220000 ---p 00000000 00:00 0 
7f8e5f220000-7f8e5f31e000 rw-p 00000000 00:00 0 
7f8e5f31e000-7f8e5f5f6000 r--p 00000000 08:07 1311727                    /usr/lib/locale/locale-archive
7f8e5f5f6000-7f8e5f5f9000 ---p 00000000 00:00 0 
7f8e5f5f9000-7f8e5f6f7000 rw-p 00000000 00:00 0 
7f8e5f6f7000-7f8e5f6fa000 ---p 00000000 00:00 0 
7f8e5f6fa000-7f8e5f7f8000 rw-p 00000000 00:00 0 
7f8e5f7f8000-7f8e5f7f9000 ---p 00000000 00:00 0 
7f8e5f7f9000-7f8e60000000 rw-p 00000000 00:00 0 
7f8e60000000-7f8e60026000 rw-p 00000000 00:00 0 
7f8e60026000-7f8e64000000 ---p 00000000 00:00 0 
7f8e64000000-7f8e64002000 r--s 00003000 08:07 1189053                    /home/chivu/.gradle/wrapper/dists/gradle-3.3-all/55gk2rcmfc6p2dg9u9ohc3hw9/gradle-3.3/lib/native-platform-freebsd-amd64-libstdcpp-0.12.jar
7f8e64002000-7f8e64005000 r--s 00023000 08:07 1189046                    /home/chivu/.gradle/wrapper/dists/gradle-3.3-all/55gk2rcmfc6p2dg9u9ohc3hw9/gradle-3.3/lib/jansi-1.14.jar
7f8e64005000-7f8e64075000 r--s 00641000 08:07 1189029                    /home/chivu/.gradle/wrapper/dists/gradle-3.3-all/55gk2rcmfc6p2dg9u9ohc3hw9/gradle-3.3/lib/groovy-all-2.4.7.jar
7f8e64075000-7f8e6409d000 r--s 001cf000 08:07 1189026                    /home/chivu/.gradle/wrapper/dists/gradle-3.3-all/55gk2rcmfc6p2dg9u9ohc3hw9/gradle-3.3/lib/guava-jdk5-17.0.jar
7f8e6409d000-7f8e640bc000 r--s 001d1000 08:07 1189033                    /home/chivu/.gradle/wrapper/dists/gradle-3.3-all/55gk2rcmfc6p2dg9u9ohc3hw9/gradle-3.3/lib/ant-1.9.6.jar
7f8e640bc000-7f8e640f9000 r--s 001f8000 08:07 1189019                    /home/chivu/.gradle/wrapper/dists/gradle-3.3-all/55gk2rcmfc6p2dg9u9ohc3hw9/gradle-3.3/lib/gradle-core-3.3.jar
7f8e640f9000-7f8e68000000 rw-p 00000000 00:00 0 
7f8e68000000-7f8e68047000 rw-p 00000000 00:00 0 
7f8e68047000-7f8e6c000000 ---p 00000000 00:00 0 
7f8e6c000000-7f8e6c004000 r--s 00011000 08:07 1189045                    /home/chivu/.gradle/wrapper/dists/gradle-3.3-all/55gk2rcmfc6p2dg9u9ohc3hw9/gradle-3.3/lib/native-platform-0.12.jar
7f8e6c004000-7f8e6c1b6000 rw-p 00000000 00:00 0 
7f8e6c1b6000-7f8e6c385000 r--s 03c1b000 08:07 1201515                    /home/chivu/Downloads/android-studio-p/jre/jre/lib/rt.jar
7f8e6c385000-7f8e6c6fb000 rw-p 00000000 00:00 0 
7f8e6c6fb000-7f8e6c6fc000 ---p 00000000 00:00 0 
7f8e6c6fc000-7f8e6c7fc000 rw-p 00000000 00:00 0 
7f8e6c7fc000-7f8e6c7fd000 ---p 00000000 00:00 0 
7f8e6c7fd000-7f8e6c8fd000 rw-p 00000000 00:00 0 
7f8e6c8fd000-7f8e6c8fe000 ---p 00000000 00:00 0 
7f8e6c8fe000-7f8e6c9fe000 rw-p 00000000 00:00 0 
7f8e6c9fe000-7f8e6c9ff000 ---p 00000000 00:00 0 
7f8e6c9ff000-7f8e6cba7000 rw-p 00000000 00:00 0 
7f8e6cba7000-7f8e6ccff000 ---p 00000000 00:00 0 
7f8e6ccff000-7f8e6cda7000 rw-p 00000000 00:00 0 
7f8e6cda7000-7f8e6ceff000 ---p 00000000 00:00 0 
7f8e6ceff000-7f8e6cfe0000 rw-p 00000000 00:00 0 
7f8e6cfe0000-7f8e6cfff000 ---p 00000000 00:00 0 
7f8e6cfff000-7f8e6d000000 rw-p 00000000 00:00 0 
7f8e6d000000-7f8e6f3f0000 rwxp 00000000 00:00 0 
7f8e6f3f0000-7f8e7c000000 ---p 00000000 00:00 0 
7f8e7c000000-7f8e7ccb2000 rw-p 00000000 00:00 0 
7f8e7ccb2000-7f8e80000000 ---p 00000000 00:00 0 
7f8e80000000-7f8e80001000 r--s 00004000 08:07 1189052                    /home/chivu/.gradle/wrapper/dists/gradle-3.3-all/55gk2rcmfc6p2dg9u9ohc3hw9/gradle-3.3/lib/native-platform-freebsd-amd64-libcpp-0.12.jar
7f8e80001000-7f8e80004000 r--s 0000a000 08:07 1189023                    /home/chivu/.gradle/wrapper/dists/gradle-3.3-all/55gk2rcmfc6p2dg9u9ohc3hw9/gradle-3.3/lib/gradle-native-3.3.jar
7f8e80004000-7f8e80006000 r--s 00005000 08:07 1189020                    /home/chivu/.gradle/wrapper/dists/gradle-3.3-all/55gk2rcmfc6p2dg9u9ohc3hw9/gradle-3.3/lib/gradle-cli-3.3.jar
7f8e80006000-7f8e80008000 r--s 00007000 08:07 1189031                    /home/chivu/.gradle/wrapper/dists/gradle-3.3-all/55gk2rcmfc6p2dg9u9ohc3hw9/gradle-3.3/lib/gradle-model-groovy-3.3.jar
7f8e80008000-7f8e8000a000 r--s 00006000 08:07 1189038                    /home/chivu/.gradle/wrapper/dists/gradle-3.3-all/55gk2rcmfc6p2dg9u9ohc3hw9/gradle-3.3/lib/gradle-base-services-groovy-3.3.jar
7f8e8000a000-7f8e8000b000 r--s 00002000 08:07 1189041                    /home/chivu/.gradle/wrapper/dists/gradle-3.3-all/55gk2rcmfc6p2dg9u9ohc3hw9/gradle-3.3/lib/gradle-docs-3.3.jar
7f8e8000b000-7f8e80018000 r--s 00083000 08:07 1189034                    /home/chivu/.gradle/wrapper/dists/gradle-3.3-all/55gk2rcmfc6p2dg9u9ohc3hw9/gradle-3.3/lib/commons-collections-3.2.2.jar
7f8e80018000-7f8e800c9000 rw-p 00000000 00:00 0 
7f8e800c9000-7f8e803f9000 ---p 00000000 00:00 0 
7f8e803f9000-7f8e80413000 r-xp 00000000 08:07 1201530                    /home/chivu/Downloads/android-studio-p/jre/jre/lib/amd64/libzip.so
7f8e80413000-7f8e80613000 ---p 0001a000 08:07 1201530                    /home/chivu/Downloads/android-studio-p/jre/jre/lib/amd64/libzip.so
7f8e80613000-7f8e80614000 r--p 0001a000 08:07 1201530                    /home/chivu/Downloads/android-studio-p/jre/jre/lib/amd64/libzip.so
7f8e80614000-7f8e80615000 rw-p 0001b000 08:07 1201530                    /home/chivu/Downloads/android-studio-p/jre/jre/lib/amd64/libzip.so
7f8e80615000-7f8e80620000 r-xp 00000000 08:07 541944                     /lib/x86_64-linux-gnu/libnss_files-2.23.so
7f8e80620000-7f8e8081f000 ---p 0000b000 08:07 541944                     /lib/x86_64-linux-gnu/libnss_files-2.23.so
7f8e8081f000-7f8e80820000 r--p 0000a000 08:07 541944                     /lib/x86_64-linux-gnu/libnss_files-2.23.so
7f8e80820000-7f8e80821000 rw-p 0000b000 08:07 541944                     /lib/x86_64-linux-gnu/libnss_files-2.23.so
7f8e80821000-7f8e80827000 rw-p 00000000 00:00 0 
7f8e80827000-7f8e80832000 r-xp 00000000 08:07 541937                     /lib/x86_64-linux-gnu/libnss_nis-2.23.so
7f8e80832000-7f8e80a31000 ---p 0000b000 08:07 541937                     /lib/x86_64-linux-gnu/libnss_nis-2.23.so
7f8e80a31000-7f8e80a32000 r--p 0000a000 08:07 541937                     /lib/x86_64-linux-gnu/libnss_nis-2.23.so
7f8e80a32000-7f8e80a33000 rw-p 0000b000 08:07 541937                     /lib/x86_64-linux-gnu/libnss_nis-2.23.so
7f8e80a33000-7f8e80a49000 r-xp 00000000 08:07 541939                     /lib/x86_64-linux-gnu/libnsl-2.23.so
7f8e80a49000-7f8e80c48000 ---p 00016000 08:07 541939                     /lib/x86_64-linux-gnu/libnsl-2.23.so
7f8e80c48000-7f8e80c49000 r--p 00015000 08:07 541939                     /lib/x86_64-linux-gnu/libnsl-2.23.so
7f8e80c49000-7f8e80c4a000 rw-p 00016000 08:07 541939                     /lib/x86_64-linux-gnu/libnsl-2.23.so
7f8e80c4a000-7f8e80c4c000 rw-p 00000000 00:00 0 
7f8e80c4c000-7f8e80c54000 r-xp 00000000 08:07 541946                     /lib/x86_64-linux-gnu/libnss_compat-2.23.so
7f8e80c54000-7f8e80e53000 ---p 00008000 08:07 541946                     /lib/x86_64-linux-gnu/libnss_compat-2.23.so
7f8e80e53000-7f8e80e54000 r--p 00007000 08:07 541946                     /lib/x86_64-linux-gnu/libnss_compat-2.23.so
7f8e80e54000-7f8e80e55000 rw-p 00008000 08:07 541946                     /lib/x86_64-linux-gnu/libnss_compat-2.23.so
7f8e80e55000-7f8e80e82000 r-xp 00000000 08:07 1201547                    /home/chivu/Downloads/android-studio-p/jre/jre/lib/amd64/libjava.so
7f8e80e82000-7f8e81081000 ---p 0002d000 08:07 1201547                    /home/chivu/Downloads/android-studio-p/jre/jre/lib/amd64/libjava.so
7f8e81081000-7f8e81082000 r--p 0002c000 08:07 1201547                    /home/chivu/Downloads/android-studio-p/jre/jre/lib/amd64/libjava.so
7f8e81082000-7f8e81084000 rw-p 0002d000 08:07 1201547                    /home/chivu/Downloads/android-studio-p/jre/jre/lib/amd64/libjava.so
7f8e81084000-7f8e81094000 r-xp 00000000 08:07 1201520                    /home/chivu/Downloads/android-studio-p/jre/jre/lib/amd64/libverify.so
7f8e81094000-7f8e81293000 ---p 00010000 08:07 1201520                    /home/chivu/Downloads/android-studio-p/jre/jre/lib/amd64/libverify.so
7f8e81293000-7f8e81295000 r--p 0000f000 08:07 1201520                    /home/chivu/Downloads/android-studio-p/jre/jre/lib/amd64/libverify.so
7f8e81295000-7f8e81296000 rw-p 00011000 08:07 1201520                    /home/chivu/Downloads/android-studio-p/jre/jre/lib/amd64/libverify.so
7f8e81296000-7f8e8129d000 r-xp 00000000 08:07 541947                     /lib/x86_64-linux-gnu/librt-2.23.so
7f8e8129d000-7f8e8149c000 ---p 00007000 08:07 541947                     /lib/x86_64-linux-gnu/librt-2.23.so
7f8e8149c000-7f8e8149d000 r--p 00006000 08:07 541947                     /lib/x86_64-linux-gnu/librt-2.23.so
7f8e8149d000-7f8e8149e000 rw-p 00007000 08:07 541947                     /lib/x86_64-linux-gnu/librt-2.23.so
7f8e8149e000-7f8e815a6000 r-xp 00000000 08:07 541938                     /lib/x86_64-linux-gnu/libm-2.23.so
7f8e815a6000-7f8e817a5000 ---p 00108000 08:07 541938                     /lib/x86_64-linux-gnu/libm-2.23.so
7f8e817a5000-7f8e817a6000 r--p 00107000 08:07 541938                     /lib/x86_64-linux-gnu/libm-2.23.so
7f8e817a6000-7f8e817a7000 rw-p 00108000 08:07 541938                     /lib/x86_64-linux-gnu/libm-2.23.so
7f8e817a7000-7f8e82398000 r-xp 00000000 08:07 1201528                    /home/chivu/Downloads/android-studio-p/jre/jre/lib/amd64/server/libjvm.so
7f8e82398000-7f8e82598000 ---p 00bf1000 08:07 1201528                    /home/chivu/Downloads/android-studio-p/jre/jre/lib/amd64/server/libjvm.so
7f8e82598000-7f8e82637000 r--p 00bf1000 08:07 1201528                    /home/chivu/Downloads/android-studio-p/jre/jre/lib/amd64/server/libjvm.so
7f8e82637000-7f8e82660000 rw-p 00c90000 08:07 1201528                    /home/chivu/Downloads/android-studio-p/jre/jre/lib/amd64/server/libjvm.so
7f8e82660000-7f8e826a4000 rw-p 00000000 00:00 0 
7f8e826a4000-7f8e826bc000 r-xp 00000000 08:07 541951                     /lib/x86_64-linux-gnu/libpthread-2.23.so
7f8e826bc000-7f8e828bb000 ---p 00018000 08:07 541951                     /lib/x86_64-linux-gnu/libpthread-2.23.so
7f8e828bb000-7f8e828bc000 r--p 00017000 08:07 541951                     /lib/x86_64-linux-gnu/libpthread-2.23.so
7f8e828bc000-7f8e828bd000 rw-p 00018000 08:07 541951                     /lib/x86_64-linux-gnu/libpthread-2.23.so
7f8e828bd000-7f8e828c1000 rw-p 00000000 00:00 0 
7f8e828c1000-7f8e828c4000 r-xp 00000000 08:07 541936                     /lib/x86_64-linux-gnu/libdl-2.23.so
7f8e828c4000-7f8e82ac3000 ---p 00003000 08:07 541936                     /lib/x86_64-linux-gnu/libdl-2.23.so
7f8e82ac3000-7f8e82ac4000 r--p 00002000 08:07 541936                     /lib/x86_64-linux-gnu/libdl-2.23.so
7f8e82ac4000-7f8e82ac5000 rw-p 00003000 08:07 541936                     /lib/x86_64-linux-gnu/libdl-2.23.so
7f8e82ac5000-7f8e82c84000 r-xp 00000000 08:07 541940                     /lib/x86_64-linux-gnu/libc-2.23.so
7f8e82c84000-7f8e82e84000 ---p 001bf000 08:07 541940                     /lib/x86_64-linux-gnu/libc-2.23.so
7f8e82e84000-7f8e82e88000 r--p 001bf000 08:07 541940                     /lib/x86_64-linux-gnu/libc-2.23.so
7f8e82e88000-7f8e82e8a000 rw-p 001c3000 08:07 541940                     /lib/x86_64-linux-gnu/libc-2.23.so
7f8e82e8a000-7f8e82e8e000 rw-p 00000000 00:00 0 
7f8e82e8e000-7f8e82ea4000 r-xp 00000000 08:07 1201477                    /home/chivu/Downloads/android-studio-p/jre/lib/amd64/jli/libjli.so
7f8e82ea4000-7f8e830a3000 ---p 00016000 08:07 1201477                    /home/chivu/Downloads/android-studio-p/jre/lib/amd64/jli/libjli.so
7f8e830a3000-7f8e830a4000 r--p 00015000 08:07 1201477                    /home/chivu/Downloads/android-studio-p/jre/lib/amd64/jli/libjli.so
7f8e830a4000-7f8e830a5000 rw-p 00016000 08:07 1201477                    /home/chivu/Downloads/android-studio-p/jre/lib/amd64/jli/libjli.so
7f8e830a5000-7f8e830cb000 r-xp 00000000 08:07 541941                     /lib/x86_64-linux-gnu/ld-2.23.so
7f8e830cb000-7f8e830cc000 r--s 00000000 08:07 1189037                    /home/chivu/.gradle/wrapper/dists/gradle-3.3-all/55gk2rcmfc6p2dg9u9ohc3hw9/gradle-3.3/lib/javax.inject-1.jar
7f8e830cc000-7f8e830cd000 r--s 00000000 08:07 1189036                    /home/chivu/.gradle/wrapper/dists/gradle-3.3-all/55gk2rcmfc6p2dg9u9ohc3hw9/gradle-3.3/lib/jcip-annotations-1.0.jar
7f8e830cd000-7f8e830d1000 r--s 00027000 08:07 1189035                    /home/chivu/.gradle/wrapper/dists/gradle-3.3-all/55gk2rcmfc6p2dg9u9ohc3hw9/gradle-3.3/lib/commons-io-2.2.jar
7f8e830d1000-7f8e830d6000 r--s 00038000 08:07 1189032                    /home/chivu/.gradle/wrapper/dists/gradle-3.3-all/55gk2rcmfc6p2dg9u9ohc3hw9/gradle-3.3/lib/asm-all-5.1.jar
7f8e830d6000-7f8e830d7000 r--s 00001000 08:07 1189028                    /home/chivu/.gradle/wrapper/dists/gradle-3.3-all/55gk2rcmfc6p2dg9u9ohc3hw9/gradle-3.3/lib/gradle-process-services-3.3.jar
7f8e830d7000-7f8e830dc000 r--s 00041000 08:07 1189027                    /home/chivu/.gradle/wrapper/dists/gradle-3.3-all/55gk2rcmfc6p2dg9u9ohc3hw9/gradle-3.3/lib/commons-lang-2.6.jar
7f8e830dc000-7f8e830e5000 r--s 00042000 08:07 1189017                    /home/chivu/.gradle/wrapper/dists/gradle-3.3-all/55gk2rcmfc6p2dg9u9ohc3hw9/gradle-3.3/lib/gradle-base-services-3.3.jar
7f8e830e5000-7f8e831a7000 rw-p 00000000 00:00 0 
7f8e831a7000-7f8e831aa000 ---p 00000000 00:00 0 
7f8e831aa000-7f8e832ac000 rw-p 00000000 00:00 0 
7f8e832ac000-7f8e832ae000 r--s 00000000 08:07 1189018                    /home/chivu/.gradle/wrapper/dists/gradle-3.3-all/55gk2rcmfc6p2dg9u9ohc3hw9/gradle-3.3/lib/gradle-jvm-services-3.3.jar
7f8e832ae000-7f8e832af000 r--s 00000000 08:07 1189183                    /home/chivu/.gradle/wrapper/dists/gradle-3.3-all/55gk2rcmfc6p2dg9u9ohc3hw9/gradle-3.3/lib/gradle-version-info-3.3.jar
7f8e832af000-7f8e832b0000 r--s 00007000 08:07 1189025                    /home/chivu/.gradle/wrapper/dists/gradle-3.3-all/55gk2rcmfc6p2dg9u9ohc3hw9/gradle-3.3/lib/slf4j-api-1.7.10.jar
7f8e832b0000-7f8e832b1000 r--s 00004000 08:07 1189050                    /home/chivu/.gradle/wrapper/dists/gradle-3.3-all/55gk2rcmfc6p2dg9u9ohc3hw9/gradle-3.3/lib/ant-launcher-1.9.6.jar
7f8e832b1000-7f8e832be000 r--s 0005c000 08:07 1189014                    /home/chivu/.gradle/wrapper/dists/gradle-3.3-all/55gk2rcmfc6p2dg9u9ohc3hw9/gradle-3.3/lib/gradle-launcher-3.3.jar
7f8e832be000-7f8e832c6000 rw-s 00000000 08:07 262206                     /tmp/hsperfdata_chivu/3358
7f8e832c6000-7f8e832c7000 rw-p 00000000 00:00 0 
7f8e832c7000-7f8e832c8000 ---p 00000000 00:00 0 
7f8e832c8000-7f8e832ca000 rw-p 00000000 00:00 0 
7f8e832ca000-7f8e832cb000 r--p 00025000 08:07 541941                     /lib/x86_64-linux-gnu/ld-2.23.so
7f8e832cb000-7f8e832cc000 rw-p 00026000 08:07 541941                     /lib/x86_64-linux-gnu/ld-2.23.so
7f8e832cc000-7f8e832cd000 rw-p 00000000 00:00 0 
7fffc478e000-7fffc47af000 rw-p 00000000 00:00 0                          [stack]
7fffc47b8000-7fffc47ba000 r--p 00000000 00:00 0                          [vvar]
7fffc47ba000-7fffc47bc000 r-xp 00000000 00:00 0                          [vdso]
ffffffffff600000-ffffffffff601000 r-xp 00000000 00:00 0                  [vsyscall]

VM Arguments:
jvm_args: -Xmx1536m -Dfile.encoding=UTF-8 -Duser.country=IN -Duser.language=en -Duser.variant 
java_command: org.gradle.launcher.daemon.bootstrap.GradleDaemon 3.3
java_class_path (initial): /home/chivu/.gradle/wrapper/dists/gradle-3.3-all/55gk2rcmfc6p2dg9u9ohc3hw9/gradle-3.3/lib/gradle-launcher-3.3.jar
Launcher Type: SUN_STANDARD

Environment Variables:
JAVA_HOME=/usr/lib/jvm/java-8-oracle
PATH=/home/chivu/bin:/home/chivu/.local/bin:/usr/local/sbin:/usr/local/bin:/usr/sbin:/usr/bin:/sbin:/bin:/usr/games:/usr/local/games:/snap/bin:/usr/lib/jvm/java-8-oracle/bin:/usr/lib/jvm/java-8-oracle/db/bin:/usr/lib/jvm/java-8-oracle/jre/bin
LD_LIBRARY_PATH=/home/chivu/Downloads/android-studio-p/bin:
SHELL=/bin/bash
DISPLAY=:0

Signal Handlers:
SIGSEGV: [libjvm.so+0x9e5150], sa_mask[0]=11111111011111111101111111111110, sa_flags=SA_RESTART|SA_SIGINFO
SIGBUS: [libjvm.so+0x9e5150], sa_mask[0]=11111111011111111101111111111110, sa_flags=SA_RESTART|SA_SIGINFO
SIGFPE: [libjvm.so+0x848450], sa_mask[0]=11111111011111111101111111111110, sa_flags=SA_RESTART|SA_SIGINFO
SIGPIPE: [libjvm.so+0x848450], sa_mask[0]=11111111011111111101111111111110, sa_flags=SA_RESTART|SA_SIGINFO
SIGXFSZ: [libjvm.so+0x848450], sa_mask[0]=11111111011111111101111111111110, sa_flags=SA_RESTART|SA_SIGINFO
SIGILL: [libjvm.so+0x848450], sa_mask[0]=11111111011111111101111111111110, sa_flags=SA_RESTART|SA_SIGINFO
SIGUSR1: SIG_DFL, sa_mask[0]=00000000000000000000000000000000, sa_flags=none
SIGUSR2: [libjvm.so+0x848320], sa_mask[0]=00100000000000000000000000000000, sa_flags=SA_RESTART|SA_SIGINFO
SIGHUP: [libjvm.so+0x848510], sa_mask[0]=11111111011111111101111111111110, sa_flags=SA_RESTART|SA_SIGINFO
SIGINT: [libjvm.so+0x848510], sa_mask[0]=11111111011111111101111111111110, sa_flags=SA_RESTART|SA_SIGINFO
SIGTERM: [libjvm.so+0x848510], sa_mask[0]=11111111011111111101111111111110, sa_flags=SA_RESTART|SA_SIGINFO
SIGQUIT: [libjvm.so+0x848510], sa_mask[0]=11111111011111111101111111111110, sa_flags=SA_RESTART|SA_SIGINFO


---------------  S Y S T E M  ---------------

OS:DISTRIB_ID=Ubuntu
DISTRIB_RELEASE=16.04
DISTRIB_CODENAME=xenial
DISTRIB_DESCRIPTION="Ubuntu 16.04.2 LTS"

uname:Linux 4.4.0-79-generic #100-Ubuntu SMP Wed May 17 19:58:14 UTC 2017 x86_64
libc:glibc 2.23 NPTL 2.23 
rlimit: STACK 8192k, CORE 0k, NPROC 15361, NOFILE 65536, AS infinity
load average:4.98 3.14 2.28

/proc/meminfo:
MemTotal:        3972820 kB
MemFree:          115680 kB
MemAvailable:      50612 kB
Buffers:            3244 kB
Cached:           280912 kB
SwapCached:          476 kB
Active:          2642508 kB
Inactive:        1056924 kB
Active(anon):    2604296 kB
Inactive(anon):  1019144 kB
Active(file):      38212 kB
Inactive(file):    37780 kB
Unevictable:         136 kB
Mlocked:             136 kB
SwapTotal:          1020 kB
SwapFree:              0 kB
Dirty:                28 kB
Writeback:             0 kB
AnonPages:       3415280 kB
Mapped:           103116 kB
Shmem:            207836 kB
Slab:              72680 kB
SReclaimable:      38880 kB
SUnreclaim:        33800 kB
KernelStack:        8800 kB
PageTables:        32880 kB
NFS_Unstable:          0 kB
Bounce:                0 kB
WritebackTmp:          0 kB
CommitLimit:     1987428 kB
Committed_AS:    6872664 kB
VmallocTotal:   34359738367 kB
VmallocUsed:           0 kB
VmallocChunk:          0 kB
HardwareCorrupted:     0 kB
AnonHugePages:   1253376 kB
CmaTotal:              0 kB
CmaFree:               0 kB
HugePages_Total:       0
HugePages_Free:        0
HugePages_Rsvd:        0
HugePages_Surp:        0
Hugepagesize:       2048 kB
DirectMap4k:      146176 kB
DirectMap2M:     3975168 kB
DirectMap1G:     1048576 kB


CPU:total 4 (2 cores per cpu, 2 threads per core) family 6 model 69 stepping 1, cmov, cx8, fxsr, mmx, sse, sse2, sse3, ssse3, sse4.1, sse4.2, popcnt, avx, avx2, aes, clmul, erms, lzcnt, ht, tsc, tscinvbit, bmi1, bmi2

/proc/cpuinfo:
processor	: 0
vendor_id	: GenuineIntel
cpu family	: 6
model		: 69
model name	: Intel(R) Core(TM) i3-4030U CPU @ 1.90GHz
stepping	: 1
microcode	: 0x1d
cpu MHz		: 1799.953
cache size	: 3072 KB
physical id	: 0
siblings	: 4
core id		: 0
cpu cores	: 2
apicid		: 0
initial apicid	: 0
fpu		: yes
fpu_exception	: yes
cpuid level	: 13
wp		: yes
flags		: fpu vme de pse tsc msr pae mce cx8 apic sep mtrr pge mca cmov pat pse36 clflush dts acpi mmx fxsr sse sse2 ss ht tm pbe syscall nx pdpe1gb rdtscp lm constant_tsc arch_perfmon pebs bts rep_good nopl xtopology nonstop_tsc aperfmperf eagerfpu pni pclmulqdq dtes64 monitor ds_cpl vmx est tm2 ssse3 sdbg fma cx16 xtpr pdcm pcid sse4_1 sse4_2 x2apic movbe popcnt tsc_deadline_timer aes xsave avx f16c rdrand lahf_lm abm epb tpr_shadow vnmi flexpriority ept vpid fsgsbase tsc_adjust bmi1 avx2 smep bmi2 erms invpcid xsaveopt dtherm arat pln pts
bugs		:
bogomips	: 3791.18
clflush size	: 64
cache_alignment	: 64
address sizes	: 39 bits physical, 48 bits virtual
power management:

processor	: 1
vendor_id	: GenuineIntel
cpu family	: 6
model		: 69
model name	: Intel(R) Core(TM) i3-4030U CPU @ 1.90GHz
stepping	: 1
microcode	: 0x1d
cpu MHz		: 1799.953
cache size	: 3072 KB
physical id	: 0
siblings	: 4
core id		: 0
cpu cores	: 2
apicid		: 1
initial apicid	: 1
fpu		: yes
fpu_exception	: yes
cpuid level	: 13
wp		: yes
flags		: fpu vme de pse tsc msr pae mce cx8 apic sep mtrr pge mca cmov pat pse36 clflush dts acpi mmx fxsr sse sse2 ss ht tm pbe syscall nx pdpe1gb rdtscp lm constant_tsc arch_perfmon pebs bts rep_good nopl xtopology nonstop_tsc aperfmperf eagerfpu pni pclmulqdq dtes64 monitor ds_cpl vmx est tm2 ssse3 sdbg fma cx16 xtpr pdcm pcid sse4_1 sse4_2 x2apic movbe popcnt tsc_deadline_timer aes xsave avx f16c rdrand lahf_lm abm epb tpr_shadow vnmi flexpriority ept vpid fsgsbase tsc_adjust bmi1 avx2 smep bmi2 erms invpcid xsaveopt dtherm arat pln pts
bugs		:
bogomips	: 3791.18
clflush size	: 64
cache_alignment	: 64
address sizes	: 39 bits physical, 48 bits virtual
power management:

processor	: 2
vendor_id	: GenuineIntel
cpu family	: 6
model		: 69
model name	: Intel(R) Core(TM) i3-4030U CPU @ 1.90GHz
stepping	: 1
microcode	: 0x1d
cpu MHz		: 1799.953
cache size	: 3072 KB
physical id	: 0
siblings	: 4
core id		: 1
cpu cores	: 2
apicid		: 2
initial apicid	: 2
fpu		: yes
fpu_exception	: yes
cpuid level	: 13
wp		: yes
flags		: fpu vme de pse tsc msr pae mce cx8 apic sep mtrr pge mca cmov pat pse36 clflush dts acpi mmx fxsr sse sse2 ss ht tm pbe syscall nx pdpe1gb rdtscp lm constant_tsc arch_perfmon pebs bts rep_good nopl xtopology nonstop_tsc aperfmperf eagerfpu pni pclmulqdq dtes64 monitor ds_cpl vmx est tm2 ssse3 sdbg fma cx16 xtpr pdcm pcid sse4_1 sse4_2 x2apic movbe popcnt tsc_deadline_timer aes xsave avx f16c rdrand lahf_lm abm epb tpr_shadow vnmi flexpriority ept vpid fsgsbase tsc_adjust bmi1 avx2 smep bmi2 erms invpcid xsaveopt dtherm arat pln pts
bugs		:
bogomips	: 3791.18
clflush size	: 64
cache_alignment	: 64
address sizes	: 39 bits physical, 48 bits virtual
power management:

processor	: 3
vendor_id	: GenuineIntel
cpu family	: 6
model		: 69
model name	: Intel(R) Core(TM) i3-4030U CPU @ 1.90GHz
stepping	: 1
microcode	: 0x1d
cpu MHz		: 1799.953
cache size	: 3072 KB
physical id	: 0
siblings	: 4
core id		: 1
cpu cores	: 2
apicid		: 3
initial apicid	: 3
fpu		: yes
fpu_exception	: yes
cpuid level	: 13
wp		: yes
flags		: fpu vme de pse tsc msr pae mce cx8 apic sep mtrr pge mca cmov pat pse36 clflush dts acpi mmx fxsr sse sse2 ss ht tm pbe syscall nx pdpe1gb rdtscp lm constant_tsc arch_perfmon pebs bts rep_good nopl xtopology nonstop_tsc aperfmperf eagerfpu pni pclmulqdq dtes64 monitor ds_cpl vmx est tm2 ssse3 sdbg fma cx16 xtpr pdcm pcid sse4_1 sse4_2 x2apic movbe popcnt tsc_deadline_timer aes xsave avx f16c rdrand lahf_lm abm epb tpr_shadow vnmi flexpriority ept vpid fsgsbase tsc_adjust bmi1 avx2 smep bmi2 erms invpcid xsaveopt dtherm arat pln pts
bugs		:
bogomips	: 3791.18
clflush size	: 64
cache_alignment	: 64
address sizes	: 39 bits physical, 48 bits virtual
power management:



Memory: 4k page, physical 3972820k(115680k free), swap 1020k(0k free)

vm_info: OpenJDK 64-Bit Server VM (25.112-b06) for linux-amd64 JRE (1.8.0_112-release-b06), built on Dec  6 2016 12:11:18 by "builder" with gcc 4.8.4

time: Tue Jul 18 10:11:03 2017
elapsed time: 67 seconds (0d 0h 1m 7s)

