#
# There is insufficient memory for the Java Runtime Environment to continue.
# Native memory allocation (mmap) failed to map 190316544 bytes for committing reserved memory.
# Possible reasons:
#   The system is out of physical RAM or swap space
#   In 32 bit mode, the process size limit was hit
# Possible solutions:
#   Reduce memory load on the system
#   Increase physical memory or swap space
#   Check if swap backing store is full
#   Use 64 bit Java on a 64 bit OS
#   Decrease Java heap size (-Xmx/-Xms)
#   Decrease number of Java threads
#   Decrease Java thread stack sizes (-Xss)
#   Set larger code cache with -XX:ReservedCodeCacheSize=
# This output file may be truncated or incomplete.
#
#  Out of Memory Error (os_linux.cpp:2627), pid=3284, tid=0x00007fed2fafa700
#
# JRE version: OpenJDK Runtime Environment (8.0_112-b06) (build 1.8.0_112-release-b06)
# Java VM: OpenJDK 64-Bit Server VM (25.112-b06 mixed mode linux-amd64 compressed oops)
# Failed to write core dump. Core dumps have been disabled. To enable core dumping, try "ulimit -c unlimited" before starting Java again
#

---------------  T H R E A D  ---------------

Current thread (0x00007fed54077800):  VMThread [stack: 0x00007fed2f9fa000,0x00007fed2fafb000] [id=3293]

Stack: [0x00007fed2f9fa000,0x00007fed2fafb000],  sp=0x00007fed2faf94d0,  free space=1021k
Native frames: (J=compiled Java code, j=interpreted, Vv=VM code, C=native code)
V  [libjvm.so+0x9e465d]  VMError::report_and_die()+0x15d
V  [libjvm.so+0x4b6ada]  report_vm_out_of_memory(char const*, int, unsigned long, VMErrorType, char const*)+0x8a
V  [libjvm.so+0x84c860]  os::pd_commit_memory(char*, unsigned long, unsigned long, bool)+0xf0
V  [libjvm.so+0x84737f]  os::commit_memory(char*, unsigned long, unsigned long, bool)+0x1f
V  [libjvm.so+0x8bd3db]  PSVirtualSpace::expand_by(unsigned long)+0x5b
V  [libjvm.so+0x8ae1bb]  PSOldGen::expand_by(unsigned long) [clone .part.109]+0x1b
V  [libjvm.so+0x8ae37b]  PSOldGen::expand(unsigned long) [clone .part.111]+0xdb
V  [libjvm.so+0x8aec58]  PSOldGen::resize(unsigned long)+0x188
V  [libjvm.so+0x8b426c]  PSParallelCompact::invoke_no_policy(bool)+0x97c
V  [libjvm.so+0x8bb37d]  PSScavenge::invoke()+0x17d
V  [libjvm.so+0x86fcf3]  ParallelScavengeHeap::failed_mem_allocate(unsigned long)+0x63
V  [libjvm.so+0x9e6124]  VM_ParallelGCFailedAllocation::doit()+0x84
V  [libjvm.so+0x9ea537]  VM_Operation::evaluate()+0x47
V  [libjvm.so+0x9e8ff8]  VMThread::evaluate_operation(VM_Operation*)+0x2c8
V  [libjvm.so+0x9e9479]  VMThread::loop()+0x219
V  [libjvm.so+0x9e98c2]  VMThread::run()+0x72
V  [libjvm.so+0x849c82]  java_start(Thread*)+0xf2

VM_Operation (0x00007fecddafad50): ParallelGCFailedAllocation, mode: safepoint, requested by thread 0x00007fecfc07b000


---------------  P R O C E S S  ---------------

Java Threads: ( => current thread )
  0x00007fecfc07b000 JavaThread "pool-10-thread-4" [_thread_blocked, id=3545, stack(0x00007fecdd9fc000,0x00007fecddafd000)]
  0x00007fecfc07a000 JavaThread "pool-10-thread-3" [_thread_blocked, id=3544, stack(0x00007fecdd7fa000,0x00007fecdd8fb000)]
  0x00007fecfc079000 JavaThread "pool-10-thread-2" [_thread_blocked, id=3543, stack(0x00007fecdd8fb000,0x00007fecdd9fc000)]
  0x00007fecfc078000 JavaThread "pool-11-thread-1" [_thread_blocked, id=3542, stack(0x00007fecdd2f5000,0x00007fecdd3f6000)]
  0x00007fecfc077800 JavaThread "pool-10-thread-1" [_thread_blocked, id=3541, stack(0x00007fecdc578000,0x00007fecdc679000)]
  0x00007fecd0292000 JavaThread "pool-8-thread-1" [_thread_blocked, id=3540, stack(0x00007fecddafd000,0x00007fecddbfe000)]
  0x00007fece8001800 JavaThread "process reaper" daemon [_thread_blocked, id=3511, stack(0x00007fed2c049000,0x00007fed2c082000)]
  0x00007fecd0056800 JavaThread "Cache update executor" [_thread_blocked, id=3507, stack(0x00007fecdddfe000,0x00007fecddeff000)]
  0x00007fecd000b000 JavaThread "Stdin handler" [_thread_blocked, id=3502, stack(0x00007fed2cd33000,0x00007fed2ce34000)]
  0x00007fecd0001000 JavaThread "Asynchronous log dispatcher for DefaultDaemonConnection: socket connection from /127.0.0.1:38815 to /127.0.0.1:53744" [_thread_blocked, id=3499, stack(0x00007fed2ce34000,0x00007fed2cf35000)]
  0x00007fed04005800 JavaThread "Daemon worker Thread 2" [_thread_blocked, id=3498, stack(0x00007fed2d137000,0x00007fed2d238000)]
  0x00007fed04008000 JavaThread "Cancel handler" [_thread_blocked, id=3497, stack(0x00007fed2d438000,0x00007fed2d539000)]
  0x00007fed04006800 JavaThread "Handler for socket connection from /127.0.0.1:38815 to /127.0.0.1:53744" [_thread_in_native, id=3496, stack(0x00007fed2d036000,0x00007fed2d137000)]
  0x00007fed00013800 JavaThread "Daemon Thread 2" [_thread_blocked, id=3495, stack(0x00007fed2d539000,0x00007fed2d63a000)]
  0x00007fecf0303800 JavaThread "pool-2-thread-1" [_thread_blocked, id=3324, stack(0x00007fecdf2ff000,0x00007fecdf400000)]
  0x00007fecf03a1000 JavaThread "File lock request listener" [_thread_in_native, id=3312, stack(0x00007fed2c9b9000,0x00007fed2caba000)]
  0x00007fed54d7b800 JavaThread "pool-1-thread-1" [_thread_blocked, id=3309, stack(0x00007fed2cf35000,0x00007fed2d036000)]
  0x00007fed54d16800 JavaThread "Incoming local TCP Connector on port 38815" [_thread_in_native, id=3302, stack(0x00007fed2d841000,0x00007fed2d942000)]
  0x00007fed540c7800 JavaThread "Service Thread" daemon [_thread_blocked, id=3300, stack(0x00007fed2f01b000,0x00007fed2f11c000)]
  0x00007fed540bc800 JavaThread "C1 CompilerThread2" daemon [_thread_blocked, id=3299, stack(0x00007fed2f11c000,0x00007fed2f21d000)]
  0x00007fed540ba800 JavaThread "C2 CompilerThread1" daemon [_thread_blocked, id=3298, stack(0x00007fed2f21d000,0x00007fed2f31e000)]
  0x00007fed540b7800 JavaThread "C2 CompilerThread0" daemon [_thread_blocked, id=3297, stack(0x00007fed2f31e000,0x00007fed2f41f000)]
  0x00007fed540b6800 JavaThread "Signal Dispatcher" daemon [_thread_blocked, id=3296, stack(0x00007fed2f41f000,0x00007fed2f520000)]
  0x00007fed54083800 JavaThread "Finalizer" daemon [_thread_blocked, id=3295, stack(0x00007fed2f7f8000,0x00007fed2f8f9000)]
  0x00007fed5407f000 JavaThread "Reference Handler" daemon [_thread_blocked, id=3294, stack(0x00007fed2f8f9000,0x00007fed2f9fa000)]
  0x00007fed5400a000 JavaThread "main" [_thread_blocked, id=3286, stack(0x00007fed5b38e000,0x00007fed5b48f000)]

Other Threads:
=>0x00007fed54077800 VMThread [stack: 0x00007fed2f9fa000,0x00007fed2fafb000] [id=3293]
  0x00007fed540ca000 WatcherThread [stack: 0x00007fed2ef1a000,0x00007fed2f01b000] [id=3301]

VM state:at safepoint (normal execution)

VM Mutex/Monitor currently owned by a thread:  ([mutex/lock_event])
[0x00007fed54005df0] ExpandHeap_lock - owner thread: 0x00007fed54077800
[0x00007fed54006470] Threads_lock - owner thread: 0x00007fed54077800
[0x00007fed54006970] Heap_lock - owner thread: 0x00007fecfc07b000

Heap:
 PSYoungGen      total 377856K, used 16895K [0x00000000e0000000, 0x0000000100000000, 0x0000000100000000)
  eden space 284672K, 0% used [0x00000000e0000000,0x00000000e0000000,0x00000000f1600000)
  from space 93184K, 18% used [0x00000000fa500000,0x00000000fb57ff70,0x0000000100000000)
  to   space 119808K, 0% used [0x00000000f1600000,0x00000000f1600000,0x00000000f8b00000)
 ParOldGen       total 442880K, used 442514K [0x00000000a0000000, 0x00000000bb080000, 0x00000000e0000000)
  object space 442880K, 99% used [0x00000000a0000000,0x00000000bb0249e0,0x00000000bb080000)
 Metaspace       used 74123K, capacity 77040K, committed 77184K, reserved 1116160K
  class space    used 9434K, capacity 10108K, committed 10112K, reserved 1048576K

Card table byte_map: [0x00007fed44cff000,0x00007fed45000000] byte_map_base: 0x00007fed447ff000

Marking Bits: (ParMarkBitMap*) 0x00007fed5a85c340
 Begin Bits: [0x00007fed35000000, 0x00007fed36800000)
 End Bits:   [0x00007fed36800000, 0x00007fed38000000)

Polling page: 0x00007fed5b4ae000

CodeCache: size=245760Kb used=48758Kb max_used=49673Kb free=197001Kb
 bounds [0x00007fed45000000, 0x00007fed481c0000, 0x00007fed54000000]
 total_blobs=14669 nmethods=13875 adapters=704
 compilation: enabled

Compilation events (10 events):
Event: 183.782 Thread 0x00007fed540ba800 nmethod 18125% 0x00007fed47207a10 code [0x00007fed47207e40, 0x00007fed4720af38]
Event: 183.782 Thread 0x00007fed540ba800 18248       4       com.android.dx.rop.type.StdTypeList::withFirst (53 bytes)
Event: 183.790 Thread 0x00007fed540ba800 nmethod 18248 0x00007fed47191450 code [0x00007fed471915c0, 0x00007fed471918b8]
Event: 183.790 Thread 0x00007fed540ba800 18254 %     4       com.android.dx.ssa.Dominators::run @ 137 (506 bytes)
Event: 184.013 Thread 0x00007fed540bc800 18257 %     3       com.android.dx.cf.code.ByteCatchList::toTargetList @ 70 (114 bytes)
Event: 184.015 Thread 0x00007fed540bc800 nmethod 18257% 0x00007fed4759b1d0 code [0x00007fed4759b400, 0x00007fed4759c2c8]
Event: 184.044 Thread 0x00007fed540bc800 18258       3       com.android.dx.cf.code.ByteCatchList::toTargetList (114 bytes)
Event: 184.045 Thread 0x00007fed540bc800 nmethod 18258 0x00007fed478d1d50 code [0x00007fed478d1f80, 0x00007fed478d2d08]
Event: 184.099 Thread 0x00007fed540bc800 18259       2       com.android.dx.dex.code.SwitchData::<init> (117 bytes)
Event: 184.100 Thread 0x00007fed540bc800 nmethod 18259 0x00007fed45155a10 code [0x00007fed45155c00, 0x00007fed45156188]

GC Heap History (10 events):
Event: 178.962 GC heap after
Heap after GC invocations=31 (full 7):
 PSYoungGen      total 438272K, used 5231K [0x00000000e0000000, 0x0000000100000000, 0x0000000100000000)
  eden space 350720K, 0% used [0x00000000e0000000,0x00000000e0000000,0x00000000f5680000)
  from space 87552K, 5% used [0x00000000faa80000,0x00000000faf9bca0,0x0000000100000000)
  to   space 86016K, 0% used [0x00000000f5680000,0x00000000f5680000,0x00000000faa80000)
 ParOldGen       total 442880K, used 284796K [0x00000000a0000000, 0x00000000bb080000, 0x00000000e0000000)
  object space 442880K, 64% used [0x00000000a0000000,0x00000000b161f3d8,0x00000000bb080000)
 Metaspace       used 74111K, capacity 77040K, committed 77184K, reserved 1116160K
  class space    used 9434K, capacity 10108K, committed 10112K, reserved 1048576K
}
Event: 179.774 GC heap before
{Heap before GC invocations=32 (full 7):
 PSYoungGen      total 438272K, used 355951K [0x00000000e0000000, 0x0000000100000000, 0x0000000100000000)
  eden space 350720K, 100% used [0x00000000e0000000,0x00000000f5680000,0x00000000f5680000)
  from space 87552K, 5% used [0x00000000faa80000,0x00000000faf9bca0,0x0000000100000000)
  to   space 86016K, 0% used [0x00000000f5680000,0x00000000f5680000,0x00000000faa80000)
 ParOldGen       total 442880K, used 284796K [0x00000000a0000000, 0x00000000bb080000, 0x00000000e0000000)
  object space 442880K, 64% used [0x00000000a0000000,0x00000000b161f3d8,0x00000000bb080000)
 Metaspace       used 74112K, capacity 77040K, committed 77184K, reserved 1116160K
  class space    used 9434K, capacity 10108K, committed 10112K, reserved 1048576K
Event: 179.953 GC heap after
Heap after GC invocations=32 (full 7):
 PSYoungGen      total 379392K, used 28639K [0x00000000e0000000, 0x00000000ff780000, 0x0000000100000000)
  eden space 350720K, 0% used [0x00000000e0000000,0x00000000e0000000,0x00000000f5680000)
  from space 28672K, 99% used [0x00000000f5680000,0x00000000f7277c90,0x00000000f7280000)
  to   space 82432K, 0% used [0x00000000fa700000,0x00000000fa700000,0x00000000ff780000)
 ParOldGen       total 442880K, used 288953K [0x00000000a0000000, 0x00000000bb080000, 0x00000000e0000000)
  object space 442880K, 65% used [0x00000000a0000000,0x00000000b1a2e6e0,0x00000000bb080000)
 Metaspace       used 74112K, capacity 77040K, committed 77184K, reserved 1116160K
  class space    used 9434K, capacity 10108K, committed 10112K, reserved 1048576K
}
Event: 181.204 GC heap before
{Heap before GC invocations=33 (full 7):
 PSYoungGen      total 379392K, used 379359K [0x00000000e0000000, 0x00000000ff780000, 0x0000000100000000)
  eden space 350720K, 100% used [0x00000000e0000000,0x00000000f5680000,0x00000000f5680000)
  from space 28672K, 99% used [0x00000000f5680000,0x00000000f7277c90,0x00000000f7280000)
  to   space 82432K, 0% used [0x00000000fa700000,0x00000000fa700000,0x00000000ff780000)
 ParOldGen       total 442880K, used 288953K [0x00000000a0000000, 0x00000000bb080000, 0x00000000e0000000)
  object space 442880K, 65% used [0x00000000a0000000,0x00000000b1a2e6e0,0x00000000bb080000)
 Metaspace       used 74119K, capacity 77040K, committed 77184K, reserved 1116160K
  class space    used 9434K, capacity 10108K, committed 10112K, reserved 1048576K
Event: 181.340 GC heap after
Heap after GC invocations=33 (full 7):
 PSYoungGen      total 420352K, used 77219K [0x00000000e0000000, 0x0000000100000000, 0x0000000100000000)
  eden space 337920K, 0% used [0x00000000e0000000,0x00000000e0000000,0x00000000f4a00000)
  from space 82432K, 93% used [0x00000000fa700000,0x00000000ff268f48,0x00000000ff780000)
  to   space 93184K, 0% used [0x00000000f4a00000,0x00000000f4a00000,0x00000000fa500000)
 ParOldGen       total 442880K, used 288953K [0x00000000a0000000, 0x00000000bb080000, 0x00000000e0000000)
  object space 442880K, 65% used [0x00000000a0000000,0x00000000b1a2e6e0,0x00000000bb080000)
 Metaspace       used 74119K, capacity 77040K, committed 77184K, reserved 1116160K
  class space    used 9434K, capacity 10108K, committed 10112K, reserved 1048576K
}
Event: 182.708 GC heap before
{Heap before GC invocations=34 (full 7):
 PSYoungGen      total 420352K, used 415139K [0x00000000e0000000, 0x0000000100000000, 0x0000000100000000)
  eden space 337920K, 100% used [0x00000000e0000000,0x00000000f4a00000,0x00000000f4a00000)
  from space 82432K, 93% used [0x00000000fa700000,0x00000000ff268f48,0x00000000ff780000)
  to   space 93184K, 0% used [0x00000000f4a00000,0x00000000f4a00000,0x00000000fa500000)
 ParOldGen       total 442880K, used 288953K [0x00000000a0000000, 0x00000000bb080000, 0x00000000e0000000)
  object space 442880K, 65% used [0x00000000a0000000,0x00000000b1a2e6e0,0x00000000bb080000)
 Metaspace       used 74123K, capacity 77040K, committed 77184K, reserved 1116160K
  class space    used 9434K, capacity 10108K, committed 10112K, reserved 1048576K
Event: 182.924 GC heap after
Heap after GC invocations=34 (full 7):
 PSYoungGen      total 431104K, used 93170K [0x00000000e0000000, 0x0000000100000000, 0x0000000100000000)
  eden space 337920K, 0% used [0x00000000e0000000,0x00000000e0000000,0x00000000f4a00000)
  from space 93184K, 99% used [0x00000000f4a00000,0x00000000fa4fc868,0x00000000fa500000)
  to   space 93184K, 0% used [0x00000000fa500000,0x00000000fa500000,0x0000000100000000)
 ParOldGen       total 442880K, used 322971K [0x00000000a0000000, 0x00000000bb080000, 0x00000000e0000000)
  object space 442880K, 72% used [0x00000000a0000000,0x00000000b3b66d18,0x00000000bb080000)
 Metaspace       used 74123K, capacity 77040K, committed 77184K, reserved 1116160K
  class space    used 9434K, capacity 10108K, committed 10112K, reserved 1048576K
}
Event: 184.115 GC heap before
{Heap before GC invocations=35 (full 7):
 PSYoungGen      total 431104K, used 431090K [0x00000000e0000000, 0x0000000100000000, 0x0000000100000000)
  eden space 337920K, 100% used [0x00000000e0000000,0x00000000f4a00000,0x00000000f4a00000)
  from space 93184K, 99% used [0x00000000f4a00000,0x00000000fa4fc868,0x00000000fa500000)
  to   space 93184K, 0% used [0x00000000fa500000,0x00000000fa500000,0x0000000100000000)
 ParOldGen       total 442880K, used 322971K [0x00000000a0000000, 0x00000000bb080000, 0x00000000e0000000)
  object space 442880K, 72% used [0x00000000a0000000,0x00000000b3b66d18,0x00000000bb080000)
 Metaspace       used 74123K, capacity 77040K, committed 77184K, reserved 1116160K
  class space    used 9434K, capacity 10108K, committed 10112K, reserved 1048576K
Event: 184.401 GC heap after
Heap after GC invocations=35 (full 7):
 PSYoungGen      total 377856K, used 68263K [0x00000000e0000000, 0x0000000100000000, 0x0000000100000000)
  eden space 284672K, 0% used [0x00000000e0000000,0x00000000e0000000,0x00000000f1600000)
  from space 93184K, 73% used [0x00000000fa500000,0x00000000fe7a9dd0,0x0000000100000000)
  to   space 119808K, 0% used [0x00000000f1600000,0x00000000f1600000,0x00000000f8b00000)
 ParOldGen       total 442880K, used 395833K [0x00000000a0000000, 0x00000000bb080000, 0x00000000e0000000)
  object space 442880K, 89% used [0x00000000a0000000,0x00000000b828e690,0x00000000bb080000)
 Metaspace       used 74123K, capacity 77040K, committed 77184K, reserved 1116160K
  class space    used 9434K, capacity 10108K, committed 10112K, reserved 1048576K
}
Event: 184.401 GC heap before
{Heap before GC invocations=36 (full 8):
 PSYoungGen      total 377856K, used 68263K [0x00000000e0000000, 0x0000000100000000, 0x0000000100000000)
  eden space 284672K, 0% used [0x00000000e0000000,0x00000000e0000000,0x00000000f1600000)
  from space 93184K, 73% used [0x00000000fa500000,0x00000000fe7a9dd0,0x0000000100000000)
  to   space 119808K, 0% used [0x00000000f1600000,0x00000000f1600000,0x00000000f8b00000)
 ParOldGen       total 442880K, used 395833K [0x00000000a0000000, 0x00000000bb080000, 0x00000000e0000000)
  object space 442880K, 89% used [0x00000000a0000000,0x00000000b828e690,0x00000000bb080000)
 Metaspace       used 74123K, capacity 77040K, committed 77184K, reserved 1116160K
  class space    used 9434K, capacity 10108K, committed 10112K, reserved 1048576K

Deoptimization events (10 events):
Event: 173.730 Thread 0x00007fecfc079000 Uncommon trap: reason=unstable_if action=reinterpret pc=0x00007fed4739545c method=java.util.concurrent.ConcurrentHashMap.putVal(Ljava/lang/Object;Ljava/lang/Object;Z)Ljava/lang/Object; @ 288
Event: 175.841 Thread 0x00007fecfc079000 Uncommon trap: reason=bimorphic action=maybe_recompile pc=0x00007fed4805fe6c method=com.android.dx.ssa.LiteralOpUpgrader.tryReplacingWithConstant(Lcom/android/dx/ssa/NormalSsaInsn;)Z @ 62
Event: 175.897 Thread 0x00007fecfc07b000 Uncommon trap: reason=bimorphic action=maybe_recompile pc=0x00007fed4805fe6c method=com.android.dx.ssa.LiteralOpUpgrader.tryReplacingWithConstant(Lcom/android/dx/ssa/NormalSsaInsn;)Z @ 62
Event: 175.925 Thread 0x00007fecfc07a000 Uncommon trap: reason=bimorphic action=maybe_recompile pc=0x00007fed4805fe6c method=com.android.dx.ssa.LiteralOpUpgrader.tryReplacingWithConstant(Lcom/android/dx/ssa/NormalSsaInsn;)Z @ 62
Event: 175.948 Thread 0x00007fecfc07b000 Uncommon trap: reason=bimorphic action=maybe_recompile pc=0x00007fed4805fe6c method=com.android.dx.ssa.LiteralOpUpgrader.tryReplacingWithConstant(Lcom/android/dx/ssa/NormalSsaInsn;)Z @ 62
Event: 180.214 Thread 0x00007fecfc07a000 Uncommon trap: reason=unstable_if action=reinterpret pc=0x00007fed45c6fcb8 method=java.util.concurrent.ConcurrentHashMap.transfer([Ljava/util/concurrent/ConcurrentHashMap$Node;[Ljava/util/concurrent/ConcurrentHashMap$Node;)V @ 277
Event: 181.557 Thread 0x00007fecfc079000 Uncommon trap: reason=unstable_if action=reinterpret pc=0x00007fed48171c20 method=com.android.dx.ssa.SsaMethod.getExitBlock()Lcom/android/dx/ssa/SsaBasicBlock; @ 4
Event: 181.557 Thread 0x00007fecfc079000 Uncommon trap: reason=unstable_if action=reinterpret pc=0x00007fed457c6898 method=com.android.dx.ssa.SsaMethod.getExitBlock()Lcom/android/dx/ssa/SsaBasicBlock; @ 4
Event: 181.909 Thread 0x00007fecfc079000 Uncommon trap: reason=unstable_if action=reinterpret pc=0x00007fed4818c868 method=com.android.dx.rop.code.LocalVariableExtractor.processBlock(I)V @ 208
Event: 183.459 Thread 0x00007fecfc079000 Uncommon trap: reason=unstable_if action=reinterpret pc=0x00007fed47e3208c method=com.android.dx.rop.code.DexTranslationAdvice.hasConstantOperation(Lcom/android/dx/rop/code/Rop;Lcom/android/dx/rop/code/RegisterSpec;Lcom/android/dx/rop/code/RegisterSpec;)Z

Internal exceptions (10 events):
Event: 130.969 Thread 0x00007fed04005800 Exception <a 'sun/nio/fs/UnixException'> (0x00000000e5d6a848) thrown at [/ssd/Android/AOSP-openjdk/external/jetbrains/jdk/hotspot/src/share/vm/prims/jni.cpp, line 709]
Event: 130.969 Thread 0x00007fed04005800 Exception <a 'sun/nio/fs/UnixException'> (0x00000000e5d6bc60) thrown at [/ssd/Android/AOSP-openjdk/external/jetbrains/jdk/hotspot/src/share/vm/prims/jni.cpp, line 709]
Event: 130.969 Thread 0x00007fed04005800 Exception <a 'sun/nio/fs/UnixException'> (0x00000000e5d6e5f0) thrown at [/ssd/Android/AOSP-openjdk/external/jetbrains/jdk/hotspot/src/share/vm/prims/jni.cpp, line 709]
Event: 130.969 Thread 0x00007fed04005800 Exception <a 'sun/nio/fs/UnixException'> (0x00000000e5d6f910) thrown at [/ssd/Android/AOSP-openjdk/external/jetbrains/jdk/hotspot/src/share/vm/prims/jni.cpp, line 709]
Event: 138.645 Thread 0x00007fed04005800 Implicit null exception at 0x00007fed47233785 to 0x00007fed47233e6d
Event: 151.439 Thread 0x00007fecd0056800 Exception <a 'java/lang/NoSuchMethodError': <clinit>> (0x00000000e98ecdf0) thrown at [/ssd/Android/AOSP-openjdk/external/jetbrains/jdk/hotspot/src/share/vm/prims/jni.cpp, line 1613]
Event: 159.783 Thread 0x00007fed04005800 Implicit null exception at 0x00007fed47a9518f to 0x00007fed47a95971
Event: 168.315 Thread 0x00007fecfc07a000 Implicit null exception at 0x00007fed474720e2 to 0x00007fed474721db
Event: 168.505 Thread 0x00007fecfc079000 Implicit null exception at 0x00007fed478aa4fe to 0x00007fed478ab429
Event: 173.730 Thread 0x00007fecfc079000 Implicit null exception at 0x00007fed47394db0 to 0x00007fed4739542d

Events (10 events):
Event: 184.083 Thread 0x00007fecfc077800 DEOPT UNPACKING pc=0x00007fed45047373 sp=0x00007fecdc6762b0 mode 0
Event: 184.097 Thread 0x00007fecfc07b000 DEOPT PACKING pc=0x00007fed473a9f68 sp=0x00007fecddafa570
Event: 184.097 Thread 0x00007fecfc07b000 DEOPT UNPACKING pc=0x00007fed45047373 sp=0x00007fecddafa2b0 mode 0
Event: 184.101 Thread 0x00007fecfc079000 DEOPT PACKING pc=0x00007fed473a9f68 sp=0x00007fecdd9f9510
Event: 184.101 Thread 0x00007fecfc079000 DEOPT UNPACKING pc=0x00007fed45047373 sp=0x00007fecdd9f9250 mode 0
Event: 184.108 Thread 0x00007fecd0292000 DEOPT PACKING pc=0x00007fed473a9f68 sp=0x00007fecddbfabf0
Event: 184.108 Thread 0x00007fecd0292000 DEOPT UNPACKING pc=0x00007fed45047373 sp=0x00007fecddbfa930 mode 0
Event: 184.114 Thread 0x00007fecfc07b000 DEOPT PACKING pc=0x00007fed47eaccc6 sp=0x00007fecddafaec0
Event: 184.115 Thread 0x00007fecfc07b000 DEOPT UNPACKING pc=0x00007fed45047373 sp=0x00007fecddafad20 mode 0
Event: 184.115 Executing VM operation: ParallelGCFailedAllocation


Dynamic libraries:
00400000-00401000 r-xp 00000000 08:07 1201464                            /home/chivu/Downloads/android-studio-p/jre/bin/java
00600000-00601000 r--p 00000000 08:07 1201464                            /home/chivu/Downloads/android-studio-p/jre/bin/java
00601000-00602000 rw-p 00001000 08:07 1201464                            /home/chivu/Downloads/android-studio-p/jre/bin/java
006e4000-00705000 rw-p 00000000 00:00 0                                  [heap]
a0000000-bb080000 rw-p 00000000 00:00 0 
c6600000-e0000000 ---p 00000000 00:00 0 
e0000000-100000000 rw-p 00000000 00:00 0 
100000000-1009e0000 rw-p 00000000 00:00 0 
1009e0000-140000000 ---p 00000000 00:00 0 
7fecbf9ea000-7fecbfb6a000 rw-p 00000000 00:00 0 
7fecbfb6a000-7fecbfbea000 ---p 00000000 00:00 0 
7fecbfbea000-7fecbfdea000 rw-p 00000000 00:00 0 
7fecbfdea000-7fecbffea000 rw-p 00000000 00:00 0 
7fecc0000000-7fecc0049000 rw-p 00000000 00:00 0 
7fecc0049000-7fecc4000000 ---p 00000000 00:00 0 
7fecc4000000-7fecc4021000 rw-p 00000000 00:00 0 
7fecc4021000-7fecc8000000 ---p 00000000 00:00 0 
7fecc8000000-7fecc8021000 rw-p 00000000 00:00 0 
7fecc8021000-7feccc000000 ---p 00000000 00:00 0 
7feccc000000-7feccc021000 rw-p 00000000 00:00 0 
7feccc021000-7fecd0000000 ---p 00000000 00:00 0 
7fecd0000000-7fecd0699000 rw-p 00000000 00:00 0 
7fecd0699000-7fecd4000000 ---p 00000000 00:00 0 
7fecd4000000-7fecd4021000 rw-p 00000000 00:00 0 
7fecd4021000-7fecd8000000 ---p 00000000 00:00 0 
7fecd8000000-7fecd8021000 rw-p 00000000 00:00 0 
7fecd8021000-7fecdc000000 ---p 00000000 00:00 0 
7fecdc023000-7fecdc178000 r--s 00d87000 08:07 1200109                    /home/chivu/Desktop/newsApp/app/build/intermediates/transforms/jarMerging/debug/jars/1/1f/combined.jar
7fecdc178000-7fecdc378000 rw-p 00000000 00:00 0 
7fecdc378000-7fecdc578000 rw-p 00000000 00:00 0 
7fecdc578000-7fecdc57b000 ---p 00000000 00:00 0 
7fecdc57b000-7fecdc679000 rw-p 00000000 00:00 0 
7fecdc679000-7fecdc67c000 ---p 00000000 00:00 0 
7fecdc67c000-7fecdc77a000 rw-p 00000000 00:00 0 
7fecdc77a000-7fecdc77d000 ---p 00000000 00:00 0 
7fecdc77d000-7fecdc87b000 rw-p 00000000 00:00 0 
7fecdc87b000-7fecdc87e000 ---p 00000000 00:00 0 
7fecdc87e000-7fecdc97c000 rw-p 00000000 00:00 0 
7fecdc97c000-7fecdc97f000 ---p 00000000 00:00 0 
7fecdc97f000-7fecdca7d000 rw-p 00000000 00:00 0 
7fecdca7d000-7fecdca80000 ---p 00000000 00:00 0 
7fecdca80000-7fecdcb7e000 rw-p 00000000 00:00 0 
7fecdcb7e000-7fecdcb81000 ---p 00000000 00:00 0 
7fecdcb81000-7fecdcc7f000 rw-p 00000000 00:00 0 
7fecdcc7f000-7fecdcc82000 ---p 00000000 00:00 0 
7fecdcc82000-7fecdcd80000 rw-p 00000000 00:00 0 
7fecdcd80000-7fecdcd83000 ---p 00000000 00:00 0 
7fecdcd83000-7fecdce81000 rw-p 00000000 00:00 0 
7fecdce81000-7fecdce84000 ---p 00000000 00:00 0 
7fecdce84000-7fecdcf82000 rw-p 00000000 00:00 0 
7fecdcf82000-7fecdcf85000 ---p 00000000 00:00 0 
7fecdcf85000-7fecdd283000 rw-p 00000000 00:00 0 
7fecdd283000-7fecdd286000 ---p 00000000 00:00 0 
7fecdd286000-7fecdd2bc000 rw-p 00000000 00:00 0 
7fecdd2bc000-7fecdd2bf000 ---p 00000000 00:00 0 
7fecdd2bf000-7fecdd2f5000 rw-p 00000000 00:00 0 
7fecdd2f5000-7fecdd2f8000 ---p 00000000 00:00 0 
7fecdd2f8000-7fecdd3f6000 rw-p 00000000 00:00 0 
7fecdd3f6000-7fecdd3f9000 ---p 00000000 00:00 0 
7fecdd3f9000-7fecdd4f7000 rw-p 00000000 00:00 0 
7fecdd4f7000-7fecdd4fa000 ---p 00000000 00:00 0 
7fecdd4fa000-7fecdd5f8000 rw-p 00000000 00:00 0 
7fecdd5f8000-7fecdd5fb000 ---p 00000000 00:00 0 
7fecdd5fb000-7fecdd6f9000 rw-p 00000000 00:00 0 
7fecdd6f9000-7fecdd6fc000 ---p 00000000 00:00 0 
7fecdd6fc000-7fecdd7fa000 rw-p 00000000 00:00 0 
7fecdd7fa000-7fecdd7fd000 ---p 00000000 00:00 0 
7fecdd7fd000-7fecdd8fb000 rw-p 00000000 00:00 0 
7fecdd8fb000-7fecdd8fe000 ---p 00000000 00:00 0 
7fecdd8fe000-7fecdd9fc000 rw-p 00000000 00:00 0 
7fecdd9fc000-7fecdd9ff000 ---p 00000000 00:00 0 
7fecdd9ff000-7fecddafd000 rw-p 00000000 00:00 0 
7fecddafd000-7fecddb00000 ---p 00000000 00:00 0 
7fecddb00000-7fecdddfe000 rw-p 00000000 00:00 0 
7fecdddfe000-7fecdde01000 ---p 00000000 00:00 0 
7fecdde01000-7fecde0ff000 rw-p 00000000 00:00 0 
7fecde0ff000-7fecde2ff000 rw-p 00000000 00:00 0 
7fecde2ff000-7fecde4ff000 rw-p 00000000 00:00 0 
7fecde4ff000-7fecde6ff000 rw-p 00000000 00:00 0 
7fecde6ff000-7fecde8ff000 rw-p 00000000 00:00 0 
7fecde8ff000-7fecdeaff000 rw-p 00000000 00:00 0 
7fecdeaff000-7fecdecff000 rw-p 00000000 00:00 0 
7fecdecff000-7fecdeeff000 rw-p 00000000 00:00 0 
7fecdeeff000-7fecdf0ff000 rw-p 00000000 00:00 0 
7fecdf0ff000-7fecdf2ff000 rw-p 00000000 00:00 0 
7fecdf2ff000-7fecdf302000 ---p 00000000 00:00 0 
7fecdf302000-7fecdf600000 rw-p 00000000 00:00 0 
7fecdf600000-7fecdf800000 rw-p 00000000 00:00 0 
7fecdf800000-7fecdfa00000 rw-p 00000000 00:00 0 
7fecdfa00000-7fecdfc00000 rw-p 00000000 00:00 0 
7fecdfc00000-7fecdfe00000 rw-p 00000000 00:00 0 
7fecdfe00000-7fece0000000 rw-p 00000000 00:00 0 
7fece0000000-7fece0021000 rw-p 00000000 00:00 0 
7fece0021000-7fece4000000 ---p 00000000 00:00 0 
7fece4000000-7fece4021000 rw-p 00000000 00:00 0 
7fece4021000-7fece8000000 ---p 00000000 00:00 0 
7fece8000000-7fece8060000 rw-p 00000000 00:00 0 
7fece8060000-7fecec000000 ---p 00000000 00:00 0 
7fecec000000-7fecec021000 rw-p 00000000 00:00 0 
7fecec021000-7fecf0000000 ---p 00000000 00:00 0 
7fecf0000000-7fecf18b7000 rw-p 00000000 00:00 0 
7fecf18b7000-7fecf4000000 ---p 00000000 00:00 0 
7fecf4000000-7fecf4021000 rw-p 00000000 00:00 0 
7fecf4021000-7fecf8000000 ---p 00000000 00:00 0 
7fecf8000000-7fecf8030000 rw-p 00000000 00:00 0 
7fecf8030000-7fecfc000000 ---p 00000000 00:00 0 
7fecfc000000-7fecfc1be000 rw-p 00000000 00:00 0 
7fecfc1be000-7fed00000000 ---p 00000000 00:00 0 
7fed00000000-7fed0006f000 rw-p 00000000 00:00 0 
7fed0006f000-7fed04000000 ---p 00000000 00:00 0 
7fed04000000-7fed04021000 rw-p 00000000 00:00 0 
7fed04021000-7fed08000000 ---p 00000000 00:00 0 
7fed08000000-7fed08021000 rw-p 00000000 00:00 0 
7fed08021000-7fed0c000000 ---p 00000000 00:00 0 
7fed0c000000-7fed0c021000 rw-p 00000000 00:00 0 
7fed0c021000-7fed10000000 ---p 00000000 00:00 0 
7fed10000000-7fed120e2000 rw-p 00000000 00:00 0 
7fed120e2000-7fed14000000 ---p 00000000 00:00 0 
7fed14000000-7fed14f97000 rw-p 00000000 00:00 0 
7fed14f97000-7fed18000000 ---p 00000000 00:00 0 
7fed18000000-7fed18021000 rw-p 00000000 00:00 0 
7fed18021000-7fed1c000000 ---p 00000000 00:00 0 
7fed1c000000-7fed1e384000 rw-p 00000000 00:00 0 
7fed1e384000-7fed20000000 ---p 00000000 00:00 0 
7fed20000000-7fed20021000 rw-p 00000000 00:00 0 
7fed20021000-7fed24000000 ---p 00000000 00:00 0 
7fed24000000-7fed24021000 rw-p 00000000 00:00 0 
7fed24021000-7fed28000000 ---p 00000000 00:00 0 
7fed28000000-7fed28385000 rw-p 00000000 00:00 0 
7fed28385000-7fed2c000000 ---p 00000000 00:00 0 
7fed2c010000-7fed2c013000 ---p 00000000 00:00 0 
7fed2c013000-7fed2c049000 rw-p 00000000 00:00 0 
7fed2c049000-7fed2c04c000 ---p 00000000 00:00 0 
7fed2c04c000-7fed2c082000 rw-p 00000000 00:00 0 
7fed2c082000-7fed2c095000 r--s 00344000 08:07 1201558                    /home/chivu/Downloads/android-studio-p/jre/jre/lib/resources.jar
7fed2c095000-7fed2c096000 r--s 00001000 08:07 1094992                    /home/chivu/.gradle/caches/jars-2/cmhx5eetujk7j30d3nllwxyrlnugzjw/annotations-25.3.3.jar
7fed2c096000-7fed2c09e000 r--s 000a8000 08:07 932893                     /home/chivu/.gradle/caches/jars-2/lp0h431tl0554nh1vx6zomcvteflkp/lombok-ast-0.2.3.jar
7fed2c09e000-7fed2c0b2000 r--s 000b4000 08:07 139376                     /home/chivu/.gradle/caches/jars-2/hgvw6szzawm3evod5l2d6iutfug31w0/uast-162.2228.14.jar
7fed2c0b2000-7fed2c0b4000 r--s 0000d000 08:07 932889                     /home/chivu/.gradle/caches/jars-2/7pwz1bowgakb1eux9ezb56jlturgsyi/commons-codec-1.4.jar
7fed2c0b4000-7fed2c0b6000 r--s 0000d000 08:07 932887                     /home/chivu/.gradle/caches/jars-2/9dj1m0eyooi5qt13735vz8fpkl3cnfy/commons-logging-1.1.1.jar
7fed2c0b6000-7fed2c0bb000 r--s 00028000 08:07 932885                     /home/chivu/.gradle/caches/jars-2/62lv0fe9b3xbqe57f6ljy5upwi7mf6k/httpcore-4.1.jar
7fed2c0bb000-7fed2c0bf000 r--s 0002f000 08:07 932883                     /home/chivu/.gradle/caches/jars-2/gsg5n52frsvw6sx0swqqe2hwijwdcf0/jimfs-1.1.jar
7fed2c0bf000-7fed2c0c0000 r--s 00004000 08:07 932881                     /home/chivu/.gradle/caches/jars-2/lxs252id0979odjrerlctkb26c2vj95/annotations-12.0.jar
7fed2c0c0000-7fed2c0c1000 r--s 00004000 08:07 932879                     /home/chivu/.gradle/caches/jars-2/9kn99dr0rulyl67sct1ephwcop56l61/asm-analysis-5.0.4.jar
7fed2c0c1000-7fed2c0c5000 r--s 00040000 08:07 1094991                    /home/chivu/.gradle/caches/jars-2/ccvn7yglm4blceovs70fngoac1eyn4f/lint-api-25.3.3.jar
7fed2c0c5000-7fed2c0c6000 r--s 0000a000 08:07 932875                     /home/chivu/.gradle/caches/jars-2/nwyg9io65lv6jvmwit2wq82xnnxd7ia/kxml2-2.3.0.jar
7fed2c0c6000-7fed2c0c8000 r--s 00005000 08:07 932873                     /home/chivu/.gradle/caches/jars-2/i6hc1uuj8e9ck59slmzdyz78ydn8sr6/httpmime-4.1.jar
7fed2c0c8000-7fed2c0d0000 r--s 0004e000 08:07 932871                     /home/chivu/.gradle/caches/jars-2/7503wa5irssz0xxahv1xb82p2dl7rr2/httpclient-4.1.1.jar
7fed2c0d0000-7fed2c0d7000 r--s 00053000 08:07 932869                     /home/chivu/.gradle/caches/jars-2/jgkfvs4eqggj7qsyw1f5d3up57hanj1/commons-compress-1.8.1.jar
7fed2c0d7000-7fed2c0dc000 r--s 0002a000 08:07 932867                     /home/chivu/.gradle/caches/jars-2/je8f027qcr1z1egw08byp1ybxbp9kko/gson-2.2.4.jar
7fed2c0dc000-7fed2c0e1000 r--s 0002e000 08:07 1094990                    /home/chivu/.gradle/caches/jars-2/s427p2wh0tfza0xa8qijgx107eeevyl/repository-25.3.3.jar
7fed2c0e1000-7fed2c0e3000 r--s 00006000 08:07 1094989                    /home/chivu/.gradle/caches/jars-2/e2s952s6co8tps89l80r4riixwqo2oe/dvlib-25.3.3.jar
7fed2c0e3000-7fed2c0e5000 r--s 00013000 08:07 1094883                    /home/chivu/.gradle/caches/jars-2/s02k517nvrh8cbp2c8dz4slqska6dj9/layoutlib-api-25.3.3.jar
7fed2c0e5000-7fed2c0f5000 r--s 000d5000 08:07 932857                     /home/chivu/.gradle/caches/jars-2/qzf32gp9kej4w4hlbabft6tplu74cj3/proguard-base-5.3.2.jar
7fed2c0f5000-7fed2c10c000 r--s 00154000 08:07 932851                     /home/chivu/.gradle/caches/jars-2/sfeivjswzitn6n0fnjx3ueszz8gv8o1/antlr4-4.5.3.jar
7fed2c10c000-7fed2c30c000 rw-p 00000000 00:00 0 
7fed2c30c000-7fed2c50c000 rw-p 00000000 00:00 0 
7fed2c50c000-7fed2c70c000 rw-p 00000000 00:00 0 
7fed2c70c000-7fed2c746000 r--s 001e2000 08:07 932623                     /home/chivu/.gradle/caches/jars-2/gsc6q095kyxskeaqm5ejgrya5fy93e4/gradle-core-3.2.jar
7fed2c746000-7fed2c74f000 r--s 00041000 08:07 932621                     /home/chivu/.gradle/caches/jars-2/h9tlqcb3hm1v4dc2krttqmly48oj6dn/gradle-base-services-3.2.jar
7fed2c74f000-7fed2c777000 r--s 001cf000 08:07 932619                     /home/chivu/.gradle/caches/jars-2/87eo0lrvp84r6dbxjq018wy66es2era/guava-jdk5-17.0.jar
7fed2c777000-7fed2c784000 r--s 00041000 08:07 932617                     /home/chivu/.gradle/caches/jars-2/dgtjvv7hz6uw97ja0np1f4qgb2lzw3b/gradle-tooling-api-3.2.jar
7fed2c784000-7fed2c789000 r--s 00058000 08:07 932859                     /home/chivu/.gradle/caches/jars-2/st159835qgxm0l87oqrnhayxos4lc1n/asm-debug-all-5.0.1.jar
7fed2c789000-7fed2c78c000 r--s 00033000 08:07 932855                     /home/chivu/.gradle/caches/jars-2/nz9sndmr8b4xbj4xulkaciy5kdbyfiz/juniversalchardet-1.0.3.jar
7fed2c78c000-7fed2c790000 r--s 0002a000 08:07 932853                     /home/chivu/.gradle/caches/jars-2/krbpn9xjn1qymukyx8cc5l799ty1v3h/commons-io-2.4.jar
7fed2c790000-7fed2c792000 r--s 00002000 08:07 1094881                    /home/chivu/.gradle/caches/jars-2/rh2ip1x2zziz26tr3qzudtz088pqsb2/baseLibrary-2.3.3.jar
7fed2c792000-7fed2c7bd000 r--s 001fc000 08:07 932847                     /home/chivu/.gradle/caches/jars-2/nxjrjftly2xksl8o0wqgivu5netfu2x/guava-18.0.jar
7fed2c7bd000-7fed2c7d0000 r--s 00241000 08:07 932845                     /home/chivu/.gradle/caches/jars-2/9yuekvg4qerfitq3xec0iyckuw3hwaq/ecj-4.6.1.jar
7fed2c7d0000-7fed2c7d7000 r--s 000d9000 08:07 1094862                    /home/chivu/.gradle/caches/jars-2/ak89aa8liqmr44u7r08njntn6oehe0z/lint-checks-25.3.3.jar
7fed2c7d7000-7fed2c7d9000 r--s 00006000 08:07 932841                     /home/chivu/.gradle/caches/jars-2/6phgj9ki3jl3p5epzkqoo8pr6kur40b/asm-tree-5.0.4.jar
7fed2c7d9000-7fed2c80c000 r--s 00203000 08:07 932839                     /home/chivu/.gradle/caches/jars-2/hj0bfvxu9cq7hkwmecvp0kg137or3hh/bcprov-jdk15on-1.48.jar
7fed2c80c000-7fed2c81a000 r--s 00081000 08:07 932837                     /home/chivu/.gradle/caches/jars-2/4r7xli0tz94y0wfjrdyjxlxar3g1pb9/bcpkix-jdk15on-1.48.jar
7fed2c81a000-7fed2c81c000 r--s 00002000 08:07 932835                     /home/chivu/.gradle/caches/jars-2/f32bh5uivuf69ecz2j8hl96ksnqdh7v/javawriter-2.5.0.jar
7fed2c81c000-7fed2c81e000 r--s 00004000 08:07 1094861                    /home/chivu/.gradle/caches/jars-2/j6s1upogkwo00sygdsekzj4fx0i75uy/tracker-25.3.3.jar
7fed2c81e000-7fed2c81f000 r--s 00005000 08:07 1094860                    /home/chivu/.gradle/caches/jars-2/4svya0t1s9wyo35ycd3atidsaoo6w7e/shared-25.3.3.jar
7fed2c81f000-7fed2c82d000 r--s 00147000 08:07 1094859                    /home/chivu/.gradle/caches/jars-2/qx6695c5ocd9swxv7wqtxor3plyb4b7/protos-25.3.3.jar
7fed2c82d000-7fed2c82e000 r--s 00001000 08:07 139356                     /home/chivu/.gradle/caches/jars-2/bqo69msswbvaagsh45hf1tq02v21sml/jill-api-0.10.0.jar
7fed2c82e000-7fed2c830000 r--s 00003000 08:07 139354                     /home/chivu/.gradle/caches/jars-2/7pldadygbci34ql8thws797g29k1uhh/jack-api-0.13.0.jar
7fed2c830000-7fed2c836000 r--s 0004a000 08:07 1094853                    /home/chivu/.gradle/caches/jars-2/euoqfzf5y1sibp9ul8mcz0wovj380eo/ddmlib-25.3.3.jar
7fed2c836000-7fed2c839000 r--s 00022000 08:07 1094848                    /home/chivu/.gradle/caches/jars-2/a81bg2yxzmumashablwecaj0ksz6tmj/manifest-merger-25.3.3.jar
7fed2c839000-7fed2c83c000 r--s 0001c000 08:07 1094847                    /home/chivu/.gradle/caches/jars-2/l6cnyee1vojrkkbpp6qwgpf30shmrja/common-25.3.3.jar
7fed2c83c000-7fed2c845000 r--s 00089000 08:07 1094417                    /home/chivu/.gradle/caches/jars-2/m0t6h8af70sdgxvkj522jy01i14mnb8/sdk-common-25.3.3.jar
7fed2c845000-7fed2c84f000 r--s 00098000 08:07 1094415                    /home/chivu/.gradle/caches/jars-2/28c9ykhc782k8jmlrnbnccai34hziki/sdklib-25.3.3.jar
7fed2c84f000-7fed2c850000 r--s 00002000 08:07 1094389                    /home/chivu/.gradle/caches/jars-2/4dod7a1p5hoai4v37pxbcg65bbahvg2/builder-test-api-2.3.3.jar
7fed2c850000-7fed2c853000 r--s 00006000 08:07 1094385                    /home/chivu/.gradle/caches/jars-2/omk02asobup8sgd6qxom3ej5bg94z2r/builder-model-2.3.3.jar
7fed2c853000-7fed2c862000 r--s 00130000 08:07 932809                     /home/chivu/.gradle/caches/jars-2/cr6zkqpx14lor9zdtmo49qpc7y8r8p4/protobuf-java-3.0.0.jar
7fed2c862000-7fed2c864000 r--s 0000f000 08:07 932807                     /home/chivu/.gradle/caches/jars-2/rvfyugrlu5tbpz51p98og0qsxamjq4k/jopt-simple-4.9.jar
7fed2c864000-7fed2c868000 r--s 0001f000 08:07 932805                     /home/chivu/.gradle/caches/jars-2/nq3fzqkrrm37ob61z4iu5qdbh368uat/org.jacoco.report-0.7.5.201505241946.jar
7fed2c868000-7fed2c86c000 r--s 0001d000 08:07 932803                     /home/chivu/.gradle/caches/jars-2/3kxkmcckmk40ron92zhbm0qjo9l4bkl/org.jacoco.core-0.7.5.201505241946.jar
7fed2c86c000-7fed2c86e000 r--s 00002000 08:07 932801                     /home/chivu/.gradle/caches/jars-2/m4m0pzb4gmaeh0in5g2xc4bxeuwt828/proguard-gradle-5.3.2.jar
7fed2c86e000-7fed2c870000 r--s 00009000 08:07 932799                     /home/chivu/.gradle/caches/jars-2/ajvcvdu66lc9e3tvvipxtuq48i9bbkc/asm-commons-5.0.4.jar
7fed2c870000-7fed2c872000 r--s 0000c000 08:07 932797                     /home/chivu/.gradle/caches/jars-2/1laz1ygmxoc408r7nwqs1q8uk8r236d/asm-5.0.4.jar
7fed2c872000-7fed2c877000 r--s 0002c000 08:07 1094383                    /home/chivu/.gradle/caches/jars-2/3mlasgi8oo9o7oa12526198jui9zmp2/compilerCommon-2.3.3.jar
7fed2c877000-7fed2c878000 r--s 00002000 08:07 1094379                    /home/chivu/.gradle/caches/jars-2/73l309uzm0ila7rdaaxteq0ng4ayf2y/gradle-api-2.3.3.jar
7fed2c878000-7fed2c879000 r--s 00000000 08:07 139334                     /home/chivu/.gradle/caches/jars-2/tlyajppf8woug00g686fx5mchf8iv3o/transform-api-2.0.0-deprecated-use-gradle-api.jar
7fed2c879000-7fed2c87e000 r--s 0005e000 08:07 1094349                    /home/chivu/.gradle/caches/jars-2/k2xtosjt0in0zj7mpwvctw6iznt93uh/lint-25.3.3.jar
7fed2c87e000-7fed2c894000 r--s 00163000 08:07 1094347                    /home/chivu/.gradle/caches/jars-2/nyg71b5n2lzymmwh5vbtmvjiby07k4g/builder-2.3.3.jar
7fed2c894000-7fed2c8b3000 r--s 001ca000 08:07 1094310                    /home/chivu/.gradle/caches/jars-2/5fwyvjq1ai8mdh1mluqxidj1wo7rls8/gradle-core-2.3.3.jar
7fed2c8b3000-7fed2c8b5000 r--s 00007000 08:07 266240                     /home/chivu/.gradle/caches/modules-2/files-2.1/com.google.gms/google-services/3.1.0/166ae4e6acd03b7bbebe221ffa54bc039fece1b9/google-services-3.1.0.jar
7fed2c8b5000-7fed2c8b7000 r--s 0000d000 08:07 1094266                    /home/chivu/.gradle/caches/jars-2/mel54vauze7hczg2p6nebauqz8s53sj/gradle-2.3.3.jar
7fed2c8b7000-7fed2c927000 r--s 00643000 08:07 932707                     /home/chivu/.gradle/caches/jars-2/8cxlnul3q31hn64oaeyb96yvefwfs4h/groovy-all-2.4.6.jar
7fed2c927000-7fed2c92c000 r--s 0007a000 08:07 1093493                    /home/chivu/.gradle/caches/jars-2/grenzqfqt85mgjj0y0ira3t0y08jana/gradle-tooling-extension-impl.jar
7fed2c92c000-7fed2c931000 r--s 00034000 08:07 932705                     /home/chivu/.gradle/caches/jars-2/c74d41v3l7o57dyhdc4xhdfblc3m2cw/gson-2.5.jar
7fed2c931000-7fed2c934000 ---p 00000000 00:00 0 
7fed2c934000-7fed2c96a000 rw-p 00000000 00:00 0 
7fed2c96a000-7fed2c96b000 r--p 00000000 00:00 0 
7fed2c96b000-7fed2c96c000 r--s 00000000 08:07 932633                     /home/chivu/.gradle/caches/jars-2/dg22azhabc6tsc1i8xni15giz1bnssh/gradle-appengine-builder-model-0.1.0.jar
7fed2c96c000-7fed2c9a9000 r--s 00585000 08:07 1093392                    /home/chivu/.gradle/caches/jars-2/ilom8b20gb67xtnnupbkeqtne7b8kkb/sdk-tools.jar
7fed2c9a9000-7fed2c9aa000 r--s 00002000 08:07 1083683                    /home/chivu/.gradle/caches/jars-2/svwjsy9ijjnr8w6koqz6kn1bqvdhlg4/external-system-rt.jar
7fed2c9aa000-7fed2c9ac000 r--s 0000a000 08:07 947247                     /home/chivu/.gradle/caches/jars-2/7218vekn48fs59m3epgdn3toof1pltz/gradle-tooling-extension-api.jar
7fed2c9ac000-7fed2c9b9000 r--s 0017f000 08:07 947182                     /home/chivu/.gradle/caches/jars-2/f7cyhks7eq64d4l5pocpk32bt94v37r/velocity.jar
7fed2c9b9000-7fed2c9bc000 ---p 00000000 00:00 0 
7fed2c9bc000-7fed2caba000 rw-p 00000000 00:00 0 
7fed2caba000-7fed2cb33000 r--s 010ed000 08:07 1201473                    /home/chivu/Downloads/android-studio-p/jre/lib/tools.jar
7fed2cb33000-7fed2cd33000 rw-p 00000000 00:00 0 
7fed2cd33000-7fed2cd36000 ---p 00000000 00:00 0 
7fed2cd36000-7fed2ce34000 rw-p 00000000 00:00 0 
7fed2ce34000-7fed2ce37000 ---p 00000000 00:00 0 
7fed2ce37000-7fed2cf35000 rw-p 00000000 00:00 0 
7fed2cf35000-7fed2cf38000 ---p 00000000 00:00 0 
7fed2cf38000-7fed2d036000 rw-p 00000000 00:00 0 
7fed2d036000-7fed2d039000 ---p 00000000 00:00 0 
7fed2d039000-7fed2d137000 rw-p 00000000 00:00 0 
7fed2d137000-7fed2d13a000 ---p 00000000 00:00 0 
7fed2d13a000-7fed2d438000 rw-p 00000000 00:00 0 
7fed2d438000-7fed2d43b000 ---p 00000000 00:00 0 
7fed2d43b000-7fed2d539000 rw-p 00000000 00:00 0 
7fed2d539000-7fed2d53c000 ---p 00000000 00:00 0 
7fed2d53c000-7fed2d63a000 rw-p 00000000 00:00 0 
7fed2d63a000-7fed2d641000 r--s 00000000 08:07 1590595                    /usr/lib/x86_64-linux-gnu/gconv/gconv-modules.cache
7fed2d641000-7fed2d841000 rw-p 00000000 00:00 0 
7fed2d841000-7fed2d844000 ---p 00000000 00:00 0 
7fed2d844000-7fed2d942000 rw-p 00000000 00:00 0 
7fed2d942000-7fed2d94b000 r-xp 00000000 08:07 1201548                    /home/chivu/Downloads/android-studio-p/jre/jre/lib/amd64/libmanagement.so
7fed2d94b000-7fed2db4a000 ---p 00009000 08:07 1201548                    /home/chivu/Downloads/android-studio-p/jre/jre/lib/amd64/libmanagement.so
7fed2db4a000-7fed2db4b000 r--p 00008000 08:07 1201548                    /home/chivu/Downloads/android-studio-p/jre/jre/lib/amd64/libmanagement.so
7fed2db4b000-7fed2db4c000 rw-p 00009000 08:07 1201548                    /home/chivu/Downloads/android-studio-p/jre/jre/lib/amd64/libmanagement.so
7fed2db4c000-7fed2db51000 r--s 00098000 08:07 1201512                    /home/chivu/Downloads/android-studio-p/jre/jre/lib/jsse.jar
7fed2db51000-7fed2db53000 r--s 00007000 08:07 1189108                    /home/chivu/.gradle/wrapper/dists/gradle-3.3-all/55gk2rcmfc6p2dg9u9ohc3hw9/gradle-3.3/lib/plugins/gradle-tooling-api-builders-3.3.jar
7fed2db53000-7fed2db56000 r--s 00009000 08:07 1189101                    /home/chivu/.gradle/wrapper/dists/gradle-3.3-all/55gk2rcmfc6p2dg9u9ohc3hw9/gradle-3.3/lib/plugins/gradle-testing-native-3.3.jar
7fed2db56000-7fed2db5c000 r--s 00033000 08:07 1189176                    /home/chivu/.gradle/wrapper/dists/gradle-3.3-all/55gk2rcmfc6p2dg9u9ohc3hw9/gradle-3.3/lib/plugins/snakeyaml-1.6.jar
7fed2db5c000-7fed2db5e000 r--s 00006000 08:07 1189175                    /home/chivu/.gradle/wrapper/dists/gradle-3.3-all/55gk2rcmfc6p2dg9u9ohc3hw9/gradle-3.3/lib/plugins/jcommander-1.12.jar
7fed2db5e000-7fed2db63000 r--s 00040000 08:07 1189174                    /home/chivu/.gradle/wrapper/dists/gradle-3.3-all/55gk2rcmfc6p2dg9u9ohc3hw9/gradle-3.3/lib/plugins/bsh-2.0b4.jar
7fed2db63000-7fed2db65000 r--s 00009000 08:07 1189182                    /home/chivu/.gradle/wrapper/dists/gradle-3.3-all/55gk2rcmfc6p2dg9u9ohc3hw9/gradle-3.3/lib/plugins/hamcrest-core-1.3.jar
7fed2db65000-7fed2db6e000 r--s 00089000 08:07 1189133                    /home/chivu/.gradle/wrapper/dists/gradle-3.3-all/55gk2rcmfc6p2dg9u9ohc3hw9/gradle-3.3/lib/plugins/testng-6.3.1.jar
7fed2db6e000-7fed2db76000 r--s 00045000 08:07 1189132                    /home/chivu/.gradle/wrapper/dists/gradle-3.3-all/55gk2rcmfc6p2dg9u9ohc3hw9/gradle-3.3/lib/plugins/junit-4.12.jar
7fed2db76000-7fed2db7c000 r--s 0002e000 08:07 1189102                    /home/chivu/.gradle/wrapper/dists/gradle-3.3-all/55gk2rcmfc6p2dg9u9ohc3hw9/gradle-3.3/lib/plugins/gradle-testing-jvm-3.3.jar
7fed2db7c000-7fed2db80000 r--s 00016000 08:07 1189100                    /home/chivu/.gradle/wrapper/dists/gradle-3.3-all/55gk2rcmfc6p2dg9u9ohc3hw9/gradle-3.3/lib/plugins/gradle-testing-base-3.3.jar
7fed2db80000-7fed2db87000 r--s 00038000 08:07 1189127                    /home/chivu/.gradle/wrapper/dists/gradle-3.3-all/55gk2rcmfc6p2dg9u9ohc3hw9/gradle-3.3/lib/plugins/bcpg-jdk15on-1.51.jar
7fed2db87000-7fed2db89000 r--s 0000c000 08:07 1189079                    /home/chivu/.gradle/wrapper/dists/gradle-3.3-all/55gk2rcmfc6p2dg9u9ohc3hw9/gradle-3.3/lib/plugins/gradle-signing-3.3.jar
7fed2db89000-7fed2db8b000 r--s 00007000 08:07 1189078                    /home/chivu/.gradle/wrapper/dists/gradle-3.3-all/55gk2rcmfc6p2dg9u9ohc3hw9/gradle-3.3/lib/plugins/gradle-scala-3.3.jar
7fed2db8b000-7fed2db8c000 r--s 00004000 08:07 1189106                    /home/chivu/.gradle/wrapper/dists/gradle-3.3-all/55gk2rcmfc6p2dg9u9ohc3hw9/gradle-3.3/lib/plugins/gradle-resources-sftp-3.3.jar
7fed2db8c000-7fed2db9c000 r--s 00088000 08:07 1189143                    /home/chivu/.gradle/wrapper/dists/gradle-3.3-all/55gk2rcmfc6p2dg9u9ohc3hw9/gradle-3.3/lib/plugins/joda-time-2.8.2.jar
7fed2db9c000-7fed2dbad000 r--s 0010d000 08:07 1189142                    /home/chivu/.gradle/wrapper/dists/gradle-3.3-all/55gk2rcmfc6p2dg9u9ohc3hw9/gradle-3.3/lib/plugins/jackson-databind-2.6.6.jar
7fed2dbad000-7fed2dbb0000 r--s 00009000 08:07 1189141                    /home/chivu/.gradle/wrapper/dists/gradle-3.3-all/55gk2rcmfc6p2dg9u9ohc3hw9/gradle-3.3/lib/plugins/jackson-annotations-2.6.6.jar
7fed2dbb0000-7fed2dbb4000 r--s 0003c000 08:07 1189140                    /home/chivu/.gradle/wrapper/dists/gradle-3.3-all/55gk2rcmfc6p2dg9u9ohc3hw9/gradle-3.3/lib/plugins/jackson-core-2.6.6.jar
7fed2dbb4000-7fed2dbc2000 r--s 00087000 08:07 1189139                    /home/chivu/.gradle/wrapper/dists/gradle-3.3-all/55gk2rcmfc6p2dg9u9ohc3hw9/gradle-3.3/lib/plugins/aws-java-sdk-core-1.11.6.jar
7fed2dbc2000-7fed2dbc9000 r--s 00057000 08:07 1189138                    /home/chivu/.gradle/wrapper/dists/gradle-3.3-all/55gk2rcmfc6p2dg9u9ohc3hw9/gradle-3.3/lib/plugins/aws-java-sdk-kms-1.11.6.jar
7fed2dbc9000-7fed2dbd6000 r--s 0008e000 08:07 1189137                    /home/chivu/.gradle/wrapper/dists/gradle-3.3-all/55gk2rcmfc6p2dg9u9ohc3hw9/gradle-3.3/lib/plugins/aws-java-sdk-s3-1.11.6.jar
7fed2dbd6000-7fed2dbd8000 r--s 00004000 08:07 1189107                    /home/chivu/.gradle/wrapper/dists/gradle-3.3-all/55gk2rcmfc6p2dg9u9ohc3hw9/gradle-3.3/lib/plugins/gradle-resources-s3-3.3.jar
7fed2dbd8000-7fed2dbda000 r--s 00005000 08:07 1189131                    /home/chivu/.gradle/wrapper/dists/gradle-3.3-all/55gk2rcmfc6p2dg9u9ohc3hw9/gradle-3.3/lib/plugins/jatl-0.2.2.jar
7fed2dbda000-7fed2dbdc000 r--s 0000f000 08:07 1189084                    /home/chivu/.gradle/wrapper/dists/gradle-3.3-all/55gk2rcmfc6p2dg9u9ohc3hw9/gradle-3.3/lib/plugins/gradle-reporting-3.3.jar
7fed2dbdc000-7fed2dbde000 r--s 00002000 08:07 1189085                    /home/chivu/.gradle/wrapper/dists/gradle-3.3-all/55gk2rcmfc6p2dg9u9ohc3hw9/gradle-3.3/lib/plugins/gradle-publish-3.3.jar
7fed2dbde000-7fed2dbe0000 r--s 00009000 08:07 1189114                    /home/chivu/.gradle/wrapper/dists/gradle-3.3-all/55gk2rcmfc6p2dg9u9ohc3hw9/gradle-3.3/lib/plugins/commons-cli-1.2.jar
7fed2dbe0000-7fed2dbe6000 r--s 00031000 08:07 1189070                    /home/chivu/.gradle/wrapper/dists/gradle-3.3-all/55gk2rcmfc6p2dg9u9ohc3hw9/gradle-3.3/lib/plugins/gradle-plugins-3.3.jar
7fed2dbe6000-7fed2dbe8000 r--s 00009000 08:07 1189103                    /home/chivu/.gradle/wrapper/dists/gradle-3.3-all/55gk2rcmfc6p2dg9u9ohc3hw9/gradle-3.3/lib/plugins/gradle-plugin-development-3.3.jar
7fed2dbe8000-7fed2dbee000 r--s 0002b000 08:07 1189096                    /home/chivu/.gradle/wrapper/dists/gradle-3.3-all/55gk2rcmfc6p2dg9u9ohc3hw9/gradle-3.3/lib/plugins/gradle-platform-play-3.3.jar
7fed2dbee000-7fed2dbfc000 r--s 00055000 08:07 1189095                    /home/chivu/.gradle/wrapper/dists/gradle-3.3-all/55gk2rcmfc6p2dg9u9ohc3hw9/gradle-3.3/lib/plugins/gradle-platform-native-3.3.jar
7fed2dbfc000-7fed2dc01000 r--s 0001f000 08:07 1189090                    /home/chivu/.gradle/wrapper/dists/gradle-3.3-all/55gk2rcmfc6p2dg9u9ohc3hw9/gradle-3.3/lib/plugins/gradle-platform-jvm-3.3.jar
7fed2dc01000-7fed2dc09000 r--s 00027000 08:07 1189089                    /home/chivu/.gradle/wrapper/dists/gradle-3.3-all/55gk2rcmfc6p2dg9u9ohc3hw9/gradle-3.3/lib/plugins/gradle-platform-base-3.3.jar
7fed2dc09000-7fed2dc31000 r--s 0021c000 08:07 1189122                    /home/chivu/.gradle/wrapper/dists/gradle-3.3-all/55gk2rcmfc6p2dg9u9ohc3hw9/gradle-3.3/lib/plugins/biz.aQute.bndlib-3.2.0.jar
7fed2dc31000-7fed2dc33000 r--s 00003000 08:07 1189074                    /home/chivu/.gradle/wrapper/dists/gradle-3.3-all/55gk2rcmfc6p2dg9u9ohc3hw9/gradle-3.3/lib/plugins/gradle-osgi-3.3.jar
7fed2dc33000-7fed2dc36000 r--s 0000c000 08:07 1189125                    /home/chivu/.gradle/wrapper/dists/gradle-3.3-all/55gk2rcmfc6p2dg9u9ohc3hw9/gradle-3.3/lib/plugins/pmaven-groovy-0.8-20100325.jar
7fed2dc36000-7fed2dc37000 r--s 00004000 08:07 1189124                    /home/chivu/.gradle/wrapper/dists/gradle-3.3-all/55gk2rcmfc6p2dg9u9ohc3hw9/gradle-3.3/lib/plugins/pmaven-common-0.8-20100325.jar
7fed2dc37000-7fed2dc3d000 r--s 00023000 08:07 1189075                    /home/chivu/.gradle/wrapper/dists/gradle-3.3-all/55gk2rcmfc6p2dg9u9ohc3hw9/gradle-3.3/lib/plugins/gradle-maven-3.3.jar
7fed2dc3d000-7fed2dc40000 r--s 0000b000 08:07 1189094                    /home/chivu/.gradle/wrapper/dists/gradle-3.3-all/55gk2rcmfc6p2dg9u9ohc3hw9/gradle-3.3/lib/plugins/gradle-language-scala-3.3.jar
7fed2dc40000-7fed2dc46000 r--s 0001a000 08:07 1189098                    /home/chivu/.gradle/wrapper/dists/gradle-3.3-all/55gk2rcmfc6p2dg9u9ohc3hw9/gradle-3.3/lib/plugins/gradle-language-native-3.3.jar
7fed2dc46000-7fed2dc49000 r--s 00005000 08:07 1189091                    /home/chivu/.gradle/wrapper/dists/gradle-3.3-all/55gk2rcmfc6p2dg9u9ohc3hw9/gradle-3.3/lib/plugins/gradle-language-jvm-3.3.jar
7fed2dc49000-7fed2dc4f000 r--s 00027000 08:07 1189092                    /home/chivu/.gradle/wrapper/dists/gradle-3.3-all/55gk2rcmfc6p2dg9u9ohc3hw9/gradle-3.3/lib/plugins/gradle-language-java-3.3.jar
7fed2dc4f000-7fed2dc51000 r--s 0000a000 08:07 1189093                    /home/chivu/.gradle/wrapper/dists/gradle-3.3-all/55gk2rcmfc6p2dg9u9ohc3hw9/gradle-3.3/lib/plugins/gradle-language-groovy-3.3.jar
7fed2dc51000-7fed2dc54000 r--s 0001e000 08:07 1189149                    /home/chivu/.gradle/wrapper/dists/gradle-3.3-all/55gk2rcmfc6p2dg9u9ohc3hw9/gradle-3.3/lib/plugins/jsp-api-2.1-6.1.14.jar
7fed2dc54000-7fed2dc77000 r--s 00344000 08:07 1189148                    /home/chivu/.gradle/wrapper/dists/gradle-3.3-all/55gk2rcmfc6p2dg9u9ohc3hw9/gradle-3.3/lib/plugins/core-3.1.1.jar
7fed2dc77000-7fed2dc78000 r--s 00006000 08:07 1189147                    /home/chivu/.gradle/wrapper/dists/gradle-3.3-all/55gk2rcmfc6p2dg9u9ohc3hw9/gradle-3.3/lib/plugins/jetty-naming-6.1.26.jar
7fed2dc78000-7fed2dc79000 r--s 00002000 08:07 1189121                    /home/chivu/.gradle/wrapper/dists/gradle-3.3-all/55gk2rcmfc6p2dg9u9ohc3hw9/gradle-3.3/lib/plugins/geronimo-annotation_1.0_spec-1.0.jar
7fed2dc79000-7fed2dc7b000 r--s 00002000 08:07 1189120                    /home/chivu/.gradle/wrapper/dists/gradle-3.3-all/55gk2rcmfc6p2dg9u9ohc3hw9/gradle-3.3/lib/plugins/jetty-annotations-6.1.26.jar
7fed2dc7b000-7fed2dc8c000 r--s 000ea000 08:07 1189119                    /home/chivu/.gradle/wrapper/dists/gradle-3.3-all/55gk2rcmfc6p2dg9u9ohc3hw9/gradle-3.3/lib/plugins/jsp-2.1-6.1.14.jar
7fed2dc8c000-7fed2dc8e000 r--s 0000d000 08:07 1189118                    /home/chivu/.gradle/wrapper/dists/gradle-3.3-all/55gk2rcmfc6p2dg9u9ohc3hw9/gradle-3.3/lib/plugins/jetty-plus-6.1.26.jar
7fed2dc8e000-7fed2dc90000 r--s 0001f000 08:07 1189117                    /home/chivu/.gradle/wrapper/dists/gradle-3.3-all/55gk2rcmfc6p2dg9u9ohc3hw9/gradle-3.3/lib/plugins/servlet-api-2.5-20081211.jar
7fed2dc90000-7fed2dc94000 r--s 00028000 08:07 1189116                    /home/chivu/.gradle/wrapper/dists/gradle-3.3-all/55gk2rcmfc6p2dg9u9ohc3hw9/gradle-3.3/lib/plugins/jetty-util-6.1.26.jar
7fed2dc94000-7fed2dc9b000 r--s 0007d000 08:07 1189115                    /home/chivu/.gradle/wrapper/dists/gradle-3.3-all/55gk2rcmfc6p2dg9u9ohc3hw9/gradle-3.3/lib/plugins/jetty-6.1.26.jar
7fed2dc9b000-7fed2dc9d000 r--s 0000a000 08:07 1189072                    /home/chivu/.gradle/wrapper/dists/gradle-3.3-all/55gk2rcmfc6p2dg9u9ohc3hw9/gradle-3.3/lib/plugins/gradle-jetty-3.3.jar
7fed2dc9d000-7fed2dca4000 r--s 00035000 08:07 1189130                    /home/chivu/.gradle/wrapper/dists/gradle-3.3-all/55gk2rcmfc6p2dg9u9ohc3hw9/gradle-3.3/lib/plugins/simple-4.1.21.jar
7fed2dca4000-7fed2dcb0000 r--s 00100000 08:07 1189128                    /home/chivu/.gradle/wrapper/dists/gradle-3.3-all/55gk2rcmfc6p2dg9u9ohc3hw9/gradle-3.3/lib/plugins/rhino-1.7R3.jar
7fed2dcb0000-7fed2dcb4000 r--s 00012000 08:07 1189081                    /home/chivu/.gradle/wrapper/dists/gradle-3.3-all/55gk2rcmfc6p2dg9u9ohc3hw9/gradle-3.3/lib/plugins/gradle-javascript-3.3.jar
7fed2dcb4000-7fed2dcb6000 r--s 0000d000 08:07 1189087                    /home/chivu/.gradle/wrapper/dists/gradle-3.3-all/55gk2rcmfc6p2dg9u9ohc3hw9/gradle-3.3/lib/plugins/gradle-jacoco-3.3.jar
7fed2dcb6000-7fed2dcb9000 r--s 0000e000 08:07 1189086                    /home/chivu/.gradle/wrapper/dists/gradle-3.3-all/55gk2rcmfc6p2dg9u9ohc3hw9/gradle-3.3/lib/plugins/gradle-ivy-3.3.jar
7fed2dcb9000-7fed2dcba000 r--s 00002000 08:07 1189097                    /home/chivu/.gradle/wrapper/dists/gradle-3.3-all/55gk2rcmfc6p2dg9u9ohc3hw9/gradle-3.3/lib/plugins/gradle-ide-play-3.3.jar
7fed2dcba000-7fed2dcbd000 r--s 00013000 08:07 1189099                    /home/chivu/.gradle/wrapper/dists/gradle-3.3-all/55gk2rcmfc6p2dg9u9ohc3hw9/gradle-3.3/lib/plugins/gradle-ide-native-3.3.jar
7fed2dcbd000-7fed2dcc6000 r--s 00055000 08:07 1189076                    /home/chivu/.gradle/wrapper/dists/gradle-3.3-all/55gk2rcmfc6p2dg9u9ohc3hw9/gradle-3.3/lib/plugins/gradle-ide-3.3.jar
7fed2dcc6000-7fed2dcc8000 r--s 00007000 08:07 1189080                    /home/chivu/.gradle/wrapper/dists/gradle-3.3-all/55gk2rcmfc6p2dg9u9ohc3hw9/gradle-3.3/lib/plugins/gradle-ear-3.3.jar
7fed2dcc8000-7fed2dcce000 r--s 00039000 08:07 1189083                    /home/chivu/.gradle/wrapper/dists/gradle-3.3-all/55gk2rcmfc6p2dg9u9ohc3hw9/gradle-3.3/lib/plugins/gradle-diagnostics-3.3.jar
7fed2dcce000-7fed2dccf000 r--s 00009000 08:07 1189109                    /home/chivu/.gradle/wrapper/dists/gradle-3.3-all/55gk2rcmfc6p2dg9u9ohc3hw9/gradle-3.3/lib/plugins/gradle-composite-builds-3.3.jar
7fed2dccf000-7fed2dcd3000 r--s 00023000 08:07 1189071                    /home/chivu/.gradle/wrapper/dists/gradle-3.3-all/55gk2rcmfc6p2dg9u9ohc3hw9/gradle-3.3/lib/plugins/gradle-code-quality-3.3.jar
7fed2dcd3000-7fed2dcd7000 r--s 00022000 08:07 1189088                    /home/chivu/.gradle/wrapper/dists/gradle-3.3-all/55gk2rcmfc6p2dg9u9ohc3hw9/gradle-3.3/lib/plugins/gradle-build-init-3.3.jar
7fed2dcd7000-7fed2dcdd000 r--s 0008e000 08:07 1189082                    /home/chivu/.gradle/wrapper/dists/gradle-3.3-all/55gk2rcmfc6p2dg9u9ohc3hw9/gradle-3.3/lib/plugins/gradle-build-comparison-3.3.jar
7fed2dcdd000-7fed2dcde000 r--s 00001000 08:07 1189110                    /home/chivu/.gradle/wrapper/dists/gradle-3.3-all/55gk2rcmfc6p2dg9u9ohc3hw9/gradle-3.3/lib/plugins/gradle-build-cache-http-3.3.jar
7fed2dcde000-7fed2dce0000 r--s 00008000 08:07 1189073                    /home/chivu/.gradle/wrapper/dists/gradle-3.3-all/55gk2rcmfc6p2dg9u9ohc3hw9/gradle-3.3/lib/plugins/gradle-antlr-3.3.jar
7fed2dce0000-7fed2dce2000 r--s 00004000 08:07 1189077                    /home/chivu/.gradle/wrapper/dists/gradle-3.3-all/55gk2rcmfc6p2dg9u9ohc3hw9/gradle-3.3/lib/plugins/gradle-announce-3.3.jar
7fed2dce2000-7fed2dcfa000 r--s 00115000 08:07 1189179                    /home/chivu/.gradle/wrapper/dists/gradle-3.3-all/55gk2rcmfc6p2dg9u9ohc3hw9/gradle-3.3/lib/plugins/xercesImpl-2.9.1.jar
7fed2dcfa000-7fed2dd02000 r--s 00028000 08:07 1189180                    /home/chivu/.gradle/wrapper/dists/gradle-3.3-all/55gk2rcmfc6p2dg9u9ohc3hw9/gradle-3.3/lib/plugins/xml-apis-1.3.04.jar
7fed2dd02000-7fed2dd08000 r--s 0005b000 08:07 1189178                    /home/chivu/.gradle/wrapper/dists/gradle-3.3-all/55gk2rcmfc6p2dg9u9ohc3hw9/gradle-3.3/lib/plugins/jcifs-1.3.17.jar
7fed2dd08000-7fed2dd0e000 r--s 00033000 08:07 1189126                    /home/chivu/.gradle/wrapper/dists/gradle-3.3-all/55gk2rcmfc6p2dg9u9ohc3hw9/gradle-3.3/lib/plugins/commons-codec-1.6.jar
7fed2dd0e000-7fed2dd15000 r--s 00049000 08:07 1189177                    /home/chivu/.gradle/wrapper/dists/gradle-3.3-all/55gk2rcmfc6p2dg9u9ohc3hw9/gradle-3.3/lib/plugins/httpcore-4.4.4.jar
7fed2dd15000-7fed2dd18000 r--s 0001c000 08:07 1189135                    /home/chivu/.gradle/wrapper/dists/gradle-3.3-all/55gk2rcmfc6p2dg9u9ohc3hw9/gradle-3.3/lib/plugins/nekohtml-1.9.14.jar
7fed2dd18000-7fed2dd25000 r--s 000a4000 08:07 1189134                    /home/chivu/.gradle/wrapper/dists/gradle-3.3-all/55gk2rcmfc6p2dg9u9ohc3hw9/gradle-3.3/lib/plugins/httpclient-4.4.1.jar
7fed2dd25000-7fed2dd28000 r--s 0000a000 08:07 1189105                    /home/chivu/.gradle/wrapper/dists/gradle-3.3-all/55gk2rcmfc6p2dg9u9ohc3hw9/gradle-3.3/lib/plugins/gradle-resources-http-3.3.jar
7fed2dd28000-7fed2dd2c000 r--s 00015000 08:07 1189104                    /home/chivu/.gradle/wrapper/dists/gradle-3.3-all/55gk2rcmfc6p2dg9u9ohc3hw9/gradle-3.3/lib/plugins/gradle-plugin-use-3.3.jar
7fed2dd2c000-7fed2dd2d000 r--s 00000000 08:07 1189016                    /home/chivu/.gradle/wrapper/dists/gradle-3.3-all/55gk2rcmfc6p2dg9u9ohc3hw9/gradle-3.3/lib/gradle-installation-beacon-3.3.jar
7fed2dd2d000-7fed2dd2f000 r--s 00006000 08:07 1189173                    /home/chivu/.gradle/wrapper/dists/gradle-3.3-all/55gk2rcmfc6p2dg9u9ohc3hw9/gradle-3.3/lib/plugins/aether-connector-wagon-1.13.1.jar
7fed2dd2f000-7fed2dd33000 r--s 0001c000 08:07 1189172                    /home/chivu/.gradle/wrapper/dists/gradle-3.3-all/55gk2rcmfc6p2dg9u9ohc3hw9/gradle-3.3/lib/plugins/aether-util-1.13.1.jar
7fed2dd33000-7fed2dd34000 r--s 00003000 08:07 1189171                    /home/chivu/.gradle/wrapper/dists/gradle-3.3-all/55gk2rcmfc6p2dg9u9ohc3hw9/gradle-3.3/lib/plugins/aether-spi-1.13.1.jar
7fed2dd34000-7fed2dd37000 r--s 0001d000 08:07 1189170                    /home/chivu/.gradle/wrapper/dists/gradle-3.3-all/55gk2rcmfc6p2dg9u9ohc3hw9/gradle-3.3/lib/plugins/aether-impl-1.13.1.jar
7fed2dd37000-7fed2dd3a000 r--s 00013000 08:07 1189169                    /home/chivu/.gradle/wrapper/dists/gradle-3.3-all/55gk2rcmfc6p2dg9u9ohc3hw9/gradle-3.3/lib/plugins/aether-api-1.13.1.jar
7fed2dd3a000-7fed2dd3b000 r--s 00007000 08:07 1189168                    /home/chivu/.gradle/wrapper/dists/gradle-3.3-all/55gk2rcmfc6p2dg9u9ohc3hw9/gradle-3.3/lib/plugins/wagon-http-shared4-2.4.jar
7fed2dd3b000-7fed2dd3d000 r--s 0000b000 08:07 1189167                    /home/chivu/.gradle/wrapper/dists/gradle-3.3-all/55gk2rcmfc6p2dg9u9ohc3hw9/gradle-3.3/lib/plugins/wagon-provider-api-2.4.jar
7fed2dd3d000-7fed2dd3e000 r--s 00002000 08:07 1189166                    /home/chivu/.gradle/wrapper/dists/gradle-3.3-all/55gk2rcmfc6p2dg9u9ohc3hw9/gradle-3.3/lib/plugins/wagon-http-2.4.jar
7fed2dd3e000-7fed2dd3f000 r--s 00002000 08:07 1189165                    /home/chivu/.gradle/wrapper/dists/gradle-3.3-all/55gk2rcmfc6p2dg9u9ohc3hw9/gradle-3.3/lib/plugins/wagon-file-2.4.jar
7fed2dd3f000-7fed2dd41000 r--s 0000c000 08:07 1189164                    /home/chivu/.gradle/wrapper/dists/gradle-3.3-all/55gk2rcmfc6p2dg9u9ohc3hw9/gradle-3.3/lib/plugins/maven-aether-provider-3.0.4.jar
7fed2dd41000-7fed2dd43000 r--s 0000b000 08:07 1189163                    /home/chivu/.gradle/wrapper/dists/gradle-3.3-all/55gk2rcmfc6p2dg9u9ohc3hw9/gradle-3.3/lib/plugins/maven-plugin-api-3.0.4.jar
7fed2dd43000-7fed2dd45000 r--s 00006000 08:07 1189162                    /home/chivu/.gradle/wrapper/dists/gradle-3.3-all/55gk2rcmfc6p2dg9u9ohc3hw9/gradle-3.3/lib/plugins/maven-repository-metadata-3.0.4.jar
7fed2dd45000-7fed2dd47000 r--s 0000b000 08:07 1189161                    /home/chivu/.gradle/wrapper/dists/gradle-3.3-all/55gk2rcmfc6p2dg9u9ohc3hw9/gradle-3.3/lib/plugins/maven-artifact-3.0.4.jar
7fed2dd47000-7fed2dd49000 r--s 00026000 08:07 1189160                    /home/chivu/.gradle/wrapper/dists/gradle-3.3-all/55gk2rcmfc6p2dg9u9ohc3hw9/gradle-3.3/lib/plugins/maven-model-3.0.4.jar
7fed2dd49000-7fed2dd4d000 r--s 00021000 08:07 1189159                    /home/chivu/.gradle/wrapper/dists/gradle-3.3-all/55gk2rcmfc6p2dg9u9ohc3hw9/gradle-3.3/lib/plugins/maven-model-builder-3.0.4.jar
7fed2dd4d000-7fed2dd53000 r--s 0003f000 08:07 1189158                    /home/chivu/.gradle/wrapper/dists/gradle-3.3-all/55gk2rcmfc6p2dg9u9ohc3hw9/gradle-3.3/lib/plugins/maven-compat-3.0.4.jar
7fed2dd53000-7fed2dd54000 r--s 00006000 08:07 1189157                    /home/chivu/.gradle/wrapper/dists/gradle-3.3-all/55gk2rcmfc6p2dg9u9ohc3hw9/gradle-3.3/lib/plugins/plexus-sec-dispatcher-1.3.jar
7fed2dd54000-7fed2dd56000 r--s 00002000 08:07 1189156                    /home/chivu/.gradle/wrapper/dists/gradle-3.3-all/55gk2rcmfc6p2dg9u9ohc3hw9/gradle-3.3/lib/plugins/plexus-cipher-1.7.jar
7fed2dd56000-7fed2dd58000 r--s 0000a000 08:07 1189155                    /home/chivu/.gradle/wrapper/dists/gradle-3.3-all/55gk2rcmfc6p2dg9u9ohc3hw9/gradle-3.3/lib/plugins/plexus-classworlds-2.4.jar
7fed2dd58000-7fed2dd5f000 r--s 0002e000 08:07 1189154                    /home/chivu/.gradle/wrapper/dists/gradle-3.3-all/55gk2rcmfc6p2dg9u9ohc3hw9/gradle-3.3/lib/plugins/plexus-container-default-1.5.5.jar
7fed2dd5f000-7fed2dd61000 r--s 00000000 08:07 1189181                    /home/chivu/.gradle/wrapper/dists/gradle-3.3-all/55gk2rcmfc6p2dg9u9ohc3hw9/gradle-3.3/lib/plugins/plexus-component-annotations-1.5.5.jar
7fed2dd61000-7fed2dd63000 r--s 0000d000 08:07 1189153                    /home/chivu/.gradle/wrapper/dists/gradle-3.3-all/55gk2rcmfc6p2dg9u9ohc3hw9/gradle-3.3/lib/plugins/plexus-interpolation-1.14.jar
7fed2dd63000-7fed2dd67000 r--s 00033000 08:07 1189152                    /home/chivu/.gradle/wrapper/dists/gradle-3.3-all/55gk2rcmfc6p2dg9u9ohc3hw9/gradle-3.3/lib/plugins/plexus-utils-2.0.6.jar
7fed2dd67000-7fed2dd6a000 r--s 00008000 08:07 1189151                    /home/chivu/.gradle/wrapper/dists/gradle-3.3-all/55gk2rcmfc6p2dg9u9ohc3hw9/gradle-3.3/lib/plugins/maven-settings-builder-3.0.4.jar
7fed2dd6a000-7fed2dd6f000 r--s 00040000 08:07 1189136                    /home/chivu/.gradle/wrapper/dists/gradle-3.3-all/55gk2rcmfc6p2dg9u9ohc3hw9/gradle-3.3/lib/plugins/jsch-0.1.53.jar
7fed2dd6f000-7fed2ddaf000 r--s 00277000 08:07 1189146                    /home/chivu/.gradle/wrapper/dists/gradle-3.3-all/55gk2rcmfc6p2dg9u9ohc3hw9/gradle-3.3/lib/plugins/bcprov-jdk15on-1.51.jar
7fed2ddaf000-7fed2ddbb000 r--s 0007d000 08:07 1189123                    /home/chivu/.gradle/wrapper/dists/gradle-3.3-all/55gk2rcmfc6p2dg9u9ohc3hw9/gradle-3.3/lib/plugins/maven-core-3.0.4.jar
7fed2ddbb000-7fed2ddda000 r--s 000f6000 08:07 1189112                    /home/chivu/.gradle/wrapper/dists/gradle-3.3-all/55gk2rcmfc6p2dg9u9ohc3hw9/gradle-3.3/lib/plugins/gradle-dependency-management-3.3.jar
7fed2ddda000-7fed2ddf0000 r-xp 00000000 08:07 529479                     /lib/x86_64-linux-gnu/libgcc_s.so.1
7fed2ddf0000-7fed2dfef000 ---p 00016000 08:07 529479                     /lib/x86_64-linux-gnu/libgcc_s.so.1
7fed2dfef000-7fed2dff0000 rw-p 00015000 08:07 529479                     /lib/x86_64-linux-gnu/libgcc_s.so.1
7fed2dff0000-7fed2e162000 r-xp 00000000 08:07 1312856                    /usr/lib/x86_64-linux-gnu/libstdc++.so.6.0.21
7fed2e162000-7fed2e362000 ---p 00172000 08:07 1312856                    /usr/lib/x86_64-linux-gnu/libstdc++.so.6.0.21
7fed2e362000-7fed2e36c000 r--p 00172000 08:07 1312856                    /usr/lib/x86_64-linux-gnu/libstdc++.so.6.0.21
7fed2e36c000-7fed2e36e000 rw-p 0017c000 08:07 1312856                    /usr/lib/x86_64-linux-gnu/libstdc++.so.6.0.21
7fed2e36e000-7fed2e372000 rw-p 00000000 00:00 0 
7fed2e372000-7fed2e374000 r--s 0000a000 08:07 1189150                    /home/chivu/.gradle/wrapper/dists/gradle-3.3-all/55gk2rcmfc6p2dg9u9ohc3hw9/gradle-3.3/lib/plugins/maven-settings-3.0.4.jar
7fed2e374000-7fed2e378000 r--s 0001d000 08:07 1189145                    /home/chivu/.gradle/wrapper/dists/gradle-3.3-all/55gk2rcmfc6p2dg9u9ohc3hw9/gradle-3.3/lib/plugins/xbean-reflect-3.4.jar
7fed2e378000-7fed2e37d000 r--s 00034000 08:07 1189129                    /home/chivu/.gradle/wrapper/dists/gradle-3.3-all/55gk2rcmfc6p2dg9u9ohc3hw9/gradle-3.3/lib/plugins/gson-2.7.jar
7fed2e37d000-7fed2e38c000 r--s 000d9000 08:07 1189144                    /home/chivu/.gradle/wrapper/dists/gradle-3.3-all/55gk2rcmfc6p2dg9u9ohc3hw9/gradle-3.3/lib/plugins/ivy-2.2.0.jar
7fed2e38c000-7fed2e38e000 r--s 00005000 08:07 1189111                    /home/chivu/.gradle/wrapper/dists/gradle-3.3-all/55gk2rcmfc6p2dg9u9ohc3hw9/gradle-3.3/lib/plugins/gradle-workers-3.3.jar
7fed2e38e000-7fed2e393000 r-xp 00000000 08:07 932602                     /home/chivu/.gradle/native/23/linux-amd64/libnative-platform.so
7fed2e393000-7fed2e592000 ---p 00005000 08:07 932602                     /home/chivu/.gradle/native/23/linux-amd64/libnative-platform.so
7fed2e592000-7fed2e593000 rw-p 00004000 08:07 932602                     /home/chivu/.gradle/native/23/linux-amd64/libnative-platform.so
7fed2e593000-7fed2e5a4000 r-xp 00000000 08:07 1201545                    /home/chivu/Downloads/android-studio-p/jre/jre/lib/amd64/libnio.so
7fed2e5a4000-7fed2e7a3000 ---p 00011000 08:07 1201545                    /home/chivu/Downloads/android-studio-p/jre/jre/lib/amd64/libnio.so
7fed2e7a3000-7fed2e7a4000 r--p 00010000 08:07 1201545                    /home/chivu/Downloads/android-studio-p/jre/jre/lib/amd64/libnio.so
7fed2e7a4000-7fed2e7a5000 rw-p 00011000 08:07 1201545                    /home/chivu/Downloads/android-studio-p/jre/jre/lib/amd64/libnio.so
7fed2e7a5000-7fed2eaa6000 rw-p 00000000 00:00 0 
7fed2eaa6000-7fed2eabd000 r-xp 00000000 08:07 1201544                    /home/chivu/Downloads/android-studio-p/jre/jre/lib/amd64/libnet.so
7fed2eabd000-7fed2ecbc000 ---p 00017000 08:07 1201544                    /home/chivu/Downloads/android-studio-p/jre/jre/lib/amd64/libnet.so
7fed2ecbc000-7fed2ecbd000 r--p 00016000 08:07 1201544                    /home/chivu/Downloads/android-studio-p/jre/jre/lib/amd64/libnet.so
7fed2ecbd000-7fed2ecbe000 rw-p 00017000 08:07 1201544                    /home/chivu/Downloads/android-studio-p/jre/jre/lib/amd64/libnet.so
7fed2ecbe000-7fed2ecbf000 r--s 00006000 08:07 1189015                    /home/chivu/.gradle/wrapper/dists/gradle-3.3-all/55gk2rcmfc6p2dg9u9ohc3hw9/gradle-3.3/lib/gradle-wrapper-3.3.jar
7fed2ecbf000-7fed2eccc000 r--s 00041000 08:07 1189022                    /home/chivu/.gradle/wrapper/dists/gradle-3.3-all/55gk2rcmfc6p2dg9u9ohc3hw9/gradle-3.3/lib/gradle-tooling-api-3.3.jar
7fed2eccc000-7fed2ecce000 r--s 00002000 08:07 1189042                    /home/chivu/.gradle/wrapper/dists/gradle-3.3-all/55gk2rcmfc6p2dg9u9ohc3hw9/gradle-3.3/lib/gradle-open-api-3.3.jar
7fed2ecce000-7fed2ecd4000 r--s 00032000 08:07 1189044                    /home/chivu/.gradle/wrapper/dists/gradle-3.3-all/55gk2rcmfc6p2dg9u9ohc3hw9/gradle-3.3/lib/jaxen-1.1.jar
7fed2ecd4000-7fed2ecd9000 r--s 00048000 08:07 1189043                    /home/chivu/.gradle/wrapper/dists/gradle-3.3-all/55gk2rcmfc6p2dg9u9ohc3hw9/gradle-3.3/lib/dom4j-1.6.1.jar
7fed2ecd9000-7fed2ece4000 r--s 00059000 08:07 1189021                    /home/chivu/.gradle/wrapper/dists/gradle-3.3-all/55gk2rcmfc6p2dg9u9ohc3hw9/gradle-3.3/lib/gradle-ui-3.3.jar
7fed2ece4000-7fed2eced000 r--s 0008c000 08:07 1189013                    /home/chivu/.gradle/wrapper/dists/gradle-3.3-all/55gk2rcmfc6p2dg9u9ohc3hw9/gradle-3.3/lib/kotlin-stdlib-1.1-M02.jar
7fed2eced000-7fed2ecf3000 r--s 0002a000 08:07 1189012                    /home/chivu/.gradle/wrapper/dists/gradle-3.3-all/55gk2rcmfc6p2dg9u9ohc3hw9/gradle-3.3/lib/kotlin-runtime-1.1-M02.jar
7fed2ecf3000-7fed2ed27000 r--s 00256000 08:07 1189011                    /home/chivu/.gradle/wrapper/dists/gradle-3.3-all/55gk2rcmfc6p2dg9u9ohc3hw9/gradle-3.3/lib/kotlin-reflect-1.1-M02.jar
7fed2ed27000-7fed2eebd000 r--s 0157e000 08:07 1189010                    /home/chivu/.gradle/wrapper/dists/gradle-3.3-all/55gk2rcmfc6p2dg9u9ohc3hw9/gradle-3.3/lib/kotlin-compiler-embeddable-1.1-M02.jar
7fed2eebd000-7fed2eec5000 r--s 0004e000 08:07 1189009                    /home/chivu/.gradle/wrapper/dists/gradle-3.3-all/55gk2rcmfc6p2dg9u9ohc3hw9/gradle-3.3/lib/gradle-script-kotlin-0.5.1.jar
7fed2eec5000-7fed2eec8000 r--s 0000b000 08:07 1189040                    /home/chivu/.gradle/wrapper/dists/gradle-3.3-all/55gk2rcmfc6p2dg9u9ohc3hw9/gradle-3.3/lib/gradle-resources-3.3.jar
7fed2eec8000-7fed2eeca000 r--s 00003000 08:07 1189049                    /home/chivu/.gradle/wrapper/dists/gradle-3.3-all/55gk2rcmfc6p2dg9u9ohc3hw9/gradle-3.3/lib/jcl-over-slf4j-1.7.10.jar
7fed2eeca000-7fed2eecb000 r--s 00005000 08:07 1189048                    /home/chivu/.gradle/wrapper/dists/gradle-3.3-all/55gk2rcmfc6p2dg9u9ohc3hw9/gradle-3.3/lib/log4j-over-slf4j-1.7.10.jar
7fed2eecb000-7fed2eecd000 r--s 00000000 08:07 1189047                    /home/chivu/.gradle/wrapper/dists/gradle-3.3-all/55gk2rcmfc6p2dg9u9ohc3hw9/gradle-3.3/lib/jul-to-slf4j-1.7.10.jar
7fed2eecd000-7fed2eed2000 r--s 0001e000 08:07 1189024                    /home/chivu/.gradle/wrapper/dists/gradle-3.3-all/55gk2rcmfc6p2dg9u9ohc3hw9/gradle-3.3/lib/gradle-logging-3.3.jar
7fed2eed2000-7fed2eed4000 r--s 00007000 08:07 1189068                    /home/chivu/.gradle/wrapper/dists/gradle-3.3-all/55gk2rcmfc6p2dg9u9ohc3hw9/gradle-3.3/lib/objenesis-1.2.jar
7fed2eed4000-7fed2eed6000 r--s 00000000 08:07 1189067                    /home/chivu/.gradle/wrapper/dists/gradle-3.3-all/55gk2rcmfc6p2dg9u9ohc3hw9/gradle-3.3/lib/minlog-1.2.jar
7fed2eed6000-7fed2eed8000 r--s 0000f000 08:07 1189066                    /home/chivu/.gradle/wrapper/dists/gradle-3.3-all/55gk2rcmfc6p2dg9u9ohc3hw9/gradle-3.3/lib/reflectasm-1.07-shaded.jar
7fed2eed8000-7fed2eedc000 r--s 00026000 08:07 1189051                    /home/chivu/.gradle/wrapper/dists/gradle-3.3-all/55gk2rcmfc6p2dg9u9ohc3hw9/gradle-3.3/lib/kryo-2.20.jar
7fed2eedc000-7fed2eee2000 r--s 00027000 08:07 1189039                    /home/chivu/.gradle/wrapper/dists/gradle-3.3-all/55gk2rcmfc6p2dg9u9ohc3hw9/gradle-3.3/lib/gradle-messaging-3.3.jar
7fed2eee2000-7fed2eee3000 r--s 00001000 08:07 1189065                    /home/chivu/.gradle/wrapper/dists/gradle-3.3-all/55gk2rcmfc6p2dg9u9ohc3hw9/gradle-3.3/lib/native-platform-linux-i386-ncurses6-0.12.jar
7fed2eee3000-7fed2eee4000 r--s 00001000 08:07 1189064                    /home/chivu/.gradle/wrapper/dists/gradle-3.3-all/55gk2rcmfc6p2dg9u9ohc3hw9/gradle-3.3/lib/native-platform-linux-i386-ncurses5-0.12.jar
7fed2eee4000-7fed2eee5000 r--s 00001000 08:07 1189063                    /home/chivu/.gradle/wrapper/dists/gradle-3.3-all/55gk2rcmfc6p2dg9u9ohc3hw9/gradle-3.3/lib/native-platform-linux-amd64-ncurses6-0.12.jar
7fed2eee5000-7fed2eee6000 r--s 00001000 08:07 1189062                    /home/chivu/.gradle/wrapper/dists/gradle-3.3-all/55gk2rcmfc6p2dg9u9ohc3hw9/gradle-3.3/lib/native-platform-linux-amd64-ncurses5-0.12.jar
7fed2eee6000-7fed2eee7000 r--s 0000b000 08:07 1189061                    /home/chivu/.gradle/wrapper/dists/gradle-3.3-all/55gk2rcmfc6p2dg9u9ohc3hw9/gradle-3.3/lib/native-platform-windows-i386-0.12.jar
7fed2eee7000-7fed2eee9000 r--s 0000b000 08:07 1189060                    /home/chivu/.gradle/wrapper/dists/gradle-3.3-all/55gk2rcmfc6p2dg9u9ohc3hw9/gradle-3.3/lib/native-platform-windows-amd64-0.12.jar
7fed2eee9000-7fed2eeeb000 r--s 00002000 08:07 1189059                    /home/chivu/.gradle/wrapper/dists/gradle-3.3-all/55gk2rcmfc6p2dg9u9ohc3hw9/gradle-3.3/lib/native-platform-osx-i386-0.12.jar
7fed2eeeb000-7fed2eeec000 r--s 00002000 08:07 1189058                    /home/chivu/.gradle/wrapper/dists/gradle-3.3-all/55gk2rcmfc6p2dg9u9ohc3hw9/gradle-3.3/lib/native-platform-osx-amd64-0.12.jar
7fed2eeec000-7fed2eeed000 r--s 00002000 08:07 1189057                    /home/chivu/.gradle/wrapper/dists/gradle-3.3-all/55gk2rcmfc6p2dg9u9ohc3hw9/gradle-3.3/lib/native-platform-linux-i386-0.12.jar
7fed2eeed000-7fed2eeee000 r--s 00002000 08:07 1189056                    /home/chivu/.gradle/wrapper/dists/gradle-3.3-all/55gk2rcmfc6p2dg9u9ohc3hw9/gradle-3.3/lib/native-platform-linux-amd64-0.12.jar
7fed2eeee000-7fed2eeef000 r--s 00003000 08:07 1189055                    /home/chivu/.gradle/wrapper/dists/gradle-3.3-all/55gk2rcmfc6p2dg9u9ohc3hw9/gradle-3.3/lib/native-platform-freebsd-i386-libstdcpp-0.12.jar
7fed2eeef000-7fed2eef0000 r--s 00004000 08:07 1189054                    /home/chivu/.gradle/wrapper/dists/gradle-3.3-all/55gk2rcmfc6p2dg9u9ohc3hw9/gradle-3.3/lib/native-platform-freebsd-i386-libcpp-0.12.jar
7fed2eef0000-7fed2eef2000 r--s 00003000 08:07 1189053                    /home/chivu/.gradle/wrapper/dists/gradle-3.3-all/55gk2rcmfc6p2dg9u9ohc3hw9/gradle-3.3/lib/native-platform-freebsd-amd64-libstdcpp-0.12.jar
7fed2eef2000-7fed2eef5000 r--s 00023000 08:07 1189046                    /home/chivu/.gradle/wrapper/dists/gradle-3.3-all/55gk2rcmfc6p2dg9u9ohc3hw9/gradle-3.3/lib/jansi-1.14.jar
7fed2eef5000-7fed2eef9000 r--s 00011000 08:07 1189045                    /home/chivu/.gradle/wrapper/dists/gradle-3.3-all/55gk2rcmfc6p2dg9u9ohc3hw9/gradle-3.3/lib/native-platform-0.12.jar
7fed2eef9000-7fed2eefc000 r--s 0000a000 08:07 1189023                    /home/chivu/.gradle/wrapper/dists/gradle-3.3-all/55gk2rcmfc6p2dg9u9ohc3hw9/gradle-3.3/lib/gradle-native-3.3.jar
7fed2eefc000-7fed2eefe000 r--s 00005000 08:07 1189020                    /home/chivu/.gradle/wrapper/dists/gradle-3.3-all/55gk2rcmfc6p2dg9u9ohc3hw9/gradle-3.3/lib/gradle-cli-3.3.jar
7fed2eefe000-7fed2ef0d000 r--s 0007f000 08:07 1189030                    /home/chivu/.gradle/wrapper/dists/gradle-3.3-all/55gk2rcmfc6p2dg9u9ohc3hw9/gradle-3.3/lib/gradle-model-core-3.3.jar
7fed2ef0d000-7fed2ef1a000 r--s 00083000 08:07 1189034                    /home/chivu/.gradle/wrapper/dists/gradle-3.3-all/55gk2rcmfc6p2dg9u9ohc3hw9/gradle-3.3/lib/commons-collections-3.2.2.jar
7fed2ef1a000-7fed2ef1b000 ---p 00000000 00:00 0 
7fed2ef1b000-7fed2f01b000 rw-p 00000000 00:00 0 
7fed2f01b000-7fed2f01e000 ---p 00000000 00:00 0 
7fed2f01e000-7fed2f11c000 rw-p 00000000 00:00 0 
7fed2f11c000-7fed2f11f000 ---p 00000000 00:00 0 
7fed2f11f000-7fed2f21d000 rw-p 00000000 00:00 0 
7fed2f21d000-7fed2f220000 ---p 00000000 00:00 0 
7fed2f220000-7fed2f31e000 rw-p 00000000 00:00 0 
7fed2f31e000-7fed2f321000 ---p 00000000 00:00 0 
7fed2f321000-7fed2f41f000 rw-p 00000000 00:00 0 
7fed2f41f000-7fed2f422000 ---p 00000000 00:00 0 
7fed2f422000-7fed2f520000 rw-p 00000000 00:00 0 
7fed2f520000-7fed2f7f8000 r--p 00000000 08:07 1311727                    /usr/lib/locale/locale-archive
7fed2f7f8000-7fed2f7fb000 ---p 00000000 00:00 0 
7fed2f7fb000-7fed2f8f9000 rw-p 00000000 00:00 0 
7fed2f8f9000-7fed2f8fc000 ---p 00000000 00:00 0 
7fed2f8fc000-7fed2f9fa000 rw-p 00000000 00:00 0 
7fed2f9fa000-7fed2f9fb000 ---p 00000000 00:00 0 
7fed2f9fb000-7fed30000000 rw-p 00000000 00:00 0 
7fed30000000-7fed30031000 rw-p 00000000 00:00 0 
7fed30031000-7fed34000000 ---p 00000000 00:00 0 
7fed34000000-7fed34001000 r--s 00004000 08:07 1189052                    /home/chivu/.gradle/wrapper/dists/gradle-3.3-all/55gk2rcmfc6p2dg9u9ohc3hw9/gradle-3.3/lib/native-platform-freebsd-amd64-libcpp-0.12.jar
7fed34001000-7fed34003000 r--s 00007000 08:07 1189031                    /home/chivu/.gradle/wrapper/dists/gradle-3.3-all/55gk2rcmfc6p2dg9u9ohc3hw9/gradle-3.3/lib/gradle-model-groovy-3.3.jar
7fed34003000-7fed34073000 r--s 00641000 08:07 1189029                    /home/chivu/.gradle/wrapper/dists/gradle-3.3-all/55gk2rcmfc6p2dg9u9ohc3hw9/gradle-3.3/lib/groovy-all-2.4.7.jar
7fed34073000-7fed3409b000 r--s 001cf000 08:07 1189026                    /home/chivu/.gradle/wrapper/dists/gradle-3.3-all/55gk2rcmfc6p2dg9u9ohc3hw9/gradle-3.3/lib/guava-jdk5-17.0.jar
7fed3409b000-7fed340d8000 r--s 001f8000 08:07 1189019                    /home/chivu/.gradle/wrapper/dists/gradle-3.3-all/55gk2rcmfc6p2dg9u9ohc3hw9/gradle-3.3/lib/gradle-core-3.3.jar
7fed340d8000-7fed38000000 rw-p 00000000 00:00 0 
7fed38000000-7fed38134000 rw-p 00000000 00:00 0 
7fed38134000-7fed3c000000 ---p 00000000 00:00 0 
7fed3c000000-7fed3c021000 rw-p 00000000 00:00 0 
7fed3c021000-7fed40000000 ---p 00000000 00:00 0 
7fed40000000-7fed4013b000 rw-p 00000000 00:00 0 
7fed4013b000-7fed44000000 ---p 00000000 00:00 0 
7fed44000000-7fed44002000 r--s 00006000 08:07 1189038                    /home/chivu/.gradle/wrapper/dists/gradle-3.3-all/55gk2rcmfc6p2dg9u9ohc3hw9/gradle-3.3/lib/gradle-base-services-groovy-3.3.jar
7fed44002000-7fed443b6000 rw-p 00000000 00:00 0 
7fed443b6000-7fed44585000 r--s 03c1b000 08:07 1201515                    /home/chivu/Downloads/android-studio-p/jre/jre/lib/rt.jar
7fed44585000-7fed448fb000 rw-p 00000000 00:00 0 
7fed448fb000-7fed448fc000 ---p 00000000 00:00 0 
7fed448fc000-7fed449fc000 rw-p 00000000 00:00 0 
7fed449fc000-7fed449fd000 ---p 00000000 00:00 0 
7fed449fd000-7fed44afd000 rw-p 00000000 00:00 0 
7fed44afd000-7fed44afe000 ---p 00000000 00:00 0 
7fed44afe000-7fed44bfe000 rw-p 00000000 00:00 0 
7fed44bfe000-7fed44bff000 ---p 00000000 00:00 0 
7fed44bff000-7fed44dd8000 rw-p 00000000 00:00 0 
7fed44dd8000-7fed44eff000 ---p 00000000 00:00 0 
7fed44eff000-7fed44fff000 rw-p 00000000 00:00 0 
7fed44fff000-7fed45000000 rw-p 00000000 00:00 0 
7fed45000000-7fed481c0000 rwxp 00000000 00:00 0 
7fed481c0000-7fed54000000 ---p 00000000 00:00 0 
7fed54000000-7fed54d81000 rw-p 00000000 00:00 0 
7fed54d81000-7fed58000000 ---p 00000000 00:00 0 
7fed58000000-7fed58001000 r--s 00002000 08:07 1189041                    /home/chivu/.gradle/wrapper/dists/gradle-3.3-all/55gk2rcmfc6p2dg9u9ohc3hw9/gradle-3.3/lib/gradle-docs-3.3.jar
7fed58001000-7fed58020000 r--s 001d1000 08:07 1189033                    /home/chivu/.gradle/wrapper/dists/gradle-3.3-all/55gk2rcmfc6p2dg9u9ohc3hw9/gradle-3.3/lib/ant-1.9.6.jar
7fed58020000-7fed580f9000 rw-p 00000000 00:00 0 
7fed580f9000-7fed58220000 ---p 00000000 00:00 0 
7fed58220000-7fed582e7000 rw-p 00000000 00:00 0 
7fed582e7000-7fed585e0000 ---p 00000000 00:00 0 
7fed585e0000-7fed585fa000 r-xp 00000000 08:07 1201530                    /home/chivu/Downloads/android-studio-p/jre/jre/lib/amd64/libzip.so
7fed585fa000-7fed587fa000 ---p 0001a000 08:07 1201530                    /home/chivu/Downloads/android-studio-p/jre/jre/lib/amd64/libzip.so
7fed587fa000-7fed587fb000 r--p 0001a000 08:07 1201530                    /home/chivu/Downloads/android-studio-p/jre/jre/lib/amd64/libzip.so
7fed587fb000-7fed587fc000 rw-p 0001b000 08:07 1201530                    /home/chivu/Downloads/android-studio-p/jre/jre/lib/amd64/libzip.so
7fed587fc000-7fed58807000 r-xp 00000000 08:07 541944                     /lib/x86_64-linux-gnu/libnss_files-2.23.so
7fed58807000-7fed58a06000 ---p 0000b000 08:07 541944                     /lib/x86_64-linux-gnu/libnss_files-2.23.so
7fed58a06000-7fed58a07000 r--p 0000a000 08:07 541944                     /lib/x86_64-linux-gnu/libnss_files-2.23.so
7fed58a07000-7fed58a08000 rw-p 0000b000 08:07 541944                     /lib/x86_64-linux-gnu/libnss_files-2.23.so
7fed58a08000-7fed58a0e000 rw-p 00000000 00:00 0 
7fed58a0e000-7fed58a19000 r-xp 00000000 08:07 541937                     /lib/x86_64-linux-gnu/libnss_nis-2.23.so
7fed58a19000-7fed58c18000 ---p 0000b000 08:07 541937                     /lib/x86_64-linux-gnu/libnss_nis-2.23.so
7fed58c18000-7fed58c19000 r--p 0000a000 08:07 541937                     /lib/x86_64-linux-gnu/libnss_nis-2.23.so
7fed58c19000-7fed58c1a000 rw-p 0000b000 08:07 541937                     /lib/x86_64-linux-gnu/libnss_nis-2.23.so
7fed58c1a000-7fed58c30000 r-xp 00000000 08:07 541939                     /lib/x86_64-linux-gnu/libnsl-2.23.so
7fed58c30000-7fed58e2f000 ---p 00016000 08:07 541939                     /lib/x86_64-linux-gnu/libnsl-2.23.so
7fed58e2f000-7fed58e30000 r--p 00015000 08:07 541939                     /lib/x86_64-linux-gnu/libnsl-2.23.so
7fed58e30000-7fed58e31000 rw-p 00016000 08:07 541939                     /lib/x86_64-linux-gnu/libnsl-2.23.so
7fed58e31000-7fed58e33000 rw-p 00000000 00:00 0 
7fed58e33000-7fed58e3b000 r-xp 00000000 08:07 541946                     /lib/x86_64-linux-gnu/libnss_compat-2.23.so
7fed58e3b000-7fed5903a000 ---p 00008000 08:07 541946                     /lib/x86_64-linux-gnu/libnss_compat-2.23.so
7fed5903a000-7fed5903b000 r--p 00007000 08:07 541946                     /lib/x86_64-linux-gnu/libnss_compat-2.23.so
7fed5903b000-7fed5903c000 rw-p 00008000 08:07 541946                     /lib/x86_64-linux-gnu/libnss_compat-2.23.so
7fed5903c000-7fed59069000 r-xp 00000000 08:07 1201547                    /home/chivu/Downloads/android-studio-p/jre/jre/lib/amd64/libjava.so
7fed59069000-7fed59268000 ---p 0002d000 08:07 1201547                    /home/chivu/Downloads/android-studio-p/jre/jre/lib/amd64/libjava.so
7fed59268000-7fed59269000 r--p 0002c000 08:07 1201547                    /home/chivu/Downloads/android-studio-p/jre/jre/lib/amd64/libjava.so
7fed59269000-7fed5926b000 rw-p 0002d000 08:07 1201547                    /home/chivu/Downloads/android-studio-p/jre/jre/lib/amd64/libjava.so
7fed5926b000-7fed5927b000 r-xp 00000000 08:07 1201520                    /home/chivu/Downloads/android-studio-p/jre/jre/lib/amd64/libverify.so
7fed5927b000-7fed5947a000 ---p 00010000 08:07 1201520                    /home/chivu/Downloads/android-studio-p/jre/jre/lib/amd64/libverify.so
7fed5947a000-7fed5947c000 r--p 0000f000 08:07 1201520                    /home/chivu/Downloads/android-studio-p/jre/jre/lib/amd64/libverify.so
7fed5947c000-7fed5947d000 rw-p 00011000 08:07 1201520                    /home/chivu/Downloads/android-studio-p/jre/jre/lib/amd64/libverify.so
7fed5947d000-7fed59484000 r-xp 00000000 08:07 541947                     /lib/x86_64-linux-gnu/librt-2.23.so
7fed59484000-7fed59683000 ---p 00007000 08:07 541947                     /lib/x86_64-linux-gnu/librt-2.23.so
7fed59683000-7fed59684000 r--p 00006000 08:07 541947                     /lib/x86_64-linux-gnu/librt-2.23.so
7fed59684000-7fed59685000 rw-p 00007000 08:07 541947                     /lib/x86_64-linux-gnu/librt-2.23.so
7fed59685000-7fed5978d000 r-xp 00000000 08:07 541938                     /lib/x86_64-linux-gnu/libm-2.23.so
7fed5978d000-7fed5998c000 ---p 00108000 08:07 541938                     /lib/x86_64-linux-gnu/libm-2.23.so
7fed5998c000-7fed5998d000 r--p 00107000 08:07 541938                     /lib/x86_64-linux-gnu/libm-2.23.so
7fed5998d000-7fed5998e000 rw-p 00108000 08:07 541938                     /lib/x86_64-linux-gnu/libm-2.23.so
7fed5998e000-7fed5a57f000 r-xp 00000000 08:07 1201528                    /home/chivu/Downloads/android-studio-p/jre/jre/lib/amd64/server/libjvm.so
7fed5a57f000-7fed5a77f000 ---p 00bf1000 08:07 1201528                    /home/chivu/Downloads/android-studio-p/jre/jre/lib/amd64/server/libjvm.so
7fed5a77f000-7fed5a81e000 r--p 00bf1000 08:07 1201528                    /home/chivu/Downloads/android-studio-p/jre/jre/lib/amd64/server/libjvm.so
7fed5a81e000-7fed5a847000 rw-p 00c90000 08:07 1201528                    /home/chivu/Downloads/android-studio-p/jre/jre/lib/amd64/server/libjvm.so
7fed5a847000-7fed5a88b000 rw-p 00000000 00:00 0 
7fed5a88b000-7fed5a8a3000 r-xp 00000000 08:07 541951                     /lib/x86_64-linux-gnu/libpthread-2.23.so
7fed5a8a3000-7fed5aaa2000 ---p 00018000 08:07 541951                     /lib/x86_64-linux-gnu/libpthread-2.23.so
7fed5aaa2000-7fed5aaa3000 r--p 00017000 08:07 541951                     /lib/x86_64-linux-gnu/libpthread-2.23.so
7fed5aaa3000-7fed5aaa4000 rw-p 00018000 08:07 541951                     /lib/x86_64-linux-gnu/libpthread-2.23.so
7fed5aaa4000-7fed5aaa8000 rw-p 00000000 00:00 0 
7fed5aaa8000-7fed5aaab000 r-xp 00000000 08:07 541936                     /lib/x86_64-linux-gnu/libdl-2.23.so
7fed5aaab000-7fed5acaa000 ---p 00003000 08:07 541936                     /lib/x86_64-linux-gnu/libdl-2.23.so
7fed5acaa000-7fed5acab000 r--p 00002000 08:07 541936                     /lib/x86_64-linux-gnu/libdl-2.23.so
7fed5acab000-7fed5acac000 rw-p 00003000 08:07 541936                     /lib/x86_64-linux-gnu/libdl-2.23.so
7fed5acac000-7fed5ae6b000 r-xp 00000000 08:07 541940                     /lib/x86_64-linux-gnu/libc-2.23.so
7fed5ae6b000-7fed5b06b000 ---p 001bf000 08:07 541940                     /lib/x86_64-linux-gnu/libc-2.23.so
7fed5b06b000-7fed5b06f000 r--p 001bf000 08:07 541940                     /lib/x86_64-linux-gnu/libc-2.23.so
7fed5b06f000-7fed5b071000 rw-p 001c3000 08:07 541940                     /lib/x86_64-linux-gnu/libc-2.23.so
7fed5b071000-7fed5b075000 rw-p 00000000 00:00 0 
7fed5b075000-7fed5b08b000 r-xp 00000000 08:07 1201477                    /home/chivu/Downloads/android-studio-p/jre/lib/amd64/jli/libjli.so
7fed5b08b000-7fed5b28a000 ---p 00016000 08:07 1201477                    /home/chivu/Downloads/android-studio-p/jre/lib/amd64/jli/libjli.so
7fed5b28a000-7fed5b28b000 r--p 00015000 08:07 1201477                    /home/chivu/Downloads/android-studio-p/jre/lib/amd64/jli/libjli.so
7fed5b28b000-7fed5b28c000 rw-p 00016000 08:07 1201477                    /home/chivu/Downloads/android-studio-p/jre/lib/amd64/jli/libjli.so
7fed5b28c000-7fed5b2b2000 r-xp 00000000 08:07 541941                     /lib/x86_64-linux-gnu/ld-2.23.so
7fed5b2b2000-7fed5b2b3000 r--s 00000000 08:07 1189037                    /home/chivu/.gradle/wrapper/dists/gradle-3.3-all/55gk2rcmfc6p2dg9u9ohc3hw9/gradle-3.3/lib/javax.inject-1.jar
7fed5b2b3000-7fed5b2b4000 r--s 00000000 08:07 1189036                    /home/chivu/.gradle/wrapper/dists/gradle-3.3-all/55gk2rcmfc6p2dg9u9ohc3hw9/gradle-3.3/lib/jcip-annotations-1.0.jar
7fed5b2b4000-7fed5b2b8000 r--s 00027000 08:07 1189035                    /home/chivu/.gradle/wrapper/dists/gradle-3.3-all/55gk2rcmfc6p2dg9u9ohc3hw9/gradle-3.3/lib/commons-io-2.2.jar
7fed5b2b8000-7fed5b2bd000 r--s 00038000 08:07 1189032                    /home/chivu/.gradle/wrapper/dists/gradle-3.3-all/55gk2rcmfc6p2dg9u9ohc3hw9/gradle-3.3/lib/asm-all-5.1.jar
7fed5b2bd000-7fed5b2be000 r--s 00001000 08:07 1189028                    /home/chivu/.gradle/wrapper/dists/gradle-3.3-all/55gk2rcmfc6p2dg9u9ohc3hw9/gradle-3.3/lib/gradle-process-services-3.3.jar
7fed5b2be000-7fed5b2c3000 r--s 00041000 08:07 1189027                    /home/chivu/.gradle/wrapper/dists/gradle-3.3-all/55gk2rcmfc6p2dg9u9ohc3hw9/gradle-3.3/lib/commons-lang-2.6.jar
7fed5b2c3000-7fed5b2cc000 r--s 00042000 08:07 1189017                    /home/chivu/.gradle/wrapper/dists/gradle-3.3-all/55gk2rcmfc6p2dg9u9ohc3hw9/gradle-3.3/lib/gradle-base-services-3.3.jar
7fed5b2cc000-7fed5b38e000 rw-p 00000000 00:00 0 
7fed5b38e000-7fed5b391000 ---p 00000000 00:00 0 
7fed5b391000-7fed5b493000 rw-p 00000000 00:00 0 
7fed5b493000-7fed5b495000 r--s 00000000 08:07 1189018                    /home/chivu/.gradle/wrapper/dists/gradle-3.3-all/55gk2rcmfc6p2dg9u9ohc3hw9/gradle-3.3/lib/gradle-jvm-services-3.3.jar
7fed5b495000-7fed5b496000 r--s 00000000 08:07 1189183                    /home/chivu/.gradle/wrapper/dists/gradle-3.3-all/55gk2rcmfc6p2dg9u9ohc3hw9/gradle-3.3/lib/gradle-version-info-3.3.jar
7fed5b496000-7fed5b497000 r--s 00007000 08:07 1189025                    /home/chivu/.gradle/wrapper/dists/gradle-3.3-all/55gk2rcmfc6p2dg9u9ohc3hw9/gradle-3.3/lib/slf4j-api-1.7.10.jar
7fed5b497000-7fed5b498000 r--s 00004000 08:07 1189050                    /home/chivu/.gradle/wrapper/dists/gradle-3.3-all/55gk2rcmfc6p2dg9u9ohc3hw9/gradle-3.3/lib/ant-launcher-1.9.6.jar
7fed5b498000-7fed5b4a5000 r--s 0005c000 08:07 1189014                    /home/chivu/.gradle/wrapper/dists/gradle-3.3-all/55gk2rcmfc6p2dg9u9ohc3hw9/gradle-3.3/lib/gradle-launcher-3.3.jar
7fed5b4a5000-7fed5b4ad000 rw-s 00000000 08:07 262185                     /tmp/hsperfdata_chivu/3284
7fed5b4ad000-7fed5b4ae000 rw-p 00000000 00:00 0 
7fed5b4ae000-7fed5b4af000 ---p 00000000 00:00 0 
7fed5b4af000-7fed5b4b1000 rw-p 00000000 00:00 0 
7fed5b4b1000-7fed5b4b2000 r--p 00025000 08:07 541941                     /lib/x86_64-linux-gnu/ld-2.23.so
7fed5b4b2000-7fed5b4b3000 rw-p 00026000 08:07 541941                     /lib/x86_64-linux-gnu/ld-2.23.so
7fed5b4b3000-7fed5b4b4000 rw-p 00000000 00:00 0 
7ffdd0b18000-7ffdd0b39000 rw-p 00000000 00:00 0                          [stack]
7ffdd0b66000-7ffdd0b68000 r--p 00000000 00:00 0                          [vvar]
7ffdd0b68000-7ffdd0b6a000 r-xp 00000000 00:00 0                          [vdso]
ffffffffff600000-ffffffffff601000 r-xp 00000000 00:00 0                  [vsyscall]

VM Arguments:
jvm_args: -Xmx1536m -Dfile.encoding=UTF-8 -Duser.country=IN -Duser.language=en -Duser.variant 
java_command: org.gradle.launcher.daemon.bootstrap.GradleDaemon 3.3
java_class_path (initial): /home/chivu/.gradle/wrapper/dists/gradle-3.3-all/55gk2rcmfc6p2dg9u9ohc3hw9/gradle-3.3/lib/gradle-launcher-3.3.jar
Launcher Type: SUN_STANDARD

Environment Variables:
JAVA_HOME=/usr/lib/jvm/java-8-oracle
PATH=/home/chivu/bin:/home/chivu/.local/bin:/usr/local/sbin:/usr/local/bin:/usr/sbin:/usr/bin:/sbin:/bin:/usr/games:/usr/local/games:/snap/bin:/usr/lib/jvm/java-8-oracle/bin:/usr/lib/jvm/java-8-oracle/db/bin:/usr/lib/jvm/java-8-oracle/jre/bin
LD_LIBRARY_PATH=/home/chivu/Downloads/android-studio-p/bin:
SHELL=/bin/bash
DISPLAY=:0

Signal Handlers:
SIGSEGV: [libjvm.so+0x9e5150], sa_mask[0]=11111111011111111101111111111110, sa_flags=SA_RESTART|SA_SIGINFO
SIGBUS: [libjvm.so+0x9e5150], sa_mask[0]=11111111011111111101111111111110, sa_flags=SA_RESTART|SA_SIGINFO
SIGFPE: [libjvm.so+0x848450], sa_mask[0]=11111111011111111101111111111110, sa_flags=SA_RESTART|SA_SIGINFO
SIGPIPE: [libjvm.so+0x848450], sa_mask[0]=11111111011111111101111111111110, sa_flags=SA_RESTART|SA_SIGINFO
SIGXFSZ: [libjvm.so+0x848450], sa_mask[0]=11111111011111111101111111111110, sa_flags=SA_RESTART|SA_SIGINFO
SIGILL: [libjvm.so+0x848450], sa_mask[0]=11111111011111111101111111111110, sa_flags=SA_RESTART|SA_SIGINFO
SIGUSR1: SIG_DFL, sa_mask[0]=00000000000000000000000000000000, sa_flags=none
SIGUSR2: [libjvm.so+0x848320], sa_mask[0]=00100000000000000000000000000000, sa_flags=SA_RESTART|SA_SIGINFO
SIGHUP: [libjvm.so+0x848510], sa_mask[0]=11111111011111111101111111111110, sa_flags=SA_RESTART|SA_SIGINFO
SIGINT: [libjvm.so+0x848510], sa_mask[0]=11111111011111111101111111111110, sa_flags=SA_RESTART|SA_SIGINFO
SIGTERM: [libjvm.so+0x848510], sa_mask[0]=11111111011111111101111111111110, sa_flags=SA_RESTART|SA_SIGINFO
SIGQUIT: [libjvm.so+0x848510], sa_mask[0]=11111111011111111101111111111110, sa_flags=SA_RESTART|SA_SIGINFO


---------------  S Y S T E M  ---------------

OS:DISTRIB_ID=Ubuntu
DISTRIB_RELEASE=16.04
DISTRIB_CODENAME=xenial
DISTRIB_DESCRIPTION="Ubuntu 16.04.2 LTS"

uname:Linux 4.4.0-79-generic #100-Ubuntu SMP Wed May 17 19:58:14 UTC 2017 x86_64
libc:glibc 2.23 NPTL 2.23 
rlimit: STACK 8192k, CORE 0k, NPROC 15361, NOFILE 65536, AS infinity
load average:4.84 4.01 2.47

/proc/meminfo:
MemTotal:        3972820 kB
MemFree:          150916 kB
MemAvailable:      99364 kB
Buffers:            7644 kB
Cached:           252684 kB
SwapCached:          124 kB
Active:          2568856 kB
Inactive:        1085680 kB
Active(anon):    2518708 kB
Inactive(anon):  1043736 kB
Active(file):      50148 kB
Inactive(file):    41944 kB
Unevictable:         136 kB
Mlocked:             136 kB
SwapTotal:          1020 kB
SwapFree:              0 kB
Dirty:              2004 kB
Writeback:             0 kB
AnonPages:       3394520 kB
Mapped:            98168 kB
Shmem:            168040 kB
Slab:              83048 kB
SReclaimable:      49808 kB
SUnreclaim:        33240 kB
KernelStack:        9184 kB
PageTables:        33628 kB
NFS_Unstable:          0 kB
Bounce:                0 kB
WritebackTmp:          0 kB
CommitLimit:     1987428 kB
Committed_AS:    7232044 kB
VmallocTotal:   34359738367 kB
VmallocUsed:           0 kB
VmallocChunk:          0 kB
HardwareCorrupted:     0 kB
AnonHugePages:   1003520 kB
CmaTotal:              0 kB
CmaFree:               0 kB
HugePages_Total:       0
HugePages_Free:        0
HugePages_Rsvd:        0
HugePages_Surp:        0
Hugepagesize:       2048 kB
DirectMap4k:      135936 kB
DirectMap2M:     2936832 kB
DirectMap1G:     2097152 kB


CPU:total 4 (2 cores per cpu, 2 threads per core) family 6 model 69 stepping 1, cmov, cx8, fxsr, mmx, sse, sse2, sse3, ssse3, sse4.1, sse4.2, popcnt, avx, avx2, aes, clmul, erms, lzcnt, ht, tsc, tscinvbit, bmi1, bmi2

/proc/cpuinfo:
processor	: 0
vendor_id	: GenuineIntel
cpu family	: 6
model		: 69
model name	: Intel(R) Core(TM) i3-4030U CPU @ 1.90GHz
stepping	: 1
microcode	: 0x1d
cpu MHz		: 1799.953
cache size	: 3072 KB
physical id	: 0
siblings	: 4
core id		: 0
cpu cores	: 2
apicid		: 0
initial apicid	: 0
fpu		: yes
fpu_exception	: yes
cpuid level	: 13
wp		: yes
flags		: fpu vme de pse tsc msr pae mce cx8 apic sep mtrr pge mca cmov pat pse36 clflush dts acpi mmx fxsr sse sse2 ss ht tm pbe syscall nx pdpe1gb rdtscp lm constant_tsc arch_perfmon pebs bts rep_good nopl xtopology nonstop_tsc aperfmperf eagerfpu pni pclmulqdq dtes64 monitor ds_cpl vmx est tm2 ssse3 sdbg fma cx16 xtpr pdcm pcid sse4_1 sse4_2 x2apic movbe popcnt tsc_deadline_timer aes xsave avx f16c rdrand lahf_lm abm epb tpr_shadow vnmi flexpriority ept vpid fsgsbase tsc_adjust bmi1 avx2 smep bmi2 erms invpcid xsaveopt dtherm arat pln pts
bugs		:
bogomips	: 3791.10
clflush size	: 64
cache_alignment	: 64
address sizes	: 39 bits physical, 48 bits virtual
power management:

processor	: 1
vendor_id	: GenuineIntel
cpu family	: 6
model		: 69
model name	: Intel(R) Core(TM) i3-4030U CPU @ 1.90GHz
stepping	: 1
microcode	: 0x1d
cpu MHz		: 1799.953
cache size	: 3072 KB
physical id	: 0
siblings	: 4
core id		: 0
cpu cores	: 2
apicid		: 1
initial apicid	: 1
fpu		: yes
fpu_exception	: yes
cpuid level	: 13
wp		: yes
flags		: fpu vme de pse tsc msr pae mce cx8 apic sep mtrr pge mca cmov pat pse36 clflush dts acpi mmx fxsr sse sse2 ss ht tm pbe syscall nx pdpe1gb rdtscp lm constant_tsc arch_perfmon pebs bts rep_good nopl xtopology nonstop_tsc aperfmperf eagerfpu pni pclmulqdq dtes64 monitor ds_cpl vmx est tm2 ssse3 sdbg fma cx16 xtpr pdcm pcid sse4_1 sse4_2 x2apic movbe popcnt tsc_deadline_timer aes xsave avx f16c rdrand lahf_lm abm epb tpr_shadow vnmi flexpriority ept vpid fsgsbase tsc_adjust bmi1 avx2 smep bmi2 erms invpcid xsaveopt dtherm arat pln pts
bugs		:
bogomips	: 3791.10
clflush size	: 64
cache_alignment	: 64
address sizes	: 39 bits physical, 48 bits virtual
power management:

processor	: 2
vendor_id	: GenuineIntel
cpu family	: 6
model		: 69
model name	: Intel(R) Core(TM) i3-4030U CPU @ 1.90GHz
stepping	: 1
microcode	: 0x1d
cpu MHz		: 1799.953
cache size	: 3072 KB
physical id	: 0
siblings	: 4
core id		: 1
cpu cores	: 2
apicid		: 2
initial apicid	: 2
fpu		: yes
fpu_exception	: yes
cpuid level	: 13
wp		: yes
flags		: fpu vme de pse tsc msr pae mce cx8 apic sep mtrr pge mca cmov pat pse36 clflush dts acpi mmx fxsr sse sse2 ss ht tm pbe syscall nx pdpe1gb rdtscp lm constant_tsc arch_perfmon pebs bts rep_good nopl xtopology nonstop_tsc aperfmperf eagerfpu pni pclmulqdq dtes64 monitor ds_cpl vmx est tm2 ssse3 sdbg fma cx16 xtpr pdcm pcid sse4_1 sse4_2 x2apic movbe popcnt tsc_deadline_timer aes xsave avx f16c rdrand lahf_lm abm epb tpr_shadow vnmi flexpriority ept vpid fsgsbase tsc_adjust bmi1 avx2 smep bmi2 erms invpcid xsaveopt dtherm arat pln pts
bugs		:
bogomips	: 3791.10
clflush size	: 64
cache_alignment	: 64
address sizes	: 39 bits physical, 48 bits virtual
power management:

processor	: 3
vendor_id	: GenuineIntel
cpu family	: 6
model		: 69
model name	: Intel(R) Core(TM) i3-4030U CPU @ 1.90GHz
stepping	: 1
microcode	: 0x1d
cpu MHz		: 1799.953
cache size	: 3072 KB
physical id	: 0
siblings	: 4
core id		: 1
cpu cores	: 2
apicid		: 3
initial apicid	: 3
fpu		: yes
fpu_exception	: yes
cpuid level	: 13
wp		: yes
flags		: fpu vme de pse tsc msr pae mce cx8 apic sep mtrr pge mca cmov pat pse36 clflush dts acpi mmx fxsr sse sse2 ss ht tm pbe syscall nx pdpe1gb rdtscp lm constant_tsc arch_perfmon pebs bts rep_good nopl xtopology nonstop_tsc aperfmperf eagerfpu pni pclmulqdq dtes64 monitor ds_cpl vmx est tm2 ssse3 sdbg fma cx16 xtpr pdcm pcid sse4_1 sse4_2 x2apic movbe popcnt tsc_deadline_timer aes xsave avx f16c rdrand lahf_lm abm epb tpr_shadow vnmi flexpriority ept vpid fsgsbase tsc_adjust bmi1 avx2 smep bmi2 erms invpcid xsaveopt dtherm arat pln pts
bugs		:
bogomips	: 3791.10
clflush size	: 64
cache_alignment	: 64
address sizes	: 39 bits physical, 48 bits virtual
power management:



Memory: 4k page, physical 3972820k(150916k free), swap 1020k(0k free)

vm_info: OpenJDK 64-Bit Server VM (25.112-b06) for linux-amd64 JRE (1.8.0_112-release-b06), built on Dec  6 2016 12:11:18 by "builder" with gcc 4.8.4

time: Sun Jul 16 12:50:25 2017
elapsed time: 187 seconds (0d 0h 3m 7s)

